2019-09-07 22:20:41 GS-1 -----------------------------------------------------
---[Monster]: Max RunDelay: 0; Max RunCount 0
---[Human]: Max RunDelay: 0; [Socket]: Max RunDelay: 0
---[App]: Min PerSecRun: 100; Max RunDelay 0
-----------------------------------------------------
2019-09-07 22:20:41 GS-1 ================ 服务启动 ==============
2019-09-07 22:20:41 GS-1 TPlayerBody Size - 1616
2019-09-07 22:20:41 GS-1 TPlayerDB Size - 61608
2019-09-07 22:20:41 GS-1 ======== 连接MySQL成功 =======
2019-09-07 22:20:41 GS-1 *** ***Gamelog 的下次清理时间为 : 09月14日03时*** ***
2019-09-07 22:20:41 GS-1 ==加载GM指令定义完成==
2019-09-07 22:20:41 GS-1 与 DB 服务器连接成功
2019-09-07 22:20:41 GS-1 [Error]: 火龙珠奖励配置错误！
2019-09-07 22:20:41 GS-1 [Error]: 抽取概率错误:赤金天赐->宝箱1:概率7
2019-09-07 22:20:41 GS-1 [Error]: 抽取概率错误:白银天赐->宝箱1:概率7
2019-09-07 22:20:41 GS-1 [Error]: 抽取概率错误:紫铜天赐->宝箱1:概率7
2019-09-07 22:20:41 GS-1 [Error]: 抽取概率错误:神秘天赐->宝箱1:概率7
2019-09-07 22:20:41 GS-1 [Error]: 抽取概率错误:檀木天赐->宝箱1:概率7
2019-09-07 22:20:41 GS-1 [Error]: 抽取概率错误:宝藏天赐 ->宝箱1:概率7
2019-09-07 22:20:41 GS-1 [Error]: StdItems 不存在的天赐：新年天赐
2019-09-07 22:20:41 GS-1 [Error]: StdItems 不存在的钥匙：新年钥匙
2019-09-07 22:20:41 GS-1 [Error]: StdItems 不存在的钥匙：春节钥匙
2019-09-07 22:20:41 GS-1 [Error]: StdItems 不存在的钥匙：节日钥匙
2019-09-07 22:20:41 GS-1 [Error]: StdItems 不存在的天赐：感恩天赐
2019-09-07 22:20:41 GS-1 [Error]: StdItems 不存在的钥匙：感恩钥匙
2019-09-07 22:20:41 GS-1 系统参数初始化完毕
2019-09-07 22:20:41 GS-1 准备加载NPC，共529个
2019-09-07 22:20:41 GS-1 已加载d:\Mud2.0\Mir200\Share\EngineConfig\系统信息管理\RollMsg.txt！
2019-09-07 22:20:41 GS-1 已加载d:\Mud2.0\Mir200\Share\EngineConfig\系统信息管理\掉落物品提示.txt！
2019-09-07 22:20:41 GS-1 已加载d:\Mud2.0\Mir200\Share\EngineConfig\卧龙英雄管理\Fortress.txt！
2019-09-07 22:20:41 GS-1 已加载d:\Mud2.0\Mir200\Share\EngineConfig\游戏元素点阵管理\GMActEvent.txt！
2019-09-07 22:20:41 GS-1    加载邮件信息成功,加载13个玩家的邮件。
2019-09-07 22:20:41 GS-1    加载邮件信息成功,加载59个玩家的邮件。
2019-09-07 22:20:41 GS-1 已加载d:\Mud2.0\Mir200\Share\EngineConfig\摆摊交易\摊位基础设置.ini！
2019-09-07 22:20:41 GS-1 刷新摊位过期将在2:55执行！
2019-09-07 22:20:41 GS-1   加载Stall成功，共加载摊位2个
2019-09-07 22:20:41 GS-1 [Information]: 寄售表创建成功!
2019-09-07 22:20:41 GS-1 [Information]: 寄售历史表创建成功!
2019-09-07 22:20:41 GS-1 [Information]: 更新超时订单成功!
2019-09-07 22:20:41 GS-1 已加载刷新商城时间：00:00:00.
2019-09-07 22:20:41 GS-1 已加载刷新商城时间：06:00:00.
2019-09-07 22:20:41 GS-1 已加载刷新商城时间：12:00:00.
2019-09-07 22:20:41 GS-1 载入商城物品列表，共5个类别，41种商品
2019-09-07 22:20:41 GS-1 ==> 加载商城物品 装饰类：11/11
2019-09-07 22:20:41 GS-1 ==> 加载商城物品 补给类：5/5
2019-09-07 22:20:41 GS-1 ==> 加载商城物品 强化类：15/15
2019-09-07 22:20:41 GS-1 ==> 加载商城物品 限量类：8/8
2019-09-07 22:20:41 GS-1 ==> 加载商城物品 好友类：2/2
2019-09-07 22:20:41 GS-1 ==> 加载商城物品 类：0/0
2019-09-07 22:20:41 GS-1 ==> 加载商城物品 类：0/0
2019-09-07 22:20:41 GS-1 ==> 加载商城物品 类：0/0
2019-09-07 22:20:41 GS-1    [删除错误数据] 删除用户表中不存在的战队成员
2019-09-07 22:20:41 GS-1    [删除错误数据] 清除战队队长不存在的项
2019-09-07 22:20:41 GS-1    [删除错误数据] 不存在战队的成员
2019-09-07 22:20:41 GS-1    正在加载战队...
2019-09-07 22:20:41 GS-1    战队表数量 : 3
2019-09-07 22:20:41 GS-1    战队表数量 : 0
2019-09-07 22:20:41 GS-1    加载战队数量:3
2019-09-07 22:20:41 GS-1    正在加载战队成员...
2019-09-07 22:20:41 GS-1    战队成员总数:26 加载成员数:26
2019-09-07 22:20:41 GS-1    正在检测战队数据有效性...
2019-09-07 22:20:41 GS-1    战队数据有效性检测完毕
2019-09-07 22:20:41 GS-1    [删除错误数据] 清除会长战队不存在行会
2019-09-07 22:20:41 GS-1    [删除错误数据] 清除行会不存在的行会成员
2019-09-07 22:20:41 GS-1    [删除错误数据] 清除行会不存在的行会关系ID排列错误的项
2019-09-07 22:20:41 GS-1    [删除错误数据] 清除行会不存在行会关系
2019-09-07 22:20:41 GS-1    [删除错误数据] 清除行会不存在关注行会
2019-09-07 22:20:41 GS-1    加载行会数量 : 3
2019-09-07 22:20:41 GS-1    加载行会成员(战队)数量 : 3
2019-09-07 22:20:41 GS-1    加载行会关系数量 : 0
2019-09-07 22:20:41 GS-1    加载关注行会数量 : 0
2019-09-07 22:20:41 GS-1    加载请求数量:1
2019-09-07 22:20:41 GS-1 [Error]: 小助手 不存在！
2019-09-07 22:20:41 GS-1 D411地图配置在MapInfo.txt 中不是LIMITBAGITEMDROP属性
2019-09-07 22:20:41 GS-1 D415地图配置在MapInfo.txt 中不是LIMITBAGITEMDROP属性
2019-09-07 22:20:41 GS-1 D416地图配置在MapInfo.txt 中不是LIMITBAGITEMDROP属性
2019-09-07 22:20:41 GS-1 信用分验证功能：开
2019-09-07 22:20:41 GS-1 GS脚本版本号：10001
2019-09-07 22:20:41 GS-1 更新排行榜，共计：50 页
2019-09-07 22:21:09 GS-1 载入商城热销商品列表，共36个。
2019-09-07 22:21:09 GS-1 ==> 加载商城热销榜:5
2019-09-07 22:21:11 GS-1 Gate 1 开启
2019-09-07 22:25:42 GS-1 -----------------------------------------------------
---[Monster]: Max RunDelay: 266; Max RunCount 3232
---[Human]: Max RunDelay: 79; [Socket]: Max RunDelay: 16
---[App]: Min PerSecRun: 72; Max RunDelay 0
-----------------------------------------------------
2019-09-07 22:30:43 GS-1 -----------------------------------------------------
---[Monster]: Max RunDelay: 391; Max RunCount 3140
---[Human]: Max RunDelay: 141; [Socket]: Max RunDelay: 16
---[App]: Min PerSecRun: 60; Max RunDelay 0
-----------------------------------------------------
2019-09-07 22:31:08 GS-1 09-07 22:31:08 User = 15 / 15
2019-09-07 22:35:44 GS-1 -----------------------------------------------------
---[Monster]: Max RunDelay: 516; Max RunCount 3182
---[Human]: Max RunDelay: 47; [Socket]: Max RunDelay: 15
---[App]: Min PerSecRun: 54; Max RunDelay 0
-----------------------------------------------------
2019-09-07 22:40:45 GS-1 -----------------------------------------------------
---[Monster]: Max RunDelay: 765; Max RunCount 3317
---[Human]: Max RunDelay: 562; [Socket]: Max RunDelay: 62
---[App]: Min PerSecRun: 27; Max RunDelay 47
-----------------------------------------------------
2019-09-07 22:41:09 GS-1 09-07 22:41:09 User = 18 / 18
2019-09-07 22:41:54 GS-1   玩家： 浪里小白龙，邮件Idx:  1040，功加载了 3附件。
2019-09-07 22:45:46 GS-1 -----------------------------------------------------
---[Monster]: Max RunDelay: 438; Max RunCount 3281
---[Human]: Max RunDelay: 375; [Socket]: Max RunDelay: 16
---[App]: Min PerSecRun: 51; Max RunDelay 0
-----------------------------------------------------
2019-09-07 22:50:47 GS-1 -----------------------------------------------------
---[Monster]: Max RunDelay: 313; Max RunCount 3167
---[Human]: Max RunDelay: 47; [Socket]: Max RunDelay: 15
---[App]: Min PerSecRun: 70; Max RunDelay 0
-----------------------------------------------------
2019-09-07 22:51:09 GS-1 09-07 22:51:09 User = 26 / 26
2019-09-07 22:55:48 GS-1 -----------------------------------------------------
---[Monster]: Max RunDelay: 234; Max RunCount 3156
---[Human]: Max RunDelay: 47; [Socket]: Max RunDelay: 16
---[App]: Min PerSecRun: 73; Max RunDelay 16
-----------------------------------------------------
2019-09-07 23:00:49 GS-1 -----------------------------------------------------
---[Monster]: Max RunDelay: 563; Max RunCount 3217
---[Human]: Max RunDelay: 63; [Socket]: Max RunDelay: 16
---[App]: Min PerSecRun: 45; Max RunDelay 16
-----------------------------------------------------
2019-09-07 23:01:09 GS-1 09-07 23:01:09 User = 25 / 25
2019-09-07 23:05:49 GS-1 -----------------------------------------------------
---[Monster]: Max RunDelay: 297; Max RunCount 3231
---[Human]: Max RunDelay: 110; [Socket]: Max RunDelay: 16
---[App]: Min PerSecRun: 62; Max RunDelay 0
-----------------------------------------------------
2019-09-07 23:10:50 GS-1 -----------------------------------------------------
---[Monster]: Max RunDelay: 719; Max RunCount 3248
---[Human]: Max RunDelay: 234; [Socket]: Max RunDelay: 16
---[App]: Min PerSecRun: 39; Max RunDelay 0
-----------------------------------------------------
2019-09-07 23:11:09 GS-1 09-07 23:11:09 User = 24 / 24
2019-09-07 23:15:51 GS-1 -----------------------------------------------------
---[Monster]: Max RunDelay: 766; Max RunCount 3267
---[Human]: Max RunDelay: 406; [Socket]: Max RunDelay: 16
---[App]: Min PerSecRun: 36; Max RunDelay 0
-----------------------------------------------------
2019-09-07 23:20:51 GS-1 -----------------------------------------------------
---[Monster]: Max RunDelay: 1265; Max RunCount 3280
---[Human]: Max RunDelay: 63; [Socket]: Max RunDelay: 47
---[App]: Min PerSecRun: 9; Max RunDelay 0
-----------------------------------------------------
2019-09-07 23:21:10 GS-1 载入商城热销商品列表，共36个。
2019-09-07 23:21:10 GS-1 ==> 加载商城热销榜:5
2019-09-07 23:21:10 GS-1 09-07 23:21:10 User = 24 / 24
2019-09-07 23:25:52 GS-1 -----------------------------------------------------
---[Monster]: Max RunDelay: 1000; Max RunCount 3310
---[Human]: Max RunDelay: 172; [Socket]: Max RunDelay: 47
---[App]: Min PerSecRun: 63; Max RunDelay 47
-----------------------------------------------------
2019-09-07 23:28:32 GS-1 --ReInitializet-- 因为点击NPC失败，重新刷新NPC...
2019-09-07 23:28:35 GS-1 --ReInitializet-- 因为点击NPC失败，重新刷新NPC...
2019-09-07 23:30:53 GS-1 -----------------------------------------------------
---[Monster]: Max RunDelay: 1281; Max RunCount 3313
---[Human]: Max RunDelay: 406; [Socket]: Max RunDelay: 15
---[App]: Min PerSecRun: 5; Max RunDelay 0
-----------------------------------------------------
2019-09-07 23:31:10 GS-1 09-07 23:31:10 User = 24 / 24
2019-09-07 23:35:54 GS-1 -----------------------------------------------------
---[Monster]: Max RunDelay: 297; Max RunCount 3280
---[Human]: Max RunDelay: 93; [Socket]: Max RunDelay: 47
---[App]: Min PerSecRun: 68; Max RunDelay 47
-----------------------------------------------------
2019-09-07 23:40:55 GS-1 -----------------------------------------------------
---[Monster]: Max RunDelay: 609; Max RunCount 3367
---[Human]: Max RunDelay: 485; [Socket]: Max RunDelay: 16
---[App]: Min PerSecRun: 59; Max RunDelay 63
-----------------------------------------------------
2019-09-07 23:41:10 GS-1 09-07 23:41:10 User = 23 / 23
2019-09-07 23:41:44 GS-1   玩家： 昌成荫，邮件Idx:  1041，功加载了 1附件。
2019-09-07 23:45:56 GS-1 -----------------------------------------------------
---[Monster]: Max RunDelay: 407; Max RunCount 3392
---[Human]: Max RunDelay: 62; [Socket]: Max RunDelay: 31
---[App]: Min PerSecRun: 65; Max RunDelay 0
-----------------------------------------------------
2019-09-07 23:50:57 GS-1 -----------------------------------------------------
---[Monster]: Max RunDelay: 1672; Max RunCount 3383
---[Human]: Max RunDelay: 203; [Socket]: Max RunDelay: 16
---[App]: Min PerSecRun: 42; Max RunDelay 16
-----------------------------------------------------
2019-09-07 23:51:11 GS-1 09-07 23:51:11 User = 22 / 22
2019-09-07 23:52:23 GS-1   玩家： 易妙思，邮件Idx:  1042，功加载了 1附件。
2019-09-07 23:52:23 GS-1   玩家： 易妙思，邮件Idx:  1043，功加载了 1附件。
2019-09-07 23:55:58 GS-1 -----------------------------------------------------
---[Monster]: Max RunDelay: 406; Max RunCount 3369
---[Human]: Max RunDelay: 47; [Socket]: Max RunDelay: 16
---[App]: Min PerSecRun: 53; Max RunDelay 0
-----------------------------------------------------
2019-09-07 23:56:09 GS-1   玩家： 颜箫吟，邮件Idx:  1044，功加载了 1附件。
2019-09-07 23:56:09 GS-1   玩家： 颜箫吟，邮件Idx:  1045，功加载了 1附件。
2019-09-07 23:56:09 GS-1   玩家： 颜箫吟，邮件Idx:  1046，功加载了 1附件。
2019-09-07 23:56:09 GS-1   玩家： 颜箫吟，邮件Idx:  1047，功加载了 1附件。
2019-09-07 23:58:31 GS-1   玩家： 聆听心雨，邮件Idx:  898，功加载了 1附件。
2019-09-07 23:58:31 GS-1   玩家： 聆听心雨，邮件Idx:  920，功加载了 1附件。
2019-09-07 23:59:11 GS-1   玩家： 印玉龙，邮件Idx:  1048，功加载了 1附件。
2019-09-08 00:00:00 GS-1 载入商城物品列表，共5个类别，41种商品
2019-09-08 00:00:00 GS-1 ==> 加载商城物品 装饰类：11/11
2019-09-08 00:00:00 GS-1 ==> 加载商城物品 补给类：5/5
2019-09-08 00:00:00 GS-1 ==> 加载商城物品 强化类：15/15
2019-09-08 00:00:00 GS-1 ==> 加载商城物品 限量类：8/8
2019-09-08 00:00:00 GS-1 ==> 加载商城物品 好友类：2/2
2019-09-08 00:00:00 GS-1 ==> 加载商城物品 类：0/0
2019-09-08 00:00:00 GS-1 ==> 加载商城物品 类：0/0
2019-09-08 00:00:00 GS-1 ==> 加载商城物品 类：0/0
2019-09-08 00:00:59 GS-1 -----------------------------------------------------
---[Monster]: Max RunDelay: 485; Max RunCount 3321
---[Human]: Max RunDelay: 78; [Socket]: Max RunDelay: 46
---[App]: Min PerSecRun: 51; Max RunDelay 0
-----------------------------------------------------
2019-09-08 00:01:12 GS-1 09-08 00:01:12 User = 23 / 23
2019-09-08 00:06:00 GS-1 -----------------------------------------------------
---[Monster]: Max RunDelay: 516; Max RunCount 3414
---[Human]: Max RunDelay: 125; [Socket]: Max RunDelay: 16
---[App]: Min PerSecRun: 38; Max RunDelay 47
-----------------------------------------------------
2019-09-08 00:11:01 GS-1 -----------------------------------------------------
---[Monster]: Max RunDelay: 532; Max RunCount 3410
---[Human]: Max RunDelay: 78; [Socket]: Max RunDelay: 16
---[App]: Min PerSecRun: 50; Max RunDelay 32
-----------------------------------------------------
2019-09-08 00:11:12 GS-1 09-08 00:11:12 User = 23 / 23
2019-09-08 00:16:02 GS-1 -----------------------------------------------------
---[Monster]: Max RunDelay: 453; Max RunCount 3356
---[Human]: Max RunDelay: 125; [Socket]: Max RunDelay: 16
---[App]: Min PerSecRun: 48; Max RunDelay 0
-----------------------------------------------------
2019-09-08 00:21:03 GS-1 -----------------------------------------------------
---[Monster]: Max RunDelay: 219; Max RunCount 3356
---[Human]: Max RunDelay: 78; [Socket]: Max RunDelay: 16
---[App]: Min PerSecRun: 70; Max RunDelay 16
-----------------------------------------------------
2019-09-08 00:21:10 GS-1 载入商城热销商品列表，共36个。
2019-09-08 00:21:10 GS-1 ==> 加载商城热销榜:5
2019-09-08 00:21:12 GS-1 09-08 00:21:12 User = 21 / 21
2019-09-08 00:26:04 GS-1 -----------------------------------------------------
---[Monster]: Max RunDelay: 204; Max RunCount 3384
---[Human]: Max RunDelay: 47; [Socket]: Max RunDelay: 16
---[App]: Min PerSecRun: 73; Max RunDelay 0
-----------------------------------------------------
2019-09-08 00:30:03 GS-1   玩家： 下雨天，邮件Idx:  1051，功加载了 9附件。
2019-09-08 00:31:05 GS-1 -----------------------------------------------------
---[Monster]: Max RunDelay: 359; Max RunCount 3364
---[Human]: Max RunDelay: 63; [Socket]: Max RunDelay: 16
---[App]: Min PerSecRun: 62; Max RunDelay 0
-----------------------------------------------------
2019-09-08 00:31:12 GS-1 09-08 00:31:12 User = 22 / 22
2019-09-08 00:36:05 GS-1 -----------------------------------------------------
---[Monster]: Max RunDelay: 843; Max RunCount 3476
---[Human]: Max RunDelay: 625; [Socket]: Max RunDelay: 16
---[App]: Min PerSecRun: 30; Max RunDelay 0
-----------------------------------------------------
2019-09-08 00:40:07 GS-1   玩家： 嫣然，邮件Idx:  1052，功加载了 1附件。
2019-09-08 00:41:07 GS-1 -----------------------------------------------------
---[Monster]: Max RunDelay: 485; Max RunCount 3465
---[Human]: Max RunDelay: 109; [Socket]: Max RunDelay: 16
---[App]: Min PerSecRun: 64; Max RunDelay 0
-----------------------------------------------------
2019-09-08 00:41:14 GS-1 09-08 00:41:14 User = 20 / 20
2019-09-08 00:46:07 GS-1 -----------------------------------------------------
---[Monster]: Max RunDelay: 406; Max RunCount 3538
---[Human]: Max RunDelay: 94; [Socket]: Max RunDelay: 47
---[App]: Min PerSecRun: 54; Max RunDelay 47
-----------------------------------------------------
2019-09-08 00:51:08 GS-1 -----------------------------------------------------
---[Monster]: Max RunDelay: 985; Max RunCount 3558
---[Human]: Max RunDelay: 203; [Socket]: Max RunDelay: 47
---[App]: Min PerSecRun: 25; Max RunDelay 0
-----------------------------------------------------
2019-09-08 00:51:14 GS-1 09-08 00:51:14 User = 25 / 25
2019-09-08 00:51:45 GS-1 --ReInitializet-- 因为点击NPC失败，重新刷新NPC...
2019-09-08 00:56:09 GS-1 -----------------------------------------------------
---[Monster]: Max RunDelay: 250; Max RunCount 3529
---[Human]: Max RunDelay: 62; [Socket]: Max RunDelay: 15
---[App]: Min PerSecRun: 68; Max RunDelay 0
-----------------------------------------------------
2019-09-08 01:01:10 GS-1 -----------------------------------------------------
---[Monster]: Max RunDelay: 281; Max RunCount 3523
---[Human]: Max RunDelay: 62; [Socket]: Max RunDelay: 16
---[App]: Min PerSecRun: 68; Max RunDelay 0
-----------------------------------------------------
2019-09-08 01:01:14 GS-1 09-08 01:01:14 User = 23 / 23
2019-09-08 01:06:10 GS-1 -----------------------------------------------------
---[Monster]: Max RunDelay: 859; Max RunCount 3556
---[Human]: Max RunDelay: 360; [Socket]: Max RunDelay: 16
---[App]: Min PerSecRun: 29; Max RunDelay 16
-----------------------------------------------------
2019-09-08 01:07:32 GS-1 [Error]: GameGate ServerSocketError, ErrorCode=10061
2019-09-08 01:11:11 GS-1 -----------------------------------------------------
---[Monster]: Max RunDelay: 500; Max RunCount 3601
---[Human]: Max RunDelay: 47; [Socket]: Max RunDelay: 16
---[App]: Min PerSecRun: 44; Max RunDelay 0
-----------------------------------------------------
2019-09-08 01:11:14 GS-1 09-08 01:11:14 User = 22 / 22
2019-09-08 01:16:12 GS-1 -----------------------------------------------------
---[Monster]: Max RunDelay: 422; Max RunCount 3478
---[Human]: Max RunDelay: 63; [Socket]: Max RunDelay: 16
---[App]: Min PerSecRun: 61; Max RunDelay 0
-----------------------------------------------------
2019-09-08 01:21:11 GS-1 载入商城热销商品列表，共36个。
2019-09-08 01:21:11 GS-1 ==> 加载商城热销榜:5
2019-09-08 01:21:13 GS-1 -----------------------------------------------------
---[Monster]: Max RunDelay: 281; Max RunCount 3462
---[Human]: Max RunDelay: 63; [Socket]: Max RunDelay: 15
---[App]: Min PerSecRun: 70; Max RunDelay 15
-----------------------------------------------------
2019-09-08 01:21:14 GS-1 09-08 01:21:14 User = 24 / 24
2019-09-08 01:26:14 GS-1 -----------------------------------------------------
---[Monster]: Max RunDelay: 297; Max RunCount 3505
---[Human]: Max RunDelay: 78; [Socket]: Max RunDelay: 31
---[App]: Min PerSecRun: 72; Max RunDelay 31
-----------------------------------------------------
2019-09-08 01:30:46 GS-1 [脚本(修炼圣地-3.pas)缺函数]: ForgeDiaYB
2019-09-08 01:30:46 GS-1 --ReInitializet-- 因为点击NPC失败，重新刷新NPC...
2019-09-08 01:31:14 GS-1 09-08 01:31:14 User = 24 / 24
2019-09-08 01:31:16 GS-1 -----------------------------------------------------
---[Monster]: Max RunDelay: 313; Max RunCount 3475
---[Human]: Max RunDelay: 47; [Socket]: Max RunDelay: 16
---[App]: Min PerSecRun: 68; Max RunDelay 15
-----------------------------------------------------
2019-09-08 01:36:17 GS-1 -----------------------------------------------------
---[Monster]: Max RunDelay: 234; Max RunCount 3482
---[Human]: Max RunDelay: 47; [Socket]: Max RunDelay: 15
---[App]: Min PerSecRun: 70; Max RunDelay 0
-----------------------------------------------------
2019-09-08 01:40:12 GS-1 [Error]: ==> YBSocketError, ErrorCode=10060
2019-09-08 01:41:15 GS-1 09-08 01:41:15 User = 23 / 23
2019-09-08 01:41:18 GS-1 -----------------------------------------------------
---[Monster]: Max RunDelay: 219; Max RunCount 3335
---[Human]: Max RunDelay: 78; [Socket]: Max RunDelay: 16
---[App]: Min PerSecRun: 70; Max RunDelay 0
-----------------------------------------------------
2019-09-08 01:46:19 GS-1 -----------------------------------------------------
---[Monster]: Max RunDelay: 312; Max RunCount 3454
---[Human]: Max RunDelay: 63; [Socket]: Max RunDelay: 16
---[App]: Min PerSecRun: 69; Max RunDelay 16
-----------------------------------------------------
2019-09-08 01:51:15 GS-1 09-08 01:51:15 User = 22 / 22
2019-09-08 01:51:20 GS-1 -----------------------------------------------------
---[Monster]: Max RunDelay: 297; Max RunCount 3516
---[Human]: Max RunDelay: 47; [Socket]: Max RunDelay: 16
---[App]: Min PerSecRun: 63; Max RunDelay 0
-----------------------------------------------------
2019-09-08 01:56:21 GS-1 -----------------------------------------------------
---[Monster]: Max RunDelay: 265; Max RunCount 3489
---[Human]: Max RunDelay: 63; [Socket]: Max RunDelay: 16
---[App]: Min PerSecRun: 69; Max RunDelay 0
-----------------------------------------------------
2019-09-08 02:01:15 GS-1 09-08 02:01:15 User = 22 / 22
2019-09-08 02:01:22 GS-1 -----------------------------------------------------
---[Monster]: Max RunDelay: 234; Max RunCount 3439
---[Human]: Max RunDelay: 47; [Socket]: Max RunDelay: 15
---[App]: Min PerSecRun: 67; Max RunDelay 0
-----------------------------------------------------
2019-09-08 02:06:23 GS-1 -----------------------------------------------------
---[Monster]: Max RunDelay: 546; Max RunCount 3555
---[Human]: Max RunDelay: 250; [Socket]: Max RunDelay: 16
---[App]: Min PerSecRun: 29; Max RunDelay 0
-----------------------------------------------------
2019-09-08 02:11:15 GS-1 09-08 02:11:15 User = 23 / 23
2019-09-08 02:11:24 GS-1 -----------------------------------------------------
---[Monster]: Max RunDelay: 328; Max RunCount 3679
---[Human]: Max RunDelay: 109; [Socket]: Max RunDelay: 16
---[App]: Min PerSecRun: 68; Max RunDelay 31
-----------------------------------------------------
2019-09-08 02:11:41 GS-1 [脚本(修炼圣地-3.pas)缺函数]: ForgeDiaYB
2019-09-08 02:11:41 GS-1 --ReInitializet-- 因为点击NPC失败，重新刷新NPC...
2019-09-08 02:14:41 GS-1 [Error]: ==> YBSocketError, ErrorCode=10060
2019-09-08 02:16:25 GS-1 -----------------------------------------------------
---[Monster]: Max RunDelay: 578; Max RunCount 3710
---[Human]: Max RunDelay: 125; [Socket]: Max RunDelay: 62
---[App]: Min PerSecRun: 41; Max RunDelay 31
-----------------------------------------------------
2019-09-08 02:21:12 GS-1 载入商城热销商品列表，共36个。
2019-09-08 02:21:12 GS-1 ==> 加载商城热销榜:5
2019-09-08 02:21:15 GS-1 09-08 02:21:15 User = 24 / 24
2019-09-08 02:21:26 GS-1 -----------------------------------------------------
---[Monster]: Max RunDelay: 531; Max RunCount 3516
---[Human]: Max RunDelay: 78; [Socket]: Max RunDelay: 62
---[App]: Min PerSecRun: 45; Max RunDelay 0
-----------------------------------------------------
2019-09-08 02:26:27 GS-1 -----------------------------------------------------
---[Monster]: Max RunDelay: 312; Max RunCount 3402
---[Human]: Max RunDelay: 109; [Socket]: Max RunDelay: 16
---[App]: Min PerSecRun: 69; Max RunDelay 31
-----------------------------------------------------
2019-09-08 02:31:02 GS-1 [脚本(修炼圣地-3.pas)缺函数]: ForgeDiaYB
2019-09-08 02:31:02 GS-1 --ReInitializet-- 因为点击NPC失败，重新刷新NPC...
2019-09-08 02:31:15 GS-1 09-08 02:31:15 User = 24 / 24
2019-09-08 02:31:28 GS-1 -----------------------------------------------------
---[Monster]: Max RunDelay: 344; Max RunCount 3526
---[Human]: Max RunDelay: 79; [Socket]: Max RunDelay: 16
---[App]: Min PerSecRun: 67; Max RunDelay 0
-----------------------------------------------------
2019-09-08 02:36:29 GS-1 -----------------------------------------------------
---[Monster]: Max RunDelay: 390; Max RunCount 3472
---[Human]: Max RunDelay: 63; [Socket]: Max RunDelay: 16
---[App]: Min PerSecRun: 55; Max RunDelay 16
-----------------------------------------------------
2019-09-08 02:40:58 GS-1 [脚本(修炼圣地-3.pas)缺函数]: ForgeDiaYB
2019-09-08 02:40:58 GS-1 --ReInitializet-- 因为点击NPC失败，重新刷新NPC...
2019-09-08 02:41:15 GS-1 09-08 02:41:15 User = 23 / 23
2019-09-08 02:41:30 GS-1 -----------------------------------------------------
---[Monster]: Max RunDelay: 281; Max RunCount 3620
---[Human]: Max RunDelay: 78; [Socket]: Max RunDelay: 16
---[App]: Min PerSecRun: 69; Max RunDelay 0
-----------------------------------------------------
2019-09-08 02:46:31 GS-1 -----------------------------------------------------
---[Monster]: Max RunDelay: 344; Max RunCount 3481
---[Human]: Max RunDelay: 62; [Socket]: Max RunDelay: 16
---[App]: Min PerSecRun: 63; Max RunDelay 0
-----------------------------------------------------
2019-09-08 02:51:15 GS-1 09-08 02:51:15 User = 24 / 24
2019-09-08 02:51:32 GS-1 -----------------------------------------------------
---[Monster]: Max RunDelay: 484; Max RunCount 3435
---[Human]: Max RunDelay: 47; [Socket]: Max RunDelay: 16
---[App]: Min PerSecRun: 52; Max RunDelay 16
-----------------------------------------------------
2019-09-08 02:56:33 GS-1 -----------------------------------------------------
---[Monster]: Max RunDelay: 281; Max RunCount 3518
---[Human]: Max RunDelay: 63; [Socket]: Max RunDelay: 16
---[App]: Min PerSecRun: 67; Max RunDelay 16
-----------------------------------------------------
2019-09-08 03:01:15 GS-1 09-08 03:01:15 User = 22 / 22
2019-09-08 03:01:34 GS-1 -----------------------------------------------------
---[Monster]: Max RunDelay: 234; Max RunCount 3573
---[Human]: Max RunDelay: 78; [Socket]: Max RunDelay: 16
---[App]: Min PerSecRun: 68; Max RunDelay 0
-----------------------------------------------------
2019-09-08 03:06:35 GS-1 -----------------------------------------------------
---[Monster]: Max RunDelay: 297; Max RunCount 3492
---[Human]: Max RunDelay: 47; [Socket]: Max RunDelay: 16
---[App]: Min PerSecRun: 69; Max RunDelay 0
-----------------------------------------------------
2019-09-08 03:11:15 GS-1 09-08 03:11:15 User = 24 / 24
2019-09-08 03:11:36 GS-1 -----------------------------------------------------
---[Monster]: Max RunDelay: 313; Max RunCount 3443
---[Human]: Max RunDelay: 78; [Socket]: Max RunDelay: 16
---[App]: Min PerSecRun: 69; Max RunDelay 0
-----------------------------------------------------
2019-09-08 03:16:37 GS-1 -----------------------------------------------------
---[Monster]: Max RunDelay: 297; Max RunCount 3467
---[Human]: Max RunDelay: 47; [Socket]: Max RunDelay: 16
---[App]: Min PerSecRun: 69; Max RunDelay 0
-----------------------------------------------------
2019-09-08 03:21:12 GS-1 载入商城热销商品列表，共36个。
2019-09-08 03:21:12 GS-1 ==> 加载商城热销榜:5
2019-09-08 03:21:16 GS-1 09-08 03:21:16 User = 23 / 23
2019-09-08 03:21:38 GS-1 -----------------------------------------------------
---[Monster]: Max RunDelay: 313; Max RunCount 3501
---[Human]: Max RunDelay: 62; [Socket]: Max RunDelay: 16
---[App]: Min PerSecRun: 68; Max RunDelay 16
-----------------------------------------------------
2019-09-08 03:26:39 GS-1 -----------------------------------------------------
---[Monster]: Max RunDelay: 281; Max RunCount 3528
---[Human]: Max RunDelay: 109; [Socket]: Max RunDelay: 16
---[App]: Min PerSecRun: 68; Max RunDelay 0
-----------------------------------------------------
2019-09-08 03:31:16 GS-1 09-08 03:31:16 User = 23 / 23
2019-09-08 03:31:40 GS-1 -----------------------------------------------------
---[Monster]: Max RunDelay: 282; Max RunCount 3370
---[Human]: Max RunDelay: 47; [Socket]: Max RunDelay: 16
---[App]: Min PerSecRun: 68; Max RunDelay 0
-----------------------------------------------------
2019-09-08 03:36:41 GS-1 -----------------------------------------------------
---[Monster]: Max RunDelay: 297; Max RunCount 3425
---[Human]: Max RunDelay: 78; [Socket]: Max RunDelay: 16
---[App]: Min PerSecRun: 68; Max RunDelay 16
-----------------------------------------------------
2019-09-08 03:41:16 GS-1 09-08 03:41:16 User = 24 / 24
2019-09-08 03:41:42 GS-1 -----------------------------------------------------
---[Monster]: Max RunDelay: 328; Max RunCount 3537
---[Human]: Max RunDelay: 47; [Socket]: Max RunDelay: 16
---[App]: Min PerSecRun: 62; Max RunDelay 0
-----------------------------------------------------
2019-09-08 03:46:43 GS-1 -----------------------------------------------------
---[Monster]: Max RunDelay: 391; Max RunCount 3524
---[Human]: Max RunDelay: 110; [Socket]: Max RunDelay: 16
---[App]: Min PerSecRun: 51; Max RunDelay 0
-----------------------------------------------------
2019-09-08 03:51:16 GS-1 09-08 03:51:16 User = 24 / 24
2019-09-08 03:51:43 GS-1 -----------------------------------------------------
---[Monster]: Max RunDelay: 328; Max RunCount 3652
---[Human]: Max RunDelay: 63; [Socket]: Max RunDelay: 16
---[App]: Min PerSecRun: 66; Max RunDelay 15
-----------------------------------------------------
2019-09-08 03:56:45 GS-1 -----------------------------------------------------
---[Monster]: Max RunDelay: 328; Max RunCount 3568
---[Human]: Max RunDelay: 47; [Socket]: Max RunDelay: 15
---[App]: Min PerSecRun: 69; Max RunDelay 0
-----------------------------------------------------
2019-09-08 04:01:16 GS-1 09-08 04:01:16 User = 24 / 24
2019-09-08 04:01:45 GS-1 -----------------------------------------------------
---[Monster]: Max RunDelay: 250; Max RunCount 3508
---[Human]: Max RunDelay: 63; [Socket]: Max RunDelay: 16
---[App]: Min PerSecRun: 67; Max RunDelay 16
-----------------------------------------------------
2019-09-08 04:06:46 GS-1 -----------------------------------------------------
---[Monster]: Max RunDelay: 297; Max RunCount 3366
---[Human]: Max RunDelay: 125; [Socket]: Max RunDelay: 16
---[App]: Min PerSecRun: 68; Max RunDelay 0
-----------------------------------------------------
2019-09-08 04:11:16 GS-1 09-08 04:11:16 User = 24 / 24
2019-09-08 04:11:47 GS-1 -----------------------------------------------------
---[Monster]: Max RunDelay: 516; Max RunCount 3660
---[Human]: Max RunDelay: 62; [Socket]: Max RunDelay: 15
---[App]: Min PerSecRun: 52; Max RunDelay 0
-----------------------------------------------------
2019-09-08 04:16:48 GS-1 -----------------------------------------------------
---[Monster]: Max RunDelay: 625; Max RunCount 3643
---[Human]: Max RunDelay: 94; [Socket]: Max RunDelay: 15
---[App]: Min PerSecRun: 43; Max RunDelay 0
-----------------------------------------------------
2019-09-08 04:21:12 GS-1 载入商城热销商品列表，共36个。
2019-09-08 04:21:12 GS-1 ==> 加载商城热销榜:5
2019-09-08 04:21:16 GS-1 09-08 04:21:16 User = 24 / 24
2019-09-08 04:21:49 GS-1 -----------------------------------------------------
---[Monster]: Max RunDelay: 203; Max RunCount 3562
---[Human]: Max RunDelay: 47; [Socket]: Max RunDelay: 15
---[App]: Min PerSecRun: 71; Max RunDelay 0
-----------------------------------------------------
2019-09-08 04:26:50 GS-1 -----------------------------------------------------
---[Monster]: Max RunDelay: 266; Max RunCount 3451
---[Human]: Max RunDelay: 94; [Socket]: Max RunDelay: 15
---[App]: Min PerSecRun: 64; Max RunDelay 16
-----------------------------------------------------
2019-09-08 04:31:16 GS-1 09-08 04:31:16 User = 24 / 24
2019-09-08 04:31:51 GS-1 -----------------------------------------------------
---[Monster]: Max RunDelay: 219; Max RunCount 3385
---[Human]: Max RunDelay: 94; [Socket]: Max RunDelay: 16
---[App]: Min PerSecRun: 70; Max RunDelay 16
-----------------------------------------------------
2019-09-08 04:36:53 GS-1 -----------------------------------------------------
---[Monster]: Max RunDelay: 390; Max RunCount 3662
---[Human]: Max RunDelay: 359; [Socket]: Max RunDelay: 16
---[App]: Min PerSecRun: 68; Max RunDelay 0
-----------------------------------------------------
2019-09-08 04:41:16 GS-1 09-08 04:41:16 User = 24 / 24
2019-09-08 04:41:54 GS-1 -----------------------------------------------------
---[Monster]: Max RunDelay: 235; Max RunCount 3811
---[Human]: Max RunDelay: 63; [Socket]: Max RunDelay: 16
---[App]: Min PerSecRun: 71; Max RunDelay 0
-----------------------------------------------------
2019-09-08 04:46:55 GS-1 -----------------------------------------------------
---[Monster]: Max RunDelay: 266; Max RunCount 3421
---[Human]: Max RunDelay: 62; [Socket]: Max RunDelay: 15
---[App]: Min PerSecRun: 69; Max RunDelay 0
-----------------------------------------------------
2019-09-08 04:51:17 GS-1 09-08 04:51:17 User = 24 / 24
2019-09-08 04:51:56 GS-1 -----------------------------------------------------
---[Monster]: Max RunDelay: 265; Max RunCount 3498
---[Human]: Max RunDelay: 63; [Socket]: Max RunDelay: 15
---[App]: Min PerSecRun: 70; Max RunDelay 0
-----------------------------------------------------
2019-09-08 04:56:57 GS-1 -----------------------------------------------------
---[Monster]: Max RunDelay: 547; Max RunCount 3719
---[Human]: Max RunDelay: 47; [Socket]: Max RunDelay: 15
---[App]: Min PerSecRun: 51; Max RunDelay 0
-----------------------------------------------------
2019-09-08 05:01:17 GS-1 09-08 05:01:17 User = 24 / 24
2019-09-08 05:01:58 GS-1 -----------------------------------------------------
---[Monster]: Max RunDelay: 281; Max RunCount 3698
---[Human]: Max RunDelay: 63; [Socket]: Max RunDelay: 16
---[App]: Min PerSecRun: 62; Max RunDelay 15
-----------------------------------------------------
2019-09-08 05:06:59 GS-1 -----------------------------------------------------
---[Monster]: Max RunDelay: 312; Max RunCount 3625
---[Human]: Max RunDelay: 62; [Socket]: Max RunDelay: 16
---[App]: Min PerSecRun: 67; Max RunDelay 0
-----------------------------------------------------
2019-09-08 05:11:17 GS-1 09-08 05:11:17 User = 24 / 24
2019-09-08 05:12:00 GS-1 -----------------------------------------------------
---[Monster]: Max RunDelay: 203; Max RunCount 3633
---[Human]: Max RunDelay: 47; [Socket]: Max RunDelay: 16
---[App]: Min PerSecRun: 70; Max RunDelay 16
-----------------------------------------------------
2019-09-08 05:17:01 GS-1 -----------------------------------------------------
---[Monster]: Max RunDelay: 219; Max RunCount 3635
---[Human]: Max RunDelay: 47; [Socket]: Max RunDelay: 15
---[App]: Min PerSecRun: 68; Max RunDelay 16
-----------------------------------------------------
2019-09-08 05:21:13 GS-1 载入商城热销商品列表，共36个。
2019-09-08 05:21:13 GS-1 ==> 加载商城热销榜:5
2019-09-08 05:21:17 GS-1 09-08 05:21:17 User = 24 / 24
2019-09-08 05:22:02 GS-1 -----------------------------------------------------
---[Monster]: Max RunDelay: 157; Max RunCount 3555
---[Human]: Max RunDelay: 47; [Socket]: Max RunDelay: 15
---[App]: Min PerSecRun: 70; Max RunDelay 0
-----------------------------------------------------
2019-09-08 05:27:03 GS-1 -----------------------------------------------------
---[Monster]: Max RunDelay: 125; Max RunCount 3418
---[Human]: Max RunDelay: 47; [Socket]: Max RunDelay: 16
---[App]: Min PerSecRun: 70; Max RunDelay 16
-----------------------------------------------------
2019-09-08 05:31:17 GS-1 09-08 05:31:17 User = 24 / 24
2019-09-08 05:32:03 GS-1 -----------------------------------------------------
---[Monster]: Max RunDelay: 500; Max RunCount 3466
---[Human]: Max RunDelay: 63; [Socket]: Max RunDelay: 16
---[App]: Min PerSecRun: 50; Max RunDelay 0
-----------------------------------------------------
2019-09-08 05:37:04 GS-1 -----------------------------------------------------
---[Monster]: Max RunDelay: 266; Max RunCount 3479
---[Human]: Max RunDelay: 62; [Socket]: Max RunDelay: 16
---[App]: Min PerSecRun: 68; Max RunDelay 16
-----------------------------------------------------
2019-09-08 05:41:17 GS-1 09-08 05:41:17 User = 24 / 24
2019-09-08 05:42:05 GS-1 -----------------------------------------------------
---[Monster]: Max RunDelay: 234; Max RunCount 3663
---[Human]: Max RunDelay: 79; [Socket]: Max RunDelay: 16
---[App]: Min PerSecRun: 69; Max RunDelay 15
-----------------------------------------------------
2019-09-08 05:47:06 GS-1 -----------------------------------------------------
---[Monster]: Max RunDelay: 297; Max RunCount 3622
---[Human]: Max RunDelay: 47; [Socket]: Max RunDelay: 16
---[App]: Min PerSecRun: 69; Max RunDelay 0
-----------------------------------------------------
2019-09-08 05:51:17 GS-1 09-08 05:51:17 User = 24 / 24
2019-09-08 05:52:07 GS-1 -----------------------------------------------------
---[Monster]: Max RunDelay: 265; Max RunCount 3712
---[Human]: Max RunDelay: 63; [Socket]: Max RunDelay: 16
---[App]: Min PerSecRun: 68; Max RunDelay 0
-----------------------------------------------------
2019-09-08 05:57:08 GS-1 -----------------------------------------------------
---[Monster]: Max RunDelay: 281; Max RunCount 3533
---[Human]: Max RunDelay: 78; [Socket]: Max RunDelay: 16
---[App]: Min PerSecRun: 71; Max RunDelay 0
-----------------------------------------------------
2019-09-08 06:00:00 GS-1 载入商城物品列表，共5个类别，41种商品
2019-09-08 06:00:00 GS-1 ==> 加载商城物品 装饰类：11/11
2019-09-08 06:00:00 GS-1 ==> 加载商城物品 补给类：5/5
2019-09-08 06:00:00 GS-1 ==> 加载商城物品 强化类：15/15
2019-09-08 06:00:00 GS-1 ==> 加载商城物品 限量类：8/8
2019-09-08 06:00:00 GS-1 ==> 加载商城物品 好友类：2/2
2019-09-08 06:00:00 GS-1 ==> 加载商城物品 类：0/0
2019-09-08 06:00:00 GS-1 ==> 加载商城物品 类：0/0
2019-09-08 06:00:00 GS-1 ==> 加载商城物品 类：0/0
2019-09-08 06:01:17 GS-1 09-08 06:01:17 User = 24 / 24
2019-09-08 06:02:09 GS-1 -----------------------------------------------------
---[Monster]: Max RunDelay: 313; Max RunCount 3684
---[Human]: Max RunDelay: 47; [Socket]: Max RunDelay: 16
---[App]: Min PerSecRun: 63; Max RunDelay 15
-----------------------------------------------------
2019-09-08 06:07:10 GS-1 -----------------------------------------------------
---[Monster]: Max RunDelay: 328; Max RunCount 3640
---[Human]: Max RunDelay: 47; [Socket]: Max RunDelay: 15
---[App]: Min PerSecRun: 66; Max RunDelay 0
-----------------------------------------------------
2019-09-08 06:11:17 GS-1 09-08 06:11:17 User = 24 / 24
2019-09-08 06:12:11 GS-1 -----------------------------------------------------
---[Monster]: Max RunDelay: 250; Max RunCount 3525
---[Human]: Max RunDelay: 62; [Socket]: Max RunDelay: 16
---[App]: Min PerSecRun: 70; Max RunDelay 0
-----------------------------------------------------
2019-09-08 06:14:45 GS-1 [Error]: GameGate ServerSocketError, ErrorCode=10061
2019-09-08 06:17:12 GS-1 -----------------------------------------------------
---[Monster]: Max RunDelay: 421; Max RunCount 3718
---[Human]: Max RunDelay: 47; [Socket]: Max RunDelay: 16
---[App]: Min PerSecRun: 52; Max RunDelay 15
-----------------------------------------------------
2019-09-08 06:21:13 GS-1 载入商城热销商品列表，共36个。
2019-09-08 06:21:13 GS-1 ==> 加载商城热销榜:5
2019-09-08 06:21:17 GS-1 09-08 06:21:17 User = 24 / 24
2019-09-08 06:22:13 GS-1 -----------------------------------------------------
---[Monster]: Max RunDelay: 203; Max RunCount 3545
---[Human]: Max RunDelay: 47; [Socket]: Max RunDelay: 16
---[App]: Min PerSecRun: 68; Max RunDelay 0
-----------------------------------------------------
2019-09-08 06:27:14 GS-1 -----------------------------------------------------
---[Monster]: Max RunDelay: 344; Max RunCount 3563
---[Human]: Max RunDelay: 47; [Socket]: Max RunDelay: 15
---[App]: Min PerSecRun: 67; Max RunDelay 0
-----------------------------------------------------
2019-09-08 06:31:17 GS-1 09-08 06:31:17 User = 23 / 23
2019-09-08 06:32:15 GS-1 -----------------------------------------------------
---[Monster]: Max RunDelay: 235; Max RunCount 3649
---[Human]: Max RunDelay: 47; [Socket]: Max RunDelay: 16
---[App]: Min PerSecRun: 66; Max RunDelay 0
-----------------------------------------------------
2019-09-08 06:37:16 GS-1 -----------------------------------------------------
---[Monster]: Max RunDelay: 312; Max RunCount 3667
---[Human]: Max RunDelay: 125; [Socket]: Max RunDelay: 16
---[App]: Min PerSecRun: 68; Max RunDelay 0
-----------------------------------------------------
2019-09-08 06:40:42 GS-1   玩家： 养馨荣，邮件Idx:  1055，功加载了 1附件。
2019-09-08 06:40:42 GS-1   玩家： 养馨荣，邮件Idx:  1056，功加载了 1附件。
2019-09-08 06:40:42 GS-1   玩家： 养馨荣，邮件Idx:  1057，功加载了 1附件。
2019-09-08 06:40:42 GS-1   玩家： 养馨荣，邮件Idx:  1058，功加载了 1附件。
2019-09-08 06:40:42 GS-1   玩家： 养馨荣，邮件Idx:  1059，功加载了 1附件。
2019-09-08 06:40:42 GS-1   玩家： 养馨荣，邮件Idx:  1060，功加载了 1附件。
2019-09-08 06:40:42 GS-1   玩家： 养馨荣，邮件Idx:  1061，功加载了 1附件。
2019-09-08 06:40:42 GS-1   玩家： 养馨荣，邮件Idx:  1062，功加载了 1附件。
2019-09-08 06:41:17 GS-1 09-08 06:41:17 User = 22 / 22
2019-09-08 06:42:17 GS-1 -----------------------------------------------------
---[Monster]: Max RunDelay: 312; Max RunCount 3754
---[Human]: Max RunDelay: 47; [Socket]: Max RunDelay: 16
---[App]: Min PerSecRun: 67; Max RunDelay 0
-----------------------------------------------------
2019-09-08 06:47:18 GS-1 -----------------------------------------------------
---[Monster]: Max RunDelay: 453; Max RunCount 3732
---[Human]: Max RunDelay: 63; [Socket]: Max RunDelay: 15
---[App]: Min PerSecRun: 53; Max RunDelay 16
-----------------------------------------------------
2019-09-08 06:51:17 GS-1 09-08 06:51:17 User = 22 / 22
2019-09-08 06:52:19 GS-1 -----------------------------------------------------
---[Monster]: Max RunDelay: 234; Max RunCount 3654
---[Human]: Max RunDelay: 47; [Socket]: Max RunDelay: 16
---[App]: Min PerSecRun: 68; Max RunDelay 16
-----------------------------------------------------
2019-09-08 06:57:20 GS-1 -----------------------------------------------------
---[Monster]: Max RunDelay: 328; Max RunCount 3587
---[Human]: Max RunDelay: 47; [Socket]: Max RunDelay: 16
---[App]: Min PerSecRun: 68; Max RunDelay 16
-----------------------------------------------------
2019-09-08 07:00:02 GS-1 更新排行榜，共计：50 页
2019-09-08 07:01:17 GS-1 09-08 07:01:17 User = 21 / 21
2019-09-08 07:02:21 GS-1 -----------------------------------------------------
---[Monster]: Max RunDelay: 281; Max RunCount 3645
---[Human]: Max RunDelay: 63; [Socket]: Max RunDelay: 16
---[App]: Min PerSecRun: 70; Max RunDelay 0
-----------------------------------------------------
2019-09-08 07:07:22 GS-1 -----------------------------------------------------
---[Monster]: Max RunDelay: 312; Max RunCount 3708
---[Human]: Max RunDelay: 94; [Socket]: Max RunDelay: 16
---[App]: Min PerSecRun: 62; Max RunDelay 0
-----------------------------------------------------
2019-09-08 07:11:17 GS-1 09-08 07:11:17 User = 22 / 22
2019-09-08 07:12:23 GS-1 -----------------------------------------------------
---[Monster]: Max RunDelay: 281; Max RunCount 3639
---[Human]: Max RunDelay: 94; [Socket]: Max RunDelay: 15
---[App]: Min PerSecRun: 68; Max RunDelay 16
-----------------------------------------------------
2019-09-08 07:17:24 GS-1 -----------------------------------------------------
---[Monster]: Max RunDelay: 313; Max RunCount 3578
---[Human]: Max RunDelay: 141; [Socket]: Max RunDelay: 15
---[App]: Min PerSecRun: 66; Max RunDelay 15
-----------------------------------------------------
2019-09-08 07:21:13 GS-1 载入商城热销商品列表，共36个。
2019-09-08 07:21:13 GS-1 ==> 加载商城热销榜:5
2019-09-08 07:21:17 GS-1 09-08 07:21:17 User = 22 / 22
2019-09-08 07:22:25 GS-1 -----------------------------------------------------
---[Monster]: Max RunDelay: 532; Max RunCount 3635
---[Human]: Max RunDelay: 62; [Socket]: Max RunDelay: 15
---[App]: Min PerSecRun: 48; Max RunDelay 0
-----------------------------------------------------
2019-09-08 07:27:26 GS-1 -----------------------------------------------------
---[Monster]: Max RunDelay: 328; Max RunCount 3595
---[Human]: Max RunDelay: 62; [Socket]: Max RunDelay: 16
---[App]: Min PerSecRun: 67; Max RunDelay 0
-----------------------------------------------------
2019-09-08 07:31:17 GS-1 09-08 07:31:17 User = 22 / 22
2019-09-08 07:32:27 GS-1 -----------------------------------------------------
---[Monster]: Max RunDelay: 312; Max RunCount 3536
---[Human]: Max RunDelay: 63; [Socket]: Max RunDelay: 15
---[App]: Min PerSecRun: 66; Max RunDelay 15
-----------------------------------------------------
2019-09-08 07:37:28 GS-1 -----------------------------------------------------
---[Monster]: Max RunDelay: 250; Max RunCount 3369
---[Human]: Max RunDelay: 62; [Socket]: Max RunDelay: 15
---[App]: Min PerSecRun: 67; Max RunDelay 15
-----------------------------------------------------
2019-09-08 07:41:17 GS-1 09-08 07:41:17 User = 21 / 21
2019-09-08 07:42:29 GS-1 -----------------------------------------------------
---[Monster]: Max RunDelay: 516; Max RunCount 3716
---[Human]: Max RunDelay: 94; [Socket]: Max RunDelay: 16
---[App]: Min PerSecRun: 64; Max RunDelay 0
-----------------------------------------------------
2019-09-08 07:47:29 GS-1 -----------------------------------------------------
---[Monster]: Max RunDelay: 312; Max RunCount 3697
---[Human]: Max RunDelay: 78; [Socket]: Max RunDelay: 78
---[App]: Min PerSecRun: 65; Max RunDelay 0
-----------------------------------------------------
2019-09-08 07:51:17 GS-1 09-08 07:51:17 User = 20 / 20
2019-09-08 07:52:30 GS-1 -----------------------------------------------------
---[Monster]: Max RunDelay: 265; Max RunCount 3617
---[Human]: Max RunDelay: 62; [Socket]: Max RunDelay: 16
---[App]: Min PerSecRun: 67; Max RunDelay 16
-----------------------------------------------------
2019-09-08 07:57:31 GS-1 -----------------------------------------------------
---[Monster]: Max RunDelay: 328; Max RunCount 3590
---[Human]: Max RunDelay: 47; [Socket]: Max RunDelay: 16
---[App]: Min PerSecRun: 65; Max RunDelay 0
-----------------------------------------------------
2019-09-08 08:01:18 GS-1 09-08 08:01:18 User = 21 / 21
2019-09-08 08:02:32 GS-1 -----------------------------------------------------
---[Monster]: Max RunDelay: 359; Max RunCount 3561
---[Human]: Max RunDelay: 47; [Socket]: Max RunDelay: 16
---[App]: Min PerSecRun: 64; Max RunDelay 15
-----------------------------------------------------
2019-09-08 08:07:33 GS-1 -----------------------------------------------------
---[Monster]: Max RunDelay: 297; Max RunCount 3641
---[Human]: Max RunDelay: 63; [Socket]: Max RunDelay: 16
---[App]: Min PerSecRun: 67; Max RunDelay 0
-----------------------------------------------------
2019-09-08 08:09:24 GS-1 [Error]: GameGate ServerSocketError, ErrorCode=10061
2019-09-08 08:11:18 GS-1 09-08 08:11:18 User = 20 / 20
2019-09-08 08:12:34 GS-1 -----------------------------------------------------
---[Monster]: Max RunDelay: 359; Max RunCount 3645
---[Human]: Max RunDelay: 63; [Socket]: Max RunDelay: 16
---[App]: Min PerSecRun: 58; Max RunDelay 16
-----------------------------------------------------
2019-09-08 08:17:35 GS-1 -----------------------------------------------------
---[Monster]: Max RunDelay: 297; Max RunCount 3623
---[Human]: Max RunDelay: 63; [Socket]: Max RunDelay: 16
---[App]: Min PerSecRun: 64; Max RunDelay 0
-----------------------------------------------------
2019-09-08 08:21:13 GS-1 载入商城热销商品列表，共36个。
2019-09-08 08:21:13 GS-1 ==> 加载商城热销榜:5
2019-09-08 08:21:18 GS-1 09-08 08:21:18 User = 20 / 20
2019-09-08 08:22:36 GS-1 -----------------------------------------------------
---[Monster]: Max RunDelay: 282; Max RunCount 3653
---[Human]: Max RunDelay: 47; [Socket]: Max RunDelay: 15
---[App]: Min PerSecRun: 65; Max RunDelay 15
-----------------------------------------------------
2019-09-08 08:27:38 GS-1 -----------------------------------------------------
---[Monster]: Max RunDelay: 313; Max RunCount 3597
---[Human]: Max RunDelay: 110; [Socket]: Max RunDelay: 31
---[App]: Min PerSecRun: 65; Max RunDelay 16
-----------------------------------------------------
2019-09-08 08:31:19 GS-1 09-08 08:31:19 User = 22 / 22
2019-09-08 08:32:39 GS-1 -----------------------------------------------------
---[Monster]: Max RunDelay: 328; Max RunCount 3507
---[Human]: Max RunDelay: 78; [Socket]: Max RunDelay: 15
---[App]: Min PerSecRun: 65; Max RunDelay 16
-----------------------------------------------------
2019-09-08 08:37:40 GS-1 -----------------------------------------------------
---[Monster]: Max RunDelay: 344; Max RunCount 3486
---[Human]: Max RunDelay: 47; [Socket]: Max RunDelay: 16
---[App]: Min PerSecRun: 63; Max RunDelay 0
-----------------------------------------------------
2019-09-08 08:41:19 GS-1 09-08 08:41:19 User = 23 / 23
2019-09-08 08:42:41 GS-1 -----------------------------------------------------
---[Monster]: Max RunDelay: 328; Max RunCount 3825
---[Human]: Max RunDelay: 63; [Socket]: Max RunDelay: 16
---[App]: Min PerSecRun: 64; Max RunDelay 0
-----------------------------------------------------
2019-09-08 08:47:42 GS-1 -----------------------------------------------------
---[Monster]: Max RunDelay: 313; Max RunCount 3742
---[Human]: Max RunDelay: 63; [Socket]: Max RunDelay: 15
---[App]: Min PerSecRun: 66; Max RunDelay 0
-----------------------------------------------------
2019-09-08 08:51:19 GS-1 09-08 08:51:19 User = 24 / 24
2019-09-08 08:52:43 GS-1 -----------------------------------------------------
---[Monster]: Max RunDelay: 281; Max RunCount 3696
---[Human]: Max RunDelay: 63; [Socket]: Max RunDelay: 16
---[App]: Min PerSecRun: 66; Max RunDelay 16
-----------------------------------------------------
2019-09-08 08:55:10 GS-1   玩家： 虞嘉年，邮件Idx:  1063，功加载了 1附件。
2019-09-08 08:57:44 GS-1 -----------------------------------------------------
---[Monster]: Max RunDelay: 469; Max RunCount 4003
---[Human]: Max RunDelay: 78; [Socket]: Max RunDelay: 16
---[App]: Min PerSecRun: 49; Max RunDelay 0
-----------------------------------------------------
2019-09-08 09:01:19 GS-1 09-08 09:01:19 User = 24 / 24
2019-09-08 09:02:45 GS-1 -----------------------------------------------------
---[Monster]: Max RunDelay: 609; Max RunCount 3874
---[Human]: Max RunDelay: 125; [Socket]: Max RunDelay: 16
---[App]: Min PerSecRun: 42; Max RunDelay 0
-----------------------------------------------------
2019-09-08 09:07:45 GS-1 -----------------------------------------------------
---[Monster]: Max RunDelay: 516; Max RunCount 3831
---[Human]: Max RunDelay: 156; [Socket]: Max RunDelay: 31
---[App]: Min PerSecRun: 44; Max RunDelay 0
-----------------------------------------------------
2019-09-08 09:11:20 GS-1 09-08 09:11:20 User = 23 / 23
2019-09-08 09:12:45 GS-1 -----------------------------------------------------
---[Monster]: Max RunDelay: 656; Max RunCount 3788
---[Human]: Max RunDelay: 125; [Socket]: Max RunDelay: 46
---[App]: Min PerSecRun: 53; Max RunDelay 0
-----------------------------------------------------
2019-09-08 09:17:46 GS-1 -----------------------------------------------------
---[Monster]: Max RunDelay: 500; Max RunCount 3854
---[Human]: Max RunDelay: 266; [Socket]: Max RunDelay: 47
---[App]: Min PerSecRun: 52; Max RunDelay 16
-----------------------------------------------------
2019-09-08 09:21:14 GS-1 载入商城热销商品列表，共36个。
2019-09-08 09:21:14 GS-1 ==> 加载商城热销榜:5
2019-09-08 09:21:20 GS-1 09-08 09:21:20 User = 23 / 23
2019-09-08 09:22:46 GS-1 -----------------------------------------------------
---[Monster]: Max RunDelay: 750; Max RunCount 3824
---[Human]: Max RunDelay: 234; [Socket]: Max RunDelay: 16
---[App]: Min PerSecRun: 45; Max RunDelay 0
-----------------------------------------------------
2019-09-08 09:27:47 GS-1 -----------------------------------------------------
---[Monster]: Max RunDelay: 313; Max RunCount 3915
---[Human]: Max RunDelay: 63; [Socket]: Max RunDelay: 16
---[App]: Min PerSecRun: 65; Max RunDelay 0
-----------------------------------------------------
2019-09-08 09:31:20 GS-1 09-08 09:31:20 User = 23 / 23
2019-09-08 09:32:48 GS-1 -----------------------------------------------------
---[Monster]: Max RunDelay: 1250; Max RunCount 3893
---[Human]: Max RunDelay: 78; [Socket]: Max RunDelay: 203
---[App]: Min PerSecRun: 55; Max RunDelay 0
-----------------------------------------------------
2019-09-08 09:37:49 GS-1 -----------------------------------------------------
---[Monster]: Max RunDelay: 765; Max RunCount 3818
---[Human]: Max RunDelay: 343; [Socket]: Max RunDelay: 47
---[App]: Min PerSecRun: 36; Max RunDelay 0
-----------------------------------------------------
2019-09-08 09:41:20 GS-1 09-08 09:41:20 User = 24 / 24
2019-09-08 09:41:42 GS-1 --ReInitializet-- 因为点击NPC失败，重新刷新NPC...
2019-09-08 09:42:49 GS-1 -----------------------------------------------------
---[Monster]: Max RunDelay: 1016; Max RunCount 3824
---[Human]: Max RunDelay: 94; [Socket]: Max RunDelay: 16
---[App]: Min PerSecRun: 30; Max RunDelay 16
-----------------------------------------------------
2019-09-08 09:47:50 GS-1 -----------------------------------------------------
---[Monster]: Max RunDelay: 484; Max RunCount 3918
---[Human]: Max RunDelay: 94; [Socket]: Max RunDelay: 16
---[App]: Min PerSecRun: 56; Max RunDelay 0
-----------------------------------------------------
2019-09-08 09:51:21 GS-1 09-08 09:51:21 User = 23 / 23
2019-09-08 09:52:51 GS-1 -----------------------------------------------------
---[Monster]: Max RunDelay: 672; Max RunCount 3846
---[Human]: Max RunDelay: 63; [Socket]: Max RunDelay: 16
---[App]: Min PerSecRun: 33; Max RunDelay 0
-----------------------------------------------------
2019-09-08 09:57:52 GS-1 -----------------------------------------------------
---[Monster]: Max RunDelay: 750; Max RunCount 3956
---[Human]: Max RunDelay: 94; [Socket]: Max RunDelay: 16
---[App]: Min PerSecRun: 36; Max RunDelay 0
-----------------------------------------------------
2019-09-08 10:01:21 GS-1 09-08 10:01:21 User = 20 / 20
2019-09-08 10:02:53 GS-1 -----------------------------------------------------
---[Monster]: Max RunDelay: 563; Max RunCount 3792
---[Human]: Max RunDelay: 94; [Socket]: Max RunDelay: 16
---[App]: Min PerSecRun: 62; Max RunDelay 63
-----------------------------------------------------
2019-09-08 10:07:54 GS-1 -----------------------------------------------------
---[Monster]: Max RunDelay: 922; Max RunCount 3881
---[Human]: Max RunDelay: 63; [Socket]: Max RunDelay: 16
---[App]: Min PerSecRun: 18; Max RunDelay 16
-----------------------------------------------------
2019-09-08 10:11:22 GS-1 09-08 10:11:22 User = 20 / 20
2019-09-08 10:12:55 GS-1 -----------------------------------------------------
---[Monster]: Max RunDelay: 312; Max RunCount 3601
---[Human]: Max RunDelay: 47; [Socket]: Max RunDelay: 16
---[App]: Min PerSecRun: 68; Max RunDelay 16
-----------------------------------------------------
2019-09-08 10:17:56 GS-1 -----------------------------------------------------
---[Monster]: Max RunDelay: 250; Max RunCount 3716
---[Human]: Max RunDelay: 62; [Socket]: Max RunDelay: 16
---[App]: Min PerSecRun: 70; Max RunDelay 16
-----------------------------------------------------
2019-09-08 10:21:15 GS-1 载入商城热销商品列表，共36个。
2019-09-08 10:21:15 GS-1 ==> 加载商城热销榜:5
2019-09-08 10:21:22 GS-1 09-08 10:21:22 User = 21 / 21
2019-09-08 10:22:57 GS-1 -----------------------------------------------------
---[Monster]: Max RunDelay: 250; Max RunCount 3703
---[Human]: Max RunDelay: 63; [Socket]: Max RunDelay: 16
---[App]: Min PerSecRun: 70; Max RunDelay 16
-----------------------------------------------------
2019-09-08 10:27:58 GS-1 -----------------------------------------------------
---[Monster]: Max RunDelay: 313; Max RunCount 3732
---[Human]: Max RunDelay: 62; [Socket]: Max RunDelay: 16
---[App]: Min PerSecRun: 66; Max RunDelay 0
-----------------------------------------------------
2019-09-08 10:31:23 GS-1 09-08 10:31:23 User = 23 / 23
2019-09-08 10:32:59 GS-1 -----------------------------------------------------
---[Monster]: Max RunDelay: 485; Max RunCount 3978
---[Human]: Max RunDelay: 63; [Socket]: Max RunDelay: 47
---[App]: Min PerSecRun: 50; Max RunDelay 15
-----------------------------------------------------
2019-09-08 10:38:00 GS-1 -----------------------------------------------------
---[Monster]: Max RunDelay: 297; Max RunCount 3817
---[Human]: Max RunDelay: 63; [Socket]: Max RunDelay: 16
---[App]: Min PerSecRun: 64; Max RunDelay 16
-----------------------------------------------------
2019-09-08 10:41:23 GS-1 09-08 10:41:23 User = 22 / 22
2019-09-08 10:43:01 GS-1 -----------------------------------------------------
---[Monster]: Max RunDelay: 422; Max RunCount 3579
---[Human]: Max RunDelay: 47; [Socket]: Max RunDelay: 16
---[App]: Min PerSecRun: 59; Max RunDelay 16
-----------------------------------------------------
2019-09-08 10:48:01 GS-1 -----------------------------------------------------
---[Monster]: Max RunDelay: 547; Max RunCount 3751
---[Human]: Max RunDelay: 94; [Socket]: Max RunDelay: 16
---[App]: Min PerSecRun: 32; Max RunDelay 16
-----------------------------------------------------
2019-09-08 10:51:23 GS-1 09-08 10:51:23 User = 22 / 22
2019-09-08 10:53:03 GS-1 -----------------------------------------------------
---[Monster]: Max RunDelay: 281; Max RunCount 3729
---[Human]: Max RunDelay: 63; [Socket]: Max RunDelay: 16
---[App]: Min PerSecRun: 70; Max RunDelay 16
-----------------------------------------------------
2019-09-08 10:58:03 GS-1 -----------------------------------------------------
---[Monster]: Max RunDelay: 360; Max RunCount 3472
---[Human]: Max RunDelay: 62; [Socket]: Max RunDelay: 16
---[App]: Min PerSecRun: 60; Max RunDelay 15
-----------------------------------------------------
2019-09-08 11:01:23 GS-1 09-08 11:01:23 User = 22 / 22
2019-09-08 11:03:04 GS-1 -----------------------------------------------------
---[Monster]: Max RunDelay: 359; Max RunCount 3783
---[Human]: Max RunDelay: 78; [Socket]: Max RunDelay: 16
---[App]: Min PerSecRun: 64; Max RunDelay 15
-----------------------------------------------------
2019-09-08 11:03:40 GS-1 [Error]: GameGate ServerSocketError, ErrorCode=10061
2019-09-08 11:08:05 GS-1 -----------------------------------------------------
---[Monster]: Max RunDelay: 438; Max RunCount 3655
---[Human]: Max RunDelay: 94; [Socket]: Max RunDelay: 31
---[App]: Min PerSecRun: 58; Max RunDelay 15
-----------------------------------------------------
2019-09-08 11:11:23 GS-1 09-08 11:11:23 User = 26 / 26
2019-09-08 11:13:06 GS-1 -----------------------------------------------------
---[Monster]: Max RunDelay: 313; Max RunCount 3520
---[Human]: Max RunDelay: 63; [Socket]: Max RunDelay: 16
---[App]: Min PerSecRun: 67; Max RunDelay 16
-----------------------------------------------------
2019-09-08 11:18:07 GS-1 -----------------------------------------------------
---[Monster]: Max RunDelay: 578; Max RunCount 3671
---[Human]: Max RunDelay: 63; [Socket]: Max RunDelay: 47
---[App]: Min PerSecRun: 64; Max RunDelay 15
-----------------------------------------------------
2019-09-08 11:21:15 GS-1 载入商城热销商品列表，共36个。
2019-09-08 11:21:15 GS-1 ==> 加载商城热销榜:5
2019-09-08 11:21:23 GS-1 09-08 11:21:23 User = 28 / 28
2019-09-08 11:23:09 GS-1 -----------------------------------------------------
---[Monster]: Max RunDelay: 406; Max RunCount 3771
---[Human]: Max RunDelay: 63; [Socket]: Max RunDelay: 16
---[App]: Min PerSecRun: 57; Max RunDelay 0
-----------------------------------------------------
2019-09-08 11:28:10 GS-1 -----------------------------------------------------
---[Monster]: Max RunDelay: 391; Max RunCount 3707
---[Human]: Max RunDelay: 62; [Socket]: Max RunDelay: 16
---[App]: Min PerSecRun: 54; Max RunDelay 0
-----------------------------------------------------
2019-09-08 11:31:24 GS-1 09-08 11:31:24 User = 29 / 29
2019-09-08 11:33:11 GS-1 -----------------------------------------------------
---[Monster]: Max RunDelay: 282; Max RunCount 3431
---[Human]: Max RunDelay: 63; [Socket]: Max RunDelay: 16
---[App]: Min PerSecRun: 69; Max RunDelay 0
-----------------------------------------------------
2019-09-08 11:38:12 GS-1 -----------------------------------------------------
---[Monster]: Max RunDelay: 297; Max RunCount 3727
---[Human]: Max RunDelay: 125; [Socket]: Max RunDelay: 15
---[App]: Min PerSecRun: 65; Max RunDelay 47
-----------------------------------------------------
2019-09-08 11:41:24 GS-1 09-08 11:41:24 User = 29 / 29
2019-09-08 11:43:13 GS-1 -----------------------------------------------------
---[Monster]: Max RunDelay: 282; Max RunCount 3660
---[Human]: Max RunDelay: 62; [Socket]: Max RunDelay: 16
---[App]: Min PerSecRun: 70; Max RunDelay 0
-----------------------------------------------------
2019-09-08 11:48:14 GS-1 -----------------------------------------------------
---[Monster]: Max RunDelay: 250; Max RunCount 3762
---[Human]: Max RunDelay: 63; [Socket]: Max RunDelay: 16
---[App]: Min PerSecRun: 70; Max RunDelay 15
-----------------------------------------------------
2019-09-08 11:51:23 GS-1 09-08 11:51:23 User = 27 / 27
2019-09-08 11:53:14 GS-1 -----------------------------------------------------
---[Monster]: Max RunDelay: 266; Max RunCount 3675
---[Human]: Max RunDelay: 79; [Socket]: Max RunDelay: 47
---[App]: Min PerSecRun: 65; Max RunDelay 0
-----------------------------------------------------
2019-09-08 11:58:15 GS-1 -----------------------------------------------------
---[Monster]: Max RunDelay: 266; Max RunCount 3727
---[Human]: Max RunDelay: 79; [Socket]: Max RunDelay: 47
---[App]: Min PerSecRun: 69; Max RunDelay 16
-----------------------------------------------------
2019-09-08 12:00:00 GS-1 载入商城物品列表，共5个类别，41种商品
2019-09-08 12:00:00 GS-1 ==> 加载商城物品 装饰类：11/11
2019-09-08 12:00:00 GS-1 ==> 加载商城物品 补给类：5/5
2019-09-08 12:00:00 GS-1 ==> 加载商城物品 强化类：15/15
2019-09-08 12:00:00 GS-1 ==> 加载商城物品 限量类：8/8
2019-09-08 12:00:00 GS-1 ==> 加载商城物品 好友类：2/2
2019-09-08 12:00:00 GS-1 ==> 加载商城物品 类：0/0
2019-09-08 12:00:00 GS-1 ==> 加载商城物品 类：0/0
2019-09-08 12:00:00 GS-1 ==> 加载商城物品 类：0/0
2019-09-08 12:01:24 GS-1 09-08 12:01:24 User = 27 / 27
2019-09-08 12:03:16 GS-1 -----------------------------------------------------
---[Monster]: Max RunDelay: 515; Max RunCount 3822
---[Human]: Max RunDelay: 94; [Socket]: Max RunDelay: 47
---[App]: Min PerSecRun: 68; Max RunDelay 0
-----------------------------------------------------
2019-09-08 12:07:26 GS-1 --ReInitializet-- 因为点击NPC失败，重新刷新NPC...
2019-09-08 12:08:17 GS-1 -----------------------------------------------------
---[Monster]: Max RunDelay: 563; Max RunCount 3785
---[Human]: Max RunDelay: 94; [Socket]: Max RunDelay: 47
---[App]: Min PerSecRun: 49; Max RunDelay 16
-----------------------------------------------------
2019-09-08 12:11:25 GS-1 09-08 12:11:25 User = 25 / 25
2019-09-08 12:13:17 GS-1 -----------------------------------------------------
---[Monster]: Max RunDelay: 485; Max RunCount 3783
---[Human]: Max RunDelay: 250; [Socket]: Max RunDelay: 47
---[App]: Min PerSecRun: 49; Max RunDelay 16
-----------------------------------------------------
2019-09-08 12:18:17 GS-1 -----------------------------------------------------
---[Monster]: Max RunDelay: 563; Max RunCount 3800
---[Human]: Max RunDelay: 94; [Socket]: Max RunDelay: 47
---[App]: Min PerSecRun: 51; Max RunDelay 16
-----------------------------------------------------
2019-09-08 12:21:16 GS-1 载入商城热销商品列表，共36个。
2019-09-08 12:21:16 GS-1 ==> 加载商城热销榜:5
2019-09-08 12:21:24 GS-1 09-08 12:21:24 User = 24 / 24
2019-09-08 12:23:19 GS-1 -----------------------------------------------------
---[Monster]: Max RunDelay: 1344; Max RunCount 3842
---[Human]: Max RunDelay: 1125; [Socket]: Max RunDelay: 109
---[App]: Min PerSecRun: 45; Max RunDelay 0
-----------------------------------------------------
2019-09-08 12:28:19 GS-1 -----------------------------------------------------
---[Monster]: Max RunDelay: 641; Max RunCount 3796
---[Human]: Max RunDelay: 390; [Socket]: Max RunDelay: 47
---[App]: Min PerSecRun: 39; Max RunDelay 16
-----------------------------------------------------
2019-09-08 12:31:25 GS-1 09-08 12:31:25 User = 25 / 25
2019-09-08 12:33:20 GS-1 -----------------------------------------------------
---[Monster]: Max RunDelay: 578; Max RunCount 3840
---[Human]: Max RunDelay: 234; [Socket]: Max RunDelay: 47
---[App]: Min PerSecRun: 53; Max RunDelay 16
-----------------------------------------------------
2019-09-08 12:38:21 GS-1 -----------------------------------------------------
---[Monster]: Max RunDelay: 468; Max RunCount 3799
---[Human]: Max RunDelay: 234; [Socket]: Max RunDelay: 16
---[App]: Min PerSecRun: 53; Max RunDelay 16
-----------------------------------------------------
2019-09-08 12:41:26 GS-1 09-08 12:41:26 User = 25 / 25
2019-09-08 12:43:21 GS-1 -----------------------------------------------------
---[Monster]: Max RunDelay: 875; Max RunCount 3817
---[Human]: Max RunDelay: 218; [Socket]: Max RunDelay: 16
---[App]: Min PerSecRun: 30; Max RunDelay 15
-----------------------------------------------------
2019-09-08 12:48:22 GS-1 -----------------------------------------------------
---[Monster]: Max RunDelay: 656; Max RunCount 3860
---[Human]: Max RunDelay: 78; [Socket]: Max RunDelay: 16
---[App]: Min PerSecRun: 45; Max RunDelay 15
-----------------------------------------------------
2019-09-08 12:51:26 GS-1 09-08 12:51:26 User = 24 / 24
2019-09-08 12:53:23 GS-1 -----------------------------------------------------
---[Monster]: Max RunDelay: 454; Max RunCount 3786
---[Human]: Max RunDelay: 94; [Socket]: Max RunDelay: 16
---[App]: Min PerSecRun: 53; Max RunDelay 0
-----------------------------------------------------
2019-09-08 12:58:24 GS-1 -----------------------------------------------------
---[Monster]: Max RunDelay: 766; Max RunCount 3843
---[Human]: Max RunDelay: 234; [Socket]: Max RunDelay: 16
---[App]: Min PerSecRun: 32; Max RunDelay 0
-----------------------------------------------------
2019-09-08 13:01:27 GS-1 09-08 13:01:27 User = 25 / 25
2019-09-08 13:03:26 GS-1 -----------------------------------------------------
---[Monster]: Max RunDelay: 625; Max RunCount 3781
---[Human]: Max RunDelay: 203; [Socket]: Max RunDelay: 62
---[App]: Min PerSecRun: 42; Max RunDelay 16
-----------------------------------------------------
2019-09-08 13:08:26 GS-1 -----------------------------------------------------
---[Monster]: Max RunDelay: 516; Max RunCount 3853
---[Human]: Max RunDelay: 79; [Socket]: Max RunDelay: 16
---[App]: Min PerSecRun: 52; Max RunDelay 0
-----------------------------------------------------
2019-09-08 13:11:27 GS-1 09-08 13:11:27 User = 24 / 24
2019-09-08 13:12:12 GS-1 [脚本(修炼圣地-3.pas)缺函数]: ForgeDiaYB
2019-09-08 13:12:12 GS-1 --ReInitializet-- 因为点击NPC失败，重新刷新NPC...
2019-09-08 13:13:27 GS-1 -----------------------------------------------------
---[Monster]: Max RunDelay: 235; Max RunCount 3792
---[Human]: Max RunDelay: 63; [Socket]: Max RunDelay: 16
---[App]: Min PerSecRun: 71; Max RunDelay 0
-----------------------------------------------------
2019-09-08 13:18:28 GS-1 -----------------------------------------------------
---[Monster]: Max RunDelay: 265; Max RunCount 3780
---[Human]: Max RunDelay: 47; [Socket]: Max RunDelay: 16
---[App]: Min PerSecRun: 70; Max RunDelay 16
-----------------------------------------------------
2019-09-08 13:21:17 GS-1 载入商城热销商品列表，共36个。
2019-09-08 13:21:17 GS-1 ==> 加载商城热销榜:5
2019-09-08 13:21:27 GS-1 09-08 13:21:27 User = 23 / 23
2019-09-08 13:23:29 GS-1 -----------------------------------------------------
---[Monster]: Max RunDelay: 172; Max RunCount 3753
---[Human]: Max RunDelay: 47; [Socket]: Max RunDelay: 16
---[App]: Min PerSecRun: 72; Max RunDelay 15
-----------------------------------------------------
2019-09-08 13:28:30 GS-1 -----------------------------------------------------
---[Monster]: Max RunDelay: 157; Max RunCount 3574
---[Human]: Max RunDelay: 47; [Socket]: Max RunDelay: 15
---[App]: Min PerSecRun: 71; Max RunDelay 0
-----------------------------------------------------
2019-09-08 13:31:27 GS-1 09-08 13:31:27 User = 23 / 23
2019-09-08 13:33:31 GS-1 -----------------------------------------------------
---[Monster]: Max RunDelay: 438; Max RunCount 3801
---[Human]: Max RunDelay: 47; [Socket]: Max RunDelay: 15
---[App]: Min PerSecRun: 53; Max RunDelay 15
-----------------------------------------------------
2019-09-08 13:38:32 GS-1 -----------------------------------------------------
---[Monster]: Max RunDelay: 219; Max RunCount 3884
---[Human]: Max RunDelay: 78; [Socket]: Max RunDelay: 15
---[App]: Min PerSecRun: 72; Max RunDelay 0
-----------------------------------------------------
2019-09-08 13:41:27 GS-1 09-08 13:41:27 User = 24 / 24
2019-09-08 13:42:05 GS-1   玩家： 颜箫吟，邮件Idx:  1074，功加载了 18附件。
2019-09-08 13:43:33 GS-1 -----------------------------------------------------
---[Monster]: Max RunDelay: 203; Max RunCount 3619
---[Human]: Max RunDelay: 47; [Socket]: Max RunDelay: 15
---[App]: Min PerSecRun: 72; Max RunDelay 0
-----------------------------------------------------
2019-09-08 13:48:34 GS-1 -----------------------------------------------------
---[Monster]: Max RunDelay: 297; Max RunCount 3618
---[Human]: Max RunDelay: 78; [Socket]: Max RunDelay: 16
---[App]: Min PerSecRun: 71; Max RunDelay 0
-----------------------------------------------------
2019-09-08 13:51:27 GS-1 09-08 13:51:27 User = 22 / 22
2019-09-08 13:53:35 GS-1 -----------------------------------------------------
---[Monster]: Max RunDelay: 516; Max RunCount 3728
---[Human]: Max RunDelay: 94; [Socket]: Max RunDelay: 63
---[App]: Min PerSecRun: 54; Max RunDelay 0
-----------------------------------------------------
2019-09-08 13:58:36 GS-1 -----------------------------------------------------
---[Monster]: Max RunDelay: 328; Max RunCount 3822
---[Human]: Max RunDelay: 63; [Socket]: Max RunDelay: 16
---[App]: Min PerSecRun: 61; Max RunDelay 16
-----------------------------------------------------
2019-09-08 14:01:27 GS-1 09-08 14:01:27 User = 23 / 23
2019-09-08 14:03:37 GS-1 -----------------------------------------------------
---[Monster]: Max RunDelay: 265; Max RunCount 3716
---[Human]: Max RunDelay: 47; [Socket]: Max RunDelay: 15
---[App]: Min PerSecRun: 72; Max RunDelay 0
-----------------------------------------------------
2019-09-08 14:08:38 GS-1 -----------------------------------------------------
---[Monster]: Max RunDelay: 312; Max RunCount 3529
---[Human]: Max RunDelay: 63; [Socket]: Max RunDelay: 16
---[App]: Min PerSecRun: 69; Max RunDelay 15
-----------------------------------------------------
2019-09-08 14:11:27 GS-1 09-08 14:11:27 User = 25 / 25
2019-09-08 14:13:34 GS-1   玩家： 易妙思，邮件Idx:  1075，功加载了 18附件。
2019-09-08 14:13:39 GS-1 -----------------------------------------------------
---[Monster]: Max RunDelay: 204; Max RunCount 3551
---[Human]: Max RunDelay: 47; [Socket]: Max RunDelay: 16
---[App]: Min PerSecRun: 70; Max RunDelay 0
-----------------------------------------------------
2019-09-08 14:18:40 GS-1 -----------------------------------------------------
---[Monster]: Max RunDelay: 203; Max RunCount 3647
---[Human]: Max RunDelay: 47; [Socket]: Max RunDelay: 16
---[App]: Min PerSecRun: 72; Max RunDelay 0
-----------------------------------------------------
2019-09-08 14:21:17 GS-1 载入商城热销商品列表，共36个。
2019-09-08 14:21:17 GS-1 ==> 加载商城热销榜:5
2019-09-08 14:21:27 GS-1 09-08 14:21:27 User = 25 / 25
2019-09-08 14:23:41 GS-1 -----------------------------------------------------
---[Monster]: Max RunDelay: 187; Max RunCount 3647
---[Human]: Max RunDelay: 47; [Socket]: Max RunDelay: 62
---[App]: Min PerSecRun: 69; Max RunDelay 15
-----------------------------------------------------
2019-09-08 14:28:42 GS-1 -----------------------------------------------------
---[Monster]: Max RunDelay: 218; Max RunCount 3522
---[Human]: Max RunDelay: 63; [Socket]: Max RunDelay: 15
---[App]: Min PerSecRun: 72; Max RunDelay 16
-----------------------------------------------------
2019-09-08 14:31:27 GS-1 09-08 14:31:27 User = 24 / 24
2019-09-08 14:33:43 GS-1 -----------------------------------------------------
---[Monster]: Max RunDelay: 297; Max RunCount 3795
---[Human]: Max RunDelay: 63; [Socket]: Max RunDelay: 15
---[App]: Min PerSecRun: 61; Max RunDelay 0
-----------------------------------------------------
2019-09-08 14:38:44 GS-1 -----------------------------------------------------
---[Monster]: Max RunDelay: 204; Max RunCount 3658
---[Human]: Max RunDelay: 62; [Socket]: Max RunDelay: 15
---[App]: Min PerSecRun: 70; Max RunDelay 0
-----------------------------------------------------
2019-09-08 14:41:27 GS-1 09-08 14:41:27 User = 26 / 26
2019-09-08 14:43:45 GS-1 -----------------------------------------------------
---[Monster]: Max RunDelay: 266; Max RunCount 3477
---[Human]: Max RunDelay: 62; [Socket]: Max RunDelay: 15
---[App]: Min PerSecRun: 69; Max RunDelay 0
-----------------------------------------------------
2019-09-08 14:48:46 GS-1 -----------------------------------------------------
---[Monster]: Max RunDelay: 265; Max RunCount 3663
---[Human]: Max RunDelay: 47; [Socket]: Max RunDelay: 15
---[App]: Min PerSecRun: 70; Max RunDelay 0
-----------------------------------------------------
2019-09-08 14:51:27 GS-1 09-08 14:51:27 User = 26 / 26
2019-09-08 14:53:47 GS-1 -----------------------------------------------------
---[Monster]: Max RunDelay: 203; Max RunCount 3723
---[Human]: Max RunDelay: 47; [Socket]: Max RunDelay: 15
---[App]: Min PerSecRun: 70; Max RunDelay 16
-----------------------------------------------------
2019-09-08 14:58:48 GS-1 -----------------------------------------------------
---[Monster]: Max RunDelay: 500; Max RunCount 3889
---[Human]: Max RunDelay: 62; [Socket]: Max RunDelay: 16
---[App]: Min PerSecRun: 50; Max RunDelay 16
-----------------------------------------------------
2019-09-08 15:01:27 GS-1 09-08 15:01:27 User = 26 / 26
2019-09-08 15:03:49 GS-1 -----------------------------------------------------
---[Monster]: Max RunDelay: 797; Max RunCount 3976
---[Human]: Max RunDelay: 234; [Socket]: Max RunDelay: 16
---[App]: Min PerSecRun: 38; Max RunDelay 15
-----------------------------------------------------
2019-09-08 15:08:50 GS-1 -----------------------------------------------------
---[Monster]: Max RunDelay: 344; Max RunCount 4049
---[Human]: Max RunDelay: 250; [Socket]: Max RunDelay: 16
---[App]: Min PerSecRun: 61; Max RunDelay 16
-----------------------------------------------------
2019-09-08 15:11:29 GS-1 09-08 15:11:29 User = 28 / 28
2019-09-08 15:13:50 GS-1 -----------------------------------------------------
---[Monster]: Max RunDelay: 485; Max RunCount 4070
---[Human]: Max RunDelay: 94; [Socket]: Max RunDelay: 187
---[App]: Min PerSecRun: 49; Max RunDelay 0
-----------------------------------------------------
2019-09-08 15:18:50 GS-1 -----------------------------------------------------
---[Monster]: Max RunDelay: 359; Max RunCount 4010
---[Human]: Max RunDelay: 63; [Socket]: Max RunDelay: 31
---[App]: Min PerSecRun: 57; Max RunDelay 16
-----------------------------------------------------
2019-09-08 15:21:18 GS-1 载入商城热销商品列表，共36个。
2019-09-08 15:21:18 GS-1 ==> 加载商城热销榜:5
2019-09-08 15:21:29 GS-1 09-08 15:21:29 User = 28 / 28
2019-09-08 15:23:51 GS-1 -----------------------------------------------------
---[Monster]: Max RunDelay: 672; Max RunCount 3998
---[Human]: Max RunDelay: 235; [Socket]: Max RunDelay: 16
---[App]: Min PerSecRun: 36; Max RunDelay 16
-----------------------------------------------------
2019-09-08 15:28:51 GS-1 -----------------------------------------------------
---[Monster]: Max RunDelay: 516; Max RunCount 3954
---[Human]: Max RunDelay: 47; [Socket]: Max RunDelay: 16
---[App]: Min PerSecRun: 52; Max RunDelay 15
-----------------------------------------------------
2019-09-08 15:31:30 GS-1 09-08 15:31:30 User = 29 / 29
2019-09-08 15:33:52 GS-1 -----------------------------------------------------
---[Monster]: Max RunDelay: 766; Max RunCount 4085
---[Human]: Max RunDelay: 343; [Socket]: Max RunDelay: 62
---[App]: Min PerSecRun: 34; Max RunDelay 31
-----------------------------------------------------
2019-09-08 15:38:52 GS-1 -----------------------------------------------------
---[Monster]: Max RunDelay: 547; Max RunCount 4060
---[Human]: Max RunDelay: 140; [Socket]: Max RunDelay: 47
---[App]: Min PerSecRun: 50; Max RunDelay 0
-----------------------------------------------------
2019-09-08 15:38:56 GS-1 [脚本(修炼圣地-3.pas)缺函数]: ForgeDiaYB
2019-09-08 15:38:56 GS-1 --ReInitializet-- 因为点击NPC失败，重新刷新NPC...
2019-09-08 15:41:30 GS-1 09-08 15:41:30 User = 29 / 29
2019-09-08 15:43:53 GS-1 -----------------------------------------------------
---[Monster]: Max RunDelay: 641; Max RunCount 4074
---[Human]: Max RunDelay: 109; [Socket]: Max RunDelay: 46
---[App]: Min PerSecRun: 44; Max RunDelay 15
-----------------------------------------------------
2019-09-08 15:46:48 GS-1 --ReInitializet-- 因为点击NPC失败，重新刷新NPC...
2019-09-08 15:48:54 GS-1 -----------------------------------------------------
---[Monster]: Max RunDelay: 515; Max RunCount 4061
---[Human]: Max RunDelay: 282; [Socket]: Max RunDelay: 47
---[App]: Min PerSecRun: 52; Max RunDelay 16
-----------------------------------------------------
2019-09-08 15:51:31 GS-1 09-08 15:51:31 User = 28 / 28
2019-09-08 15:53:55 GS-1 -----------------------------------------------------
---[Monster]: Max RunDelay: 594; Max RunCount 3914
---[Human]: Max RunDelay: 78; [Socket]: Max RunDelay: 16
---[App]: Min PerSecRun: 47; Max RunDelay 16
-----------------------------------------------------
2019-09-08 15:58:56 GS-1 -----------------------------------------------------
---[Monster]: Max RunDelay: 313; Max RunCount 3525
---[Human]: Max RunDelay: 78; [Socket]: Max RunDelay: 16
---[App]: Min PerSecRun: 59; Max RunDelay 0
-----------------------------------------------------
2019-09-08 16:01:31 GS-1 09-08 16:01:31 User = 14 / 14
2019-09-08 16:03:57 GS-1 -----------------------------------------------------
---[Monster]: Max RunDelay: 531; Max RunCount 3940
---[Human]: Max RunDelay: 78; [Socket]: Max RunDelay: 16
---[App]: Min PerSecRun: 52; Max RunDelay 0
-----------------------------------------------------
2019-09-08 16:08:58 GS-1 -----------------------------------------------------
---[Monster]: Max RunDelay: 250; Max RunCount 3904
---[Human]: Max RunDelay: 47; [Socket]: Max RunDelay: 15
---[App]: Min PerSecRun: 71; Max RunDelay 15
-----------------------------------------------------
2019-09-08 16:11:31 GS-1 09-08 16:11:31 User = 28 / 28
2019-09-08 16:13:59 GS-1 -----------------------------------------------------
---[Monster]: Max RunDelay: 250; Max RunCount 3739
---[Human]: Max RunDelay: 63; [Socket]: Max RunDelay: 15
---[App]: Min PerSecRun: 69; Max RunDelay 16
-----------------------------------------------------
2019-09-08 16:19:00 GS-1 -----------------------------------------------------
---[Monster]: Max RunDelay: 484; Max RunCount 3914
---[Human]: Max RunDelay: 62; [Socket]: Max RunDelay: 16
---[App]: Min PerSecRun: 59; Max RunDelay 15
-----------------------------------------------------
2019-09-08 16:21:18 GS-1 载入商城热销商品列表，共36个。
2019-09-08 16:21:18 GS-1 ==> 加载商城热销榜:5
2019-09-08 16:21:31 GS-1 09-08 16:21:31 User = 27 / 27
2019-09-08 16:24:02 GS-1 -----------------------------------------------------
---[Monster]: Max RunDelay: 266; Max RunCount 3844
---[Human]: Max RunDelay: 63; [Socket]: Max RunDelay: 16
---[App]: Min PerSecRun: 67; Max RunDelay 0
-----------------------------------------------------
2019-09-08 16:29:03 GS-1 -----------------------------------------------------
---[Monster]: Max RunDelay: 547; Max RunCount 4028
---[Human]: Max RunDelay: 328; [Socket]: Max RunDelay: 16
---[App]: Min PerSecRun: 49; Max RunDelay 16
-----------------------------------------------------
2019-09-08 16:31:32 GS-1 09-08 16:31:32 User = 29 / 29
2019-09-08 16:34:03 GS-1 -----------------------------------------------------
---[Monster]: Max RunDelay: 328; Max RunCount 3912
---[Human]: Max RunDelay: 140; [Socket]: Max RunDelay: 16
---[App]: Min PerSecRun: 65; Max RunDelay 15
-----------------------------------------------------
2019-09-08 16:39:04 GS-1 -----------------------------------------------------
---[Monster]: Max RunDelay: 297; Max RunCount 3921
---[Human]: Max RunDelay: 78; [Socket]: Max RunDelay: 16
---[App]: Min PerSecRun: 70; Max RunDelay 47
-----------------------------------------------------
2019-09-08 16:41:32 GS-1 09-08 16:41:32 User = 31 / 31
2019-09-08 16:44:05 GS-1 -----------------------------------------------------
---[Monster]: Max RunDelay: 360; Max RunCount 3899
---[Human]: Max RunDelay: 78; [Socket]: Max RunDelay: 15
---[App]: Min PerSecRun: 58; Max RunDelay 0
-----------------------------------------------------
2019-09-08 16:49:06 GS-1 -----------------------------------------------------
---[Monster]: Max RunDelay: 234; Max RunCount 3835
---[Human]: Max RunDelay: 47; [Socket]: Max RunDelay: 15
---[App]: Min PerSecRun: 68; Max RunDelay 15
-----------------------------------------------------
2019-09-08 16:51:32 GS-1 09-08 16:51:32 User = 30 / 30
2019-09-08 16:54:06 GS-1 -----------------------------------------------------
---[Monster]: Max RunDelay: 4719; Max RunCount 3946
---[Human]: Max RunDelay: 1157; [Socket]: Max RunDelay: 16
---[App]: Min PerSecRun: 34; Max RunDelay 15
-----------------------------------------------------
2019-09-08 16:54:17 GS-1 [脚本(修炼圣地-3.pas)缺函数]: ForgeDiaYB
2019-09-08 16:54:17 GS-1 --ReInitializet-- 因为点击NPC失败，重新刷新NPC...
2019-09-08 16:58:42 GS-1 [脚本(修炼圣地-3.pas)缺函数]: ForgeDiaYB
2019-09-08 16:58:42 GS-1 --ReInitializet-- 因为点击NPC失败，重新刷新NPC...
2019-09-08 16:59:07 GS-1 -----------------------------------------------------
---[Monster]: Max RunDelay: 469; Max RunCount 3987
---[Human]: Max RunDelay: 63; [Socket]: Max RunDelay: 16
---[App]: Min PerSecRun: 48; Max RunDelay 0
-----------------------------------------------------
2019-09-08 17:01:33 GS-1 09-08 17:01:33 User = 27 / 27
2019-09-08 17:04:08 GS-1 -----------------------------------------------------
---[Monster]: Max RunDelay: 1141; Max RunCount 3983
---[Human]: Max RunDelay: 750; [Socket]: Max RunDelay: 16
---[App]: Min PerSecRun: 15; Max RunDelay 16
-----------------------------------------------------
2019-09-08 17:09:09 GS-1 -----------------------------------------------------
---[Monster]: Max RunDelay: 406; Max RunCount 3937
---[Human]: Max RunDelay: 78; [Socket]: Max RunDelay: 16
---[App]: Min PerSecRun: 52; Max RunDelay 0
-----------------------------------------------------
2019-09-08 17:11:33 GS-1 09-08 17:11:33 User = 26 / 26
2019-09-08 17:12:10 GS-1 [脚本(修炼圣地-3.pas)缺函数]: ForgeDiaYB
2019-09-08 17:12:10 GS-1 --ReInitializet-- 因为点击NPC失败，重新刷新NPC...
2019-09-08 17:14:10 GS-1 -----------------------------------------------------
---[Monster]: Max RunDelay: 735; Max RunCount 3960
---[Human]: Max RunDelay: 625; [Socket]: Max RunDelay: 203
---[App]: Min PerSecRun: 53; Max RunDelay 16
-----------------------------------------------------
2019-09-08 17:19:11 GS-1 -----------------------------------------------------
---[Monster]: Max RunDelay: 328; Max RunCount 4011
---[Human]: Max RunDelay: 47; [Socket]: Max RunDelay: 16
---[App]: Min PerSecRun: 59; Max RunDelay 0
-----------------------------------------------------
2019-09-08 17:21:19 GS-1 载入商城热销商品列表，共36个。
2019-09-08 17:21:19 GS-1 ==> 加载商城热销榜:5
2019-09-08 17:21:33 GS-1 09-08 17:21:33 User = 24 / 24
2019-09-08 17:24:11 GS-1 -----------------------------------------------------
---[Monster]: Max RunDelay: 13156; Max RunCount 4158
---[Human]: Max RunDelay: 13047; [Socket]: Max RunDelay: 313
---[App]: Min PerSecRun: 22; Max RunDelay 13016
-----------------------------------------------------
2019-09-08 17:29:11 GS-1 -----------------------------------------------------
---[Monster]: Max RunDelay: 703; Max RunCount 3980
---[Human]: Max RunDelay: 359; [Socket]: Max RunDelay: 16
---[App]: Min PerSecRun: 37; Max RunDelay 0
-----------------------------------------------------
2019-09-08 17:31:24 GS-1 17:31:24 Gate 1 (49.234.26.20) 关闭
2019-09-08 17:31:24 GS-1 [Warning]: 与DB 服务器断开连接....
2019-09-08 17:31:29 GS-1 释放--魔龙冰晶升级对象--结束
2019-09-08 17:31:29 GS-1 释放--天赐宝箱1--结束
2019-09-08 17:31:29 GS-1 释放--天赐宝箱2--结束
2019-09-08 17:31:29 GS-1 释放--一点充--结束
2019-09-08 17:31:29 GS-1 释放--事件管理对象--结束
2019-09-08 17:31:29 GS-1 释放--任务管理对象--结束
2019-09-08 17:31:29 GS-1 释放--升级提醒管理对象--结束
2019-09-08 17:31:29 GS-1 释放--GDMsg管理对象--结束
2019-09-08 17:31:29 GS-1 释放--跨地图寻路管理对象--结束
2019-09-08 17:31:29 GS-1 释放--沙巴克管理对象--结束
2019-09-08 17:31:29 GS-1 释放--中央活动服务器客户端--结束
2019-09-08 17:31:29 GS-1 释放--乾坤包--结束
2019-09-08 17:31:29 GS-1 正在清除模块-卧龙英雄管理-的配置表d:\Mud2.0\Mir200\Share\EngineConfig\卧龙英雄管理\Fortress-HERO1.txt
2019-09-08 17:31:29 GS-1 正在清除模块-卧龙英雄管理-的配置表d:\Mud2.0\Mir200\Share\EngineConfig\卧龙英雄管理\Fortress.txt
2019-09-08 17:31:29 GS-1 正在清除模块-游戏元素点阵管理-的配置表d:\Mud2.0\Mir200\Share\EngineConfig\游戏元素点阵管理\GMActEvent.txt
2019-09-08 17:31:29 GS-1 正在清除模块-信用分管理-的配置表d:\Mud2.0\Mir200\Share\EngineConfig\信用分管理\PlayerActivePoint.xml
2019-09-08 17:31:29 GS-1 正在清除模块-信用分管理-的配置表d:\Mud2.0\Mir200\Share\EngineConfig\信用分管理\MapActivePoint.xml
2019-09-08 17:31:29 GS-1 正在清除模块-摆摊交易-的配置表d:\Mud2.0\Mir200\Share\EngineConfig\摆摊交易\摊位基础设置.ini
2019-09-08 17:31:29 GS-1 正在清除模块-元宝商城管理-的配置表d:\Mud2.0\Mir200\Share\EngineConfig\元宝商城管理\YBGoods.sql
2019-09-08 17:31:29 GS-1 正在清除模块-小助手管理-的配置表d:\Mud2.0\Mir200\Share\EngineConfig\小助手管理\小助手.txt
2019-09-08 17:31:29 GS-1 正在清除模块-静态地图管理-的配置表d:\Mud2.0\Mir200\Share\EngineConfig\静态地图管理\MapDropLimitBagItems.xml
2019-09-08 17:31:29 GS-1 正在清除模块-装备合成管理-的配置表d:\Mud2.0\Mir200\Share\EngineConfig\装备合成管理\StrengthenEquip.xml
2019-09-08 17:31:29 GS-1 正在清除模块-藏宝图管理-的配置表d:\Mud2.0\Mir200\Share\EngineConfig\藏宝图管理\修复藏宝图.txt
2019-09-08 17:31:29 GS-1 正在清除模块-藏宝图管理-的配置表d:\Mud2.0\Mir200\Share\EngineConfig\藏宝图管理\魔龙藏宝图合成装备.txt
2019-09-08 17:31:29 GS-1 正在清除模块-衣服升级管理-的配置表d:\Mud2.0\Mir200\Share\EngineConfig\衣服升级管理\UpdateClothes.xml
2019-09-08 17:31:29 GS-1 正在清除模块-道具管理-的配置表d:\Mud2.0\Mir200\Share\EngineConfig\道具管理\宝石配置.txt
2019-09-08 17:31:29 GS-1 正在清除模块-世界暴率管理-的配置表d:\Mud2.0\Mir200\Share\EngineConfig\世界暴率管理\世界爆率文件1.txt
2019-09-08 17:31:29 GS-1 释放--跨GS消息管理对象--结束
2019-09-08 17:31:29 GS-1 释放--gate管理对象--结束
2019-09-08 17:31:29 GS-1 释放--魔法管理对象--结束
2019-09-08 17:31:29 GS-1 释放--套装管理对象--结束
2019-09-08 17:31:29 GS-1 释放--新暴率管理对象--结束
2019-09-08 17:31:29 GS-1 释放--角色信息初始化管理对象--结束
2019-09-08 17:31:29 GS-1 释放--GS本地日志--结束
2019-09-08 17:31:29 GS-1 释放--DBEngn对象--结束
2019-09-08 17:31:29 GS-1 释放--任务列表--结束
2019-09-08 17:31:29 GS-1 释放--buffer管理类--结束
2019-09-08 17:31:29 GS-1 释放--排行榜--结束
2019-09-08 17:31:29 GS-1 释放--免费回收--结束
2019-09-08 17:31:29 GS-1 释放--mysql对象--结束
2019-09-08 17:31:29 GS-1 ================ 服务停止 ==============
