2019-08-29 08:59:41 GS-1 -----------------------------------------------------
---[Monster]: Max RunDelay: 0; Max RunCount 0
---[Human]: Max RunDelay: 0; [Socket]: Max RunDelay: 0
---[App]: Min PerSecRun: 100; Max RunDelay 0
-----------------------------------------------------
2019-08-29 08:59:41 GS-1 ================ 服务启动 ==============
2019-08-29 08:59:41 GS-1 TPlayerBody Size - 1616
2019-08-29 08:59:41 GS-1 TPlayerDB Size - 61608
2019-08-29 08:59:41 GS-1 ======== 连接MySQL成功 =======
2019-08-29 08:59:41 GS-1 *** ***Gamelog 的下次清理时间为 : 09月05日03时*** ***
2019-08-29 08:59:41 GS-1 ==加载GM指令定义完成==
2019-08-29 08:59:41 GS-1 与 DB 服务器连接成功
2019-08-29 08:59:41 GS-1 [Error]: 火龙珠奖励配置错误！
2019-08-29 08:59:41 GS-1 [Error]: 抽取概率错误:赤金天赐->宝箱1:概率7
2019-08-29 08:59:41 GS-1 [Error]: 抽取概率错误:白银天赐->宝箱1:概率7
2019-08-29 08:59:41 GS-1 [Error]: 抽取概率错误:紫铜天赐->宝箱1:概率7
2019-08-29 08:59:41 GS-1 [Error]: 抽取概率错误:神秘天赐->宝箱1:概率7
2019-08-29 08:59:41 GS-1 [Error]: 抽取概率错误:檀木天赐->宝箱1:概率7
2019-08-29 08:59:41 GS-1 [Error]: 抽取概率错误:宝藏天赐 ->宝箱1:概率7
2019-08-29 08:59:41 GS-1 [Error]: StdItems 不存在的天赐：新年天赐
2019-08-29 08:59:41 GS-1 [Error]: StdItems 不存在的钥匙：新年钥匙
2019-08-29 08:59:41 GS-1 [Error]: StdItems 不存在的钥匙：春节钥匙
2019-08-29 08:59:41 GS-1 [Error]: StdItems 不存在的钥匙：节日钥匙
2019-08-29 08:59:41 GS-1 [Error]: StdItems 不存在的天赐：感恩天赐
2019-08-29 08:59:41 GS-1 [Error]: StdItems 不存在的钥匙：感恩钥匙
2019-08-29 08:59:41 GS-1 系统参数初始化完毕
2019-08-29 08:59:41 GS-1 准备加载NPC，共515个
2019-08-29 08:59:41 GS-1 已加载d:\Mud2.0\Mir200\Share\EngineConfig\系统信息管理\RollMsg.txt！
2019-08-29 08:59:41 GS-1 已加载d:\Mud2.0\Mir200\Share\EngineConfig\系统信息管理\掉落物品提示.txt！
2019-08-29 08:59:41 GS-1 已加载d:\Mud2.0\Mir200\Share\EngineConfig\卧龙英雄管理\Fortress.txt！
2019-08-29 08:59:41 GS-1 已加载d:\Mud2.0\Mir200\Share\EngineConfig\游戏元素点阵管理\GMActEvent.txt！
2019-08-29 08:59:41 GS-1    加载邮件信息成功,加载12个玩家的邮件。
2019-08-29 08:59:41 GS-1    加载邮件信息成功,加载35个玩家的邮件。
2019-08-29 08:59:41 GS-1 已加载d:\Mud2.0\Mir200\Share\EngineConfig\摆摊交易\摊位基础设置.ini！
2019-08-29 08:59:41 GS-1 刷新摊位过期将在2:55执行！
2019-08-29 08:59:41 GS-1   加载Stall成功，共加载摊位0个
2019-08-29 08:59:41 GS-1 [Information]: 寄售表创建成功!
2019-08-29 08:59:41 GS-1 [Information]: 寄售历史表创建成功!
2019-08-29 08:59:41 GS-1 [Information]: 更新超时订单成功!
2019-08-29 08:59:41 GS-1 已加载刷新商城时间：00:00:00.
2019-08-29 08:59:41 GS-1 已加载刷新商城时间：06:00:00.
2019-08-29 08:59:41 GS-1 已加载刷新商城时间：12:00:00.
2019-08-29 08:59:41 GS-1 载入商城物品列表，共5个类别，40种商品
2019-08-29 08:59:41 GS-1 ==> 加载商城物品 装饰类：11/11
2019-08-29 08:59:41 GS-1 ==> 加载商城物品 补给类：5/5
2019-08-29 08:59:41 GS-1 ==> 加载商城物品 强化类：15/15
2019-08-29 08:59:41 GS-1 ==> 加载商城物品 限量类：7/7
2019-08-29 08:59:41 GS-1 ==> 加载商城物品 好友类：2/2
2019-08-29 08:59:41 GS-1 ==> 加载商城物品 类：0/0
2019-08-29 08:59:41 GS-1 ==> 加载商城物品 类：0/0
2019-08-29 08:59:41 GS-1 ==> 加载商城物品 类：0/0
2019-08-29 08:59:41 GS-1    [删除错误数据] 删除用户表中不存在的战队成员
2019-08-29 08:59:41 GS-1    [删除错误数据] 清除战队队长不存在的项
2019-08-29 08:59:41 GS-1    [删除错误数据] 不存在战队的成员
2019-08-29 08:59:41 GS-1    正在加载战队...
2019-08-29 08:59:41 GS-1    战队表数量 : 0
2019-08-29 08:59:41 GS-1    加载战队数量:0
2019-08-29 08:59:41 GS-1    正在加载战队成员...
2019-08-29 08:59:41 GS-1    战队成员总数:0 加载成员数:0
2019-08-29 08:59:41 GS-1    正在检测战队数据有效性...
2019-08-29 08:59:41 GS-1    战队数据有效性检测完毕
2019-08-29 08:59:41 GS-1    [删除错误数据] 清除会长战队不存在行会
2019-08-29 08:59:41 GS-1    [删除错误数据] 清除行会不存在的行会成员
2019-08-29 08:59:41 GS-1    [删除错误数据] 清除行会不存在的行会关系ID排列错误的项
2019-08-29 08:59:41 GS-1    [删除错误数据] 清除行会不存在行会关系
2019-08-29 08:59:41 GS-1    [删除错误数据] 清除行会不存在关注行会
2019-08-29 08:59:41 GS-1    加载行会数量 : 0
2019-08-29 08:59:41 GS-1    加载行会成员(战队)数量 : 0
2019-08-29 08:59:41 GS-1    加载行会关系数量 : 0
2019-08-29 08:59:41 GS-1    加载关注行会数量 : 0
2019-08-29 08:59:41 GS-1    加载请求数量:5
2019-08-29 08:59:41 GS-1 [Error]: 小助手 不存在！
2019-08-29 08:59:41 GS-1 D411地图配置在MapInfo.txt 中不是LIMITBAGITEMDROP属性
2019-08-29 08:59:41 GS-1 D415地图配置在MapInfo.txt 中不是LIMITBAGITEMDROP属性
2019-08-29 08:59:41 GS-1 D416地图配置在MapInfo.txt 中不是LIMITBAGITEMDROP属性
2019-08-29 08:59:41 GS-1 信用分验证功能：开
2019-08-29 08:59:41 GS-1 GS脚本版本号：10001
2019-08-29 08:59:41 GS-1 更新排行榜，共计：18 页
2019-08-29 08:59:41 GS-1 Gate 1 开启
2019-08-29 09:00:15 GS-1 载入商城热销商品列表，共28个。
2019-08-29 09:00:15 GS-1 ==> 加载商城热销榜:5
2019-08-29 09:04:42 GS-1 -----------------------------------------------------
---[Monster]: Max RunDelay: 453; Max RunCount 3232
---[Human]: Max RunDelay: 219; [Socket]: Max RunDelay: 16
---[App]: Min PerSecRun: 55; Max RunDelay 0
-----------------------------------------------------
2019-08-29 09:09:43 GS-1 -----------------------------------------------------
---[Monster]: Max RunDelay: 282; Max RunCount 3160
---[Human]: Max RunDelay: 47; [Socket]: Max RunDelay: 16
---[App]: Min PerSecRun: 70; Max RunDelay 0
-----------------------------------------------------
2019-08-29 09:10:14 GS-1 08-29 09:10:14 User = 11 / 11
2019-08-29 09:14:44 GS-1 -----------------------------------------------------
---[Monster]: Max RunDelay: 250; Max RunCount 3127
---[Human]: Max RunDelay: 47; [Socket]: Max RunDelay: 16
---[App]: Min PerSecRun: 71; Max RunDelay 0
-----------------------------------------------------
2019-08-29 09:19:45 GS-1 -----------------------------------------------------
---[Monster]: Max RunDelay: 266; Max RunCount 3128
---[Human]: Max RunDelay: 47; [Socket]: Max RunDelay: 16
---[App]: Min PerSecRun: 71; Max RunDelay 15
-----------------------------------------------------
2019-08-29 09:20:14 GS-1 08-29 09:20:14 User = 11 / 11
2019-08-29 09:24:46 GS-1 -----------------------------------------------------
---[Monster]: Max RunDelay: 282; Max RunCount 3193
---[Human]: Max RunDelay: 47; [Socket]: Max RunDelay: 16
---[App]: Min PerSecRun: 70; Max RunDelay 0
-----------------------------------------------------
2019-08-29 09:29:47 GS-1 -----------------------------------------------------
---[Monster]: Max RunDelay: 281; Max RunCount 3281
---[Human]: Max RunDelay: 47; [Socket]: Max RunDelay: 16
---[App]: Min PerSecRun: 73; Max RunDelay 0
-----------------------------------------------------
2019-08-29 09:30:14 GS-1 08-29 09:30:14 User = 10 / 10
2019-08-29 09:34:48 GS-1 -----------------------------------------------------
---[Monster]: Max RunDelay: 282; Max RunCount 3178
---[Human]: Max RunDelay: 47; [Socket]: Max RunDelay: 16
---[App]: Min PerSecRun: 73; Max RunDelay 0
-----------------------------------------------------
2019-08-29 09:39:49 GS-1 -----------------------------------------------------
---[Monster]: Max RunDelay: 281; Max RunCount 3169
---[Human]: Max RunDelay: 47; [Socket]: Max RunDelay: 16
---[App]: Min PerSecRun: 73; Max RunDelay 0
-----------------------------------------------------
2019-08-29 09:40:14 GS-1 08-29 09:40:14 User = 10 / 10
2019-08-29 09:44:50 GS-1 -----------------------------------------------------
---[Monster]: Max RunDelay: 282; Max RunCount 3154
---[Human]: Max RunDelay: 63; [Socket]: Max RunDelay: 16
---[App]: Min PerSecRun: 73; Max RunDelay 0
-----------------------------------------------------
2019-08-29 09:49:51 GS-1 -----------------------------------------------------
---[Monster]: Max RunDelay: 281; Max RunCount 3169
---[Human]: Max RunDelay: 63; [Socket]: Max RunDelay: 15
---[App]: Min PerSecRun: 72; Max RunDelay 0
-----------------------------------------------------
2019-08-29 09:50:14 GS-1 08-29 09:50:14 User = 12 / 12
2019-08-29 09:54:52 GS-1 -----------------------------------------------------
---[Monster]: Max RunDelay: 281; Max RunCount 3190
---[Human]: Max RunDelay: 47; [Socket]: Max RunDelay: 15
---[App]: Min PerSecRun: 72; Max RunDelay 0
-----------------------------------------------------
2019-08-29 09:59:53 GS-1 -----------------------------------------------------
---[Monster]: Max RunDelay: 296; Max RunCount 3190
---[Human]: Max RunDelay: 47; [Socket]: Max RunDelay: 16
---[App]: Min PerSecRun: 72; Max RunDelay 0
-----------------------------------------------------
2019-08-29 10:00:14 GS-1 08-29 10:00:14 User = 11 / 11
2019-08-29 10:00:15 GS-1 载入商城热销商品列表，共28个。
2019-08-29 10:00:15 GS-1 ==> 加载商城热销榜:5
2019-08-29 10:04:54 GS-1 -----------------------------------------------------
---[Monster]: Max RunDelay: 500; Max RunCount 3210
---[Human]: Max RunDelay: 47; [Socket]: Max RunDelay: 16
---[App]: Min PerSecRun: 72; Max RunDelay 0
-----------------------------------------------------
2019-08-29 10:09:55 GS-1 -----------------------------------------------------
---[Monster]: Max RunDelay: 281; Max RunCount 3209
---[Human]: Max RunDelay: 47; [Socket]: Max RunDelay: 16
---[App]: Min PerSecRun: 73; Max RunDelay 0
-----------------------------------------------------
2019-08-29 10:10:13 GS-1 08-29 10:10:13 User = 9 / 9
2019-08-29 10:14:56 GS-1 -----------------------------------------------------
---[Monster]: Max RunDelay: 281; Max RunCount 3235
---[Human]: Max RunDelay: 32; [Socket]: Max RunDelay: 15
---[App]: Min PerSecRun: 72; Max RunDelay 0
-----------------------------------------------------
2019-08-29 10:19:57 GS-1 -----------------------------------------------------
---[Monster]: Max RunDelay: 282; Max RunCount 3235
---[Human]: Max RunDelay: 47; [Socket]: Max RunDelay: 15
---[App]: Min PerSecRun: 73; Max RunDelay 0
-----------------------------------------------------
2019-08-29 10:20:14 GS-1 08-29 10:20:14 User = 10 / 10
2019-08-29 10:24:58 GS-1 -----------------------------------------------------
---[Monster]: Max RunDelay: 282; Max RunCount 3207
---[Human]: Max RunDelay: 62; [Socket]: Max RunDelay: 16
---[App]: Min PerSecRun: 73; Max RunDelay 0
-----------------------------------------------------
2019-08-29 10:29:59 GS-1 -----------------------------------------------------
---[Monster]: Max RunDelay: 469; Max RunCount 3219
---[Human]: Max RunDelay: 140; [Socket]: Max RunDelay: 47
---[App]: Min PerSecRun: 51; Max RunDelay 16
-----------------------------------------------------
2019-08-29 10:30:14 GS-1 08-29 10:30:14 User = 10 / 10
2019-08-29 10:35:00 GS-1 -----------------------------------------------------
---[Monster]: Max RunDelay: 282; Max RunCount 3198
---[Human]: Max RunDelay: 62; [Socket]: Max RunDelay: 16
---[App]: Min PerSecRun: 73; Max RunDelay 0
-----------------------------------------------------
2019-08-29 10:40:01 GS-1 -----------------------------------------------------
---[Monster]: Max RunDelay: 281; Max RunCount 3240
---[Human]: Max RunDelay: 47; [Socket]: Max RunDelay: 16
---[App]: Min PerSecRun: 72; Max RunDelay 0
-----------------------------------------------------
2019-08-29 10:40:14 GS-1 08-29 10:40:14 User = 11 / 11
2019-08-29 10:45:02 GS-1 -----------------------------------------------------
---[Monster]: Max RunDelay: 297; Max RunCount 3187
---[Human]: Max RunDelay: 62; [Socket]: Max RunDelay: 16
---[App]: Min PerSecRun: 70; Max RunDelay 15
-----------------------------------------------------
2019-08-29 10:50:03 GS-1 -----------------------------------------------------
---[Monster]: Max RunDelay: 297; Max RunCount 3187
---[Human]: Max RunDelay: 47; [Socket]: Max RunDelay: 16
---[App]: Min PerSecRun: 72; Max RunDelay 0
-----------------------------------------------------
2019-08-29 10:50:15 GS-1 08-29 10:50:15 User = 11 / 11
2019-08-29 10:55:04 GS-1 -----------------------------------------------------
---[Monster]: Max RunDelay: 297; Max RunCount 3245
---[Human]: Max RunDelay: 47; [Socket]: Max RunDelay: 16
---[App]: Min PerSecRun: 69; Max RunDelay 16
-----------------------------------------------------
2019-08-29 11:00:05 GS-1 -----------------------------------------------------
---[Monster]: Max RunDelay: 359; Max RunCount 3153
---[Human]: Max RunDelay: 47; [Socket]: Max RunDelay: 16
---[App]: Min PerSecRun: 68; Max RunDelay 0
-----------------------------------------------------
2019-08-29 11:00:15 GS-1 08-29 11:00:15 User = 12 / 12
2019-08-29 11:00:16 GS-1 载入商城热销商品列表，共28个。
2019-08-29 11:00:16 GS-1 ==> 加载商城热销榜:5
2019-08-29 11:05:06 GS-1 -----------------------------------------------------
---[Monster]: Max RunDelay: 407; Max RunCount 3173
---[Human]: Max RunDelay: 109; [Socket]: Max RunDelay: 32
---[App]: Min PerSecRun: 62; Max RunDelay 0
-----------------------------------------------------
2019-08-29 11:10:06 GS-1 -----------------------------------------------------
---[Monster]: Max RunDelay: 437; Max RunCount 3210
---[Human]: Max RunDelay: 125; [Socket]: Max RunDelay: 16
---[App]: Min PerSecRun: 60; Max RunDelay 15
-----------------------------------------------------
2019-08-29 11:10:14 GS-1 08-29 11:10:14 User = 13 / 13
2019-08-29 11:15:06 GS-1 -----------------------------------------------------
---[Monster]: Max RunDelay: 390; Max RunCount 3207
---[Human]: Max RunDelay: 63; [Socket]: Max RunDelay: 16
---[App]: Min PerSecRun: 64; Max RunDelay 15
-----------------------------------------------------
2019-08-29 11:20:06 GS-1 -----------------------------------------------------
---[Monster]: Max RunDelay: 1750; Max RunCount 3201
---[Human]: Max RunDelay: 1172; [Socket]: Max RunDelay: 297
---[App]: Min PerSecRun: 12; Max RunDelay 0
-----------------------------------------------------
2019-08-29 11:20:14 GS-1 08-29 11:20:14 User = 13 / 13
2019-08-29 11:25:07 GS-1 -----------------------------------------------------
---[Monster]: Max RunDelay: 313; Max RunCount 3210
---[Human]: Max RunDelay: 187; [Socket]: Max RunDelay: 16
---[App]: Min PerSecRun: 62; Max RunDelay 0
-----------------------------------------------------
2019-08-29 11:30:09 GS-1 -----------------------------------------------------
---[Monster]: Max RunDelay: 297; Max RunCount 3210
---[Human]: Max RunDelay: 63; [Socket]: Max RunDelay: 16
---[App]: Min PerSecRun: 71; Max RunDelay 15
-----------------------------------------------------
2019-08-29 11:30:16 GS-1 08-29 11:30:16 User = 14 / 14
2019-08-29 11:35:10 GS-1 -----------------------------------------------------
---[Monster]: Max RunDelay: 282; Max RunCount 3221
---[Human]: Max RunDelay: 47; [Socket]: Max RunDelay: 15
---[App]: Min PerSecRun: 73; Max RunDelay 0
-----------------------------------------------------
2019-08-29 11:40:11 GS-1 -----------------------------------------------------
---[Monster]: Max RunDelay: 407; Max RunCount 3143
---[Human]: Max RunDelay: 140; [Socket]: Max RunDelay: 16
---[App]: Min PerSecRun: 65; Max RunDelay 0
-----------------------------------------------------
2019-08-29 11:40:16 GS-1 08-29 11:40:16 User = 14 / 14
2019-08-29 11:45:12 GS-1 -----------------------------------------------------
---[Monster]: Max RunDelay: 281; Max RunCount 3202
---[Human]: Max RunDelay: 47; [Socket]: Max RunDelay: 16
---[App]: Min PerSecRun: 73; Max RunDelay 0
-----------------------------------------------------
2019-08-29 11:50:13 GS-1 -----------------------------------------------------
---[Monster]: Max RunDelay: 297; Max RunCount 3202
---[Human]: Max RunDelay: 47; [Socket]: Max RunDelay: 16
---[App]: Min PerSecRun: 73; Max RunDelay 16
-----------------------------------------------------
2019-08-29 11:50:16 GS-1 08-29 11:50:16 User = 13 / 13
2019-08-29 11:55:14 GS-1 -----------------------------------------------------
---[Monster]: Max RunDelay: 453; Max RunCount 3179
---[Human]: Max RunDelay: 109; [Socket]: Max RunDelay: 16
---[App]: Min PerSecRun: 59; Max RunDelay 16
-----------------------------------------------------
2019-08-29 12:00:00 GS-1 载入商城物品列表，共5个类别，40种商品
2019-08-29 12:00:00 GS-1 ==> 加载商城物品 装饰类：11/11
2019-08-29 12:00:00 GS-1 ==> 加载商城物品 补给类：5/5
2019-08-29 12:00:00 GS-1 ==> 加载商城物品 强化类：15/15
2019-08-29 12:00:00 GS-1 ==> 加载商城物品 限量类：7/7
2019-08-29 12:00:00 GS-1 ==> 加载商城物品 好友类：2/2
2019-08-29 12:00:00 GS-1 ==> 加载商城物品 类：0/0
2019-08-29 12:00:00 GS-1 ==> 加载商城物品 类：0/0
2019-08-29 12:00:00 GS-1 ==> 加载商城物品 类：0/0
2019-08-29 12:00:15 GS-1 -----------------------------------------------------
---[Monster]: Max RunDelay: 500; Max RunCount 3213
---[Human]: Max RunDelay: 63; [Socket]: Max RunDelay: 16
---[App]: Min PerSecRun: 60; Max RunDelay 0
-----------------------------------------------------
2019-08-29 12:00:16 GS-1 08-29 12:00:16 User = 15 / 15
2019-08-29 12:00:17 GS-1 载入商城热销商品列表，共28个。
2019-08-29 12:00:17 GS-1 ==> 加载商城热销榜:5
2019-08-29 12:05:16 GS-1 -----------------------------------------------------
---[Monster]: Max RunDelay: 266; Max RunCount 3135
---[Human]: Max RunDelay: 62; [Socket]: Max RunDelay: 16
---[App]: Min PerSecRun: 74; Max RunDelay 0
-----------------------------------------------------
2019-08-29 12:10:16 GS-1 08-29 12:10:16 User = 13 / 13
2019-08-29 12:10:17 GS-1 -----------------------------------------------------
---[Monster]: Max RunDelay: 297; Max RunCount 3224
---[Human]: Max RunDelay: 63; [Socket]: Max RunDelay: 16
---[App]: Min PerSecRun: 70; Max RunDelay 0
-----------------------------------------------------
2019-08-29 12:15:18 GS-1 -----------------------------------------------------
---[Monster]: Max RunDelay: 266; Max RunCount 3223
---[Human]: Max RunDelay: 63; [Socket]: Max RunDelay: 16
---[App]: Min PerSecRun: 74; Max RunDelay 0
-----------------------------------------------------
2019-08-29 12:16:22 GS-1   玩家： 无影剑，邮件Idx:  855，功加载了 1附件。
2019-08-29 12:20:16 GS-1 08-29 12:20:16 User = 12 / 12
2019-08-29 12:20:19 GS-1 -----------------------------------------------------
---[Monster]: Max RunDelay: 250; Max RunCount 3216
---[Human]: Max RunDelay: 47; [Socket]: Max RunDelay: 16
---[App]: Min PerSecRun: 74; Max RunDelay 0
-----------------------------------------------------
2019-08-29 12:25:20 GS-1 -----------------------------------------------------
---[Monster]: Max RunDelay: 282; Max RunCount 3216
---[Human]: Max RunDelay: 79; [Socket]: Max RunDelay: 16
---[App]: Min PerSecRun: 73; Max RunDelay 0
-----------------------------------------------------
2019-08-29 12:30:16 GS-1 08-29 12:30:16 User = 15 / 15
2019-08-29 12:30:21 GS-1 -----------------------------------------------------
---[Monster]: Max RunDelay: 422; Max RunCount 3222
---[Human]: Max RunDelay: 94; [Socket]: Max RunDelay: 16
---[App]: Min PerSecRun: 56; Max RunDelay 0
-----------------------------------------------------
2019-08-29 12:35:22 GS-1 -----------------------------------------------------
---[Monster]: Max RunDelay: 265; Max RunCount 3214
---[Human]: Max RunDelay: 47; [Socket]: Max RunDelay: 16
---[App]: Min PerSecRun: 73; Max RunDelay 0
-----------------------------------------------------
2019-08-29 12:40:16 GS-1 08-29 12:40:16 User = 13 / 13
2019-08-29 12:40:23 GS-1 -----------------------------------------------------
---[Monster]: Max RunDelay: 281; Max RunCount 3307
---[Human]: Max RunDelay: 62; [Socket]: Max RunDelay: 16
---[App]: Min PerSecRun: 75; Max RunDelay 0
-----------------------------------------------------
2019-08-29 12:45:24 GS-1 -----------------------------------------------------
---[Monster]: Max RunDelay: 828; Max RunCount 3179
---[Human]: Max RunDelay: 203; [Socket]: Max RunDelay: 16
---[App]: Min PerSecRun: 37; Max RunDelay 0
-----------------------------------------------------
2019-08-29 12:50:16 GS-1 08-29 12:50:16 User = 12 / 12
2019-08-29 12:50:25 GS-1 -----------------------------------------------------
---[Monster]: Max RunDelay: 266; Max RunCount 3214
---[Human]: Max RunDelay: 47; [Socket]: Max RunDelay: 15
---[App]: Min PerSecRun: 74; Max RunDelay 0
-----------------------------------------------------
2019-08-29 12:55:26 GS-1 -----------------------------------------------------
---[Monster]: Max RunDelay: 281; Max RunCount 3213
---[Human]: Max RunDelay: 47; [Socket]: Max RunDelay: 15
---[App]: Min PerSecRun: 75; Max RunDelay 0
-----------------------------------------------------
2019-08-29 13:00:16 GS-1 08-29 13:00:16 User = 13 / 13
2019-08-29 13:00:17 GS-1 载入商城热销商品列表，共28个。
2019-08-29 13:00:17 GS-1 ==> 加载商城热销榜:5
2019-08-29 13:00:27 GS-1 -----------------------------------------------------
---[Monster]: Max RunDelay: 282; Max RunCount 3219
---[Human]: Max RunDelay: 63; [Socket]: Max RunDelay: 15
---[App]: Min PerSecRun: 74; Max RunDelay 0
-----------------------------------------------------
2019-08-29 13:05:28 GS-1 -----------------------------------------------------
---[Monster]: Max RunDelay: 266; Max RunCount 3225
---[Human]: Max RunDelay: 47; [Socket]: Max RunDelay: 15
---[App]: Min PerSecRun: 75; Max RunDelay 0
-----------------------------------------------------
2019-08-29 13:10:16 GS-1 08-29 13:10:16 User = 5 / 5
2019-08-29 13:10:29 GS-1 -----------------------------------------------------
---[Monster]: Max RunDelay: 281; Max RunCount 3192
---[Human]: Max RunDelay: 47; [Socket]: Max RunDelay: 15
---[App]: Min PerSecRun: 75; Max RunDelay 0
-----------------------------------------------------
2019-08-29 13:15:30 GS-1 -----------------------------------------------------
---[Monster]: Max RunDelay: 296; Max RunCount 3220
---[Human]: Max RunDelay: 63; [Socket]: Max RunDelay: 16
---[App]: Min PerSecRun: 73; Max RunDelay 0
-----------------------------------------------------
2019-08-29 13:20:16 GS-1 08-29 13:20:16 User = 10 / 10
2019-08-29 13:20:31 GS-1 -----------------------------------------------------
---[Monster]: Max RunDelay: 281; Max RunCount 3158
---[Human]: Max RunDelay: 62; [Socket]: Max RunDelay: 16
---[App]: Min PerSecRun: 74; Max RunDelay 0
-----------------------------------------------------
2019-08-29 13:25:32 GS-1 -----------------------------------------------------
---[Monster]: Max RunDelay: 282; Max RunCount 3182
---[Human]: Max RunDelay: 62; [Socket]: Max RunDelay: 16
---[App]: Min PerSecRun: 74; Max RunDelay 0
-----------------------------------------------------
2019-08-29 13:30:16 GS-1 08-29 13:30:16 User = 10 / 10
2019-08-29 13:30:33 GS-1 -----------------------------------------------------
---[Monster]: Max RunDelay: 266; Max RunCount 3209
---[Human]: Max RunDelay: 47; [Socket]: Max RunDelay: 16
---[App]: Min PerSecRun: 74; Max RunDelay 0
-----------------------------------------------------
2019-08-29 13:35:34 GS-1 -----------------------------------------------------
---[Monster]: Max RunDelay: 281; Max RunCount 3232
---[Human]: Max RunDelay: 47; [Socket]: Max RunDelay: 16
---[App]: Min PerSecRun: 74; Max RunDelay 0
-----------------------------------------------------
2019-08-29 13:40:16 GS-1 08-29 13:40:16 User = 10 / 10
2019-08-29 13:40:35 GS-1 -----------------------------------------------------
---[Monster]: Max RunDelay: 282; Max RunCount 3221
---[Human]: Max RunDelay: 63; [Socket]: Max RunDelay: 16
---[App]: Min PerSecRun: 74; Max RunDelay 0
-----------------------------------------------------
2019-08-29 13:45:36 GS-1 -----------------------------------------------------
---[Monster]: Max RunDelay: 328; Max RunCount 3223
---[Human]: Max RunDelay: 47; [Socket]: Max RunDelay: 16
---[App]: Min PerSecRun: 71; Max RunDelay 0
-----------------------------------------------------
2019-08-29 13:50:16 GS-1 08-29 13:50:16 User = 10 / 10
2019-08-29 13:50:37 GS-1 -----------------------------------------------------
---[Monster]: Max RunDelay: 313; Max RunCount 3228
---[Human]: Max RunDelay: 63; [Socket]: Max RunDelay: 16
---[App]: Min PerSecRun: 72; Max RunDelay 0
-----------------------------------------------------
2019-08-29 13:55:38 GS-1 -----------------------------------------------------
---[Monster]: Max RunDelay: 281; Max RunCount 3221
---[Human]: Max RunDelay: 47; [Socket]: Max RunDelay: 15
---[App]: Min PerSecRun: 74; Max RunDelay 0
-----------------------------------------------------
2019-08-29 14:00:16 GS-1 08-29 14:00:16 User = 11 / 11
2019-08-29 14:00:17 GS-1 载入商城热销商品列表，共28个。
2019-08-29 14:00:17 GS-1 ==> 加载商城热销榜:5
2019-08-29 14:00:39 GS-1 -----------------------------------------------------
---[Monster]: Max RunDelay: 281; Max RunCount 3230
---[Human]: Max RunDelay: 47; [Socket]: Max RunDelay: 15
---[App]: Min PerSecRun: 73; Max RunDelay 0
-----------------------------------------------------
2019-08-29 14:05:39 GS-1 -----------------------------------------------------
---[Monster]: Max RunDelay: 297; Max RunCount 3253
---[Human]: Max RunDelay: 94; [Socket]: Max RunDelay: 32
---[App]: Min PerSecRun: 70; Max RunDelay 16
-----------------------------------------------------
2019-08-29 14:10:15 GS-1 08-29 14:10:15 User = 11 / 11
2019-08-29 14:10:41 GS-1 -----------------------------------------------------
---[Monster]: Max RunDelay: 453; Max RunCount 3260
---[Human]: Max RunDelay: 94; [Socket]: Max RunDelay: 62
---[App]: Min PerSecRun: 48; Max RunDelay 16
-----------------------------------------------------
2019-08-29 14:15:42 GS-1 -----------------------------------------------------
---[Monster]: Max RunDelay: 297; Max RunCount 3253
---[Human]: Max RunDelay: 94; [Socket]: Max RunDelay: 47
---[App]: Min PerSecRun: 70; Max RunDelay 0
-----------------------------------------------------
2019-08-29 14:20:16 GS-1 08-29 14:20:16 User = 13 / 13
2019-08-29 14:20:42 GS-1 -----------------------------------------------------
---[Monster]: Max RunDelay: 485; Max RunCount 3260
---[Human]: Max RunDelay: 94; [Socket]: Max RunDelay: 47
---[App]: Min PerSecRun: 51; Max RunDelay 16
-----------------------------------------------------
2019-08-29 14:25:44 GS-1 -----------------------------------------------------
---[Monster]: Max RunDelay: 297; Max RunCount 3260
---[Human]: Max RunDelay: 94; [Socket]: Max RunDelay: 47
---[App]: Min PerSecRun: 71; Max RunDelay 16
-----------------------------------------------------
2019-08-29 14:30:16 GS-1 08-29 14:30:16 User = 12 / 12
2019-08-29 14:30:45 GS-1 -----------------------------------------------------
---[Monster]: Max RunDelay: 531; Max RunCount 3260
---[Human]: Max RunDelay: 406; [Socket]: Max RunDelay: 47
---[App]: Min PerSecRun: 51; Max RunDelay 0
-----------------------------------------------------
2019-08-29 14:35:46 GS-1 -----------------------------------------------------
---[Monster]: Max RunDelay: 578; Max RunCount 3270
---[Human]: Max RunDelay: 391; [Socket]: Max RunDelay: 47
---[App]: Min PerSecRun: 51; Max RunDelay 16
-----------------------------------------------------
2019-08-29 14:40:17 GS-1 08-29 14:40:17 User = 12 / 12
2019-08-29 14:40:47 GS-1 -----------------------------------------------------
---[Monster]: Max RunDelay: 578; Max RunCount 3251
---[Human]: Max RunDelay: 94; [Socket]: Max RunDelay: 47
---[App]: Min PerSecRun: 51; Max RunDelay 16
-----------------------------------------------------
2019-08-29 14:45:48 GS-1 -----------------------------------------------------
---[Monster]: Max RunDelay: 282; Max RunCount 3259
---[Human]: Max RunDelay: 94; [Socket]: Max RunDelay: 47
---[App]: Min PerSecRun: 72; Max RunDelay 16
-----------------------------------------------------
2019-08-29 14:50:18 GS-1 08-29 14:50:18 User = 10 / 10
2019-08-29 14:50:49 GS-1 -----------------------------------------------------
---[Monster]: Max RunDelay: 593; Max RunCount 3259
---[Human]: Max RunDelay: 94; [Socket]: Max RunDelay: 47
---[App]: Min PerSecRun: 51; Max RunDelay 15
-----------------------------------------------------
2019-08-29 14:55:50 GS-1 -----------------------------------------------------
---[Monster]: Max RunDelay: 578; Max RunCount 3270
---[Human]: Max RunDelay: 94; [Socket]: Max RunDelay: 47
---[App]: Min PerSecRun: 50; Max RunDelay 15
-----------------------------------------------------
2019-08-29 15:00:17 GS-1 载入商城热销商品列表，共28个。
2019-08-29 15:00:17 GS-1 ==> 加载商城热销榜:5
2019-08-29 15:00:18 GS-1 08-29 15:00:18 User = 11 / 11
2019-08-29 15:00:51 GS-1 -----------------------------------------------------
---[Monster]: Max RunDelay: 437; Max RunCount 3295
---[Human]: Max RunDelay: 250; [Socket]: Max RunDelay: 47
---[App]: Min PerSecRun: 63; Max RunDelay 16
-----------------------------------------------------
2019-08-29 15:05:52 GS-1 -----------------------------------------------------
---[Monster]: Max RunDelay: 360; Max RunCount 3264
---[Human]: Max RunDelay: 203; [Socket]: Max RunDelay: 63
---[App]: Min PerSecRun: 66; Max RunDelay 0
-----------------------------------------------------
2019-08-29 15:10:19 GS-1 08-29 15:10:19 User = 11 / 11
2019-08-29 15:10:53 GS-1 -----------------------------------------------------
---[Monster]: Max RunDelay: 360; Max RunCount 3294
---[Human]: Max RunDelay: 188; [Socket]: Max RunDelay: 16
---[App]: Min PerSecRun: 62; Max RunDelay 0
-----------------------------------------------------
2019-08-29 15:15:54 GS-1 -----------------------------------------------------
---[Monster]: Max RunDelay: 485; Max RunCount 3288
---[Human]: Max RunDelay: 391; [Socket]: Max RunDelay: 47
---[App]: Min PerSecRun: 51; Max RunDelay 0
-----------------------------------------------------
2019-08-29 15:20:19 GS-1 08-29 15:20:19 User = 9 / 9
2019-08-29 15:20:55 GS-1 -----------------------------------------------------
---[Monster]: Max RunDelay: 391; Max RunCount 3264
---[Human]: Max RunDelay: 110; [Socket]: Max RunDelay: 47
---[App]: Min PerSecRun: 66; Max RunDelay 0
-----------------------------------------------------
2019-08-29 15:25:56 GS-1 -----------------------------------------------------
---[Monster]: Max RunDelay: 343; Max RunCount 3265
---[Human]: Max RunDelay: 63; [Socket]: Max RunDelay: 62
---[App]: Min PerSecRun: 63; Max RunDelay 0
-----------------------------------------------------
2019-08-29 15:30:20 GS-1 08-29 15:30:20 User = 9 / 9
2019-08-29 15:30:57 GS-1 -----------------------------------------------------
---[Monster]: Max RunDelay: 313; Max RunCount 3273
---[Human]: Max RunDelay: 63; [Socket]: Max RunDelay: 62
---[App]: Min PerSecRun: 72; Max RunDelay 0
-----------------------------------------------------
2019-08-29 15:35:58 GS-1 -----------------------------------------------------
---[Monster]: Max RunDelay: 469; Max RunCount 3276
---[Human]: Max RunDelay: 79; [Socket]: Max RunDelay: 47
---[App]: Min PerSecRun: 52; Max RunDelay 0
-----------------------------------------------------
2019-08-29 15:40:21 GS-1 08-29 15:40:21 User = 5 / 5
2019-08-29 15:40:59 GS-1 -----------------------------------------------------
---[Monster]: Max RunDelay: 297; Max RunCount 3271
---[Human]: Max RunDelay: 79; [Socket]: Max RunDelay: 47
---[App]: Min PerSecRun: 73; Max RunDelay 0
-----------------------------------------------------
2019-08-29 15:46:00 GS-1 -----------------------------------------------------
---[Monster]: Max RunDelay: 516; Max RunCount 3271
---[Human]: Max RunDelay: 79; [Socket]: Max RunDelay: 47
---[App]: Min PerSecRun: 72; Max RunDelay 0
-----------------------------------------------------
2019-08-29 15:50:20 GS-1 08-29 15:50:20 User = 5 / 5
2019-08-29 15:51:01 GS-1 -----------------------------------------------------
---[Monster]: Max RunDelay: 594; Max RunCount 3271
---[Human]: Max RunDelay: 375; [Socket]: Max RunDelay: 47
---[App]: Min PerSecRun: 51; Max RunDelay 0
-----------------------------------------------------
2019-08-29 15:56:02 GS-1 -----------------------------------------------------
---[Monster]: Max RunDelay: 594; Max RunCount 3272
---[Human]: Max RunDelay: 79; [Socket]: Max RunDelay: 47
---[App]: Min PerSecRun: 52; Max RunDelay 0
-----------------------------------------------------
2019-08-29 16:00:18 GS-1 载入商城热销商品列表，共28个。
2019-08-29 16:00:18 GS-1 ==> 加载商城热销榜:5
2019-08-29 16:00:20 GS-1 08-29 16:00:20 User = 5 / 5
2019-08-29 16:01:03 GS-1 -----------------------------------------------------
---[Monster]: Max RunDelay: 594; Max RunCount 3593
---[Human]: Max RunDelay: 94; [Socket]: Max RunDelay: 344
---[App]: Min PerSecRun: 50; Max RunDelay 0
-----------------------------------------------------
2019-08-29 16:06:04 GS-1 -----------------------------------------------------
---[Monster]: Max RunDelay: 610; Max RunCount 4292
---[Human]: Max RunDelay: 79; [Socket]: Max RunDelay: 47
---[App]: Min PerSecRun: 51; Max RunDelay 0
-----------------------------------------------------
2019-08-29 16:10:21 GS-1 08-29 16:10:21 User = 14 / 14
2019-08-29 16:11:05 GS-1 -----------------------------------------------------
---[Monster]: Max RunDelay: 547; Max RunCount 4297
---[Human]: Max RunDelay: 79; [Socket]: Max RunDelay: 47
---[App]: Min PerSecRun: 72; Max RunDelay 0
-----------------------------------------------------
2019-08-29 16:16:05 GS-1 -----------------------------------------------------
---[Monster]: Max RunDelay: 547; Max RunCount 4288
---[Human]: Max RunDelay: 79; [Socket]: Max RunDelay: 47
---[App]: Min PerSecRun: 49; Max RunDelay 0
-----------------------------------------------------
2019-08-29 16:20:22 GS-1 08-29 16:20:22 User = 15 / 15
2019-08-29 16:21:05 GS-1 -----------------------------------------------------
---[Monster]: Max RunDelay: 562; Max RunCount 4288
---[Human]: Max RunDelay: 375; [Socket]: Max RunDelay: 47
---[App]: Min PerSecRun: 50; Max RunDelay 16
-----------------------------------------------------
2019-08-29 16:26:06 GS-1 -----------------------------------------------------
---[Monster]: Max RunDelay: 485; Max RunCount 4304
---[Human]: Max RunDelay: 78; [Socket]: Max RunDelay: 46
---[App]: Min PerSecRun: 65; Max RunDelay 16
-----------------------------------------------------
2019-08-29 16:30:23 GS-1 08-29 16:30:23 User = 15 / 15
2019-08-29 16:31:07 GS-1 -----------------------------------------------------
---[Monster]: Max RunDelay: 594; Max RunCount 4350
---[Human]: Max RunDelay: 79; [Socket]: Max RunDelay: 344
---[App]: Min PerSecRun: 49; Max RunDelay 16
-----------------------------------------------------
2019-08-29 16:36:08 GS-1 -----------------------------------------------------
---[Monster]: Max RunDelay: 531; Max RunCount 4352
---[Human]: Max RunDelay: 156; [Socket]: Max RunDelay: 47
---[App]: Min PerSecRun: 48; Max RunDelay 16
-----------------------------------------------------
2019-08-29 16:40:23 GS-1 08-29 16:40:23 User = 14 / 14
2019-08-29 16:41:09 GS-1 -----------------------------------------------------
---[Monster]: Max RunDelay: 563; Max RunCount 4348
---[Human]: Max RunDelay: 79; [Socket]: Max RunDelay: 47
---[App]: Min PerSecRun: 66; Max RunDelay 15
-----------------------------------------------------
2019-08-29 16:46:09 GS-1 -----------------------------------------------------
---[Monster]: Max RunDelay: 485; Max RunCount 4353
---[Human]: Max RunDelay: 125; [Socket]: Max RunDelay: 63
---[App]: Min PerSecRun: 65; Max RunDelay 0
-----------------------------------------------------
2019-08-29 16:50:23 GS-1 08-29 16:50:23 User = 14 / 14
2019-08-29 16:51:11 GS-1 -----------------------------------------------------
---[Monster]: Max RunDelay: 641; Max RunCount 4395
---[Human]: Max RunDelay: 391; [Socket]: Max RunDelay: 47
---[App]: Min PerSecRun: 46; Max RunDelay 15
-----------------------------------------------------
2019-08-29 16:56:12 GS-1 -----------------------------------------------------
---[Monster]: Max RunDelay: 594; Max RunCount 4376
---[Human]: Max RunDelay: 187; [Socket]: Max RunDelay: 16
---[App]: Min PerSecRun: 46; Max RunDelay 0
-----------------------------------------------------
2019-08-29 17:00:19 GS-1 载入商城热销商品列表，共30个。
2019-08-29 17:00:19 GS-1 ==> 加载商城热销榜:5
2019-08-29 17:00:24 GS-1 08-29 17:00:24 User = 8 / 8
2019-08-29 17:01:13 GS-1 -----------------------------------------------------
---[Monster]: Max RunDelay: 687; Max RunCount 4375
---[Human]: Max RunDelay: 437; [Socket]: Max RunDelay: 31
---[App]: Min PerSecRun: 40; Max RunDelay 0
-----------------------------------------------------
2019-08-29 17:02:29 GS-1 17:02:30 Gate 1 (49.234.26.20) 关闭
2019-08-29 17:02:29 GS-1 [Warning]: 与DB 服务器断开连接....
2019-08-29 17:02:34 GS-1 释放--魔龙冰晶升级对象--结束
2019-08-29 17:02:34 GS-1 释放--天赐宝箱1--结束
2019-08-29 17:02:34 GS-1 释放--天赐宝箱2--结束
2019-08-29 17:02:34 GS-1 释放--一点充--结束
2019-08-29 17:02:34 GS-1 释放--事件管理对象--结束
2019-08-29 17:02:34 GS-1 释放--任务管理对象--结束
2019-08-29 17:02:34 GS-1 释放--升级提醒管理对象--结束
2019-08-29 17:02:34 GS-1 释放--GDMsg管理对象--结束
2019-08-29 17:02:34 GS-1 释放--跨地图寻路管理对象--结束
2019-08-29 17:02:34 GS-1 释放--沙巴克管理对象--结束
2019-08-29 17:02:34 GS-1 释放--中央活动服务器客户端--结束
2019-08-29 17:02:34 GS-1 释放--乾坤包--结束
2019-08-29 17:02:34 GS-1 正在清除模块-卧龙英雄管理-的配置表d:\Mud2.0\Mir200\Share\EngineConfig\卧龙英雄管理\Fortress-HERO1.txt
2019-08-29 17:02:34 GS-1 正在清除模块-卧龙英雄管理-的配置表d:\Mud2.0\Mir200\Share\EngineConfig\卧龙英雄管理\Fortress.txt
2019-08-29 17:02:34 GS-1 正在清除模块-游戏元素点阵管理-的配置表d:\Mud2.0\Mir200\Share\EngineConfig\游戏元素点阵管理\GMActEvent.txt
2019-08-29 17:02:34 GS-1 正在清除模块-信用分管理-的配置表d:\Mud2.0\Mir200\Share\EngineConfig\信用分管理\PlayerActivePoint.xml
2019-08-29 17:02:34 GS-1 正在清除模块-信用分管理-的配置表d:\Mud2.0\Mir200\Share\EngineConfig\信用分管理\MapActivePoint.xml
2019-08-29 17:02:34 GS-1 正在清除模块-摆摊交易-的配置表d:\Mud2.0\Mir200\Share\EngineConfig\摆摊交易\摊位基础设置.ini
2019-08-29 17:02:34 GS-1 正在清除模块-元宝商城管理-的配置表d:\Mud2.0\Mir200\Share\EngineConfig\元宝商城管理\YBGoods.sql
2019-08-29 17:02:34 GS-1 正在清除模块-小助手管理-的配置表d:\Mud2.0\Mir200\Share\EngineConfig\小助手管理\小助手.txt
2019-08-29 17:02:34 GS-1 正在清除模块-静态地图管理-的配置表d:\Mud2.0\Mir200\Share\EngineConfig\静态地图管理\MapDropLimitBagItems.xml
2019-08-29 17:02:34 GS-1 正在清除模块-装备合成管理-的配置表d:\Mud2.0\Mir200\Share\EngineConfig\装备合成管理\StrengthenEquip.xml
2019-08-29 17:02:35 GS-1 正在清除模块-藏宝图管理-的配置表d:\Mud2.0\Mir200\Share\EngineConfig\藏宝图管理\修复藏宝图.txt
2019-08-29 17:02:35 GS-1 正在清除模块-藏宝图管理-的配置表d:\Mud2.0\Mir200\Share\EngineConfig\藏宝图管理\魔龙藏宝图合成装备.txt
2019-08-29 17:02:35 GS-1 正在清除模块-衣服升级管理-的配置表d:\Mud2.0\Mir200\Share\EngineConfig\衣服升级管理\UpdateClothes.xml
2019-08-29 17:02:35 GS-1 正在清除模块-道具管理-的配置表d:\Mud2.0\Mir200\Share\EngineConfig\道具管理\宝石配置.txt
2019-08-29 17:02:35 GS-1 正在清除模块-世界暴率管理-的配置表d:\Mud2.0\Mir200\Share\EngineConfig\世界暴率管理\世界爆率文件1.txt
2019-08-29 17:02:35 GS-1 释放--跨GS消息管理对象--结束
2019-08-29 17:02:35 GS-1 释放--gate管理对象--结束
2019-08-29 17:02:35 GS-1 释放--魔法管理对象--结束
2019-08-29 17:02:35 GS-1 释放--套装管理对象--结束
2019-08-29 17:02:35 GS-1 释放--新暴率管理对象--结束
2019-08-29 17:02:35 GS-1 释放--角色信息初始化管理对象--结束
2019-08-29 17:02:35 GS-1 释放--GS本地日志--结束
2019-08-29 17:02:35 GS-1 释放--DBEngn对象--结束
2019-08-29 17:02:35 GS-1 释放--任务列表--结束
2019-08-29 17:02:35 GS-1 释放--buffer管理类--结束
2019-08-29 17:02:35 GS-1 释放--排行榜--结束
2019-08-29 17:02:35 GS-1 释放--免费回收--结束
2019-08-29 17:02:35 GS-1 释放--mysql对象--结束
2019-08-29 17:02:35 GS-1 ================ 服务停止 ==============
