2019-08-28 22:28:22 GS-1 -----------------------------------------------------
---[Monster]: Max RunDelay: 0; Max RunCount 0
---[Human]: Max RunDelay: 0; [Socket]: Max RunDelay: 0
---[App]: Min PerSecRun: 100; Max RunDelay 0
-----------------------------------------------------
2019-08-28 22:28:22 GS-1 ================ 服务启动 ==============
2019-08-28 22:28:22 GS-1 TPlayerBody Size - 1616
2019-08-28 22:28:22 GS-1 TPlayerDB Size - 61608
2019-08-28 22:28:22 GS-1 ======== 连接MySQL成功 =======
2019-08-28 22:28:22 GS-1 *** ***Gamelog 的下次清理时间为 : 09月04日03时*** ***
2019-08-28 22:28:22 GS-1 ==加载GM指令定义完成==
2019-08-28 22:28:22 GS-1 与 DB 服务器连接成功
2019-08-28 22:28:22 GS-1 [Error]: 火龙珠奖励配置错误！
2019-08-28 22:28:22 GS-1 [Error]: 抽取概率错误:赤金天赐->宝箱1:概率7
2019-08-28 22:28:22 GS-1 [Error]: 抽取概率错误:白银天赐->宝箱1:概率7
2019-08-28 22:28:22 GS-1 [Error]: 抽取概率错误:紫铜天赐->宝箱1:概率7
2019-08-28 22:28:22 GS-1 [Error]: 抽取概率错误:神秘天赐->宝箱1:概率7
2019-08-28 22:28:22 GS-1 [Error]: 抽取概率错误:檀木天赐->宝箱1:概率7
2019-08-28 22:28:22 GS-1 [Error]: 抽取概率错误:宝藏天赐 ->宝箱1:概率7
2019-08-28 22:28:22 GS-1 [Error]: StdItems 不存在的天赐：新年天赐
2019-08-28 22:28:22 GS-1 [Error]: StdItems 不存在的钥匙：新年钥匙
2019-08-28 22:28:22 GS-1 [Error]: StdItems 不存在的钥匙：春节钥匙
2019-08-28 22:28:22 GS-1 [Error]: StdItems 不存在的钥匙：节日钥匙
2019-08-28 22:28:22 GS-1 [Error]: StdItems 不存在的天赐：感恩天赐
2019-08-28 22:28:22 GS-1 [Error]: StdItems 不存在的钥匙：感恩钥匙
2019-08-28 22:28:22 GS-1 系统参数初始化完毕
2019-08-28 22:28:22 GS-1 准备加载NPC，共513个
2019-08-28 22:28:22 GS-1 已加载d:\Mud2.0\Mir200\Share\EngineConfig\系统信息管理\RollMsg.txt！
2019-08-28 22:28:22 GS-1 已加载d:\Mud2.0\Mir200\Share\EngineConfig\系统信息管理\掉落物品提示.txt！
2019-08-28 22:28:22 GS-1 已加载d:\Mud2.0\Mir200\Share\EngineConfig\卧龙英雄管理\Fortress.txt！
2019-08-28 22:28:22 GS-1 已加载d:\Mud2.0\Mir200\Share\EngineConfig\游戏元素点阵管理\GMActEvent.txt！
2019-08-28 22:28:22 GS-1    加载邮件信息成功,加载11个玩家的邮件。
2019-08-28 22:28:22 GS-1    加载邮件信息成功,加载33个玩家的邮件。
2019-08-28 22:28:22 GS-1 已加载d:\Mud2.0\Mir200\Share\EngineConfig\摆摊交易\摊位基础设置.ini！
2019-08-28 22:28:22 GS-1 刷新摊位过期将在2:55执行！
2019-08-28 22:28:22 GS-1   加载Stall成功，共加载摊位1个
2019-08-28 22:28:22 GS-1 [Information]: 寄售表创建成功!
2019-08-28 22:28:22 GS-1 [Information]: 寄售历史表创建成功!
2019-08-28 22:28:22 GS-1 [Information]: 更新超时订单成功!
2019-08-28 22:28:22 GS-1 已加载刷新商城时间：00:00:00.
2019-08-28 22:28:22 GS-1 已加载刷新商城时间：06:00:00.
2019-08-28 22:28:22 GS-1 已加载刷新商城时间：12:00:00.
2019-08-28 22:28:22 GS-1 载入商城物品列表，共5个类别，36种商品
2019-08-28 22:28:22 GS-1 ==> 加载商城物品 装饰类：11/11
2019-08-28 22:28:22 GS-1 ==> 加载商城物品 补给类：3/3
2019-08-28 22:28:22 GS-1 ==> 加载商城物品 强化类：15/15
2019-08-28 22:28:22 GS-1 ==> 加载商城物品 限量类：5/5
2019-08-28 22:28:22 GS-1 ==> 加载商城物品 好友类：2/2
2019-08-28 22:28:22 GS-1 ==> 加载商城物品 类：0/0
2019-08-28 22:28:22 GS-1 ==> 加载商城物品 类：0/0
2019-08-28 22:28:22 GS-1 ==> 加载商城物品 类：0/0
2019-08-28 22:28:22 GS-1    [删除错误数据] 删除用户表中不存在的战队成员
2019-08-28 22:28:22 GS-1    [删除错误数据] 清除战队队长不存在的项
2019-08-28 22:28:22 GS-1    [删除错误数据] 不存在战队的成员
2019-08-28 22:28:22 GS-1    正在加载战队...
2019-08-28 22:28:22 GS-1    战队表数量 : 0
2019-08-28 22:28:22 GS-1    加载战队数量:0
2019-08-28 22:28:22 GS-1    正在加载战队成员...
2019-08-28 22:28:22 GS-1    战队成员总数:0 加载成员数:0
2019-08-28 22:28:22 GS-1    正在检测战队数据有效性...
2019-08-28 22:28:22 GS-1    战队数据有效性检测完毕
2019-08-28 22:28:22 GS-1    [删除错误数据] 清除会长战队不存在行会
2019-08-28 22:28:22 GS-1    [删除错误数据] 清除行会不存在的行会成员
2019-08-28 22:28:22 GS-1    [删除错误数据] 清除行会不存在的行会关系ID排列错误的项
2019-08-28 22:28:22 GS-1    [删除错误数据] 清除行会不存在行会关系
2019-08-28 22:28:22 GS-1    [删除错误数据] 清除行会不存在关注行会
2019-08-28 22:28:22 GS-1    加载行会数量 : 0
2019-08-28 22:28:22 GS-1    加载行会成员(战队)数量 : 0
2019-08-28 22:28:22 GS-1    加载行会关系数量 : 0
2019-08-28 22:28:22 GS-1    加载关注行会数量 : 0
2019-08-28 22:28:22 GS-1    加载请求数量:5
2019-08-28 22:28:22 GS-1 [Error]: 小助手 不存在！
2019-08-28 22:28:22 GS-1 D411地图配置在MapInfo.txt 中不是LIMITBAGITEMDROP属性
2019-08-28 22:28:22 GS-1 D415地图配置在MapInfo.txt 中不是LIMITBAGITEMDROP属性
2019-08-28 22:28:22 GS-1 D416地图配置在MapInfo.txt 中不是LIMITBAGITEMDROP属性
2019-08-28 22:28:22 GS-1 信用分验证功能：开
2019-08-28 22:28:22 GS-1 GS脚本版本号：10001
2019-08-28 22:28:22 GS-1 更新排行榜，共计：13 页
2019-08-28 22:28:22 GS-1 Gate 1 开启
2019-08-28 22:28:50 GS-1 载入商城热销商品列表，共24个。
2019-08-28 22:28:50 GS-1 ==> 加载商城热销榜:5
2019-08-28 22:33:24 GS-1 -----------------------------------------------------
---[Monster]: Max RunDelay: 515; Max RunCount 3241
---[Human]: Max RunDelay: 156; [Socket]: Max RunDelay: 16
---[App]: Min PerSecRun: 42; Max RunDelay 0
-----------------------------------------------------
2019-08-28 22:38:23 GS-1 -----------------------------------------------------
---[Monster]: Max RunDelay: 625; Max RunCount 3134
---[Human]: Max RunDelay: 110; [Socket]: Max RunDelay: 16
---[App]: Min PerSecRun: 50; Max RunDelay 0
-----------------------------------------------------
2019-08-28 22:38:49 GS-1 08-28 22:38:49 User = 6 / 6
2019-08-28 22:43:24 GS-1 -----------------------------------------------------
---[Monster]: Max RunDelay: 266; Max RunCount 3154
---[Human]: Max RunDelay: 32; [Socket]: Max RunDelay: 15
---[App]: Min PerSecRun: 72; Max RunDelay 0
-----------------------------------------------------
2019-08-28 22:48:25 GS-1 -----------------------------------------------------
---[Monster]: Max RunDelay: 266; Max RunCount 3170
---[Human]: Max RunDelay: 47; [Socket]: Max RunDelay: 15
---[App]: Min PerSecRun: 73; Max RunDelay 0
-----------------------------------------------------
2019-08-28 22:48:49 GS-1 08-28 22:48:49 User = 6 / 6
2019-08-28 22:53:25 GS-1 -----------------------------------------------------
---[Monster]: Max RunDelay: 750; Max RunCount 3171
---[Human]: Max RunDelay: 219; [Socket]: Max RunDelay: 15
---[App]: Min PerSecRun: 52; Max RunDelay 0
-----------------------------------------------------
2019-08-28 22:58:26 GS-1 -----------------------------------------------------
---[Monster]: Max RunDelay: 828; Max RunCount 3146
---[Human]: Max RunDelay: 406; [Socket]: Max RunDelay: 16
---[App]: Min PerSecRun: 30; Max RunDelay 15
-----------------------------------------------------
2019-08-28 22:58:46 GS-1 [Error]: GameGate ServerSocketError, ErrorCode=10061
2019-08-28 22:58:49 GS-1 08-28 22:58:49 User = 15 / 15
2019-08-28 23:03:27 GS-1 -----------------------------------------------------
---[Monster]: Max RunDelay: 282; Max RunCount 3175
---[Human]: Max RunDelay: 63; [Socket]: Max RunDelay: 16
---[App]: Min PerSecRun: 74; Max RunDelay 0
-----------------------------------------------------
2019-08-28 23:08:28 GS-1 -----------------------------------------------------
---[Monster]: Max RunDelay: 281; Max RunCount 3176
---[Human]: Max RunDelay: 47; [Socket]: Max RunDelay: 16
---[App]: Min PerSecRun: 74; Max RunDelay 16
-----------------------------------------------------
2019-08-28 23:08:49 GS-1 08-28 23:08:49 User = 16 / 16
2019-08-28 23:13:29 GS-1 -----------------------------------------------------
---[Monster]: Max RunDelay: 282; Max RunCount 3173
---[Human]: Max RunDelay: 47; [Socket]: Max RunDelay: 15
---[App]: Min PerSecRun: 74; Max RunDelay 16
-----------------------------------------------------
2019-08-28 23:18:29 GS-1 -----------------------------------------------------
---[Monster]: Max RunDelay: 422; Max RunCount 3269
---[Human]: Max RunDelay: 63; [Socket]: Max RunDelay: 16
---[App]: Min PerSecRun: 59; Max RunDelay 16
-----------------------------------------------------
2019-08-28 23:18:49 GS-1 08-28 23:18:49 User = 17 / 17
2019-08-28 23:23:30 GS-1 -----------------------------------------------------
---[Monster]: Max RunDelay: 422; Max RunCount 3257
---[Human]: Max RunDelay: 203; [Socket]: Max RunDelay: 16
---[App]: Min PerSecRun: 58; Max RunDelay 16
-----------------------------------------------------
2019-08-28 23:28:31 GS-1 -----------------------------------------------------
---[Monster]: Max RunDelay: 734; Max RunCount 3271
---[Human]: Max RunDelay: 156; [Socket]: Max RunDelay: 16
---[App]: Min PerSecRun: 39; Max RunDelay 0
-----------------------------------------------------
2019-08-28 23:28:49 GS-1 08-28 23:28:49 User = 15 / 15
2019-08-28 23:28:51 GS-1 载入商城热销商品列表，共24个。
2019-08-28 23:28:51 GS-1 ==> 加载商城热销榜:5
2019-08-28 23:33:32 GS-1 -----------------------------------------------------
---[Monster]: Max RunDelay: 281; Max RunCount 3266
---[Human]: Max RunDelay: 94; [Socket]: Max RunDelay: 16
---[App]: Min PerSecRun: 70; Max RunDelay 0
-----------------------------------------------------
2019-08-28 23:38:32 GS-1 -----------------------------------------------------
---[Monster]: Max RunDelay: 547; Max RunCount 3249
---[Human]: Max RunDelay: 94; [Socket]: Max RunDelay: 31
---[App]: Min PerSecRun: 42; Max RunDelay 0
-----------------------------------------------------
2019-08-28 23:38:49 GS-1 08-28 23:38:49 User = 15 / 15
2019-08-28 23:43:33 GS-1 -----------------------------------------------------
---[Monster]: Max RunDelay: 297; Max RunCount 3216
---[Human]: Max RunDelay: 94; [Socket]: Max RunDelay: 47
---[App]: Min PerSecRun: 72; Max RunDelay 0
-----------------------------------------------------
2019-08-28 23:48:34 GS-1 -----------------------------------------------------
---[Monster]: Max RunDelay: 297; Max RunCount 3279
---[Human]: Max RunDelay: 94; [Socket]: Max RunDelay: 47
---[App]: Min PerSecRun: 73; Max RunDelay 16
-----------------------------------------------------
2019-08-28 23:48:49 GS-1 08-28 23:48:49 User = 15 / 15
2019-08-28 23:50:36 GS-1   玩家： 传奇，邮件Idx:  852，功加载了 1附件。
2019-08-28 23:50:36 GS-1   玩家： 传奇，邮件Idx:  853，功加载了 1附件。
2019-08-28 23:53:35 GS-1 -----------------------------------------------------
---[Monster]: Max RunDelay: 391; Max RunCount 3271
---[Human]: Max RunDelay: 94; [Socket]: Max RunDelay: 47
---[App]: Min PerSecRun: 66; Max RunDelay 16
-----------------------------------------------------
2019-08-28 23:58:36 GS-1 -----------------------------------------------------
---[Monster]: Max RunDelay: 266; Max RunCount 3184
---[Human]: Max RunDelay: 79; [Socket]: Max RunDelay: 16
---[App]: Min PerSecRun: 72; Max RunDelay 0
-----------------------------------------------------
2019-08-28 23:58:50 GS-1 08-28 23:58:50 User = 14 / 14
2019-08-29 00:00:00 GS-1 载入商城物品列表，共5个类别，36种商品
2019-08-29 00:00:00 GS-1 ==> 加载商城物品 装饰类：11/11
2019-08-29 00:00:00 GS-1 ==> 加载商城物品 补给类：3/3
2019-08-29 00:00:00 GS-1 ==> 加载商城物品 强化类：15/15
2019-08-29 00:00:00 GS-1 ==> 加载商城物品 限量类：5/5
2019-08-29 00:00:00 GS-1 ==> 加载商城物品 好友类：2/2
2019-08-29 00:00:00 GS-1 ==> 加载商城物品 类：0/0
2019-08-29 00:00:00 GS-1 ==> 加载商城物品 类：0/0
2019-08-29 00:00:00 GS-1 ==> 加载商城物品 类：0/0
2019-08-29 00:03:37 GS-1 -----------------------------------------------------
---[Monster]: Max RunDelay: 437; Max RunCount 3181
---[Human]: Max RunDelay: 47; [Socket]: Max RunDelay: 16
---[App]: Min PerSecRun: 60; Max RunDelay 0
-----------------------------------------------------
2019-08-29 00:08:38 GS-1 -----------------------------------------------------
---[Monster]: Max RunDelay: 282; Max RunCount 3163
---[Human]: Max RunDelay: 47; [Socket]: Max RunDelay: 15
---[App]: Min PerSecRun: 75; Max RunDelay 0
-----------------------------------------------------
2019-08-29 00:08:50 GS-1 08-29 00:08:50 User = 15 / 15
2019-08-29 00:13:39 GS-1 -----------------------------------------------------
---[Monster]: Max RunDelay: 281; Max RunCount 3190
---[Human]: Max RunDelay: 47; [Socket]: Max RunDelay: 15
---[App]: Min PerSecRun: 72; Max RunDelay 0
-----------------------------------------------------
2019-08-29 00:18:40 GS-1 -----------------------------------------------------
---[Monster]: Max RunDelay: 531; Max RunCount 3192
---[Human]: Max RunDelay: 79; [Socket]: Max RunDelay: 47
---[App]: Min PerSecRun: 51; Max RunDelay 0
-----------------------------------------------------
2019-08-29 00:18:49 GS-1 08-29 00:18:49 User = 13 / 13
2019-08-29 00:23:41 GS-1 -----------------------------------------------------
---[Monster]: Max RunDelay: 593; Max RunCount 3196
---[Human]: Max RunDelay: 375; [Socket]: Max RunDelay: 47
---[App]: Min PerSecRun: 51; Max RunDelay 0
-----------------------------------------------------
2019-08-29 00:28:43 GS-1 -----------------------------------------------------
---[Monster]: Max RunDelay: 578; Max RunCount 3188
---[Human]: Max RunDelay: 94; [Socket]: Max RunDelay: 32
---[App]: Min PerSecRun: 51; Max RunDelay 0
-----------------------------------------------------
2019-08-29 00:28:51 GS-1 08-29 00:28:51 User = 14 / 14
2019-08-29 00:28:52 GS-1 载入商城热销商品列表，共24个。
2019-08-29 00:28:52 GS-1 ==> 加载商城热销榜:5
2019-08-29 00:33:44 GS-1 -----------------------------------------------------
---[Monster]: Max RunDelay: 578; Max RunCount 3174
---[Human]: Max RunDelay: 47; [Socket]: Max RunDelay: 47
---[App]: Min PerSecRun: 64; Max RunDelay 16
-----------------------------------------------------
2019-08-29 00:38:44 GS-1 -----------------------------------------------------
---[Monster]: Max RunDelay: 360; Max RunCount 3173
---[Human]: Max RunDelay: 93; [Socket]: Max RunDelay: 16
---[App]: Min PerSecRun: 64; Max RunDelay 0
-----------------------------------------------------
2019-08-29 00:38:51 GS-1 08-29 00:38:51 User = 12 / 12
2019-08-29 00:43:45 GS-1 -----------------------------------------------------
---[Monster]: Max RunDelay: 282; Max RunCount 3175
---[Human]: Max RunDelay: 47; [Socket]: Max RunDelay: 15
---[App]: Min PerSecRun: 74; Max RunDelay 0
-----------------------------------------------------
2019-08-29 00:48:46 GS-1 -----------------------------------------------------
---[Monster]: Max RunDelay: 313; Max RunCount 3184
---[Human]: Max RunDelay: 78; [Socket]: Max RunDelay: 16
---[App]: Min PerSecRun: 68; Max RunDelay 0
-----------------------------------------------------
2019-08-29 00:48:51 GS-1 08-29 00:48:51 User = 12 / 12
2019-08-29 00:53:47 GS-1 -----------------------------------------------------
---[Monster]: Max RunDelay: 281; Max RunCount 3182
---[Human]: Max RunDelay: 62; [Socket]: Max RunDelay: 16
---[App]: Min PerSecRun: 73; Max RunDelay 16
-----------------------------------------------------
2019-08-29 00:58:48 GS-1 -----------------------------------------------------
---[Monster]: Max RunDelay: 281; Max RunCount 3167
---[Human]: Max RunDelay: 47; [Socket]: Max RunDelay: 15
---[App]: Min PerSecRun: 73; Max RunDelay 0
-----------------------------------------------------
2019-08-29 00:58:51 GS-1 08-29 00:58:51 User = 12 / 12
2019-08-29 01:03:49 GS-1 -----------------------------------------------------
---[Monster]: Max RunDelay: 297; Max RunCount 3168
---[Human]: Max RunDelay: 47; [Socket]: Max RunDelay: 15
---[App]: Min PerSecRun: 72; Max RunDelay 16
-----------------------------------------------------
2019-08-29 01:08:50 GS-1 -----------------------------------------------------
---[Monster]: Max RunDelay: 281; Max RunCount 3203
---[Human]: Max RunDelay: 62; [Socket]: Max RunDelay: 15
---[App]: Min PerSecRun: 73; Max RunDelay 0
-----------------------------------------------------
2019-08-29 01:08:51 GS-1 08-29 01:08:51 User = 12 / 12
2019-08-29 01:13:51 GS-1 -----------------------------------------------------
---[Monster]: Max RunDelay: 282; Max RunCount 3183
---[Human]: Max RunDelay: 47; [Socket]: Max RunDelay: 15
---[App]: Min PerSecRun: 72; Max RunDelay 0
-----------------------------------------------------
2019-08-29 01:18:51 GS-1 08-29 01:18:51 User = 12 / 12
2019-08-29 01:18:52 GS-1 -----------------------------------------------------
---[Monster]: Max RunDelay: 282; Max RunCount 3187
---[Human]: Max RunDelay: 62; [Socket]: Max RunDelay: 15
---[App]: Min PerSecRun: 73; Max RunDelay 0
-----------------------------------------------------
2019-08-29 01:23:53 GS-1 -----------------------------------------------------
---[Monster]: Max RunDelay: 281; Max RunCount 3182
---[Human]: Max RunDelay: 63; [Socket]: Max RunDelay: 16
---[App]: Min PerSecRun: 74; Max RunDelay 0
-----------------------------------------------------
2019-08-29 01:28:52 GS-1 载入商城热销商品列表，共24个。
2019-08-29 01:28:52 GS-1 ==> 加载商城热销榜:5
2019-08-29 01:28:52 GS-1 08-29 01:28:52 User = 12 / 12
2019-08-29 01:28:54 GS-1 -----------------------------------------------------
---[Monster]: Max RunDelay: 266; Max RunCount 3181
---[Human]: Max RunDelay: 47; [Socket]: Max RunDelay: 16
---[App]: Min PerSecRun: 74; Max RunDelay 0
-----------------------------------------------------
2019-08-29 01:33:55 GS-1 -----------------------------------------------------
---[Monster]: Max RunDelay: 281; Max RunCount 3191
---[Human]: Max RunDelay: 47; [Socket]: Max RunDelay: 16
---[App]: Min PerSecRun: 73; Max RunDelay 0
-----------------------------------------------------
2019-08-29 01:38:52 GS-1 08-29 01:38:52 User = 12 / 12
2019-08-29 01:38:56 GS-1 -----------------------------------------------------
---[Monster]: Max RunDelay: 266; Max RunCount 3200
---[Human]: Max RunDelay: 63; [Socket]: Max RunDelay: 16
---[App]: Min PerSecRun: 74; Max RunDelay 0
-----------------------------------------------------
2019-08-29 01:43:57 GS-1 -----------------------------------------------------
---[Monster]: Max RunDelay: 281; Max RunCount 3186
---[Human]: Max RunDelay: 47; [Socket]: Max RunDelay: 16
---[App]: Min PerSecRun: 72; Max RunDelay 0
-----------------------------------------------------
2019-08-29 01:48:52 GS-1 08-29 01:48:52 User = 11 / 11
2019-08-29 01:48:58 GS-1 -----------------------------------------------------
---[Monster]: Max RunDelay: 281; Max RunCount 3201
---[Human]: Max RunDelay: 47; [Socket]: Max RunDelay: 15
---[App]: Min PerSecRun: 72; Max RunDelay 0
-----------------------------------------------------
2019-08-29 01:53:59 GS-1 -----------------------------------------------------
---[Monster]: Max RunDelay: 281; Max RunCount 3172
---[Human]: Max RunDelay: 47; [Socket]: Max RunDelay: 15
---[App]: Min PerSecRun: 73; Max RunDelay 0
-----------------------------------------------------
2019-08-29 01:58:52 GS-1 08-29 01:58:52 User = 12 / 12
2019-08-29 01:59:00 GS-1 -----------------------------------------------------
---[Monster]: Max RunDelay: 297; Max RunCount 3168
---[Human]: Max RunDelay: 62; [Socket]: Max RunDelay: 15
---[App]: Min PerSecRun: 72; Max RunDelay 0
-----------------------------------------------------
2019-08-29 02:04:01 GS-1 -----------------------------------------------------
---[Monster]: Max RunDelay: 406; Max RunCount 3165
---[Human]: Max RunDelay: 47; [Socket]: Max RunDelay: 15
---[App]: Min PerSecRun: 61; Max RunDelay 0
-----------------------------------------------------
2019-08-29 02:08:52 GS-1 08-29 02:08:52 User = 13 / 13
2019-08-29 02:09:02 GS-1 -----------------------------------------------------
---[Monster]: Max RunDelay: 282; Max RunCount 3183
---[Human]: Max RunDelay: 47; [Socket]: Max RunDelay: 15
---[App]: Min PerSecRun: 63; Max RunDelay 0
-----------------------------------------------------
2019-08-29 02:14:03 GS-1 -----------------------------------------------------
---[Monster]: Max RunDelay: 281; Max RunCount 3192
---[Human]: Max RunDelay: 63; [Socket]: Max RunDelay: 15
---[App]: Min PerSecRun: 73; Max RunDelay 0
-----------------------------------------------------
2019-08-29 02:18:52 GS-1 08-29 02:18:52 User = 12 / 12
2019-08-29 02:19:04 GS-1 -----------------------------------------------------
---[Monster]: Max RunDelay: 282; Max RunCount 3198
---[Human]: Max RunDelay: 62; [Socket]: Max RunDelay: 16
---[App]: Min PerSecRun: 74; Max RunDelay 0
-----------------------------------------------------
2019-08-29 02:24:05 GS-1 -----------------------------------------------------
---[Monster]: Max RunDelay: 281; Max RunCount 3188
---[Human]: Max RunDelay: 62; [Socket]: Max RunDelay: 16
---[App]: Min PerSecRun: 74; Max RunDelay 0
-----------------------------------------------------
2019-08-29 02:28:52 GS-1 载入商城热销商品列表，共24个。
2019-08-29 02:28:52 GS-1 ==> 加载商城热销榜:5
2019-08-29 02:28:52 GS-1 08-29 02:28:52 User = 13 / 13
2019-08-29 02:29:06 GS-1 -----------------------------------------------------
---[Monster]: Max RunDelay: 266; Max RunCount 3205
---[Human]: Max RunDelay: 47; [Socket]: Max RunDelay: 16
---[App]: Min PerSecRun: 73; Max RunDelay 0
-----------------------------------------------------
2019-08-29 02:34:07 GS-1 -----------------------------------------------------
---[Monster]: Max RunDelay: 296; Max RunCount 3186
---[Human]: Max RunDelay: 47; [Socket]: Max RunDelay: 16
---[App]: Min PerSecRun: 73; Max RunDelay 0
-----------------------------------------------------
2019-08-29 02:38:52 GS-1 08-29 02:38:52 User = 13 / 13
2019-08-29 02:39:08 GS-1 -----------------------------------------------------
---[Monster]: Max RunDelay: 282; Max RunCount 3169
---[Human]: Max RunDelay: 47; [Socket]: Max RunDelay: 16
---[App]: Min PerSecRun: 74; Max RunDelay 0
-----------------------------------------------------
2019-08-29 02:44:09 GS-1 -----------------------------------------------------
---[Monster]: Max RunDelay: 266; Max RunCount 3237
---[Human]: Max RunDelay: 62; [Socket]: Max RunDelay: 16
---[App]: Min PerSecRun: 74; Max RunDelay 0
-----------------------------------------------------
2019-08-29 02:48:52 GS-1 08-29 02:48:52 User = 13 / 13
2019-08-29 02:49:10 GS-1 -----------------------------------------------------
---[Monster]: Max RunDelay: 547; Max RunCount 3189
---[Human]: Max RunDelay: 47; [Socket]: Max RunDelay: 16
---[App]: Min PerSecRun: 53; Max RunDelay 0
-----------------------------------------------------
2019-08-29 02:54:11 GS-1 -----------------------------------------------------
---[Monster]: Max RunDelay: 297; Max RunCount 3211
---[Human]: Max RunDelay: 62; [Socket]: Max RunDelay: 16
---[App]: Min PerSecRun: 74; Max RunDelay 0
-----------------------------------------------------
2019-08-29 02:58:52 GS-1 08-29 02:58:52 User = 13 / 13
2019-08-29 02:59:12 GS-1 -----------------------------------------------------
---[Monster]: Max RunDelay: 282; Max RunCount 3187
---[Human]: Max RunDelay: 47; [Socket]: Max RunDelay: 16
---[App]: Min PerSecRun: 74; Max RunDelay 0
-----------------------------------------------------
2019-08-29 03:04:13 GS-1 -----------------------------------------------------
---[Monster]: Max RunDelay: 266; Max RunCount 3165
---[Human]: Max RunDelay: 47; [Socket]: Max RunDelay: 16
---[App]: Min PerSecRun: 75; Max RunDelay 0
-----------------------------------------------------
2019-08-29 03:06:31 GS-1 [脚本(散财猪.pas)缺函数]: AfterScatterItems
2019-08-29 03:08:52 GS-1 08-29 03:08:52 User = 13 / 13
2019-08-29 03:09:14 GS-1 -----------------------------------------------------
---[Monster]: Max RunDelay: 281; Max RunCount 3162
---[Human]: Max RunDelay: 47; [Socket]: Max RunDelay: 16
---[App]: Min PerSecRun: 74; Max RunDelay 0
-----------------------------------------------------
2019-08-29 03:14:15 GS-1 -----------------------------------------------------
---[Monster]: Max RunDelay: 281; Max RunCount 3164
---[Human]: Max RunDelay: 63; [Socket]: Max RunDelay: 16
---[App]: Min PerSecRun: 75; Max RunDelay 0
-----------------------------------------------------
2019-08-29 03:18:52 GS-1 08-29 03:18:52 User = 11 / 11
2019-08-29 03:19:16 GS-1 -----------------------------------------------------
---[Monster]: Max RunDelay: 453; Max RunCount 3188
---[Human]: Max RunDelay: 47; [Socket]: Max RunDelay: 16
---[App]: Min PerSecRun: 69; Max RunDelay 0
-----------------------------------------------------
2019-08-29 03:24:17 GS-1 -----------------------------------------------------
---[Monster]: Max RunDelay: 266; Max RunCount 3182
---[Human]: Max RunDelay: 47; [Socket]: Max RunDelay: 16
---[App]: Min PerSecRun: 74; Max RunDelay 0
-----------------------------------------------------
2019-08-29 03:28:52 GS-1 载入商城热销商品列表，共24个。
2019-08-29 03:28:52 GS-1 ==> 加载商城热销榜:5
2019-08-29 03:28:52 GS-1 08-29 03:28:52 User = 12 / 12
2019-08-29 03:29:18 GS-1 -----------------------------------------------------
---[Monster]: Max RunDelay: 266; Max RunCount 3186
---[Human]: Max RunDelay: 47; [Socket]: Max RunDelay: 15
---[App]: Min PerSecRun: 75; Max RunDelay 0
-----------------------------------------------------
2019-08-29 03:34:19 GS-1 -----------------------------------------------------
---[Monster]: Max RunDelay: 281; Max RunCount 3214
---[Human]: Max RunDelay: 63; [Socket]: Max RunDelay: 16
---[App]: Min PerSecRun: 74; Max RunDelay 0
-----------------------------------------------------
2019-08-29 03:38:52 GS-1 08-29 03:38:52 User = 12 / 12
2019-08-29 03:39:20 GS-1 -----------------------------------------------------
---[Monster]: Max RunDelay: 282; Max RunCount 3207
---[Human]: Max RunDelay: 47; [Socket]: Max RunDelay: 16
---[App]: Min PerSecRun: 75; Max RunDelay 0
-----------------------------------------------------
2019-08-29 03:44:21 GS-1 -----------------------------------------------------
---[Monster]: Max RunDelay: 266; Max RunCount 3163
---[Human]: Max RunDelay: 47; [Socket]: Max RunDelay: 16
---[App]: Min PerSecRun: 75; Max RunDelay 0
-----------------------------------------------------
2019-08-29 03:48:52 GS-1 08-29 03:48:52 User = 10 / 10
2019-08-29 03:49:22 GS-1 -----------------------------------------------------
---[Monster]: Max RunDelay: 281; Max RunCount 3203
---[Human]: Max RunDelay: 47; [Socket]: Max RunDelay: 16
---[App]: Min PerSecRun: 74; Max RunDelay 0
-----------------------------------------------------
2019-08-29 03:54:23 GS-1 -----------------------------------------------------
---[Monster]: Max RunDelay: 281; Max RunCount 3206
---[Human]: Max RunDelay: 47; [Socket]: Max RunDelay: 16
---[App]: Min PerSecRun: 74; Max RunDelay 0
-----------------------------------------------------
2019-08-29 03:58:52 GS-1 08-29 03:58:52 User = 9 / 9
2019-08-29 03:59:24 GS-1 -----------------------------------------------------
---[Monster]: Max RunDelay: 297; Max RunCount 3212
---[Human]: Max RunDelay: 31; [Socket]: Max RunDelay: 16
---[App]: Min PerSecRun: 74; Max RunDelay 0
-----------------------------------------------------
2019-08-29 04:04:25 GS-1 -----------------------------------------------------
---[Monster]: Max RunDelay: 281; Max RunCount 3214
---[Human]: Max RunDelay: 47; [Socket]: Max RunDelay: 16
---[App]: Min PerSecRun: 75; Max RunDelay 0
-----------------------------------------------------
2019-08-29 04:08:52 GS-1 08-29 04:08:52 User = 9 / 9
2019-08-29 04:09:26 GS-1 -----------------------------------------------------
---[Monster]: Max RunDelay: 266; Max RunCount 3201
---[Human]: Max RunDelay: 31; [Socket]: Max RunDelay: 16
---[App]: Min PerSecRun: 75; Max RunDelay 0
-----------------------------------------------------
2019-08-29 04:14:27 GS-1 -----------------------------------------------------
---[Monster]: Max RunDelay: 266; Max RunCount 3182
---[Human]: Max RunDelay: 31; [Socket]: Max RunDelay: 16
---[App]: Min PerSecRun: 75; Max RunDelay 0
-----------------------------------------------------
2019-08-29 04:18:52 GS-1 08-29 04:18:52 User = 9 / 9
2019-08-29 04:19:28 GS-1 -----------------------------------------------------
---[Monster]: Max RunDelay: 266; Max RunCount 3215
---[Human]: Max RunDelay: 47; [Socket]: Max RunDelay: 16
---[App]: Min PerSecRun: 75; Max RunDelay 0
-----------------------------------------------------
2019-08-29 04:24:29 GS-1 -----------------------------------------------------
---[Monster]: Max RunDelay: 281; Max RunCount 3200
---[Human]: Max RunDelay: 31; [Socket]: Max RunDelay: 16
---[App]: Min PerSecRun: 75; Max RunDelay 0
-----------------------------------------------------
2019-08-29 04:28:52 GS-1 载入商城热销商品列表，共24个。
2019-08-29 04:28:52 GS-1 ==> 加载商城热销榜:5
2019-08-29 04:28:52 GS-1 08-29 04:28:52 User = 9 / 9
2019-08-29 04:29:30 GS-1 -----------------------------------------------------
---[Monster]: Max RunDelay: 281; Max RunCount 3216
---[Human]: Max RunDelay: 31; [Socket]: Max RunDelay: 16
---[App]: Min PerSecRun: 75; Max RunDelay 0
-----------------------------------------------------
2019-08-29 04:34:31 GS-1 -----------------------------------------------------
---[Monster]: Max RunDelay: 453; Max RunCount 3218
---[Human]: Max RunDelay: 31; [Socket]: Max RunDelay: 15
---[App]: Min PerSecRun: 61; Max RunDelay 0
-----------------------------------------------------
2019-08-29 04:38:52 GS-1 08-29 04:38:52 User = 3 / 3
2019-08-29 04:39:32 GS-1 -----------------------------------------------------
---[Monster]: Max RunDelay: 391; Max RunCount 3222
---[Human]: Max RunDelay: 31; [Socket]: Max RunDelay: 16
---[App]: Min PerSecRun: 54; Max RunDelay 0
-----------------------------------------------------
2019-08-29 04:44:33 GS-1 -----------------------------------------------------
---[Monster]: Max RunDelay: 266; Max RunCount 3210
---[Human]: Max RunDelay: 31; [Socket]: Max RunDelay: 16
---[App]: Min PerSecRun: 74; Max RunDelay 0
-----------------------------------------------------
2019-08-29 04:48:52 GS-1 08-29 04:48:52 User = 3 / 3
2019-08-29 04:49:34 GS-1 -----------------------------------------------------
---[Monster]: Max RunDelay: 266; Max RunCount 3185
---[Human]: Max RunDelay: 31; [Socket]: Max RunDelay: 16
---[App]: Min PerSecRun: 74; Max RunDelay 0
-----------------------------------------------------
2019-08-29 04:54:35 GS-1 -----------------------------------------------------
---[Monster]: Max RunDelay: 281; Max RunCount 3226
---[Human]: Max RunDelay: 47; [Socket]: Max RunDelay: 16
---[App]: Min PerSecRun: 73; Max RunDelay 0
-----------------------------------------------------
2019-08-29 04:58:52 GS-1 08-29 04:58:52 User = 3 / 3
2019-08-29 04:59:36 GS-1 -----------------------------------------------------
---[Monster]: Max RunDelay: 281; Max RunCount 3167
---[Human]: Max RunDelay: 47; [Socket]: Max RunDelay: 16
---[App]: Min PerSecRun: 73; Max RunDelay 0
-----------------------------------------------------
2019-08-29 05:04:37 GS-1 -----------------------------------------------------
---[Monster]: Max RunDelay: 266; Max RunCount 3186
---[Human]: Max RunDelay: 32; [Socket]: Max RunDelay: 16
---[App]: Min PerSecRun: 74; Max RunDelay 0
-----------------------------------------------------
2019-08-29 05:08:52 GS-1 08-29 05:08:52 User = 2 / 2
2019-08-29 05:09:38 GS-1 -----------------------------------------------------
---[Monster]: Max RunDelay: 282; Max RunCount 3184
---[Human]: Max RunDelay: 32; [Socket]: Max RunDelay: 16
---[App]: Min PerSecRun: 73; Max RunDelay 0
-----------------------------------------------------
2019-08-29 05:14:39 GS-1 -----------------------------------------------------
---[Monster]: Max RunDelay: 282; Max RunCount 3216
---[Human]: Max RunDelay: 32; [Socket]: Max RunDelay: 16
---[App]: Min PerSecRun: 74; Max RunDelay 0
-----------------------------------------------------
2019-08-29 05:18:52 GS-1 08-29 05:18:52 User = 3 / 3
2019-08-29 05:19:40 GS-1 -----------------------------------------------------
---[Monster]: Max RunDelay: 266; Max RunCount 3216
---[Human]: Max RunDelay: 32; [Socket]: Max RunDelay: 16
---[App]: Min PerSecRun: 73; Max RunDelay 0
-----------------------------------------------------
2019-08-29 05:24:41 GS-1 -----------------------------------------------------
---[Monster]: Max RunDelay: 281; Max RunCount 3225
---[Human]: Max RunDelay: 32; [Socket]: Max RunDelay: 16
---[App]: Min PerSecRun: 74; Max RunDelay 0
-----------------------------------------------------
2019-08-29 05:28:52 GS-1 载入商城热销商品列表，共24个。
2019-08-29 05:28:52 GS-1 ==> 加载商城热销榜:5
2019-08-29 05:28:52 GS-1 08-29 05:28:52 User = 3 / 3
2019-08-29 05:29:42 GS-1 -----------------------------------------------------
---[Monster]: Max RunDelay: 281; Max RunCount 3213
---[Human]: Max RunDelay: 63; [Socket]: Max RunDelay: 16
---[App]: Min PerSecRun: 74; Max RunDelay 0
-----------------------------------------------------
2019-08-29 05:34:43 GS-1 -----------------------------------------------------
---[Monster]: Max RunDelay: 375; Max RunCount 3230
---[Human]: Max RunDelay: 31; [Socket]: Max RunDelay: 16
---[App]: Min PerSecRun: 56; Max RunDelay 0
-----------------------------------------------------
2019-08-29 05:38:52 GS-1 08-29 05:38:52 User = 3 / 3
2019-08-29 05:39:44 GS-1 -----------------------------------------------------
---[Monster]: Max RunDelay: 281; Max RunCount 3230
---[Human]: Max RunDelay: 47; [Socket]: Max RunDelay: 16
---[App]: Min PerSecRun: 73; Max RunDelay 0
-----------------------------------------------------
2019-08-29 05:44:45 GS-1 -----------------------------------------------------
---[Monster]: Max RunDelay: 282; Max RunCount 3184
---[Human]: Max RunDelay: 32; [Socket]: Max RunDelay: 16
---[App]: Min PerSecRun: 73; Max RunDelay 0
-----------------------------------------------------
2019-08-29 05:48:52 GS-1 08-29 05:48:52 User = 3 / 3
2019-08-29 05:49:46 GS-1 -----------------------------------------------------
---[Monster]: Max RunDelay: 516; Max RunCount 3227
---[Human]: Max RunDelay: 47; [Socket]: Max RunDelay: 16
---[App]: Min PerSecRun: 50; Max RunDelay 0
-----------------------------------------------------
2019-08-29 05:54:47 GS-1 -----------------------------------------------------
---[Monster]: Max RunDelay: 282; Max RunCount 3185
---[Human]: Max RunDelay: 47; [Socket]: Max RunDelay: 16
---[App]: Min PerSecRun: 73; Max RunDelay 0
-----------------------------------------------------
2019-08-29 05:58:52 GS-1 08-29 05:58:52 User = 4 / 4
2019-08-29 05:59:48 GS-1 -----------------------------------------------------
---[Monster]: Max RunDelay: 281; Max RunCount 3156
---[Human]: Max RunDelay: 47; [Socket]: Max RunDelay: 16
---[App]: Min PerSecRun: 72; Max RunDelay 0
-----------------------------------------------------
2019-08-29 06:00:00 GS-1 载入商城物品列表，共5个类别，36种商品
2019-08-29 06:00:00 GS-1 ==> 加载商城物品 装饰类：11/11
2019-08-29 06:00:00 GS-1 ==> 加载商城物品 补给类：3/3
2019-08-29 06:00:00 GS-1 ==> 加载商城物品 强化类：15/15
2019-08-29 06:00:00 GS-1 ==> 加载商城物品 限量类：5/5
2019-08-29 06:00:00 GS-1 ==> 加载商城物品 好友类：2/2
2019-08-29 06:00:00 GS-1 ==> 加载商城物品 类：0/0
2019-08-29 06:00:00 GS-1 ==> 加载商城物品 类：0/0
2019-08-29 06:00:00 GS-1 ==> 加载商城物品 类：0/0
2019-08-29 06:04:49 GS-1 -----------------------------------------------------
---[Monster]: Max RunDelay: 469; Max RunCount 3228
---[Human]: Max RunDelay: 32; [Socket]: Max RunDelay: 16
---[App]: Min PerSecRun: 66; Max RunDelay 0
-----------------------------------------------------
2019-08-29 06:08:52 GS-1 08-29 06:08:52 User = 13 / 13
2019-08-29 06:09:50 GS-1 -----------------------------------------------------
---[Monster]: Max RunDelay: 563; Max RunCount 3231
---[Human]: Max RunDelay: 344; [Socket]: Max RunDelay: 16
---[App]: Min PerSecRun: 52; Max RunDelay 0
-----------------------------------------------------
2019-08-29 06:14:51 GS-1 -----------------------------------------------------
---[Monster]: Max RunDelay: 297; Max RunCount 3230
---[Human]: Max RunDelay: 47; [Socket]: Max RunDelay: 16
---[App]: Min PerSecRun: 72; Max RunDelay 0
-----------------------------------------------------
2019-08-29 06:18:52 GS-1 08-29 06:18:52 User = 13 / 13
2019-08-29 06:19:52 GS-1 -----------------------------------------------------
---[Monster]: Max RunDelay: 297; Max RunCount 3234
---[Human]: Max RunDelay: 79; [Socket]: Max RunDelay: 16
---[App]: Min PerSecRun: 67; Max RunDelay 15
-----------------------------------------------------
2019-08-29 06:24:53 GS-1 -----------------------------------------------------
---[Monster]: Max RunDelay: 281; Max RunCount 3186
---[Human]: Max RunDelay: 47; [Socket]: Max RunDelay: 16
---[App]: Min PerSecRun: 72; Max RunDelay 0
-----------------------------------------------------
2019-08-29 06:28:52 GS-1 载入商城热销商品列表，共24个。
2019-08-29 06:28:52 GS-1 ==> 加载商城热销榜:5
2019-08-29 06:28:52 GS-1 08-29 06:28:52 User = 13 / 13
2019-08-29 06:29:54 GS-1 -----------------------------------------------------
---[Monster]: Max RunDelay: 547; Max RunCount 3186
---[Human]: Max RunDelay: 47; [Socket]: Max RunDelay: 16
---[App]: Min PerSecRun: 52; Max RunDelay 16
-----------------------------------------------------
2019-08-29 06:34:55 GS-1 -----------------------------------------------------
---[Monster]: Max RunDelay: 515; Max RunCount 3187
---[Human]: Max RunDelay: 47; [Socket]: Max RunDelay: 16
---[App]: Min PerSecRun: 48; Max RunDelay 0
-----------------------------------------------------
2019-08-29 06:38:52 GS-1 08-29 06:38:52 User = 3 / 3
2019-08-29 06:39:56 GS-1 -----------------------------------------------------
---[Monster]: Max RunDelay: 297; Max RunCount 3206
---[Human]: Max RunDelay: 47; [Socket]: Max RunDelay: 15
---[App]: Min PerSecRun: 70; Max RunDelay 0
-----------------------------------------------------
2019-08-29 06:44:57 GS-1 -----------------------------------------------------
---[Monster]: Max RunDelay: 313; Max RunCount 3206
---[Human]: Max RunDelay: 47; [Socket]: Max RunDelay: 15
---[App]: Min PerSecRun: 68; Max RunDelay 0
-----------------------------------------------------
2019-08-29 06:48:52 GS-1 08-29 06:48:52 User = 4 / 4
2019-08-29 06:49:58 GS-1 -----------------------------------------------------
---[Monster]: Max RunDelay: 282; Max RunCount 3206
---[Human]: Max RunDelay: 31; [Socket]: Max RunDelay: 15
---[App]: Min PerSecRun: 69; Max RunDelay 0
-----------------------------------------------------
2019-08-29 06:54:59 GS-1 -----------------------------------------------------
---[Monster]: Max RunDelay: 282; Max RunCount 3206
---[Human]: Max RunDelay: 46; [Socket]: Max RunDelay: 16
---[App]: Min PerSecRun: 72; Max RunDelay 0
-----------------------------------------------------
2019-08-29 06:58:52 GS-1 08-29 06:58:52 User = 3 / 3
2019-08-29 07:00:00 GS-1 -----------------------------------------------------
---[Monster]: Max RunDelay: 281; Max RunCount 3206
---[Human]: Max RunDelay: 31; [Socket]: Max RunDelay: 16
---[App]: Min PerSecRun: 74; Max RunDelay 0
-----------------------------------------------------
2019-08-29 07:00:02 GS-1 更新排行榜，共计：17 页
2019-08-29 07:05:01 GS-1 -----------------------------------------------------
---[Monster]: Max RunDelay: 594; Max RunCount 3207
---[Human]: Max RunDelay: 47; [Socket]: Max RunDelay: 16
---[App]: Min PerSecRun: 50; Max RunDelay 0
-----------------------------------------------------
2019-08-29 07:06:17 GS-1   玩家： 传奇，邮件Idx:  854，功加载了 1附件。
2019-08-29 07:08:52 GS-1 08-29 07:08:52 User = 12 / 12
2019-08-29 07:10:02 GS-1 -----------------------------------------------------
---[Monster]: Max RunDelay: 282; Max RunCount 3174
---[Human]: Max RunDelay: 47; [Socket]: Max RunDelay: 16
---[App]: Min PerSecRun: 73; Max RunDelay 0
-----------------------------------------------------
2019-08-29 07:15:03 GS-1 -----------------------------------------------------
---[Monster]: Max RunDelay: 297; Max RunCount 3206
---[Human]: Max RunDelay: 78; [Socket]: Max RunDelay: 15
---[App]: Min PerSecRun: 72; Max RunDelay 0
-----------------------------------------------------
2019-08-29 07:18:52 GS-1 08-29 07:18:52 User = 12 / 12
2019-08-29 07:20:04 GS-1 -----------------------------------------------------
---[Monster]: Max RunDelay: 281; Max RunCount 3157
---[Human]: Max RunDelay: 63; [Socket]: Max RunDelay: 16
---[App]: Min PerSecRun: 72; Max RunDelay 15
-----------------------------------------------------
2019-08-29 07:25:05 GS-1 -----------------------------------------------------
---[Monster]: Max RunDelay: 282; Max RunCount 3217
---[Human]: Max RunDelay: 63; [Socket]: Max RunDelay: 16
---[App]: Min PerSecRun: 71; Max RunDelay 0
-----------------------------------------------------
2019-08-29 07:28:52 GS-1 载入商城热销商品列表，共24个。
2019-08-29 07:28:52 GS-1 ==> 加载商城热销榜:5
2019-08-29 07:28:52 GS-1 08-29 07:28:52 User = 12 / 12
2019-08-29 07:30:06 GS-1 -----------------------------------------------------
---[Monster]: Max RunDelay: 281; Max RunCount 3199
---[Human]: Max RunDelay: 63; [Socket]: Max RunDelay: 16
---[App]: Min PerSecRun: 72; Max RunDelay 0
-----------------------------------------------------
2019-08-29 07:35:07 GS-1 -----------------------------------------------------
---[Monster]: Max RunDelay: 282; Max RunCount 3140
---[Human]: Max RunDelay: 47; [Socket]: Max RunDelay: 16
---[App]: Min PerSecRun: 73; Max RunDelay 0
-----------------------------------------------------
2019-08-29 07:38:52 GS-1 08-29 07:38:52 User = 13 / 13
2019-08-29 07:40:08 GS-1 -----------------------------------------------------
---[Monster]: Max RunDelay: 266; Max RunCount 3180
---[Human]: Max RunDelay: 62; [Socket]: Max RunDelay: 16
---[App]: Min PerSecRun: 73; Max RunDelay 15
-----------------------------------------------------
2019-08-29 07:45:09 GS-1 -----------------------------------------------------
---[Monster]: Max RunDelay: 563; Max RunCount 3186
---[Human]: Max RunDelay: 266; [Socket]: Max RunDelay: 172
---[App]: Min PerSecRun: 43; Max RunDelay 0
-----------------------------------------------------
2019-08-29 07:48:53 GS-1 08-29 07:48:53 User = 12 / 12
2019-08-29 07:50:10 GS-1 -----------------------------------------------------
---[Monster]: Max RunDelay: 297; Max RunCount 3165
---[Human]: Max RunDelay: 47; [Socket]: Max RunDelay: 16
---[App]: Min PerSecRun: 69; Max RunDelay 0
-----------------------------------------------------
2019-08-29 07:55:11 GS-1 -----------------------------------------------------
---[Monster]: Max RunDelay: 469; Max RunCount 3194
---[Human]: Max RunDelay: 63; [Socket]: Max RunDelay: 16
---[App]: Min PerSecRun: 59; Max RunDelay 0
-----------------------------------------------------
2019-08-29 07:58:54 GS-1 08-29 07:58:54 User = 15 / 15
2019-08-29 08:00:12 GS-1 -----------------------------------------------------
---[Monster]: Max RunDelay: 406; Max RunCount 3207
---[Human]: Max RunDelay: 78; [Socket]: Max RunDelay: 16
---[App]: Min PerSecRun: 62; Max RunDelay 0
-----------------------------------------------------
2019-08-29 08:05:13 GS-1 -----------------------------------------------------
---[Monster]: Max RunDelay: 297; Max RunCount 3185
---[Human]: Max RunDelay: 47; [Socket]: Max RunDelay: 16
---[App]: Min PerSecRun: 72; Max RunDelay 0
-----------------------------------------------------
2019-08-29 08:08:54 GS-1 08-29 08:08:54 User = 15 / 15
2019-08-29 08:10:14 GS-1 -----------------------------------------------------
---[Monster]: Max RunDelay: 469; Max RunCount 3281
---[Human]: Max RunDelay: 188; [Socket]: Max RunDelay: 16
---[App]: Min PerSecRun: 61; Max RunDelay 0
-----------------------------------------------------
2019-08-29 08:15:15 GS-1 -----------------------------------------------------
---[Monster]: Max RunDelay: 313; Max RunCount 3283
---[Human]: Max RunDelay: 63; [Socket]: Max RunDelay: 15
---[App]: Min PerSecRun: 61; Max RunDelay 0
-----------------------------------------------------
2019-08-29 08:18:54 GS-1 08-29 08:18:54 User = 13 / 13
2019-08-29 08:20:16 GS-1 -----------------------------------------------------
---[Monster]: Max RunDelay: 281; Max RunCount 3187
---[Human]: Max RunDelay: 47; [Socket]: Max RunDelay: 16
---[App]: Min PerSecRun: 73; Max RunDelay 0
-----------------------------------------------------
2019-08-29 08:25:16 GS-1 -----------------------------------------------------
---[Monster]: Max RunDelay: 375; Max RunCount 3189
---[Human]: Max RunDelay: 78; [Socket]: Max RunDelay: 47
---[App]: Min PerSecRun: 63; Max RunDelay 0
-----------------------------------------------------
2019-08-29 08:28:53 GS-1 载入商城热销商品列表，共24个。
2019-08-29 08:28:53 GS-1 ==> 加载商城热销榜:5
2019-08-29 08:28:54 GS-1 08-29 08:28:54 User = 13 / 13
2019-08-29 08:30:16 GS-1 -----------------------------------------------------
---[Monster]: Max RunDelay: 515; Max RunCount 3207
---[Human]: Max RunDelay: 234; [Socket]: Max RunDelay: 16
---[App]: Min PerSecRun: 48; Max RunDelay 15
-----------------------------------------------------
2019-08-29 08:35:17 GS-1 -----------------------------------------------------
---[Monster]: Max RunDelay: 500; Max RunCount 3197
---[Human]: Max RunDelay: 218; [Socket]: Max RunDelay: 16
---[App]: Min PerSecRun: 58; Max RunDelay 0
-----------------------------------------------------
2019-08-29 08:38:55 GS-1 08-29 08:38:55 User = 12 / 12
2019-08-29 08:40:17 GS-1 -----------------------------------------------------
---[Monster]: Max RunDelay: 500; Max RunCount 3197
---[Human]: Max RunDelay: 266; [Socket]: Max RunDelay: 46
---[App]: Min PerSecRun: 56; Max RunDelay 0
-----------------------------------------------------
2019-08-29 08:45:18 GS-1 -----------------------------------------------------
---[Monster]: Max RunDelay: 860; Max RunCount 3194
---[Human]: Max RunDelay: 703; [Socket]: Max RunDelay: 16
---[App]: Min PerSecRun: 49; Max RunDelay 0
-----------------------------------------------------
2019-08-29 08:48:56 GS-1 08-29 08:48:56 User = 11 / 11
2019-08-29 08:50:19 GS-1 -----------------------------------------------------
---[Monster]: Max RunDelay: 812; Max RunCount 3149
---[Human]: Max RunDelay: 250; [Socket]: Max RunDelay: 16
---[App]: Min PerSecRun: 43; Max RunDelay 0
-----------------------------------------------------
2019-08-29 08:55:20 GS-1 -----------------------------------------------------
---[Monster]: Max RunDelay: 1063; Max RunCount 3197
---[Human]: Max RunDelay: 375; [Socket]: Max RunDelay: 16
---[App]: Min PerSecRun: 24; Max RunDelay 0
-----------------------------------------------------
2019-08-29 08:58:57 GS-1 08-29 08:58:57 User = 12 / 12
2019-08-29 08:59:24 GS-1 08:59:25 Gate 1 (49.234.26.20) 关闭
2019-08-29 08:59:24 GS-1 [Warning]: 与DB 服务器断开连接....
2019-08-29 08:59:30 GS-1 释放--魔龙冰晶升级对象--结束
2019-08-29 08:59:30 GS-1 释放--天赐宝箱1--结束
2019-08-29 08:59:30 GS-1 释放--天赐宝箱2--结束
2019-08-29 08:59:30 GS-1 释放--一点充--结束
2019-08-29 08:59:30 GS-1 释放--事件管理对象--结束
2019-08-29 08:59:30 GS-1 释放--任务管理对象--结束
2019-08-29 08:59:30 GS-1 释放--升级提醒管理对象--结束
2019-08-29 08:59:30 GS-1 释放--GDMsg管理对象--结束
2019-08-29 08:59:30 GS-1 释放--跨地图寻路管理对象--结束
2019-08-29 08:59:30 GS-1 释放--沙巴克管理对象--结束
2019-08-29 08:59:30 GS-1 释放--中央活动服务器客户端--结束
2019-08-29 08:59:30 GS-1 释放--乾坤包--结束
2019-08-29 08:59:30 GS-1 正在清除模块-卧龙英雄管理-的配置表d:\Mud2.0\Mir200\Share\EngineConfig\卧龙英雄管理\Fortress-HERO1.txt
2019-08-29 08:59:30 GS-1 正在清除模块-卧龙英雄管理-的配置表d:\Mud2.0\Mir200\Share\EngineConfig\卧龙英雄管理\Fortress.txt
2019-08-29 08:59:30 GS-1 正在清除模块-游戏元素点阵管理-的配置表d:\Mud2.0\Mir200\Share\EngineConfig\游戏元素点阵管理\GMActEvent.txt
2019-08-29 08:59:30 GS-1 正在清除模块-信用分管理-的配置表d:\Mud2.0\Mir200\Share\EngineConfig\信用分管理\PlayerActivePoint.xml
2019-08-29 08:59:30 GS-1 正在清除模块-信用分管理-的配置表d:\Mud2.0\Mir200\Share\EngineConfig\信用分管理\MapActivePoint.xml
2019-08-29 08:59:30 GS-1 正在清除模块-摆摊交易-的配置表d:\Mud2.0\Mir200\Share\EngineConfig\摆摊交易\摊位基础设置.ini
2019-08-29 08:59:30 GS-1 正在清除模块-元宝商城管理-的配置表d:\Mud2.0\Mir200\Share\EngineConfig\元宝商城管理\YBGoods.sql
2019-08-29 08:59:30 GS-1 正在清除模块-小助手管理-的配置表d:\Mud2.0\Mir200\Share\EngineConfig\小助手管理\小助手.txt
2019-08-29 08:59:30 GS-1 正在清除模块-静态地图管理-的配置表d:\Mud2.0\Mir200\Share\EngineConfig\静态地图管理\MapDropLimitBagItems.xml
2019-08-29 08:59:30 GS-1 正在清除模块-装备合成管理-的配置表d:\Mud2.0\Mir200\Share\EngineConfig\装备合成管理\StrengthenEquip.xml
2019-08-29 08:59:30 GS-1 正在清除模块-藏宝图管理-的配置表d:\Mud2.0\Mir200\Share\EngineConfig\藏宝图管理\修复藏宝图.txt
2019-08-29 08:59:30 GS-1 正在清除模块-藏宝图管理-的配置表d:\Mud2.0\Mir200\Share\EngineConfig\藏宝图管理\魔龙藏宝图合成装备.txt
2019-08-29 08:59:30 GS-1 正在清除模块-衣服升级管理-的配置表d:\Mud2.0\Mir200\Share\EngineConfig\衣服升级管理\UpdateClothes.xml
2019-08-29 08:59:30 GS-1 正在清除模块-道具管理-的配置表d:\Mud2.0\Mir200\Share\EngineConfig\道具管理\宝石配置.txt
2019-08-29 08:59:30 GS-1 正在清除模块-世界暴率管理-的配置表d:\Mud2.0\Mir200\Share\EngineConfig\世界暴率管理\世界爆率文件1.txt
2019-08-29 08:59:30 GS-1 释放--跨GS消息管理对象--结束
2019-08-29 08:59:30 GS-1 释放--gate管理对象--结束
2019-08-29 08:59:30 GS-1 释放--魔法管理对象--结束
2019-08-29 08:59:30 GS-1 释放--套装管理对象--结束
2019-08-29 08:59:30 GS-1 释放--新暴率管理对象--结束
2019-08-29 08:59:30 GS-1 释放--角色信息初始化管理对象--结束
2019-08-29 08:59:30 GS-1 释放--GS本地日志--结束
2019-08-29 08:59:30 GS-1 释放--DBEngn对象--结束
2019-08-29 08:59:30 GS-1 释放--任务列表--结束
2019-08-29 08:59:30 GS-1 释放--buffer管理类--结束
2019-08-29 08:59:30 GS-1 释放--排行榜--结束
2019-08-29 08:59:30 GS-1 释放--免费回收--结束
2019-08-29 08:59:30 GS-1 释放--mysql对象--结束
2019-08-29 08:59:30 GS-1 ================ 服务停止 ==============
