2019-08-03 17:33:34 GS-1 -----------------------------------------------------
---[Monster]: Max RunDelay: 0; Max RunCount 0
---[Human]: Max RunDelay: 0; [Socket]: Max RunDelay: 0
---[App]: Min PerSecRun: 100; Max RunDelay 0
-----------------------------------------------------
2019-08-03 17:33:34 GS-1 ================ 服务启动 ==============
2019-08-03 17:33:34 GS-1 TPlayerBody Size - 1616
2019-08-03 17:33:34 GS-1 TPlayerDB Size - 61608
2019-08-03 17:33:34 GS-1 ======== 连接MySQL成功 =======
2019-08-03 17:33:34 GS-1 *** ***Gamelog 的下次清理时间为 : 08月10日03时*** ***
2019-08-03 17:33:34 GS-1 ==加载GM指令定义完成==
2019-08-03 17:33:34 GS-1 与 DB 服务器连接成功
2019-08-03 17:33:34 GS-1 [Error]: 火龙珠奖励配置错误！
2019-08-03 17:33:34 GS-1 [Error]: 抽取概率错误:赤金天赐->宝箱1:概率7
2019-08-03 17:33:34 GS-1 [Error]: 抽取概率错误:白银天赐->宝箱1:概率7
2019-08-03 17:33:34 GS-1 [Error]: 抽取概率错误:紫铜天赐->宝箱1:概率7
2019-08-03 17:33:34 GS-1 [Error]: 抽取概率错误:神秘天赐->宝箱1:概率7
2019-08-03 17:33:34 GS-1 [Error]: 抽取概率错误:檀木天赐->宝箱1:概率7
2019-08-03 17:33:34 GS-1 [Error]: 抽取概率错误:宝藏天赐 ->宝箱1:概率7
2019-08-03 17:33:34 GS-1 [Error]: StdItems 不存在的天赐：新年天赐
2019-08-03 17:33:34 GS-1 [Error]: StdItems 不存在的钥匙：新年钥匙
2019-08-03 17:33:34 GS-1 [Error]: StdItems 不存在的钥匙：春节钥匙
2019-08-03 17:33:34 GS-1 [Error]: StdItems 不存在的钥匙：节日钥匙
2019-08-03 17:33:34 GS-1 [Error]: StdItems 不存在的天赐：感恩天赐
2019-08-03 17:33:34 GS-1 [Error]: StdItems 不存在的钥匙：感恩钥匙
2019-08-03 17:33:34 GS-1 系统参数初始化完毕
2019-08-03 17:33:34 GS-1 准备加载NPC，共490个
2019-08-03 17:33:34 GS-1 已加载d:\Mud2.0\Mir200\Share\EngineConfig\系统信息管理\RollMsg.txt！
2019-08-03 17:33:34 GS-1 已加载d:\Mud2.0\Mir200\Share\EngineConfig\系统信息管理\掉落物品提示.txt！
2019-08-03 17:33:34 GS-1 已加载d:\Mud2.0\Mir200\Share\EngineConfig\卧龙英雄管理\Fortress.txt！
2019-08-03 17:33:34 GS-1 已加载d:\Mud2.0\Mir200\Share\EngineConfig\游戏元素点阵管理\GMActEvent.txt！
2019-08-03 17:33:34 GS-1    加载邮件信息成功,加载0个玩家的邮件。
2019-08-03 17:33:34 GS-1    加载邮件信息成功,加载0个玩家的邮件。
2019-08-03 17:33:34 GS-1 已加载d:\Mud2.0\Mir200\Share\EngineConfig\摆摊交易\摊位基础设置.ini！
2019-08-03 17:33:34 GS-1 刷新摊位过期将在2:55执行！
2019-08-03 17:33:34 GS-1   加载Stall成功，共加载摊位0个
2019-08-03 17:33:34 GS-1 [Information]: 寄售表创建成功!
2019-08-03 17:33:34 GS-1 [Information]: 寄售历史表创建成功!
2019-08-03 17:33:34 GS-1 [Information]: 更新超时订单成功!
2019-08-03 17:33:34 GS-1 已加载刷新商城时间：00:00:00.
2019-08-03 17:33:34 GS-1 已加载刷新商城时间：06:00:00.
2019-08-03 17:33:34 GS-1 已加载刷新商城时间：12:00:00.
2019-08-03 17:33:34 GS-1 载入商城物品列表，共5个类别，32种商品
2019-08-03 17:33:34 GS-1 ==> 加载商城物品 装饰类：11/11
2019-08-03 17:33:34 GS-1 ==> 加载商城物品 补给类：2/2
2019-08-03 17:33:34 GS-1 ==> 加载商城物品 强化类：14/14
2019-08-03 17:33:34 GS-1 ==> 加载商城物品 限量类：3/3
2019-08-03 17:33:34 GS-1 ==> 加载商城物品 好友类：2/2
2019-08-03 17:33:34 GS-1 ==> 加载商城物品 类：0/0
2019-08-03 17:33:34 GS-1 ==> 加载商城物品 类：0/0
2019-08-03 17:33:34 GS-1 ==> 加载商城物品 类：0/0
2019-08-03 17:33:34 GS-1    [删除错误数据] 删除用户表中不存在的战队成员
2019-08-03 17:33:34 GS-1    [删除错误数据] 清除战队队长不存在的项
2019-08-03 17:33:34 GS-1    [删除错误数据] 不存在战队的成员
2019-08-03 17:33:34 GS-1    正在加载战队...
2019-08-03 17:33:34 GS-1    战队表数量 : 0
2019-08-03 17:33:34 GS-1    加载战队数量:0
2019-08-03 17:33:34 GS-1    正在加载战队成员...
2019-08-03 17:33:34 GS-1    战队成员总数:0 加载成员数:0
2019-08-03 17:33:34 GS-1    正在检测战队数据有效性...
2019-08-03 17:33:34 GS-1    战队数据有效性检测完毕
2019-08-03 17:33:34 GS-1    [删除错误数据] 清除会长战队不存在行会
2019-08-03 17:33:34 GS-1    [删除错误数据] 清除行会不存在的行会成员
2019-08-03 17:33:34 GS-1    [删除错误数据] 清除行会不存在的行会关系ID排列错误的项
2019-08-03 17:33:34 GS-1    [删除错误数据] 清除行会不存在行会关系
2019-08-03 17:33:34 GS-1    [删除错误数据] 清除行会不存在关注行会
2019-08-03 17:33:34 GS-1    加载行会数量 : 0
2019-08-03 17:33:34 GS-1    加载行会成员(战队)数量 : 0
2019-08-03 17:33:34 GS-1    加载行会关系数量 : 0
2019-08-03 17:33:34 GS-1    加载关注行会数量 : 0
2019-08-03 17:33:34 GS-1    加载请求数量:0
2019-08-03 17:33:34 GS-1 [Error]: 小助手 不存在！
2019-08-03 17:33:34 GS-1 D411地图配置在MapInfo.txt 中不是LIMITBAGITEMDROP属性
2019-08-03 17:33:34 GS-1 D415地图配置在MapInfo.txt 中不是LIMITBAGITEMDROP属性
2019-08-03 17:33:34 GS-1 D416地图配置在MapInfo.txt 中不是LIMITBAGITEMDROP属性
2019-08-03 17:33:34 GS-1 信用分验证功能：开
2019-08-03 17:33:34 GS-1 GS脚本版本号：10001
2019-08-03 17:33:34 GS-1 更新排行榜，共计：7 页
2019-08-03 17:34:18 GS-1 载入商城热销商品列表，共3个。
2019-08-03 17:34:18 GS-1 ==> 加载商城热销榜:3
2019-08-03 17:34:18 GS-1 [Error]: TFieldHero.FillDBData: 龙纹不存在！
2019-08-03 17:34:23 GS-1 Gate 1 开启
2019-08-03 17:38:35 GS-1 -----------------------------------------------------
---[Monster]: Max RunDelay: 563; Max RunCount 3151
---[Human]: Max RunDelay: 94; [Socket]: Max RunDelay: 62
---[App]: Min PerSecRun: 51; Max RunDelay 0
-----------------------------------------------------
2019-08-03 17:43:36 GS-1 -----------------------------------------------------
---[Monster]: Max RunDelay: 953; Max RunCount 3124
---[Human]: Max RunDelay: 484; [Socket]: Max RunDelay: 203
---[App]: Min PerSecRun: 24; Max RunDelay 0
-----------------------------------------------------
2019-08-03 17:44:17 GS-1 08-03 17:44:17 User = 2 / 2
2019-08-03 17:48:37 GS-1 -----------------------------------------------------
---[Monster]: Max RunDelay: 312; Max RunCount 3122
---[Human]: Max RunDelay: 32; [Socket]: Max RunDelay: 16
---[App]: Min PerSecRun: 67; Max RunDelay 0
-----------------------------------------------------
2019-08-03 17:53:38 GS-1 -----------------------------------------------------
---[Monster]: Max RunDelay: 297; Max RunCount 3119
---[Human]: Max RunDelay: 31; [Socket]: Max RunDelay: 16
---[App]: Min PerSecRun: 72; Max RunDelay 0
-----------------------------------------------------
2019-08-03 17:54:17 GS-1 08-03 17:54:17 User = 2 / 2
2019-08-03 17:58:39 GS-1 -----------------------------------------------------
---[Monster]: Max RunDelay: 422; Max RunCount 3109
---[Human]: Max RunDelay: 141; [Socket]: Max RunDelay: 16
---[App]: Min PerSecRun: 63; Max RunDelay 0
-----------------------------------------------------
2019-08-03 18:03:40 GS-1 -----------------------------------------------------
---[Monster]: Max RunDelay: 406; Max RunCount 3116
---[Human]: Max RunDelay: 16; [Socket]: Max RunDelay: 32
---[App]: Min PerSecRun: 52; Max RunDelay 0
-----------------------------------------------------
2019-08-03 18:04:17 GS-1 08-03 18:04:17 User = 1 / 1
2019-08-03 18:08:41 GS-1 -----------------------------------------------------
---[Monster]: Max RunDelay: 250; Max RunCount 3156
---[Human]: Max RunDelay: 46; [Socket]: Max RunDelay: 16
---[App]: Min PerSecRun: 73; Max RunDelay 0
-----------------------------------------------------
2019-08-03 18:13:42 GS-1 -----------------------------------------------------
---[Monster]: Max RunDelay: 360; Max RunCount 3145
---[Human]: Max RunDelay: 32; [Socket]: Max RunDelay: 16
---[App]: Min PerSecRun: 69; Max RunDelay 0
-----------------------------------------------------
2019-08-03 18:14:17 GS-1 08-03 18:14:17 User = 3 / 3
2019-08-03 18:18:43 GS-1 -----------------------------------------------------
---[Monster]: Max RunDelay: 296; Max RunCount 3111
---[Human]: Max RunDelay: 47; [Socket]: Max RunDelay: 16
---[App]: Min PerSecRun: 72; Max RunDelay 0
-----------------------------------------------------
2019-08-03 18:23:44 GS-1 -----------------------------------------------------
---[Monster]: Max RunDelay: 313; Max RunCount 3114
---[Human]: Max RunDelay: 47; [Socket]: Max RunDelay: 16
---[App]: Min PerSecRun: 67; Max RunDelay 16
-----------------------------------------------------
2019-08-03 18:24:17 GS-1 08-03 18:24:17 User = 3 / 3
2019-08-03 18:28:45 GS-1 -----------------------------------------------------
---[Monster]: Max RunDelay: 469; Max RunCount 3160
---[Human]: Max RunDelay: 47; [Socket]: Max RunDelay: 16
---[App]: Min PerSecRun: 62; Max RunDelay 0
-----------------------------------------------------
2019-08-03 18:33:47 GS-1 -----------------------------------------------------
---[Monster]: Max RunDelay: 485; Max RunCount 3152
---[Human]: Max RunDelay: 31; [Socket]: Max RunDelay: 16
---[App]: Min PerSecRun: 59; Max RunDelay 0
-----------------------------------------------------
2019-08-03 18:34:18 GS-1 08-03 18:34:18 User = 3 / 3
2019-08-03 18:34:18 GS-1 载入商城热销商品列表，共9个。
2019-08-03 18:34:18 GS-1 ==> 加载商城热销榜:5
2019-08-03 18:38:48 GS-1 -----------------------------------------------------
---[Monster]: Max RunDelay: 375; Max RunCount 3163
---[Human]: Max RunDelay: 31; [Socket]: Max RunDelay: 16
---[App]: Min PerSecRun: 68; Max RunDelay 0
-----------------------------------------------------
2019-08-03 18:43:49 GS-1 -----------------------------------------------------
---[Monster]: Max RunDelay: 484; Max RunCount 3198
---[Human]: Max RunDelay: 78; [Socket]: Max RunDelay: 16
---[App]: Min PerSecRun: 57; Max RunDelay 0
-----------------------------------------------------
2019-08-03 18:44:18 GS-1 08-03 18:44:18 User = 3 / 3
2019-08-03 18:48:49 GS-1 -----------------------------------------------------
---[Monster]: Max RunDelay: 500; Max RunCount 3214
---[Human]: Max RunDelay: 47; [Socket]: Max RunDelay: 16
---[App]: Min PerSecRun: 59; Max RunDelay 0
-----------------------------------------------------
2019-08-03 18:53:50 GS-1 -----------------------------------------------------
---[Monster]: Max RunDelay: 437; Max RunCount 3135
---[Human]: Max RunDelay: 31; [Socket]: Max RunDelay: 15
---[App]: Min PerSecRun: 57; Max RunDelay 0
-----------------------------------------------------
2019-08-03 18:54:18 GS-1 08-03 18:54:18 User = 4 / 4
2019-08-03 18:58:51 GS-1 -----------------------------------------------------
---[Monster]: Max RunDelay: 453; Max RunCount 3135
---[Human]: Max RunDelay: 31; [Socket]: Max RunDelay: 15
---[App]: Min PerSecRun: 61; Max RunDelay 0
-----------------------------------------------------
2019-08-03 19:03:52 GS-1 -----------------------------------------------------
---[Monster]: Max RunDelay: 281; Max RunCount 3134
---[Human]: Max RunDelay: 110; [Socket]: Max RunDelay: 16
---[App]: Min PerSecRun: 68; Max RunDelay 0
-----------------------------------------------------
2019-08-03 19:04:18 GS-1 08-03 19:04:18 User = 3 / 3
2019-08-03 19:08:53 GS-1 -----------------------------------------------------
---[Monster]: Max RunDelay: 407; Max RunCount 3117
---[Human]: Max RunDelay: 63; [Socket]: Max RunDelay: 0
---[App]: Min PerSecRun: 66; Max RunDelay 0
-----------------------------------------------------
2019-08-03 19:13:54 GS-1 -----------------------------------------------------
---[Monster]: Max RunDelay: 313; Max RunCount 3169
---[Human]: Max RunDelay: 47; [Socket]: Max RunDelay: 15
---[App]: Min PerSecRun: 72; Max RunDelay 0
-----------------------------------------------------
2019-08-03 19:14:18 GS-1 08-03 19:14:18 User = 2 / 2
2019-08-03 19:18:54 GS-1 -----------------------------------------------------
---[Monster]: Max RunDelay: 5297; Max RunCount 3212
---[Human]: Max RunDelay: 5063; [Socket]: Max RunDelay: 62
---[App]: Min PerSecRun: 14; Max RunDelay 0
-----------------------------------------------------
2019-08-03 19:23:55 GS-1 -----------------------------------------------------
---[Monster]: Max RunDelay: 375; Max RunCount 3180
---[Human]: Max RunDelay: 32; [Socket]: Max RunDelay: 16
---[App]: Min PerSecRun: 62; Max RunDelay 0
-----------------------------------------------------
2019-08-03 19:24:18 GS-1 08-03 19:24:18 User = 2 / 2
2019-08-03 19:28:56 GS-1 -----------------------------------------------------
---[Monster]: Max RunDelay: 344; Max RunCount 3212
---[Human]: Max RunDelay: 32; [Socket]: Max RunDelay: 16
---[App]: Min PerSecRun: 71; Max RunDelay 0
-----------------------------------------------------
2019-08-03 19:33:57 GS-1 -----------------------------------------------------
---[Monster]: Max RunDelay: 329; Max RunCount 3547
---[Human]: Max RunDelay: 93; [Socket]: Max RunDelay: 16
---[App]: Min PerSecRun: 69; Max RunDelay 0
-----------------------------------------------------
2019-08-03 19:34:18 GS-1 08-03 19:34:18 User = 0 / 0
2019-08-03 19:34:19 GS-1 载入商城热销商品列表，共9个。
2019-08-03 19:34:19 GS-1 ==> 加载商城热销榜:5
2019-08-03 19:38:58 GS-1 -----------------------------------------------------
---[Monster]: Max RunDelay: 860; Max RunCount 4106
---[Human]: Max RunDelay: 218; [Socket]: Max RunDelay: 16
---[App]: Min PerSecRun: 26; Max RunDelay 0
-----------------------------------------------------
2019-08-03 19:43:59 GS-1 -----------------------------------------------------
---[Monster]: Max RunDelay: 282; Max RunCount 3700
---[Human]: Max RunDelay: 16; [Socket]: Max RunDelay: 16
---[App]: Min PerSecRun: 72; Max RunDelay 0
-----------------------------------------------------
2019-08-03 19:44:18 GS-1 08-03 19:44:18 User = 0 / 0
2019-08-03 19:49:00 GS-1 -----------------------------------------------------
---[Monster]: Max RunDelay: 282; Max RunCount 4020
---[Human]: Max RunDelay: 16; [Socket]: Max RunDelay: 16
---[App]: Min PerSecRun: 73; Max RunDelay 0
-----------------------------------------------------
2019-08-03 19:54:01 GS-1 -----------------------------------------------------
---[Monster]: Max RunDelay: 282; Max RunCount 3700
---[Human]: Max RunDelay: 16; [Socket]: Max RunDelay: 16
---[App]: Min PerSecRun: 74; Max RunDelay 0
-----------------------------------------------------
2019-08-03 19:54:18 GS-1 08-03 19:54:18 User = 0 / 0
2019-08-03 19:59:02 GS-1 -----------------------------------------------------
---[Monster]: Max RunDelay: 375; Max RunCount 3932
---[Human]: Max RunDelay: 218; [Socket]: Max RunDelay: 16
---[App]: Min PerSecRun: 59; Max RunDelay 0
-----------------------------------------------------
2019-08-03 20:04:03 GS-1 -----------------------------------------------------
---[Monster]: Max RunDelay: 375; Max RunCount 3960
---[Human]: Max RunDelay: 78; [Socket]: Max RunDelay: 16
---[App]: Min PerSecRun: 71; Max RunDelay 0
-----------------------------------------------------
2019-08-03 20:04:18 GS-1 08-03 20:04:18 User = 2 / 2
2019-08-03 20:09:04 GS-1 -----------------------------------------------------
---[Monster]: Max RunDelay: 391; Max RunCount 4101
---[Human]: Max RunDelay: 31; [Socket]: Max RunDelay: 16
---[App]: Min PerSecRun: 72; Max RunDelay 0
-----------------------------------------------------
2019-08-03 20:14:05 GS-1 -----------------------------------------------------
---[Monster]: Max RunDelay: 375; Max RunCount 4036
---[Human]: Max RunDelay: 31; [Socket]: Max RunDelay: 16
---[App]: Min PerSecRun: 68; Max RunDelay 0
-----------------------------------------------------
2019-08-03 20:14:18 GS-1 08-03 20:14:18 User = 1 / 1
2019-08-03 20:19:06 GS-1 -----------------------------------------------------
---[Monster]: Max RunDelay: 313; Max RunCount 3849
---[Human]: Max RunDelay: 15; [Socket]: Max RunDelay: 16
---[App]: Min PerSecRun: 67; Max RunDelay 0
-----------------------------------------------------
2019-08-03 20:24:07 GS-1 -----------------------------------------------------
---[Monster]: Max RunDelay: 297; Max RunCount 4207
---[Human]: Max RunDelay: 31; [Socket]: Max RunDelay: 16
---[App]: Min PerSecRun: 68; Max RunDelay 0
-----------------------------------------------------
2019-08-03 20:24:18 GS-1 08-03 20:24:18 User = 1 / 1
2019-08-03 20:29:08 GS-1 -----------------------------------------------------
---[Monster]: Max RunDelay: 516; Max RunCount 3709
---[Human]: Max RunDelay: 79; [Socket]: Max RunDelay: 16
---[App]: Min PerSecRun: 55; Max RunDelay 0
-----------------------------------------------------
2019-08-03 20:34:09 GS-1 -----------------------------------------------------
---[Monster]: Max RunDelay: 297; Max RunCount 3821
---[Human]: Max RunDelay: 31; [Socket]: Max RunDelay: 16
---[App]: Min PerSecRun: 68; Max RunDelay 0
-----------------------------------------------------
2019-08-03 20:34:18 GS-1 08-03 20:34:18 User = 1 / 1
2019-08-03 20:34:19 GS-1 载入商城热销商品列表，共9个。
2019-08-03 20:34:19 GS-1 ==> 加载商城热销榜:5
2019-08-03 20:39:10 GS-1 -----------------------------------------------------
---[Monster]: Max RunDelay: 313; Max RunCount 3824
---[Human]: Max RunDelay: 16; [Socket]: Max RunDelay: 16
---[App]: Min PerSecRun: 68; Max RunDelay 0
-----------------------------------------------------
2019-08-03 20:44:11 GS-1 -----------------------------------------------------
---[Monster]: Max RunDelay: 313; Max RunCount 4120
---[Human]: Max RunDelay: 16; [Socket]: Max RunDelay: 16
---[App]: Min PerSecRun: 68; Max RunDelay 0
-----------------------------------------------------
2019-08-03 20:44:18 GS-1 08-03 20:44:18 User = 0 / 0
2019-08-03 20:49:12 GS-1 -----------------------------------------------------
---[Monster]: Max RunDelay: 312; Max RunCount 4216
---[Human]: Max RunDelay: 47; [Socket]: Max RunDelay: 16
---[App]: Min PerSecRun: 72; Max RunDelay 0
-----------------------------------------------------
2019-08-03 20:54:13 GS-1 -----------------------------------------------------
---[Monster]: Max RunDelay: 313; Max RunCount 4096
---[Human]: Max RunDelay: 15; [Socket]: Max RunDelay: 0
---[App]: Min PerSecRun: 68; Max RunDelay 0
-----------------------------------------------------
2019-08-03 20:54:18 GS-1 08-03 20:54:18 User = 0 / 0
2019-08-03 20:59:14 GS-1 -----------------------------------------------------
---[Monster]: Max RunDelay: 438; Max RunCount 4137
---[Human]: Max RunDelay: 31; [Socket]: Max RunDelay: 16
---[App]: Min PerSecRun: 59; Max RunDelay 0
-----------------------------------------------------
2019-08-03 21:04:14 GS-1 -----------------------------------------------------
---[Monster]: Max RunDelay: 359; Max RunCount 4120
---[Human]: Max RunDelay: 78; [Socket]: Max RunDelay: 16
---[App]: Min PerSecRun: 61; Max RunDelay 0
-----------------------------------------------------
2019-08-03 21:04:18 GS-1 08-03 21:04:18 User = 1 / 1
2019-08-03 21:09:16 GS-1 -----------------------------------------------------
---[Monster]: Max RunDelay: 453; Max RunCount 4217
---[Human]: Max RunDelay: 141; [Socket]: Max RunDelay: 16
---[App]: Min PerSecRun: 68; Max RunDelay 0
-----------------------------------------------------
2019-08-03 21:14:17 GS-1 -----------------------------------------------------
---[Monster]: Max RunDelay: 500; Max RunCount 4217
---[Human]: Max RunDelay: 16; [Socket]: Max RunDelay: 16
---[App]: Min PerSecRun: 67; Max RunDelay 0
-----------------------------------------------------
2019-08-03 21:14:19 GS-1 08-03 21:14:19 User = 1 / 1
2019-08-03 21:19:18 GS-1 -----------------------------------------------------
---[Monster]: Max RunDelay: 532; Max RunCount 4219
---[Human]: Max RunDelay: 47; [Socket]: Max RunDelay: 47
---[App]: Min PerSecRun: 56; Max RunDelay 0
-----------------------------------------------------
2019-08-03 21:24:19 GS-1 -----------------------------------------------------
---[Monster]: Max RunDelay: 359; Max RunCount 4219
---[Human]: Max RunDelay: 32; [Socket]: Max RunDelay: 15
---[App]: Min PerSecRun: 61; Max RunDelay 0
-----------------------------------------------------
2019-08-03 21:24:19 GS-1 08-03 21:24:19 User = 1 / 1
2019-08-03 21:29:20 GS-1 -----------------------------------------------------
---[Monster]: Max RunDelay: 375; Max RunCount 4125
---[Human]: Max RunDelay: 141; [Socket]: Max RunDelay: 15
---[App]: Min PerSecRun: 61; Max RunDelay 0
-----------------------------------------------------
2019-08-03 21:31:27 GS-1 [Error]: GameGate ServerSocketError, ErrorCode=10061
2019-08-03 21:34:19 GS-1 08-03 21:34:19 User = 1 / 1
2019-08-03 21:34:20 GS-1 载入商城热销商品列表，共9个。
2019-08-03 21:34:20 GS-1 ==> 加载商城热销榜:5
2019-08-03 21:34:21 GS-1 -----------------------------------------------------
---[Monster]: Max RunDelay: 515; Max RunCount 4182
---[Human]: Max RunDelay: 16; [Socket]: Max RunDelay: 62
---[App]: Min PerSecRun: 68; Max RunDelay 0
-----------------------------------------------------
2019-08-03 21:39:22 GS-1 -----------------------------------------------------
---[Monster]: Max RunDelay: 375; Max RunCount 4222
---[Human]: Max RunDelay: 32; [Socket]: Max RunDelay: 15
---[App]: Min PerSecRun: 58; Max RunDelay 0
-----------------------------------------------------
2019-08-03 21:44:19 GS-1 08-03 21:44:19 User = 0 / 0
2019-08-03 21:44:23 GS-1 -----------------------------------------------------
---[Monster]: Max RunDelay: 375; Max RunCount 4107
---[Human]: Max RunDelay: 31; [Socket]: Max RunDelay: 15
---[App]: Min PerSecRun: 58; Max RunDelay 0
-----------------------------------------------------
2019-08-03 21:49:24 GS-1 -----------------------------------------------------
---[Monster]: Max RunDelay: 375; Max RunCount 4223
---[Human]: Max RunDelay: 141; [Socket]: Max RunDelay: 15
---[App]: Min PerSecRun: 61; Max RunDelay 0
-----------------------------------------------------
2019-08-03 21:54:19 GS-1 08-03 21:54:19 User = 0 / 0
2019-08-03 21:54:25 GS-1 -----------------------------------------------------
---[Monster]: Max RunDelay: 375; Max RunCount 4101
---[Human]: Max RunDelay: 140; [Socket]: Max RunDelay: 16
---[App]: Min PerSecRun: 68; Max RunDelay 0
-----------------------------------------------------
2019-08-03 21:59:26 GS-1 -----------------------------------------------------
---[Monster]: Max RunDelay: 437; Max RunCount 4223
---[Human]: Max RunDelay: 15; [Socket]: Max RunDelay: 16
---[App]: Min PerSecRun: 62; Max RunDelay 0
-----------------------------------------------------
2019-08-03 22:04:20 GS-1 08-03 22:04:20 User = 1 / 1
2019-08-03 22:04:27 GS-1 -----------------------------------------------------
---[Monster]: Max RunDelay: 406; Max RunCount 4125
---[Human]: Max RunDelay: 31; [Socket]: Max RunDelay: 16
---[App]: Min PerSecRun: 59; Max RunDelay 0
-----------------------------------------------------
2019-08-03 22:09:28 GS-1 -----------------------------------------------------
---[Monster]: Max RunDelay: 375; Max RunCount 4091
---[Human]: Max RunDelay: 16; [Socket]: Max RunDelay: 15
---[App]: Min PerSecRun: 59; Max RunDelay 0
-----------------------------------------------------
2019-08-03 22:14:19 GS-1 08-03 22:14:19 User = 1 / 1
2019-08-03 22:14:28 GS-1 -----------------------------------------------------
---[Monster]: Max RunDelay: 453; Max RunCount 4107
---[Human]: Max RunDelay: 140; [Socket]: Max RunDelay: 15
---[App]: Min PerSecRun: 68; Max RunDelay 0
-----------------------------------------------------
2019-08-03 22:19:29 GS-1 -----------------------------------------------------
---[Monster]: Max RunDelay: 500; Max RunCount 4162
---[Human]: Max RunDelay: 141; [Socket]: Max RunDelay: 0
---[App]: Min PerSecRun: 69; Max RunDelay 0
-----------------------------------------------------
2019-08-03 22:24:19 GS-1 08-03 22:24:19 User = 1 / 1
2019-08-03 22:24:30 GS-1 -----------------------------------------------------
---[Monster]: Max RunDelay: 531; Max RunCount 4156
---[Human]: Max RunDelay: 171; [Socket]: Max RunDelay: 16
---[App]: Min PerSecRun: 64; Max RunDelay 0
-----------------------------------------------------
2019-08-03 22:29:31 GS-1 -----------------------------------------------------
---[Monster]: Max RunDelay: 531; Max RunCount 4162
---[Human]: Max RunDelay: 156; [Socket]: Max RunDelay: 235
---[App]: Min PerSecRun: 60; Max RunDelay 0
-----------------------------------------------------
2019-08-03 22:34:19 GS-1 08-03 22:34:19 User = 1 / 1
2019-08-03 22:34:20 GS-1 载入商城热销商品列表，共9个。
2019-08-03 22:34:20 GS-1 ==> 加载商城热销榜:5
2019-08-03 22:34:32 GS-1 -----------------------------------------------------
---[Monster]: Max RunDelay: 344; Max RunCount 3909
---[Human]: Max RunDelay: 78; [Socket]: Max RunDelay: 47
---[App]: Min PerSecRun: 68; Max RunDelay 0
-----------------------------------------------------
2019-08-03 22:39:33 GS-1 -----------------------------------------------------
---[Monster]: Max RunDelay: 391; Max RunCount 4126
---[Human]: Max RunDelay: 63; [Socket]: Max RunDelay: 15
---[App]: Min PerSecRun: 62; Max RunDelay 0
-----------------------------------------------------
2019-08-03 22:44:19 GS-1 08-03 22:44:19 User = 2 / 2
2019-08-03 22:44:34 GS-1 -----------------------------------------------------
---[Monster]: Max RunDelay: 359; Max RunCount 4158
---[Human]: Max RunDelay: 47; [Socket]: Max RunDelay: 16
---[App]: Min PerSecRun: 69; Max RunDelay 0
-----------------------------------------------------
2019-08-03 22:49:35 GS-1 -----------------------------------------------------
---[Monster]: Max RunDelay: 375; Max RunCount 4109
---[Human]: Max RunDelay: 63; [Socket]: Max RunDelay: 16
---[App]: Min PerSecRun: 58; Max RunDelay 0
-----------------------------------------------------
2019-08-03 22:54:19 GS-1 08-03 22:54:19 User = 1 / 1
2019-08-03 22:54:36 GS-1 -----------------------------------------------------
---[Monster]: Max RunDelay: 375; Max RunCount 4108
---[Human]: Max RunDelay: 63; [Socket]: Max RunDelay: 16
---[App]: Min PerSecRun: 58; Max RunDelay 0
-----------------------------------------------------
2019-08-03 22:59:37 GS-1 -----------------------------------------------------
---[Monster]: Max RunDelay: 500; Max RunCount 4168
---[Human]: Max RunDelay: 234; [Socket]: Max RunDelay: 31
---[App]: Min PerSecRun: 58; Max RunDelay 0
-----------------------------------------------------
2019-08-03 23:04:20 GS-1 08-03 23:04:20 User = 2 / 2
2019-08-03 23:04:38 GS-1 -----------------------------------------------------
---[Monster]: Max RunDelay: 375; Max RunCount 4165
---[Human]: Max RunDelay: 140; [Socket]: Max RunDelay: 15
---[App]: Min PerSecRun: 69; Max RunDelay 0
-----------------------------------------------------
2019-08-03 23:09:39 GS-1 -----------------------------------------------------
---[Monster]: Max RunDelay: 375; Max RunCount 4126
---[Human]: Max RunDelay: 156; [Socket]: Max RunDelay: 15
---[App]: Min PerSecRun: 68; Max RunDelay 0
-----------------------------------------------------
2019-08-03 23:14:20 GS-1 08-03 23:14:20 User = 1 / 1
2019-08-03 23:14:40 GS-1 -----------------------------------------------------
---[Monster]: Max RunDelay: 375; Max RunCount 4126
---[Human]: Max RunDelay: 15; [Socket]: Max RunDelay: 15
---[App]: Min PerSecRun: 58; Max RunDelay 0
-----------------------------------------------------
2019-08-03 23:19:41 GS-1 -----------------------------------------------------
---[Monster]: Max RunDelay: 453; Max RunCount 4159
---[Human]: Max RunDelay: 15; [Socket]: Max RunDelay: 15
---[App]: Min PerSecRun: 56; Max RunDelay 0
-----------------------------------------------------
2019-08-03 23:24:20 GS-1 08-03 23:24:20 User = 2 / 2
2019-08-03 23:24:42 GS-1 -----------------------------------------------------
---[Monster]: Max RunDelay: 422; Max RunCount 4109
---[Human]: Max RunDelay: 156; [Socket]: Max RunDelay: 16
---[App]: Min PerSecRun: 67; Max RunDelay 0
-----------------------------------------------------
2019-08-03 23:29:43 GS-1 -----------------------------------------------------
---[Monster]: Max RunDelay: 500; Max RunCount 4126
---[Human]: Max RunDelay: 156; [Socket]: Max RunDelay: 16
---[App]: Min PerSecRun: 58; Max RunDelay 0
-----------------------------------------------------
2019-08-03 23:34:20 GS-1 载入商城热销商品列表，共9个。
2019-08-03 23:34:20 GS-1 ==> 加载商城热销榜:5
2019-08-03 23:34:20 GS-1 08-03 23:34:20 User = 2 / 2
2019-08-03 23:34:44 GS-1 -----------------------------------------------------
---[Monster]: Max RunDelay: 313; Max RunCount 4126
---[Human]: Max RunDelay: 46; [Socket]: Max RunDelay: 16
---[App]: Min PerSecRun: 68; Max RunDelay 0
-----------------------------------------------------
2019-08-03 23:39:45 GS-1 -----------------------------------------------------
---[Monster]: Max RunDelay: 485; Max RunCount 4168
---[Human]: Max RunDelay: 32; [Socket]: Max RunDelay: 16
---[App]: Min PerSecRun: 59; Max RunDelay 0
-----------------------------------------------------
2019-08-03 23:44:20 GS-1 08-03 23:44:20 User = 1 / 1
2019-08-03 23:44:46 GS-1 -----------------------------------------------------
---[Monster]: Max RunDelay: 500; Max RunCount 4102
---[Human]: Max RunDelay: 47; [Socket]: Max RunDelay: 16
---[App]: Min PerSecRun: 58; Max RunDelay 0
-----------------------------------------------------
2019-08-03 23:49:48 GS-1 -----------------------------------------------------
---[Monster]: Max RunDelay: 359; Max RunCount 4166
---[Human]: Max RunDelay: 16; [Socket]: Max RunDelay: 16
---[App]: Min PerSecRun: 69; Max RunDelay 0
-----------------------------------------------------
2019-08-03 23:54:21 GS-1 08-03 23:54:21 User = 1 / 1
2019-08-03 23:54:49 GS-1 -----------------------------------------------------
---[Monster]: Max RunDelay: 359; Max RunCount 4109
---[Human]: Max RunDelay: 31; [Socket]: Max RunDelay: 0
---[App]: Min PerSecRun: 60; Max RunDelay 0
-----------------------------------------------------
2019-08-03 23:59:50 GS-1 -----------------------------------------------------
---[Monster]: Max RunDelay: 438; Max RunCount 4144
---[Human]: Max RunDelay: 15; [Socket]: Max RunDelay: 0
---[App]: Min PerSecRun: 59; Max RunDelay 0
-----------------------------------------------------
2019-08-04 00:00:00 GS-1 载入商城物品列表，共5个类别，32种商品
2019-08-04 00:00:00 GS-1 ==> 加载商城物品 装饰类：11/11
2019-08-04 00:00:00 GS-1 ==> 加载商城物品 补给类：2/2
2019-08-04 00:00:00 GS-1 ==> 加载商城物品 强化类：14/14
2019-08-04 00:00:00 GS-1 ==> 加载商城物品 限量类：3/3
2019-08-04 00:00:00 GS-1 ==> 加载商城物品 好友类：2/2
2019-08-04 00:00:00 GS-1 ==> 加载商城物品 类：0/0
2019-08-04 00:00:00 GS-1 ==> 加载商城物品 类：0/0
2019-08-04 00:00:00 GS-1 ==> 加载商城物品 类：0/0
2019-08-04 00:04:21 GS-1 08-04 00:04:21 User = 1 / 1
2019-08-04 00:04:51 GS-1 -----------------------------------------------------
---[Monster]: Max RunDelay: 375; Max RunCount 4224
---[Human]: Max RunDelay: 78; [Socket]: Max RunDelay: 16
---[App]: Min PerSecRun: 68; Max RunDelay 0
-----------------------------------------------------
2019-08-04 00:09:52 GS-1 -----------------------------------------------------
---[Monster]: Max RunDelay: 422; Max RunCount 4159
---[Human]: Max RunDelay: 32; [Socket]: Max RunDelay: 16
---[App]: Min PerSecRun: 57; Max RunDelay 0
-----------------------------------------------------
2019-08-04 00:14:21 GS-1 08-04 00:14:21 User = 2 / 2
2019-08-04 00:14:53 GS-1 -----------------------------------------------------
---[Monster]: Max RunDelay: 515; Max RunCount 4186
---[Human]: Max RunDelay: 156; [Socket]: Max RunDelay: 16
---[App]: Min PerSecRun: 68; Max RunDelay 0
-----------------------------------------------------
2019-08-04 00:19:54 GS-1 -----------------------------------------------------
---[Monster]: Max RunDelay: 359; Max RunCount 4126
---[Human]: Max RunDelay: 156; [Socket]: Max RunDelay: 15
---[App]: Min PerSecRun: 58; Max RunDelay 16
-----------------------------------------------------
2019-08-04 00:24:21 GS-1 08-04 00:24:21 User = 2 / 2
2019-08-04 00:24:55 GS-1 -----------------------------------------------------
---[Monster]: Max RunDelay: 500; Max RunCount 3908
---[Human]: Max RunDelay: 31; [Socket]: Max RunDelay: 15
---[App]: Min PerSecRun: 58; Max RunDelay 0
-----------------------------------------------------
2019-08-04 00:29:56 GS-1 -----------------------------------------------------
---[Monster]: Max RunDelay: 422; Max RunCount 4159
---[Human]: Max RunDelay: 31; [Socket]: Max RunDelay: 15
---[App]: Min PerSecRun: 58; Max RunDelay 0
-----------------------------------------------------
2019-08-04 00:34:21 GS-1 载入商城热销商品列表，共9个。
2019-08-04 00:34:21 GS-1 ==> 加载商城热销榜:5
2019-08-04 00:34:21 GS-1 08-04 00:34:21 User = 2 / 2
2019-08-04 00:34:57 GS-1 -----------------------------------------------------
---[Monster]: Max RunDelay: 375; Max RunCount 4109
---[Human]: Max RunDelay: 46; [Socket]: Max RunDelay: 15
---[App]: Min PerSecRun: 63; Max RunDelay 0
-----------------------------------------------------
2019-08-04 00:39:58 GS-1 -----------------------------------------------------
---[Monster]: Max RunDelay: 516; Max RunCount 4119
---[Human]: Max RunDelay: 94; [Socket]: Max RunDelay: 0
---[App]: Min PerSecRun: 67; Max RunDelay 0
-----------------------------------------------------
2019-08-04 00:44:21 GS-1 08-04 00:44:21 User = 2 / 2
2019-08-04 00:44:59 GS-1 -----------------------------------------------------
---[Monster]: Max RunDelay: 359; Max RunCount 3886
---[Human]: Max RunDelay: 156; [Socket]: Max RunDelay: 16
---[App]: Min PerSecRun: 57; Max RunDelay 0
-----------------------------------------------------
2019-08-04 00:50:00 GS-1 -----------------------------------------------------
---[Monster]: Max RunDelay: 407; Max RunCount 4061
---[Human]: Max RunDelay: 32; [Socket]: Max RunDelay: 16
---[App]: Min PerSecRun: 57; Max RunDelay 0
-----------------------------------------------------
2019-08-04 00:54:21 GS-1 08-04 00:54:21 User = 2 / 2
2019-08-04 00:55:00 GS-1 -----------------------------------------------------
---[Monster]: Max RunDelay: 360; Max RunCount 4087
---[Human]: Max RunDelay: 32; [Socket]: Max RunDelay: 16
---[App]: Min PerSecRun: 63; Max RunDelay 0
-----------------------------------------------------
2019-08-04 01:00:01 GS-1 -----------------------------------------------------
---[Monster]: Max RunDelay: 484; Max RunCount 4159
---[Human]: Max RunDelay: 47; [Socket]: Max RunDelay: 16
---[App]: Min PerSecRun: 59; Max RunDelay 0
-----------------------------------------------------
2019-08-04 01:04:21 GS-1 08-04 01:04:21 User = 2 / 2
2019-08-04 01:05:02 GS-1 -----------------------------------------------------
---[Monster]: Max RunDelay: 437; Max RunCount 4139
---[Human]: Max RunDelay: 94; [Socket]: Max RunDelay: 31
---[App]: Min PerSecRun: 63; Max RunDelay 0
-----------------------------------------------------
2019-08-04 01:07:14 GS-1 [Error]: GameGate ServerSocketError, ErrorCode=10061
2019-08-04 01:10:03 GS-1 -----------------------------------------------------
---[Monster]: Max RunDelay: 500; Max RunCount 4139
---[Human]: Max RunDelay: 32; [Socket]: Max RunDelay: 16
---[App]: Min PerSecRun: 64; Max RunDelay 0
-----------------------------------------------------
2019-08-04 01:14:20 GS-1 08-04 01:14:20 User = 2 / 2
2019-08-04 01:15:04 GS-1 -----------------------------------------------------
---[Monster]: Max RunDelay: 359; Max RunCount 4159
---[Human]: Max RunDelay: 156; [Socket]: Max RunDelay: 16
---[App]: Min PerSecRun: 69; Max RunDelay 0
-----------------------------------------------------
2019-08-04 01:20:05 GS-1 -----------------------------------------------------
---[Monster]: Max RunDelay: 500; Max RunCount 4109
---[Human]: Max RunDelay: 31; [Socket]: Max RunDelay: 16
---[App]: Min PerSecRun: 58; Max RunDelay 0
-----------------------------------------------------
2019-08-04 01:24:20 GS-1 08-04 01:24:20 User = 1 / 1
2019-08-04 01:25:06 GS-1 -----------------------------------------------------
---[Monster]: Max RunDelay: 375; Max RunCount 4224
---[Human]: Max RunDelay: 16; [Socket]: Max RunDelay: 16
---[App]: Min PerSecRun: 57; Max RunDelay 0
-----------------------------------------------------
2019-08-04 01:30:07 GS-1 -----------------------------------------------------
---[Monster]: Max RunDelay: 516; Max RunCount 4126
---[Human]: Max RunDelay: 203; [Socket]: Max RunDelay: 16
---[App]: Min PerSecRun: 57; Max RunDelay 0
-----------------------------------------------------
2019-08-04 01:34:21 GS-1 载入商城热销商品列表，共9个。
2019-08-04 01:34:21 GS-1 ==> 加载商城热销榜:5
2019-08-04 01:34:21 GS-1 08-04 01:34:21 User = 1 / 1
2019-08-04 01:35:08 GS-1 -----------------------------------------------------
---[Monster]: Max RunDelay: 359; Max RunCount 4224
---[Human]: Max RunDelay: 94; [Socket]: Max RunDelay: 16
---[App]: Min PerSecRun: 63; Max RunDelay 0
-----------------------------------------------------
2019-08-04 01:40:09 GS-1 -----------------------------------------------------
---[Monster]: Max RunDelay: 375; Max RunCount 4224
---[Human]: Max RunDelay: 16; [Socket]: Max RunDelay: 0
---[App]: Min PerSecRun: 57; Max RunDelay 0
-----------------------------------------------------
2019-08-04 01:44:21 GS-1 08-04 01:44:21 User = 1 / 1
2019-08-04 01:45:10 GS-1 -----------------------------------------------------
---[Monster]: Max RunDelay: 516; Max RunCount 3886
---[Human]: Max RunDelay: 16; [Socket]: Max RunDelay: 16
---[App]: Min PerSecRun: 67; Max RunDelay 0
-----------------------------------------------------
2019-08-04 01:50:11 GS-1 -----------------------------------------------------
---[Monster]: Max RunDelay: 375; Max RunCount 4224
---[Human]: Max RunDelay: 32; [Socket]: Max RunDelay: 16
---[App]: Min PerSecRun: 67; Max RunDelay 0
-----------------------------------------------------
2019-08-04 01:50:35 GS-1 01:50:36 Gate 1 (129.28.198.181) 关闭
2019-08-04 01:50:35 GS-1 [Warning]: 与DB 服务器断开连接....
2019-08-04 01:50:41 GS-1 释放--魔龙冰晶升级对象--结束
2019-08-04 01:50:41 GS-1 释放--天赐宝箱1--结束
2019-08-04 01:50:41 GS-1 释放--天赐宝箱2--结束
2019-08-04 01:50:41 GS-1 释放--一点充--结束
2019-08-04 01:50:41 GS-1 释放--事件管理对象--结束
2019-08-04 01:50:41 GS-1 释放--任务管理对象--结束
2019-08-04 01:50:42 GS-1 释放--升级提醒管理对象--结束
2019-08-04 01:50:42 GS-1 释放--GDMsg管理对象--结束
2019-08-04 01:50:42 GS-1 释放--跨地图寻路管理对象--结束
2019-08-04 01:50:43 GS-1 释放--沙巴克管理对象--结束
2019-08-04 01:50:43 GS-1 释放--中央活动服务器客户端--结束
2019-08-04 01:50:43 GS-1 释放--乾坤包--结束
2019-08-04 01:50:43 GS-1 正在清除模块-卧龙英雄管理-的配置表d:\Mud2.0\Mir200\Share\EngineConfig\卧龙英雄管理\Fortress-HERO1.txt
2019-08-04 01:50:43 GS-1 正在清除模块-卧龙英雄管理-的配置表d:\Mud2.0\Mir200\Share\EngineConfig\卧龙英雄管理\Fortress.txt
2019-08-04 01:50:43 GS-1 正在清除模块-游戏元素点阵管理-的配置表d:\Mud2.0\Mir200\Share\EngineConfig\游戏元素点阵管理\GMActEvent.txt
2019-08-04 01:50:43 GS-1 正在清除模块-信用分管理-的配置表d:\Mud2.0\Mir200\Share\EngineConfig\信用分管理\PlayerActivePoint.xml
2019-08-04 01:50:43 GS-1 正在清除模块-信用分管理-的配置表d:\Mud2.0\Mir200\Share\EngineConfig\信用分管理\MapActivePoint.xml
2019-08-04 01:50:43 GS-1 正在清除模块-摆摊交易-的配置表d:\Mud2.0\Mir200\Share\EngineConfig\摆摊交易\摊位基础设置.ini
2019-08-04 01:50:43 GS-1 正在清除模块-元宝商城管理-的配置表d:\Mud2.0\Mir200\Share\EngineConfig\元宝商城管理\YBGoods.sql
2019-08-04 01:50:43 GS-1 正在清除模块-小助手管理-的配置表d:\Mud2.0\Mir200\Share\EngineConfig\小助手管理\小助手.txt
2019-08-04 01:50:43 GS-1 正在清除模块-静态地图管理-的配置表d:\Mud2.0\Mir200\Share\EngineConfig\静态地图管理\MapDropLimitBagItems.xml
2019-08-04 01:50:57 GS-1 正在清除模块-装备合成管理-的配置表d:\Mud2.0\Mir200\Share\EngineConfig\装备合成管理\StrengthenEquip.xml
2019-08-04 01:51:03 GS-1 正在清除模块-藏宝图管理-的配置表d:\Mud2.0\Mir200\Share\EngineConfig\藏宝图管理\修复藏宝图.txt
2019-08-04 01:51:03 GS-1 正在清除模块-藏宝图管理-的配置表d:\Mud2.0\Mir200\Share\EngineConfig\藏宝图管理\魔龙藏宝图合成装备.txt
2019-08-04 01:51:03 GS-1 正在清除模块-衣服升级管理-的配置表d:\Mud2.0\Mir200\Share\EngineConfig\衣服升级管理\UpdateClothes.xml
2019-08-04 01:51:03 GS-1 正在清除模块-道具管理-的配置表d:\Mud2.0\Mir200\Share\EngineConfig\道具管理\宝石配置.txt
2019-08-04 01:51:03 GS-1 正在清除模块-世界暴率管理-的配置表d:\Mud2.0\Mir200\Share\EngineConfig\世界暴率管理\世界爆率文件1.txt
2019-08-04 01:51:03 GS-1 释放--跨GS消息管理对象--结束
2019-08-04 01:51:03 GS-1 释放--gate管理对象--结束
2019-08-04 01:51:03 GS-1 释放--魔法管理对象--结束
2019-08-04 01:51:03 GS-1 释放--套装管理对象--结束
2019-08-04 01:51:03 GS-1 释放--新暴率管理对象--结束
2019-08-04 01:51:03 GS-1 释放--角色信息初始化管理对象--结束
2019-08-04 01:51:03 GS-1 释放--GS本地日志--结束
2019-08-04 01:51:03 GS-1 释放--DBEngn对象--结束
2019-08-04 01:51:03 GS-1 释放--任务列表--结束
2019-08-04 01:51:03 GS-1 释放--buffer管理类--结束
2019-08-04 01:51:03 GS-1 释放--排行榜--结束
2019-08-04 01:51:03 GS-1 释放--免费回收--结束
2019-08-04 01:51:03 GS-1 释放--mysql对象--结束
2019-08-04 01:51:03 GS-1 ================ 服务停止 ==============
