2019-07-20 02:02:47 GS-1 -----------------------------------------------------
---[Monster]: Max RunDelay: 0; Max RunCount 0
---[Human]: Max RunDelay: 0; [Socket]: Max RunDelay: 0
---[App]: Min PerSecRun: 100; Max RunDelay 0
-----------------------------------------------------
2019-07-20 02:02:47 GS-1 ================ 服务启动 ==============
2019-07-20 02:02:47 GS-1 TPlayerBody Size - 1616
2019-07-20 02:02:47 GS-1 TPlayerDB Size - 61608
2019-07-20 02:02:47 GS-1 ======== 连接MySQL成功 =======
2019-07-20 02:02:47 GS-1 *** ***Gamelog 的下次清理时间为 : 07月27日03时*** ***
2019-07-20 02:02:47 GS-1 ==加载GM指令定义完成==
2019-07-20 02:02:47 GS-1 与 DB 服务器连接成功
2019-07-20 02:02:47 GS-1 [Error]: 火龙珠奖励配置错误！
2019-07-20 02:02:47 GS-1 [Error]: 抽取概率错误:赤金天赐->宝箱1:概率7
2019-07-20 02:02:47 GS-1 [Error]: 抽取概率错误:白银天赐->宝箱1:概率7
2019-07-20 02:02:47 GS-1 [Error]: 抽取概率错误:紫铜天赐->宝箱1:概率7
2019-07-20 02:02:47 GS-1 [Error]: 抽取概率错误:神秘天赐->宝箱1:概率7
2019-07-20 02:02:47 GS-1 [Error]: 抽取概率错误:檀木天赐->宝箱1:概率7
2019-07-20 02:02:47 GS-1 [Error]: 抽取概率错误:宝藏天赐 ->宝箱1:概率7
2019-07-20 02:02:47 GS-1 [Error]: StdItems 不存在的天赐：新年天赐
2019-07-20 02:02:47 GS-1 [Error]: StdItems 不存在的钥匙：新年钥匙
2019-07-20 02:02:47 GS-1 [Error]: StdItems 不存在的钥匙：春节钥匙
2019-07-20 02:02:47 GS-1 [Error]: StdItems 不存在的钥匙：节日钥匙
2019-07-20 02:02:47 GS-1 [Error]: StdItems 不存在的天赐：感恩天赐
2019-07-20 02:02:47 GS-1 [Error]: StdItems 不存在的钥匙：感恩钥匙
2019-07-20 02:02:47 GS-1 系统参数初始化完毕
2019-07-20 02:02:47 GS-1 [Error]: 缺少脚本文件:d:\Mud2.0\Mir200\Envir\PsNpcScripts\测试专用-3.pas
2019-07-20 02:02:47 GS-1 准备加载NPC，共494个
2019-07-20 02:02:47 GS-1 已加载d:\Mud2.0\Mir200\Share\EngineConfig\系统信息管理\RollMsg.txt！
2019-07-20 02:02:47 GS-1 已加载d:\Mud2.0\Mir200\Share\EngineConfig\系统信息管理\掉落物品提示.txt！
2019-07-20 02:02:47 GS-1 已加载d:\Mud2.0\Mir200\Share\EngineConfig\卧龙英雄管理\Fortress.txt！
2019-07-20 02:02:47 GS-1 已加载d:\Mud2.0\Mir200\Share\EngineConfig\游戏元素点阵管理\GMActEvent.txt！
2019-07-20 02:02:47 GS-1    加载邮件信息成功,加载0个玩家的邮件。
2019-07-20 02:02:47 GS-1    加载邮件信息成功,加载0个玩家的邮件。
2019-07-20 02:02:47 GS-1 已加载d:\Mud2.0\Mir200\Share\EngineConfig\摆摊交易\摊位基础设置.ini！
2019-07-20 02:02:47 GS-1 刷新摊位过期将在2:55执行！
2019-07-20 02:02:47 GS-1   加载Stall成功，共加载摊位0个
2019-07-20 02:02:47 GS-1 [Information]: 寄售表创建成功!
2019-07-20 02:02:47 GS-1 [Information]: 寄售历史表创建成功!
2019-07-20 02:02:47 GS-1 [Information]: 更新超时订单成功!
2019-07-20 02:02:47 GS-1 已加载刷新商城时间：00:00:00.
2019-07-20 02:02:47 GS-1 已加载刷新商城时间：06:00:00.
2019-07-20 02:02:47 GS-1 已加载刷新商城时间：12:00:00.
2019-07-20 02:02:47 GS-1 载入商城物品列表，共5个类别，36种商品
2019-07-20 02:02:47 GS-1 ==> 加载商城物品 装饰类：11/11
2019-07-20 02:02:47 GS-1 ==> 加载商城物品 补给类：3/3
2019-07-20 02:02:47 GS-1 ==> 加载商城物品 强化类：15/15
2019-07-20 02:02:47 GS-1 ==> 加载商城物品 限量类：5/5
2019-07-20 02:02:47 GS-1 ==> 加载商城物品 好友类：2/2
2019-07-20 02:02:47 GS-1 ==> 加载商城物品 类：0/0
2019-07-20 02:02:47 GS-1 ==> 加载商城物品 类：0/0
2019-07-20 02:02:47 GS-1 ==> 加载商城物品 类：0/0
2019-07-20 02:02:47 GS-1    [删除错误数据] 删除用户表中不存在的战队成员
2019-07-20 02:02:47 GS-1    [删除错误数据] 清除战队队长不存在的项
2019-07-20 02:02:47 GS-1    [删除错误数据] 不存在战队的成员
2019-07-20 02:02:47 GS-1    正在加载战队...
2019-07-20 02:02:47 GS-1    战队表数量 : 2
2019-07-20 02:02:47 GS-1    战队表数量 : 0
2019-07-20 02:02:47 GS-1    加载战队数量:2
2019-07-20 02:02:47 GS-1    正在加载战队成员...
2019-07-20 02:02:47 GS-1    战队成员总数:3 加载成员数:3
2019-07-20 02:02:47 GS-1    正在检测战队数据有效性...
2019-07-20 02:02:47 GS-1    战队数据有效性检测完毕
2019-07-20 02:02:47 GS-1    [删除错误数据] 清除会长战队不存在行会
2019-07-20 02:02:47 GS-1    [删除错误数据] 清除行会不存在的行会成员
2019-07-20 02:02:47 GS-1    [删除错误数据] 清除行会不存在的行会关系ID排列错误的项
2019-07-20 02:02:47 GS-1    [删除错误数据] 清除行会不存在行会关系
2019-07-20 02:02:47 GS-1    [删除错误数据] 清除行会不存在关注行会
2019-07-20 02:02:47 GS-1    加载行会数量 : 2
2019-07-20 02:02:47 GS-1    加载行会成员(战队)数量 : 2
2019-07-20 02:02:47 GS-1    加载行会关系数量 : 0
2019-07-20 02:02:47 GS-1    加载关注行会数量 : 0
2019-07-20 02:02:47 GS-1    加载请求数量:0
2019-07-20 02:02:47 GS-1 [Error]: 小助手 不存在！
2019-07-20 02:02:47 GS-1 D411地图配置在MapInfo.txt 中不是LIMITBAGITEMDROP属性
2019-07-20 02:02:47 GS-1 D415地图配置在MapInfo.txt 中不是LIMITBAGITEMDROP属性
2019-07-20 02:02:47 GS-1 D416地图配置在MapInfo.txt 中不是LIMITBAGITEMDROP属性
2019-07-20 02:02:47 GS-1 信用分验证功能：开
2019-07-20 02:02:47 GS-1 GS脚本版本号：10001
2019-07-20 02:02:47 GS-1 更新排行榜，共计：22 页
2019-07-20 02:03:32 GS-1 载入商城热销商品列表，共22个。
2019-07-20 02:03:32 GS-1 ==> 加载商城热销榜:5
2019-07-20 02:03:32 GS-1 [Error]: TFieldHero.FillDBData: 龙纹不存在！
2019-07-20 02:03:37 GS-1 Gate 1 开启
2019-07-20 02:07:47 GS-1 -----------------------------------------------------
---[Monster]: Max RunDelay: 1563; Max RunCount 3242
---[Human]: Max RunDelay: 1313; [Socket]: Max RunDelay: 203
---[App]: Min PerSecRun: 1; Max RunDelay 0
-----------------------------------------------------
2019-07-20 02:12:48 GS-1 -----------------------------------------------------
---[Monster]: Max RunDelay: 922; Max RunCount 3135
---[Human]: Max RunDelay: 250; [Socket]: Max RunDelay: 156
---[App]: Min PerSecRun: 17; Max RunDelay 0
-----------------------------------------------------
2019-07-20 02:13:31 GS-1 07-20 02:13:31 User = 1 / 1
2019-07-20 02:17:49 GS-1 -----------------------------------------------------
---[Monster]: Max RunDelay: 2031; Max RunCount 3173
---[Human]: Max RunDelay: 1828; [Socket]: Max RunDelay: 78
---[App]: Min PerSecRun: 32; Max RunDelay 0
-----------------------------------------------------
2019-07-20 02:20:17 GS-1 02:20:17 Gate 1 (129.28.198.181) 关闭
2019-07-20 02:20:17 GS-1 [Warning]: 与DB 服务器断开连接....
2019-07-20 02:20:22 GS-1 释放--魔龙冰晶升级对象--结束
2019-07-20 02:20:22 GS-1 释放--天赐宝箱1--结束
2019-07-20 02:20:22 GS-1 释放--天赐宝箱2--结束
2019-07-20 02:20:22 GS-1 释放--一点充--结束
2019-07-20 02:20:22 GS-1 释放--事件管理对象--结束
2019-07-20 02:20:22 GS-1 释放--任务管理对象--结束
2019-07-20 02:20:23 GS-1 释放--升级提醒管理对象--结束
2019-07-20 02:20:23 GS-1 释放--GDMsg管理对象--结束
2019-07-20 02:20:24 GS-1 释放--跨地图寻路管理对象--结束
2019-07-20 02:20:24 GS-1 释放--沙巴克管理对象--结束
2019-07-20 02:20:24 GS-1 释放--中央活动服务器客户端--结束
2019-07-20 02:20:24 GS-1 释放--乾坤包--结束
2019-07-20 02:20:24 GS-1 正在清除模块-卧龙英雄管理-的配置表d:\Mud2.0\Mir200\Share\EngineConfig\卧龙英雄管理\Fortress-HERO1.txt
2019-07-20 02:20:24 GS-1 正在清除模块-卧龙英雄管理-的配置表d:\Mud2.0\Mir200\Share\EngineConfig\卧龙英雄管理\Fortress.txt
2019-07-20 02:20:24 GS-1 正在清除模块-游戏元素点阵管理-的配置表d:\Mud2.0\Mir200\Share\EngineConfig\游戏元素点阵管理\GMActEvent.txt
2019-07-20 02:20:24 GS-1 正在清除模块-信用分管理-的配置表d:\Mud2.0\Mir200\Share\EngineConfig\信用分管理\PlayerActivePoint.xml
2019-07-20 02:20:24 GS-1 正在清除模块-信用分管理-的配置表d:\Mud2.0\Mir200\Share\EngineConfig\信用分管理\MapActivePoint.xml
2019-07-20 02:20:24 GS-1 正在清除模块-摆摊交易-的配置表d:\Mud2.0\Mir200\Share\EngineConfig\摆摊交易\摊位基础设置.ini
2019-07-20 02:20:24 GS-1 正在清除模块-元宝商城管理-的配置表d:\Mud2.0\Mir200\Share\EngineConfig\元宝商城管理\YBGoods.sql
2019-07-20 02:20:24 GS-1 正在清除模块-小助手管理-的配置表d:\Mud2.0\Mir200\Share\EngineConfig\小助手管理\小助手.txt
