2019-07-04 19:43:27 GS-1 SetForm:hero_lv_exp.txt文件不存在
2019-07-04 19:43:27 GS-1 SetForm:hero_lv_nq.txt文件不存在
2019-07-04 19:43:27 GS-1 ================ 服务启动 ==============
2019-07-04 19:43:27 GS-1 TPlayerBody Size - 1616
2019-07-04 19:43:27 GS-1 TPlayerDB Size - 61608
2019-07-04 19:43:27 GS-1 -----------------------------------------------------
---[Monster]: Max RunDelay: 0; Max RunCount 0
---[Human]: Max RunDelay: 0; [Socket]: Max RunDelay: 0
---[App]: Min PerSecRun: 100; Max RunDelay 0
-----------------------------------------------------
2019-07-04 19:43:27 GS-1 ======== 连接MySQL成功 =======
2019-07-04 19:43:27 GS-1 *** ***Gamelog 的下次清理时间为 : 07月11日03时*** ***
2019-07-04 19:43:27 GS-1 ==加载GM指令定义完成==
2019-07-04 19:43:27 GS-1 与 DB 服务器连接成功
2019-07-04 19:43:27 GS-1 [Error]: 抽取概率错误:赤金天赐->宝箱1:概率7
2019-07-04 19:43:27 GS-1 [Error]: 抽取概率错误:白银天赐->宝箱1:概率7
2019-07-04 19:43:27 GS-1 [Error]: 抽取概率错误:紫铜天赐->宝箱1:概率7
2019-07-04 19:43:27 GS-1 [Error]: 抽取概率错误:神秘天赐->宝箱1:概率7
2019-07-04 19:43:27 GS-1 [Error]: 抽取概率错误:檀木天赐->宝箱1:概率7
2019-07-04 19:43:27 GS-1 [Error]: 抽取概率错误:宝藏天赐 ->宝箱1:概率7
2019-07-04 19:43:27 GS-1 [Error]: StdItems 不存在的天赐：新年天赐
2019-07-04 19:43:27 GS-1 [Error]: StdItems 不存在的钥匙：新年钥匙
2019-07-04 19:43:27 GS-1 [Error]: StdItems 不存在的钥匙：春节钥匙
2019-07-04 19:43:27 GS-1 [Error]: StdItems 不存在的钥匙：节日钥匙
2019-07-04 19:43:27 GS-1 [Error]: StdItems 不存在的天赐：感恩天赐
2019-07-04 19:43:27 GS-1 [Error]: StdItems 不存在的钥匙：感恩钥匙
2019-07-04 19:43:27 GS-1 系统参数初始化完毕
2019-07-04 19:43:27 GS-1 准备加载NPC，共501个
2019-07-04 19:43:27 GS-1 已加载d:\Mud2.0\Mir200\Share\EngineConfig\系统信息管理\RollMsg.txt！
2019-07-04 19:43:27 GS-1 已加载d:\Mud2.0\Mir200\Share\EngineConfig\系统信息管理\掉落物品提示.txt！
2019-07-04 19:43:27 GS-1 已加载d:\Mud2.0\Mir200\Share\EngineConfig\卧龙英雄管理\Fortress.txt！
2019-07-04 19:43:27 GS-1 已加载d:\Mud2.0\Mir200\Share\EngineConfig\游戏元素点阵管理\GMActEvent.txt！
2019-07-04 19:43:27 GS-1    加载邮件信息成功,加载0个玩家的邮件。
2019-07-04 19:43:27 GS-1    加载邮件信息成功,加载0个玩家的邮件。
2019-07-04 19:43:27 GS-1 已加载d:\Mud2.0\Mir200\Share\EngineConfig\摆摊交易\摊位基础设置.ini！
2019-07-04 19:43:27 GS-1 刷新摊位过期将在2:55执行！
2019-07-04 19:43:27 GS-1   加载Stall成功，共加载摊位0个
2019-07-04 19:43:27 GS-1 [Information]: 寄售表创建成功!
2019-07-04 19:43:27 GS-1 [Information]: 寄售历史表创建成功!
2019-07-04 19:43:27 GS-1 [Information]: 更新超时订单成功!
2019-07-04 19:43:27 GS-1 已加载刷新商城时间：00:00:00.
2019-07-04 19:43:27 GS-1 已加载刷新商城时间：06:00:00.
2019-07-04 19:43:27 GS-1 已加载刷新商城时间：12:00:00.
2019-07-04 19:43:27 GS-1 载入商城物品列表，共5个类别，39种商品
2019-07-04 19:43:27 GS-1 ==> 加载商城物品 装饰类：11/11
2019-07-04 19:43:27 GS-1 ==> 加载商城物品 补给类：8/8
2019-07-04 19:43:27 GS-1 ==> 加载商城物品 强化类：15/15
2019-07-04 19:43:27 GS-1 ==> 加载商城物品 好友类：2/2
2019-07-04 19:43:27 GS-1 ==> 加载商城物品 限量类：3/3
2019-07-04 19:43:27 GS-1 ==> 加载商城物品 类：0/0
2019-07-04 19:43:27 GS-1 ==> 加载商城物品 类：0/0
2019-07-04 19:43:27 GS-1 ==> 加载商城物品 类：0/0
2019-07-04 19:43:27 GS-1    [删除错误数据] 删除用户表中不存在的战队成员
2019-07-04 19:43:27 GS-1    [删除错误数据] 清除战队队长不存在的项
2019-07-04 19:43:27 GS-1    [删除错误数据] 不存在战队的成员
2019-07-04 19:43:27 GS-1    正在加载战队...
2019-07-04 19:43:27 GS-1    战队表数量 : 0
2019-07-04 19:43:27 GS-1    加载战队数量:0
2019-07-04 19:43:27 GS-1    正在加载战队成员...
2019-07-04 19:43:27 GS-1    战队成员总数:0 加载成员数:0
2019-07-04 19:43:27 GS-1    正在检测战队数据有效性...
2019-07-04 19:43:27 GS-1    战队数据有效性检测完毕
2019-07-04 19:43:27 GS-1    [删除错误数据] 清除会长战队不存在行会
2019-07-04 19:43:27 GS-1    [删除错误数据] 清除行会不存在的行会成员
2019-07-04 19:43:27 GS-1    [删除错误数据] 清除行会不存在的行会关系ID排列错误的项
2019-07-04 19:43:27 GS-1    [删除错误数据] 清除行会不存在行会关系
2019-07-04 19:43:27 GS-1    [删除错误数据] 清除行会不存在关注行会
2019-07-04 19:43:27 GS-1    加载行会数量 : 0
2019-07-04 19:43:27 GS-1    加载行会成员(战队)数量 : 0
2019-07-04 19:43:27 GS-1    加载行会关系数量 : 0
2019-07-04 19:43:27 GS-1    加载关注行会数量 : 0
2019-07-04 19:43:27 GS-1    加载请求数量:0
2019-07-04 19:43:27 GS-1 [Error]: 小助手 不存在！
2019-07-04 19:43:27 GS-1 D411地图配置在MapInfo.txt 中不是LIMITBAGITEMDROP属性
2019-07-04 19:43:27 GS-1 D415地图配置在MapInfo.txt 中不是LIMITBAGITEMDROP属性
2019-07-04 19:43:27 GS-1 D416地图配置在MapInfo.txt 中不是LIMITBAGITEMDROP属性
2019-07-04 19:43:27 GS-1 信用分验证功能：关
2019-07-04 19:43:27 GS-1 GS脚本版本号：10001
2019-07-04 19:43:27 GS-1 更新排行榜，共计：3 页
2019-07-04 19:43:55 GS-1 载入商城热销商品列表，共7个。
2019-07-04 19:43:55 GS-1 ==> 加载商城热销榜:5
2019-07-04 19:44:01 GS-1 Gate 1 开启
2019-07-04 19:45:03 GS-1 [脚本(武器升级-GA0.pas)缺函数]: ForgeDiaYB
2019-07-04 19:45:03 GS-1 --ReInitializet-- 因为点击NPC失败，重新刷新NPC...
2019-07-04 19:45:10 GS-1 [脚本(武器升级-GA0.pas)缺函数]: ForgeDiaYB
2019-07-04 19:45:10 GS-1 --ReInitializet-- 因为点击NPC失败，重新刷新NPC...
2019-07-04 19:45:15 GS-1 [脚本(武器升级-GA0.pas)缺函数]: ForgeDiaYB
2019-07-04 19:45:15 GS-1 --ReInitializet-- 因为点击NPC失败，重新刷新NPC...
2019-07-04 19:45:20 GS-1 [脚本(武器升级-GA0.pas)缺函数]: ForgeDiaYB
2019-07-04 19:45:20 GS-1 --ReInitializet-- 因为点击NPC失败，重新刷新NPC...
2019-07-04 19:45:26 GS-1 [脚本(武器升级-GA0.pas)缺函数]: ForgeDiaYB
2019-07-04 19:45:26 GS-1 --ReInitializet-- 因为点击NPC失败，重新刷新NPC...
2019-07-04 19:45:31 GS-1 [脚本(武器升级-GA0.pas)缺函数]: ForgeDiaYB
2019-07-04 19:45:31 GS-1 --ReInitializet-- 因为点击NPC失败，重新刷新NPC...
2019-07-04 19:45:37 GS-1 [脚本(武器升级-GA0.pas)缺函数]: ForgeDiaYB
2019-07-04 19:45:37 GS-1 --ReInitializet-- 因为点击NPC失败，重新刷新NPC...
2019-07-04 19:45:42 GS-1 [脚本(武器升级-GA0.pas)缺函数]: ForgeDiaYB
2019-07-04 19:45:42 GS-1 --ReInitializet-- 因为点击NPC失败，重新刷新NPC...
2019-07-04 19:48:29 GS-1 -----------------------------------------------------
---[Monster]: Max RunDelay: 297; Max RunCount 3163
---[Human]: Max RunDelay: 63; [Socket]: Max RunDelay: 0
---[App]: Min PerSecRun: 77; Max RunDelay 0
-----------------------------------------------------
2019-07-04 19:53:30 GS-1 -----------------------------------------------------
---[Monster]: Max RunDelay: 391; Max RunCount 3161
---[Human]: Max RunDelay: 47; [Socket]: Max RunDelay: 0
---[App]: Min PerSecRun: 65; Max RunDelay 0
-----------------------------------------------------
2019-07-04 19:53:53 GS-1 07-04 19:53:53 User = 0 / 0
2019-07-04 19:58:31 GS-1 -----------------------------------------------------
---[Monster]: Max RunDelay: 250; Max RunCount 3152
---[Human]: Max RunDelay: 31; [Socket]: Max RunDelay: 16
---[App]: Min PerSecRun: 77; Max RunDelay 0
-----------------------------------------------------
2019-07-04 20:03:32 GS-1 -----------------------------------------------------
---[Monster]: Max RunDelay: 250; Max RunCount 3149
---[Human]: Max RunDelay: 16; [Socket]: Max RunDelay: 0
---[App]: Min PerSecRun: 78; Max RunDelay 0
-----------------------------------------------------
2019-07-04 20:03:53 GS-1 07-04 20:03:53 User = 0 / 0
2019-07-04 20:08:33 GS-1 -----------------------------------------------------
---[Monster]: Max RunDelay: 250; Max RunCount 3150
---[Human]: Max RunDelay: 16; [Socket]: Max RunDelay: 15
---[App]: Min PerSecRun: 78; Max RunDelay 0
-----------------------------------------------------
2019-07-04 20:13:34 GS-1 -----------------------------------------------------
---[Monster]: Max RunDelay: 437; Max RunCount 3150
---[Human]: Max RunDelay: 31; [Socket]: Max RunDelay: 15
---[App]: Min PerSecRun: 65; Max RunDelay 0
-----------------------------------------------------
2019-07-04 20:13:53 GS-1 07-04 20:13:53 User = 0 / 0
2019-07-04 20:18:35 GS-1 -----------------------------------------------------
---[Monster]: Max RunDelay: 265; Max RunCount 3150
---[Human]: Max RunDelay: 16; [Socket]: Max RunDelay: 0
---[App]: Min PerSecRun: 78; Max RunDelay 0
-----------------------------------------------------
2019-07-04 20:23:36 GS-1 -----------------------------------------------------
---[Monster]: Max RunDelay: 265; Max RunCount 3150
---[Human]: Max RunDelay: 32; [Socket]: Max RunDelay: 0
---[App]: Min PerSecRun: 75; Max RunDelay 0
-----------------------------------------------------
2019-07-04 20:23:53 GS-1 07-04 20:23:53 User = 0 / 0
2019-07-04 20:28:37 GS-1 -----------------------------------------------------
---[Monster]: Max RunDelay: 344; Max RunCount 3150
---[Human]: Max RunDelay: 31; [Socket]: Max RunDelay: 16
---[App]: Min PerSecRun: 64; Max RunDelay 0
-----------------------------------------------------
2019-07-04 20:33:38 GS-1 -----------------------------------------------------
---[Monster]: Max RunDelay: 235; Max RunCount 3150
---[Human]: Max RunDelay: 31; [Socket]: Max RunDelay: 16
---[App]: Min PerSecRun: 78; Max RunDelay 0
-----------------------------------------------------
2019-07-04 20:33:53 GS-1 07-04 20:33:53 User = 0 / 0
2019-07-04 20:38:39 GS-1 -----------------------------------------------------
---[Monster]: Max RunDelay: 234; Max RunCount 3130
---[Human]: Max RunDelay: 16; [Socket]: Max RunDelay: 0
---[App]: Min PerSecRun: 78; Max RunDelay 0
-----------------------------------------------------
2019-07-04 20:43:40 GS-1 -----------------------------------------------------
---[Monster]: Max RunDelay: 406; Max RunCount 3130
---[Human]: Max RunDelay: 32; [Socket]: Max RunDelay: 15
---[App]: Min PerSecRun: 68; Max RunDelay 0
-----------------------------------------------------
2019-07-04 20:43:54 GS-1 07-04 20:43:54 User = 0 / 0
2019-07-04 20:43:55 GS-1 载入商城热销商品列表，共7个。
2019-07-04 20:43:55 GS-1 ==> 加载商城热销榜:5
2019-07-04 20:48:41 GS-1 -----------------------------------------------------
---[Monster]: Max RunDelay: 250; Max RunCount 3152
---[Human]: Max RunDelay: 15; [Socket]: Max RunDelay: 15
---[App]: Min PerSecRun: 77; Max RunDelay 0
-----------------------------------------------------
2019-07-04 20:53:42 GS-1 -----------------------------------------------------
---[Monster]: Max RunDelay: 657; Max RunCount 3152
---[Human]: Max RunDelay: 47; [Socket]: Max RunDelay: 16
---[App]: Min PerSecRun: 38; Max RunDelay 0
-----------------------------------------------------
2019-07-04 20:53:53 GS-1 07-04 20:53:53 User = 0 / 0
2019-07-04 20:58:43 GS-1 -----------------------------------------------------
---[Monster]: Max RunDelay: 312; Max RunCount 3152
---[Human]: Max RunDelay: 47; [Socket]: Max RunDelay: 0
---[App]: Min PerSecRun: 74; Max RunDelay 0
-----------------------------------------------------
2019-07-04 21:03:44 GS-1 -----------------------------------------------------
---[Monster]: Max RunDelay: 282; Max RunCount 3152
---[Human]: Max RunDelay: 32; [Socket]: Max RunDelay: 15
---[App]: Min PerSecRun: 73; Max RunDelay 0
-----------------------------------------------------
2019-07-04 21:03:53 GS-1 07-04 21:03:53 User = 0 / 0
2019-07-04 21:08:45 GS-1 -----------------------------------------------------
---[Monster]: Max RunDelay: 360; Max RunCount 3152
---[Human]: Max RunDelay: 47; [Socket]: Max RunDelay: 15
---[App]: Min PerSecRun: 70; Max RunDelay 0
-----------------------------------------------------
2019-07-04 21:13:46 GS-1 -----------------------------------------------------
---[Monster]: Max RunDelay: 281; Max RunCount 3152
---[Human]: Max RunDelay: 31; [Socket]: Max RunDelay: 15
---[App]: Min PerSecRun: 75; Max RunDelay 0
-----------------------------------------------------
2019-07-04 21:13:54 GS-1 07-04 21:13:54 User = 0 / 0
2019-07-04 21:18:47 GS-1 -----------------------------------------------------
---[Monster]: Max RunDelay: 282; Max RunCount 3152
---[Human]: Max RunDelay: 31; [Socket]: Max RunDelay: 15
---[App]: Min PerSecRun: 73; Max RunDelay 0
-----------------------------------------------------
2019-07-04 21:23:48 GS-1 -----------------------------------------------------
---[Monster]: Max RunDelay: 266; Max RunCount 3152
---[Human]: Max RunDelay: 16; [Socket]: Max RunDelay: 0
---[App]: Min PerSecRun: 77; Max RunDelay 0
-----------------------------------------------------
2019-07-04 21:23:54 GS-1 07-04 21:23:54 User = 0 / 0
2019-07-04 21:28:49 GS-1 -----------------------------------------------------
---[Monster]: Max RunDelay: 281; Max RunCount 3152
---[Human]: Max RunDelay: 16; [Socket]: Max RunDelay: 0
---[App]: Min PerSecRun: 77; Max RunDelay 0
-----------------------------------------------------
2019-07-04 21:33:50 GS-1 -----------------------------------------------------
---[Monster]: Max RunDelay: 203; Max RunCount 3152
---[Human]: Max RunDelay: 16; [Socket]: Max RunDelay: 0
---[App]: Min PerSecRun: 78; Max RunDelay 0
-----------------------------------------------------
2019-07-04 21:33:53 GS-1 07-04 21:33:53 User = 0 / 0
2019-07-04 21:38:51 GS-1 -----------------------------------------------------
---[Monster]: Max RunDelay: 469; Max RunCount 3152
---[Human]: Max RunDelay: 78; [Socket]: Max RunDelay: 0
---[App]: Min PerSecRun: 58; Max RunDelay 0
-----------------------------------------------------
2019-07-04 21:43:52 GS-1 -----------------------------------------------------
---[Monster]: Max RunDelay: 313; Max RunCount 3152
---[Human]: Max RunDelay: 31; [Socket]: Max RunDelay: 0
---[App]: Min PerSecRun: 67; Max RunDelay 0
-----------------------------------------------------
2019-07-04 21:43:53 GS-1 07-04 21:43:53 User = 0 / 0
2019-07-04 21:43:55 GS-1 载入商城热销商品列表，共7个。
2019-07-04 21:43:55 GS-1 ==> 加载商城热销榜:5
2019-07-04 21:48:53 GS-1 -----------------------------------------------------
---[Monster]: Max RunDelay: 250; Max RunCount 3152
---[Human]: Max RunDelay: 32; [Socket]: Max RunDelay: 0
---[App]: Min PerSecRun: 77; Max RunDelay 0
-----------------------------------------------------
2019-07-04 21:53:53 GS-1 07-04 21:53:53 User = 0 / 0
2019-07-04 21:53:54 GS-1 -----------------------------------------------------
---[Monster]: Max RunDelay: 281; Max RunCount 3152
---[Human]: Max RunDelay: 32; [Socket]: Max RunDelay: 16
---[App]: Min PerSecRun: 77; Max RunDelay 0
-----------------------------------------------------
2019-07-04 21:58:55 GS-1 -----------------------------------------------------
---[Monster]: Max RunDelay: 312; Max RunCount 3152
---[Human]: Max RunDelay: 31; [Socket]: Max RunDelay: 16
---[App]: Min PerSecRun: 59; Max RunDelay 0
-----------------------------------------------------
2019-07-04 21:58:57 GS-1 [脚本(武器升级-GA0.pas)缺函数]: ForgeDiaYB
2019-07-04 21:58:57 GS-1 --ReInitializet-- 因为点击NPC失败，重新刷新NPC...
2019-07-04 22:03:53 GS-1 07-04 22:03:53 User = 0 / 0
2019-07-04 22:03:56 GS-1 -----------------------------------------------------
---[Monster]: Max RunDelay: 390; Max RunCount 3152
---[Human]: Max RunDelay: 47; [Socket]: Max RunDelay: 16
---[App]: Min PerSecRun: 57; Max RunDelay 0
-----------------------------------------------------
2019-07-04 22:08:57 GS-1 -----------------------------------------------------
---[Monster]: Max RunDelay: 344; Max RunCount 3152
---[Human]: Max RunDelay: 31; [Socket]: Max RunDelay: 0
---[App]: Min PerSecRun: 74; Max RunDelay 0
-----------------------------------------------------
2019-07-04 22:13:53 GS-1 07-04 22:13:53 User = 0 / 0
2019-07-04 22:13:58 GS-1 -----------------------------------------------------
---[Monster]: Max RunDelay: 375; Max RunCount 3125
---[Human]: Max RunDelay: 32; [Socket]: Max RunDelay: 16
---[App]: Min PerSecRun: 70; Max RunDelay 0
-----------------------------------------------------
2019-07-04 22:18:59 GS-1 -----------------------------------------------------
---[Monster]: Max RunDelay: 266; Max RunCount 3125
---[Human]: Max RunDelay: 16; [Socket]: Max RunDelay: 0
---[App]: Min PerSecRun: 76; Max RunDelay 0
-----------------------------------------------------
2019-07-04 22:23:53 GS-1 07-04 22:23:53 User = 0 / 0
2019-07-04 22:24:00 GS-1 -----------------------------------------------------
---[Monster]: Max RunDelay: 391; Max RunCount 3124
---[Human]: Max RunDelay: 78; [Socket]: Max RunDelay: 16
---[App]: Min PerSecRun: 64; Max RunDelay 0
-----------------------------------------------------
2019-07-04 22:29:01 GS-1 -----------------------------------------------------
---[Monster]: Max RunDelay: 282; Max RunCount 3151
---[Human]: Max RunDelay: 31; [Socket]: Max RunDelay: 15
---[App]: Min PerSecRun: 76; Max RunDelay 0
-----------------------------------------------------
2019-07-04 22:33:54 GS-1 07-04 22:33:54 User = 0 / 0
2019-07-04 22:34:02 GS-1 -----------------------------------------------------
---[Monster]: Max RunDelay: 375; Max RunCount 3144
---[Human]: Max RunDelay: 47; [Socket]: Max RunDelay: 16
---[App]: Min PerSecRun: 71; Max RunDelay 0
-----------------------------------------------------
2019-07-04 22:39:03 GS-1 -----------------------------------------------------
---[Monster]: Max RunDelay: 375; Max RunCount 3144
---[Human]: Max RunDelay: 31; [Socket]: Max RunDelay: 0
---[App]: Min PerSecRun: 67; Max RunDelay 0
-----------------------------------------------------
2019-07-04 22:43:54 GS-1 07-04 22:43:54 User = 0 / 0
2019-07-04 22:43:55 GS-1 载入商城热销商品列表，共7个。
2019-07-04 22:43:55 GS-1 ==> 加载商城热销榜:5
2019-07-04 22:44:04 GS-1 -----------------------------------------------------
---[Monster]: Max RunDelay: 406; Max RunCount 3145
---[Human]: Max RunDelay: 78; [Socket]: Max RunDelay: 16
---[App]: Min PerSecRun: 50; Max RunDelay 0
-----------------------------------------------------
2019-07-04 22:49:05 GS-1 -----------------------------------------------------
---[Monster]: Max RunDelay: 469; Max RunCount 3125
---[Human]: Max RunDelay: 125; [Socket]: Max RunDelay: 0
---[App]: Min PerSecRun: 53; Max RunDelay 0
-----------------------------------------------------
2019-07-04 22:53:54 GS-1 07-04 22:53:54 User = 0 / 0
2019-07-04 22:54:06 GS-1 -----------------------------------------------------
---[Monster]: Max RunDelay: 265; Max RunCount 3114
---[Human]: Max RunDelay: 32; [Socket]: Max RunDelay: 16
---[App]: Min PerSecRun: 77; Max RunDelay 0
-----------------------------------------------------
2019-07-04 22:59:07 GS-1 -----------------------------------------------------
---[Monster]: Max RunDelay: 204; Max RunCount 3114
---[Human]: Max RunDelay: 31; [Socket]: Max RunDelay: 16
---[App]: Min PerSecRun: 78; Max RunDelay 0
-----------------------------------------------------
2019-07-04 23:03:55 GS-1 07-04 23:03:55 User = 0 / 0
2019-07-04 23:04:08 GS-1 -----------------------------------------------------
---[Monster]: Max RunDelay: 250; Max RunCount 3125
---[Human]: Max RunDelay: 16; [Socket]: Max RunDelay: 0
---[App]: Min PerSecRun: 77; Max RunDelay 0
-----------------------------------------------------
2019-07-04 23:09:09 GS-1 -----------------------------------------------------
---[Monster]: Max RunDelay: 250; Max RunCount 3114
---[Human]: Max RunDelay: 16; [Socket]: Max RunDelay: 0
---[App]: Min PerSecRun: 78; Max RunDelay 0
-----------------------------------------------------
2019-07-04 23:13:54 GS-1 07-04 23:13:54 User = 0 / 0
2019-07-04 23:14:10 GS-1 -----------------------------------------------------
---[Monster]: Max RunDelay: 359; Max RunCount 3112
---[Human]: Max RunDelay: 31; [Socket]: Max RunDelay: 15
---[App]: Min PerSecRun: 68; Max RunDelay 0
-----------------------------------------------------
2019-07-04 23:19:11 GS-1 -----------------------------------------------------
---[Monster]: Max RunDelay: 266; Max RunCount 3152
---[Human]: Max RunDelay: 31; [Socket]: Max RunDelay: 15
---[App]: Min PerSecRun: 77; Max RunDelay 0
-----------------------------------------------------
2019-07-04 23:23:55 GS-1 07-04 23:23:55 User = 0 / 0
2019-07-04 23:24:12 GS-1 -----------------------------------------------------
---[Monster]: Max RunDelay: 297; Max RunCount 3152
---[Human]: Max RunDelay: 15; [Socket]: Max RunDelay: 15
---[App]: Min PerSecRun: 77; Max RunDelay 0
-----------------------------------------------------
2019-07-04 23:29:13 GS-1 -----------------------------------------------------
---[Monster]: Max RunDelay: 234; Max RunCount 3152
---[Human]: Max RunDelay: 15; [Socket]: Max RunDelay: 0
---[App]: Min PerSecRun: 78; Max RunDelay 0
-----------------------------------------------------
2019-07-04 23:33:54 GS-1 07-04 23:33:54 User = 0 / 0
2019-07-04 23:34:14 GS-1 -----------------------------------------------------
---[Monster]: Max RunDelay: 344; Max RunCount 3151
---[Human]: Max RunDelay: 94; [Socket]: Max RunDelay: 15
---[App]: Min PerSecRun: 74; Max RunDelay 0
-----------------------------------------------------
2019-07-04 23:39:15 GS-1 -----------------------------------------------------
---[Monster]: Max RunDelay: 250; Max RunCount 3151
---[Human]: Max RunDelay: 16; [Socket]: Max RunDelay: 0
---[App]: Min PerSecRun: 78; Max RunDelay 0
-----------------------------------------------------
2019-07-04 23:43:54 GS-1 07-04 23:43:54 User = 0 / 0
2019-07-04 23:43:56 GS-1 载入商城热销商品列表，共7个。
2019-07-04 23:43:56 GS-1 ==> 加载商城热销榜:5
2019-07-04 23:44:16 GS-1 -----------------------------------------------------
---[Monster]: Max RunDelay: 375; Max RunCount 3150
---[Human]: Max RunDelay: 16; [Socket]: Max RunDelay: 0
---[App]: Min PerSecRun: 69; Max RunDelay 0
-----------------------------------------------------
2019-07-04 23:49:17 GS-1 -----------------------------------------------------
---[Monster]: Max RunDelay: 266; Max RunCount 3150
---[Human]: Max RunDelay: 16; [Socket]: Max RunDelay: 16
---[App]: Min PerSecRun: 77; Max RunDelay 0
-----------------------------------------------------
2019-07-04 23:53:54 GS-1 07-04 23:53:54 User = 0 / 0
2019-07-04 23:54:18 GS-1 -----------------------------------------------------
---[Monster]: Max RunDelay: 219; Max RunCount 3151
---[Human]: Max RunDelay: 16; [Socket]: Max RunDelay: 0
---[App]: Min PerSecRun: 79; Max RunDelay 0
-----------------------------------------------------
2019-07-04 23:59:19 GS-1 -----------------------------------------------------
---[Monster]: Max RunDelay: 250; Max RunCount 3141
---[Human]: Max RunDelay: 16; [Socket]: Max RunDelay: 0
---[App]: Min PerSecRun: 79; Max RunDelay 0
-----------------------------------------------------
2019-07-05 00:00:00 GS-1 载入商城物品列表，共5个类别，39种商品
2019-07-05 00:00:00 GS-1 ==> 加载商城物品 装饰类：11/11
2019-07-05 00:00:00 GS-1 ==> 加载商城物品 补给类：8/8
2019-07-05 00:00:00 GS-1 ==> 加载商城物品 强化类：15/15
2019-07-05 00:00:00 GS-1 ==> 加载商城物品 好友类：2/2
2019-07-05 00:00:00 GS-1 ==> 加载商城物品 限量类：3/3
2019-07-05 00:00:00 GS-1 ==> 加载商城物品 类：0/0
2019-07-05 00:00:00 GS-1 ==> 加载商城物品 类：0/0
2019-07-05 00:00:00 GS-1 ==> 加载商城物品 类：0/0
2019-07-05 00:03:54 GS-1 07-05 00:03:54 User = 0 / 0
2019-07-05 00:04:20 GS-1 -----------------------------------------------------
---[Monster]: Max RunDelay: 250; Max RunCount 3151
---[Human]: Max RunDelay: 16; [Socket]: Max RunDelay: 16
---[App]: Min PerSecRun: 78; Max RunDelay 0
-----------------------------------------------------
2019-07-05 00:09:21 GS-1 -----------------------------------------------------
---[Monster]: Max RunDelay: 266; Max RunCount 3151
---[Human]: Max RunDelay: 32; [Socket]: Max RunDelay: 15
---[App]: Min PerSecRun: 79; Max RunDelay 0
-----------------------------------------------------
2019-07-05 00:13:54 GS-1 07-05 00:13:54 User = 0 / 0
2019-07-05 00:14:22 GS-1 -----------------------------------------------------
---[Monster]: Max RunDelay: 406; Max RunCount 3151
---[Human]: Max RunDelay: 16; [Socket]: Max RunDelay: 0
---[App]: Min PerSecRun: 67; Max RunDelay 0
-----------------------------------------------------
2019-07-05 00:19:23 GS-1 -----------------------------------------------------
---[Monster]: Max RunDelay: 219; Max RunCount 3134
---[Human]: Max RunDelay: 16; [Socket]: Max RunDelay: 15
---[App]: Min PerSecRun: 79; Max RunDelay 0
-----------------------------------------------------
2019-07-05 00:23:55 GS-1 07-05 00:23:55 User = 0 / 0
2019-07-05 00:24:24 GS-1 -----------------------------------------------------
---[Monster]: Max RunDelay: 219; Max RunCount 3151
---[Human]: Max RunDelay: 31; [Socket]: Max RunDelay: 15
---[App]: Min PerSecRun: 79; Max RunDelay 0
-----------------------------------------------------
2019-07-05 00:29:25 GS-1 -----------------------------------------------------
---[Monster]: Max RunDelay: 234; Max RunCount 3141
---[Human]: Max RunDelay: 15; [Socket]: Max RunDelay: 0
---[App]: Min PerSecRun: 79; Max RunDelay 0
-----------------------------------------------------
2019-07-05 00:33:55 GS-1 07-05 00:33:55 User = 0 / 0
2019-07-05 00:34:26 GS-1 -----------------------------------------------------
---[Monster]: Max RunDelay: 234; Max RunCount 3152
---[Human]: Max RunDelay: 31; [Socket]: Max RunDelay: 15
---[App]: Min PerSecRun: 78; Max RunDelay 0
-----------------------------------------------------
2019-07-05 00:39:27 GS-1 -----------------------------------------------------
---[Monster]: Max RunDelay: 250; Max RunCount 3152
---[Human]: Max RunDelay: 15; [Socket]: Max RunDelay: 15
---[App]: Min PerSecRun: 79; Max RunDelay 0
-----------------------------------------------------
2019-07-05 00:43:55 GS-1 07-05 00:43:55 User = 0 / 0
2019-07-05 00:43:56 GS-1 载入商城热销商品列表，共7个。
2019-07-05 00:43:56 GS-1 ==> 加载商城热销榜:5
2019-07-05 00:44:28 GS-1 -----------------------------------------------------
---[Monster]: Max RunDelay: 281; Max RunCount 3152
---[Human]: Max RunDelay: 15; [Socket]: Max RunDelay: 15
---[App]: Min PerSecRun: 71; Max RunDelay 0
-----------------------------------------------------
2019-07-05 00:49:29 GS-1 -----------------------------------------------------
---[Monster]: Max RunDelay: 219; Max RunCount 3141
---[Human]: Max RunDelay: 31; [Socket]: Max RunDelay: 15
---[App]: Min PerSecRun: 79; Max RunDelay 0
-----------------------------------------------------
2019-07-05 00:53:55 GS-1 07-05 00:53:55 User = 0 / 0
2019-07-05 00:54:30 GS-1 -----------------------------------------------------
---[Monster]: Max RunDelay: 235; Max RunCount 3114
---[Human]: Max RunDelay: 16; [Socket]: Max RunDelay: 15
---[App]: Min PerSecRun: 79; Max RunDelay 0
-----------------------------------------------------
2019-07-05 00:59:31 GS-1 -----------------------------------------------------
---[Monster]: Max RunDelay: 235; Max RunCount 3152
---[Human]: Max RunDelay: 31; [Socket]: Max RunDelay: 0
---[App]: Min PerSecRun: 79; Max RunDelay 0
-----------------------------------------------------
2019-07-05 01:03:55 GS-1 07-05 01:03:55 User = 0 / 0
2019-07-05 01:04:32 GS-1 -----------------------------------------------------
---[Monster]: Max RunDelay: 235; Max RunCount 3145
---[Human]: Max RunDelay: 31; [Socket]: Max RunDelay: 0
---[App]: Min PerSecRun: 78; Max RunDelay 0
-----------------------------------------------------
2019-07-05 01:09:33 GS-1 -----------------------------------------------------
---[Monster]: Max RunDelay: 282; Max RunCount 3134
---[Human]: Max RunDelay: 16; [Socket]: Max RunDelay: 0
---[App]: Min PerSecRun: 78; Max RunDelay 0
-----------------------------------------------------
2019-07-05 01:13:55 GS-1 07-05 01:13:55 User = 0 / 0
2019-07-05 01:14:34 GS-1 -----------------------------------------------------
---[Monster]: Max RunDelay: 344; Max RunCount 3145
---[Human]: Max RunDelay: 16; [Socket]: Max RunDelay: 15
---[App]: Min PerSecRun: 69; Max RunDelay 0
-----------------------------------------------------
2019-07-05 01:19:35 GS-1 -----------------------------------------------------
---[Monster]: Max RunDelay: 266; Max RunCount 3152
---[Human]: Max RunDelay: 31; [Socket]: Max RunDelay: 0
---[App]: Min PerSecRun: 78; Max RunDelay 0
-----------------------------------------------------
2019-07-05 01:23:55 GS-1 07-05 01:23:55 User = 0 / 0
2019-07-05 01:24:36 GS-1 -----------------------------------------------------
---[Monster]: Max RunDelay: 250; Max RunCount 3152
---[Human]: Max RunDelay: 16; [Socket]: Max RunDelay: 15
---[App]: Min PerSecRun: 79; Max RunDelay 0
-----------------------------------------------------
2019-07-05 01:29:37 GS-1 -----------------------------------------------------
---[Monster]: Max RunDelay: 234; Max RunCount 3152
---[Human]: Max RunDelay: 31; [Socket]: Max RunDelay: 15
---[App]: Min PerSecRun: 79; Max RunDelay 0
-----------------------------------------------------
2019-07-05 01:33:55 GS-1 07-05 01:33:55 User = 0 / 0
2019-07-05 01:34:38 GS-1 -----------------------------------------------------
---[Monster]: Max RunDelay: 266; Max RunCount 3152
---[Human]: Max RunDelay: 31; [Socket]: Max RunDelay: 15
---[App]: Min PerSecRun: 79; Max RunDelay 0
-----------------------------------------------------
2019-07-05 01:39:39 GS-1 -----------------------------------------------------
---[Monster]: Max RunDelay: 266; Max RunCount 3141
---[Human]: Max RunDelay: 16; [Socket]: Max RunDelay: 0
---[App]: Min PerSecRun: 76; Max RunDelay 0
-----------------------------------------------------
2019-07-05 01:43:55 GS-1 07-05 01:43:55 User = 0 / 0
2019-07-05 01:43:56 GS-1 载入商城热销商品列表，共7个。
2019-07-05 01:43:56 GS-1 ==> 加载商城热销榜:5
2019-07-05 01:44:40 GS-1 -----------------------------------------------------
---[Monster]: Max RunDelay: 344; Max RunCount 3152
---[Human]: Max RunDelay: 32; [Socket]: Max RunDelay: 0
---[App]: Min PerSecRun: 68; Max RunDelay 0
-----------------------------------------------------
2019-07-05 01:49:41 GS-1 -----------------------------------------------------
---[Monster]: Max RunDelay: 250; Max RunCount 3151
---[Human]: Max RunDelay: 31; [Socket]: Max RunDelay: 0
---[App]: Min PerSecRun: 79; Max RunDelay 0
-----------------------------------------------------
2019-07-05 01:53:55 GS-1 07-05 01:53:55 User = 0 / 0
2019-07-05 01:54:42 GS-1 -----------------------------------------------------
---[Monster]: Max RunDelay: 234; Max RunCount 3141
---[Human]: Max RunDelay: 15; [Socket]: Max RunDelay: 15
---[App]: Min PerSecRun: 79; Max RunDelay 0
-----------------------------------------------------
2019-07-05 01:59:43 GS-1 -----------------------------------------------------
---[Monster]: Max RunDelay: 282; Max RunCount 3152
---[Human]: Max RunDelay: 15; [Socket]: Max RunDelay: 15
---[App]: Min PerSecRun: 77; Max RunDelay 0
-----------------------------------------------------
2019-07-05 02:03:55 GS-1 07-05 02:03:55 User = 0 / 0
2019-07-05 02:04:44 GS-1 -----------------------------------------------------
---[Monster]: Max RunDelay: 219; Max RunCount 3152
---[Human]: Max RunDelay: 31; [Socket]: Max RunDelay: 0
---[App]: Min PerSecRun: 79; Max RunDelay 0
-----------------------------------------------------
2019-07-05 02:09:45 GS-1 -----------------------------------------------------
---[Monster]: Max RunDelay: 219; Max RunCount 3152
---[Human]: Max RunDelay: 15; [Socket]: Max RunDelay: 15
---[App]: Min PerSecRun: 79; Max RunDelay 0
-----------------------------------------------------
2019-07-05 02:13:55 GS-1 07-05 02:13:55 User = 0 / 0
2019-07-05 02:14:46 GS-1 -----------------------------------------------------
---[Monster]: Max RunDelay: 359; Max RunCount 3152
---[Human]: Max RunDelay: 15; [Socket]: Max RunDelay: 16
---[App]: Min PerSecRun: 67; Max RunDelay 0
-----------------------------------------------------
2019-07-05 02:19:47 GS-1 -----------------------------------------------------
---[Monster]: Max RunDelay: 219; Max RunCount 3124
---[Human]: Max RunDelay: 15; [Socket]: Max RunDelay: 16
---[App]: Min PerSecRun: 78; Max RunDelay 0
-----------------------------------------------------
2019-07-05 02:23:55 GS-1 07-05 02:23:55 User = 0 / 0
2019-07-05 02:24:48 GS-1 -----------------------------------------------------
---[Monster]: Max RunDelay: 250; Max RunCount 3144
---[Human]: Max RunDelay: 31; [Socket]: Max RunDelay: 16
---[App]: Min PerSecRun: 79; Max RunDelay 0
-----------------------------------------------------
2019-07-05 02:29:49 GS-1 -----------------------------------------------------
---[Monster]: Max RunDelay: 235; Max RunCount 3134
---[Human]: Max RunDelay: 15; [Socket]: Max RunDelay: 0
---[App]: Min PerSecRun: 79; Max RunDelay 0
-----------------------------------------------------
2019-07-05 02:33:55 GS-1 07-05 02:33:55 User = 0 / 0
2019-07-05 02:34:50 GS-1 -----------------------------------------------------
---[Monster]: Max RunDelay: 266; Max RunCount 3152
---[Human]: Max RunDelay: 15; [Socket]: Max RunDelay: 0
---[App]: Min PerSecRun: 78; Max RunDelay 0
-----------------------------------------------------
2019-07-05 02:39:51 GS-1 -----------------------------------------------------
---[Monster]: Max RunDelay: 250; Max RunCount 3145
---[Human]: Max RunDelay: 15; [Socket]: Max RunDelay: 0
---[App]: Min PerSecRun: 79; Max RunDelay 0
-----------------------------------------------------
2019-07-05 02:43:55 GS-1 07-05 02:43:55 User = 0 / 0
2019-07-05 02:43:56 GS-1 载入商城热销商品列表，共7个。
2019-07-05 02:43:56 GS-1 ==> 加载商城热销榜:5
2019-07-05 02:44:52 GS-1 -----------------------------------------------------
---[Monster]: Max RunDelay: 391; Max RunCount 3134
---[Human]: Max RunDelay: 15; [Socket]: Max RunDelay: 0
---[App]: Min PerSecRun: 69; Max RunDelay 0
-----------------------------------------------------
2019-07-05 02:49:53 GS-1 -----------------------------------------------------
---[Monster]: Max RunDelay: 235; Max RunCount 3145
---[Human]: Max RunDelay: 15; [Socket]: Max RunDelay: 16
---[App]: Min PerSecRun: 79; Max RunDelay 0
-----------------------------------------------------
2019-07-05 02:53:55 GS-1 07-05 02:53:55 User = 0 / 0
2019-07-05 02:54:54 GS-1 -----------------------------------------------------
---[Monster]: Max RunDelay: 266; Max RunCount 3145
---[Human]: Max RunDelay: 31; [Socket]: Max RunDelay: 0
---[App]: Min PerSecRun: 78; Max RunDelay 0
-----------------------------------------------------
2019-07-05 02:59:55 GS-1 -----------------------------------------------------
---[Monster]: Max RunDelay: 204; Max RunCount 3145
---[Human]: Max RunDelay: 16; [Socket]: Max RunDelay: 0
---[App]: Min PerSecRun: 79; Max RunDelay 0
-----------------------------------------------------
2019-07-05 03:03:55 GS-1 07-05 03:03:55 User = 0 / 0
2019-07-05 03:04:56 GS-1 -----------------------------------------------------
---[Monster]: Max RunDelay: 219; Max RunCount 3145
---[Human]: Max RunDelay: 31; [Socket]: Max RunDelay: 16
---[App]: Min PerSecRun: 79; Max RunDelay 0
-----------------------------------------------------
2019-07-05 03:09:57 GS-1 -----------------------------------------------------
---[Monster]: Max RunDelay: 219; Max RunCount 3145
---[Human]: Max RunDelay: 15; [Socket]: Max RunDelay: 16
---[App]: Min PerSecRun: 78; Max RunDelay 0
-----------------------------------------------------
2019-07-05 03:13:55 GS-1 07-05 03:13:55 User = 0 / 0
2019-07-05 03:14:58 GS-1 -----------------------------------------------------
---[Monster]: Max RunDelay: 250; Max RunCount 3134
---[Human]: Max RunDelay: 15; [Socket]: Max RunDelay: 0
---[App]: Min PerSecRun: 72; Max RunDelay 0
-----------------------------------------------------
2019-07-05 03:19:59 GS-1 -----------------------------------------------------
---[Monster]: Max RunDelay: 219; Max RunCount 3141
---[Human]: Max RunDelay: 31; [Socket]: Max RunDelay: 0
---[App]: Min PerSecRun: 78; Max RunDelay 0
-----------------------------------------------------
2019-07-05 03:23:55 GS-1 07-05 03:23:55 User = 0 / 0
2019-07-05 03:25:00 GS-1 -----------------------------------------------------
---[Monster]: Max RunDelay: 203; Max RunCount 3152
---[Human]: Max RunDelay: 15; [Socket]: Max RunDelay: 16
---[App]: Min PerSecRun: 79; Max RunDelay 0
-----------------------------------------------------
2019-07-05 03:30:01 GS-1 -----------------------------------------------------
---[Monster]: Max RunDelay: 250; Max RunCount 3152
---[Human]: Max RunDelay: 15; [Socket]: Max RunDelay: 15
---[App]: Min PerSecRun: 79; Max RunDelay 0
-----------------------------------------------------
2019-07-05 03:33:55 GS-1 07-05 03:33:55 User = 0 / 0
2019-07-05 03:35:02 GS-1 -----------------------------------------------------
---[Monster]: Max RunDelay: 234; Max RunCount 3152
---[Human]: Max RunDelay: 15; [Socket]: Max RunDelay: 15
---[App]: Min PerSecRun: 79; Max RunDelay 0
-----------------------------------------------------
2019-07-05 03:40:03 GS-1 -----------------------------------------------------
---[Monster]: Max RunDelay: 219; Max RunCount 3152
---[Human]: Max RunDelay: 15; [Socket]: Max RunDelay: 15
---[App]: Min PerSecRun: 79; Max RunDelay 0
-----------------------------------------------------
2019-07-05 03:43:55 GS-1 07-05 03:43:55 User = 0 / 0
2019-07-05 03:43:56 GS-1 载入商城热销商品列表，共7个。
2019-07-05 03:43:56 GS-1 ==> 加载商城热销榜:5
2019-07-05 03:45:04 GS-1 -----------------------------------------------------
---[Monster]: Max RunDelay: 343; Max RunCount 3152
---[Human]: Max RunDelay: 15; [Socket]: Max RunDelay: 15
---[App]: Min PerSecRun: 67; Max RunDelay 0
-----------------------------------------------------
2019-07-05 03:50:05 GS-1 -----------------------------------------------------
---[Monster]: Max RunDelay: 235; Max RunCount 3152
---[Human]: Max RunDelay: 31; [Socket]: Max RunDelay: 15
---[App]: Min PerSecRun: 79; Max RunDelay 0
-----------------------------------------------------
2019-07-05 03:53:55 GS-1 07-05 03:53:55 User = 0 / 0
2019-07-05 03:55:06 GS-1 -----------------------------------------------------
---[Monster]: Max RunDelay: 219; Max RunCount 3152
---[Human]: Max RunDelay: 16; [Socket]: Max RunDelay: 0
---[App]: Min PerSecRun: 79; Max RunDelay 0
-----------------------------------------------------
2019-07-05 04:00:07 GS-1 -----------------------------------------------------
---[Monster]: Max RunDelay: 235; Max RunCount 3152
---[Human]: Max RunDelay: 31; [Socket]: Max RunDelay: 0
---[App]: Min PerSecRun: 79; Max RunDelay 0
-----------------------------------------------------
2019-07-05 04:03:55 GS-1 07-05 04:03:55 User = 0 / 0
2019-07-05 04:05:08 GS-1 -----------------------------------------------------
---[Monster]: Max RunDelay: 219; Max RunCount 3152
---[Human]: Max RunDelay: 16; [Socket]: Max RunDelay: 0
---[App]: Min PerSecRun: 79; Max RunDelay 0
-----------------------------------------------------
2019-07-05 04:10:09 GS-1 -----------------------------------------------------
---[Monster]: Max RunDelay: 203; Max RunCount 3152
---[Human]: Max RunDelay: 31; [Socket]: Max RunDelay: 0
---[App]: Min PerSecRun: 80; Max RunDelay 0
-----------------------------------------------------
2019-07-05 04:13:55 GS-1 07-05 04:13:55 User = 0 / 0
2019-07-05 04:15:10 GS-1 -----------------------------------------------------
---[Monster]: Max RunDelay: 375; Max RunCount 3152
---[Human]: Max RunDelay: 16; [Socket]: Max RunDelay: 0
---[App]: Min PerSecRun: 70; Max RunDelay 0
-----------------------------------------------------
2019-07-05 04:20:11 GS-1 -----------------------------------------------------
---[Monster]: Max RunDelay: 234; Max RunCount 3152
---[Human]: Max RunDelay: 16; [Socket]: Max RunDelay: 0
---[App]: Min PerSecRun: 79; Max RunDelay 0
-----------------------------------------------------
2019-07-05 04:23:55 GS-1 07-05 04:23:55 User = 0 / 0
2019-07-05 04:25:12 GS-1 -----------------------------------------------------
---[Monster]: Max RunDelay: 203; Max RunCount 3151
---[Human]: Max RunDelay: 16; [Socket]: Max RunDelay: 16
---[App]: Min PerSecRun: 79; Max RunDelay 0
-----------------------------------------------------
2019-07-05 04:30:13 GS-1 -----------------------------------------------------
---[Monster]: Max RunDelay: 219; Max RunCount 3151
---[Human]: Max RunDelay: 32; [Socket]: Max RunDelay: 0
---[App]: Min PerSecRun: 79; Max RunDelay 0
-----------------------------------------------------
2019-07-05 04:33:55 GS-1 07-05 04:33:55 User = 0 / 0
2019-07-05 04:35:14 GS-1 -----------------------------------------------------
---[Monster]: Max RunDelay: 219; Max RunCount 3151
---[Human]: Max RunDelay: 16; [Socket]: Max RunDelay: 0
---[App]: Min PerSecRun: 79; Max RunDelay 0
-----------------------------------------------------
2019-07-05 04:40:15 GS-1 -----------------------------------------------------
---[Monster]: Max RunDelay: 203; Max RunCount 3141
---[Human]: Max RunDelay: 16; [Socket]: Max RunDelay: 0
---[App]: Min PerSecRun: 79; Max RunDelay 0
-----------------------------------------------------
2019-07-05 04:43:55 GS-1 07-05 04:43:55 User = 0 / 0
2019-07-05 04:43:56 GS-1 载入商城热销商品列表，共7个。
2019-07-05 04:43:56 GS-1 ==> 加载商城热销榜:5
2019-07-05 04:45:16 GS-1 -----------------------------------------------------
---[Monster]: Max RunDelay: 375; Max RunCount 3141
---[Human]: Max RunDelay: 16; [Socket]: Max RunDelay: 0
---[App]: Min PerSecRun: 67; Max RunDelay 0
-----------------------------------------------------
2019-07-05 04:50:17 GS-1 -----------------------------------------------------
---[Monster]: Max RunDelay: 234; Max RunCount 3141
---[Human]: Max RunDelay: 31; [Socket]: Max RunDelay: 0
---[App]: Min PerSecRun: 79; Max RunDelay 0
-----------------------------------------------------
2019-07-05 04:53:55 GS-1 07-05 04:53:55 User = 0 / 0
2019-07-05 04:55:18 GS-1 -----------------------------------------------------
---[Monster]: Max RunDelay: 250; Max RunCount 3121
---[Human]: Max RunDelay: 15; [Socket]: Max RunDelay: 16
---[App]: Min PerSecRun: 79; Max RunDelay 0
-----------------------------------------------------
2019-07-05 05:00:19 GS-1 -----------------------------------------------------
---[Monster]: Max RunDelay: 203; Max RunCount 3131
---[Human]: Max RunDelay: 15; [Socket]: Max RunDelay: 16
---[App]: Min PerSecRun: 79; Max RunDelay 0
-----------------------------------------------------
2019-07-05 05:03:55 GS-1 07-05 05:03:55 User = 0 / 0
2019-07-05 05:05:20 GS-1 -----------------------------------------------------
---[Monster]: Max RunDelay: 203; Max RunCount 3132
---[Human]: Max RunDelay: 15; [Socket]: Max RunDelay: 0
---[App]: Min PerSecRun: 80; Max RunDelay 0
-----------------------------------------------------
2019-07-05 05:10:21 GS-1 -----------------------------------------------------
---[Monster]: Max RunDelay: 219; Max RunCount 3112
---[Human]: Max RunDelay: 31; [Socket]: Max RunDelay: 0
---[App]: Min PerSecRun: 79; Max RunDelay 0
-----------------------------------------------------
2019-07-05 05:13:55 GS-1 07-05 05:13:55 User = 0 / 0
2019-07-05 05:15:22 GS-1 -----------------------------------------------------
---[Monster]: Max RunDelay: 406; Max RunCount 3152
---[Human]: Max RunDelay: 15; [Socket]: Max RunDelay: 0
---[App]: Min PerSecRun: 68; Max RunDelay 0
-----------------------------------------------------
2019-07-05 05:20:23 GS-1 -----------------------------------------------------
---[Monster]: Max RunDelay: 234; Max RunCount 3152
---[Human]: Max RunDelay: 15; [Socket]: Max RunDelay: 15
---[App]: Min PerSecRun: 80; Max RunDelay 0
-----------------------------------------------------
2019-07-05 05:23:55 GS-1 07-05 05:23:55 User = 0 / 0
2019-07-05 05:25:24 GS-1 -----------------------------------------------------
---[Monster]: Max RunDelay: 234; Max RunCount 3114
---[Human]: Max RunDelay: 15; [Socket]: Max RunDelay: 0
---[App]: Min PerSecRun: 79; Max RunDelay 0
-----------------------------------------------------
2019-07-05 05:30:25 GS-1 -----------------------------------------------------
---[Monster]: Max RunDelay: 219; Max RunCount 3151
---[Human]: Max RunDelay: 31; [Socket]: Max RunDelay: 0
---[App]: Min PerSecRun: 78; Max RunDelay 0
-----------------------------------------------------
2019-07-05 05:33:54 GS-1 07-05 05:33:54 User = 0 / 0
2019-07-05 05:34:16 GS-1 [脚本(武器升级-GA0.pas)缺函数]: ForgeDiaYB
2019-07-05 05:34:16 GS-1 --ReInitializet-- 因为点击NPC失败，重新刷新NPC...
2019-07-05 05:34:22 GS-1 [脚本(武器升级-GA0.pas)缺函数]: ForgeDiaYB
2019-07-05 05:34:22 GS-1 --ReInitializet-- 因为点击NPC失败，重新刷新NPC...
2019-07-05 05:34:27 GS-1 [脚本(武器升级-GA0.pas)缺函数]: ForgeDiaYB
2019-07-05 05:34:27 GS-1 --ReInitializet-- 因为点击NPC失败，重新刷新NPC...
2019-07-05 05:34:33 GS-1 [脚本(武器升级-GA0.pas)缺函数]: ForgeDiaYB
2019-07-05 05:34:33 GS-1 --ReInitializet-- 因为点击NPC失败，重新刷新NPC...
2019-07-05 05:34:38 GS-1 [脚本(武器升级-GA0.pas)缺函数]: ForgeDiaYB
2019-07-05 05:34:38 GS-1 --ReInitializet-- 因为点击NPC失败，重新刷新NPC...
2019-07-05 05:34:58 GS-1 [脚本(武器升级-GA0.pas)缺函数]: ForgeDiaYB
2019-07-05 05:34:58 GS-1 --ReInitializet-- 因为点击NPC失败，重新刷新NPC...
2019-07-05 05:35:03 GS-1 [脚本(武器升级-GA0.pas)缺函数]: ForgeDiaYB
2019-07-05 05:35:03 GS-1 --ReInitializet-- 因为点击NPC失败，重新刷新NPC...
2019-07-05 05:35:08 GS-1 [脚本(武器升级-GA0.pas)缺函数]: ForgeDiaYB
2019-07-05 05:35:08 GS-1 --ReInitializet-- 因为点击NPC失败，重新刷新NPC...
2019-07-05 05:35:13 GS-1 [脚本(武器升级-GA0.pas)缺函数]: ForgeDiaYB
2019-07-05 05:35:13 GS-1 --ReInitializet-- 因为点击NPC失败，重新刷新NPC...
2019-07-05 05:35:26 GS-1 -----------------------------------------------------
---[Monster]: Max RunDelay: 406; Max RunCount 3152
---[Human]: Max RunDelay: 109; [Socket]: Max RunDelay: 47
---[App]: Min PerSecRun: 63; Max RunDelay 0
-----------------------------------------------------
2019-07-05 05:35:28 GS-1 [脚本(武器升级-GA0.pas)缺函数]: ForgeDiaYB
2019-07-05 05:35:28 GS-1 --ReInitializet-- 因为点击NPC失败，重新刷新NPC...
2019-07-05 05:35:33 GS-1 [脚本(武器升级-GA0.pas)缺函数]: ForgeDiaYB
2019-07-05 05:35:33 GS-1 --ReInitializet-- 因为点击NPC失败，重新刷新NPC...
2019-07-05 05:35:38 GS-1 [脚本(武器升级-GA0.pas)缺函数]: ForgeDiaYB
2019-07-05 05:35:38 GS-1 --ReInitializet-- 因为点击NPC失败，重新刷新NPC...
2019-07-05 05:35:43 GS-1 [脚本(武器升级-GA0.pas)缺函数]: ForgeDiaYB
2019-07-05 05:35:43 GS-1 --ReInitializet-- 因为点击NPC失败，重新刷新NPC...
2019-07-05 05:35:48 GS-1 [脚本(武器升级-GA0.pas)缺函数]: ForgeDiaYB
2019-07-05 05:35:48 GS-1 --ReInitializet-- 因为点击NPC失败，重新刷新NPC...
2019-07-05 05:35:53 GS-1 [脚本(武器升级-GA0.pas)缺函数]: ForgeDiaYB
2019-07-05 05:35:53 GS-1 --ReInitializet-- 因为点击NPC失败，重新刷新NPC...
2019-07-05 05:35:58 GS-1 [脚本(武器升级-GA0.pas)缺函数]: ForgeDiaYB
2019-07-05 05:35:58 GS-1 --ReInitializet-- 因为点击NPC失败，重新刷新NPC...
2019-07-05 05:36:03 GS-1 [脚本(武器升级-GA0.pas)缺函数]: ForgeDiaYB
2019-07-05 05:36:03 GS-1 --ReInitializet-- 因为点击NPC失败，重新刷新NPC...
2019-07-05 05:36:08 GS-1 [脚本(武器升级-GA0.pas)缺函数]: ForgeDiaYB
2019-07-05 05:36:08 GS-1 --ReInitializet-- 因为点击NPC失败，重新刷新NPC...
2019-07-05 05:36:18 GS-1 [脚本(武器升级-GA0.pas)缺函数]: ForgeDiaYB
2019-07-05 05:36:18 GS-1 --ReInitializet-- 因为点击NPC失败，重新刷新NPC...
2019-07-05 05:36:23 GS-1 [脚本(武器升级-GA0.pas)缺函数]: ForgeDiaYB
2019-07-05 05:36:23 GS-1 --ReInitializet-- 因为点击NPC失败，重新刷新NPC...
2019-07-05 05:36:29 GS-1 [脚本(武器升级-GA0.pas)缺函数]: ForgeDiaYB
2019-07-05 05:36:29 GS-1 --ReInitializet-- 因为点击NPC失败，重新刷新NPC...
2019-07-05 05:40:27 GS-1 -----------------------------------------------------
---[Monster]: Max RunDelay: 313; Max RunCount 3114
---[Human]: Max RunDelay: 47; [Socket]: Max RunDelay: 15
---[App]: Min PerSecRun: 59; Max RunDelay 0
-----------------------------------------------------
2019-07-05 05:43:30 GS-1 05:43:31 Gate 1 (106.52.201.110) 关闭
2019-07-05 05:43:30 GS-1 [Warning]: 与DB 服务器断开连接....
2019-07-05 05:43:36 GS-1 释放--魔龙冰晶升级对象--结束
2019-07-05 05:43:36 GS-1 释放--天赐宝箱1--结束
2019-07-05 05:43:36 GS-1 释放--天赐宝箱2--结束
2019-07-05 05:43:36 GS-1 释放--一点充--结束
2019-07-05 05:43:36 GS-1 释放--事件管理对象--结束
2019-07-05 05:43:36 GS-1 释放--任务管理对象--结束
2019-07-05 05:43:36 GS-1 释放--升级提醒管理对象--结束
2019-07-05 05:43:36 GS-1 释放--GDMsg管理对象--结束
2019-07-05 05:43:36 GS-1 释放--跨地图寻路管理对象--结束
2019-07-05 05:43:36 GS-1 释放--沙巴克管理对象--结束
2019-07-05 05:43:36 GS-1 释放--中央活动服务器客户端--结束
2019-07-05 05:43:36 GS-1 释放--乾坤包--结束
2019-07-05 05:43:36 GS-1 正在清除模块-卧龙英雄管理-的配置表d:\Mud2.0\Mir200\Share\EngineConfig\卧龙英雄管理\Fortress-HERO1.txt
2019-07-05 05:43:36 GS-1 正在清除模块-卧龙英雄管理-的配置表d:\Mud2.0\Mir200\Share\EngineConfig\卧龙英雄管理\Fortress.txt
2019-07-05 05:43:36 GS-1 正在清除模块-游戏元素点阵管理-的配置表d:\Mud2.0\Mir200\Share\EngineConfig\游戏元素点阵管理\GMActEvent.txt
2019-07-05 05:43:36 GS-1 正在清除模块-信用分管理-的配置表d:\Mud2.0\Mir200\Share\EngineConfig\信用分管理\PlayerActivePoint.xml
2019-07-05 05:43:36 GS-1 正在清除模块-信用分管理-的配置表d:\Mud2.0\Mir200\Share\EngineConfig\信用分管理\MapActivePoint.xml
2019-07-05 05:43:36 GS-1 正在清除模块-摆摊交易-的配置表d:\Mud2.0\Mir200\Share\EngineConfig\摆摊交易\摊位基础设置.ini
2019-07-05 05:43:36 GS-1 正在清除模块-元宝商城管理-的配置表d:\Mud2.0\Mir200\Share\EngineConfig\元宝商城管理\YBGoods.sql
2019-07-05 05:43:36 GS-1 正在清除模块-小助手管理-的配置表d:\Mud2.0\Mir200\Share\EngineConfig\小助手管理\小助手.txt
2019-07-05 05:43:36 GS-1 正在清除模块-静态地图管理-的配置表d:\Mud2.0\Mir200\Share\EngineConfig\静态地图管理\MapDropLimitBagItems.xml
2019-07-05 05:43:36 GS-1 正在清除模块-装备合成管理-的配置表d:\Mud2.0\Mir200\Share\EngineConfig\装备合成管理\StrengthenEquip.xml
2019-07-05 05:43:36 GS-1 正在清除模块-藏宝图管理-的配置表d:\Mud2.0\Mir200\Share\EngineConfig\藏宝图管理\修复藏宝图.txt
2019-07-05 05:43:36 GS-1 正在清除模块-藏宝图管理-的配置表d:\Mud2.0\Mir200\Share\EngineConfig\藏宝图管理\魔龙藏宝图合成装备.txt
2019-07-05 05:43:36 GS-1 正在清除模块-衣服升级管理-的配置表d:\Mud2.0\Mir200\Share\EngineConfig\衣服升级管理\UpdateClothes.xml
2019-07-05 05:43:36 GS-1 正在清除模块-道具管理-的配置表d:\Mud2.0\Mir200\Share\EngineConfig\道具管理\宝石配置.txt
2019-07-05 05:43:36 GS-1 正在清除模块-世界暴率管理-的配置表d:\Mud2.0\Mir200\Share\EngineConfig\世界暴率管理\世界爆率文件1.txt
2019-07-05 05:43:36 GS-1 释放--跨GS消息管理对象--结束
2019-07-05 05:43:36 GS-1 释放--gate管理对象--结束
2019-07-05 05:43:36 GS-1 释放--魔法管理对象--结束
2019-07-05 05:43:36 GS-1 释放--套装管理对象--结束
2019-07-05 05:43:36 GS-1 释放--新暴率管理对象--结束
2019-07-05 05:43:36 GS-1 释放--角色信息初始化管理对象--结束
2019-07-05 05:43:36 GS-1 释放--GS本地日志--结束
2019-07-05 05:43:36 GS-1 释放--DBEngn对象--结束
2019-07-05 05:43:36 GS-1 释放--任务列表--结束
2019-07-05 05:43:36 GS-1 释放--buffer管理类--结束
2019-07-05 05:43:36 GS-1 释放--排行榜--结束
2019-07-05 05:43:36 GS-1 释放--免费回收--结束
2019-07-05 05:43:36 GS-1 释放--mysql对象--结束
2019-07-05 05:43:36 GS-1 ================ 服务停止 ==============
