2019-08-29 18:03:22 GS-1 -----------------------------------------------------
---[Monster]: Max RunDelay: 0; Max RunCount 0
---[Human]: Max RunDelay: 0; [Socket]: Max RunDelay: 0
---[App]: Min PerSecRun: 100; Max RunDelay 0
-----------------------------------------------------
2019-08-29 18:03:22 GS-1 ================ 服务启动 ==============
2019-08-29 18:03:22 GS-1 TPlayerBody Size - 1616
2019-08-29 18:03:22 GS-1 TPlayerDB Size - 61608
2019-08-29 18:03:22 GS-1 ======== 连接MySQL成功 =======
2019-08-29 18:03:22 GS-1 *** ***Gamelog 的下次清理时间为 : 09月05日03时*** ***
2019-08-29 18:03:22 GS-1 ==加载GM指令定义完成==
2019-08-29 18:03:22 GS-1 与 DB 服务器连接成功
2019-08-29 18:03:22 GS-1 [Error]: 火龙珠奖励配置错误！
2019-08-29 18:03:22 GS-1 [Error]: 抽取概率错误:赤金天赐->宝箱1:概率7
2019-08-29 18:03:22 GS-1 [Error]: 抽取概率错误:白银天赐->宝箱1:概率7
2019-08-29 18:03:22 GS-1 [Error]: 抽取概率错误:紫铜天赐->宝箱1:概率7
2019-08-29 18:03:22 GS-1 [Error]: 抽取概率错误:神秘天赐->宝箱1:概率7
2019-08-29 18:03:22 GS-1 [Error]: 抽取概率错误:檀木天赐->宝箱1:概率7
2019-08-29 18:03:22 GS-1 [Error]: 抽取概率错误:宝藏天赐 ->宝箱1:概率7
2019-08-29 18:03:22 GS-1 [Error]: StdItems 不存在的天赐：新年天赐
2019-08-29 18:03:22 GS-1 [Error]: StdItems 不存在的钥匙：新年钥匙
2019-08-29 18:03:22 GS-1 [Error]: StdItems 不存在的钥匙：春节钥匙
2019-08-29 18:03:22 GS-1 [Error]: StdItems 不存在的钥匙：节日钥匙
2019-08-29 18:03:22 GS-1 [Error]: StdItems 不存在的天赐：感恩天赐
2019-08-29 18:03:22 GS-1 [Error]: StdItems 不存在的钥匙：感恩钥匙
2019-08-29 18:03:22 GS-1 系统参数初始化完毕
2019-08-29 18:03:22 GS-1 准备加载NPC，共516个
2019-08-29 18:03:22 GS-1 已加载d:\Mud2.0\Mir200\Share\EngineConfig\系统信息管理\RollMsg.txt！
2019-08-29 18:03:22 GS-1 已加载d:\Mud2.0\Mir200\Share\EngineConfig\系统信息管理\掉落物品提示.txt！
2019-08-29 18:03:22 GS-1 已加载d:\Mud2.0\Mir200\Share\EngineConfig\卧龙英雄管理\Fortress.txt！
2019-08-29 18:03:22 GS-1 已加载d:\Mud2.0\Mir200\Share\EngineConfig\游戏元素点阵管理\GMActEvent.txt！
2019-08-29 18:03:22 GS-1    加载邮件信息成功,加载11个玩家的邮件。
2019-08-29 18:03:22 GS-1    加载邮件信息成功,加载36个玩家的邮件。
2019-08-29 18:03:22 GS-1 已加载d:\Mud2.0\Mir200\Share\EngineConfig\摆摊交易\摊位基础设置.ini！
2019-08-29 18:03:22 GS-1 刷新摊位过期将在2:55执行！
2019-08-29 18:03:22 GS-1   加载Stall成功，共加载摊位1个
2019-08-29 18:03:22 GS-1 [Information]: 寄售表创建成功!
2019-08-29 18:03:22 GS-1 [Information]: 寄售历史表创建成功!
2019-08-29 18:03:22 GS-1 [Information]: 更新超时订单成功!
2019-08-29 18:03:22 GS-1 已加载刷新商城时间：00:00:00.
2019-08-29 18:03:22 GS-1 已加载刷新商城时间：06:00:00.
2019-08-29 18:03:22 GS-1 已加载刷新商城时间：12:00:00.
2019-08-29 18:03:22 GS-1 载入商城物品列表，共5个类别，40种商品
2019-08-29 18:03:22 GS-1 ==> 加载商城物品 装饰类：11/11
2019-08-29 18:03:22 GS-1 ==> 加载商城物品 补给类：5/5
2019-08-29 18:03:22 GS-1 ==> 加载商城物品 强化类：15/15
2019-08-29 18:03:22 GS-1 ==> 加载商城物品 限量类：7/7
2019-08-29 18:03:22 GS-1 ==> 加载商城物品 好友类：2/2
2019-08-29 18:03:22 GS-1 ==> 加载商城物品 类：0/0
2019-08-29 18:03:22 GS-1 ==> 加载商城物品 类：0/0
2019-08-29 18:03:22 GS-1 ==> 加载商城物品 类：0/0
2019-08-29 18:03:22 GS-1    [删除错误数据] 删除用户表中不存在的战队成员
2019-08-29 18:03:22 GS-1    [删除错误数据] 清除战队队长不存在的项
2019-08-29 18:03:22 GS-1    [删除错误数据] 不存在战队的成员
2019-08-29 18:03:22 GS-1    正在加载战队...
2019-08-29 18:03:22 GS-1    战队表数量 : 0
2019-08-29 18:03:22 GS-1    加载战队数量:0
2019-08-29 18:03:22 GS-1    正在加载战队成员...
2019-08-29 18:03:22 GS-1    战队成员总数:0 加载成员数:0
2019-08-29 18:03:22 GS-1    正在检测战队数据有效性...
2019-08-29 18:03:22 GS-1    战队数据有效性检测完毕
2019-08-29 18:03:22 GS-1    [删除错误数据] 清除会长战队不存在行会
2019-08-29 18:03:22 GS-1    [删除错误数据] 清除行会不存在的行会成员
2019-08-29 18:03:22 GS-1    [删除错误数据] 清除行会不存在的行会关系ID排列错误的项
2019-08-29 18:03:22 GS-1    [删除错误数据] 清除行会不存在行会关系
2019-08-29 18:03:22 GS-1    [删除错误数据] 清除行会不存在关注行会
2019-08-29 18:03:22 GS-1    加载行会数量 : 0
2019-08-29 18:03:22 GS-1    加载行会成员(战队)数量 : 0
2019-08-29 18:03:22 GS-1    加载行会关系数量 : 0
2019-08-29 18:03:22 GS-1    加载关注行会数量 : 0
2019-08-29 18:03:22 GS-1    加载请求数量:5
2019-08-29 18:03:22 GS-1 [Error]: 小助手 不存在！
2019-08-29 18:03:22 GS-1 D411地图配置在MapInfo.txt 中不是LIMITBAGITEMDROP属性
2019-08-29 18:03:22 GS-1 D415地图配置在MapInfo.txt 中不是LIMITBAGITEMDROP属性
2019-08-29 18:03:22 GS-1 D416地图配置在MapInfo.txt 中不是LIMITBAGITEMDROP属性
2019-08-29 18:03:22 GS-1 信用分验证功能：开
2019-08-29 18:03:22 GS-1 GS脚本版本号：10001
2019-08-29 18:03:22 GS-1 更新排行榜，共计：21 页
2019-08-29 18:03:22 GS-1 Gate 1 开启
2019-08-29 18:03:52 GS-1 载入商城热销商品列表，共30个。
2019-08-29 18:03:52 GS-1 ==> 加载商城热销榜:5
2019-08-29 18:08:24 GS-1 -----------------------------------------------------
---[Monster]: Max RunDelay: 281; Max RunCount 3128
---[Human]: Max RunDelay: 47; [Socket]: Max RunDelay: 16
---[App]: Min PerSecRun: 74; Max RunDelay 16
-----------------------------------------------------
2019-08-29 18:13:24 GS-1 -----------------------------------------------------
---[Monster]: Max RunDelay: 500; Max RunCount 3160
---[Human]: Max RunDelay: 47; [Socket]: Max RunDelay: 16
---[App]: Min PerSecRun: 69; Max RunDelay 16
-----------------------------------------------------
2019-08-29 18:13:50 GS-1 08-29 18:13:50 User = 16 / 16
2019-08-29 18:18:25 GS-1 -----------------------------------------------------
---[Monster]: Max RunDelay: 953; Max RunCount 3287
---[Human]: Max RunDelay: 625; [Socket]: Max RunDelay: 94
---[App]: Min PerSecRun: 28; Max RunDelay 16
-----------------------------------------------------
2019-08-29 18:23:26 GS-1 -----------------------------------------------------
---[Monster]: Max RunDelay: 875; Max RunCount 3247
---[Human]: Max RunDelay: 438; [Socket]: Max RunDelay: 16
---[App]: Min PerSecRun: 28; Max RunDelay 0
-----------------------------------------------------
2019-08-29 18:23:52 GS-1 08-29 18:23:52 User = 16 / 16
2019-08-29 18:26:52 GS-1   玩家： 哈利噶，邮件Idx:  856，功加载了 1附件。
2019-08-29 18:28:27 GS-1 -----------------------------------------------------
---[Monster]: Max RunDelay: 1219; Max RunCount 3238
---[Human]: Max RunDelay: 360; [Socket]: Max RunDelay: 16
---[App]: Min PerSecRun: 14; Max RunDelay 0
-----------------------------------------------------
2019-08-29 18:33:28 GS-1 -----------------------------------------------------
---[Monster]: Max RunDelay: 1000; Max RunCount 3318
---[Human]: Max RunDelay: 609; [Socket]: Max RunDelay: 94
---[App]: Min PerSecRun: 11; Max RunDelay 0
-----------------------------------------------------
2019-08-29 18:33:52 GS-1 08-29 18:33:52 User = 16 / 16
2019-08-29 18:38:29 GS-1 -----------------------------------------------------
---[Monster]: Max RunDelay: 937; Max RunCount 3318
---[Human]: Max RunDelay: 593; [Socket]: Max RunDelay: 32
---[App]: Min PerSecRun: 20; Max RunDelay 0
-----------------------------------------------------
2019-08-29 18:43:30 GS-1 -----------------------------------------------------
---[Monster]: Max RunDelay: 937; Max RunCount 3336
---[Human]: Max RunDelay: 593; [Socket]: Max RunDelay: 16
---[App]: Min PerSecRun: 19; Max RunDelay 0
-----------------------------------------------------
2019-08-29 18:43:52 GS-1 08-29 18:43:52 User = 17 / 17
2019-08-29 18:48:29 GS-1 -----------------------------------------------------
---[Monster]: Max RunDelay: 1062; Max RunCount 3330
---[Human]: Max RunDelay: 250; [Socket]: Max RunDelay: 16
---[App]: Min PerSecRun: 13; Max RunDelay 0
-----------------------------------------------------
2019-08-29 18:53:30 GS-1 -----------------------------------------------------
---[Monster]: Max RunDelay: 266; Max RunCount 3297
---[Human]: Max RunDelay: 62; [Socket]: Max RunDelay: 16
---[App]: Min PerSecRun: 74; Max RunDelay 16
-----------------------------------------------------
2019-08-29 18:53:52 GS-1 08-29 18:53:52 User = 17 / 17
2019-08-29 18:58:31 GS-1 -----------------------------------------------------
---[Monster]: Max RunDelay: 282; Max RunCount 3276
---[Human]: Max RunDelay: 63; [Socket]: Max RunDelay: 15
---[App]: Min PerSecRun: 71; Max RunDelay 0
-----------------------------------------------------
2019-08-29 19:03:32 GS-1 -----------------------------------------------------
---[Monster]: Max RunDelay: 531; Max RunCount 3269
---[Human]: Max RunDelay: 63; [Socket]: Max RunDelay: 16
---[App]: Min PerSecRun: 53; Max RunDelay 0
-----------------------------------------------------
2019-08-29 19:03:52 GS-1 载入商城热销商品列表，共30个。
2019-08-29 19:03:52 GS-1 ==> 加载商城热销榜:5
2019-08-29 19:03:53 GS-1 08-29 19:03:53 User = 20 / 20
2019-08-29 19:08:33 GS-1 -----------------------------------------------------
---[Monster]: Max RunDelay: 297; Max RunCount 3322
---[Human]: Max RunDelay: 47; [Socket]: Max RunDelay: 16
---[App]: Min PerSecRun: 71; Max RunDelay 0
-----------------------------------------------------
2019-08-29 19:13:34 GS-1 -----------------------------------------------------
---[Monster]: Max RunDelay: 391; Max RunCount 3328
---[Human]: Max RunDelay: 63; [Socket]: Max RunDelay: 16
---[App]: Min PerSecRun: 53; Max RunDelay 0
-----------------------------------------------------
2019-08-29 19:13:53 GS-1 08-29 19:13:53 User = 22 / 22
2019-08-29 19:18:35 GS-1 -----------------------------------------------------
---[Monster]: Max RunDelay: 360; Max RunCount 3326
---[Human]: Max RunDelay: 63; [Socket]: Max RunDelay: 16
---[App]: Min PerSecRun: 60; Max RunDelay 0
-----------------------------------------------------
2019-08-29 19:23:36 GS-1 -----------------------------------------------------
---[Monster]: Max RunDelay: 282; Max RunCount 3254
---[Human]: Max RunDelay: 78; [Socket]: Max RunDelay: 16
---[App]: Min PerSecRun: 72; Max RunDelay 0
-----------------------------------------------------
2019-08-29 19:23:53 GS-1 08-29 19:23:53 User = 19 / 19
2019-08-29 19:28:37 GS-1 -----------------------------------------------------
---[Monster]: Max RunDelay: 282; Max RunCount 3322
---[Human]: Max RunDelay: 63; [Socket]: Max RunDelay: 16
---[App]: Min PerSecRun: 72; Max RunDelay 0
-----------------------------------------------------
2019-08-29 19:33:38 GS-1 -----------------------------------------------------
---[Monster]: Max RunDelay: 282; Max RunCount 3613
---[Human]: Max RunDelay: 63; [Socket]: Max RunDelay: 15
---[App]: Min PerSecRun: 73; Max RunDelay 16
-----------------------------------------------------
2019-08-29 19:33:53 GS-1 08-29 19:33:53 User = 19 / 19
2019-08-29 19:38:40 GS-1 -----------------------------------------------------
---[Monster]: Max RunDelay: 282; Max RunCount 3821
---[Human]: Max RunDelay: 63; [Socket]: Max RunDelay: 16
---[App]: Min PerSecRun: 73; Max RunDelay 16
-----------------------------------------------------
2019-08-29 19:43:41 GS-1 -----------------------------------------------------
---[Monster]: Max RunDelay: 282; Max RunCount 4273
---[Human]: Max RunDelay: 47; [Socket]: Max RunDelay: 16
---[App]: Min PerSecRun: 71; Max RunDelay 15
-----------------------------------------------------
2019-08-29 19:43:54 GS-1 08-29 19:43:54 User = 21 / 21
2019-08-29 19:48:42 GS-1 -----------------------------------------------------
---[Monster]: Max RunDelay: 421; Max RunCount 4278
---[Human]: Max RunDelay: 63; [Socket]: Max RunDelay: 16
---[App]: Min PerSecRun: 53; Max RunDelay 0
-----------------------------------------------------
2019-08-29 19:53:43 GS-1 -----------------------------------------------------
---[Monster]: Max RunDelay: 312; Max RunCount 4271
---[Human]: Max RunDelay: 63; [Socket]: Max RunDelay: 16
---[App]: Min PerSecRun: 71; Max RunDelay 0
-----------------------------------------------------
2019-08-29 19:53:54 GS-1 08-29 19:53:54 User = 21 / 21
2019-08-29 19:58:44 GS-1 -----------------------------------------------------
---[Monster]: Max RunDelay: 313; Max RunCount 4275
---[Human]: Max RunDelay: 78; [Socket]: Max RunDelay: 16
---[App]: Min PerSecRun: 72; Max RunDelay 15
-----------------------------------------------------
2019-08-29 20:03:45 GS-1 -----------------------------------------------------
---[Monster]: Max RunDelay: 266; Max RunCount 4163
---[Human]: Max RunDelay: 47; [Socket]: Max RunDelay: 15
---[App]: Min PerSecRun: 73; Max RunDelay 0
-----------------------------------------------------
2019-08-29 20:03:53 GS-1 载入商城热销商品列表，共30个。
2019-08-29 20:03:53 GS-1 ==> 加载商城热销榜:5
2019-08-29 20:03:54 GS-1 08-29 20:03:54 User = 20 / 20
2019-08-29 20:08:46 GS-1 -----------------------------------------------------
---[Monster]: Max RunDelay: 312; Max RunCount 3770
---[Human]: Max RunDelay: 62; [Socket]: Max RunDelay: 47
---[App]: Min PerSecRun: 72; Max RunDelay 0
-----------------------------------------------------
2019-08-29 20:11:22 GS-1   玩家： 幸运星，邮件Idx:  858，功加载了 1附件。
2019-08-29 20:11:22 GS-1   玩家： 幸运星，邮件Idx:  859，功加载了 1附件。
2019-08-29 20:11:22 GS-1   玩家： 幸运星，邮件Idx:  860，功加载了 1附件。
2019-08-29 20:13:47 GS-1 -----------------------------------------------------
---[Monster]: Max RunDelay: 407; Max RunCount 4298
---[Human]: Max RunDelay: 63; [Socket]: Max RunDelay: 16
---[App]: Min PerSecRun: 65; Max RunDelay 0
-----------------------------------------------------
2019-08-29 20:13:54 GS-1 08-29 20:13:54 User = 17 / 17
2019-08-29 20:18:48 GS-1 -----------------------------------------------------
---[Monster]: Max RunDelay: 282; Max RunCount 4107
---[Human]: Max RunDelay: 47; [Socket]: Max RunDelay: 16
---[App]: Min PerSecRun: 73; Max RunDelay 0
-----------------------------------------------------
2019-08-29 20:23:49 GS-1 -----------------------------------------------------
---[Monster]: Max RunDelay: 281; Max RunCount 3937
---[Human]: Max RunDelay: 62; [Socket]: Max RunDelay: 16
---[App]: Min PerSecRun: 73; Max RunDelay 0
-----------------------------------------------------
2019-08-29 20:23:54 GS-1 08-29 20:23:54 User = 17 / 17
2019-08-29 20:28:50 GS-1 -----------------------------------------------------
---[Monster]: Max RunDelay: 266; Max RunCount 4087
---[Human]: Max RunDelay: 47; [Socket]: Max RunDelay: 15
---[App]: Min PerSecRun: 74; Max RunDelay 15
-----------------------------------------------------
2019-08-29 20:33:51 GS-1 -----------------------------------------------------
---[Monster]: Max RunDelay: 281; Max RunCount 4047
---[Human]: Max RunDelay: 47; [Socket]: Max RunDelay: 16
---[App]: Min PerSecRun: 72; Max RunDelay 16
-----------------------------------------------------
2019-08-29 20:33:54 GS-1 08-29 20:33:54 User = 19 / 19
2019-08-29 20:38:52 GS-1 -----------------------------------------------------
---[Monster]: Max RunDelay: 281; Max RunCount 3853
---[Human]: Max RunDelay: 63; [Socket]: Max RunDelay: 16
---[App]: Min PerSecRun: 73; Max RunDelay 0
-----------------------------------------------------
2019-08-29 20:43:53 GS-1 -----------------------------------------------------
---[Monster]: Max RunDelay: 313; Max RunCount 3896
---[Human]: Max RunDelay: 62; [Socket]: Max RunDelay: 16
---[App]: Min PerSecRun: 68; Max RunDelay 16
-----------------------------------------------------
2019-08-29 20:43:54 GS-1 08-29 20:43:54 User = 19 / 19
2019-08-29 20:48:54 GS-1 -----------------------------------------------------
---[Monster]: Max RunDelay: 422; Max RunCount 4219
---[Human]: Max RunDelay: 47; [Socket]: Max RunDelay: 47
---[App]: Min PerSecRun: 62; Max RunDelay 0
-----------------------------------------------------
2019-08-29 20:53:54 GS-1 -----------------------------------------------------
---[Monster]: Max RunDelay: 531; Max RunCount 4435
---[Human]: Max RunDelay: 344; [Socket]: Max RunDelay: 16
---[App]: Min PerSecRun: 53; Max RunDelay 0
-----------------------------------------------------
2019-08-29 20:53:54 GS-1 08-29 20:53:54 User = 20 / 20
2019-08-29 20:58:54 GS-1 -----------------------------------------------------
---[Monster]: Max RunDelay: 968; Max RunCount 4372
---[Human]: Max RunDelay: 516; [Socket]: Max RunDelay: 16
---[App]: Min PerSecRun: 24; Max RunDelay 0
-----------------------------------------------------
2019-08-29 21:03:53 GS-1 载入商城热销商品列表，共30个。
2019-08-29 21:03:53 GS-1 ==> 加载商城热销榜:5
2019-08-29 21:03:54 GS-1 08-29 21:03:54 User = 20 / 20
2019-08-29 21:03:55 GS-1 -----------------------------------------------------
---[Monster]: Max RunDelay: 313; Max RunCount 4198
---[Human]: Max RunDelay: 62; [Socket]: Max RunDelay: 16
---[App]: Min PerSecRun: 69; Max RunDelay 0
-----------------------------------------------------
2019-08-29 21:08:56 GS-1 -----------------------------------------------------
---[Monster]: Max RunDelay: 406; Max RunCount 4214
---[Human]: Max RunDelay: 125; [Socket]: Max RunDelay: 15
---[App]: Min PerSecRun: 64; Max RunDelay 0
-----------------------------------------------------
2019-08-29 21:13:55 GS-1 08-29 21:13:55 User = 19 / 19
2019-08-29 21:13:58 GS-1 -----------------------------------------------------
---[Monster]: Max RunDelay: 1063; Max RunCount 4467
---[Human]: Max RunDelay: 187; [Socket]: Max RunDelay: 63
---[App]: Min PerSecRun: 10; Max RunDelay 47
-----------------------------------------------------
2019-08-29 21:18:20 GS-1 [脚本(货币互换-3.pas)缺函数]: YB_NewComeBag
2019-08-29 21:18:20 GS-1 --ReInitializet-- 因为点击NPC失败，重新刷新NPC...
2019-08-29 21:18:59 GS-1 -----------------------------------------------------
---[Monster]: Max RunDelay: 688; Max RunCount 4478
---[Human]: Max RunDelay: 391; [Socket]: Max RunDelay: 16
---[App]: Min PerSecRun: 47; Max RunDelay 15
-----------------------------------------------------
2019-08-29 21:23:56 GS-1 08-29 21:23:56 User = 20 / 20
2019-08-29 21:24:00 GS-1 -----------------------------------------------------
---[Monster]: Max RunDelay: 625; Max RunCount 4387
---[Human]: Max RunDelay: 47; [Socket]: Max RunDelay: 16
---[App]: Min PerSecRun: 46; Max RunDelay 0
-----------------------------------------------------
2019-08-29 21:29:00 GS-1 -----------------------------------------------------
---[Monster]: Max RunDelay: 422; Max RunCount 4448
---[Human]: Max RunDelay: 156; [Socket]: Max RunDelay: 16
---[App]: Min PerSecRun: 64; Max RunDelay 16
-----------------------------------------------------
2019-08-29 21:33:56 GS-1 08-29 21:33:56 User = 20 / 20
2019-08-29 21:34:01 GS-1 -----------------------------------------------------
---[Monster]: Max RunDelay: 297; Max RunCount 3942
---[Human]: Max RunDelay: 47; [Socket]: Max RunDelay: 16
---[App]: Min PerSecRun: 72; Max RunDelay 15
-----------------------------------------------------
2019-08-29 21:39:02 GS-1 -----------------------------------------------------
---[Monster]: Max RunDelay: 391; Max RunCount 3852
---[Human]: Max RunDelay: 78; [Socket]: Max RunDelay: 16
---[App]: Min PerSecRun: 58; Max RunDelay 0
-----------------------------------------------------
2019-08-29 21:43:56 GS-1 08-29 21:43:56 User = 20 / 20
2019-08-29 21:44:02 GS-1 -----------------------------------------------------
---[Monster]: Max RunDelay: 531; Max RunCount 4380
---[Human]: Max RunDelay: 63; [Socket]: Max RunDelay: 16
---[App]: Min PerSecRun: 47; Max RunDelay 0
-----------------------------------------------------
2019-08-29 21:49:03 GS-1 -----------------------------------------------------
---[Monster]: Max RunDelay: 468; Max RunCount 4390
---[Human]: Max RunDelay: 94; [Socket]: Max RunDelay: 32
---[App]: Min PerSecRun: 60; Max RunDelay 16
-----------------------------------------------------
2019-08-29 21:53:56 GS-1 08-29 21:53:56 User = 20 / 20
2019-08-29 21:54:04 GS-1 -----------------------------------------------------
---[Monster]: Max RunDelay: 562; Max RunCount 4337
---[Human]: Max RunDelay: 328; [Socket]: Max RunDelay: 32
---[App]: Min PerSecRun: 52; Max RunDelay 15
-----------------------------------------------------
2019-08-29 21:59:05 GS-1 -----------------------------------------------------
---[Monster]: Max RunDelay: 594; Max RunCount 4326
---[Human]: Max RunDelay: 250; [Socket]: Max RunDelay: 46
---[App]: Min PerSecRun: 46; Max RunDelay 0
-----------------------------------------------------
2019-08-29 22:03:54 GS-1 载入商城热销商品列表，共31个。
2019-08-29 22:03:54 GS-1 ==> 加载商城热销榜:5
2019-08-29 22:03:57 GS-1 08-29 22:03:57 User = 20 / 20
2019-08-29 22:04:06 GS-1 -----------------------------------------------------
---[Monster]: Max RunDelay: 766; Max RunCount 4385
---[Human]: Max RunDelay: 437; [Socket]: Max RunDelay: 16
---[App]: Min PerSecRun: 37; Max RunDelay 0
-----------------------------------------------------
2019-08-29 22:09:08 GS-1 -----------------------------------------------------
---[Monster]: Max RunDelay: 828; Max RunCount 4384
---[Human]: Max RunDelay: 437; [Socket]: Max RunDelay: 31
---[App]: Min PerSecRun: 30; Max RunDelay 31
-----------------------------------------------------
2019-08-29 22:13:58 GS-1 08-29 22:13:58 User = 19 / 19
2019-08-29 22:14:08 GS-1 -----------------------------------------------------
---[Monster]: Max RunDelay: 1000; Max RunCount 4361
---[Human]: Max RunDelay: 610; [Socket]: Max RunDelay: 63
---[App]: Min PerSecRun: 23; Max RunDelay 0
-----------------------------------------------------
2019-08-29 22:19:09 GS-1 -----------------------------------------------------
---[Monster]: Max RunDelay: 1109; Max RunCount 4394
---[Human]: Max RunDelay: 610; [Socket]: Max RunDelay: 188
---[App]: Min PerSecRun: 14; Max RunDelay 16
-----------------------------------------------------
2019-08-29 22:23:58 GS-1 08-29 22:23:58 User = 14 / 14
2019-08-29 22:24:10 GS-1 -----------------------------------------------------
---[Monster]: Max RunDelay: 1188; Max RunCount 4397
---[Human]: Max RunDelay: 625; [Socket]: Max RunDelay: 234
---[App]: Min PerSecRun: 12; Max RunDelay 0
-----------------------------------------------------
2019-08-29 22:29:11 GS-1 -----------------------------------------------------
---[Monster]: Max RunDelay: 1453; Max RunCount 4407
---[Human]: Max RunDelay: 625; [Socket]: Max RunDelay: 110
---[App]: Min PerSecRun: 5; Max RunDelay 0
-----------------------------------------------------
2019-08-29 22:33:59 GS-1 08-29 22:33:59 User = 13 / 13
2019-08-29 22:34:12 GS-1 -----------------------------------------------------
---[Monster]: Max RunDelay: 1344; Max RunCount 4402
---[Human]: Max RunDelay: 610; [Socket]: Max RunDelay: 203
---[App]: Min PerSecRun: 5; Max RunDelay 0
-----------------------------------------------------
2019-08-29 22:39:14 GS-1 -----------------------------------------------------
---[Monster]: Max RunDelay: 1453; Max RunCount 4468
---[Human]: Max RunDelay: 594; [Socket]: Max RunDelay: 312
---[App]: Min PerSecRun: 5; Max RunDelay 0
-----------------------------------------------------
2019-08-29 22:44:00 GS-1 08-29 22:44:00 User = 14 / 14
2019-08-29 22:44:15 GS-1 -----------------------------------------------------
---[Monster]: Max RunDelay: 1562; Max RunCount 4424
---[Human]: Max RunDelay: 641; [Socket]: Max RunDelay: 203
---[App]: Min PerSecRun: 5; Max RunDelay 0
-----------------------------------------------------
2019-08-29 22:45:14 GS-1 [脚本(散财猪.pas)缺函数]: AfterScatterItems
2019-08-29 22:49:16 GS-1 -----------------------------------------------------
---[Monster]: Max RunDelay: 1516; Max RunCount 4445
---[Human]: Max RunDelay: 782; [Socket]: Max RunDelay: 281
---[App]: Min PerSecRun: 5; Max RunDelay 15
-----------------------------------------------------
2019-08-29 22:54:01 GS-1 08-29 22:54:01 User = 14 / 14
2019-08-29 22:54:17 GS-1 -----------------------------------------------------
---[Monster]: Max RunDelay: 1454; Max RunCount 4437
---[Human]: Max RunDelay: 625; [Socket]: Max RunDelay: 47
---[App]: Min PerSecRun: 5; Max RunDelay 16
-----------------------------------------------------
2019-08-29 22:59:18 GS-1 -----------------------------------------------------
---[Monster]: Max RunDelay: 1297; Max RunCount 4429
---[Human]: Max RunDelay: 610; [Socket]: Max RunDelay: 203
---[App]: Min PerSecRun: 5; Max RunDelay 0
-----------------------------------------------------
2019-08-29 23:03:55 GS-1 载入商城热销商品列表，共31个。
2019-08-29 23:03:55 GS-1 ==> 加载商城热销榜:5
2019-08-29 23:04:01 GS-1 08-29 23:04:01 User = 14 / 14
2019-08-29 23:04:19 GS-1 -----------------------------------------------------
---[Monster]: Max RunDelay: 1297; Max RunCount 4454
---[Human]: Max RunDelay: 828; [Socket]: Max RunDelay: 203
---[App]: Min PerSecRun: 5; Max RunDelay 15
-----------------------------------------------------
2019-08-29 23:07:53 GS-1   玩家： 福晁，邮件Idx:  861，功加载了 1附件。
2019-08-29 23:07:53 GS-1   玩家： 福晁，邮件Idx:  862，功加载了 1附件。
2019-08-29 23:09:20 GS-1 -----------------------------------------------------
---[Monster]: Max RunDelay: 1328; Max RunCount 4370
---[Human]: Max RunDelay: 609; [Socket]: Max RunDelay: 15
---[App]: Min PerSecRun: 21; Max RunDelay 16
-----------------------------------------------------
2019-08-29 23:10:26 GS-1 [Error]: GameGate ServerSocketError, ErrorCode=10061
2019-08-29 23:14:02 GS-1 08-29 23:14:02 User = 14 / 14
2019-08-29 23:14:21 GS-1 -----------------------------------------------------
---[Monster]: Max RunDelay: 485; Max RunCount 3857
---[Human]: Max RunDelay: 63; [Socket]: Max RunDelay: 16
---[App]: Min PerSecRun: 46; Max RunDelay 0
-----------------------------------------------------
2019-08-29 23:16:14 GS-1   玩家： 传奇，邮件Idx:  857，功加载了 9附件。
2019-08-29 23:17:36 GS-1 [脚本(修炼圣地-3.pas)缺函数]: ForgeDiaYB
2019-08-29 23:17:36 GS-1 --ReInitializet-- 因为点击NPC失败，重新刷新NPC...
2019-08-29 23:19:22 GS-1 -----------------------------------------------------
---[Monster]: Max RunDelay: 297; Max RunCount 4412
---[Human]: Max RunDelay: 47; [Socket]: Max RunDelay: 16
---[App]: Min PerSecRun: 72; Max RunDelay 0
-----------------------------------------------------
2019-08-29 23:24:03 GS-1 08-29 23:24:03 User = 16 / 16
2019-08-29 23:24:23 GS-1 -----------------------------------------------------
---[Monster]: Max RunDelay: 782; Max RunCount 4362
---[Human]: Max RunDelay: 719; [Socket]: Max RunDelay: 16
---[App]: Min PerSecRun: 44; Max RunDelay 0
-----------------------------------------------------
2019-08-29 23:29:24 GS-1 -----------------------------------------------------
---[Monster]: Max RunDelay: 296; Max RunCount 4027
---[Human]: Max RunDelay: 47; [Socket]: Max RunDelay: 16
---[App]: Min PerSecRun: 73; Max RunDelay 0
-----------------------------------------------------
2019-08-29 23:34:03 GS-1 08-29 23:34:03 User = 16 / 16
2019-08-29 23:34:25 GS-1 -----------------------------------------------------
---[Monster]: Max RunDelay: 1047; Max RunCount 4444
---[Human]: Max RunDelay: 203; [Socket]: Max RunDelay: 16
---[App]: Min PerSecRun: 18; Max RunDelay 0
-----------------------------------------------------
2019-08-29 23:39:26 GS-1 -----------------------------------------------------
---[Monster]: Max RunDelay: 281; Max RunCount 3907
---[Human]: Max RunDelay: 47; [Socket]: Max RunDelay: 16
---[App]: Min PerSecRun: 72; Max RunDelay 0
-----------------------------------------------------
2019-08-29 23:44:03 GS-1 08-29 23:44:03 User = 13 / 13
2019-08-29 23:44:27 GS-1 -----------------------------------------------------
---[Monster]: Max RunDelay: 406; Max RunCount 4289
---[Human]: Max RunDelay: 187; [Socket]: Max RunDelay: 16
---[App]: Min PerSecRun: 58; Max RunDelay 0
-----------------------------------------------------
2019-08-29 23:49:27 GS-1 -----------------------------------------------------
---[Monster]: Max RunDelay: 1437; Max RunCount 4390
---[Human]: Max RunDelay: 610; [Socket]: Max RunDelay: 203
---[App]: Min PerSecRun: 7; Max RunDelay 16
-----------------------------------------------------
2019-08-29 23:54:03 GS-1 08-29 23:54:03 User = 19 / 19
2019-08-29 23:54:29 GS-1 -----------------------------------------------------
---[Monster]: Max RunDelay: 1016; Max RunCount 4364
---[Human]: Max RunDelay: 797; [Socket]: Max RunDelay: 125
---[App]: Min PerSecRun: 23; Max RunDelay 0
-----------------------------------------------------
2019-08-29 23:59:30 GS-1 -----------------------------------------------------
---[Monster]: Max RunDelay: 985; Max RunCount 4446
---[Human]: Max RunDelay: 594; [Socket]: Max RunDelay: 16
---[App]: Min PerSecRun: 5; Max RunDelay 0
-----------------------------------------------------
2019-08-30 00:00:00 GS-1 载入商城物品列表，共5个类别，40种商品
2019-08-30 00:00:00 GS-1 ==> 加载商城物品 装饰类：11/11
2019-08-30 00:00:00 GS-1 ==> 加载商城物品 补给类：5/5
2019-08-30 00:00:00 GS-1 ==> 加载商城物品 强化类：15/15
2019-08-30 00:00:00 GS-1 ==> 加载商城物品 限量类：7/7
2019-08-30 00:00:00 GS-1 ==> 加载商城物品 好友类：2/2
2019-08-30 00:00:00 GS-1 ==> 加载商城物品 类：0/0
2019-08-30 00:00:00 GS-1 ==> 加载商城物品 类：0/0
2019-08-30 00:00:00 GS-1 ==> 加载商城物品 类：0/0
2019-08-30 00:01:40 GS-1 00:01:41 Gate 1 (49.234.26.20) 关闭
2019-08-30 00:01:46 GS-1 释放--魔龙冰晶升级对象--结束
2019-08-30 00:01:46 GS-1 释放--天赐宝箱1--结束
2019-08-30 00:01:46 GS-1 释放--天赐宝箱2--结束
2019-08-30 00:01:46 GS-1 释放--一点充--结束
2019-08-30 00:01:46 GS-1 释放--事件管理对象--结束
2019-08-30 00:01:46 GS-1 释放--任务管理对象--结束
2019-08-30 00:01:46 GS-1 释放--升级提醒管理对象--结束
2019-08-30 00:01:46 GS-1 释放--GDMsg管理对象--结束
2019-08-30 00:01:46 GS-1 释放--跨地图寻路管理对象--结束
2019-08-30 00:01:46 GS-1 释放--沙巴克管理对象--结束
2019-08-30 00:01:46 GS-1 释放--中央活动服务器客户端--结束
2019-08-30 00:01:46 GS-1 释放--乾坤包--结束
2019-08-30 00:01:46 GS-1 正在清除模块-卧龙英雄管理-的配置表d:\Mud2.0\Mir200\Share\EngineConfig\卧龙英雄管理\Fortress-HERO1.txt
2019-08-30 00:01:46 GS-1 正在清除模块-卧龙英雄管理-的配置表d:\Mud2.0\Mir200\Share\EngineConfig\卧龙英雄管理\Fortress.txt
2019-08-30 00:01:46 GS-1 正在清除模块-游戏元素点阵管理-的配置表d:\Mud2.0\Mir200\Share\EngineConfig\游戏元素点阵管理\GMActEvent.txt
2019-08-30 00:01:46 GS-1 正在清除模块-信用分管理-的配置表d:\Mud2.0\Mir200\Share\EngineConfig\信用分管理\PlayerActivePoint.xml
2019-08-30 00:01:46 GS-1 正在清除模块-信用分管理-的配置表d:\Mud2.0\Mir200\Share\EngineConfig\信用分管理\MapActivePoint.xml
2019-08-30 00:01:46 GS-1 正在清除模块-摆摊交易-的配置表d:\Mud2.0\Mir200\Share\EngineConfig\摆摊交易\摊位基础设置.ini
2019-08-30 00:01:46 GS-1 正在清除模块-元宝商城管理-的配置表d:\Mud2.0\Mir200\Share\EngineConfig\元宝商城管理\YBGoods.sql
2019-08-30 00:01:46 GS-1 [Error]: ==> YBSocketError, ErrorCode=10038
2019-08-30 00:01:46 GS-1 [Exception]: SlowerExecute-Access violation at address 0063B346 in module 'M2Server.exe'. Read of address 0000002C
2019-08-30 00:01:46 GS-1 [Exception]: SlowerExecute-Access violation at address 0063B346 in module 'M2Server.exe'. Read of address 0000002C
2019-08-30 00:01:46 GS-1 [Exception]: SlowerExecute-Access violation at address 0063B346 in module 'M2Server.exe'. Read of address 0000002C
2019-08-30 00:01:46 GS-1 [Exception]: SlowerExecute-Access violation at address 0063B346 in module 'M2Server.exe'. Read of address 0000002C
2019-08-30 00:01:46 GS-1 [Exception]: SlowerExecute-Access violation at address 0063B346 in module 'M2Server.exe'. Read of address 0000002C
2019-08-30 00:01:46 GS-1 [Exception]: SlowerExecute-Access violation at address 0063B346 in module 'M2Server.exe'. Read of address 0000002C
2019-08-30 00:01:46 GS-1 [Exception]: SlowerExecute-Access violation at address 0063B346 in module 'M2Server.exe'. Read of address 0000002C
2019-08-30 00:01:46 GS-1 [Exception]: SlowerExecute-Access violation at address 0063B346 in module 'M2Server.exe'. Read of address 0000002C
2019-08-30 00:01:46 GS-1 [Exception]: SlowerExecute-Access violation at address 0063B346 in module 'M2Server.exe'. Read of address 0000002C
2019-08-30 00:01:46 GS-1 [Exception]: SlowerExecute-Access violation at address 0063B346 in module 'M2Server.exe'. Read of address 0000002C
2019-08-30 00:01:46 GS-1 [Exception]: SlowerExecute-Access violation at address 0063B346 in module 'M2Server.exe'. Read of address 0000002C
2019-08-30 00:01:46 GS-1 [Exception]: SlowerExecute-Access violation at address 0063B346 in module 'M2Server.exe'. Read of address 0000002C
2019-08-30 00:01:46 GS-1 [Exception]: SlowerExecute-Access violation at address 0063B346 in module 'M2Server.exe'. Read of address 0000002C
2019-08-30 00:01:46 GS-1 [Exception]: SlowerExecute-Access violation at address 0063B346 in module 'M2Server.exe'. Read of address 0000002C
2019-08-30 00:01:46 GS-1 [Exception]: SlowerExecute-Access violation at address 0063B346 in module 'M2Server.exe'. Read of address 0000002C
2019-08-30 00:01:46 GS-1 [Exception]: SlowerExecute-Access violation at address 0063B346 in module 'M2Server.exe'. Read of address 0000002C
2019-08-30 00:01:46 GS-1 [Exception]: SlowerExecute-Access violation at address 0063B346 in module 'M2Server.exe'. Read of address 0000002C
2019-08-30 00:01:46 GS-1 [Exception]: SlowerExecute-Access violation at address 0063B346 in module 'M2Server.exe'. Read of address 0000002C
2019-08-30 00:01:46 GS-1 [Exception]: SlowerExecute-Access violation at address 0063B346 in module 'M2Server.exe'. Read of address 0000002C
2019-08-30 00:01:46 GS-1 [Exception]: SlowerExecute-Access violation at address 0063B346 in module 'M2Server.exe'. Read of address 0000002C
2019-08-30 00:01:46 GS-1 [Exception]: SlowerExecute-Access violation at address 0063B346 in module 'M2Server.exe'. Read of address 0000002C
2019-08-30 00:01:46 GS-1 [Exception]: SlowerExecute-Access violation at address 0063B346 in module 'M2Server.exe'. Read of address 0000002C
2019-08-30 00:01:46 GS-1 [Exception]: SlowerExecute-Access violation at address 0063B346 in module 'M2Server.exe'. Read of address 0000002C
2019-08-30 00:01:46 GS-1 [Exception]: SlowerExecute-Access violation at address 0063B346 in module 'M2Server.exe'. Read of address 0000002C
2019-08-30 00:01:46 GS-1 [Exception]: SlowerExecute-Access violation at address 0063B346 in module 'M2Server.exe'. Read of address 0000002C
2019-08-30 00:01:46 GS-1 [Exception]: SlowerExecute-Access violation at address 0063B346 in module 'M2Server.exe'. Read of address 0000002C
2019-08-30 00:01:46 GS-1 [Exception]: SlowerExecute-Access violation at address 0063B346 in module 'M2Server.exe'. Read of address 0000002C
2019-08-30 00:01:46 GS-1 [Exception]: SlowerExecute-Access violation at address 0063B346 in module 'M2Server.exe'. Read of address 0000002C
2019-08-30 00:01:46 GS-1 [Exception]: SlowerExecute-Access violation at address 0063B346 in module 'M2Server.exe'. Read of address 0000002C
2019-08-30 00:01:46 GS-1 [Exception]: SlowerExecute-Access violation at address 0063B346 in module 'M2Server.exe'. Read of address 0000002C
2019-08-30 00:01:46 GS-1 [Exception]: SlowerExecute-Access violation at address 0063B346 in module 'M2Server.exe'. Read of address 0000002C
2019-08-30 00:01:46 GS-1 [Exception]: SlowerExecute-Access violation at address 0063B346 in module 'M2Server.exe'. Read of address 0000002C
2019-08-30 00:01:46 GS-1 [Exception]: SlowerExecute-Access violation at address 0063B346 in module 'M2Server.exe'. Read of address 0000002C
2019-08-30 00:01:46 GS-1 [Exception]: SlowerExecute-Access violation at address 0063B346 in module 'M2Server.exe'. Read of address 0000002C
2019-08-30 00:01:46 GS-1 [Exception]: SlowerExecute-Access violation at address 0063B346 in module 'M2Server.exe'. Read of address 0000002C
2019-08-30 00:01:46 GS-1 [Exception]: SlowerExecute-Access violation at address 0063B346 in module 'M2Server.exe'. Read of address 0000002C
2019-08-30 00:01:46 GS-1 [Exception]: SlowerExecute-Access violation at address 0063B346 in module 'M2Server.exe'. Read of address 0000002C
2019-08-30 00:01:46 GS-1 [Exception]: SlowerExecute-Access violation at address 0063B346 in module 'M2Server.exe'. Read of address 0000002C
2019-08-30 00:01:46 GS-1 [Exception]: SlowerExecute-Access violation at address 0063B346 in module 'M2Server.exe'. Read of address 0000002C
2019-08-30 00:01:46 GS-1 [Exception]: SlowerExecute-Access violation at address 0063B346 in module 'M2Server.exe'. Read of address 0000002C
2019-08-30 00:01:46 GS-1 [Exception]: SlowerExecute-Access violation at address 0063B346 in module 'M2Server.exe'. Read of address 0000002C
2019-08-30 00:01:46 GS-1 [Exception]: SlowerExecute-Access violation at address 0063B346 in module 'M2Server.exe'. Read of address 0000002C
2019-08-30 00:01:46 GS-1 [Exception]: SlowerExecute-Access violation at address 0063B346 in module 'M2Server.exe'. Read of address 0000002C
2019-08-30 00:01:46 GS-1 [Exception]: SlowerExecute-Access violation at address 0063B346 in module 'M2Server.exe'. Read of address 0000002C
2019-08-30 00:01:46 GS-1 [Exception]: SlowerExecute-Access violation at address 0063B346 in module 'M2Server.exe'. Read of address 0000002C
2019-08-30 00:01:46 GS-1 [Exception]: TAppEngine.Execute - 3 -2
2019-08-30 00:01:46 GS-1 [Exception]: SlowerExecute-Access violation at address 0063B346 in module 'M2Server.exe'. Read of address 0000002C
2019-08-30 00:01:46 GS-1 [Exception]: SlowerExecute-Access violation at address 0063B346 in module 'M2Server.exe'. Read of address 0000002C
2019-08-30 00:01:46 GS-1 [Exception]: SlowerExecute-Access violation at address 0063B346 in module 'M2Server.exe'. Read of address 0000002C
2019-08-30 00:01:46 GS-1 [Exception]: SlowerExecute-Access violation at address 0063B346 in module 'M2Server.exe'. Read of address 0000002C
2019-08-30 00:01:46 GS-1 [Exception]: SlowerExecute-Access violation at address 0063B346 in module 'M2Server.exe'. Read of address 0000002C
2019-08-30 00:01:46 GS-1 [Exception]: SlowerExecute-Access violation at address 0063B346 in module 'M2Server.exe'. Read of address 0000002C
2019-08-30 00:01:46 GS-1 [Exception]: SlowerExecute-Access violation at address 0063B346 in module 'M2Server.exe'. Read of address 0000002C
2019-08-30 00:01:46 GS-1 [Exception]: SlowerExecute-Access violation at address 0063B346 in module 'M2Server.exe'. Read of address 0000002C
2019-08-30 00:01:46 GS-1 [Exception]: SlowerExecute-Access violation at address 0063B346 in module 'M2Server.exe'. Read of address 0000002C
2019-08-30 00:01:46 GS-1 [Exception]: SlowerExecute-Access violation at address 0063B346 in module 'M2Server.exe'. Read of address 0000002C
2019-08-30 00:01:46 GS-1 [Exception]: SlowerExecute-Access violation at address 0063B346 in module 'M2Server.exe'. Read of address 0000002C
2019-08-30 00:01:46 GS-1 [Exception]: SlowerExecute-Access violation at address 0063B346 in module 'M2Server.exe'. Read of address 0000002C
2019-08-30 00:01:46 GS-1 [Exception]: SlowerExecute-Access violation at address 0063B346 in module 'M2Server.exe'. Read of address 0000002C
2019-08-30 00:01:46 GS-1 [Exception]: SlowerExecute-Access violation at address 0063B346 in module 'M2Server.exe'. Read of address 0000002C
2019-08-30 00:01:46 GS-1 [Exception]: SlowerExecute-Access violation at address 0063B346 in module 'M2Server.exe'. Read of address 0000002C
2019-08-30 00:01:46 GS-1 [Exception]: SlowerExecute-Access violation at address 0063B346 in module 'M2Server.exe'. Read of address 0000002C
2019-08-30 00:01:46 GS-1 [Exception]: SlowerExecute-Access violation at address 0063B346 in module 'M2Server.exe'. Read of address 0000002C
2019-08-30 00:01:46 GS-1 [Exception]: SlowerExecute-Access violation at address 0063B346 in module 'M2Server.exe'. Read of address 0000002C
2019-08-30 00:01:46 GS-1 [Exception]: SlowerExecute-Access violation at address 0063B346 in module 'M2Server.exe'. Read of address 0000002C
2019-08-30 00:01:46 GS-1 [Exception]: SlowerExecute-Access violation at address 0063B346 in module 'M2Server.exe'. Read of address 0000002C
2019-08-30 00:01:46 GS-1 [Exception]: SlowerExecute-Access violation at address 0063B346 in module 'M2Server.exe'. Read of address 0000002C
2019-08-30 00:01:46 GS-1 [Exception]: SlowerExecute-Access violation at address 0063B346 in module 'M2Server.exe'. Read of address 0000002C
2019-08-30 00:01:46 GS-1 [Exception]: SlowerExecute-Access violation at address 0063B346 in module 'M2Server.exe'. Read of address 0000002C
2019-08-30 00:01:46 GS-1 [Exception]: SlowerExecute-Access violation at address 0063B346 in module 'M2Server.exe'. Read of address 0000002C
2019-08-30 00:01:46 GS-1 [Exception]: SlowerExecute-Access violation at address 0063B346 in module 'M2Server.exe'. Read of address 0000002C
2019-08-30 00:01:46 GS-1 [Exception]: SlowerExecute-Access violation at address 0063B346 in module 'M2Server.exe'. Read of address 0000002C
2019-08-30 00:01:46 GS-1 [Exception]: SlowerExecute-Access violation at address 0063B346 in module 'M2Server.exe'. Read of address 0000002C
2019-08-30 00:01:46 GS-1 [Exception]: SlowerExecute-Access violation at address 0063B346 in module 'M2Server.exe'. Read of address 0000002C
2019-08-30 00:01:46 GS-1 [Exception]: SlowerExecute-Access violation at address 0063B346 in module 'M2Server.exe'. Read of address 0000002C
2019-08-30 00:01:46 GS-1 [Exception]: SlowerExecute-Access violation at address 0063B346 in module 'M2Server.exe'. Read of address 0000002C
2019-08-30 00:01:46 GS-1 [Exception]: SlowerExecute-Access violation at address 0063B346 in module 'M2Server.exe'. Read of address 0000002C
2019-08-30 00:01:46 GS-1 [Exception]: SlowerExecute-Access violation at address 0063B346 in module 'M2Server.exe'. Read of address 0000002C
2019-08-30 00:01:46 GS-1 [Exception]: SlowerExecute-Access violation at address 0063B346 in module 'M2Server.exe'. Read of address 0000002C
2019-08-30 00:01:46 GS-1 [Exception]: SlowerExecute-Access violation at address 0063B346 in module 'M2Server.exe'. Read of address 0000002C
2019-08-30 00:01:46 GS-1 [Exception]: SlowerExecute-Access violation at address 0063B346 in module 'M2Server.exe'. Read of address 0000002C
2019-08-30 00:01:46 GS-1 [Exception]: SlowerExecute-Access violation at address 0063B346 in module 'M2Server.exe'. Read of address 0000002C
2019-08-30 00:01:46 GS-1 [Exception]: SlowerExecute-Access violation at address 0063B346 in module 'M2Server.exe'. Read of address 0000002C
2019-08-30 00:01:46 GS-1 [Exception]: SlowerExecute-Access violation at address 0063B346 in module 'M2Server.exe'. Read of address 0000002C
2019-08-30 00:01:46 GS-1 [Exception]: SlowerExecute-Access violation at address 0063B346 in module 'M2Server.exe'. Read of address 0000002C
2019-08-30 00:01:46 GS-1 [Exception]: SlowerExecute-Access violation at address 0063B346 in module 'M2Server.exe'. Read of address 0000002C
2019-08-30 00:01:46 GS-1 [Exception]: SlowerExecute-Access violation at address 0063B346 in module 'M2Server.exe'. Read of address 0000002C
2019-08-30 00:01:46 GS-1 [Exception]: SlowerExecute-Access violation at address 0063B346 in module 'M2Server.exe'. Read of address 0000002C
2019-08-30 00:01:46 GS-1 [Exception]: SlowerExecute-Access violation at address 0063B346 in module 'M2Server.exe'. Read of address 0000002C
2019-08-30 00:01:46 GS-1 [Exception]: SlowerExecute-Access violation at address 0063B346 in module 'M2Server.exe'. Read of address 0000002C
2019-08-30 00:01:46 GS-1 [Exception]: SlowerExecute-Access violation at address 0063B346 in module 'M2Server.exe'. Read of address 0000002C
2019-08-30 00:01:46 GS-1 [Exception]: SlowerExecute-Access violation at address 0063B346 in module 'M2Server.exe'. Read of address 0000002C
2019-08-30 00:01:46 GS-1 [Exception]: SlowerExecute-Access violation at address 0063B346 in module 'M2Server.exe'. Read of address 0000002C
2019-08-30 00:01:46 GS-1 [Exception]: SlowerExecute-Access violation at address 0063B346 in module 'M2Server.exe'. Read of address 0000002C
2019-08-30 00:01:46 GS-1 [Exception]: SlowerExecute-Access violation at address 0063B346 in module 'M2Server.exe'. Read of address 0000002C
2019-08-30 00:01:46 GS-1 [Exception]: SlowerExecute-Access violation at address 0063B346 in module 'M2Server.exe'. Read of address 0000002C
2019-08-30 00:01:46 GS-1 [Exception]: SlowerExecute-Access violation at address 0063B346 in module 'M2Server.exe'. Read of address 0000002C
2019-08-30 00:01:46 GS-1 [Exception]: SlowerExecute-Access violation at address 0063B346 in module 'M2Server.exe'. Read of address 0000002C
2019-08-30 00:01:46 GS-1 [Exception]: SlowerExecute-Access violation at address 0063B346 in module 'M2Server.exe'. Read of address 0000002C
2019-08-30 00:01:46 GS-1 [Exception]: SlowerExecute-Access violation at address 0063B346 in module 'M2Server.exe'. Read of address 0000002C
2019-08-30 00:01:46 GS-1 [Exception]: SlowerExecute-Access violation at address 0063B346 in module 'M2Server.exe'. Read of address 0000002C
2019-08-30 00:01:46 GS-1 [Exception]: SlowerExecute-Access violation at address 0063B346 in module 'M2Server.exe'. Read of address 0000002C
2019-08-30 00:01:46 GS-1 [Exception]: TPsNpc.Run:Access violation at address 0063E6B0 in module 'M2Server.exe'. Read of address 00000029
2019-08-30 00:01:46 GS-1 [Exception]: TPsNpc.Run:Access violation at address 0063E6B0 in module 'M2Server.exe'. Read of address 00000029
2019-08-30 00:01:46 GS-1 [Exception]: TPsNpc.Run:Access violation at address 0063E6B0 in module 'M2Server.exe'. Read of address 00000029
2019-08-30 00:01:46 GS-1 [Exception]: TPsNpc.Run:Access violation at address 0063E6B0 in module 'M2Server.exe'. Read of address 00000029
2019-08-30 00:01:46 GS-1 [Exception]: TPsNpc.Run:Access violation at address 0063E6B0 in module 'M2Server.exe'. Read of address 00000029
2019-08-30 00:01:46 GS-1 [Exception]: TPsNpc.Run:Access violation at address 0063E6B0 in module 'M2Server.exe'. Read of address 00000029
2019-08-30 00:01:46 GS-1 [Exception]: TPsNpc.Run:Access violation at address 0063E6B0 in module 'M2Server.exe'. Read of address 00000029
2019-08-30 00:01:46 GS-1 [Exception]: TPsNpc.Run:Access violation at address 0063E6B0 in module 'M2Server.exe'. Read of address 00000029
2019-08-30 00:01:46 GS-1 [Exception]: TPsNpc.Run:Access violation at address 0063E6B0 in module 'M2Server.exe'. Read of address 00000029
2019-08-30 00:01:46 GS-1 [Exception]: TPsNpc.Run:Access violation at address 0063E6B0 in module 'M2Server.exe'. Read of address 00000029
2019-08-30 00:01:46 GS-1 [Exception]: TPsNpc.Run:Access violation at address 0063E6B0 in module 'M2Server.exe'. Read of address 00000029
2019-08-30 00:01:46 GS-1 [Exception]: TPsNpc.Run:Access violation at address 0063E6B0 in module 'M2Server.exe'. Read of address 00000029
2019-08-30 00:01:46 GS-1 [Exception]: TPsNpc.Run:Access violation at address 0063E6B0 in module 'M2Server.exe'. Read of address 00000029
2019-08-30 00:01:46 GS-1 [Exception]: TPsNpc.Run:Access violation at address 0063E6B0 in module 'M2Server.exe'. Read of address 00000029
2019-08-30 00:01:46 GS-1 [Exception]: TPsNpc.Run:Access violation at address 0063E6B0 in module 'M2Server.exe'. Read of address 00000029
2019-08-30 00:01:46 GS-1 [Exception]: SlowerExecute-Access violation at address 0063B346 in module 'M2Server.exe'. Read of address 0000002C
2019-08-30 00:01:46 GS-1 [Exception]: SlowerExecute-Access violation at address 0063B346 in module 'M2Server.exe'. Read of address 0000002C
2019-08-30 00:01:46 GS-1 [Exception]: SlowerExecute-Access violation at address 0063B346 in module 'M2Server.exe'. Read of address 0000002C
2019-08-30 00:01:46 GS-1 [Exception]: SlowerExecute-Access violation at address 0063B346 in module 'M2Server.exe'. Read of address 0000002C
2019-08-30 00:01:46 GS-1 [Exception]: SlowerExecute-Access violation at address 0063B346 in module 'M2Server.exe'. Read of address 0000002C
2019-08-30 00:01:46 GS-1 [Exception]: SlowerExecute-Access violation at address 0063B346 in module 'M2Server.exe'. Read of address 0000002C
2019-08-30 00:01:46 GS-1 [Exception]: SlowerExecute-Access violation at address 0063B346 in module 'M2Server.exe'. Read of address 0000002C
2019-08-30 00:01:46 GS-1 [Exception]: SlowerExecute-Access violation at address 0063B346 in module 'M2Server.exe'. Read of address 0000002C
2019-08-30 00:01:46 GS-1 [Exception]: SlowerExecute-Access violation at address 0063B346 in module 'M2Server.exe'. Read of address 0000002C
2019-08-30 00:01:46 GS-1 [Exception]: SlowerExecute-Access violation at address 0063B346 in module 'M2Server.exe'. Read of address 0000002C
2019-08-30 00:01:46 GS-1 [Exception]: SlowerExecute-Access violation at address 0063B346 in module 'M2Server.exe'. Read of address 0000002C
2019-08-30 00:01:46 GS-1 [Exception]: SlowerExecute-Access violation at address 0063B346 in module 'M2Server.exe'. Read of address 0000002C
2019-08-30 00:01:46 GS-1 [Exception]: SlowerExecute-Access violation at address 0063B346 in module 'M2Server.exe'. Read of address 0000002C
2019-08-30 00:01:46 GS-1 [Exception]: SlowerExecute-Access violation at address 0063B346 in module 'M2Server.exe'. Read of address 0000002C
2019-08-30 00:01:46 GS-1 [Exception]: SlowerExecute-Access violation at address 0063B346 in module 'M2Server.exe'. Read of address 0000002C
2019-08-30 00:01:46 GS-1 [Exception]: SlowerExecute-Access violation at address 0063B346 in module 'M2Server.exe'. Read of address 0000002C
2019-08-30 00:01:46 GS-1 [Exception]: SlowerExecute-Access violation at address 0063B346 in module 'M2Server.exe'. Read of address 0000002C
2019-08-30 00:01:46 GS-1 [Exception]: SlowerExecute-Access violation at address 0063B346 in module 'M2Server.exe'. Read of address 0000002C
2019-08-30 00:01:46 GS-1 [Exception]: SlowerExecute-Access violation at address 0063B346 in module 'M2Server.exe'. Read of address 0000002C
2019-08-30 00:01:46 GS-1 [Exception]: SlowerExecute-Access violation at address 0063B346 in module 'M2Server.exe'. Read of address 0000002C
2019-08-30 00:01:46 GS-1 [Exception]: SlowerExecute-Access violation at address 0063B346 in module 'M2Server.exe'. Read of address 0000002C
2019-08-30 00:01:46 GS-1 [Exception]: SlowerExecute-Access violation at address 0063B346 in module 'M2Server.exe'. Read of address 0000002C
2019-08-30 00:01:46 GS-1 [Exception]: SlowerExecute-Access violation at address 0063B346 in module 'M2Server.exe'. Read of address 0000002C
2019-08-30 00:01:46 GS-1 [Exception]: SlowerExecute-Access violation at address 0063B346 in module 'M2Server.exe'. Read of address 0000002C
2019-08-30 00:01:46 GS-1 [Exception]: SlowerExecute-Access violation at address 0063B346 in module 'M2Server.exe'. Read of address 0000002C
2019-08-30 00:01:46 GS-1 [Exception]: SlowerExecute-Access violation at address 0063B346 in module 'M2Server.exe'. Read of address 0000002C
2019-08-30 00:01:46 GS-1 [Exception]: SlowerExecute-Access violation at address 0063B346 in module 'M2Server.exe'. Read of address 0000002C
2019-08-30 00:01:46 GS-1 [Exception]: SlowerExecute-Access violation at address 0063B346 in module 'M2Server.exe'. Read of address 0000002C
2019-08-30 00:01:46 GS-1 [Exception]: SlowerExecute-Access violation at address 0063B346 in module 'M2Server.exe'. Read of address 0000002C
2019-08-30 00:01:46 GS-1 [Exception]: SlowerExecute-Access violation at address 0063B346 in module 'M2Server.exe'. Read of address 0000002C
2019-08-30 00:01:46 GS-1 [Exception]: TAppEngine.Execute - 3 -2
2019-08-30 00:01:46 GS-1 [Exception]: SlowerExecute-Access violation at address 0063B346 in module 'M2Server.exe'. Read of address 0000002C
2019-08-30 00:01:46 GS-1 [Exception]: SlowerExecute-Access violation at address 0063B346 in module 'M2Server.exe'. Read of address 0000002C
2019-08-30 00:01:46 GS-1 [Exception]: SlowerExecute-Access violation at address 0063B346 in module 'M2Server.exe'. Read of address 0000002C
2019-08-30 00:01:46 GS-1 [Exception]: SlowerExecute-Access violation at address 0063B346 in module 'M2Server.exe'. Read of address 0000002C
2019-08-30 00:01:46 GS-1 [Exception]: SlowerExecute-Access violation at address 0063B346 in module 'M2Server.exe'. Read of address 0000002C
2019-08-30 00:01:46 GS-1 [Exception]: SlowerExecute-Access violation at address 0063B346 in module 'M2Server.exe'. Read of address 0000002C
2019-08-30 00:01:46 GS-1 [Exception]: SlowerExecute-Access violation at address 0063B346 in module 'M2Server.exe'. Read of address 0000002C
2019-08-30 00:01:46 GS-1 [Exception]: SlowerExecute-Access violation at address 0063B346 in module 'M2Server.exe'. Read of address 0000002C
2019-08-30 00:01:46 GS-1 [Exception]: SlowerExecute-Access violation at address 0063B346 in module 'M2Server.exe'. Read of address 0000002C
2019-08-30 00:01:46 GS-1 [Exception]: SlowerExecute-Access violation at address 0063B346 in module 'M2Server.exe'. Read of address 0000002C
2019-08-30 00:01:46 GS-1 [Exception]: SlowerExecute-Access violation at address 0063B346 in module 'M2Server.exe'. Read of address 0000002C
2019-08-30 00:01:46 GS-1 [Exception]: SlowerExecute-Access violation at address 0063B346 in module 'M2Server.exe'. Read of address 0000002C
2019-08-30 00:01:46 GS-1 [Exception]: SlowerExecute-Access violation at address 0063B346 in module 'M2Server.exe'. Read of address 0000002C
2019-08-30 00:01:46 GS-1 [Exception]: SlowerExecute-Access violation at address 0063B346 in module 'M2Server.exe'. Read of address 0000002C
2019-08-30 00:01:46 GS-1 [Exception]: SlowerExecute-Access violation at address 0063B346 in module 'M2Server.exe'. Read of address 0000002C
2019-08-30 00:01:46 GS-1 [Exception]: SlowerExecute-Access violation at address 0063B346 in module 'M2Server.exe'. Read of address 0000002C
2019-08-30 00:01:46 GS-1 [Exception]: SlowerExecute-Access violation at address 0063B346 in module 'M2Server.exe'. Read of address 0000002C
2019-08-30 00:01:46 GS-1 [Exception]: SlowerExecute-Access violation at address 0063B346 in module 'M2Server.exe'. Read of address 0000002C
2019-08-30 00:01:46 GS-1 [Exception]: SlowerExecute-Access violation at address 0063B346 in module 'M2Server.exe'. Read of address 0000002C
2019-08-30 00:01:46 GS-1 [Exception]: SlowerExecute-Access violation at address 0063B346 in module 'M2Server.exe'. Read of address 0000002C
2019-08-30 00:01:46 GS-1 [Exception]: SlowerExecute-Access violation at address 0063B346 in module 'M2Server.exe'. Read of address 0000002C
2019-08-30 00:01:46 GS-1 [Exception]: SlowerExecute-Access violation at address 0063B346 in module 'M2Server.exe'. Read of address 0000002C
2019-08-30 00:01:46 GS-1 [Exception]: SlowerExecute-Access violation at address 0063B346 in module 'M2Server.exe'. Read of address 0000002C
2019-08-30 00:01:46 GS-1 [Exception]: SlowerExecute-Access violation at address 0063B346 in module 'M2Server.exe'. Read of address 0000002C
2019-08-30 00:01:46 GS-1 [Exception]: SlowerExecute-Access violation at address 0063B346 in module 'M2Server.exe'. Read of address 0000002C
2019-08-30 00:01:46 GS-1 [Exception]: SlowerExecute-Access violation at address 0063B346 in module 'M2Server.exe'. Read of address 0000002C
2019-08-30 00:01:46 GS-1 [Exception]: SlowerExecute-Access violation at address 0063B346 in module 'M2Server.exe'. Read of address 0000002C
2019-08-30 00:01:46 GS-1 [Exception]: SlowerExecute-Access violation at address 0063B346 in module 'M2Server.exe'. Read of address 0000002C
2019-08-30 00:01:46 GS-1 [Exception]: SlowerExecute-Access violation at address 0063B346 in module 'M2Server.exe'. Read of address 0000002C
2019-08-30 00:01:46 GS-1 [Exception]: SlowerExecute-Access violation at address 0063B346 in module 'M2Server.exe'. Read of address 0000002C
2019-08-30 00:01:46 GS-1 [Exception]: SlowerExecute-Access violation at address 0063B346 in module 'M2Server.exe'. Read of address 0000002C
2019-08-30 00:01:46 GS-1 [Exception]: SlowerExecute-Access violation at address 0063B346 in module 'M2Server.exe'. Read of address 0000002C
2019-08-30 00:01:46 GS-1 [Exception]: SlowerExecute-Access violation at address 0063B346 in module 'M2Server.exe'. Read of address 0000002C
2019-08-30 00:01:46 GS-1 [Exception]: SlowerExecute-Access violation at address 0063B346 in module 'M2Server.exe'. Read of address 0000002C
2019-08-30 00:01:46 GS-1 [Exception]: SlowerExecute-Access violation at address 0063B346 in module 'M2Server.exe'. Read of address 0000002C
2019-08-30 00:01:46 GS-1 [Exception]: SlowerExecute-Access violation at address 0063B346 in module 'M2Server.exe'. Read of address 0000002C
2019-08-30 00:01:46 GS-1 [Exception]: SlowerExecute-Access violation at address 0063B346 in module 'M2Server.exe'. Read of address 0000002C
2019-08-30 00:01:46 GS-1 [Exception]: SlowerExecute-Access violation at address 0063B346 in module 'M2Server.exe'. Read of address 0000002C
2019-08-30 00:01:46 GS-1 [Exception]: SlowerExecute-Access violation at address 0063B346 in module 'M2Server.exe'. Read of address 0000002C
2019-08-30 00:01:46 GS-1 [Exception]: SlowerExecute-Access violation at address 0063B346 in module 'M2Server.exe'. Read of address 0000002C
2019-08-30 00:01:46 GS-1 [Exception]: SlowerExecute-Access violation at address 0063B346 in module 'M2Server.exe'. Read of address 0000002C
2019-08-30 00:01:46 GS-1 [Exception]: SlowerExecute-Access violation at address 0063B346 in module 'M2Server.exe'. Read of address 0000002C
2019-08-30 00:01:46 GS-1 [Exception]: SlowerExecute-Access violation at address 0063B346 in module 'M2Server.exe'. Read of address 0000002C
2019-08-30 00:01:46 GS-1 [Exception]: SlowerExecute-Access violation at address 0063B346 in module 'M2Server.exe'. Read of address 0000002C
2019-08-30 00:01:48 GS-1 正在清除模块-小助手管理-的配置表d:\Mud2.0\Mir200\Share\EngineConfig\小助手管理\小助手.txt
2019-08-30 00:01:48 GS-1 正在清除模块-静态地图管理-的配置表d:\Mud2.0\Mir200\Share\EngineConfig\静态地图管理\MapDropLimitBagItems.xml
2019-08-30 00:01:48 GS-1 正在清除模块-装备合成管理-的配置表d:\Mud2.0\Mir200\Share\EngineConfig\装备合成管理\StrengthenEquip.xml
2019-08-30 00:01:48 GS-1 正在清除模块-藏宝图管理-的配置表d:\Mud2.0\Mir200\Share\EngineConfig\藏宝图管理\修复藏宝图.txt
2019-08-30 00:01:48 GS-1 正在清除模块-藏宝图管理-的配置表d:\Mud2.0\Mir200\Share\EngineConfig\藏宝图管理\魔龙藏宝图合成装备.txt
2019-08-30 00:01:48 GS-1 正在清除模块-衣服升级管理-的配置表d:\Mud2.0\Mir200\Share\EngineConfig\衣服升级管理\UpdateClothes.xml
2019-08-30 00:01:48 GS-1 正在清除模块-道具管理-的配置表d:\Mud2.0\Mir200\Share\EngineConfig\道具管理\宝石配置.txt
2019-08-30 00:01:48 GS-1 正在清除模块-世界暴率管理-的配置表d:\Mud2.0\Mir200\Share\EngineConfig\世界暴率管理\世界爆率文件1.txt
2019-08-30 00:01:48 GS-1 释放--跨GS消息管理对象--结束
2019-08-30 00:01:48 GS-1 释放--gate管理对象--结束
2019-08-30 00:01:48 GS-1 释放--魔法管理对象--结束
2019-08-30 00:01:48 GS-1 释放--套装管理对象--结束
2019-08-30 00:01:48 GS-1 释放--新暴率管理对象--结束
2019-08-30 00:01:48 GS-1 释放--角色信息初始化管理对象--结束
2019-08-30 00:01:48 GS-1 [Exception]: ProcessMon -3-Access violation at address 0067C37B in module 'M2Server.exe'. Read of address 00000008 EAccessViolation
2019-08-30 00:01:48 GS-1 [Exception]: SlowerExecute-Access violation at address 005F72FE in module 'M2Server.exe'. Read of address 00000310
2019-08-30 00:01:48 GS-1 释放--GS本地日志--结束
2019-08-30 00:01:48 GS-1 释放--DBEngn对象--结束
2019-08-30 00:01:48 GS-1 释放--任务列表--结束
2019-08-30 00:01:48 GS-1 释放--buffer管理类--结束
2019-08-30 00:01:48 GS-1 释放--排行榜--结束
2019-08-30 00:01:48 GS-1 释放--免费回收--结束
2019-08-30 00:01:48 GS-1 释放--mysql对象--结束
2019-08-30 00:01:48 GS-1 ================ 服务停止 ==============
