2019-09-04 18:50:56 GS-1 -----------------------------------------------------
---[Monster]: Max RunDelay: 0; Max RunCount 0
---[Human]: Max RunDelay: 0; [Socket]: Max RunDelay: 0
---[App]: Min PerSecRun: 100; Max RunDelay 0
-----------------------------------------------------
2019-09-04 18:50:56 GS-1 ================ 服务启动 ==============
2019-09-04 18:50:56 GS-1 TPlayerBody Size - 1616
2019-09-04 18:50:56 GS-1 TPlayerDB Size - 61608
2019-09-04 18:50:56 GS-1 ======== 连接MySQL成功 =======
2019-09-04 18:50:56 GS-1 *** ***Gamelog 的下次清理时间为 : 09月11日03时*** ***
2019-09-04 18:50:56 GS-1 ==加载GM指令定义完成==
2019-09-04 18:50:56 GS-1 与 DB 服务器连接成功
2019-09-04 18:50:56 GS-1 [Error]: 火龙珠奖励配置错误！
2019-09-04 18:50:56 GS-1 [Error]: 抽取概率错误:赤金天赐->宝箱1:概率7
2019-09-04 18:50:56 GS-1 [Error]: 抽取概率错误:白银天赐->宝箱1:概率7
2019-09-04 18:50:56 GS-1 [Error]: 抽取概率错误:紫铜天赐->宝箱1:概率7
2019-09-04 18:50:56 GS-1 [Error]: 抽取概率错误:神秘天赐->宝箱1:概率7
2019-09-04 18:50:56 GS-1 [Error]: 抽取概率错误:檀木天赐->宝箱1:概率7
2019-09-04 18:50:56 GS-1 [Error]: 抽取概率错误:宝藏天赐 ->宝箱1:概率7
2019-09-04 18:50:56 GS-1 [Error]: StdItems 不存在的天赐：新年天赐
2019-09-04 18:50:56 GS-1 [Error]: StdItems 不存在的钥匙：新年钥匙
2019-09-04 18:50:56 GS-1 [Error]: StdItems 不存在的钥匙：春节钥匙
2019-09-04 18:50:56 GS-1 [Error]: StdItems 不存在的钥匙：节日钥匙
2019-09-04 18:50:56 GS-1 [Error]: StdItems 不存在的天赐：感恩天赐
2019-09-04 18:50:56 GS-1 [Error]: StdItems 不存在的钥匙：感恩钥匙
2019-09-04 18:50:56 GS-1 系统参数初始化完毕
2019-09-04 18:50:56 GS-1 准备加载NPC，共525个
2019-09-04 18:50:56 GS-1 已加载d:\Mud2.0\Mir200\Share\EngineConfig\系统信息管理\RollMsg.txt！
2019-09-04 18:50:56 GS-1 已加载d:\Mud2.0\Mir200\Share\EngineConfig\系统信息管理\掉落物品提示.txt！
2019-09-04 18:50:56 GS-1 已加载d:\Mud2.0\Mir200\Share\EngineConfig\卧龙英雄管理\Fortress.txt！
2019-09-04 18:50:56 GS-1 已加载d:\Mud2.0\Mir200\Share\EngineConfig\游戏元素点阵管理\GMActEvent.txt！
2019-09-04 18:50:56 GS-1    加载邮件信息成功,加载13个玩家的邮件。
2019-09-04 18:50:56 GS-1    加载邮件信息成功,加载56个玩家的邮件。
2019-09-04 18:50:56 GS-1 已加载d:\Mud2.0\Mir200\Share\EngineConfig\摆摊交易\摊位基础设置.ini！
2019-09-04 18:50:56 GS-1 刷新摊位过期将在2:55执行！
2019-09-04 18:50:56 GS-1   加载Stall成功，共加载摊位3个
2019-09-04 18:50:56 GS-1 [Information]: 寄售表创建成功!
2019-09-04 18:50:56 GS-1 [Information]: 寄售历史表创建成功!
2019-09-04 18:50:56 GS-1 [Information]: 更新超时订单成功!
2019-09-04 18:50:56 GS-1 已加载刷新商城时间：00:00:00.
2019-09-04 18:50:56 GS-1 已加载刷新商城时间：06:00:00.
2019-09-04 18:50:56 GS-1 已加载刷新商城时间：12:00:00.
2019-09-04 18:50:56 GS-1 载入商城物品列表，共5个类别，41种商品
2019-09-04 18:50:56 GS-1 ==> 加载商城物品 装饰类：11/11
2019-09-04 18:50:56 GS-1 ==> 加载商城物品 补给类：5/5
2019-09-04 18:50:56 GS-1 ==> 加载商城物品 强化类：15/15
2019-09-04 18:50:56 GS-1 ==> 加载商城物品 限量类：8/8
2019-09-04 18:50:56 GS-1 ==> 加载商城物品 好友类：2/2
2019-09-04 18:50:56 GS-1 ==> 加载商城物品 类：0/0
2019-09-04 18:50:56 GS-1 ==> 加载商城物品 类：0/0
2019-09-04 18:50:56 GS-1 ==> 加载商城物品 类：0/0
2019-09-04 18:50:56 GS-1    [删除错误数据] 删除用户表中不存在的战队成员
2019-09-04 18:50:56 GS-1    [删除错误数据] 清除战队队长不存在的项
2019-09-04 18:50:56 GS-1    [删除错误数据] 不存在战队的成员
2019-09-04 18:50:56 GS-1    正在加载战队...
2019-09-04 18:50:56 GS-1    战队表数量 : 3
2019-09-04 18:50:56 GS-1    战队表数量 : 0
2019-09-04 18:50:56 GS-1    加载战队数量:3
2019-09-04 18:50:56 GS-1    正在加载战队成员...
2019-09-04 18:50:56 GS-1    战队成员总数:14 加载成员数:14
2019-09-04 18:50:56 GS-1    正在检测战队数据有效性...
2019-09-04 18:50:56 GS-1    战队数据有效性检测完毕
2019-09-04 18:50:56 GS-1    [删除错误数据] 清除会长战队不存在行会
2019-09-04 18:50:56 GS-1    [删除错误数据] 清除行会不存在的行会成员
2019-09-04 18:50:56 GS-1    [删除错误数据] 清除行会不存在的行会关系ID排列错误的项
2019-09-04 18:50:56 GS-1    [删除错误数据] 清除行会不存在行会关系
2019-09-04 18:50:56 GS-1    [删除错误数据] 清除行会不存在关注行会
2019-09-04 18:50:56 GS-1    加载行会数量 : 3
2019-09-04 18:50:56 GS-1    加载行会成员(战队)数量 : 3
2019-09-04 18:50:56 GS-1    加载行会关系数量 : 0
2019-09-04 18:50:56 GS-1    加载关注行会数量 : 0
2019-09-04 18:50:56 GS-1    加载请求数量:3
2019-09-04 18:50:56 GS-1 [Error]: 小助手 不存在！
2019-09-04 18:50:56 GS-1 D411地图配置在MapInfo.txt 中不是LIMITBAGITEMDROP属性
2019-09-04 18:50:56 GS-1 D415地图配置在MapInfo.txt 中不是LIMITBAGITEMDROP属性
2019-09-04 18:50:56 GS-1 D416地图配置在MapInfo.txt 中不是LIMITBAGITEMDROP属性
2019-09-04 18:50:56 GS-1 信用分验证功能：开
2019-09-04 18:50:56 GS-1 GS脚本版本号：10001
2019-09-04 18:50:56 GS-1 更新排行榜，共计：42 页
2019-09-04 18:50:56 GS-1 Gate 1 开启
2019-09-04 18:51:34 GS-1 载入商城热销商品列表，共35个。
2019-09-04 18:51:34 GS-1 ==> 加载商城热销榜:5
2019-09-04 18:52:51 GS-1 [脚本(散财猪.pas)缺函数]: AfterScatterItems
2019-09-04 18:55:58 GS-1 -----------------------------------------------------
---[Monster]: Max RunDelay: 531; Max RunCount 3162
---[Human]: Max RunDelay: 109; [Socket]: Max RunDelay: 16
---[App]: Min PerSecRun: 51; Max RunDelay 16
-----------------------------------------------------
2019-09-04 19:00:59 GS-1 -----------------------------------------------------
---[Monster]: Max RunDelay: 297; Max RunCount 3178
---[Human]: Max RunDelay: 63; [Socket]: Max RunDelay: 15
---[App]: Min PerSecRun: 72; Max RunDelay 16
-----------------------------------------------------
2019-09-04 19:01:33 GS-1 09-04 19:01:33 User = 20 / 20
2019-09-04 19:06:00 GS-1 -----------------------------------------------------
---[Monster]: Max RunDelay: 281; Max RunCount 3169
---[Human]: Max RunDelay: 47; [Socket]: Max RunDelay: 15
---[App]: Min PerSecRun: 71; Max RunDelay 0
-----------------------------------------------------
2019-09-04 19:11:01 GS-1 -----------------------------------------------------
---[Monster]: Max RunDelay: 422; Max RunCount 3175
---[Human]: Max RunDelay: 47; [Socket]: Max RunDelay: 15
---[App]: Min PerSecRun: 61; Max RunDelay 0
-----------------------------------------------------
2019-09-04 19:11:33 GS-1 09-04 19:11:33 User = 21 / 21
2019-09-04 19:15:18 GS-1   玩家： 下雨天，邮件Idx:  990，功加载了 1附件。
2019-09-04 19:16:01 GS-1 -----------------------------------------------------
---[Monster]: Max RunDelay: 500; Max RunCount 3173
---[Human]: Max RunDelay: 235; [Socket]: Max RunDelay: 16
---[App]: Min PerSecRun: 53; Max RunDelay 0
-----------------------------------------------------
2019-09-04 19:21:02 GS-1 -----------------------------------------------------
---[Monster]: Max RunDelay: 547; Max RunCount 3186
---[Human]: Max RunDelay: 360; [Socket]: Max RunDelay: 16
---[App]: Min PerSecRun: 70; Max RunDelay 0
-----------------------------------------------------
2019-09-04 19:21:32 GS-1 09-04 19:21:32 User = 23 / 23
2019-09-04 19:26:03 GS-1 -----------------------------------------------------
---[Monster]: Max RunDelay: 313; Max RunCount 3163
---[Human]: Max RunDelay: 63; [Socket]: Max RunDelay: 16
---[App]: Min PerSecRun: 71; Max RunDelay 0
-----------------------------------------------------
2019-09-04 19:31:04 GS-1 -----------------------------------------------------
---[Monster]: Max RunDelay: 313; Max RunCount 3544
---[Human]: Max RunDelay: 63; [Socket]: Max RunDelay: 16
---[App]: Min PerSecRun: 71; Max RunDelay 16
-----------------------------------------------------
2019-09-04 19:31:33 GS-1 09-04 19:31:33 User = 23 / 23
2019-09-04 19:36:05 GS-1 -----------------------------------------------------
---[Monster]: Max RunDelay: 500; Max RunCount 4202
---[Human]: Max RunDelay: 62; [Socket]: Max RunDelay: 16
---[App]: Min PerSecRun: 61; Max RunDelay 0
-----------------------------------------------------
2019-09-04 19:41:06 GS-1 -----------------------------------------------------
---[Monster]: Max RunDelay: 313; Max RunCount 3921
---[Human]: Max RunDelay: 78; [Socket]: Max RunDelay: 16
---[App]: Min PerSecRun: 71; Max RunDelay 0
-----------------------------------------------------
2019-09-04 19:41:32 GS-1 09-04 19:41:32 User = 23 / 23
2019-09-04 19:46:07 GS-1 -----------------------------------------------------
---[Monster]: Max RunDelay: 312; Max RunCount 3860
---[Human]: Max RunDelay: 47; [Socket]: Max RunDelay: 16
---[App]: Min PerSecRun: 70; Max RunDelay 15
-----------------------------------------------------
2019-09-04 19:51:08 GS-1 -----------------------------------------------------
---[Monster]: Max RunDelay: 313; Max RunCount 3712
---[Human]: Max RunDelay: 94; [Socket]: Max RunDelay: 16
---[App]: Min PerSecRun: 70; Max RunDelay 15
-----------------------------------------------------
2019-09-04 19:51:33 GS-1 载入商城热销商品列表，共35个。
2019-09-04 19:51:33 GS-1 ==> 加载商城热销榜:5
2019-09-04 19:51:33 GS-1 09-04 19:51:33 User = 21 / 21
2019-09-04 19:56:09 GS-1 -----------------------------------------------------
---[Monster]: Max RunDelay: 313; Max RunCount 3906
---[Human]: Max RunDelay: 78; [Socket]: Max RunDelay: 16
---[App]: Min PerSecRun: 70; Max RunDelay 0
-----------------------------------------------------
2019-09-04 20:01:11 GS-1 -----------------------------------------------------
---[Monster]: Max RunDelay: 328; Max RunCount 3913
---[Human]: Max RunDelay: 94; [Socket]: Max RunDelay: 16
---[App]: Min PerSecRun: 69; Max RunDelay 16
-----------------------------------------------------
2019-09-04 20:01:33 GS-1 09-04 20:01:33 User = 9 / 9
2019-09-04 20:06:12 GS-1 -----------------------------------------------------
---[Monster]: Max RunDelay: 797; Max RunCount 4260
---[Human]: Max RunDelay: 47; [Socket]: Max RunDelay: 16
---[App]: Min PerSecRun: 35; Max RunDelay 0
-----------------------------------------------------
2019-09-04 20:11:13 GS-1 -----------------------------------------------------
---[Monster]: Max RunDelay: 469; Max RunCount 4208
---[Human]: Max RunDelay: 47; [Socket]: Max RunDelay: 16
---[App]: Min PerSecRun: 72; Max RunDelay 0
-----------------------------------------------------
2019-09-04 20:11:33 GS-1 09-04 20:11:33 User = 19 / 19
2019-09-04 20:16:14 GS-1 -----------------------------------------------------
---[Monster]: Max RunDelay: 297; Max RunCount 4262
---[Human]: Max RunDelay: 47; [Socket]: Max RunDelay: 16
---[App]: Min PerSecRun: 73; Max RunDelay 0
-----------------------------------------------------
2019-09-04 20:21:14 GS-1 -----------------------------------------------------
---[Monster]: Max RunDelay: 485; Max RunCount 4248
---[Human]: Max RunDelay: 360; [Socket]: Max RunDelay: 16
---[App]: Min PerSecRun: 60; Max RunDelay 0
-----------------------------------------------------
2019-09-04 20:21:33 GS-1 09-04 20:21:33 User = 12 / 12
2019-09-04 20:26:15 GS-1 -----------------------------------------------------
---[Monster]: Max RunDelay: 297; Max RunCount 4120
---[Human]: Max RunDelay: 63; [Socket]: Max RunDelay: 16
---[App]: Min PerSecRun: 68; Max RunDelay 0
-----------------------------------------------------
2019-09-04 20:31:16 GS-1 -----------------------------------------------------
---[Monster]: Max RunDelay: 282; Max RunCount 4073
---[Human]: Max RunDelay: 47; [Socket]: Max RunDelay: 16
---[App]: Min PerSecRun: 72; Max RunDelay 0
-----------------------------------------------------
2019-09-04 20:31:33 GS-1 09-04 20:31:33 User = 9 / 9
2019-09-04 20:36:17 GS-1 -----------------------------------------------------
---[Monster]: Max RunDelay: 328; Max RunCount 4053
---[Human]: Max RunDelay: 32; [Socket]: Max RunDelay: 16
---[App]: Min PerSecRun: 65; Max RunDelay 0
-----------------------------------------------------
2019-09-04 20:41:18 GS-1 -----------------------------------------------------
---[Monster]: Max RunDelay: 328; Max RunCount 4058
---[Human]: Max RunDelay: 47; [Socket]: Max RunDelay: 16
---[App]: Min PerSecRun: 65; Max RunDelay 0
-----------------------------------------------------
2019-09-04 20:41:34 GS-1 09-04 20:41:34 User = 12 / 12
2019-09-04 20:46:19 GS-1 -----------------------------------------------------
---[Monster]: Max RunDelay: 500; Max RunCount 4537
---[Human]: Max RunDelay: 125; [Socket]: Max RunDelay: 16
---[App]: Min PerSecRun: 47; Max RunDelay 0
-----------------------------------------------------
2019-09-04 20:51:19 GS-1 -----------------------------------------------------
---[Monster]: Max RunDelay: 515; Max RunCount 4529
---[Human]: Max RunDelay: 313; [Socket]: Max RunDelay: 78
---[App]: Min PerSecRun: 51; Max RunDelay 0
-----------------------------------------------------
2019-09-04 20:51:34 GS-1 载入商城热销商品列表，共35个。
2019-09-04 20:51:34 GS-1 ==> 加载商城热销榜:5
2019-09-04 20:51:34 GS-1 09-04 20:51:34 User = 9 / 9
2019-09-04 20:56:21 GS-1 -----------------------------------------------------
---[Monster]: Max RunDelay: 578; Max RunCount 4498
---[Human]: Max RunDelay: 78; [Socket]: Max RunDelay: 329
---[App]: Min PerSecRun: 51; Max RunDelay 15
-----------------------------------------------------
2019-09-04 21:01:22 GS-1 -----------------------------------------------------
---[Monster]: Max RunDelay: 406; Max RunCount 4437
---[Human]: Max RunDelay: 62; [Socket]: Max RunDelay: 16
---[App]: Min PerSecRun: 58; Max RunDelay 0
-----------------------------------------------------
2019-09-04 21:01:35 GS-1 09-04 21:01:35 User = 20 / 20
2019-09-04 21:06:23 GS-1 -----------------------------------------------------
---[Monster]: Max RunDelay: 391; Max RunCount 4165
---[Human]: Max RunDelay: 63; [Socket]: Max RunDelay: 16
---[App]: Min PerSecRun: 57; Max RunDelay 0
-----------------------------------------------------
2019-09-04 21:11:24 GS-1 -----------------------------------------------------
---[Monster]: Max RunDelay: 672; Max RunCount 4439
---[Human]: Max RunDelay: 47; [Socket]: Max RunDelay: 16
---[App]: Min PerSecRun: 39; Max RunDelay 0
-----------------------------------------------------
2019-09-04 21:11:35 GS-1 09-04 21:11:35 User = 20 / 20
2019-09-04 21:16:25 GS-1 -----------------------------------------------------
---[Monster]: Max RunDelay: 328; Max RunCount 4354
---[Human]: Max RunDelay: 79; [Socket]: Max RunDelay: 15
---[App]: Min PerSecRun: 70; Max RunDelay 16
-----------------------------------------------------
2019-09-04 21:21:26 GS-1 -----------------------------------------------------
---[Monster]: Max RunDelay: 312; Max RunCount 4112
---[Human]: Max RunDelay: 62; [Socket]: Max RunDelay: 16
---[App]: Min PerSecRun: 70; Max RunDelay 15
-----------------------------------------------------
2019-09-04 21:21:35 GS-1 09-04 21:21:35 User = 20 / 20
2019-09-04 21:26:27 GS-1 -----------------------------------------------------
---[Monster]: Max RunDelay: 468; Max RunCount 4384
---[Human]: Max RunDelay: 62; [Socket]: Max RunDelay: 16
---[App]: Min PerSecRun: 57; Max RunDelay 0
-----------------------------------------------------
2019-09-04 21:31:28 GS-1 -----------------------------------------------------
---[Monster]: Max RunDelay: 328; Max RunCount 4247
---[Human]: Max RunDelay: 78; [Socket]: Max RunDelay: 16
---[App]: Min PerSecRun: 71; Max RunDelay 16
-----------------------------------------------------
2019-09-04 21:31:35 GS-1 09-04 21:31:35 User = 20 / 20
2019-09-04 21:36:29 GS-1 -----------------------------------------------------
---[Monster]: Max RunDelay: 313; Max RunCount 3846
---[Human]: Max RunDelay: 47; [Socket]: Max RunDelay: 16
---[App]: Min PerSecRun: 71; Max RunDelay 0
-----------------------------------------------------
2019-09-04 21:41:30 GS-1 -----------------------------------------------------
---[Monster]: Max RunDelay: 328; Max RunCount 3874
---[Human]: Max RunDelay: 79; [Socket]: Max RunDelay: 16
---[App]: Min PerSecRun: 70; Max RunDelay 0
-----------------------------------------------------
2019-09-04 21:41:35 GS-1 09-04 21:41:35 User = 19 / 19
2019-09-04 21:46:31 GS-1 -----------------------------------------------------
---[Monster]: Max RunDelay: 297; Max RunCount 3864
---[Human]: Max RunDelay: 79; [Socket]: Max RunDelay: 16
---[App]: Min PerSecRun: 71; Max RunDelay 0
-----------------------------------------------------
2019-09-04 21:51:32 GS-1 -----------------------------------------------------
---[Monster]: Max RunDelay: 297; Max RunCount 3897
---[Human]: Max RunDelay: 47; [Socket]: Max RunDelay: 16
---[App]: Min PerSecRun: 70; Max RunDelay 0
-----------------------------------------------------
2019-09-04 21:51:35 GS-1 载入商城热销商品列表，共35个。
2019-09-04 21:51:35 GS-1 ==> 加载商城热销榜:5
2019-09-04 21:51:35 GS-1 09-04 21:51:35 User = 21 / 21
2019-09-04 21:55:11 GS-1 [脚本(散财猪.pas)缺函数]: AfterScatterItems
2019-09-04 21:56:33 GS-1 -----------------------------------------------------
---[Monster]: Max RunDelay: 297; Max RunCount 3818
---[Human]: Max RunDelay: 62; [Socket]: Max RunDelay: 16
---[App]: Min PerSecRun: 71; Max RunDelay 15
-----------------------------------------------------
2019-09-04 22:01:34 GS-1 -----------------------------------------------------
---[Monster]: Max RunDelay: 328; Max RunCount 4223
---[Human]: Max RunDelay: 47; [Socket]: Max RunDelay: 16
---[App]: Min PerSecRun: 69; Max RunDelay 0
-----------------------------------------------------
2019-09-04 22:01:35 GS-1 09-04 22:01:35 User = 25 / 25
2019-09-04 22:06:35 GS-1 -----------------------------------------------------
---[Monster]: Max RunDelay: 453; Max RunCount 4692
---[Human]: Max RunDelay: 47; [Socket]: Max RunDelay: 16
---[App]: Min PerSecRun: 52; Max RunDelay 0
-----------------------------------------------------
2019-09-04 22:11:35 GS-1 09-04 22:11:35 User = 24 / 24
2019-09-04 22:11:36 GS-1 -----------------------------------------------------
---[Monster]: Max RunDelay: 500; Max RunCount 4385
---[Human]: Max RunDelay: 47; [Socket]: Max RunDelay: 16
---[App]: Min PerSecRun: 60; Max RunDelay 0
-----------------------------------------------------
2019-09-04 22:16:36 GS-1 -----------------------------------------------------
---[Monster]: Max RunDelay: 297; Max RunCount 4304
---[Human]: Max RunDelay: 78; [Socket]: Max RunDelay: 16
---[App]: Min PerSecRun: 71; Max RunDelay 16
-----------------------------------------------------
2019-09-04 22:21:35 GS-1 09-04 22:21:35 User = 20 / 20
2019-09-04 22:21:37 GS-1 -----------------------------------------------------
---[Monster]: Max RunDelay: 594; Max RunCount 4469
---[Human]: Max RunDelay: 78; [Socket]: Max RunDelay: 47
---[App]: Min PerSecRun: 50; Max RunDelay 16
-----------------------------------------------------
2019-09-04 22:26:38 GS-1 -----------------------------------------------------
---[Monster]: Max RunDelay: 593; Max RunCount 4387
---[Human]: Max RunDelay: 78; [Socket]: Max RunDelay: 47
---[App]: Min PerSecRun: 49; Max RunDelay 16
-----------------------------------------------------
2019-09-04 22:31:35 GS-1 09-04 22:31:35 User = 21 / 21
2019-09-04 22:31:39 GS-1 -----------------------------------------------------
---[Monster]: Max RunDelay: 578; Max RunCount 4382
---[Human]: Max RunDelay: 94; [Socket]: Max RunDelay: 47
---[App]: Min PerSecRun: 69; Max RunDelay 16
-----------------------------------------------------
2019-09-04 22:36:39 GS-1 -----------------------------------------------------
---[Monster]: Max RunDelay: 547; Max RunCount 4509
---[Human]: Max RunDelay: 140; [Socket]: Max RunDelay: 47
---[App]: Min PerSecRun: 49; Max RunDelay 16
-----------------------------------------------------
2019-09-04 22:41:36 GS-1 09-04 22:41:36 User = 23 / 23
2019-09-04 22:41:40 GS-1 -----------------------------------------------------
---[Monster]: Max RunDelay: 516; Max RunCount 4468
---[Human]: Max RunDelay: 375; [Socket]: Max RunDelay: 47
---[App]: Min PerSecRun: 54; Max RunDelay 16
-----------------------------------------------------
2019-09-04 22:46:41 GS-1 -----------------------------------------------------
---[Monster]: Max RunDelay: 828; Max RunCount 4480
---[Human]: Max RunDelay: 422; [Socket]: Max RunDelay: 47
---[App]: Min PerSecRun: 19; Max RunDelay 16
-----------------------------------------------------
2019-09-04 22:51:35 GS-1 载入商城热销商品列表，共35个。
2019-09-04 22:51:35 GS-1 ==> 加载商城热销榜:5
2019-09-04 22:51:36 GS-1 09-04 22:51:36 User = 23 / 23
2019-09-04 22:51:41 GS-1 -----------------------------------------------------
---[Monster]: Max RunDelay: 359; Max RunCount 4471
---[Human]: Max RunDelay: 94; [Socket]: Max RunDelay: 47
---[App]: Min PerSecRun: 67; Max RunDelay 16
-----------------------------------------------------
2019-09-04 22:56:42 GS-1 -----------------------------------------------------
---[Monster]: Max RunDelay: 906; Max RunCount 4503
---[Human]: Max RunDelay: 375; [Socket]: Max RunDelay: 657
---[App]: Min PerSecRun: 14; Max RunDelay 16
-----------------------------------------------------
2019-09-04 23:01:38 GS-1 09-04 23:01:38 User = 21 / 21
2019-09-04 23:01:43 GS-1 -----------------------------------------------------
---[Monster]: Max RunDelay: 813; Max RunCount 4571
---[Human]: Max RunDelay: 375; [Socket]: Max RunDelay: 47
---[App]: Min PerSecRun: 32; Max RunDelay 47
-----------------------------------------------------
2019-09-04 23:06:43 GS-1 -----------------------------------------------------
---[Monster]: Max RunDelay: 906; Max RunCount 4469
---[Human]: Max RunDelay: 282; [Socket]: Max RunDelay: 16
---[App]: Min PerSecRun: 39; Max RunDelay 16
-----------------------------------------------------
2019-09-04 23:11:38 GS-1 09-04 23:11:38 User = 20 / 20
2019-09-04 23:11:44 GS-1 -----------------------------------------------------
---[Monster]: Max RunDelay: 437; Max RunCount 4153
---[Human]: Max RunDelay: 63; [Socket]: Max RunDelay: 16
---[App]: Min PerSecRun: 61; Max RunDelay 16
-----------------------------------------------------
2019-09-04 23:16:45 GS-1 -----------------------------------------------------
---[Monster]: Max RunDelay: 312; Max RunCount 3879
---[Human]: Max RunDelay: 47; [Socket]: Max RunDelay: 16
---[App]: Min PerSecRun: 69; Max RunDelay 0
-----------------------------------------------------
2019-09-04 23:21:38 GS-1 09-04 23:21:38 User = 20 / 20
2019-09-04 23:21:46 GS-1 -----------------------------------------------------
---[Monster]: Max RunDelay: 297; Max RunCount 3799
---[Human]: Max RunDelay: 93; [Socket]: Max RunDelay: 16
---[App]: Min PerSecRun: 71; Max RunDelay 0
-----------------------------------------------------
2019-09-04 23:26:46 GS-1 -----------------------------------------------------
---[Monster]: Max RunDelay: 797; Max RunCount 4460
---[Human]: Max RunDelay: 218; [Socket]: Max RunDelay: 16
---[App]: Min PerSecRun: 16; Max RunDelay 15
-----------------------------------------------------
2019-09-04 23:31:39 GS-1 09-04 23:31:39 User = 21 / 21
2019-09-04 23:31:47 GS-1 -----------------------------------------------------
---[Monster]: Max RunDelay: 313; Max RunCount 4354
---[Human]: Max RunDelay: 47; [Socket]: Max RunDelay: 16
---[App]: Min PerSecRun: 69; Max RunDelay 0
-----------------------------------------------------
2019-09-04 23:36:48 GS-1 -----------------------------------------------------
---[Monster]: Max RunDelay: 328; Max RunCount 3586
---[Human]: Max RunDelay: 109; [Socket]: Max RunDelay: 16
---[App]: Min PerSecRun: 69; Max RunDelay 31
-----------------------------------------------------
2019-09-04 23:40:43 GS-1 [脚本(修炼圣地-3.pas)缺函数]: ForgeDiaYB
2019-09-04 23:40:43 GS-1 --ReInitializet-- 因为点击NPC失败，重新刷新NPC...
2019-09-04 23:41:38 GS-1 09-04 23:41:38 User = 22 / 22
2019-09-04 23:41:48 GS-1 -----------------------------------------------------
---[Monster]: Max RunDelay: 3922; Max RunCount 4643
---[Human]: Max RunDelay: 3797; [Socket]: Max RunDelay: 62
---[App]: Min PerSecRun: 15; Max RunDelay 0
-----------------------------------------------------
2019-09-04 23:46:49 GS-1 -----------------------------------------------------
---[Monster]: Max RunDelay: 1656; Max RunCount 4692
---[Human]: Max RunDelay: 250; [Socket]: Max RunDelay: 141
---[App]: Min PerSecRun: 1; Max RunDelay 16
-----------------------------------------------------
2019-09-04 23:48:05 GS-1 [Error]: ==> YBSocketError, ErrorCode=10060
2019-09-04 23:49:44 GS-1 [Error]: GameGate ServerSocketError, ErrorCode=10061
2019-09-04 23:51:36 GS-1 载入商城热销商品列表，共35个。
2019-09-04 23:51:36 GS-1 ==> 加载商城热销榜:5
2019-09-04 23:51:39 GS-1 09-04 23:51:39 User = 20 / 20
2019-09-04 23:51:50 GS-1 -----------------------------------------------------
---[Monster]: Max RunDelay: 485; Max RunCount 4608
---[Human]: Max RunDelay: 141; [Socket]: Max RunDelay: 16
---[App]: Min PerSecRun: 57; Max RunDelay 16
-----------------------------------------------------
2019-09-04 23:56:51 GS-1 -----------------------------------------------------
---[Monster]: Max RunDelay: 297; Max RunCount 4112
---[Human]: Max RunDelay: 78; [Socket]: Max RunDelay: 16
---[App]: Min PerSecRun: 68; Max RunDelay 0
-----------------------------------------------------
2019-09-05 00:00:00 GS-1 载入商城物品列表，共5个类别，41种商品
2019-09-05 00:00:00 GS-1 ==> 加载商城物品 装饰类：11/11
2019-09-05 00:00:00 GS-1 ==> 加载商城物品 补给类：5/5
2019-09-05 00:00:00 GS-1 ==> 加载商城物品 强化类：15/15
2019-09-05 00:00:00 GS-1 ==> 加载商城物品 限量类：8/8
2019-09-05 00:00:00 GS-1 ==> 加载商城物品 好友类：2/2
2019-09-05 00:00:00 GS-1 ==> 加载商城物品 类：0/0
2019-09-05 00:00:00 GS-1 ==> 加载商城物品 类：0/0
2019-09-05 00:00:00 GS-1 ==> 加载商城物品 类：0/0
2019-09-05 00:01:39 GS-1 09-05 00:01:39 User = 21 / 21
2019-09-05 00:01:52 GS-1 -----------------------------------------------------
---[Monster]: Max RunDelay: 594; Max RunCount 4446
---[Human]: Max RunDelay: 94; [Socket]: Max RunDelay: 16
---[App]: Min PerSecRun: 27; Max RunDelay 0
-----------------------------------------------------
2019-09-05 00:06:53 GS-1 -----------------------------------------------------
---[Monster]: Max RunDelay: 328; Max RunCount 4392
---[Human]: Max RunDelay: 94; [Socket]: Max RunDelay: 16
---[App]: Min PerSecRun: 68; Max RunDelay 0
-----------------------------------------------------
2019-09-05 00:11:39 GS-1 09-05 00:11:39 User = 22 / 22
2019-09-05 00:11:53 GS-1 -----------------------------------------------------
---[Monster]: Max RunDelay: 2782; Max RunCount 4695
---[Human]: Max RunDelay: 109; [Socket]: Max RunDelay: 16
---[App]: Min PerSecRun: 12; Max RunDelay 15
-----------------------------------------------------
2019-09-05 00:16:54 GS-1 -----------------------------------------------------
---[Monster]: Max RunDelay: 485; Max RunCount 4582
---[Human]: Max RunDelay: 375; [Socket]: Max RunDelay: 16
---[App]: Min PerSecRun: 52; Max RunDelay 0
-----------------------------------------------------
2019-09-05 00:18:57 GS-1 [Error]: ==> YBSocketError, ErrorCode=10060
2019-09-05 00:21:33 GS-1   玩家： 下雨天，邮件Idx:  992，功加载了 9附件。
2019-09-05 00:21:39 GS-1 09-05 00:21:39 User = 20 / 20
2019-09-05 00:21:55 GS-1 -----------------------------------------------------
---[Monster]: Max RunDelay: 484; Max RunCount 4528
---[Human]: Max RunDelay: 109; [Socket]: Max RunDelay: 47
---[App]: Min PerSecRun: 48; Max RunDelay 47
-----------------------------------------------------
2019-09-05 00:26:56 GS-1 -----------------------------------------------------
---[Monster]: Max RunDelay: 625; Max RunCount 4404
---[Human]: Max RunDelay: 110; [Socket]: Max RunDelay: 63
---[App]: Min PerSecRun: 45; Max RunDelay 0
-----------------------------------------------------
2019-09-05 00:31:40 GS-1 09-05 00:31:40 User = 21 / 21
2019-09-05 00:31:57 GS-1 -----------------------------------------------------
---[Monster]: Max RunDelay: 329; Max RunCount 4564
---[Human]: Max RunDelay: 62; [Socket]: Max RunDelay: 16
---[App]: Min PerSecRun: 68; Max RunDelay 16
-----------------------------------------------------
2019-09-05 00:36:59 GS-1 -----------------------------------------------------
---[Monster]: Max RunDelay: 1047; Max RunCount 4639
---[Human]: Max RunDelay: 172; [Socket]: Max RunDelay: 16
---[App]: Min PerSecRun: 19; Max RunDelay 16
-----------------------------------------------------
2019-09-05 00:41:41 GS-1 09-05 00:41:41 User = 22 / 22
2019-09-05 00:42:00 GS-1 -----------------------------------------------------
---[Monster]: Max RunDelay: 297; Max RunCount 4550
---[Human]: Max RunDelay: 47; [Socket]: Max RunDelay: 15
---[App]: Min PerSecRun: 68; Max RunDelay 15
-----------------------------------------------------
2019-09-05 00:45:32 GS-1   玩家： 韦玉泽，邮件Idx:  993，功加载了 1附件。
2019-09-05 00:45:32 GS-1   玩家： 韦玉泽，邮件Idx:  994，功加载了 1附件。
2019-09-05 00:46:59 GS-1 -----------------------------------------------------
---[Monster]: Max RunDelay: 1125; Max RunCount 4502
---[Human]: Max RunDelay: 140; [Socket]: Max RunDelay: 16
---[App]: Min PerSecRun: 13; Max RunDelay 0
-----------------------------------------------------
2019-09-05 00:51:36 GS-1 载入商城热销商品列表，共35个。
2019-09-05 00:51:36 GS-1 ==> 加载商城热销榜:5
2019-09-05 00:51:41 GS-1 09-05 00:51:41 User = 21 / 21
2019-09-05 00:52:00 GS-1 -----------------------------------------------------
---[Monster]: Max RunDelay: 313; Max RunCount 4452
---[Human]: Max RunDelay: 63; [Socket]: Max RunDelay: 16
---[App]: Min PerSecRun: 70; Max RunDelay 0
-----------------------------------------------------
2019-09-05 00:52:27 GS-1 [脚本(散财猪.pas)缺函数]: AfterScatterItems
2019-09-05 00:53:53 GS-1   玩家： 大圣归来，邮件Idx:  893，功加载了 1附件。
2019-09-05 00:53:53 GS-1   玩家： 大圣归来，邮件Idx:  901，功加载了 1附件。
2019-09-05 00:53:53 GS-1   玩家： 大圣归来，邮件Idx:  902，功加载了 1附件。
2019-09-05 00:53:53 GS-1   玩家： 大圣归来，邮件Idx:  922，功加载了 1附件。
2019-09-05 00:53:53 GS-1   玩家： 大圣归来，邮件Idx:  923，功加载了 1附件。
2019-09-05 00:53:53 GS-1   玩家： 大圣归来，邮件Idx:  924，功加载了 1附件。
2019-09-05 00:53:53 GS-1   玩家： 大圣归来，邮件Idx:  925，功加载了 1附件。
2019-09-05 00:53:57 GS-1   玩家： 大圣归来，邮件Idx:  988，功加载了 6附件。
2019-09-05 00:57:01 GS-1 -----------------------------------------------------
---[Monster]: Max RunDelay: 656; Max RunCount 4527
---[Human]: Max RunDelay: 453; [Socket]: Max RunDelay: 16
---[App]: Min PerSecRun: 61; Max RunDelay 0
-----------------------------------------------------
2019-09-05 01:01:41 GS-1 09-05 01:01:41 User = 21 / 21
2019-09-05 01:02:03 GS-1 -----------------------------------------------------
---[Monster]: Max RunDelay: 313; Max RunCount 4290
---[Human]: Max RunDelay: 94; [Socket]: Max RunDelay: 16
---[App]: Min PerSecRun: 68; Max RunDelay 16
-----------------------------------------------------
2019-09-05 01:07:04 GS-1 -----------------------------------------------------
---[Monster]: Max RunDelay: 312; Max RunCount 4400
---[Human]: Max RunDelay: 62; [Socket]: Max RunDelay: 15
---[App]: Min PerSecRun: 70; Max RunDelay 15
-----------------------------------------------------
2019-09-05 01:08:45 GS-1 --ReInitializet-- 因为点击NPC失败，重新刷新NPC...
2019-09-05 01:11:41 GS-1 09-05 01:11:41 User = 20 / 20
2019-09-05 01:12:05 GS-1 -----------------------------------------------------
---[Monster]: Max RunDelay: 422; Max RunCount 4545
---[Human]: Max RunDelay: 62; [Socket]: Max RunDelay: 16
---[App]: Min PerSecRun: 61; Max RunDelay 0
-----------------------------------------------------
2019-09-05 01:12:56 GS-1 [Error]: GameGate ServerSocketError, ErrorCode=10061
2019-09-05 01:14:46 GS-1 [脚本(散财猪.pas)缺函数]: AfterScatterItems
2019-09-05 01:17:06 GS-1 -----------------------------------------------------
---[Monster]: Max RunDelay: 297; Max RunCount 4096
---[Human]: Max RunDelay: 47; [Socket]: Max RunDelay: 47
---[App]: Min PerSecRun: 71; Max RunDelay 0
-----------------------------------------------------
2019-09-05 01:21:41 GS-1 09-05 01:21:41 User = 17 / 17
2019-09-05 01:22:07 GS-1 -----------------------------------------------------
---[Monster]: Max RunDelay: 297; Max RunCount 3660
---[Human]: Max RunDelay: 62; [Socket]: Max RunDelay: 16
---[App]: Min PerSecRun: 71; Max RunDelay 0
-----------------------------------------------------
2019-09-05 01:25:55 GS-1   玩家： 养馨荣，邮件Idx:  998，功加载了 1附件。
2019-09-05 01:26:30 GS-1   玩家： 嫣然，邮件Idx:  997，功加载了 1附件。
2019-09-05 01:27:08 GS-1 -----------------------------------------------------
---[Monster]: Max RunDelay: 344; Max RunCount 4122
---[Human]: Max RunDelay: 78; [Socket]: Max RunDelay: 16
---[App]: Min PerSecRun: 68; Max RunDelay 0
-----------------------------------------------------
2019-09-05 01:31:40 GS-1   玩家： 易妙思，邮件Idx:  999，功加载了 1附件。
2019-09-05 01:31:40 GS-1   玩家： 易妙思，邮件Idx:  1000，功加载了 1附件。
2019-09-05 01:31:40 GS-1   玩家： 易妙思，邮件Idx:  1001，功加载了 1附件。
2019-09-05 01:31:40 GS-1   玩家： 易妙思，邮件Idx:  1002，功加载了 1附件。
2019-09-05 01:31:42 GS-1 09-05 01:31:42 User = 18 / 18
2019-09-05 01:32:09 GS-1 -----------------------------------------------------
---[Monster]: Max RunDelay: 422; Max RunCount 4495
---[Human]: Max RunDelay: 79; [Socket]: Max RunDelay: 62
---[App]: Min PerSecRun: 65; Max RunDelay 0
-----------------------------------------------------
2019-09-05 01:37:10 GS-1 -----------------------------------------------------
---[Monster]: Max RunDelay: 297; Max RunCount 4497
---[Human]: Max RunDelay: 47; [Socket]: Max RunDelay: 16
---[App]: Min PerSecRun: 70; Max RunDelay 15
-----------------------------------------------------
2019-09-05 01:37:18 GS-1   玩家： 昌成荫，邮件Idx:  1003，功加载了 1附件。
2019-09-05 01:41:41 GS-1 09-05 01:41:41 User = 17 / 17
2019-09-05 01:42:11 GS-1 -----------------------------------------------------
---[Monster]: Max RunDelay: 312; Max RunCount 4135
---[Human]: Max RunDelay: 93; [Socket]: Max RunDelay: 16
---[App]: Min PerSecRun: 70; Max RunDelay 0
-----------------------------------------------------
2019-09-05 01:42:24 GS-1   玩家： 印玉龙，邮件Idx:  995，功加载了 1附件。
2019-09-05 01:42:24 GS-1   玩家： 印玉龙，邮件Idx:  996，功加载了 1附件。
2019-09-05 01:47:12 GS-1 -----------------------------------------------------
---[Monster]: Max RunDelay: 328; Max RunCount 4160
---[Human]: Max RunDelay: 79; [Socket]: Max RunDelay: 16
---[App]: Min PerSecRun: 65; Max RunDelay 0
-----------------------------------------------------
2019-09-05 01:50:12 GS-1   玩家： 颜箫吟，邮件Idx:  1006，功加载了 1附件。
2019-09-05 01:51:37 GS-1 载入商城热销商品列表，共35个。
2019-09-05 01:51:37 GS-1 ==> 加载商城热销榜:5
2019-09-05 01:51:41 GS-1 09-05 01:51:41 User = 17 / 17
2019-09-05 01:52:13 GS-1 -----------------------------------------------------
---[Monster]: Max RunDelay: 375; Max RunCount 4325
---[Human]: Max RunDelay: 47; [Socket]: Max RunDelay: 16
---[App]: Min PerSecRun: 50; Max RunDelay 16
-----------------------------------------------------
2019-09-05 01:57:14 GS-1 -----------------------------------------------------
---[Monster]: Max RunDelay: 343; Max RunCount 4248
---[Human]: Max RunDelay: 78; [Socket]: Max RunDelay: 15
---[App]: Min PerSecRun: 68; Max RunDelay 0
-----------------------------------------------------
2019-09-05 02:01:42 GS-1 09-05 02:01:42 User = 16 / 16
2019-09-05 02:02:15 GS-1 -----------------------------------------------------
---[Monster]: Max RunDelay: 328; Max RunCount 4245
---[Human]: Max RunDelay: 78; [Socket]: Max RunDelay: 15
---[App]: Min PerSecRun: 70; Max RunDelay 0
-----------------------------------------------------
2019-09-05 02:07:16 GS-1 -----------------------------------------------------
---[Monster]: Max RunDelay: 391; Max RunCount 4510
---[Human]: Max RunDelay: 78; [Socket]: Max RunDelay: 16
---[App]: Min PerSecRun: 59; Max RunDelay 0
-----------------------------------------------------
2019-09-05 02:11:42 GS-1 09-05 02:11:42 User = 17 / 17
2019-09-05 02:12:16 GS-1 -----------------------------------------------------
---[Monster]: Max RunDelay: 422; Max RunCount 4608
---[Human]: Max RunDelay: 63; [Socket]: Max RunDelay: 16
---[App]: Min PerSecRun: 58; Max RunDelay 15
-----------------------------------------------------
2019-09-05 02:17:17 GS-1 -----------------------------------------------------
---[Monster]: Max RunDelay: 313; Max RunCount 4216
---[Human]: Max RunDelay: 47; [Socket]: Max RunDelay: 16
---[App]: Min PerSecRun: 70; Max RunDelay 0
-----------------------------------------------------
2019-09-05 02:21:42 GS-1 09-05 02:21:42 User = 17 / 17
2019-09-05 02:22:18 GS-1 -----------------------------------------------------
---[Monster]: Max RunDelay: 282; Max RunCount 3814
---[Human]: Max RunDelay: 78; [Socket]: Max RunDelay: 16
---[App]: Min PerSecRun: 70; Max RunDelay 0
-----------------------------------------------------
2019-09-05 02:27:19 GS-1 -----------------------------------------------------
---[Monster]: Max RunDelay: 328; Max RunCount 3840
---[Human]: Max RunDelay: 63; [Socket]: Max RunDelay: 16
---[App]: Min PerSecRun: 65; Max RunDelay 16
-----------------------------------------------------
2019-09-05 02:27:53 GS-1 --ReInitializet-- 因为点击NPC失败，重新刷新NPC...
2019-09-05 02:31:42 GS-1 09-05 02:31:42 User = 17 / 17
2019-09-05 02:32:20 GS-1 -----------------------------------------------------
---[Monster]: Max RunDelay: 313; Max RunCount 4400
---[Human]: Max RunDelay: 62; [Socket]: Max RunDelay: 16
---[App]: Min PerSecRun: 68; Max RunDelay 16
-----------------------------------------------------
2019-09-05 02:37:21 GS-1 -----------------------------------------------------
---[Monster]: Max RunDelay: 313; Max RunCount 4038
---[Human]: Max RunDelay: 47; [Socket]: Max RunDelay: 16
---[App]: Min PerSecRun: 68; Max RunDelay 0
-----------------------------------------------------
2019-09-05 02:41:42 GS-1 09-05 02:41:42 User = 17 / 17
2019-09-05 02:42:22 GS-1 -----------------------------------------------------
---[Monster]: Max RunDelay: 313; Max RunCount 4228
---[Human]: Max RunDelay: 94; [Socket]: Max RunDelay: 15
---[App]: Min PerSecRun: 68; Max RunDelay 15
-----------------------------------------------------
2019-09-05 02:47:23 GS-1 -----------------------------------------------------
---[Monster]: Max RunDelay: 313; Max RunCount 4158
---[Human]: Max RunDelay: 62; [Socket]: Max RunDelay: 15
---[App]: Min PerSecRun: 70; Max RunDelay 15
-----------------------------------------------------
2019-09-05 02:51:37 GS-1 载入商城热销商品列表，共35个。
2019-09-05 02:51:37 GS-1 ==> 加载商城热销榜:5
2019-09-05 02:51:42 GS-1 09-05 02:51:42 User = 17 / 17
2019-09-05 02:52:24 GS-1 -----------------------------------------------------
---[Monster]: Max RunDelay: 297; Max RunCount 4013
---[Human]: Max RunDelay: 62; [Socket]: Max RunDelay: 16
---[App]: Min PerSecRun: 71; Max RunDelay 0
-----------------------------------------------------
2019-09-05 02:54:59 GS-1 [脚本(修炼圣地-3.pas)缺函数]: ForgeDiaYB
2019-09-05 02:54:59 GS-1 --ReInitializet-- 因为点击NPC失败，重新刷新NPC...
2019-09-05 02:57:25 GS-1 -----------------------------------------------------
---[Monster]: Max RunDelay: 297; Max RunCount 3770
---[Human]: Max RunDelay: 47; [Socket]: Max RunDelay: 16
---[App]: Min PerSecRun: 71; Max RunDelay 0
-----------------------------------------------------
2019-09-05 03:01:42 GS-1 09-05 03:01:42 User = 17 / 17
2019-09-05 03:02:26 GS-1 -----------------------------------------------------
---[Monster]: Max RunDelay: 282; Max RunCount 3824
---[Human]: Max RunDelay: 78; [Socket]: Max RunDelay: 16
---[App]: Min PerSecRun: 72; Max RunDelay 15
-----------------------------------------------------
2019-09-05 03:03:00 GS-1 
 *** *** 删除 加入战队、加入行会、行会联盟 的过期请求 : 2条 *** ***

2019-09-05 03:07:27 GS-1 -----------------------------------------------------
---[Monster]: Max RunDelay: 297; Max RunCount 4084
---[Human]: Max RunDelay: 62; [Socket]: Max RunDelay: 16
---[App]: Min PerSecRun: 71; Max RunDelay 0
-----------------------------------------------------
2019-09-05 03:11:42 GS-1 09-05 03:11:42 User = 17 / 17
2019-09-05 03:12:28 GS-1 -----------------------------------------------------
---[Monster]: Max RunDelay: 344; Max RunCount 4564
---[Human]: Max RunDelay: 47; [Socket]: Max RunDelay: 16
---[App]: Min PerSecRun: 61; Max RunDelay 0
-----------------------------------------------------
2019-09-05 03:17:29 GS-1 -----------------------------------------------------
---[Monster]: Max RunDelay: 297; Max RunCount 4322
---[Human]: Max RunDelay: 62; [Socket]: Max RunDelay: 16
---[App]: Min PerSecRun: 71; Max RunDelay 0
-----------------------------------------------------
2019-09-05 03:21:42 GS-1 09-05 03:21:42 User = 18 / 18
2019-09-05 03:22:30 GS-1 -----------------------------------------------------
---[Monster]: Max RunDelay: 297; Max RunCount 4271
---[Human]: Max RunDelay: 63; [Socket]: Max RunDelay: 16
---[App]: Min PerSecRun: 71; Max RunDelay 0
-----------------------------------------------------
2019-09-05 03:27:31 GS-1 -----------------------------------------------------
---[Monster]: Max RunDelay: 328; Max RunCount 3964
---[Human]: Max RunDelay: 47; [Socket]: Max RunDelay: 16
---[App]: Min PerSecRun: 70; Max RunDelay 0
-----------------------------------------------------
2019-09-05 03:31:42 GS-1 09-05 03:31:42 User = 18 / 18
2019-09-05 03:32:32 GS-1 -----------------------------------------------------
---[Monster]: Max RunDelay: 406; Max RunCount 4691
---[Human]: Max RunDelay: 47; [Socket]: Max RunDelay: 16
---[App]: Min PerSecRun: 52; Max RunDelay 0
-----------------------------------------------------
2019-09-05 03:37:33 GS-1 -----------------------------------------------------
---[Monster]: Max RunDelay: 312; Max RunCount 4386
---[Human]: Max RunDelay: 47; [Socket]: Max RunDelay: 16
---[App]: Min PerSecRun: 70; Max RunDelay 0
-----------------------------------------------------
2019-09-05 03:41:42 GS-1 09-05 03:41:42 User = 17 / 17
2019-09-05 03:42:34 GS-1 -----------------------------------------------------
---[Monster]: Max RunDelay: 329; Max RunCount 4226
---[Human]: Max RunDelay: 78; [Socket]: Max RunDelay: 16
---[App]: Min PerSecRun: 69; Max RunDelay 0
-----------------------------------------------------
2019-09-05 03:47:35 GS-1 -----------------------------------------------------
---[Monster]: Max RunDelay: 313; Max RunCount 3727
---[Human]: Max RunDelay: 62; [Socket]: Max RunDelay: 16
---[App]: Min PerSecRun: 70; Max RunDelay 0
-----------------------------------------------------
2019-09-05 03:51:37 GS-1 载入商城热销商品列表，共35个。
2019-09-05 03:51:37 GS-1 ==> 加载商城热销榜:5
2019-09-05 03:51:42 GS-1 09-05 03:51:42 User = 17 / 17
2019-09-05 03:52:36 GS-1 -----------------------------------------------------
---[Monster]: Max RunDelay: 313; Max RunCount 3897
---[Human]: Max RunDelay: 62; [Socket]: Max RunDelay: 16
---[App]: Min PerSecRun: 71; Max RunDelay 0
-----------------------------------------------------
2019-09-05 03:54:04 GS-1 [脚本(散财猪.pas)缺函数]: AfterScatterItems
2019-09-05 03:57:37 GS-1 -----------------------------------------------------
---[Monster]: Max RunDelay: 297; Max RunCount 4120
---[Human]: Max RunDelay: 63; [Socket]: Max RunDelay: 16
---[App]: Min PerSecRun: 71; Max RunDelay 0
-----------------------------------------------------
2019-09-05 04:01:42 GS-1 09-05 04:01:42 User = 17 / 17
2019-09-05 04:02:38 GS-1 -----------------------------------------------------
---[Monster]: Max RunDelay: 313; Max RunCount 4049
---[Human]: Max RunDelay: 47; [Socket]: Max RunDelay: 16
---[App]: Min PerSecRun: 70; Max RunDelay 0
-----------------------------------------------------
2019-09-05 04:07:39 GS-1 -----------------------------------------------------
---[Monster]: Max RunDelay: 688; Max RunCount 4651
---[Human]: Max RunDelay: 63; [Socket]: Max RunDelay: 15
---[App]: Min PerSecRun: 41; Max RunDelay 16
-----------------------------------------------------
2019-09-05 04:11:42 GS-1 09-05 04:11:42 User = 17 / 17
2019-09-05 04:12:40 GS-1 -----------------------------------------------------
---[Monster]: Max RunDelay: 547; Max RunCount 4699
---[Human]: Max RunDelay: 47; [Socket]: Max RunDelay: 15
---[App]: Min PerSecRun: 54; Max RunDelay 16
-----------------------------------------------------
2019-09-05 04:17:42 GS-1 -----------------------------------------------------
---[Monster]: Max RunDelay: 563; Max RunCount 4771
---[Human]: Max RunDelay: 47; [Socket]: Max RunDelay: 16
---[App]: Min PerSecRun: 52; Max RunDelay 16
-----------------------------------------------------
2019-09-05 04:21:43 GS-1 09-05 04:21:43 User = 7 / 7
2019-09-05 04:22:43 GS-1 -----------------------------------------------------
---[Monster]: Max RunDelay: 297; Max RunCount 4018
---[Human]: Max RunDelay: 47; [Socket]: Max RunDelay: 16
---[App]: Min PerSecRun: 71; Max RunDelay 0
-----------------------------------------------------
2019-09-05 04:27:44 GS-1 -----------------------------------------------------
---[Monster]: Max RunDelay: 313; Max RunCount 3924
---[Human]: Max RunDelay: 32; [Socket]: Max RunDelay: 16
---[App]: Min PerSecRun: 70; Max RunDelay 0
-----------------------------------------------------
2019-09-05 04:31:43 GS-1 09-05 04:31:43 User = 7 / 7
2019-09-05 04:32:45 GS-1 -----------------------------------------------------
---[Monster]: Max RunDelay: 297; Max RunCount 3854
---[Human]: Max RunDelay: 31; [Socket]: Max RunDelay: 16
---[App]: Min PerSecRun: 70; Max RunDelay 0
-----------------------------------------------------
2019-09-05 04:37:46 GS-1 -----------------------------------------------------
---[Monster]: Max RunDelay: 438; Max RunCount 4756
---[Human]: Max RunDelay: 63; [Socket]: Max RunDelay: 16
---[App]: Min PerSecRun: 71; Max RunDelay 0
-----------------------------------------------------
2019-09-05 04:41:43 GS-1 09-05 04:41:43 User = 7 / 7
2019-09-05 04:42:47 GS-1 -----------------------------------------------------
---[Monster]: Max RunDelay: 312; Max RunCount 4697
---[Human]: Max RunDelay: 47; [Socket]: Max RunDelay: 16
---[App]: Min PerSecRun: 69; Max RunDelay 0
-----------------------------------------------------
2019-09-05 04:47:48 GS-1 -----------------------------------------------------
---[Monster]: Max RunDelay: 313; Max RunCount 4166
---[Human]: Max RunDelay: 63; [Socket]: Max RunDelay: 16
---[App]: Min PerSecRun: 70; Max RunDelay 0
-----------------------------------------------------
2019-09-05 04:51:38 GS-1 载入商城热销商品列表，共35个。
2019-09-05 04:51:38 GS-1 ==> 加载商城热销榜:5
2019-09-05 04:51:43 GS-1 09-05 04:51:43 User = 8 / 8
2019-09-05 04:52:49 GS-1 -----------------------------------------------------
---[Monster]: Max RunDelay: 297; Max RunCount 4084
---[Human]: Max RunDelay: 78; [Socket]: Max RunDelay: 16
---[App]: Min PerSecRun: 71; Max RunDelay 0
-----------------------------------------------------
2019-09-05 04:57:50 GS-1 -----------------------------------------------------
---[Monster]: Max RunDelay: 297; Max RunCount 4205
---[Human]: Max RunDelay: 62; [Socket]: Max RunDelay: 16
---[App]: Min PerSecRun: 70; Max RunDelay 0
-----------------------------------------------------
2019-09-05 05:01:43 GS-1 09-05 05:01:43 User = 8 / 8
2019-09-05 05:02:51 GS-1 -----------------------------------------------------
---[Monster]: Max RunDelay: 313; Max RunCount 4205
---[Human]: Max RunDelay: 47; [Socket]: Max RunDelay: 16
---[App]: Min PerSecRun: 70; Max RunDelay 0
-----------------------------------------------------
2019-09-05 05:07:52 GS-1 -----------------------------------------------------
---[Monster]: Max RunDelay: 297; Max RunCount 3923
---[Human]: Max RunDelay: 47; [Socket]: Max RunDelay: 16
---[App]: Min PerSecRun: 71; Max RunDelay 0
-----------------------------------------------------
2019-09-05 05:11:43 GS-1 09-05 05:11:43 User = 9 / 9
2019-09-05 05:12:53 GS-1 -----------------------------------------------------
---[Monster]: Max RunDelay: 391; Max RunCount 4553
---[Human]: Max RunDelay: 234; [Socket]: Max RunDelay: 15
---[App]: Min PerSecRun: 61; Max RunDelay 0
-----------------------------------------------------
2019-09-05 05:17:54 GS-1 -----------------------------------------------------
---[Monster]: Max RunDelay: 297; Max RunCount 4504
---[Human]: Max RunDelay: 32; [Socket]: Max RunDelay: 15
---[App]: Min PerSecRun: 71; Max RunDelay 0
-----------------------------------------------------
2019-09-05 05:21:43 GS-1 09-05 05:21:43 User = 9 / 9
2019-09-05 05:22:55 GS-1 -----------------------------------------------------
---[Monster]: Max RunDelay: 312; Max RunCount 4486
---[Human]: Max RunDelay: 78; [Socket]: Max RunDelay: 15
---[App]: Min PerSecRun: 70; Max RunDelay 0
-----------------------------------------------------
2019-09-05 05:27:56 GS-1 -----------------------------------------------------
---[Monster]: Max RunDelay: 312; Max RunCount 3977
---[Human]: Max RunDelay: 62; [Socket]: Max RunDelay: 15
---[App]: Min PerSecRun: 70; Max RunDelay 0
-----------------------------------------------------
2019-09-05 05:31:43 GS-1 09-05 05:31:43 User = 9 / 9
2019-09-05 05:32:57 GS-1 -----------------------------------------------------
---[Monster]: Max RunDelay: 313; Max RunCount 4186
---[Human]: Max RunDelay: 47; [Socket]: Max RunDelay: 15
---[App]: Min PerSecRun: 70; Max RunDelay 0
-----------------------------------------------------
2019-09-05 05:37:58 GS-1 -----------------------------------------------------
---[Monster]: Max RunDelay: 313; Max RunCount 4437
---[Human]: Max RunDelay: 31; [Socket]: Max RunDelay: 15
---[App]: Min PerSecRun: 71; Max RunDelay 0
-----------------------------------------------------
2019-09-05 05:41:43 GS-1 09-05 05:41:43 User = 8 / 8
2019-09-05 05:42:59 GS-1 -----------------------------------------------------
---[Monster]: Max RunDelay: 328; Max RunCount 4417
---[Human]: Max RunDelay: 47; [Socket]: Max RunDelay: 15
---[App]: Min PerSecRun: 70; Max RunDelay 15
-----------------------------------------------------
2019-09-05 05:48:00 GS-1 -----------------------------------------------------
---[Monster]: Max RunDelay: 547; Max RunCount 4692
---[Human]: Max RunDelay: 62; [Socket]: Max RunDelay: 16
---[App]: Min PerSecRun: 53; Max RunDelay 0
-----------------------------------------------------
2019-09-05 05:51:38 GS-1 载入商城热销商品列表，共35个。
2019-09-05 05:51:38 GS-1 ==> 加载商城热销榜:5
2019-09-05 05:51:43 GS-1 09-05 05:51:43 User = 8 / 8
2019-09-05 05:53:01 GS-1 -----------------------------------------------------
---[Monster]: Max RunDelay: 313; Max RunCount 4174
---[Human]: Max RunDelay: 63; [Socket]: Max RunDelay: 16
---[App]: Min PerSecRun: 70; Max RunDelay 0
-----------------------------------------------------
2019-09-05 05:58:02 GS-1 -----------------------------------------------------
---[Monster]: Max RunDelay: 359; Max RunCount 4672
---[Human]: Max RunDelay: 47; [Socket]: Max RunDelay: 16
---[App]: Min PerSecRun: 53; Max RunDelay 0
-----------------------------------------------------
2019-09-05 06:00:00 GS-1 载入商城物品列表，共5个类别，41种商品
2019-09-05 06:00:00 GS-1 ==> 加载商城物品 装饰类：11/11
2019-09-05 06:00:00 GS-1 ==> 加载商城物品 补给类：5/5
2019-09-05 06:00:00 GS-1 ==> 加载商城物品 强化类：15/15
2019-09-05 06:00:00 GS-1 ==> 加载商城物品 限量类：8/8
2019-09-05 06:00:00 GS-1 ==> 加载商城物品 好友类：2/2
2019-09-05 06:00:00 GS-1 ==> 加载商城物品 类：0/0
2019-09-05 06:00:00 GS-1 ==> 加载商城物品 类：0/0
2019-09-05 06:00:00 GS-1 ==> 加载商城物品 类：0/0
2019-09-05 06:01:43 GS-1 09-05 06:01:43 User = 8 / 8
2019-09-05 06:03:03 GS-1 -----------------------------------------------------
---[Monster]: Max RunDelay: 344; Max RunCount 4517
---[Human]: Max RunDelay: 47; [Socket]: Max RunDelay: 15
---[App]: Min PerSecRun: 63; Max RunDelay 0
-----------------------------------------------------
2019-09-05 06:08:04 GS-1 -----------------------------------------------------
---[Monster]: Max RunDelay: 312; Max RunCount 3797
---[Human]: Max RunDelay: 78; [Socket]: Max RunDelay: 16
---[App]: Min PerSecRun: 71; Max RunDelay 0
-----------------------------------------------------
2019-09-05 06:11:43 GS-1 09-05 06:11:43 User = 8 / 8
2019-09-05 06:13:04 GS-1 -----------------------------------------------------
---[Monster]: Max RunDelay: 546; Max RunCount 4584
---[Human]: Max RunDelay: 94; [Socket]: Max RunDelay: 16
---[App]: Min PerSecRun: 53; Max RunDelay 0
-----------------------------------------------------
2019-09-05 06:18:05 GS-1 -----------------------------------------------------
---[Monster]: Max RunDelay: 640; Max RunCount 4604
---[Human]: Max RunDelay: 63; [Socket]: Max RunDelay: 16
---[App]: Min PerSecRun: 44; Max RunDelay 0
-----------------------------------------------------
2019-09-05 06:21:43 GS-1 09-05 06:21:43 User = 8 / 8
2019-09-05 06:23:06 GS-1 -----------------------------------------------------
---[Monster]: Max RunDelay: 391; Max RunCount 4489
---[Human]: Max RunDelay: 63; [Socket]: Max RunDelay: 15
---[App]: Min PerSecRun: 61; Max RunDelay 16
-----------------------------------------------------
2019-09-05 06:28:06 GS-1 -----------------------------------------------------
---[Monster]: Max RunDelay: 594; Max RunCount 4618
---[Human]: Max RunDelay: 62; [Socket]: Max RunDelay: 16
---[App]: Min PerSecRun: 42; Max RunDelay 0
-----------------------------------------------------
2019-09-05 06:31:43 GS-1 09-05 06:31:43 User = 9 / 9
2019-09-05 06:33:07 GS-1 -----------------------------------------------------
---[Monster]: Max RunDelay: 312; Max RunCount 4600
---[Human]: Max RunDelay: 47; [Socket]: Max RunDelay: 16
---[App]: Min PerSecRun: 64; Max RunDelay 0
-----------------------------------------------------
2019-09-05 06:37:10 GS-1   玩家： 聆听心雨，邮件Idx:  1007，功加载了 5附件。
2019-09-05 06:38:08 GS-1 -----------------------------------------------------
---[Monster]: Max RunDelay: 313; Max RunCount 4424
---[Human]: Max RunDelay: 63; [Socket]: Max RunDelay: 16
---[App]: Min PerSecRun: 70; Max RunDelay 0
-----------------------------------------------------
2019-09-05 06:41:43 GS-1 09-05 06:41:43 User = 10 / 10
2019-09-05 06:43:09 GS-1 -----------------------------------------------------
---[Monster]: Max RunDelay: 313; Max RunCount 4080
---[Human]: Max RunDelay: 47; [Socket]: Max RunDelay: 16
---[App]: Min PerSecRun: 69; Max RunDelay 0
-----------------------------------------------------
2019-09-05 06:48:10 GS-1 -----------------------------------------------------
---[Monster]: Max RunDelay: 328; Max RunCount 3852
---[Human]: Max RunDelay: 47; [Socket]: Max RunDelay: 16
---[App]: Min PerSecRun: 68; Max RunDelay 0
-----------------------------------------------------
2019-09-05 06:51:38 GS-1 载入商城热销商品列表，共35个。
2019-09-05 06:51:38 GS-1 ==> 加载商城热销榜:5
2019-09-05 06:51:43 GS-1 09-05 06:51:43 User = 8 / 8
2019-09-05 06:53:11 GS-1 -----------------------------------------------------
---[Monster]: Max RunDelay: 313; Max RunCount 4182
---[Human]: Max RunDelay: 78; [Socket]: Max RunDelay: 16
---[App]: Min PerSecRun: 68; Max RunDelay 0
-----------------------------------------------------
2019-09-05 06:53:32 GS-1 [脚本(散财猪.pas)缺函数]: AfterScatterItems
2019-09-05 06:58:12 GS-1 -----------------------------------------------------
---[Monster]: Max RunDelay: 313; Max RunCount 4361
---[Human]: Max RunDelay: 78; [Socket]: Max RunDelay: 15
---[App]: Min PerSecRun: 70; Max RunDelay 0
-----------------------------------------------------
2019-09-05 07:00:02 GS-1 更新排行榜，共计：45 页
2019-09-05 07:01:43 GS-1 09-05 07:01:43 User = 9 / 9
2019-09-05 07:03:13 GS-1 -----------------------------------------------------
---[Monster]: Max RunDelay: 313; Max RunCount 4523
---[Human]: Max RunDelay: 32; [Socket]: Max RunDelay: 16
---[App]: Min PerSecRun: 70; Max RunDelay 0
-----------------------------------------------------
2019-09-05 07:08:14 GS-1 -----------------------------------------------------
---[Monster]: Max RunDelay: 313; Max RunCount 4210
---[Human]: Max RunDelay: 47; [Socket]: Max RunDelay: 16
---[App]: Min PerSecRun: 70; Max RunDelay 0
-----------------------------------------------------
2019-09-05 07:11:43 GS-1 09-05 07:11:43 User = 20 / 20
2019-09-05 07:13:15 GS-1 -----------------------------------------------------
---[Monster]: Max RunDelay: 578; Max RunCount 4655
---[Human]: Max RunDelay: 47; [Socket]: Max RunDelay: 15
---[App]: Min PerSecRun: 50; Max RunDelay 0
-----------------------------------------------------
2019-09-05 07:18:16 GS-1 -----------------------------------------------------
---[Monster]: Max RunDelay: 313; Max RunCount 4656
---[Human]: Max RunDelay: 78; [Socket]: Max RunDelay: 15
---[App]: Min PerSecRun: 71; Max RunDelay 0
-----------------------------------------------------
2019-09-05 07:21:43 GS-1 09-05 07:21:43 User = 20 / 20
2019-09-05 07:23:17 GS-1 -----------------------------------------------------
---[Monster]: Max RunDelay: 313; Max RunCount 4252
---[Human]: Max RunDelay: 47; [Socket]: Max RunDelay: 16
---[App]: Min PerSecRun: 70; Max RunDelay 0
-----------------------------------------------------
2019-09-05 07:28:19 GS-1 -----------------------------------------------------
---[Monster]: Max RunDelay: 438; Max RunCount 4727
---[Human]: Max RunDelay: 344; [Socket]: Max RunDelay: 16
---[App]: Min PerSecRun: 62; Max RunDelay 0
-----------------------------------------------------
2019-09-05 07:31:45 GS-1 09-05 07:31:45 User = 19 / 19
2019-09-05 07:33:20 GS-1 -----------------------------------------------------
---[Monster]: Max RunDelay: 703; Max RunCount 4437
---[Human]: Max RunDelay: 78; [Socket]: Max RunDelay: 16
---[App]: Min PerSecRun: 40; Max RunDelay 0
-----------------------------------------------------
2019-09-05 07:38:21 GS-1 -----------------------------------------------------
---[Monster]: Max RunDelay: 328; Max RunCount 3865
---[Human]: Max RunDelay: 63; [Socket]: Max RunDelay: 15
---[App]: Min PerSecRun: 70; Max RunDelay 0
-----------------------------------------------------
2019-09-05 07:41:44 GS-1 09-05 07:41:44 User = 20 / 20
2019-09-05 07:43:22 GS-1 -----------------------------------------------------
---[Monster]: Max RunDelay: 610; Max RunCount 4654
---[Human]: Max RunDelay: 500; [Socket]: Max RunDelay: 16
---[App]: Min PerSecRun: 58; Max RunDelay 0
-----------------------------------------------------
2019-09-05 07:48:23 GS-1 -----------------------------------------------------
---[Monster]: Max RunDelay: 297; Max RunCount 4622
---[Human]: Max RunDelay: 47; [Socket]: Max RunDelay: 16
---[App]: Min PerSecRun: 71; Max RunDelay 0
-----------------------------------------------------
2019-09-05 07:51:39 GS-1 载入商城热销商品列表，共35个。
2019-09-05 07:51:39 GS-1 ==> 加载商城热销榜:5
2019-09-05 07:51:45 GS-1 09-05 07:51:45 User = 24 / 24
2019-09-05 07:53:24 GS-1 -----------------------------------------------------
---[Monster]: Max RunDelay: 343; Max RunCount 4241
---[Human]: Max RunDelay: 63; [Socket]: Max RunDelay: 16
---[App]: Min PerSecRun: 68; Max RunDelay 0
-----------------------------------------------------
2019-09-05 07:58:25 GS-1 -----------------------------------------------------
---[Monster]: Max RunDelay: 297; Max RunCount 4205
---[Human]: Max RunDelay: 47; [Socket]: Max RunDelay: 16
---[App]: Min PerSecRun: 71; Max RunDelay 0
-----------------------------------------------------
2019-09-05 08:01:44 GS-1 09-05 08:01:44 User = 23 / 23
2019-09-05 08:03:25 GS-1   玩家： 聆听心雨，邮件Idx:  898，功加载了 1附件。
2019-09-05 08:03:25 GS-1   玩家： 聆听心雨，邮件Idx:  920，功加载了 1附件。
2019-09-05 08:03:26 GS-1 -----------------------------------------------------
---[Monster]: Max RunDelay: 547; Max RunCount 4801
---[Human]: Max RunDelay: 109; [Socket]: Max RunDelay: 16
---[App]: Min PerSecRun: 52; Max RunDelay 0
-----------------------------------------------------
2019-09-05 08:08:27 GS-1 -----------------------------------------------------
---[Monster]: Max RunDelay: 313; Max RunCount 4390
---[Human]: Max RunDelay: 62; [Socket]: Max RunDelay: 16
---[App]: Min PerSecRun: 70; Max RunDelay 15
-----------------------------------------------------
2019-09-05 08:11:45 GS-1 09-05 08:11:45 User = 22 / 22
2019-09-05 08:12:52 GS-1 --ReInitializet-- 因为点击NPC失败，重新刷新NPC...
2019-09-05 08:12:53 GS-1 --ReInitializet-- 因为点击NPC失败，重新刷新NPC...
2019-09-05 08:13:28 GS-1 -----------------------------------------------------
---[Monster]: Max RunDelay: 438; Max RunCount 4660
---[Human]: Max RunDelay: 250; [Socket]: Max RunDelay: 16
---[App]: Min PerSecRun: 61; Max RunDelay 0
-----------------------------------------------------
2019-09-05 08:13:32 GS-1 [脚本(货币互换-3.pas)缺函数]: YB_NewComeBag
2019-09-05 08:13:32 GS-1 --ReInitializet-- 因为点击NPC失败，重新刷新NPC...
2019-09-05 08:18:29 GS-1 -----------------------------------------------------
---[Monster]: Max RunDelay: 313; Max RunCount 4121
---[Human]: Max RunDelay: 47; [Socket]: Max RunDelay: 16
---[App]: Min PerSecRun: 70; Max RunDelay 0
-----------------------------------------------------
2019-09-05 08:21:45 GS-1 09-05 08:21:45 User = 23 / 23
2019-09-05 08:23:30 GS-1 -----------------------------------------------------
---[Monster]: Max RunDelay: 328; Max RunCount 4006
---[Human]: Max RunDelay: 47; [Socket]: Max RunDelay: 16
---[App]: Min PerSecRun: 69; Max RunDelay 0
-----------------------------------------------------
2019-09-05 08:23:42 GS-1 [Error]: GameGate ServerSocketError, ErrorCode=10061
2019-09-05 08:28:31 GS-1 -----------------------------------------------------
---[Monster]: Max RunDelay: 328; Max RunCount 3927
---[Human]: Max RunDelay: 47; [Socket]: Max RunDelay: 16
---[App]: Min PerSecRun: 68; Max RunDelay 0
-----------------------------------------------------
2019-09-05 08:31:45 GS-1 09-05 08:31:45 User = 20 / 20
2019-09-05 08:33:32 GS-1 -----------------------------------------------------
---[Monster]: Max RunDelay: 313; Max RunCount 3798
---[Human]: Max RunDelay: 47; [Socket]: Max RunDelay: 16
---[App]: Min PerSecRun: 70; Max RunDelay 0
-----------------------------------------------------
2019-09-05 08:38:33 GS-1 -----------------------------------------------------
---[Monster]: Max RunDelay: 343; Max RunCount 4307
---[Human]: Max RunDelay: 63; [Socket]: Max RunDelay: 16
---[App]: Min PerSecRun: 68; Max RunDelay 0
-----------------------------------------------------
2019-09-05 08:39:53 GS-1 --ReInitializet-- 因为点击NPC失败，重新刷新NPC...
2019-09-05 08:39:54 GS-1 --ReInitializet-- 因为点击NPC失败，重新刷新NPC...
2019-09-05 08:39:55 GS-1 --ReInitializet-- 因为点击NPC失败，重新刷新NPC...
2019-09-05 08:41:45 GS-1 09-05 08:41:45 User = 20 / 20
2019-09-05 08:43:34 GS-1 -----------------------------------------------------
---[Monster]: Max RunDelay: 328; Max RunCount 4454
---[Human]: Max RunDelay: 47; [Socket]: Max RunDelay: 16
---[App]: Min PerSecRun: 69; Max RunDelay 0
-----------------------------------------------------
2019-09-05 08:45:28 GS-1 [Error]: ==> YBSocketError, ErrorCode=10060
2019-09-05 08:48:35 GS-1 -----------------------------------------------------
---[Monster]: Max RunDelay: 328; Max RunCount 4463
---[Human]: Max RunDelay: 62; [Socket]: Max RunDelay: 47
---[App]: Min PerSecRun: 65; Max RunDelay 0
-----------------------------------------------------
2019-09-05 08:51:39 GS-1 载入商城热销商品列表，共35个。
2019-09-05 08:51:39 GS-1 ==> 加载商城热销榜:5
2019-09-05 08:51:45 GS-1 09-05 08:51:45 User = 20 / 20
2019-09-05 08:53:36 GS-1 -----------------------------------------------------
---[Monster]: Max RunDelay: 375; Max RunCount 4539
---[Human]: Max RunDelay: 109; [Socket]: Max RunDelay: 93
---[App]: Min PerSecRun: 69; Max RunDelay 47
-----------------------------------------------------
2019-09-05 08:57:47 GS-1 [Error]: GameGate ServerSocketError, ErrorCode=10061
2019-09-05 08:57:47 GS-1 [Error]: GameGate ServerSocketError, ErrorCode=10061
2019-09-05 08:58:37 GS-1 -----------------------------------------------------
---[Monster]: Max RunDelay: 984; Max RunCount 4659
---[Human]: Max RunDelay: 94; [Socket]: Max RunDelay: 47
---[App]: Min PerSecRun: 66; Max RunDelay 0
-----------------------------------------------------
2019-09-05 09:01:45 GS-1 09-05 09:01:45 User = 20 / 20
2019-09-05 09:03:09 GS-1 [脚本(修炼圣地-3.pas)缺函数]: ForgeDiaYB
2019-09-05 09:03:09 GS-1 --ReInitializet-- 因为点击NPC失败，重新刷新NPC...
2019-09-05 09:03:37 GS-1 -----------------------------------------------------
---[Monster]: Max RunDelay: 609; Max RunCount 4791
---[Human]: Max RunDelay: 94; [Socket]: Max RunDelay: 47
---[App]: Min PerSecRun: 49; Max RunDelay 16
-----------------------------------------------------
2019-09-05 09:08:39 GS-1 -----------------------------------------------------
---[Monster]: Max RunDelay: 578; Max RunCount 4709
---[Human]: Max RunDelay: 391; [Socket]: Max RunDelay: 46
---[App]: Min PerSecRun: 60; Max RunDelay 16
-----------------------------------------------------
2019-09-05 09:11:45 GS-1 09-05 09:11:45 User = 22 / 22
2019-09-05 09:13:40 GS-1 -----------------------------------------------------
---[Monster]: Max RunDelay: 391; Max RunCount 4195
---[Human]: Max RunDelay: 62; [Socket]: Max RunDelay: 16
---[App]: Min PerSecRun: 58; Max RunDelay 0
-----------------------------------------------------
2019-09-05 09:18:41 GS-1 -----------------------------------------------------
---[Monster]: Max RunDelay: 297; Max RunCount 4200
---[Human]: Max RunDelay: 78; [Socket]: Max RunDelay: 16
---[App]: Min PerSecRun: 69; Max RunDelay 0
-----------------------------------------------------
2019-09-05 09:21:46 GS-1 09-05 09:21:46 User = 21 / 21
2019-09-05 09:23:42 GS-1 -----------------------------------------------------
---[Monster]: Max RunDelay: 328; Max RunCount 4172
---[Human]: Max RunDelay: 47; [Socket]: Max RunDelay: 16
---[App]: Min PerSecRun: 67; Max RunDelay 0
-----------------------------------------------------
2019-09-05 09:28:43 GS-1 -----------------------------------------------------
---[Monster]: Max RunDelay: 422; Max RunCount 4663
---[Human]: Max RunDelay: 78; [Socket]: Max RunDelay: 16
---[App]: Min PerSecRun: 57; Max RunDelay 0
-----------------------------------------------------
2019-09-05 09:31:46 GS-1 09-05 09:31:46 User = 11 / 11
2019-09-05 09:33:44 GS-1 -----------------------------------------------------
---[Monster]: Max RunDelay: 297; Max RunCount 4682
---[Human]: Max RunDelay: 62; [Socket]: Max RunDelay: 16
---[App]: Min PerSecRun: 69; Max RunDelay 16
-----------------------------------------------------
2019-09-05 09:38:45 GS-1 -----------------------------------------------------
---[Monster]: Max RunDelay: 313; Max RunCount 4205
---[Human]: Max RunDelay: 63; [Socket]: Max RunDelay: 16
---[App]: Min PerSecRun: 67; Max RunDelay 0
-----------------------------------------------------
2019-09-05 09:41:46 GS-1 09-05 09:41:46 User = 12 / 12
2019-09-05 09:43:46 GS-1 -----------------------------------------------------
---[Monster]: Max RunDelay: 313; Max RunCount 4198
---[Human]: Max RunDelay: 47; [Socket]: Max RunDelay: 16
---[App]: Min PerSecRun: 68; Max RunDelay 0
-----------------------------------------------------
2019-09-05 09:48:47 GS-1 -----------------------------------------------------
---[Monster]: Max RunDelay: 313; Max RunCount 3822
---[Human]: Max RunDelay: 63; [Socket]: Max RunDelay: 16
---[App]: Min PerSecRun: 69; Max RunDelay 15
-----------------------------------------------------
2019-09-05 09:51:39 GS-1 载入商城热销商品列表，共35个。
2019-09-05 09:51:39 GS-1 ==> 加载商城热销榜:5
2019-09-05 09:51:46 GS-1 09-05 09:51:46 User = 12 / 12
2019-09-05 09:53:48 GS-1 -----------------------------------------------------
---[Monster]: Max RunDelay: 328; Max RunCount 4189
---[Human]: Max RunDelay: 47; [Socket]: Max RunDelay: 16
---[App]: Min PerSecRun: 66; Max RunDelay 0
-----------------------------------------------------
2019-09-05 09:55:19 GS-1 [脚本(散财猪.pas)缺函数]: AfterScatterItems
2019-09-05 09:58:49 GS-1 -----------------------------------------------------
---[Monster]: Max RunDelay: 359; Max RunCount 4050
---[Human]: Max RunDelay: 62; [Socket]: Max RunDelay: 16
---[App]: Min PerSecRun: 66; Max RunDelay 0
-----------------------------------------------------
2019-09-05 10:00:27 GS-1 [Error]: GameGate ServerSocketError, ErrorCode=10061
2019-09-05 10:01:46 GS-1 09-05 10:01:46 User = 12 / 12
2019-09-05 10:03:50 GS-1 -----------------------------------------------------
---[Monster]: Max RunDelay: 313; Max RunCount 4328
---[Human]: Max RunDelay: 47; [Socket]: Max RunDelay: 16
---[App]: Min PerSecRun: 68; Max RunDelay 0
-----------------------------------------------------
2019-09-05 10:08:50 GS-1 -----------------------------------------------------
---[Monster]: Max RunDelay: 343; Max RunCount 4267
---[Human]: Max RunDelay: 62; [Socket]: Max RunDelay: 16
---[App]: Min PerSecRun: 68; Max RunDelay 0
-----------------------------------------------------
2019-09-05 10:11:46 GS-1 09-05 10:11:46 User = 13 / 13
2019-09-05 10:13:51 GS-1 -----------------------------------------------------
---[Monster]: Max RunDelay: 484; Max RunCount 4812
---[Human]: Max RunDelay: 110; [Socket]: Max RunDelay: 47
---[App]: Min PerSecRun: 57; Max RunDelay 0
-----------------------------------------------------
2019-09-05 10:18:52 GS-1 -----------------------------------------------------
---[Monster]: Max RunDelay: 328; Max RunCount 4645
---[Human]: Max RunDelay: 47; [Socket]: Max RunDelay: 16
---[App]: Min PerSecRun: 69; Max RunDelay 0
-----------------------------------------------------
2019-09-05 10:21:46 GS-1 09-05 10:21:46 User = 13 / 13
2019-09-05 10:23:53 GS-1 -----------------------------------------------------
---[Monster]: Max RunDelay: 547; Max RunCount 4741
---[Human]: Max RunDelay: 47; [Socket]: Max RunDelay: 16
---[App]: Min PerSecRun: 51; Max RunDelay 0
-----------------------------------------------------
2019-09-05 10:28:54 GS-1 -----------------------------------------------------
---[Monster]: Max RunDelay: 312; Max RunCount 4421
---[Human]: Max RunDelay: 47; [Socket]: Max RunDelay: 15
---[App]: Min PerSecRun: 70; Max RunDelay 0
-----------------------------------------------------
2019-09-05 10:31:46 GS-1 09-05 10:31:46 User = 12 / 12
2019-09-05 10:33:55 GS-1 -----------------------------------------------------
---[Monster]: Max RunDelay: 312; Max RunCount 4094
---[Human]: Max RunDelay: 63; [Socket]: Max RunDelay: 16
---[App]: Min PerSecRun: 70; Max RunDelay 0
-----------------------------------------------------
2019-09-05 10:38:56 GS-1 -----------------------------------------------------
---[Monster]: Max RunDelay: 328; Max RunCount 3918
---[Human]: Max RunDelay: 62; [Socket]: Max RunDelay: 16
---[App]: Min PerSecRun: 68; Max RunDelay 0
-----------------------------------------------------
2019-09-05 10:41:46 GS-1 09-05 10:41:46 User = 14 / 14
2019-09-05 10:43:57 GS-1 -----------------------------------------------------
---[Monster]: Max RunDelay: 328; Max RunCount 4402
---[Human]: Max RunDelay: 63; [Socket]: Max RunDelay: 16
---[App]: Min PerSecRun: 68; Max RunDelay 0
-----------------------------------------------------
2019-09-05 10:48:58 GS-1 -----------------------------------------------------
---[Monster]: Max RunDelay: 312; Max RunCount 4213
---[Human]: Max RunDelay: 62; [Socket]: Max RunDelay: 16
---[App]: Min PerSecRun: 70; Max RunDelay 15
-----------------------------------------------------
2019-09-05 10:51:39 GS-1 载入商城热销商品列表，共35个。
2019-09-05 10:51:39 GS-1 ==> 加载商城热销榜:5
2019-09-05 10:51:46 GS-1 09-05 10:51:46 User = 13 / 13
2019-09-05 10:53:59 GS-1 -----------------------------------------------------
---[Monster]: Max RunDelay: 375; Max RunCount 4712
---[Human]: Max RunDelay: 375; [Socket]: Max RunDelay: 16
---[App]: Min PerSecRun: 49; Max RunDelay 0
-----------------------------------------------------
2019-09-05 10:59:00 GS-1 -----------------------------------------------------
---[Monster]: Max RunDelay: 313; Max RunCount 4310
---[Human]: Max RunDelay: 63; [Socket]: Max RunDelay: 15
---[App]: Min PerSecRun: 67; Max RunDelay 16
-----------------------------------------------------
2019-09-05 11:01:46 GS-1 09-05 11:01:46 User = 15 / 15
2019-09-05 11:04:01 GS-1 -----------------------------------------------------
---[Monster]: Max RunDelay: 500; Max RunCount 4828
---[Human]: Max RunDelay: 62; [Socket]: Max RunDelay: 15
---[App]: Min PerSecRun: 50; Max RunDelay 0
-----------------------------------------------------
2019-09-05 11:09:02 GS-1 -----------------------------------------------------
---[Monster]: Max RunDelay: 734; Max RunCount 4720
---[Human]: Max RunDelay: 47; [Socket]: Max RunDelay: 15
---[App]: Min PerSecRun: 39; Max RunDelay 15
-----------------------------------------------------
2019-09-05 11:11:46 GS-1 09-05 11:11:46 User = 14 / 14
2019-09-05 11:14:03 GS-1 -----------------------------------------------------
---[Monster]: Max RunDelay: 562; Max RunCount 4757
---[Human]: Max RunDelay: 219; [Socket]: Max RunDelay: 16
---[App]: Min PerSecRun: 51; Max RunDelay 0
-----------------------------------------------------
2019-09-05 11:19:04 GS-1 -----------------------------------------------------
---[Monster]: Max RunDelay: 312; Max RunCount 4693
---[Human]: Max RunDelay: 78; [Socket]: Max RunDelay: 16
---[App]: Min PerSecRun: 70; Max RunDelay 0
-----------------------------------------------------
2019-09-05 11:21:46 GS-1 09-05 11:21:46 User = 14 / 14
2019-09-05 11:24:05 GS-1 -----------------------------------------------------
---[Monster]: Max RunDelay: 328; Max RunCount 4410
---[Human]: Max RunDelay: 47; [Socket]: Max RunDelay: 16
---[App]: Min PerSecRun: 70; Max RunDelay 0
-----------------------------------------------------
2019-09-05 11:24:49 GS-1 --ReInitializet-- 因为点击NPC失败，重新刷新NPC...
2019-09-05 11:24:50 GS-1 --ReInitializet-- 因为点击NPC失败，重新刷新NPC...
2019-09-05 11:24:51 GS-1 --ReInitializet-- 因为点击NPC失败，重新刷新NPC...
2019-09-05 11:24:56 GS-1 --ReInitializet-- 因为点击NPC失败，重新刷新NPC...
2019-09-05 11:24:57 GS-1 --ReInitializet-- 因为点击NPC失败，重新刷新NPC...
2019-09-05 11:29:07 GS-1 -----------------------------------------------------
---[Monster]: Max RunDelay: 313; Max RunCount 4418
---[Human]: Max RunDelay: 78; [Socket]: Max RunDelay: 47
---[App]: Min PerSecRun: 67; Max RunDelay 0
-----------------------------------------------------
2019-09-05 11:30:26 GS-1   玩家： 浪里小白龙，邮件Idx:  1010，功加载了 8附件。
2019-09-05 11:31:47 GS-1 09-05 11:31:47 User = 16 / 16
2019-09-05 11:32:29 GS-1 [Exception]: ProcClientMsg: 浪里小白龙  4535  Access violation at address 4F435341. Write of address 4F435341 待 
2019-09-05 11:34:08 GS-1 -----------------------------------------------------
---[Monster]: Max RunDelay: 531; Max RunCount 4695
---[Human]: Max RunDelay: 360; [Socket]: Max RunDelay: 16
---[App]: Min PerSecRun: 52; Max RunDelay 0
-----------------------------------------------------
2019-09-05 11:39:09 GS-1 -----------------------------------------------------
---[Monster]: Max RunDelay: 328; Max RunCount 4311
---[Human]: Max RunDelay: 62; [Socket]: Max RunDelay: 16
---[App]: Min PerSecRun: 69; Max RunDelay 0
-----------------------------------------------------
2019-09-05 11:41:47 GS-1 09-05 11:41:47 User = 15 / 15
2019-09-05 11:44:10 GS-1 -----------------------------------------------------
---[Monster]: Max RunDelay: 328; Max RunCount 4472
---[Human]: Max RunDelay: 78; [Socket]: Max RunDelay: 46
---[App]: Min PerSecRun: 69; Max RunDelay 15
-----------------------------------------------------
2019-09-05 11:49:11 GS-1 -----------------------------------------------------
---[Monster]: Max RunDelay: 422; Max RunCount 4723
---[Human]: Max RunDelay: 63; [Socket]: Max RunDelay: 47
---[App]: Min PerSecRun: 57; Max RunDelay 16
-----------------------------------------------------
2019-09-05 11:51:40 GS-1 载入商城热销商品列表，共35个。
2019-09-05 11:51:40 GS-1 ==> 加载商城热销榜:5
2019-09-05 11:51:47 GS-1 09-05 11:51:47 User = 15 / 15
2019-09-05 11:54:11 GS-1 -----------------------------------------------------
---[Monster]: Max RunDelay: 422; Max RunCount 4760
---[Human]: Max RunDelay: 172; [Socket]: Max RunDelay: 16
---[App]: Min PerSecRun: 57; Max RunDelay 16
-----------------------------------------------------
2019-09-05 11:59:12 GS-1 -----------------------------------------------------
---[Monster]: Max RunDelay: 406; Max RunCount 4579
---[Human]: Max RunDelay: 93; [Socket]: Max RunDelay: 16
---[App]: Min PerSecRun: 60; Max RunDelay 0
-----------------------------------------------------
2019-09-05 12:00:00 GS-1 载入商城物品列表，共5个类别，41种商品
2019-09-05 12:00:00 GS-1 ==> 加载商城物品 装饰类：11/11
2019-09-05 12:00:00 GS-1 ==> 加载商城物品 补给类：5/5
2019-09-05 12:00:00 GS-1 ==> 加载商城物品 强化类：15/15
2019-09-05 12:00:00 GS-1 ==> 加载商城物品 限量类：8/8
2019-09-05 12:00:00 GS-1 ==> 加载商城物品 好友类：2/2
2019-09-05 12:00:00 GS-1 ==> 加载商城物品 类：0/0
2019-09-05 12:00:00 GS-1 ==> 加载商城物品 类：0/0
2019-09-05 12:00:00 GS-1 ==> 加载商城物品 类：0/0
2019-09-05 12:01:47 GS-1 09-05 12:01:47 User = 14 / 14
2019-09-05 12:04:13 GS-1 -----------------------------------------------------
---[Monster]: Max RunDelay: 469; Max RunCount 4224
---[Human]: Max RunDelay: 62; [Socket]: Max RunDelay: 16
---[App]: Min PerSecRun: 56; Max RunDelay 0
-----------------------------------------------------
2019-09-05 12:09:14 GS-1 -----------------------------------------------------
---[Monster]: Max RunDelay: 437; Max RunCount 4714
---[Human]: Max RunDelay: 62; [Socket]: Max RunDelay: 16
---[App]: Min PerSecRun: 57; Max RunDelay 0
-----------------------------------------------------
2019-09-05 12:11:47 GS-1 09-05 12:11:47 User = 16 / 16
2019-09-05 12:14:15 GS-1 -----------------------------------------------------
---[Monster]: Max RunDelay: 484; Max RunCount 4517
---[Human]: Max RunDelay: 94; [Socket]: Max RunDelay: 16
---[App]: Min PerSecRun: 56; Max RunDelay 0
-----------------------------------------------------
2019-09-05 12:19:16 GS-1 -----------------------------------------------------
---[Monster]: Max RunDelay: 344; Max RunCount 4091
---[Human]: Max RunDelay: 62; [Socket]: Max RunDelay: 16
---[App]: Min PerSecRun: 65; Max RunDelay 0
-----------------------------------------------------
2019-09-05 12:21:47 GS-1 09-05 12:21:47 User = 17 / 17
2019-09-05 12:24:17 GS-1 -----------------------------------------------------
---[Monster]: Max RunDelay: 313; Max RunCount 4507
---[Human]: Max RunDelay: 62; [Socket]: Max RunDelay: 16
---[App]: Min PerSecRun: 68; Max RunDelay 0
-----------------------------------------------------
2019-09-05 12:29:18 GS-1 -----------------------------------------------------
---[Monster]: Max RunDelay: 297; Max RunCount 4413
---[Human]: Max RunDelay: 79; [Socket]: Max RunDelay: 16
---[App]: Min PerSecRun: 69; Max RunDelay 16
-----------------------------------------------------
2019-09-05 12:31:47 GS-1 09-05 12:31:47 User = 17 / 17
2019-09-05 12:34:19 GS-1 -----------------------------------------------------
---[Monster]: Max RunDelay: 329; Max RunCount 4373
---[Human]: Max RunDelay: 78; [Socket]: Max RunDelay: 16
---[App]: Min PerSecRun: 67; Max RunDelay 16
-----------------------------------------------------
2019-09-05 12:39:21 GS-1 -----------------------------------------------------
---[Monster]: Max RunDelay: 391; Max RunCount 3988
---[Human]: Max RunDelay: 94; [Socket]: Max RunDelay: 16
---[App]: Min PerSecRun: 59; Max RunDelay 0
-----------------------------------------------------
2019-09-05 12:41:48 GS-1 09-05 12:41:48 User = 14 / 14
2019-09-05 12:44:22 GS-1 -----------------------------------------------------
---[Monster]: Max RunDelay: 438; Max RunCount 4474
---[Human]: Max RunDelay: 140; [Socket]: Max RunDelay: 16
---[App]: Min PerSecRun: 57; Max RunDelay 0
-----------------------------------------------------
2019-09-05 12:44:29 GS-1 --ReInitializet-- 因为点击NPC失败，重新刷新NPC...
2019-09-05 12:44:31 GS-1 --ReInitializet-- 因为点击NPC失败，重新刷新NPC...
2019-09-05 12:49:23 GS-1 -----------------------------------------------------
---[Monster]: Max RunDelay: 437; Max RunCount 4595
---[Human]: Max RunDelay: 62; [Socket]: Max RunDelay: 16
---[App]: Min PerSecRun: 61; Max RunDelay 0
-----------------------------------------------------
2019-09-05 12:51:41 GS-1 载入商城热销商品列表，共35个。
2019-09-05 12:51:41 GS-1 ==> 加载商城热销榜:5
2019-09-05 12:51:48 GS-1 09-05 12:51:48 User = 15 / 15
2019-09-05 12:54:24 GS-1 -----------------------------------------------------
---[Monster]: Max RunDelay: 484; Max RunCount 4871
---[Human]: Max RunDelay: 141; [Socket]: Max RunDelay: 16
---[App]: Min PerSecRun: 56; Max RunDelay 47
-----------------------------------------------------
2019-09-05 12:59:25 GS-1 -----------------------------------------------------
---[Monster]: Max RunDelay: 328; Max RunCount 4214
---[Human]: Max RunDelay: 63; [Socket]: Max RunDelay: 16
---[App]: Min PerSecRun: 67; Max RunDelay 0
-----------------------------------------------------
2019-09-05 13:01:49 GS-1 09-05 13:01:49 User = 13 / 13
2019-09-05 13:04:26 GS-1 -----------------------------------------------------
---[Monster]: Max RunDelay: 516; Max RunCount 4972
---[Human]: Max RunDelay: 93; [Socket]: Max RunDelay: 16
---[App]: Min PerSecRun: 54; Max RunDelay 0
-----------------------------------------------------
2019-09-05 13:06:40 GS-1 [Exception]: ProcClientMsg: 下雨天  4422  Access violation at address 0061BF77 in module 'M2Server.exe'. Read of address 00000040 
2019-09-05 13:06:41 GS-1 [Exception]: ProcClientMsg: 下雨天  4422  Access violation at address 0061BF77 in module 'M2Server.exe'. Read of address 00000040 
2019-09-05 13:06:42 GS-1 [Exception]: ProcClientMsg: 下雨天  4422  Access violation at address 0061BF77 in module 'M2Server.exe'. Read of address 00000040 
2019-09-05 13:06:43 GS-1 [Exception]: ProcClientMsg: 下雨天  4422  Access violation at address 0061BF77 in module 'M2Server.exe'. Read of address 00000040 
2019-09-05 13:06:45 GS-1 [Exception]: ProcClientMsg: 下雨天  4422  Access violation at address 0061BF77 in module 'M2Server.exe'. Read of address 00000040 
2019-09-05 13:09:27 GS-1 -----------------------------------------------------
---[Monster]: Max RunDelay: 468; Max RunCount 4942
---[Human]: Max RunDelay: 47; [Socket]: Max RunDelay: 16
---[App]: Min PerSecRun: 59; Max RunDelay 0
-----------------------------------------------------
2019-09-05 13:10:16 GS-1 13:10:16 Gate 1 (49.234.26.20) 关闭
2019-09-05 13:10:16 GS-1 [Warning]: 与DB 服务器断开连接....
2019-09-05 13:10:21 GS-1 释放--魔龙冰晶升级对象--结束
2019-09-05 13:10:21 GS-1 释放--天赐宝箱1--结束
2019-09-05 13:10:21 GS-1 释放--天赐宝箱2--结束
2019-09-05 13:10:21 GS-1 释放--一点充--结束
2019-09-05 13:10:21 GS-1 释放--事件管理对象--结束
2019-09-05 13:10:21 GS-1 释放--任务管理对象--结束
2019-09-05 13:10:21 GS-1 释放--升级提醒管理对象--结束
2019-09-05 13:10:21 GS-1 释放--GDMsg管理对象--结束
2019-09-05 13:10:21 GS-1 释放--跨地图寻路管理对象--结束
2019-09-05 13:10:21 GS-1 释放--沙巴克管理对象--结束
2019-09-05 13:10:21 GS-1 释放--中央活动服务器客户端--结束
2019-09-05 13:10:21 GS-1 释放--乾坤包--结束
2019-09-05 13:10:21 GS-1 正在清除模块-卧龙英雄管理-的配置表d:\Mud2.0\Mir200\Share\EngineConfig\卧龙英雄管理\Fortress-HERO1.txt
2019-09-05 13:10:21 GS-1 正在清除模块-卧龙英雄管理-的配置表d:\Mud2.0\Mir200\Share\EngineConfig\卧龙英雄管理\Fortress.txt
2019-09-05 13:10:21 GS-1 正在清除模块-游戏元素点阵管理-的配置表d:\Mud2.0\Mir200\Share\EngineConfig\游戏元素点阵管理\GMActEvent.txt
2019-09-05 13:10:21 GS-1 正在清除模块-信用分管理-的配置表d:\Mud2.0\Mir200\Share\EngineConfig\信用分管理\PlayerActivePoint.xml
2019-09-05 13:10:21 GS-1 正在清除模块-信用分管理-的配置表d:\Mud2.0\Mir200\Share\EngineConfig\信用分管理\MapActivePoint.xml
2019-09-05 13:10:21 GS-1 正在清除模块-摆摊交易-的配置表d:\Mud2.0\Mir200\Share\EngineConfig\摆摊交易\摊位基础设置.ini
2019-09-05 13:10:21 GS-1 正在清除模块-元宝商城管理-的配置表d:\Mud2.0\Mir200\Share\EngineConfig\元宝商城管理\YBGoods.sql
2019-09-05 13:10:21 GS-1 正在清除模块-小助手管理-的配置表d:\Mud2.0\Mir200\Share\EngineConfig\小助手管理\小助手.txt
2019-09-05 13:10:21 GS-1 正在清除模块-静态地图管理-的配置表d:\Mud2.0\Mir200\Share\EngineConfig\静态地图管理\MapDropLimitBagItems.xml
2019-09-05 13:10:21 GS-1 正在清除模块-装备合成管理-的配置表d:\Mud2.0\Mir200\Share\EngineConfig\装备合成管理\StrengthenEquip.xml
2019-09-05 13:10:21 GS-1 正在清除模块-藏宝图管理-的配置表d:\Mud2.0\Mir200\Share\EngineConfig\藏宝图管理\修复藏宝图.txt
2019-09-05 13:10:21 GS-1 正在清除模块-藏宝图管理-的配置表d:\Mud2.0\Mir200\Share\EngineConfig\藏宝图管理\魔龙藏宝图合成装备.txt
2019-09-05 13:10:21 GS-1 正在清除模块-衣服升级管理-的配置表d:\Mud2.0\Mir200\Share\EngineConfig\衣服升级管理\UpdateClothes.xml
2019-09-05 13:10:21 GS-1 正在清除模块-道具管理-的配置表d:\Mud2.0\Mir200\Share\EngineConfig\道具管理\宝石配置.txt
2019-09-05 13:10:21 GS-1 正在清除模块-世界暴率管理-的配置表d:\Mud2.0\Mir200\Share\EngineConfig\世界暴率管理\世界爆率文件1.txt
2019-09-05 13:10:21 GS-1 释放--跨GS消息管理对象--结束
2019-09-05 13:10:21 GS-1 释放--gate管理对象--结束
2019-09-05 13:10:21 GS-1 释放--魔法管理对象--结束
2019-09-05 13:10:21 GS-1 释放--套装管理对象--结束
2019-09-05 13:10:21 GS-1 释放--新暴率管理对象--结束
2019-09-05 13:10:21 GS-1 释放--角色信息初始化管理对象--结束
2019-09-05 13:10:21 GS-1 释放--GS本地日志--结束
2019-09-05 13:10:21 GS-1 释放--DBEngn对象--结束
2019-09-05 13:10:21 GS-1 释放--任务列表--结束
2019-09-05 13:10:21 GS-1 释放--buffer管理类--结束
2019-09-05 13:10:21 GS-1 释放--排行榜--结束
2019-09-05 13:10:21 GS-1 释放--免费回收--结束
2019-09-05 13:10:21 GS-1 释放--mysql对象--结束
2019-09-05 13:10:21 GS-1 ================ 服务停止 ==============
