2019-09-22 19:47:12 GS-1 -----------------------------------------------------
---[Monster]: Max RunDelay: 0; Max RunCount 0
---[Human]: Max RunDelay: 0; [Socket]: Max RunDelay: 0
---[App]: Min PerSecRun: 100; Max RunDelay 0
-----------------------------------------------------
2019-09-22 19:47:12 GS-1 ================ 服务启动 ==============
2019-09-22 19:47:12 GS-1 TPlayerBody Size - 1616
2019-09-22 19:47:12 GS-1 TPlayerDB Size - 61608
2019-09-22 19:47:12 GS-1 ======== 连接MySQL成功 =======
2019-09-22 19:47:12 GS-1 *** ***Gamelog 的下次清理时间为 : 09月29日03时*** ***
2019-09-22 19:47:12 GS-1 ==加载GM指令定义完成==
2019-09-22 19:48:50 GS-1 释放--魔龙冰晶升级对象--结束
2019-09-22 19:48:50 GS-1 释放--天赐宝箱1--结束
2019-09-22 19:48:50 GS-1 释放--天赐宝箱2--结束
2019-09-22 19:48:50 GS-1 释放--一点充--结束
2019-09-22 19:48:50 GS-1 释放--事件管理对象--结束
2019-09-22 19:48:50 GS-1 释放--任务管理对象--结束
2019-09-22 19:48:50 GS-1 释放--升级提醒管理对象--结束
2019-09-22 19:48:50 GS-1 释放--GDMsg管理对象--结束
2019-09-22 19:48:50 GS-1 释放--跨地图寻路管理对象--结束
2019-09-22 19:48:50 GS-1 释放--沙巴克管理对象--结束
2019-09-22 19:48:50 GS-1 释放--中央活动服务器客户端--结束
2019-09-22 19:48:50 GS-1 释放--乾坤包--结束
2019-09-22 19:48:50 GS-1 正在清除模块-卧龙英雄管理-的配置表d:\Mud2.0\Mir200\Share\EngineConfig\卧龙英雄管理\Fortress-HERO1.txt
2019-09-22 19:48:50 GS-1 正在清除模块-卧龙英雄管理-的配置表d:\Mud2.0\Mir200\Share\EngineConfig\卧龙英雄管理\Fortress.txt
2019-09-22 19:48:50 GS-1 正在清除模块-游戏元素点阵管理-的配置表d:\Mud2.0\Mir200\Share\EngineConfig\游戏元素点阵管理\GMActEvent.txt
2019-09-22 19:48:50 GS-1 正在清除模块-信用分管理-的配置表d:\Mud2.0\Mir200\Share\EngineConfig\信用分管理\PlayerActivePoint.xml
2019-09-22 19:48:50 GS-1 正在清除模块-信用分管理-的配置表d:\Mud2.0\Mir200\Share\EngineConfig\信用分管理\MapActivePoint.xml
2019-09-22 19:48:50 GS-1 正在清除模块-摆摊交易-的配置表d:\Mud2.0\Mir200\Share\EngineConfig\摆摊交易\摊位基础设置.ini
2019-09-22 19:48:50 GS-1 正在清除模块-元宝商城管理-的配置表d:\Mud2.0\Mir200\Share\EngineConfig\元宝商城管理\YBGoods.sql
2019-09-22 19:48:50 GS-1 正在清除模块-小助手管理-的配置表d:\Mud2.0\Mir200\Share\EngineConfig\小助手管理\小助手.txt
2019-09-22 19:48:50 GS-1 正在清除模块-静态地图管理-的配置表d:\Mud2.0\Mir200\Share\EngineConfig\静态地图管理\MapDropLimitBagItems.xml
2019-09-22 19:48:50 GS-1 正在清除模块-装备合成管理-的配置表d:\Mud2.0\Mir200\Share\EngineConfig\装备合成管理\StrengthenEquip.xml
2019-09-22 19:48:50 GS-1 正在清除模块-藏宝图管理-的配置表d:\Mud2.0\Mir200\Share\EngineConfig\藏宝图管理\修复藏宝图.txt
2019-09-22 19:48:50 GS-1 正在清除模块-藏宝图管理-的配置表d:\Mud2.0\Mir200\Share\EngineConfig\藏宝图管理\魔龙藏宝图合成装备.txt
2019-09-22 19:48:50 GS-1 正在清除模块-衣服升级管理-的配置表d:\Mud2.0\Mir200\Share\EngineConfig\衣服升级管理\UpdateClothes.xml
2019-09-22 19:48:50 GS-1 正在清除模块-道具管理-的配置表d:\Mud2.0\Mir200\Share\EngineConfig\道具管理\宝石配置.txt
2019-09-22 19:48:50 GS-1 正在清除模块-世界暴率管理-的配置表d:\Mud2.0\Mir200\Share\EngineConfig\世界暴率管理\世界爆率文件1.txt
2019-09-22 19:48:50 GS-1 释放--跨GS消息管理对象--结束
2019-09-22 19:48:50 GS-1 释放--gate管理对象--结束
2019-09-22 19:48:50 GS-1 释放--魔法管理对象--结束
2019-09-22 19:48:50 GS-1 释放--套装管理对象--结束
2019-09-22 19:48:50 GS-1 释放--新暴率管理对象--结束
2019-09-22 19:48:50 GS-1 释放--角色信息初始化管理对象--结束
2019-09-22 19:48:50 GS-1 释放--GS本地日志--结束
2019-09-22 19:48:50 GS-1 释放--DBEngn对象--结束
2019-09-22 19:48:51 GS-1 释放--任务列表--结束
2019-09-22 19:48:51 GS-1 释放--buffer管理类--结束
2019-09-22 19:48:51 GS-1 释放--排行榜--结束
2019-09-22 19:48:51 GS-1 释放--免费回收--结束
2019-09-22 19:48:51 GS-1 释放--mysql对象--结束
2019-09-22 19:48:51 GS-1 ================ 服务停止 ==============
