2019-08-28 16:09:49 GS-1 -----------------------------------------------------
---[Monster]: Max RunDelay: 0; Max RunCount 0
---[Human]: Max RunDelay: 0; [Socket]: Max RunDelay: 0
---[App]: Min PerSecRun: 100; Max RunDelay 0
-----------------------------------------------------
2019-08-28 16:09:49 GS-1 ================ 服务启动 ==============
2019-08-28 16:09:49 GS-1 TPlayerBody Size - 1616
2019-08-28 16:09:49 GS-1 TPlayerDB Size - 61608
2019-08-28 16:09:49 GS-1 ======== 连接MySQL成功 =======
2019-08-28 16:09:49 GS-1 *** ***Gamelog 的下次清理时间为 : 09月04日03时*** ***
2019-08-28 16:09:49 GS-1 ==加载GM指令定义完成==
2019-08-28 16:09:49 GS-1 与 DB 服务器连接成功
2019-08-28 16:09:49 GS-1 [Error]: 火龙珠奖励配置错误！
2019-08-28 16:09:49 GS-1 [Error]: 抽取概率错误:赤金天赐->宝箱1:概率7
2019-08-28 16:09:49 GS-1 [Error]: 抽取概率错误:白银天赐->宝箱1:概率7
2019-08-28 16:09:49 GS-1 [Error]: 抽取概率错误:紫铜天赐->宝箱1:概率7
2019-08-28 16:09:49 GS-1 [Error]: 抽取概率错误:神秘天赐->宝箱1:概率7
2019-08-28 16:09:49 GS-1 [Error]: 抽取概率错误:檀木天赐->宝箱1:概率7
2019-08-28 16:09:49 GS-1 [Error]: 抽取概率错误:宝藏天赐 ->宝箱1:概率7
2019-08-28 16:09:49 GS-1 [Error]: StdItems 不存在的天赐：新年天赐
2019-08-28 16:09:49 GS-1 [Error]: StdItems 不存在的钥匙：新年钥匙
2019-08-28 16:09:49 GS-1 [Error]: StdItems 不存在的钥匙：春节钥匙
2019-08-28 16:09:49 GS-1 [Error]: StdItems 不存在的钥匙：节日钥匙
2019-08-28 16:09:49 GS-1 [Error]: StdItems 不存在的天赐：感恩天赐
2019-08-28 16:09:49 GS-1 [Error]: StdItems 不存在的钥匙：感恩钥匙
2019-08-28 16:09:49 GS-1 系统参数初始化完毕
2019-08-28 16:09:49 GS-1 准备加载NPC，共513个
2019-08-28 16:09:49 GS-1 已加载d:\Mud2.0\Mir200\Share\EngineConfig\系统信息管理\RollMsg.txt！
2019-08-28 16:09:49 GS-1 已加载d:\Mud2.0\Mir200\Share\EngineConfig\系统信息管理\掉落物品提示.txt！
2019-08-28 16:09:49 GS-1 已加载d:\Mud2.0\Mir200\Share\EngineConfig\卧龙英雄管理\Fortress.txt！
2019-08-28 16:09:49 GS-1 已加载d:\Mud2.0\Mir200\Share\EngineConfig\游戏元素点阵管理\GMActEvent.txt！
2019-08-28 16:09:49 GS-1    加载邮件信息成功,加载11个玩家的邮件。
2019-08-28 16:09:49 GS-1    加载邮件信息成功,加载32个玩家的邮件。
2019-08-28 16:09:49 GS-1 已加载d:\Mud2.0\Mir200\Share\EngineConfig\摆摊交易\摊位基础设置.ini！
2019-08-28 16:09:49 GS-1 刷新摊位过期将在2:55执行！
2019-08-28 16:09:49 GS-1   加载Stall成功，共加载摊位1个
2019-08-28 16:09:49 GS-1 [Information]: 寄售表创建成功!
2019-08-28 16:09:49 GS-1 [Information]: 寄售历史表创建成功!
2019-08-28 16:09:49 GS-1 [Information]: 更新超时订单成功!
2019-08-28 16:09:49 GS-1 已加载刷新商城时间：00:00:00.
2019-08-28 16:09:49 GS-1 已加载刷新商城时间：06:00:00.
2019-08-28 16:09:49 GS-1 已加载刷新商城时间：12:00:00.
2019-08-28 16:09:49 GS-1 载入商城物品列表，共5个类别，36种商品
2019-08-28 16:09:49 GS-1 ==> 加载商城物品 装饰类：11/11
2019-08-28 16:09:49 GS-1 ==> 加载商城物品 补给类：3/3
2019-08-28 16:09:49 GS-1 ==> 加载商城物品 强化类：15/15
2019-08-28 16:09:49 GS-1 ==> 加载商城物品 限量类：5/5
2019-08-28 16:09:49 GS-1 ==> 加载商城物品 好友类：2/2
2019-08-28 16:09:49 GS-1 ==> 加载商城物品 类：0/0
2019-08-28 16:09:49 GS-1 ==> 加载商城物品 类：0/0
2019-08-28 16:09:49 GS-1 ==> 加载商城物品 类：0/0
2019-08-28 16:09:49 GS-1    [删除错误数据] 删除用户表中不存在的战队成员
2019-08-28 16:09:49 GS-1    [删除错误数据] 清除战队队长不存在的项
2019-08-28 16:09:49 GS-1    [删除错误数据] 不存在战队的成员
2019-08-28 16:09:49 GS-1    正在加载战队...
2019-08-28 16:09:49 GS-1    战队表数量 : 0
2019-08-28 16:09:49 GS-1    加载战队数量:0
2019-08-28 16:09:49 GS-1    正在加载战队成员...
2019-08-28 16:09:49 GS-1    战队成员总数:0 加载成员数:0
2019-08-28 16:09:49 GS-1    正在检测战队数据有效性...
2019-08-28 16:09:49 GS-1    战队数据有效性检测完毕
2019-08-28 16:09:49 GS-1    [删除错误数据] 清除会长战队不存在行会
2019-08-28 16:09:49 GS-1    [删除错误数据] 清除行会不存在的行会成员
2019-08-28 16:09:49 GS-1    [删除错误数据] 清除行会不存在的行会关系ID排列错误的项
2019-08-28 16:09:49 GS-1    [删除错误数据] 清除行会不存在行会关系
2019-08-28 16:09:49 GS-1    [删除错误数据] 清除行会不存在关注行会
2019-08-28 16:09:49 GS-1    加载行会数量 : 0
2019-08-28 16:09:49 GS-1    加载行会成员(战队)数量 : 0
2019-08-28 16:09:49 GS-1    加载行会关系数量 : 0
2019-08-28 16:09:49 GS-1    加载关注行会数量 : 0
2019-08-28 16:09:49 GS-1    加载请求数量:5
2019-08-28 16:09:49 GS-1 [Error]: 小助手 不存在！
2019-08-28 16:09:49 GS-1 D411地图配置在MapInfo.txt 中不是LIMITBAGITEMDROP属性
2019-08-28 16:09:49 GS-1 D415地图配置在MapInfo.txt 中不是LIMITBAGITEMDROP属性
2019-08-28 16:09:49 GS-1 D416地图配置在MapInfo.txt 中不是LIMITBAGITEMDROP属性
2019-08-28 16:09:49 GS-1 信用分验证功能：开
2019-08-28 16:09:49 GS-1 GS脚本版本号：10001
2019-08-28 16:09:49 GS-1 更新排行榜，共计：2 页
2019-08-28 16:09:49 GS-1 Gate 1 开启
2019-08-28 16:10:17 GS-1 载入商城热销商品列表，共21个。
2019-08-28 16:10:17 GS-1 ==> 加载商城热销榜:5
2019-08-28 16:14:49 GS-1 -----------------------------------------------------
---[Monster]: Max RunDelay: 422; Max RunCount 4100
---[Human]: Max RunDelay: 47; [Socket]: Max RunDelay: 16
---[App]: Min PerSecRun: 54; Max RunDelay 0
-----------------------------------------------------
2019-08-28 16:19:49 GS-1 -----------------------------------------------------
---[Monster]: Max RunDelay: 563; Max RunCount 4127
---[Human]: Max RunDelay: 219; [Socket]: Max RunDelay: 16
---[App]: Min PerSecRun: 47; Max RunDelay 0
-----------------------------------------------------
2019-08-28 16:20:16 GS-1 08-28 16:20:16 User = 4 / 4
2019-08-28 16:24:50 GS-1 -----------------------------------------------------
---[Monster]: Max RunDelay: 625; Max RunCount 4104
---[Human]: Max RunDelay: 140; [Socket]: Max RunDelay: 16
---[App]: Min PerSecRun: 44; Max RunDelay 0
-----------------------------------------------------
2019-08-28 16:29:51 GS-1 -----------------------------------------------------
---[Monster]: Max RunDelay: 750; Max RunCount 4106
---[Human]: Max RunDelay: 219; [Socket]: Max RunDelay: 15
---[App]: Min PerSecRun: 34; Max RunDelay 0
-----------------------------------------------------
2019-08-28 16:30:16 GS-1 08-28 16:30:16 User = 6 / 6
2019-08-28 16:34:52 GS-1 -----------------------------------------------------
---[Monster]: Max RunDelay: 281; Max RunCount 3730
---[Human]: Max RunDelay: 47; [Socket]: Max RunDelay: 16
---[App]: Min PerSecRun: 74; Max RunDelay 0
-----------------------------------------------------
2019-08-28 16:39:52 GS-1 -----------------------------------------------------
---[Monster]: Max RunDelay: 1219; Max RunCount 4108
---[Human]: Max RunDelay: 203; [Socket]: Max RunDelay: 16
---[App]: Min PerSecRun: 13; Max RunDelay 16
-----------------------------------------------------
2019-08-28 16:40:15 GS-1 08-28 16:40:15 User = 5 / 5
2019-08-28 16:44:53 GS-1 -----------------------------------------------------
---[Monster]: Max RunDelay: 266; Max RunCount 3783
---[Human]: Max RunDelay: 32; [Socket]: Max RunDelay: 16
---[App]: Min PerSecRun: 74; Max RunDelay 0
-----------------------------------------------------
2019-08-28 16:49:55 GS-1 -----------------------------------------------------
---[Monster]: Max RunDelay: 469; Max RunCount 4122
---[Human]: Max RunDelay: 234; [Socket]: Max RunDelay: 16
---[App]: Min PerSecRun: 60; Max RunDelay 0
-----------------------------------------------------
2019-08-28 16:50:16 GS-1 08-28 16:50:16 User = 5 / 5
2019-08-28 16:54:56 GS-1 -----------------------------------------------------
---[Monster]: Max RunDelay: 281; Max RunCount 4117
---[Human]: Max RunDelay: 31; [Socket]: Max RunDelay: 16
---[App]: Min PerSecRun: 73; Max RunDelay 0
-----------------------------------------------------
2019-08-28 16:56:01 GS-1 [脚本(货币互换-3.pas)缺函数]: YB_NewComeBag
2019-08-28 16:56:01 GS-1 --ReInitializet-- 因为点击NPC失败，重新刷新NPC...
2019-08-28 16:56:07 GS-1 [脚本(货币互换-3.pas)缺函数]: YB_NewComeBag
2019-08-28 16:56:07 GS-1 --ReInitializet-- 因为点击NPC失败，重新刷新NPC...
2019-08-28 16:56:08 GS-1 [脚本(货币互换-3.pas)缺函数]: YB_NewComeBag
2019-08-28 16:56:08 GS-1 --ReInitializet-- 因为点击NPC失败，重新刷新NPC...
2019-08-28 16:56:11 GS-1 [脚本(货币互换-3.pas)缺函数]: YB_NewComeBag
2019-08-28 16:56:11 GS-1 --ReInitializet-- 因为点击NPC失败，重新刷新NPC...
2019-08-28 16:59:57 GS-1 -----------------------------------------------------
---[Monster]: Max RunDelay: 281; Max RunCount 3713
---[Human]: Max RunDelay: 63; [Socket]: Max RunDelay: 16
---[App]: Min PerSecRun: 70; Max RunDelay 0
-----------------------------------------------------
2019-08-28 17:00:17 GS-1 08-28 17:00:17 User = 6 / 6
2019-08-28 17:03:45 GS-1 [脚本(货币互换-3.pas)缺函数]: YB_NewComeBag
2019-08-28 17:03:45 GS-1 --ReInitializet-- 因为点击NPC失败，重新刷新NPC...
2019-08-28 17:04:58 GS-1 -----------------------------------------------------
---[Monster]: Max RunDelay: 1047; Max RunCount 4165
---[Human]: Max RunDelay: 234; [Socket]: Max RunDelay: 16
---[App]: Min PerSecRun: 28; Max RunDelay 0
-----------------------------------------------------
2019-08-28 17:09:59 GS-1 -----------------------------------------------------
---[Monster]: Max RunDelay: 281; Max RunCount 4105
---[Human]: Max RunDelay: 32; [Socket]: Max RunDelay: 15
---[App]: Min PerSecRun: 73; Max RunDelay 0
-----------------------------------------------------
2019-08-28 17:10:17 GS-1 载入商城热销商品列表，共21个。
2019-08-28 17:10:17 GS-1 ==> 加载商城热销榜:5
2019-08-28 17:10:17 GS-1 08-28 17:10:17 User = 4 / 4
2019-08-28 17:15:00 GS-1 -----------------------------------------------------
---[Monster]: Max RunDelay: 281; Max RunCount 3919
---[Human]: Max RunDelay: 32; [Socket]: Max RunDelay: 15
---[App]: Min PerSecRun: 72; Max RunDelay 0
-----------------------------------------------------
2019-08-28 17:20:01 GS-1 -----------------------------------------------------
---[Monster]: Max RunDelay: 266; Max RunCount 3571
---[Human]: Max RunDelay: 31; [Socket]: Max RunDelay: 15
---[App]: Min PerSecRun: 74; Max RunDelay 0
-----------------------------------------------------
2019-08-28 17:20:17 GS-1 08-28 17:20:17 User = 5 / 5
2019-08-28 17:25:02 GS-1 -----------------------------------------------------
---[Monster]: Max RunDelay: 266; Max RunCount 3842
---[Human]: Max RunDelay: 31; [Socket]: Max RunDelay: 16
---[App]: Min PerSecRun: 74; Max RunDelay 0
-----------------------------------------------------
2019-08-28 17:30:03 GS-1 -----------------------------------------------------
---[Monster]: Max RunDelay: 266; Max RunCount 3830
---[Human]: Max RunDelay: 46; [Socket]: Max RunDelay: 15
---[App]: Min PerSecRun: 74; Max RunDelay 0
-----------------------------------------------------
2019-08-28 17:30:17 GS-1 08-28 17:30:17 User = 4 / 4
2019-08-28 17:35:04 GS-1 -----------------------------------------------------
---[Monster]: Max RunDelay: 282; Max RunCount 3831
---[Human]: Max RunDelay: 32; [Socket]: Max RunDelay: 15
---[App]: Min PerSecRun: 73; Max RunDelay 0
-----------------------------------------------------
2019-08-28 17:40:05 GS-1 -----------------------------------------------------
---[Monster]: Max RunDelay: 266; Max RunCount 3834
---[Human]: Max RunDelay: 47; [Socket]: Max RunDelay: 16
---[App]: Min PerSecRun: 75; Max RunDelay 0
-----------------------------------------------------
2019-08-28 17:40:17 GS-1 08-28 17:40:17 User = 4 / 4
2019-08-28 17:45:06 GS-1 -----------------------------------------------------
---[Monster]: Max RunDelay: 281; Max RunCount 3831
---[Human]: Max RunDelay: 47; [Socket]: Max RunDelay: 16
---[App]: Min PerSecRun: 73; Max RunDelay 0
-----------------------------------------------------
2019-08-28 17:50:07 GS-1 -----------------------------------------------------
---[Monster]: Max RunDelay: 282; Max RunCount 3840
---[Human]: Max RunDelay: 32; [Socket]: Max RunDelay: 15
---[App]: Min PerSecRun: 74; Max RunDelay 0
-----------------------------------------------------
2019-08-28 17:50:17 GS-1 08-28 17:50:17 User = 4 / 4
2019-08-28 17:55:08 GS-1 -----------------------------------------------------
---[Monster]: Max RunDelay: 281; Max RunCount 3740
---[Human]: Max RunDelay: 32; [Socket]: Max RunDelay: 16
---[App]: Min PerSecRun: 73; Max RunDelay 0
-----------------------------------------------------
2019-08-28 18:00:09 GS-1 -----------------------------------------------------
---[Monster]: Max RunDelay: 296; Max RunCount 3731
---[Human]: Max RunDelay: 46; [Socket]: Max RunDelay: 16
---[App]: Min PerSecRun: 70; Max RunDelay 0
-----------------------------------------------------
2019-08-28 18:00:17 GS-1 08-28 18:00:17 User = 4 / 4
2019-08-28 18:05:10 GS-1 -----------------------------------------------------
---[Monster]: Max RunDelay: 281; Max RunCount 3790
---[Human]: Max RunDelay: 47; [Socket]: Max RunDelay: 15
---[App]: Min PerSecRun: 74; Max RunDelay 0
-----------------------------------------------------
2019-08-28 18:10:11 GS-1 -----------------------------------------------------
---[Monster]: Max RunDelay: 282; Max RunCount 4020
---[Human]: Max RunDelay: 32; [Socket]: Max RunDelay: 15
---[App]: Min PerSecRun: 74; Max RunDelay 0
-----------------------------------------------------
2019-08-28 18:10:17 GS-1 载入商城热销商品列表，共21个。
2019-08-28 18:10:17 GS-1 ==> 加载商城热销榜:5
2019-08-28 18:10:17 GS-1 08-28 18:10:17 User = 4 / 4
2019-08-28 18:15:12 GS-1 -----------------------------------------------------
---[Monster]: Max RunDelay: 266; Max RunCount 3803
---[Human]: Max RunDelay: 32; [Socket]: Max RunDelay: 15
---[App]: Min PerSecRun: 74; Max RunDelay 0
-----------------------------------------------------
2019-08-28 18:20:13 GS-1 -----------------------------------------------------
---[Monster]: Max RunDelay: 282; Max RunCount 3950
---[Human]: Max RunDelay: 47; [Socket]: Max RunDelay: 15
---[App]: Min PerSecRun: 73; Max RunDelay 0
-----------------------------------------------------
2019-08-28 18:20:17 GS-1 08-28 18:20:17 User = 5 / 5
2019-08-28 18:25:14 GS-1 -----------------------------------------------------
---[Monster]: Max RunDelay: 266; Max RunCount 3675
---[Human]: Max RunDelay: 31; [Socket]: Max RunDelay: 15
---[App]: Min PerSecRun: 74; Max RunDelay 0
-----------------------------------------------------
2019-08-28 18:30:15 GS-1 -----------------------------------------------------
---[Monster]: Max RunDelay: 266; Max RunCount 3710
---[Human]: Max RunDelay: 32; [Socket]: Max RunDelay: 16
---[App]: Min PerSecRun: 74; Max RunDelay 0
-----------------------------------------------------
2019-08-28 18:30:17 GS-1 08-28 18:30:17 User = 6 / 6
2019-08-28 18:35:16 GS-1 -----------------------------------------------------
---[Monster]: Max RunDelay: 266; Max RunCount 3538
---[Human]: Max RunDelay: 32; [Socket]: Max RunDelay: 16
---[App]: Min PerSecRun: 74; Max RunDelay 0
-----------------------------------------------------
2019-08-28 18:40:17 GS-1 08-28 18:40:17 User = 7 / 7
2019-08-28 18:40:17 GS-1 -----------------------------------------------------
---[Monster]: Max RunDelay: 297; Max RunCount 3534
---[Human]: Max RunDelay: 47; [Socket]: Max RunDelay: 16
---[App]: Min PerSecRun: 72; Max RunDelay 0
-----------------------------------------------------
2019-08-28 18:45:18 GS-1 -----------------------------------------------------
---[Monster]: Max RunDelay: 281; Max RunCount 3478
---[Human]: Max RunDelay: 31; [Socket]: Max RunDelay: 16
---[App]: Min PerSecRun: 72; Max RunDelay 0
-----------------------------------------------------
2019-08-28 18:50:17 GS-1 08-28 18:50:17 User = 5 / 5
2019-08-28 18:50:19 GS-1 -----------------------------------------------------
---[Monster]: Max RunDelay: 282; Max RunCount 3505
---[Human]: Max RunDelay: 32; [Socket]: Max RunDelay: 16
---[App]: Min PerSecRun: 72; Max RunDelay 0
-----------------------------------------------------
2019-08-28 18:55:20 GS-1 -----------------------------------------------------
---[Monster]: Max RunDelay: 282; Max RunCount 3545
---[Human]: Max RunDelay: 31; [Socket]: Max RunDelay: 15
---[App]: Min PerSecRun: 73; Max RunDelay 0
-----------------------------------------------------
2019-08-28 19:00:17 GS-1 08-28 19:00:17 User = 11 / 11
2019-08-28 19:00:21 GS-1 -----------------------------------------------------
---[Monster]: Max RunDelay: 297; Max RunCount 3742
---[Human]: Max RunDelay: 63; [Socket]: Max RunDelay: 16
---[App]: Min PerSecRun: 72; Max RunDelay 16
-----------------------------------------------------
2019-08-28 19:05:22 GS-1 -----------------------------------------------------
---[Monster]: Max RunDelay: 281; Max RunCount 3693
---[Human]: Max RunDelay: 47; [Socket]: Max RunDelay: 16
---[App]: Min PerSecRun: 70; Max RunDelay 0
-----------------------------------------------------
2019-08-28 19:10:17 GS-1 载入商城热销商品列表，共21个。
2019-08-28 19:10:17 GS-1 ==> 加载商城热销榜:5
2019-08-28 19:10:17 GS-1 08-28 19:10:17 User = 15 / 15
2019-08-28 19:10:23 GS-1 -----------------------------------------------------
---[Monster]: Max RunDelay: 297; Max RunCount 3635
---[Human]: Max RunDelay: 47; [Socket]: Max RunDelay: 16
---[App]: Min PerSecRun: 71; Max RunDelay 0
-----------------------------------------------------
2019-08-28 19:15:24 GS-1 -----------------------------------------------------
---[Monster]: Max RunDelay: 297; Max RunCount 3595
---[Human]: Max RunDelay: 63; [Socket]: Max RunDelay: 16
---[App]: Min PerSecRun: 71; Max RunDelay 15
-----------------------------------------------------
2019-08-28 19:20:17 GS-1 08-28 19:20:17 User = 16 / 16
2019-08-28 19:20:25 GS-1 -----------------------------------------------------
---[Monster]: Max RunDelay: 296; Max RunCount 3682
---[Human]: Max RunDelay: 47; [Socket]: Max RunDelay: 16
---[App]: Min PerSecRun: 69; Max RunDelay 0
-----------------------------------------------------
2019-08-28 19:25:26 GS-1 -----------------------------------------------------
---[Monster]: Max RunDelay: 328; Max RunCount 4215
---[Human]: Max RunDelay: 94; [Socket]: Max RunDelay: 46
---[App]: Min PerSecRun: 69; Max RunDelay 16
-----------------------------------------------------
2019-08-28 19:30:17 GS-1 08-28 19:30:17 User = 18 / 18
2019-08-28 19:30:27 GS-1 -----------------------------------------------------
---[Monster]: Max RunDelay: 282; Max RunCount 3678
---[Human]: Max RunDelay: 47; [Socket]: Max RunDelay: 16
---[App]: Min PerSecRun: 73; Max RunDelay 0
-----------------------------------------------------
2019-08-28 19:35:28 GS-1 -----------------------------------------------------
---[Monster]: Max RunDelay: 328; Max RunCount 3708
---[Human]: Max RunDelay: 94; [Socket]: Max RunDelay: 47
---[App]: Min PerSecRun: 70; Max RunDelay 15
-----------------------------------------------------
2019-08-28 19:40:18 GS-1 08-28 19:40:18 User = 16 / 16
2019-08-28 19:40:29 GS-1 -----------------------------------------------------
---[Monster]: Max RunDelay: 313; Max RunCount 3811
---[Human]: Max RunDelay: 94; [Socket]: Max RunDelay: 47
---[App]: Min PerSecRun: 72; Max RunDelay 0
-----------------------------------------------------
2019-08-28 19:45:30 GS-1 -----------------------------------------------------
---[Monster]: Max RunDelay: 578; Max RunCount 4186
---[Human]: Max RunDelay: 94; [Socket]: Max RunDelay: 32
---[App]: Min PerSecRun: 69; Max RunDelay 15
-----------------------------------------------------
2019-08-28 19:50:18 GS-1 08-28 19:50:18 User = 17 / 17
2019-08-28 19:50:31 GS-1 -----------------------------------------------------
---[Monster]: Max RunDelay: 313; Max RunCount 3920
---[Human]: Max RunDelay: 47; [Socket]: Max RunDelay: 16
---[App]: Min PerSecRun: 71; Max RunDelay 15
-----------------------------------------------------
2019-08-28 19:55:32 GS-1 -----------------------------------------------------
---[Monster]: Max RunDelay: 282; Max RunCount 4196
---[Human]: Max RunDelay: 62; [Socket]: Max RunDelay: 16
---[App]: Min PerSecRun: 72; Max RunDelay 0
-----------------------------------------------------
2019-08-28 20:00:18 GS-1 08-28 20:00:18 User = 17 / 17
2019-08-28 20:00:33 GS-1 -----------------------------------------------------
---[Monster]: Max RunDelay: 297; Max RunCount 4261
---[Human]: Max RunDelay: 63; [Socket]: Max RunDelay: 16
---[App]: Min PerSecRun: 72; Max RunDelay 0
-----------------------------------------------------
2019-08-28 20:05:34 GS-1 -----------------------------------------------------
---[Monster]: Max RunDelay: 297; Max RunCount 4181
---[Human]: Max RunDelay: 94; [Socket]: Max RunDelay: 16
---[App]: Min PerSecRun: 72; Max RunDelay 0
-----------------------------------------------------
2019-08-28 20:10:18 GS-1 载入商城热销商品列表，共22个。
2019-08-28 20:10:18 GS-1 ==> 加载商城热销榜:5
2019-08-28 20:10:19 GS-1 08-28 20:10:19 User = 17 / 17
2019-08-28 20:10:35 GS-1 -----------------------------------------------------
---[Monster]: Max RunDelay: 281; Max RunCount 4098
---[Human]: Max RunDelay: 62; [Socket]: Max RunDelay: 16
---[App]: Min PerSecRun: 73; Max RunDelay 0
-----------------------------------------------------
2019-08-28 20:15:36 GS-1 -----------------------------------------------------
---[Monster]: Max RunDelay: 281; Max RunCount 4182
---[Human]: Max RunDelay: 78; [Socket]: Max RunDelay: 16
---[App]: Min PerSecRun: 74; Max RunDelay 0
-----------------------------------------------------
2019-08-28 20:20:19 GS-1 08-28 20:20:19 User = 16 / 16
2019-08-28 20:20:37 GS-1 -----------------------------------------------------
---[Monster]: Max RunDelay: 296; Max RunCount 4135
---[Human]: Max RunDelay: 47; [Socket]: Max RunDelay: 16
---[App]: Min PerSecRun: 73; Max RunDelay 0
-----------------------------------------------------
2019-08-28 20:25:38 GS-1 -----------------------------------------------------
---[Monster]: Max RunDelay: 406; Max RunCount 4188
---[Human]: Max RunDelay: 109; [Socket]: Max RunDelay: 31
---[App]: Min PerSecRun: 58; Max RunDelay 0
-----------------------------------------------------
2019-08-28 20:26:51 GS-1   玩家： 烧烤，邮件Idx:  842，功加载了 1附件。
2019-08-28 20:26:51 GS-1   玩家： 烧烤，邮件Idx:  843，功加载了 1附件。
2019-08-28 20:26:51 GS-1   玩家： 烧烤，邮件Idx:  844，功加载了 1附件。
2019-08-28 20:26:51 GS-1   玩家： 烧烤，邮件Idx:  845，功加载了 1附件。
2019-08-28 20:26:51 GS-1   玩家： 烧烤，邮件Idx:  846，功加载了 1附件。
2019-08-28 20:26:51 GS-1   玩家： 烧烤，邮件Idx:  847，功加载了 1附件。
2019-08-28 20:30:19 GS-1 08-28 20:30:19 User = 15 / 15
2019-08-28 20:30:39 GS-1 -----------------------------------------------------
---[Monster]: Max RunDelay: 609; Max RunCount 4247
---[Human]: Max RunDelay: 125; [Socket]: Max RunDelay: 31
---[App]: Min PerSecRun: 46; Max RunDelay 15
-----------------------------------------------------
2019-08-28 20:35:41 GS-1 -----------------------------------------------------
---[Monster]: Max RunDelay: 828; Max RunCount 4198
---[Human]: Max RunDelay: 422; [Socket]: Max RunDelay: 16
---[App]: Min PerSecRun: 33; Max RunDelay 0
-----------------------------------------------------
2019-08-28 20:40:20 GS-1 08-28 20:40:20 User = 16 / 16
2019-08-28 20:40:42 GS-1 -----------------------------------------------------
---[Monster]: Max RunDelay: 281; Max RunCount 3699
---[Human]: Max RunDelay: 47; [Socket]: Max RunDelay: 16
---[App]: Min PerSecRun: 74; Max RunDelay 0
-----------------------------------------------------
2019-08-28 20:45:43 GS-1 -----------------------------------------------------
---[Monster]: Max RunDelay: 297; Max RunCount 3679
---[Human]: Max RunDelay: 63; [Socket]: Max RunDelay: 16
---[App]: Min PerSecRun: 74; Max RunDelay 0
-----------------------------------------------------
2019-08-28 20:50:20 GS-1 08-28 20:50:20 User = 17 / 17
2019-08-28 20:50:44 GS-1 -----------------------------------------------------
---[Monster]: Max RunDelay: 593; Max RunCount 4208
---[Human]: Max RunDelay: 47; [Socket]: Max RunDelay: 16
---[App]: Min PerSecRun: 45; Max RunDelay 0
-----------------------------------------------------
2019-08-28 20:55:44 GS-1 -----------------------------------------------------
---[Monster]: Max RunDelay: 329; Max RunCount 4190
---[Human]: Max RunDelay: 63; [Socket]: Max RunDelay: 16
---[App]: Min PerSecRun: 61; Max RunDelay 0
-----------------------------------------------------
2019-08-28 21:00:20 GS-1 08-28 21:00:20 User = 17 / 17
2019-08-28 21:00:45 GS-1 -----------------------------------------------------
---[Monster]: Max RunDelay: 281; Max RunCount 3817
---[Human]: Max RunDelay: 47; [Socket]: Max RunDelay: 16
---[App]: Min PerSecRun: 72; Max RunDelay 0
-----------------------------------------------------
2019-08-28 21:05:45 GS-1 -----------------------------------------------------
---[Monster]: Max RunDelay: 1187; Max RunCount 4241
---[Human]: Max RunDelay: 375; [Socket]: Max RunDelay: 16
---[App]: Min PerSecRun: 6; Max RunDelay 0
-----------------------------------------------------
2019-08-28 21:10:18 GS-1 载入商城热销商品列表，共22个。
2019-08-28 21:10:18 GS-1 ==> 加载商城热销榜:5
2019-08-28 21:10:20 GS-1 08-28 21:10:20 User = 19 / 19
2019-08-28 21:10:46 GS-1 -----------------------------------------------------
---[Monster]: Max RunDelay: 875; Max RunCount 4222
---[Human]: Max RunDelay: 563; [Socket]: Max RunDelay: 16
---[App]: Min PerSecRun: 38; Max RunDelay 0
-----------------------------------------------------
2019-08-28 21:12:45 GS-1 [脚本(修炼圣地-3.pas)缺函数]: ForgeDiaYB
2019-08-28 21:12:45 GS-1 --ReInitializet-- 因为点击NPC失败，重新刷新NPC...
2019-08-28 21:13:56 GS-1 21:13:57 Gate 1 (49.234.26.20) 关闭
2019-08-28 21:13:56 GS-1 [Warning]: 与DB 服务器断开连接....
2019-08-28 21:14:02 GS-1 释放--魔龙冰晶升级对象--结束
2019-08-28 21:14:02 GS-1 释放--天赐宝箱1--结束
2019-08-28 21:14:02 GS-1 释放--天赐宝箱2--结束
2019-08-28 21:14:02 GS-1 释放--一点充--结束
2019-08-28 21:14:02 GS-1 释放--事件管理对象--结束
2019-08-28 21:14:02 GS-1 释放--任务管理对象--结束
2019-08-28 21:14:02 GS-1 释放--升级提醒管理对象--结束
2019-08-28 21:14:02 GS-1 释放--GDMsg管理对象--结束
2019-08-28 21:14:02 GS-1 释放--跨地图寻路管理对象--结束
2019-08-28 21:14:02 GS-1 释放--沙巴克管理对象--结束
2019-08-28 21:14:02 GS-1 释放--中央活动服务器客户端--结束
2019-08-28 21:14:02 GS-1 释放--乾坤包--结束
2019-08-28 21:14:02 GS-1 正在清除模块-卧龙英雄管理-的配置表d:\Mud2.0\Mir200\Share\EngineConfig\卧龙英雄管理\Fortress-HERO1.txt
2019-08-28 21:14:02 GS-1 正在清除模块-卧龙英雄管理-的配置表d:\Mud2.0\Mir200\Share\EngineConfig\卧龙英雄管理\Fortress.txt
2019-08-28 21:14:02 GS-1 正在清除模块-游戏元素点阵管理-的配置表d:\Mud2.0\Mir200\Share\EngineConfig\游戏元素点阵管理\GMActEvent.txt
2019-08-28 21:14:02 GS-1 正在清除模块-信用分管理-的配置表d:\Mud2.0\Mir200\Share\EngineConfig\信用分管理\PlayerActivePoint.xml
2019-08-28 21:14:02 GS-1 正在清除模块-信用分管理-的配置表d:\Mud2.0\Mir200\Share\EngineConfig\信用分管理\MapActivePoint.xml
2019-08-28 21:14:02 GS-1 正在清除模块-摆摊交易-的配置表d:\Mud2.0\Mir200\Share\EngineConfig\摆摊交易\摊位基础设置.ini
2019-08-28 21:14:02 GS-1 正在清除模块-元宝商城管理-的配置表d:\Mud2.0\Mir200\Share\EngineConfig\元宝商城管理\YBGoods.sql
2019-08-28 21:14:02 GS-1 正在清除模块-小助手管理-的配置表d:\Mud2.0\Mir200\Share\EngineConfig\小助手管理\小助手.txt
2019-08-28 21:14:02 GS-1 正在清除模块-静态地图管理-的配置表d:\Mud2.0\Mir200\Share\EngineConfig\静态地图管理\MapDropLimitBagItems.xml
2019-08-28 21:14:03 GS-1 正在清除模块-装备合成管理-的配置表d:\Mud2.0\Mir200\Share\EngineConfig\装备合成管理\StrengthenEquip.xml
2019-08-28 21:14:03 GS-1 正在清除模块-藏宝图管理-的配置表d:\Mud2.0\Mir200\Share\EngineConfig\藏宝图管理\修复藏宝图.txt
2019-08-28 21:14:03 GS-1 正在清除模块-藏宝图管理-的配置表d:\Mud2.0\Mir200\Share\EngineConfig\藏宝图管理\魔龙藏宝图合成装备.txt
2019-08-28 21:14:03 GS-1 正在清除模块-衣服升级管理-的配置表d:\Mud2.0\Mir200\Share\EngineConfig\衣服升级管理\UpdateClothes.xml
2019-08-28 21:14:03 GS-1 正在清除模块-道具管理-的配置表d:\Mud2.0\Mir200\Share\EngineConfig\道具管理\宝石配置.txt
2019-08-28 21:14:03 GS-1 正在清除模块-世界暴率管理-的配置表d:\Mud2.0\Mir200\Share\EngineConfig\世界暴率管理\世界爆率文件1.txt
2019-08-28 21:14:03 GS-1 释放--跨GS消息管理对象--结束
2019-08-28 21:14:03 GS-1 释放--gate管理对象--结束
2019-08-28 21:14:03 GS-1 释放--魔法管理对象--结束
2019-08-28 21:14:03 GS-1 释放--套装管理对象--结束
2019-08-28 21:14:03 GS-1 释放--新暴率管理对象--结束
2019-08-28 21:14:03 GS-1 释放--角色信息初始化管理对象--结束
2019-08-28 21:14:03 GS-1 释放--GS本地日志--结束
2019-08-28 21:14:03 GS-1 释放--DBEngn对象--结束
2019-08-28 21:14:03 GS-1 释放--任务列表--结束
2019-08-28 21:14:03 GS-1 释放--buffer管理类--结束
2019-08-28 21:14:03 GS-1 释放--排行榜--结束
2019-08-28 21:14:03 GS-1 释放--免费回收--结束
2019-08-28 21:14:03 GS-1 释放--mysql对象--结束
2019-08-28 21:14:03 GS-1 ================ 服务停止 ==============
