2019-08-30 00:06:49 GS-1 -----------------------------------------------------
---[Monster]: Max RunDelay: 0; Max RunCount 0
---[Human]: Max RunDelay: 0; [Socket]: Max RunDelay: 0
---[App]: Min PerSecRun: 100; Max RunDelay 0
-----------------------------------------------------
2019-08-30 00:06:49 GS-1 ================ 服务启动 ==============
2019-08-30 00:06:49 GS-1 TPlayerBody Size - 1616
2019-08-30 00:06:49 GS-1 TPlayerDB Size - 61608
2019-08-30 00:06:49 GS-1 ======== 连接MySQL成功 =======
2019-08-30 00:06:49 GS-1 *** ***Gamelog 的下次清理时间为 : 09月06日03时*** ***
2019-08-30 00:06:49 GS-1 ==加载GM指令定义完成==
2019-08-30 00:06:49 GS-1 与 DB 服务器连接成功
2019-08-30 00:06:49 GS-1 [Error]: 火龙珠奖励配置错误！
2019-08-30 00:06:49 GS-1 [Error]: 抽取概率错误:赤金天赐->宝箱1:概率7
2019-08-30 00:06:49 GS-1 [Error]: 抽取概率错误:白银天赐->宝箱1:概率7
2019-08-30 00:06:49 GS-1 [Error]: 抽取概率错误:紫铜天赐->宝箱1:概率7
2019-08-30 00:06:49 GS-1 [Error]: 抽取概率错误:神秘天赐->宝箱1:概率7
2019-08-30 00:06:49 GS-1 [Error]: 抽取概率错误:檀木天赐->宝箱1:概率7
2019-08-30 00:06:49 GS-1 [Error]: 抽取概率错误:宝藏天赐 ->宝箱1:概率7
2019-08-30 00:06:49 GS-1 [Error]: StdItems 不存在的天赐：新年天赐
2019-08-30 00:06:49 GS-1 [Error]: StdItems 不存在的钥匙：新年钥匙
2019-08-30 00:06:49 GS-1 [Error]: StdItems 不存在的钥匙：春节钥匙
2019-08-30 00:06:49 GS-1 [Error]: StdItems 不存在的钥匙：节日钥匙
2019-08-30 00:06:49 GS-1 [Error]: StdItems 不存在的天赐：感恩天赐
2019-08-30 00:06:49 GS-1 [Error]: StdItems 不存在的钥匙：感恩钥匙
2019-08-30 00:06:49 GS-1 系统参数初始化完毕
2019-08-30 00:06:49 GS-1 准备加载NPC，共516个
2019-08-30 00:06:49 GS-1 已加载d:\Mud2.0\Mir200\Share\EngineConfig\系统信息管理\RollMsg.txt！
2019-08-30 00:06:49 GS-1 已加载d:\Mud2.0\Mir200\Share\EngineConfig\系统信息管理\掉落物品提示.txt！
2019-08-30 00:06:49 GS-1 已加载d:\Mud2.0\Mir200\Share\EngineConfig\卧龙英雄管理\Fortress.txt！
2019-08-30 00:06:49 GS-1 已加载d:\Mud2.0\Mir200\Share\EngineConfig\游戏元素点阵管理\GMActEvent.txt！
2019-08-30 00:06:49 GS-1    加载邮件信息成功,加载12个玩家的邮件。
2019-08-30 00:06:49 GS-1    加载邮件信息成功,加载37个玩家的邮件。
2019-08-30 00:06:49 GS-1 已加载d:\Mud2.0\Mir200\Share\EngineConfig\摆摊交易\摊位基础设置.ini！
2019-08-30 00:06:49 GS-1 刷新摊位过期将在2:55执行！
2019-08-30 00:06:49 GS-1   加载Stall成功，共加载摊位3个
2019-08-30 00:06:49 GS-1 [Information]: 寄售表创建成功!
2019-08-30 00:06:49 GS-1 [Information]: 寄售历史表创建成功!
2019-08-30 00:06:49 GS-1 [Information]: 更新超时订单成功!
2019-08-30 00:06:49 GS-1 已加载刷新商城时间：00:00:00.
2019-08-30 00:06:49 GS-1 已加载刷新商城时间：06:00:00.
2019-08-30 00:06:49 GS-1 已加载刷新商城时间：12:00:00.
2019-08-30 00:06:49 GS-1 载入商城物品列表，共5个类别，40种商品
2019-08-30 00:06:49 GS-1 ==> 加载商城物品 装饰类：11/11
2019-08-30 00:06:49 GS-1 ==> 加载商城物品 补给类：5/5
2019-08-30 00:06:49 GS-1 ==> 加载商城物品 强化类：15/15
2019-08-30 00:06:49 GS-1 ==> 加载商城物品 限量类：7/7
2019-08-30 00:06:49 GS-1 ==> 加载商城物品 好友类：2/2
2019-08-30 00:06:49 GS-1 ==> 加载商城物品 类：0/0
2019-08-30 00:06:49 GS-1 ==> 加载商城物品 类：0/0
2019-08-30 00:06:49 GS-1 ==> 加载商城物品 类：0/0
2019-08-30 00:06:49 GS-1    [删除错误数据] 删除用户表中不存在的战队成员
2019-08-30 00:06:49 GS-1    [删除错误数据] 清除战队队长不存在的项
2019-08-30 00:06:49 GS-1    [删除错误数据] 不存在战队的成员
2019-08-30 00:06:49 GS-1    正在加载战队...
2019-08-30 00:06:49 GS-1    战队表数量 : 0
2019-08-30 00:06:49 GS-1    加载战队数量:0
2019-08-30 00:06:49 GS-1    正在加载战队成员...
2019-08-30 00:06:49 GS-1    战队成员总数:0 加载成员数:0
2019-08-30 00:06:49 GS-1    正在检测战队数据有效性...
2019-08-30 00:06:49 GS-1    战队数据有效性检测完毕
2019-08-30 00:06:49 GS-1    [删除错误数据] 清除会长战队不存在行会
2019-08-30 00:06:49 GS-1    [删除错误数据] 清除行会不存在的行会成员
2019-08-30 00:06:49 GS-1    [删除错误数据] 清除行会不存在的行会关系ID排列错误的项
2019-08-30 00:06:49 GS-1    [删除错误数据] 清除行会不存在行会关系
2019-08-30 00:06:49 GS-1    [删除错误数据] 清除行会不存在关注行会
2019-08-30 00:06:49 GS-1    加载行会数量 : 0
2019-08-30 00:06:49 GS-1    加载行会成员(战队)数量 : 0
2019-08-30 00:06:49 GS-1    加载行会关系数量 : 0
2019-08-30 00:06:49 GS-1    加载关注行会数量 : 0
2019-08-30 00:06:49 GS-1    加载请求数量:5
2019-08-30 00:06:49 GS-1 [Error]: 小助手 不存在！
2019-08-30 00:06:49 GS-1 D411地图配置在MapInfo.txt 中不是LIMITBAGITEMDROP属性
2019-08-30 00:06:49 GS-1 D415地图配置在MapInfo.txt 中不是LIMITBAGITEMDROP属性
2019-08-30 00:06:49 GS-1 D416地图配置在MapInfo.txt 中不是LIMITBAGITEMDROP属性
2019-08-30 00:06:49 GS-1 信用分验证功能：开
2019-08-30 00:06:49 GS-1 GS脚本版本号：10001
2019-08-30 00:06:49 GS-1 更新排行榜，共计：23 页
2019-08-30 00:07:18 GS-1 载入商城热销商品列表，共31个。
2019-08-30 00:07:18 GS-1 ==> 加载商城热销榜:5
2019-08-30 00:07:23 GS-1 Gate 1 开启
2019-08-30 00:11:51 GS-1 -----------------------------------------------------
---[Monster]: Max RunDelay: 1281; Max RunCount 3129
---[Human]: Max RunDelay: 593; [Socket]: Max RunDelay: 16
---[App]: Min PerSecRun: 7; Max RunDelay 0
-----------------------------------------------------
2019-08-30 00:13:38 GS-1 [ChgLv] 幸运星 : 36->45 by 吴邪
2019-08-30 00:16:51 GS-1 -----------------------------------------------------
---[Monster]: Max RunDelay: 1046; Max RunCount 3167
---[Human]: Max RunDelay: 625; [Socket]: Max RunDelay: 31
---[App]: Min PerSecRun: 30; Max RunDelay 47
-----------------------------------------------------
2019-08-30 00:17:17 GS-1 08-30 00:17:17 User = 14 / 14
2019-08-30 00:21:52 GS-1 -----------------------------------------------------
---[Monster]: Max RunDelay: 1047; Max RunCount 3168
---[Human]: Max RunDelay: 593; [Socket]: Max RunDelay: 203
---[App]: Min PerSecRun: 17; Max RunDelay 47
-----------------------------------------------------
2019-08-30 00:26:53 GS-1 -----------------------------------------------------
---[Monster]: Max RunDelay: 282; Max RunCount 3149
---[Human]: Max RunDelay: 47; [Socket]: Max RunDelay: 16
---[App]: Min PerSecRun: 73; Max RunDelay 0
-----------------------------------------------------
2019-08-30 00:27:18 GS-1 08-30 00:27:18 User = 15 / 15
2019-08-30 00:31:54 GS-1 -----------------------------------------------------
---[Monster]: Max RunDelay: 282; Max RunCount 3194
---[Human]: Max RunDelay: 47; [Socket]: Max RunDelay: 15
---[App]: Min PerSecRun: 75; Max RunDelay 0
-----------------------------------------------------
2019-08-30 00:33:30 GS-1 [Error]: ==> YBSocketError, ErrorCode=10060
2019-08-30 00:36:55 GS-1 -----------------------------------------------------
---[Monster]: Max RunDelay: 266; Max RunCount 3185
---[Human]: Max RunDelay: 47; [Socket]: Max RunDelay: 16
---[App]: Min PerSecRun: 73; Max RunDelay 0
-----------------------------------------------------
2019-08-30 00:37:18 GS-1 08-30 00:37:18 User = 16 / 16
2019-08-30 00:41:32 GS-1   玩家： 幸运星，邮件Idx:  863，功加载了 1附件。
2019-08-30 00:41:56 GS-1 -----------------------------------------------------
---[Monster]: Max RunDelay: 313; Max RunCount 3221
---[Human]: Max RunDelay: 63; [Socket]: Max RunDelay: 16
---[App]: Min PerSecRun: 68; Max RunDelay 0
-----------------------------------------------------
2019-08-30 00:46:57 GS-1 -----------------------------------------------------
---[Monster]: Max RunDelay: 281; Max RunCount 3233
---[Human]: Max RunDelay: 63; [Socket]: Max RunDelay: 16
---[App]: Min PerSecRun: 74; Max RunDelay 0
-----------------------------------------------------
2019-08-30 00:47:18 GS-1 08-30 00:47:18 User = 17 / 17
2019-08-30 00:51:58 GS-1 -----------------------------------------------------
---[Monster]: Max RunDelay: 406; Max RunCount 3235
---[Human]: Max RunDelay: 109; [Socket]: Max RunDelay: 16
---[App]: Min PerSecRun: 65; Max RunDelay 47
-----------------------------------------------------
2019-08-30 00:56:59 GS-1 -----------------------------------------------------
---[Monster]: Max RunDelay: 406; Max RunCount 3217
---[Human]: Max RunDelay: 93; [Socket]: Max RunDelay: 16
---[App]: Min PerSecRun: 65; Max RunDelay 0
-----------------------------------------------------
2019-08-30 00:57:18 GS-1 08-30 00:57:18 User = 17 / 17
2019-08-30 01:01:52 GS-1   玩家： 福晁，邮件Idx:  861，功加载了 1附件。
2019-08-30 01:01:52 GS-1   玩家： 福晁，邮件Idx:  862，功加载了 1附件。
2019-08-30 01:02:00 GS-1 -----------------------------------------------------
---[Monster]: Max RunDelay: 375; Max RunCount 3249
---[Human]: Max RunDelay: 110; [Socket]: Max RunDelay: 16
---[App]: Min PerSecRun: 65; Max RunDelay 0
-----------------------------------------------------
2019-08-30 01:07:01 GS-1 -----------------------------------------------------
---[Monster]: Max RunDelay: 282; Max RunCount 3267
---[Human]: Max RunDelay: 78; [Socket]: Max RunDelay: 16
---[App]: Min PerSecRun: 73; Max RunDelay 16
-----------------------------------------------------
2019-08-30 01:07:18 GS-1 载入商城热销商品列表，共31个。
2019-08-30 01:07:18 GS-1 ==> 加载商城热销榜:5
2019-08-30 01:07:18 GS-1 08-30 01:07:18 User = 17 / 17
2019-08-30 01:12:02 GS-1 -----------------------------------------------------
---[Monster]: Max RunDelay: 297; Max RunCount 3301
---[Human]: Max RunDelay: 47; [Socket]: Max RunDelay: 16
---[App]: Min PerSecRun: 73; Max RunDelay 0
-----------------------------------------------------
2019-08-30 01:17:03 GS-1 -----------------------------------------------------
---[Monster]: Max RunDelay: 578; Max RunCount 3301
---[Human]: Max RunDelay: 453; [Socket]: Max RunDelay: 15
---[App]: Min PerSecRun: 46; Max RunDelay 0
-----------------------------------------------------
2019-08-30 01:17:18 GS-1 08-30 01:17:18 User = 16 / 16
2019-08-30 01:22:04 GS-1 -----------------------------------------------------
---[Monster]: Max RunDelay: 281; Max RunCount 3345
---[Human]: Max RunDelay: 47; [Socket]: Max RunDelay: 15
---[App]: Min PerSecRun: 74; Max RunDelay 0
-----------------------------------------------------
2019-08-30 01:27:05 GS-1 -----------------------------------------------------
---[Monster]: Max RunDelay: 297; Max RunCount 3271
---[Human]: Max RunDelay: 78; [Socket]: Max RunDelay: 15
---[App]: Min PerSecRun: 72; Max RunDelay 0
-----------------------------------------------------
2019-08-30 01:27:18 GS-1 08-30 01:27:18 User = 18 / 18
2019-08-30 01:32:06 GS-1 -----------------------------------------------------
---[Monster]: Max RunDelay: 281; Max RunCount 3316
---[Human]: Max RunDelay: 78; [Socket]: Max RunDelay: 16
---[App]: Min PerSecRun: 73; Max RunDelay 0
-----------------------------------------------------
2019-08-30 01:37:07 GS-1 -----------------------------------------------------
---[Monster]: Max RunDelay: 297; Max RunCount 3316
---[Human]: Max RunDelay: 47; [Socket]: Max RunDelay: 16
---[App]: Min PerSecRun: 70; Max RunDelay 0
-----------------------------------------------------
2019-08-30 01:37:18 GS-1 08-30 01:37:18 User = 17 / 17
2019-08-30 01:42:08 GS-1 -----------------------------------------------------
---[Monster]: Max RunDelay: 281; Max RunCount 3232
---[Human]: Max RunDelay: 63; [Socket]: Max RunDelay: 16
---[App]: Min PerSecRun: 74; Max RunDelay 0
-----------------------------------------------------
2019-08-30 01:47:09 GS-1 -----------------------------------------------------
---[Monster]: Max RunDelay: 547; Max RunCount 3386
---[Human]: Max RunDelay: 47; [Socket]: Max RunDelay: 16
---[App]: Min PerSecRun: 73; Max RunDelay 0
-----------------------------------------------------
2019-08-30 01:47:19 GS-1 08-30 01:47:19 User = 16 / 16
2019-08-30 01:52:10 GS-1 -----------------------------------------------------
---[Monster]: Max RunDelay: 266; Max RunCount 3332
---[Human]: Max RunDelay: 47; [Socket]: Max RunDelay: 16
---[App]: Min PerSecRun: 74; Max RunDelay 0
-----------------------------------------------------
2019-08-30 01:57:11 GS-1 -----------------------------------------------------
---[Monster]: Max RunDelay: 188; Max RunCount 3343
---[Human]: Max RunDelay: 47; [Socket]: Max RunDelay: 16
---[App]: Min PerSecRun: 74; Max RunDelay 15
-----------------------------------------------------
2019-08-30 01:57:19 GS-1 08-30 01:57:19 User = 16 / 16
2019-08-30 02:02:12 GS-1 -----------------------------------------------------
---[Monster]: Max RunDelay: 204; Max RunCount 3356
---[Human]: Max RunDelay: 63; [Socket]: Max RunDelay: 16
---[App]: Min PerSecRun: 74; Max RunDelay 0
-----------------------------------------------------
2019-08-30 02:07:13 GS-1 -----------------------------------------------------
---[Monster]: Max RunDelay: 359; Max RunCount 3359
---[Human]: Max RunDelay: 47; [Socket]: Max RunDelay: 16
---[App]: Min PerSecRun: 68; Max RunDelay 0
-----------------------------------------------------
2019-08-30 02:07:19 GS-1 载入商城热销商品列表，共31个。
2019-08-30 02:07:19 GS-1 ==> 加载商城热销榜:5
2019-08-30 02:07:19 GS-1 08-30 02:07:19 User = 15 / 15
2019-08-30 02:12:14 GS-1 -----------------------------------------------------
---[Monster]: Max RunDelay: 547; Max RunCount 3380
---[Human]: Max RunDelay: 47; [Socket]: Max RunDelay: 16
---[App]: Min PerSecRun: 54; Max RunDelay 0
-----------------------------------------------------
2019-08-30 02:17:15 GS-1 -----------------------------------------------------
---[Monster]: Max RunDelay: 297; Max RunCount 3367
---[Human]: Max RunDelay: 47; [Socket]: Max RunDelay: 16
---[App]: Min PerSecRun: 73; Max RunDelay 15
-----------------------------------------------------
2019-08-30 02:17:19 GS-1 08-30 02:17:19 User = 13 / 13
2019-08-30 02:22:16 GS-1 -----------------------------------------------------
---[Monster]: Max RunDelay: 281; Max RunCount 3366
---[Human]: Max RunDelay: 63; [Socket]: Max RunDelay: 15
---[App]: Min PerSecRun: 74; Max RunDelay 0
-----------------------------------------------------
2019-08-30 02:27:17 GS-1 -----------------------------------------------------
---[Monster]: Max RunDelay: 703; Max RunCount 3363
---[Human]: Max RunDelay: 578; [Socket]: Max RunDelay: 15
---[App]: Min PerSecRun: 70; Max RunDelay 0
-----------------------------------------------------
2019-08-30 02:27:18 GS-1 08-30 02:27:18 User = 13 / 13
2019-08-30 02:32:18 GS-1 -----------------------------------------------------
---[Monster]: Max RunDelay: 281; Max RunCount 3287
---[Human]: Max RunDelay: 47; [Socket]: Max RunDelay: 16
---[App]: Min PerSecRun: 74; Max RunDelay 0
-----------------------------------------------------
2019-08-30 02:37:19 GS-1 08-30 02:37:19 User = 14 / 14
2019-08-30 02:37:19 GS-1 -----------------------------------------------------
---[Monster]: Max RunDelay: 297; Max RunCount 3351
---[Human]: Max RunDelay: 62; [Socket]: Max RunDelay: 16
---[App]: Min PerSecRun: 73; Max RunDelay 16
-----------------------------------------------------
2019-08-30 02:42:20 GS-1 -----------------------------------------------------
---[Monster]: Max RunDelay: 281; Max RunCount 3371
---[Human]: Max RunDelay: 62; [Socket]: Max RunDelay: 15
---[App]: Min PerSecRun: 73; Max RunDelay 0
-----------------------------------------------------
2019-08-30 02:47:19 GS-1 08-30 02:47:19 User = 14 / 14
2019-08-30 02:47:21 GS-1 -----------------------------------------------------
---[Monster]: Max RunDelay: 282; Max RunCount 3280
---[Human]: Max RunDelay: 47; [Socket]: Max RunDelay: 15
---[App]: Min PerSecRun: 74; Max RunDelay 0
-----------------------------------------------------
2019-08-30 02:52:22 GS-1 -----------------------------------------------------
---[Monster]: Max RunDelay: 281; Max RunCount 3294
---[Human]: Max RunDelay: 47; [Socket]: Max RunDelay: 15
---[App]: Min PerSecRun: 73; Max RunDelay 15
-----------------------------------------------------
2019-08-30 02:57:19 GS-1 08-30 02:57:19 User = 14 / 14
2019-08-30 02:57:23 GS-1 -----------------------------------------------------
---[Monster]: Max RunDelay: 281; Max RunCount 3295
---[Human]: Max RunDelay: 47; [Socket]: Max RunDelay: 15
---[App]: Min PerSecRun: 75; Max RunDelay 0
-----------------------------------------------------
2019-08-30 03:02:24 GS-1 -----------------------------------------------------
---[Monster]: Max RunDelay: 266; Max RunCount 3293
---[Human]: Max RunDelay: 47; [Socket]: Max RunDelay: 15
---[App]: Min PerSecRun: 74; Max RunDelay 0
-----------------------------------------------------
2019-08-30 03:03:00 GS-1 
 *** *** 删除 加入战队、加入行会、行会联盟 的过期请求 : 2条 *** ***

2019-08-30 03:07:19 GS-1 载入商城热销商品列表，共31个。
2019-08-30 03:07:19 GS-1 ==> 加载商城热销榜:5
2019-08-30 03:07:19 GS-1 08-30 03:07:19 User = 13 / 13
2019-08-30 03:07:25 GS-1 -----------------------------------------------------
---[Monster]: Max RunDelay: 266; Max RunCount 3340
---[Human]: Max RunDelay: 47; [Socket]: Max RunDelay: 15
---[App]: Min PerSecRun: 74; Max RunDelay 0
-----------------------------------------------------
2019-08-30 03:12:26 GS-1 -----------------------------------------------------
---[Monster]: Max RunDelay: 266; Max RunCount 3331
---[Human]: Max RunDelay: 47; [Socket]: Max RunDelay: 15
---[App]: Min PerSecRun: 74; Max RunDelay 15
-----------------------------------------------------
2019-08-30 03:13:40 GS-1 [Error]: ==> YBSocketError, ErrorCode=10060
2019-08-30 03:17:19 GS-1 08-30 03:17:19 User = 14 / 14
2019-08-30 03:17:27 GS-1 -----------------------------------------------------
---[Monster]: Max RunDelay: 282; Max RunCount 3272
---[Human]: Max RunDelay: 47; [Socket]: Max RunDelay: 15
---[App]: Min PerSecRun: 74; Max RunDelay 0
-----------------------------------------------------
2019-08-30 03:22:28 GS-1 -----------------------------------------------------
---[Monster]: Max RunDelay: 281; Max RunCount 3255
---[Human]: Max RunDelay: 47; [Socket]: Max RunDelay: 15
---[App]: Min PerSecRun: 74; Max RunDelay 0
-----------------------------------------------------
2019-08-30 03:27:19 GS-1 08-30 03:27:19 User = 15 / 15
2019-08-30 03:27:29 GS-1 -----------------------------------------------------
---[Monster]: Max RunDelay: 282; Max RunCount 3254
---[Human]: Max RunDelay: 47; [Socket]: Max RunDelay: 15
---[App]: Min PerSecRun: 74; Max RunDelay 0
-----------------------------------------------------
2019-08-30 03:32:30 GS-1 -----------------------------------------------------
---[Monster]: Max RunDelay: 515; Max RunCount 3347
---[Human]: Max RunDelay: 47; [Socket]: Max RunDelay: 16
---[App]: Min PerSecRun: 53; Max RunDelay 0
-----------------------------------------------------
2019-08-30 03:37:19 GS-1 08-30 03:37:19 User = 14 / 14
2019-08-30 03:37:31 GS-1 -----------------------------------------------------
---[Monster]: Max RunDelay: 281; Max RunCount 3348
---[Human]: Max RunDelay: 62; [Socket]: Max RunDelay: 16
---[App]: Min PerSecRun: 74; Max RunDelay 0
-----------------------------------------------------
2019-08-30 03:42:32 GS-1 -----------------------------------------------------
---[Monster]: Max RunDelay: 281; Max RunCount 3350
---[Human]: Max RunDelay: 47; [Socket]: Max RunDelay: 16
---[App]: Min PerSecRun: 75; Max RunDelay 0
-----------------------------------------------------
2019-08-30 03:47:19 GS-1 08-30 03:47:19 User = 14 / 14
2019-08-30 03:47:33 GS-1 -----------------------------------------------------
---[Monster]: Max RunDelay: 500; Max RunCount 3299
---[Human]: Max RunDelay: 62; [Socket]: Max RunDelay: 16
---[App]: Min PerSecRun: 64; Max RunDelay 0
-----------------------------------------------------
2019-08-30 03:52:34 GS-1 -----------------------------------------------------
---[Monster]: Max RunDelay: 282; Max RunCount 3371
---[Human]: Max RunDelay: 47; [Socket]: Max RunDelay: 16
---[App]: Min PerSecRun: 74; Max RunDelay 0
-----------------------------------------------------
2019-08-30 03:57:19 GS-1 08-30 03:57:19 User = 14 / 14
2019-08-30 03:57:35 GS-1 -----------------------------------------------------
---[Monster]: Max RunDelay: 282; Max RunCount 3375
---[Human]: Max RunDelay: 63; [Socket]: Max RunDelay: 16
---[App]: Min PerSecRun: 74; Max RunDelay 0
-----------------------------------------------------
2019-08-30 04:02:36 GS-1 -----------------------------------------------------
---[Monster]: Max RunDelay: 281; Max RunCount 3362
---[Human]: Max RunDelay: 63; [Socket]: Max RunDelay: 16
---[App]: Min PerSecRun: 75; Max RunDelay 0
-----------------------------------------------------
2019-08-30 04:07:19 GS-1 载入商城热销商品列表，共31个。
2019-08-30 04:07:19 GS-1 ==> 加载商城热销榜:5
2019-08-30 04:07:19 GS-1 08-30 04:07:19 User = 14 / 14
2019-08-30 04:07:37 GS-1 -----------------------------------------------------
---[Monster]: Max RunDelay: 281; Max RunCount 3309
---[Human]: Max RunDelay: 47; [Socket]: Max RunDelay: 15
---[App]: Min PerSecRun: 74; Max RunDelay 0
-----------------------------------------------------
2019-08-30 04:12:38 GS-1 -----------------------------------------------------
---[Monster]: Max RunDelay: 282; Max RunCount 3365
---[Human]: Max RunDelay: 47; [Socket]: Max RunDelay: 15
---[App]: Min PerSecRun: 74; Max RunDelay 0
-----------------------------------------------------
2019-08-30 04:17:19 GS-1 08-30 04:17:19 User = 14 / 14
2019-08-30 04:17:39 GS-1 -----------------------------------------------------
---[Monster]: Max RunDelay: 266; Max RunCount 3321
---[Human]: Max RunDelay: 47; [Socket]: Max RunDelay: 15
---[App]: Min PerSecRun: 75; Max RunDelay 0
-----------------------------------------------------
2019-08-30 04:22:40 GS-1 -----------------------------------------------------
---[Monster]: Max RunDelay: 282; Max RunCount 3319
---[Human]: Max RunDelay: 47; [Socket]: Max RunDelay: 15
---[App]: Min PerSecRun: 75; Max RunDelay 0
-----------------------------------------------------
2019-08-30 04:27:19 GS-1 08-30 04:27:19 User = 14 / 14
2019-08-30 04:27:41 GS-1 -----------------------------------------------------
---[Monster]: Max RunDelay: 281; Max RunCount 3264
---[Human]: Max RunDelay: 62; [Socket]: Max RunDelay: 15
---[App]: Min PerSecRun: 74; Max RunDelay 16
-----------------------------------------------------
2019-08-30 04:32:42 GS-1 -----------------------------------------------------
---[Monster]: Max RunDelay: 266; Max RunCount 3263
---[Human]: Max RunDelay: 63; [Socket]: Max RunDelay: 15
---[App]: Min PerSecRun: 75; Max RunDelay 0
-----------------------------------------------------
2019-08-30 04:37:19 GS-1 08-30 04:37:19 User = 13 / 13
2019-08-30 04:37:43 GS-1 -----------------------------------------------------
---[Monster]: Max RunDelay: 282; Max RunCount 3263
---[Human]: Max RunDelay: 47; [Socket]: Max RunDelay: 15
---[App]: Min PerSecRun: 73; Max RunDelay 16
-----------------------------------------------------
2019-08-30 04:42:44 GS-1 -----------------------------------------------------
---[Monster]: Max RunDelay: 266; Max RunCount 3339
---[Human]: Max RunDelay: 47; [Socket]: Max RunDelay: 15
---[App]: Min PerSecRun: 74; Max RunDelay 16
-----------------------------------------------------
2019-08-30 04:47:19 GS-1 08-30 04:47:19 User = 12 / 12
2019-08-30 04:47:45 GS-1 -----------------------------------------------------
---[Monster]: Max RunDelay: 281; Max RunCount 3339
---[Human]: Max RunDelay: 62; [Socket]: Max RunDelay: 15
---[App]: Min PerSecRun: 75; Max RunDelay 0
-----------------------------------------------------
2019-08-30 04:52:46 GS-1 -----------------------------------------------------
---[Monster]: Max RunDelay: 281; Max RunCount 3309
---[Human]: Max RunDelay: 47; [Socket]: Max RunDelay: 15
---[App]: Min PerSecRun: 73; Max RunDelay 0
-----------------------------------------------------
2019-08-30 04:57:19 GS-1 08-30 04:57:19 User = 12 / 12
2019-08-30 04:57:47 GS-1 -----------------------------------------------------
---[Monster]: Max RunDelay: 282; Max RunCount 3309
---[Human]: Max RunDelay: 47; [Socket]: Max RunDelay: 16
---[App]: Min PerSecRun: 74; Max RunDelay 0
-----------------------------------------------------
2019-08-30 05:02:48 GS-1 -----------------------------------------------------
---[Monster]: Max RunDelay: 281; Max RunCount 3214
---[Human]: Max RunDelay: 47; [Socket]: Max RunDelay: 16
---[App]: Min PerSecRun: 75; Max RunDelay 0
-----------------------------------------------------
2019-08-30 05:07:19 GS-1 载入商城热销商品列表，共31个。
2019-08-30 05:07:19 GS-1 ==> 加载商城热销榜:5
2019-08-30 05:07:19 GS-1 08-30 05:07:19 User = 12 / 12
2019-08-30 05:07:49 GS-1 -----------------------------------------------------
---[Monster]: Max RunDelay: 266; Max RunCount 3302
---[Human]: Max RunDelay: 47; [Socket]: Max RunDelay: 16
---[App]: Min PerSecRun: 75; Max RunDelay 0
-----------------------------------------------------
2019-08-30 05:12:50 GS-1 -----------------------------------------------------
---[Monster]: Max RunDelay: 282; Max RunCount 3269
---[Human]: Max RunDelay: 47; [Socket]: Max RunDelay: 16
---[App]: Min PerSecRun: 74; Max RunDelay 16
-----------------------------------------------------
2019-08-30 05:17:19 GS-1 08-30 05:17:19 User = 12 / 12
2019-08-30 05:17:51 GS-1 -----------------------------------------------------
---[Monster]: Max RunDelay: 281; Max RunCount 3269
---[Human]: Max RunDelay: 47; [Socket]: Max RunDelay: 15
---[App]: Min PerSecRun: 74; Max RunDelay 0
-----------------------------------------------------
2019-08-30 05:22:09 GS-1 [Error]: ==> YBSocketError, ErrorCode=10060
2019-08-30 05:22:52 GS-1 -----------------------------------------------------
---[Monster]: Max RunDelay: 281; Max RunCount 3342
---[Human]: Max RunDelay: 47; [Socket]: Max RunDelay: 15
---[App]: Min PerSecRun: 75; Max RunDelay 0
-----------------------------------------------------
2019-08-30 05:27:19 GS-1 08-30 05:27:19 User = 12 / 12
2019-08-30 05:27:53 GS-1 -----------------------------------------------------
---[Monster]: Max RunDelay: 265; Max RunCount 3257
---[Human]: Max RunDelay: 47; [Socket]: Max RunDelay: 16
---[App]: Min PerSecRun: 75; Max RunDelay 0
-----------------------------------------------------
2019-08-30 05:32:53 GS-1 -----------------------------------------------------
---[Monster]: Max RunDelay: 469; Max RunCount 3240
---[Human]: Max RunDelay: 63; [Socket]: Max RunDelay: 16
---[App]: Min PerSecRun: 55; Max RunDelay 0
-----------------------------------------------------
2019-08-30 05:37:19 GS-1 08-30 05:37:19 User = 12 / 12
2019-08-30 05:37:54 GS-1 -----------------------------------------------------
---[Monster]: Max RunDelay: 281; Max RunCount 3269
---[Human]: Max RunDelay: 47; [Socket]: Max RunDelay: 16
---[App]: Min PerSecRun: 75; Max RunDelay 0
-----------------------------------------------------
2019-08-30 05:42:55 GS-1 -----------------------------------------------------
---[Monster]: Max RunDelay: 266; Max RunCount 3269
---[Human]: Max RunDelay: 47; [Socket]: Max RunDelay: 16
---[App]: Min PerSecRun: 75; Max RunDelay 0
-----------------------------------------------------
2019-08-30 05:47:19 GS-1 08-30 05:47:19 User = 13 / 13
2019-08-30 05:47:56 GS-1 -----------------------------------------------------
---[Monster]: Max RunDelay: 281; Max RunCount 3269
---[Human]: Max RunDelay: 47; [Socket]: Max RunDelay: 16
---[App]: Min PerSecRun: 73; Max RunDelay 0
-----------------------------------------------------
2019-08-30 05:52:57 GS-1 -----------------------------------------------------
---[Monster]: Max RunDelay: 266; Max RunCount 3216
---[Human]: Max RunDelay: 47; [Socket]: Max RunDelay: 16
---[App]: Min PerSecRun: 75; Max RunDelay 0
-----------------------------------------------------
2019-08-30 05:57:19 GS-1 08-30 05:57:19 User = 14 / 14
2019-08-30 05:57:58 GS-1 -----------------------------------------------------
---[Monster]: Max RunDelay: 266; Max RunCount 3269
---[Human]: Max RunDelay: 62; [Socket]: Max RunDelay: 16
---[App]: Min PerSecRun: 75; Max RunDelay 0
-----------------------------------------------------
2019-08-30 06:00:00 GS-1 载入商城物品列表，共5个类别，40种商品
2019-08-30 06:00:00 GS-1 ==> 加载商城物品 装饰类：11/11
2019-08-30 06:00:00 GS-1 ==> 加载商城物品 补给类：5/5
2019-08-30 06:00:00 GS-1 ==> 加载商城物品 强化类：15/15
2019-08-30 06:00:00 GS-1 ==> 加载商城物品 限量类：7/7
2019-08-30 06:00:00 GS-1 ==> 加载商城物品 好友类：2/2
2019-08-30 06:00:00 GS-1 ==> 加载商城物品 类：0/0
2019-08-30 06:00:00 GS-1 ==> 加载商城物品 类：0/0
2019-08-30 06:00:00 GS-1 ==> 加载商城物品 类：0/0
2019-08-30 06:02:59 GS-1 -----------------------------------------------------
---[Monster]: Max RunDelay: 329; Max RunCount 3238
---[Human]: Max RunDelay: 47; [Socket]: Max RunDelay: 16
---[App]: Min PerSecRun: 60; Max RunDelay 0
-----------------------------------------------------
2019-08-30 06:07:19 GS-1 载入商城热销商品列表，共31个。
2019-08-30 06:07:19 GS-1 ==> 加载商城热销榜:5
2019-08-30 06:07:19 GS-1 08-30 06:07:19 User = 13 / 13
2019-08-30 06:08:00 GS-1 -----------------------------------------------------
---[Monster]: Max RunDelay: 282; Max RunCount 3284
---[Human]: Max RunDelay: 47; [Socket]: Max RunDelay: 16
---[App]: Min PerSecRun: 74; Max RunDelay 0
-----------------------------------------------------
2019-08-30 06:13:01 GS-1 -----------------------------------------------------
---[Monster]: Max RunDelay: 266; Max RunCount 3254
---[Human]: Max RunDelay: 78; [Socket]: Max RunDelay: 16
---[App]: Min PerSecRun: 75; Max RunDelay 0
-----------------------------------------------------
2019-08-30 06:17:19 GS-1 08-30 06:17:19 User = 13 / 13
2019-08-30 06:18:02 GS-1 -----------------------------------------------------
---[Monster]: Max RunDelay: 266; Max RunCount 3254
---[Human]: Max RunDelay: 47; [Socket]: Max RunDelay: 16
---[App]: Min PerSecRun: 75; Max RunDelay 0
-----------------------------------------------------
2019-08-30 06:23:03 GS-1 -----------------------------------------------------
---[Monster]: Max RunDelay: 297; Max RunCount 3249
---[Human]: Max RunDelay: 47; [Socket]: Max RunDelay: 16
---[App]: Min PerSecRun: 74; Max RunDelay 16
-----------------------------------------------------
2019-08-30 06:27:19 GS-1 08-30 06:27:19 User = 13 / 13
2019-08-30 06:28:04 GS-1 -----------------------------------------------------
---[Monster]: Max RunDelay: 281; Max RunCount 3267
---[Human]: Max RunDelay: 47; [Socket]: Max RunDelay: 16
---[App]: Min PerSecRun: 74; Max RunDelay 15
-----------------------------------------------------
2019-08-30 06:29:38 GS-1 [脚本(修炼圣地-3.pas)缺函数]: ForgeDiaYB
2019-08-30 06:29:38 GS-1 --ReInitializet-- 因为点击NPC失败，重新刷新NPC...
2019-08-30 06:33:05 GS-1 -----------------------------------------------------
---[Monster]: Max RunDelay: 266; Max RunCount 3212
---[Human]: Max RunDelay: 47; [Socket]: Max RunDelay: 16
---[App]: Min PerSecRun: 75; Max RunDelay 0
-----------------------------------------------------
2019-08-30 06:37:19 GS-1 08-30 06:37:19 User = 14 / 14
2019-08-30 06:38:06 GS-1 -----------------------------------------------------
---[Monster]: Max RunDelay: 282; Max RunCount 3253
---[Human]: Max RunDelay: 47; [Socket]: Max RunDelay: 16
---[App]: Min PerSecRun: 74; Max RunDelay 0
-----------------------------------------------------
2019-08-30 06:43:07 GS-1 -----------------------------------------------------
---[Monster]: Max RunDelay: 282; Max RunCount 3283
---[Human]: Max RunDelay: 47; [Socket]: Max RunDelay: 16
---[App]: Min PerSecRun: 75; Max RunDelay 15
-----------------------------------------------------
2019-08-30 06:47:19 GS-1 08-30 06:47:19 User = 14 / 14
2019-08-30 06:48:08 GS-1 -----------------------------------------------------
---[Monster]: Max RunDelay: 281; Max RunCount 3351
---[Human]: Max RunDelay: 47; [Socket]: Max RunDelay: 16
---[App]: Min PerSecRun: 74; Max RunDelay 0
-----------------------------------------------------
2019-08-30 06:53:09 GS-1 -----------------------------------------------------
---[Monster]: Max RunDelay: 266; Max RunCount 3352
---[Human]: Max RunDelay: 62; [Socket]: Max RunDelay: 16
---[App]: Min PerSecRun: 75; Max RunDelay 0
-----------------------------------------------------
2019-08-30 06:57:19 GS-1 08-30 06:57:19 User = 15 / 15
2019-08-30 06:58:10 GS-1 -----------------------------------------------------
---[Monster]: Max RunDelay: 266; Max RunCount 3371
---[Human]: Max RunDelay: 47; [Socket]: Max RunDelay: 16
---[App]: Min PerSecRun: 74; Max RunDelay 0
-----------------------------------------------------
2019-08-30 07:03:11 GS-1 -----------------------------------------------------
---[Monster]: Max RunDelay: 266; Max RunCount 3371
---[Human]: Max RunDelay: 47; [Socket]: Max RunDelay: 16
---[App]: Min PerSecRun: 74; Max RunDelay 0
-----------------------------------------------------
2019-08-30 07:07:20 GS-1 载入商城热销商品列表，共31个。
2019-08-30 07:07:20 GS-1 ==> 加载商城热销榜:5
2019-08-30 07:07:20 GS-1 08-30 07:07:20 User = 9 / 9
2019-08-30 07:08:13 GS-1 -----------------------------------------------------
---[Monster]: Max RunDelay: 266; Max RunCount 3217
---[Human]: Max RunDelay: 47; [Socket]: Max RunDelay: 16
---[App]: Min PerSecRun: 75; Max RunDelay 0
-----------------------------------------------------
2019-08-30 07:13:14 GS-1 -----------------------------------------------------
---[Monster]: Max RunDelay: 281; Max RunCount 3230
---[Human]: Max RunDelay: 47; [Socket]: Max RunDelay: 15
---[App]: Min PerSecRun: 73; Max RunDelay 0
-----------------------------------------------------
2019-08-30 07:17:20 GS-1 08-30 07:17:20 User = 7 / 7
2019-08-30 07:18:15 GS-1 -----------------------------------------------------
---[Monster]: Max RunDelay: 281; Max RunCount 3335
---[Human]: Max RunDelay: 32; [Socket]: Max RunDelay: 15
---[App]: Min PerSecRun: 75; Max RunDelay 0
-----------------------------------------------------
2019-08-30 07:23:16 GS-1 -----------------------------------------------------
---[Monster]: Max RunDelay: 266; Max RunCount 3347
---[Human]: Max RunDelay: 47; [Socket]: Max RunDelay: 15
---[App]: Min PerSecRun: 74; Max RunDelay 0
-----------------------------------------------------
2019-08-30 07:27:20 GS-1 08-30 07:27:20 User = 6 / 6
2019-08-30 07:27:30 GS-1   玩家： 聆听心雨，邮件Idx:  864，功加载了 5附件。
2019-08-30 07:28:17 GS-1 -----------------------------------------------------
---[Monster]: Max RunDelay: 282; Max RunCount 3264
---[Human]: Max RunDelay: 47; [Socket]: Max RunDelay: 15
---[App]: Min PerSecRun: 75; Max RunDelay 0
-----------------------------------------------------
2019-08-30 07:33:18 GS-1 -----------------------------------------------------
---[Monster]: Max RunDelay: 265; Max RunCount 3253
---[Human]: Max RunDelay: 47; [Socket]: Max RunDelay: 15
---[App]: Min PerSecRun: 74; Max RunDelay 0
-----------------------------------------------------
2019-08-30 07:37:20 GS-1 08-30 07:37:20 User = 6 / 6
2019-08-30 07:38:19 GS-1 -----------------------------------------------------
---[Monster]: Max RunDelay: 593; Max RunCount 3373
---[Human]: Max RunDelay: 32; [Socket]: Max RunDelay: 16
---[App]: Min PerSecRun: 60; Max RunDelay 0
-----------------------------------------------------
2019-08-30 07:43:20 GS-1 -----------------------------------------------------
---[Monster]: Max RunDelay: 312; Max RunCount 3368
---[Human]: Max RunDelay: 47; [Socket]: Max RunDelay: 47
---[App]: Min PerSecRun: 69; Max RunDelay 0
-----------------------------------------------------
2019-08-30 07:47:20 GS-1 08-30 07:47:20 User = 4 / 4
2019-08-30 07:48:21 GS-1 -----------------------------------------------------
---[Monster]: Max RunDelay: 282; Max RunCount 3238
---[Human]: Max RunDelay: 63; [Socket]: Max RunDelay: 16
---[App]: Min PerSecRun: 75; Max RunDelay 0
-----------------------------------------------------
2019-08-30 07:53:22 GS-1 -----------------------------------------------------
---[Monster]: Max RunDelay: 1234; Max RunCount 3326
---[Human]: Max RunDelay: 406; [Socket]: Max RunDelay: 203
---[App]: Min PerSecRun: 6; Max RunDelay 0
-----------------------------------------------------
2019-08-30 07:57:20 GS-1 08-30 07:57:20 User = 4 / 4
2019-08-30 07:58:23 GS-1 -----------------------------------------------------
---[Monster]: Max RunDelay: 328; Max RunCount 3335
---[Human]: Max RunDelay: 31; [Socket]: Max RunDelay: 15
---[App]: Min PerSecRun: 70; Max RunDelay 0
-----------------------------------------------------
2019-08-30 08:03:24 GS-1 -----------------------------------------------------
---[Monster]: Max RunDelay: 1344; Max RunCount 3368
---[Human]: Max RunDelay: 406; [Socket]: Max RunDelay: 204
---[App]: Min PerSecRun: 7; Max RunDelay 0
-----------------------------------------------------
2019-08-30 08:07:20 GS-1 载入商城热销商品列表，共31个。
2019-08-30 08:07:20 GS-1 ==> 加载商城热销榜:5
2019-08-30 08:07:20 GS-1 08-30 08:07:20 User = 9 / 9
2019-08-30 08:08:25 GS-1 -----------------------------------------------------
---[Monster]: Max RunDelay: 765; Max RunCount 3368
---[Human]: Max RunDelay: 78; [Socket]: Max RunDelay: 203
---[App]: Min PerSecRun: 45; Max RunDelay 0
-----------------------------------------------------
2019-08-30 08:13:26 GS-1 -----------------------------------------------------
---[Monster]: Max RunDelay: 1156; Max RunCount 3372
---[Human]: Max RunDelay: 406; [Socket]: Max RunDelay: 16
---[App]: Min PerSecRun: 13; Max RunDelay 0
-----------------------------------------------------
2019-08-30 08:17:20 GS-1 08-30 08:17:20 User = 10 / 10
2019-08-30 08:18:27 GS-1 -----------------------------------------------------
---[Monster]: Max RunDelay: 1219; Max RunCount 3414
---[Human]: Max RunDelay: 391; [Socket]: Max RunDelay: 16
---[App]: Min PerSecRun: 5; Max RunDelay 16
-----------------------------------------------------
2019-08-30 08:23:28 GS-1 -----------------------------------------------------
---[Monster]: Max RunDelay: 360; Max RunCount 3436
---[Human]: Max RunDelay: 62; [Socket]: Max RunDelay: 16
---[App]: Min PerSecRun: 58; Max RunDelay 0
-----------------------------------------------------
2019-08-30 08:27:20 GS-1 08-30 08:27:20 User = 10 / 10
2019-08-30 08:28:29 GS-1 -----------------------------------------------------
---[Monster]: Max RunDelay: 266; Max RunCount 3380
---[Human]: Max RunDelay: 63; [Socket]: Max RunDelay: 15
---[App]: Min PerSecRun: 74; Max RunDelay 0
-----------------------------------------------------
2019-08-30 08:33:30 GS-1 -----------------------------------------------------
---[Monster]: Max RunDelay: 282; Max RunCount 3271
---[Human]: Max RunDelay: 32; [Socket]: Max RunDelay: 15
---[App]: Min PerSecRun: 74; Max RunDelay 0
-----------------------------------------------------
2019-08-30 08:37:20 GS-1 08-30 08:37:20 User = 9 / 9
2019-08-30 08:38:31 GS-1 -----------------------------------------------------
---[Monster]: Max RunDelay: 328; Max RunCount 3271
---[Human]: Max RunDelay: 47; [Socket]: Max RunDelay: 15
---[App]: Min PerSecRun: 71; Max RunDelay 0
-----------------------------------------------------
2019-08-30 08:43:31 GS-1 -----------------------------------------------------
---[Monster]: Max RunDelay: 469; Max RunCount 3390
---[Human]: Max RunDelay: 110; [Socket]: Max RunDelay: 16
---[App]: Min PerSecRun: 53; Max RunDelay 0
-----------------------------------------------------
2019-08-30 08:47:20 GS-1 08-30 08:47:20 User = 12 / 12
2019-08-30 08:48:32 GS-1 -----------------------------------------------------
---[Monster]: Max RunDelay: 313; Max RunCount 3364
---[Human]: Max RunDelay: 47; [Socket]: Max RunDelay: 15
---[App]: Min PerSecRun: 71; Max RunDelay 0
-----------------------------------------------------
2019-08-30 08:53:32 GS-1 -----------------------------------------------------
---[Monster]: Max RunDelay: 547; Max RunCount 3452
---[Human]: Max RunDelay: 219; [Socket]: Max RunDelay: 15
---[App]: Min PerSecRun: 52; Max RunDelay 0
-----------------------------------------------------
2019-08-30 08:57:20 GS-1 08-30 08:57:20 User = 12 / 12
2019-08-30 08:58:33 GS-1 -----------------------------------------------------
---[Monster]: Max RunDelay: 562; Max RunCount 3454
---[Human]: Max RunDelay: 312; [Socket]: Max RunDelay: 78
---[App]: Min PerSecRun: 54; Max RunDelay 16
-----------------------------------------------------
2019-08-30 09:03:34 GS-1 -----------------------------------------------------
---[Monster]: Max RunDelay: 579; Max RunCount 3449
---[Human]: Max RunDelay: 47; [Socket]: Max RunDelay: 16
---[App]: Min PerSecRun: 51; Max RunDelay 16
-----------------------------------------------------
2019-08-30 09:07:20 GS-1 载入商城热销商品列表，共31个。
2019-08-30 09:07:20 GS-1 ==> 加载商城热销榜:5
2019-08-30 09:07:21 GS-1 08-30 09:07:21 User = 10 / 10
2019-08-30 09:08:35 GS-1 -----------------------------------------------------
---[Monster]: Max RunDelay: 625; Max RunCount 3450
---[Human]: Max RunDelay: 375; [Socket]: Max RunDelay: 141
---[App]: Min PerSecRun: 48; Max RunDelay 0
-----------------------------------------------------
2019-08-30 09:13:36 GS-1 -----------------------------------------------------
---[Monster]: Max RunDelay: 703; Max RunCount 3451
---[Human]: Max RunDelay: 422; [Socket]: Max RunDelay: 203
---[App]: Min PerSecRun: 36; Max RunDelay 0
-----------------------------------------------------
2019-08-30 09:17:22 GS-1 08-30 09:17:22 User = 10 / 10
2019-08-30 09:18:37 GS-1 -----------------------------------------------------
---[Monster]: Max RunDelay: 765; Max RunCount 3450
---[Human]: Max RunDelay: 531; [Socket]: Max RunDelay: 16
---[App]: Min PerSecRun: 34; Max RunDelay 0
-----------------------------------------------------
2019-08-30 09:23:38 GS-1 -----------------------------------------------------
---[Monster]: Max RunDelay: 984; Max RunCount 3455
---[Human]: Max RunDelay: 625; [Socket]: Max RunDelay: 16
---[App]: Min PerSecRun: 24; Max RunDelay 15
-----------------------------------------------------
2019-08-30 09:26:26 GS-1 09:26:26 Gate 1 (49.234.26.20) 关闭
2019-08-30 09:26:31 GS-1 释放--魔龙冰晶升级对象--结束
2019-08-30 09:26:31 GS-1 释放--天赐宝箱1--结束
2019-08-30 09:26:31 GS-1 释放--天赐宝箱2--结束
2019-08-30 09:26:31 GS-1 释放--一点充--结束
2019-08-30 09:26:31 GS-1 释放--事件管理对象--结束
2019-08-30 09:26:31 GS-1 释放--任务管理对象--结束
2019-08-30 09:26:31 GS-1 释放--升级提醒管理对象--结束
2019-08-30 09:26:31 GS-1 释放--GDMsg管理对象--结束
2019-08-30 09:26:31 GS-1 释放--跨地图寻路管理对象--结束
2019-08-30 09:26:31 GS-1 释放--沙巴克管理对象--结束
2019-08-30 09:26:31 GS-1 释放--中央活动服务器客户端--结束
2019-08-30 09:26:31 GS-1 释放--乾坤包--结束
2019-08-30 09:26:31 GS-1 正在清除模块-卧龙英雄管理-的配置表d:\Mud2.0\Mir200\Share\EngineConfig\卧龙英雄管理\Fortress-HERO1.txt
2019-08-30 09:26:31 GS-1 正在清除模块-卧龙英雄管理-的配置表d:\Mud2.0\Mir200\Share\EngineConfig\卧龙英雄管理\Fortress.txt
2019-08-30 09:26:31 GS-1 正在清除模块-游戏元素点阵管理-的配置表d:\Mud2.0\Mir200\Share\EngineConfig\游戏元素点阵管理\GMActEvent.txt
2019-08-30 09:26:31 GS-1 正在清除模块-信用分管理-的配置表d:\Mud2.0\Mir200\Share\EngineConfig\信用分管理\PlayerActivePoint.xml
2019-08-30 09:26:31 GS-1 正在清除模块-信用分管理-的配置表d:\Mud2.0\Mir200\Share\EngineConfig\信用分管理\MapActivePoint.xml
2019-08-30 09:26:31 GS-1 正在清除模块-摆摊交易-的配置表d:\Mud2.0\Mir200\Share\EngineConfig\摆摊交易\摊位基础设置.ini
2019-08-30 09:26:31 GS-1 正在清除模块-元宝商城管理-的配置表d:\Mud2.0\Mir200\Share\EngineConfig\元宝商城管理\YBGoods.sql
2019-08-30 09:26:31 GS-1 [Exception]: SlowerExecute-Access violation at address 0063B346 in module 'M2Server.exe'. Read of address 0000002C
2019-08-30 09:26:31 GS-1 [Exception]: SlowerExecute-Access violation at address 0063B346 in module 'M2Server.exe'. Read of address 0000002C
2019-08-30 09:26:31 GS-1 [Exception]: SlowerExecute-Access violation at address 0063B346 in module 'M2Server.exe'. Read of address 0000002C
2019-08-30 09:26:31 GS-1 [Exception]: SlowerExecute-Access violation at address 0063B346 in module 'M2Server.exe'. Read of address 0000002C
2019-08-30 09:26:31 GS-1 [Exception]: SlowerExecute-Access violation at address 0063B346 in module 'M2Server.exe'. Read of address 0000002C
2019-08-30 09:26:31 GS-1 [Exception]: SlowerExecute-Access violation at address 0063B346 in module 'M2Server.exe'. Read of address 0000002C
2019-08-30 09:26:31 GS-1 [Exception]: SlowerExecute-Access violation at address 0063B346 in module 'M2Server.exe'. Read of address 0000002C
2019-08-30 09:26:31 GS-1 [Exception]: SlowerExecute-Access violation at address 0063B346 in module 'M2Server.exe'. Read of address 0000002C
2019-08-30 09:26:31 GS-1 [Exception]: SlowerExecute-Access violation at address 0063B346 in module 'M2Server.exe'. Read of address 0000002C
2019-08-30 09:26:31 GS-1 [Exception]: SlowerExecute-Access violation at address 0063B346 in module 'M2Server.exe'. Read of address 0000002C
2019-08-30 09:26:31 GS-1 [Exception]: SlowerExecute-Access violation at address 0063B346 in module 'M2Server.exe'. Read of address 0000002C
2019-08-30 09:26:31 GS-1 [Exception]: SlowerExecute-Access violation at address 0063B346 in module 'M2Server.exe'. Read of address 0000002C
2019-08-30 09:26:31 GS-1 [Exception]: SlowerExecute-Access violation at address 0063B346 in module 'M2Server.exe'. Read of address 0000002C
2019-08-30 09:26:31 GS-1 [Exception]: SlowerExecute-Access violation at address 0063B346 in module 'M2Server.exe'. Read of address 0000002C
2019-08-30 09:26:31 GS-1 [Exception]: SlowerExecute-Access violation at address 0063B346 in module 'M2Server.exe'. Read of address 0000002C
2019-08-30 09:26:31 GS-1 [Exception]: SlowerExecute-Access violation at address 0063B346 in module 'M2Server.exe'. Read of address 0000002C
2019-08-30 09:26:31 GS-1 [Exception]: SlowerExecute-Access violation at address 0063B346 in module 'M2Server.exe'. Read of address 0000002C
2019-08-30 09:26:31 GS-1 [Exception]: SlowerExecute-Access violation at address 0063B346 in module 'M2Server.exe'. Read of address 0000002C
2019-08-30 09:26:31 GS-1 [Exception]: SlowerExecute-Access violation at address 0063B346 in module 'M2Server.exe'. Read of address 0000002C
2019-08-30 09:26:31 GS-1 [Exception]: SlowerExecute-Access violation at address 0063B346 in module 'M2Server.exe'. Read of address 0000002C
2019-08-30 09:26:31 GS-1 [Exception]: SlowerExecute-Access violation at address 0063B346 in module 'M2Server.exe'. Read of address 0000002C
2019-08-30 09:26:31 GS-1 [Exception]: SlowerExecute-Access violation at address 0063B346 in module 'M2Server.exe'. Read of address 0000002C
2019-08-30 09:26:31 GS-1 [Exception]: SlowerExecute-Access violation at address 0063B346 in module 'M2Server.exe'. Read of address 0000002C
2019-08-30 09:26:31 GS-1 [Exception]: SlowerExecute-Access violation at address 0063B346 in module 'M2Server.exe'. Read of address 0000002C
2019-08-30 09:26:31 GS-1 [Exception]: SlowerExecute-Access violation at address 0063B346 in module 'M2Server.exe'. Read of address 0000002C
2019-08-30 09:26:31 GS-1 [Exception]: SlowerExecute-Access violation at address 0063B346 in module 'M2Server.exe'. Read of address 0000002C
2019-08-30 09:26:31 GS-1 [Exception]: SlowerExecute-Access violation at address 0063B346 in module 'M2Server.exe'. Read of address 0000002C
2019-08-30 09:26:31 GS-1 [Exception]: SlowerExecute-Access violation at address 0063B346 in module 'M2Server.exe'. Read of address 0000002C
2019-08-30 09:26:31 GS-1 [Exception]: SlowerExecute-Access violation at address 0063B346 in module 'M2Server.exe'. Read of address 0000002C
2019-08-30 09:26:31 GS-1 [Exception]: SlowerExecute-Access violation at address 0063B346 in module 'M2Server.exe'. Read of address 0000002C
2019-08-30 09:26:31 GS-1 [Exception]: SlowerExecute-Access violation at address 0063B346 in module 'M2Server.exe'. Read of address 0000002C
2019-08-30 09:26:31 GS-1 [Exception]: SlowerExecute-Access violation at address 0063B346 in module 'M2Server.exe'. Read of address 0000002C
2019-08-30 09:26:31 GS-1 [Exception]: SlowerExecute-Access violation at address 0063B346 in module 'M2Server.exe'. Read of address 0000002C
2019-08-30 09:26:31 GS-1 [Exception]: SlowerExecute-Access violation at address 0063B346 in module 'M2Server.exe'. Read of address 0000002C
2019-08-30 09:26:31 GS-1 [Exception]: SlowerExecute-Access violation at address 0063B346 in module 'M2Server.exe'. Read of address 0000002C
2019-08-30 09:26:31 GS-1 [Exception]: SlowerExecute-Access violation at address 0063B346 in module 'M2Server.exe'. Read of address 0000002C
2019-08-30 09:26:31 GS-1 [Exception]: SlowerExecute-Access violation at address 0063B346 in module 'M2Server.exe'. Read of address 0000002C
2019-08-30 09:26:31 GS-1 [Exception]: SlowerExecute-Access violation at address 0063B346 in module 'M2Server.exe'. Read of address 0000002C
2019-08-30 09:26:31 GS-1 [Exception]: SlowerExecute-Access violation at address 0063B346 in module 'M2Server.exe'. Read of address 0000002C
2019-08-30 09:26:31 GS-1 [Exception]: SlowerExecute-Access violation at address 0063B346 in module 'M2Server.exe'. Read of address 0000002C
2019-08-30 09:26:31 GS-1 正在清除模块-小助手管理-的配置表d:\Mud2.0\Mir200\Share\EngineConfig\小助手管理\小助手.txt
2019-08-30 09:26:31 GS-1 正在清除模块-静态地图管理-的配置表d:\Mud2.0\Mir200\Share\EngineConfig\静态地图管理\MapDropLimitBagItems.xml
2019-08-30 09:26:32 GS-1 正在清除模块-装备合成管理-的配置表d:\Mud2.0\Mir200\Share\EngineConfig\装备合成管理\StrengthenEquip.xml
2019-08-30 09:26:32 GS-1 正在清除模块-藏宝图管理-的配置表d:\Mud2.0\Mir200\Share\EngineConfig\藏宝图管理\修复藏宝图.txt
2019-08-30 09:26:32 GS-1 正在清除模块-藏宝图管理-的配置表d:\Mud2.0\Mir200\Share\EngineConfig\藏宝图管理\魔龙藏宝图合成装备.txt
2019-08-30 09:26:32 GS-1 正在清除模块-衣服升级管理-的配置表d:\Mud2.0\Mir200\Share\EngineConfig\衣服升级管理\UpdateClothes.xml
2019-08-30 09:26:32 GS-1 正在清除模块-道具管理-的配置表d:\Mud2.0\Mir200\Share\EngineConfig\道具管理\宝石配置.txt
2019-08-30 09:26:32 GS-1 正在清除模块-世界暴率管理-的配置表d:\Mud2.0\Mir200\Share\EngineConfig\世界暴率管理\世界爆率文件1.txt
2019-08-30 09:26:32 GS-1 释放--跨GS消息管理对象--结束
2019-08-30 09:26:32 GS-1 释放--gate管理对象--结束
2019-08-30 09:26:32 GS-1 释放--魔法管理对象--结束
2019-08-30 09:26:32 GS-1 释放--套装管理对象--结束
2019-08-30 09:26:32 GS-1 释放--新暴率管理对象--结束
2019-08-30 09:26:32 GS-1 释放--角色信息初始化管理对象--结束
2019-08-30 09:26:32 GS-1 [Exception]: SlowerExecute-Access violation at address 0063B346 in module 'M2Server.exe'. Read of address 0000002C
2019-08-30 09:26:32 GS-1 释放--GS本地日志--结束
2019-08-30 09:26:32 GS-1 释放--DBEngn对象--结束
2019-08-30 09:26:32 GS-1 释放--任务列表--结束
2019-08-30 09:26:32 GS-1 释放--buffer管理类--结束
2019-08-30 09:26:32 GS-1 释放--排行榜--结束
2019-08-30 09:26:32 GS-1 释放--免费回收--结束
2019-08-30 09:26:32 GS-1 释放--mysql对象--结束
2019-08-30 09:26:32 GS-1 ================ 服务停止 ==============
