2019-07-22 10:00:34 GS-1 -----------------------------------------------------
---[Monster]: Max RunDelay: 0; Max RunCount 0
---[Human]: Max RunDelay: 0; [Socket]: Max RunDelay: 0
---[App]: Min PerSecRun: 100; Max RunDelay 0
-----------------------------------------------------
2019-07-22 10:00:34 GS-1 ================ 服务启动 ==============
2019-07-22 10:00:34 GS-1 TPlayerBody Size - 1616
2019-07-22 10:00:34 GS-1 TPlayerDB Size - 61608
2019-07-22 10:00:34 GS-1 ======== 连接MySQL成功 =======
2019-07-22 10:00:34 GS-1 *** ***Gamelog 的下次清理时间为 : 07月29日03时*** ***
2019-07-22 10:00:34 GS-1 ==加载GM指令定义完成==
2019-07-22 10:00:34 GS-1 与 DB 服务器连接成功
2019-07-22 10:00:34 GS-1 [Error]: 火龙珠奖励配置错误！
2019-07-22 10:00:34 GS-1 [Error]: 抽取概率错误:赤金天赐->宝箱1:概率7
2019-07-22 10:00:34 GS-1 [Error]: 抽取概率错误:白银天赐->宝箱1:概率7
2019-07-22 10:00:34 GS-1 [Error]: 抽取概率错误:紫铜天赐->宝箱1:概率7
2019-07-22 10:00:34 GS-1 [Error]: 抽取概率错误:神秘天赐->宝箱1:概率7
2019-07-22 10:00:34 GS-1 [Error]: 抽取概率错误:檀木天赐->宝箱1:概率7
2019-07-22 10:00:34 GS-1 [Error]: 抽取概率错误:宝藏天赐 ->宝箱1:概率7
2019-07-22 10:00:34 GS-1 [Error]: StdItems 不存在的天赐：新年天赐
2019-07-22 10:00:34 GS-1 [Error]: StdItems 不存在的钥匙：新年钥匙
2019-07-22 10:00:34 GS-1 [Error]: StdItems 不存在的钥匙：春节钥匙
2019-07-22 10:00:34 GS-1 [Error]: StdItems 不存在的钥匙：节日钥匙
2019-07-22 10:00:34 GS-1 [Error]: StdItems 不存在的天赐：感恩天赐
2019-07-22 10:00:34 GS-1 [Error]: StdItems 不存在的钥匙：感恩钥匙
2019-07-22 10:00:34 GS-1 系统参数初始化完毕
2019-07-22 10:00:34 GS-1 准备加载NPC，共505个
2019-07-22 10:00:34 GS-1 已加载d:\Mud2.0\Mir200\Share\EngineConfig\系统信息管理\RollMsg.txt！
2019-07-22 10:00:34 GS-1 已加载d:\Mud2.0\Mir200\Share\EngineConfig\系统信息管理\掉落物品提示.txt！
2019-07-22 10:00:34 GS-1 已加载d:\Mud2.0\Mir200\Share\EngineConfig\卧龙英雄管理\Fortress.txt！
2019-07-22 10:00:34 GS-1 已加载d:\Mud2.0\Mir200\Share\EngineConfig\游戏元素点阵管理\GMActEvent.txt！
2019-07-22 10:00:34 GS-1    加载邮件信息成功,加载0个玩家的邮件。
2019-07-22 10:00:34 GS-1    加载邮件信息成功,加载0个玩家的邮件。
2019-07-22 10:00:34 GS-1 已加载d:\Mud2.0\Mir200\Share\EngineConfig\摆摊交易\摊位基础设置.ini！
2019-07-22 10:00:34 GS-1 刷新摊位过期将在2:55执行！
2019-07-22 10:00:34 GS-1   加载Stall成功，共加载摊位0个
2019-07-22 10:00:34 GS-1 [Information]: 寄售表创建成功!
2019-07-22 10:00:34 GS-1 [Information]: 寄售历史表创建成功!
2019-07-22 10:00:34 GS-1 [Information]: 更新超时订单成功!
2019-07-22 10:00:34 GS-1 已加载刷新商城时间：00:00:00.
2019-07-22 10:00:34 GS-1 已加载刷新商城时间：06:00:00.
2019-07-22 10:00:34 GS-1 已加载刷新商城时间：12:00:00.
2019-07-22 10:00:34 GS-1 载入商城物品列表，共5个类别，36种商品
2019-07-22 10:00:34 GS-1 ==> 加载商城物品 装饰类：11/11
2019-07-22 10:00:34 GS-1 ==> 加载商城物品 补给类：3/3
2019-07-22 10:00:34 GS-1 ==> 加载商城物品 强化类：15/15
2019-07-22 10:00:34 GS-1 ==> 加载商城物品 限量类：5/5
2019-07-22 10:00:34 GS-1 ==> 加载商城物品 好友类：2/2
2019-07-22 10:00:34 GS-1 ==> 加载商城物品 类：0/0
2019-07-22 10:00:34 GS-1 ==> 加载商城物品 类：0/0
2019-07-22 10:00:34 GS-1 ==> 加载商城物品 类：0/0
2019-07-22 10:00:34 GS-1    [删除错误数据] 删除用户表中不存在的战队成员
2019-07-22 10:00:34 GS-1    [删除错误数据] 清除战队队长不存在的项
2019-07-22 10:00:34 GS-1    [删除错误数据] 不存在战队的成员
2019-07-22 10:00:34 GS-1    正在加载战队...
2019-07-22 10:00:34 GS-1    战队表数量 : 2
2019-07-22 10:00:34 GS-1    战队表数量 : 0
2019-07-22 10:00:34 GS-1    加载战队数量:2
2019-07-22 10:00:34 GS-1    正在加载战队成员...
2019-07-22 10:00:34 GS-1    战队成员总数:3 加载成员数:3
2019-07-22 10:00:34 GS-1    正在检测战队数据有效性...
2019-07-22 10:00:34 GS-1    战队数据有效性检测完毕
2019-07-22 10:00:34 GS-1    [删除错误数据] 清除会长战队不存在行会
2019-07-22 10:00:34 GS-1    [删除错误数据] 清除行会不存在的行会成员
2019-07-22 10:00:34 GS-1    [删除错误数据] 清除行会不存在的行会关系ID排列错误的项
2019-07-22 10:00:34 GS-1    [删除错误数据] 清除行会不存在行会关系
2019-07-22 10:00:34 GS-1    [删除错误数据] 清除行会不存在关注行会
2019-07-22 10:00:34 GS-1    加载行会数量 : 2
2019-07-22 10:00:34 GS-1    加载行会成员(战队)数量 : 2
2019-07-22 10:00:34 GS-1    加载行会关系数量 : 0
2019-07-22 10:00:34 GS-1    加载关注行会数量 : 0
2019-07-22 10:00:34 GS-1    加载请求数量:1
2019-07-22 10:00:34 GS-1 [Error]: 小助手 不存在！
2019-07-22 10:00:34 GS-1 D411地图配置在MapInfo.txt 中不是LIMITBAGITEMDROP属性
2019-07-22 10:00:34 GS-1 D415地图配置在MapInfo.txt 中不是LIMITBAGITEMDROP属性
2019-07-22 10:00:34 GS-1 D416地图配置在MapInfo.txt 中不是LIMITBAGITEMDROP属性
2019-07-22 10:00:34 GS-1 信用分验证功能：开
2019-07-22 10:00:34 GS-1 GS脚本版本号：10001
2019-07-22 10:00:34 GS-1 更新排行榜，共计：25 页
2019-07-22 10:01:10 GS-1 载入商城热销商品列表，共22个。
2019-07-22 10:01:10 GS-1 ==> 加载商城热销榜:5
2019-07-22 10:01:10 GS-1 [Error]: TFieldHero.FillDBData: 龙纹不存在！
2019-07-22 10:01:14 GS-1 Gate 1 开启
2019-07-22 10:04:25 GS-1 开始大刷NPC
2019-07-22 10:04:46 GS-1 开始大刷NPC
2019-07-22 10:05:04 GS-1 开始大刷NPC
2019-07-22 10:05:23 GS-1 开始大刷NPC
2019-07-22 10:05:35 GS-1 -----------------------------------------------------
---[Monster]: Max RunDelay: 829; Max RunCount 3146
---[Human]: Max RunDelay: 562; [Socket]: Max RunDelay: 109
---[App]: Min PerSecRun: 42; Max RunDelay 0
-----------------------------------------------------
2019-07-22 10:05:38 GS-1 开始大刷NPC
2019-07-22 10:05:57 GS-1 开始大刷NPC
2019-07-22 10:07:26 GS-1 开始大刷NPC
2019-07-22 10:09:46 GS-1 开始大刷NPC
2019-07-22 10:10:02 GS-1 开始大刷NPC
2019-07-22 10:10:36 GS-1 -----------------------------------------------------
---[Monster]: Max RunDelay: 407; Max RunCount 3159
---[Human]: Max RunDelay: 219; [Socket]: Max RunDelay: 46
---[App]: Min PerSecRun: 47; Max RunDelay 16
-----------------------------------------------------
2019-07-22 10:11:08 GS-1 07-22 10:11:08 User = 2 / 2
2019-07-22 10:15:37 GS-1 -----------------------------------------------------
---[Monster]: Max RunDelay: 313; Max RunCount 3206
---[Human]: Max RunDelay: 93; [Socket]: Max RunDelay: 47
---[App]: Min PerSecRun: 70; Max RunDelay 0
-----------------------------------------------------
2019-07-22 10:20:38 GS-1 -----------------------------------------------------
---[Monster]: Max RunDelay: 282; Max RunCount 3213
---[Human]: Max RunDelay: 94; [Socket]: Max RunDelay: 47
---[App]: Min PerSecRun: 65; Max RunDelay 0
-----------------------------------------------------
2019-07-22 10:21:10 GS-1 07-22 10:21:10 User = 2 / 2
2019-07-22 10:22:13 GS-1 开始大刷NPC
2019-07-22 10:23:51 GS-1 开始大刷NPC
2019-07-22 10:25:39 GS-1 -----------------------------------------------------
---[Monster]: Max RunDelay: 312; Max RunCount 3234
---[Human]: Max RunDelay: 79; [Socket]: Max RunDelay: 31
---[App]: Min PerSecRun: 72; Max RunDelay 0
-----------------------------------------------------
2019-07-22 10:30:40 GS-1 -----------------------------------------------------
---[Monster]: Max RunDelay: 282; Max RunCount 3206
---[Human]: Max RunDelay: 78; [Socket]: Max RunDelay: 47
---[App]: Min PerSecRun: 73; Max RunDelay 0
-----------------------------------------------------
2019-07-22 10:31:09 GS-1 07-22 10:31:09 User = 3 / 3
2019-07-22 10:35:41 GS-1 -----------------------------------------------------
---[Monster]: Max RunDelay: 360; Max RunCount 3207
---[Human]: Max RunDelay: 47; [Socket]: Max RunDelay: 16
---[App]: Min PerSecRun: 70; Max RunDelay 0
-----------------------------------------------------
2019-07-22 10:40:42 GS-1 -----------------------------------------------------
---[Monster]: Max RunDelay: 297; Max RunCount 3206
---[Human]: Max RunDelay: 47; [Socket]: Max RunDelay: 16
---[App]: Min PerSecRun: 75; Max RunDelay 0
-----------------------------------------------------
2019-07-22 10:41:09 GS-1 07-22 10:41:09 User = 2 / 2
2019-07-22 10:45:03 GS-1 开始大刷NPC
2019-07-22 10:45:43 GS-1 -----------------------------------------------------
---[Monster]: Max RunDelay: 2000; Max RunCount 3195
---[Human]: Max RunDelay: 828; [Socket]: Max RunDelay: 422
---[App]: Min PerSecRun: 6; Max RunDelay 0
-----------------------------------------------------
2019-07-22 10:50:43 GS-1 -----------------------------------------------------
---[Monster]: Max RunDelay: 1719; Max RunCount 3206
---[Human]: Max RunDelay: 719; [Socket]: Max RunDelay: 422
---[App]: Min PerSecRun: 9; Max RunDelay 0
-----------------------------------------------------
2019-07-22 10:51:10 GS-1 07-22 10:51:10 User = 3 / 3
2019-07-22 10:54:58 GS-1 开始大刷NPC
2019-07-22 10:55:44 GS-1 -----------------------------------------------------
---[Monster]: Max RunDelay: 1531; Max RunCount 3206
---[Human]: Max RunDelay: 672; [Socket]: Max RunDelay: 313
---[App]: Min PerSecRun: 21; Max RunDelay 0
-----------------------------------------------------
2019-07-22 11:00:45 GS-1 -----------------------------------------------------
---[Monster]: Max RunDelay: 1046; Max RunCount 3206
---[Human]: Max RunDelay: 438; [Socket]: Max RunDelay: 47
---[App]: Min PerSecRun: 29; Max RunDelay 0
-----------------------------------------------------
2019-07-22 11:01:10 GS-1 载入商城热销商品列表，共22个。
2019-07-22 11:01:10 GS-1 ==> 加载商城热销榜:5
2019-07-22 11:01:11 GS-1 07-22 11:01:11 User = 3 / 3
2019-07-22 11:05:46 GS-1 -----------------------------------------------------
---[Monster]: Max RunDelay: 1266; Max RunCount 3206
---[Human]: Max RunDelay: 672; [Socket]: Max RunDelay: 344
---[App]: Min PerSecRun: 9; Max RunDelay 0
-----------------------------------------------------
2019-07-22 11:10:47 GS-1 -----------------------------------------------------
---[Monster]: Max RunDelay: 1766; Max RunCount 3206
---[Human]: Max RunDelay: 640; [Socket]: Max RunDelay: 359
---[App]: Min PerSecRun: 4; Max RunDelay 0
-----------------------------------------------------
2019-07-22 11:11:10 GS-1 07-22 11:11:10 User = 3 / 3
2019-07-22 11:15:48 GS-1 -----------------------------------------------------
---[Monster]: Max RunDelay: 953; Max RunCount 3206
---[Human]: Max RunDelay: 454; [Socket]: Max RunDelay: 172
---[App]: Min PerSecRun: 33; Max RunDelay 0
-----------------------------------------------------
2019-07-22 11:20:48 GS-1 -----------------------------------------------------
---[Monster]: Max RunDelay: 656; Max RunCount 3207
---[Human]: Max RunDelay: 344; [Socket]: Max RunDelay: 125
---[App]: Min PerSecRun: 38; Max RunDelay 0
-----------------------------------------------------
2019-07-22 11:21:11 GS-1 07-22 11:21:11 User = 3 / 3
2019-07-22 11:25:49 GS-1 -----------------------------------------------------
---[Monster]: Max RunDelay: 3218; Max RunCount 3207
---[Human]: Max RunDelay: 531; [Socket]: Max RunDelay: 406
---[App]: Min PerSecRun: 13; Max RunDelay 47
-----------------------------------------------------
2019-07-22 11:30:50 GS-1 -----------------------------------------------------
---[Monster]: Max RunDelay: 1890; Max RunCount 3207
---[Human]: Max RunDelay: 203; [Socket]: Max RunDelay: 343
---[App]: Min PerSecRun: 3; Max RunDelay 0
-----------------------------------------------------
2019-07-22 11:30:58 GS-1 [脚本(武器升级-GA0.pas)缺函数]: ForgeDiaYB
2019-07-22 11:30:58 GS-1 --ReInitializet-- 因为点击NPC失败，重新刷新NPC...
2019-07-22 11:31:09 GS-1 [脚本(武器升级-GA0.pas)缺函数]: ForgeDiaYB
2019-07-22 11:31:09 GS-1 --ReInitializet-- 因为点击NPC失败，重新刷新NPC...
2019-07-22 11:31:12 GS-1 07-22 11:31:12 User = 3 / 3
2019-07-22 11:31:16 GS-1 [脚本(武器升级-GA0.pas)缺函数]: ForgeDiaYB
2019-07-22 11:31:16 GS-1 --ReInitializet-- 因为点击NPC失败，重新刷新NPC...
2019-07-22 11:31:21 GS-1 [脚本(武器升级-GA0.pas)缺函数]: ForgeDiaYB
2019-07-22 11:31:21 GS-1 --ReInitializet-- 因为点击NPC失败，重新刷新NPC...
2019-07-22 11:31:26 GS-1 [脚本(武器升级-GA0.pas)缺函数]: ForgeDiaYB
2019-07-22 11:31:26 GS-1 --ReInitializet-- 因为点击NPC失败，重新刷新NPC...
2019-07-22 11:31:31 GS-1 [脚本(武器升级-GA0.pas)缺函数]: ForgeDiaYB
2019-07-22 11:31:31 GS-1 --ReInitializet-- 因为点击NPC失败，重新刷新NPC...
2019-07-22 11:31:36 GS-1 [脚本(武器升级-GA0.pas)缺函数]: ForgeDiaYB
2019-07-22 11:31:36 GS-1 --ReInitializet-- 因为点击NPC失败，重新刷新NPC...
2019-07-22 11:31:42 GS-1 [脚本(武器升级-GA0.pas)缺函数]: ForgeDiaYB
2019-07-22 11:31:42 GS-1 --ReInitializet-- 因为点击NPC失败，重新刷新NPC...
2019-07-22 11:31:57 GS-1 [脚本(武器升级-GA0.pas)缺函数]: ForgeDiaYB
2019-07-22 11:31:57 GS-1 --ReInitializet-- 因为点击NPC失败，重新刷新NPC...
2019-07-22 11:32:02 GS-1 [脚本(武器升级-GA0.pas)缺函数]: ForgeDiaYB
2019-07-22 11:32:02 GS-1 --ReInitializet-- 因为点击NPC失败，重新刷新NPC...
2019-07-22 11:35:50 GS-1 -----------------------------------------------------
---[Monster]: Max RunDelay: 407; Max RunCount 3207
---[Human]: Max RunDelay: 32; [Socket]: Max RunDelay: 16
---[App]: Min PerSecRun: 54; Max RunDelay 0
-----------------------------------------------------
2019-07-22 11:40:50 GS-1 -----------------------------------------------------
---[Monster]: Max RunDelay: 3969; Max RunCount 3206
---[Human]: Max RunDelay: 3640; [Socket]: Max RunDelay: 31
---[App]: Min PerSecRun: 33; Max RunDelay 16
-----------------------------------------------------
2019-07-22 11:41:11 GS-1 07-22 11:41:11 User = 3 / 3
2019-07-22 11:45:52 GS-1 -----------------------------------------------------
---[Monster]: Max RunDelay: 656; Max RunCount 3208
---[Human]: Max RunDelay: 188; [Socket]: Max RunDelay: 47
---[App]: Min PerSecRun: 32; Max RunDelay 32
-----------------------------------------------------
2019-07-22 11:50:53 GS-1 -----------------------------------------------------
---[Monster]: Max RunDelay: 703; Max RunCount 3208
---[Human]: Max RunDelay: 250; [Socket]: Max RunDelay: 47
---[App]: Min PerSecRun: 31; Max RunDelay 0
-----------------------------------------------------
2019-07-22 11:51:12 GS-1 07-22 11:51:12 User = 3 / 3
2019-07-22 11:55:53 GS-1 -----------------------------------------------------
---[Monster]: Max RunDelay: 735; Max RunCount 3152
---[Human]: Max RunDelay: 219; [Socket]: Max RunDelay: 203
---[App]: Min PerSecRun: 29; Max RunDelay 0
-----------------------------------------------------
2019-07-22 12:00:00 GS-1 载入商城物品列表，共5个类别，36种商品
2019-07-22 12:00:00 GS-1 ==> 加载商城物品 装饰类：11/11
2019-07-22 12:00:00 GS-1 ==> 加载商城物品 补给类：3/3
2019-07-22 12:00:00 GS-1 ==> 加载商城物品 强化类：15/15
2019-07-22 12:00:00 GS-1 ==> 加载商城物品 限量类：5/5
2019-07-22 12:00:00 GS-1 ==> 加载商城物品 好友类：2/2
2019-07-22 12:00:00 GS-1 ==> 加载商城物品 类：0/0
2019-07-22 12:00:00 GS-1 ==> 加载商城物品 类：0/0
2019-07-22 12:00:00 GS-1 ==> 加载商城物品 类：0/0
2019-07-22 12:00:54 GS-1 -----------------------------------------------------
---[Monster]: Max RunDelay: 844; Max RunCount 3209
---[Human]: Max RunDelay: 391; [Socket]: Max RunDelay: 62
---[App]: Min PerSecRun: 29; Max RunDelay 0
-----------------------------------------------------
2019-07-22 12:01:11 GS-1 载入商城热销商品列表，共23个。
2019-07-22 12:01:11 GS-1 ==> 加载商城热销榜:5
2019-07-22 12:01:13 GS-1 07-22 12:01:13 User = 3 / 3
2019-07-22 12:05:55 GS-1 -----------------------------------------------------
---[Monster]: Max RunDelay: 547; Max RunCount 3209
---[Human]: Max RunDelay: 250; [Socket]: Max RunDelay: 63
---[App]: Min PerSecRun: 42; Max RunDelay 0
-----------------------------------------------------
2019-07-22 12:10:57 GS-1 -----------------------------------------------------
---[Monster]: Max RunDelay: 688; Max RunCount 3230
---[Human]: Max RunDelay: 344; [Socket]: Max RunDelay: 109
---[App]: Min PerSecRun: 43; Max RunDelay 0
-----------------------------------------------------
2019-07-22 12:11:12 GS-1 07-22 12:11:12 User = 3 / 3
2019-07-22 12:15:09 GS-1 12:15:09 Gate 1 (129.28.198.181) 关闭
2019-07-22 12:15:09 GS-1 [Warning]: 与DB 服务器断开连接....
2019-07-22 12:15:14 GS-1 释放--魔龙冰晶升级对象--结束
2019-07-22 12:15:14 GS-1 释放--天赐宝箱1--结束
2019-07-22 12:15:14 GS-1 释放--天赐宝箱2--结束
2019-07-22 12:15:14 GS-1 释放--一点充--结束
2019-07-22 12:15:14 GS-1 释放--事件管理对象--结束
2019-07-22 12:15:14 GS-1 释放--任务管理对象--结束
2019-07-22 12:15:15 GS-1 释放--升级提醒管理对象--结束
2019-07-22 12:15:15 GS-1 释放--GDMsg管理对象--结束
2019-07-22 12:15:15 GS-1 释放--跨地图寻路管理对象--结束
2019-07-22 12:15:16 GS-1 释放--沙巴克管理对象--结束
2019-07-22 12:15:16 GS-1 释放--中央活动服务器客户端--结束
2019-07-22 12:15:16 GS-1 释放--乾坤包--结束
2019-07-22 12:15:16 GS-1 正在清除模块-卧龙英雄管理-的配置表d:\Mud2.0\Mir200\Share\EngineConfig\卧龙英雄管理\Fortress-HERO1.txt
2019-07-22 12:15:16 GS-1 正在清除模块-卧龙英雄管理-的配置表d:\Mud2.0\Mir200\Share\EngineConfig\卧龙英雄管理\Fortress.txt
2019-07-22 12:15:16 GS-1 正在清除模块-游戏元素点阵管理-的配置表d:\Mud2.0\Mir200\Share\EngineConfig\游戏元素点阵管理\GMActEvent.txt
2019-07-22 12:15:16 GS-1 正在清除模块-信用分管理-的配置表d:\Mud2.0\Mir200\Share\EngineConfig\信用分管理\PlayerActivePoint.xml
2019-07-22 12:15:16 GS-1 正在清除模块-信用分管理-的配置表d:\Mud2.0\Mir200\Share\EngineConfig\信用分管理\MapActivePoint.xml
2019-07-22 12:15:16 GS-1 正在清除模块-摆摊交易-的配置表d:\Mud2.0\Mir200\Share\EngineConfig\摆摊交易\摊位基础设置.ini
2019-07-22 12:15:16 GS-1 正在清除模块-元宝商城管理-的配置表d:\Mud2.0\Mir200\Share\EngineConfig\元宝商城管理\YBGoods.sql
2019-07-22 12:15:16 GS-1 正在清除模块-小助手管理-的配置表d:\Mud2.0\Mir200\Share\EngineConfig\小助手管理\小助手.txt
2019-07-22 12:15:16 GS-1 正在清除模块-静态地图管理-的配置表d:\Mud2.0\Mir200\Share\EngineConfig\静态地图管理\MapDropLimitBagItems.xml
2019-07-22 12:15:27 GS-1 正在清除模块-装备合成管理-的配置表d:\Mud2.0\Mir200\Share\EngineConfig\装备合成管理\StrengthenEquip.xml
2019-07-22 12:15:34 GS-1 正在清除模块-藏宝图管理-的配置表d:\Mud2.0\Mir200\Share\EngineConfig\藏宝图管理\修复藏宝图.txt
2019-07-22 12:15:34 GS-1 正在清除模块-藏宝图管理-的配置表d:\Mud2.0\Mir200\Share\EngineConfig\藏宝图管理\魔龙藏宝图合成装备.txt
2019-07-22 12:15:34 GS-1 正在清除模块-衣服升级管理-的配置表d:\Mud2.0\Mir200\Share\EngineConfig\衣服升级管理\UpdateClothes.xml
2019-07-22 12:15:34 GS-1 正在清除模块-道具管理-的配置表d:\Mud2.0\Mir200\Share\EngineConfig\道具管理\宝石配置.txt
2019-07-22 12:15:34 GS-1 正在清除模块-世界暴率管理-的配置表d:\Mud2.0\Mir200\Share\EngineConfig\世界暴率管理\世界爆率文件1.txt
2019-07-22 12:15:34 GS-1 释放--跨GS消息管理对象--结束
2019-07-22 12:15:34 GS-1 释放--gate管理对象--结束
2019-07-22 12:15:34 GS-1 释放--魔法管理对象--结束
2019-07-22 12:15:34 GS-1 释放--套装管理对象--结束
2019-07-22 12:15:34 GS-1 释放--新暴率管理对象--结束
2019-07-22 12:15:34 GS-1 释放--角色信息初始化管理对象--结束
2019-07-22 12:15:34 GS-1 释放--GS本地日志--结束
2019-07-22 12:15:34 GS-1 释放--DBEngn对象--结束
2019-07-22 12:15:34 GS-1 释放--任务列表--结束
2019-07-22 12:15:34 GS-1 释放--buffer管理类--结束
2019-07-22 12:15:34 GS-1 释放--排行榜--结束
2019-07-22 12:15:34 GS-1 释放--免费回收--结束
2019-07-22 12:15:34 GS-1 释放--mysql对象--结束
2019-07-22 12:15:34 GS-1 ================ 服务停止 ==============
