2019-07-06 22:57:23 GS-1 -----------------------------------------------------
---[Monster]: Max RunDelay: 0; Max RunCount 0
---[Human]: Max RunDelay: 0; [Socket]: Max RunDelay: 0
---[App]: Min PerSecRun: 100; Max RunDelay 0
-----------------------------------------------------
2019-07-06 22:57:23 GS-1 ================ 服务启动 ==============
2019-07-06 22:57:23 GS-1 TPlayerBody Size - 1616
2019-07-06 22:57:23 GS-1 TPlayerDB Size - 61608
2019-07-06 22:57:23 GS-1 ======== 连接MySQL成功 =======
2019-07-06 22:57:23 GS-1 *** ***Gamelog 的下次清理时间为 : 07月13日03时*** ***
2019-07-06 22:57:23 GS-1 ==加载GM指令定义完成==
2019-07-06 22:57:23 GS-1 与 DB 服务器连接成功
2019-07-06 22:57:23 GS-1 [Error]: 抽取概率错误:赤金天赐->宝箱1:概率7
2019-07-06 22:57:23 GS-1 [Error]: 抽取概率错误:白银天赐->宝箱1:概率7
2019-07-06 22:57:23 GS-1 [Error]: 抽取概率错误:紫铜天赐->宝箱1:概率7
2019-07-06 22:57:23 GS-1 [Error]: 抽取概率错误:神秘天赐->宝箱1:概率7
2019-07-06 22:57:23 GS-1 [Error]: 抽取概率错误:檀木天赐->宝箱1:概率7
2019-07-06 22:57:23 GS-1 [Error]: 抽取概率错误:宝藏天赐 ->宝箱1:概率7
2019-07-06 22:57:23 GS-1 [Error]: StdItems 不存在的天赐：新年天赐
2019-07-06 22:57:23 GS-1 [Error]: StdItems 不存在的钥匙：新年钥匙
2019-07-06 22:57:23 GS-1 [Error]: StdItems 不存在的钥匙：春节钥匙
2019-07-06 22:57:23 GS-1 [Error]: StdItems 不存在的钥匙：节日钥匙
2019-07-06 22:57:23 GS-1 [Error]: StdItems 不存在的天赐：感恩天赐
2019-07-06 22:57:23 GS-1 [Error]: StdItems 不存在的钥匙：感恩钥匙
2019-07-06 22:57:23 GS-1 系统参数初始化完毕
2019-07-06 22:57:23 GS-1 准备加载NPC，共497个
2019-07-06 22:57:23 GS-1 已加载d:\Mud2.0\Mir200\Share\EngineConfig\系统信息管理\RollMsg.txt！
2019-07-06 22:57:23 GS-1 已加载d:\Mud2.0\Mir200\Share\EngineConfig\系统信息管理\掉落物品提示.txt！
2019-07-06 22:57:23 GS-1 已加载d:\Mud2.0\Mir200\Share\EngineConfig\卧龙英雄管理\Fortress.txt！
2019-07-06 22:57:23 GS-1 已加载d:\Mud2.0\Mir200\Share\EngineConfig\游戏元素点阵管理\GMActEvent.txt！
2019-07-06 22:57:23 GS-1    加载邮件信息成功,加载0个玩家的邮件。
2019-07-06 22:57:23 GS-1    加载邮件信息成功,加载0个玩家的邮件。
2019-07-06 22:57:23 GS-1 已加载d:\Mud2.0\Mir200\Share\EngineConfig\摆摊交易\摊位基础设置.ini！
2019-07-06 22:57:23 GS-1 刷新摊位过期将在2:55执行！
2019-07-06 22:57:23 GS-1   加载Stall成功，共加载摊位0个
2019-07-06 22:57:23 GS-1 [Information]: 寄售表创建成功!
2019-07-06 22:57:23 GS-1 [Information]: 寄售历史表创建成功!
2019-07-06 22:57:23 GS-1 [Information]: 更新超时订单成功!
2019-07-06 22:57:23 GS-1 已加载刷新商城时间：00:00:00.
2019-07-06 22:57:23 GS-1 已加载刷新商城时间：06:00:00.
2019-07-06 22:57:23 GS-1 已加载刷新商城时间：12:00:00.
2019-07-06 22:57:23 GS-1 载入商城物品列表，共5个类别，39种商品
2019-07-06 22:57:23 GS-1 ==> 加载商城物品 装饰类：11/11
2019-07-06 22:57:23 GS-1 ==> 加载商城物品 补给类：8/8
2019-07-06 22:57:23 GS-1 ==> 加载商城物品 强化类：15/15
2019-07-06 22:57:23 GS-1 ==> 加载商城物品 好友类：2/2
2019-07-06 22:57:23 GS-1 ==> 加载商城物品 限量类：3/3
2019-07-06 22:57:23 GS-1 ==> 加载商城物品 类：0/0
2019-07-06 22:57:23 GS-1 ==> 加载商城物品 类：0/0
2019-07-06 22:57:23 GS-1 ==> 加载商城物品 类：0/0
2019-07-06 22:57:23 GS-1    [删除错误数据] 删除用户表中不存在的战队成员
2019-07-06 22:57:23 GS-1    [删除错误数据] 清除战队队长不存在的项
2019-07-06 22:57:23 GS-1    [删除错误数据] 不存在战队的成员
2019-07-06 22:57:23 GS-1    正在加载战队...
2019-07-06 22:57:23 GS-1    战队表数量 : 0
2019-07-06 22:57:23 GS-1    加载战队数量:0
2019-07-06 22:57:23 GS-1    正在加载战队成员...
2019-07-06 22:57:23 GS-1    战队成员总数:0 加载成员数:0
2019-07-06 22:57:23 GS-1    正在检测战队数据有效性...
2019-07-06 22:57:23 GS-1    战队数据有效性检测完毕
2019-07-06 22:57:23 GS-1    [删除错误数据] 清除会长战队不存在行会
2019-07-06 22:57:23 GS-1    [删除错误数据] 清除行会不存在的行会成员
2019-07-06 22:57:23 GS-1    [删除错误数据] 清除行会不存在的行会关系ID排列错误的项
2019-07-06 22:57:23 GS-1    [删除错误数据] 清除行会不存在行会关系
2019-07-06 22:57:23 GS-1    [删除错误数据] 清除行会不存在关注行会
2019-07-06 22:57:23 GS-1    加载行会数量 : 0
2019-07-06 22:57:23 GS-1    加载行会成员(战队)数量 : 0
2019-07-06 22:57:23 GS-1    加载行会关系数量 : 0
2019-07-06 22:57:23 GS-1    加载关注行会数量 : 0
2019-07-06 22:57:23 GS-1    加载请求数量:0
2019-07-06 22:57:23 GS-1 [Error]: 小助手 不存在！
2019-07-06 22:57:23 GS-1 D411地图配置在MapInfo.txt 中不是LIMITBAGITEMDROP属性
2019-07-06 22:57:23 GS-1 D415地图配置在MapInfo.txt 中不是LIMITBAGITEMDROP属性
2019-07-06 22:57:23 GS-1 D416地图配置在MapInfo.txt 中不是LIMITBAGITEMDROP属性
2019-07-06 22:57:23 GS-1 信用分验证功能：关
2019-07-06 22:57:23 GS-1 GS脚本版本号：10001
2019-07-06 22:57:23 GS-1 更新排行榜，共计：4 页
2019-07-06 22:57:51 GS-1 载入商城热销商品列表，共8个。
2019-07-06 22:57:51 GS-1 ==> 加载商城热销榜:5
2019-07-06 22:57:51 GS-1 Gate 1 开启
2019-07-06 23:02:25 GS-1 -----------------------------------------------------
---[Monster]: Max RunDelay: 781; Max RunCount 3160
---[Human]: Max RunDelay: 31; [Socket]: Max RunDelay: 16
---[App]: Min PerSecRun: 36; Max RunDelay 0
-----------------------------------------------------
2019-07-06 23:07:26 GS-1 -----------------------------------------------------
---[Monster]: Max RunDelay: 219; Max RunCount 3152
---[Human]: Max RunDelay: 15; [Socket]: Max RunDelay: 16
---[App]: Min PerSecRun: 79; Max RunDelay 0
-----------------------------------------------------
2019-07-06 23:07:49 GS-1 07-06 23:07:49 User = 0 / 0
2019-07-06 23:12:27 GS-1 -----------------------------------------------------
---[Monster]: Max RunDelay: 250; Max RunCount 3149
---[Human]: Max RunDelay: 15; [Socket]: Max RunDelay: 16
---[App]: Min PerSecRun: 79; Max RunDelay 0
-----------------------------------------------------
2019-07-06 23:17:28 GS-1 -----------------------------------------------------
---[Monster]: Max RunDelay: 266; Max RunCount 3149
---[Human]: Max RunDelay: 31; [Socket]: Max RunDelay: 16
---[App]: Min PerSecRun: 78; Max RunDelay 0
-----------------------------------------------------
2019-07-06 23:17:50 GS-1 07-06 23:17:50 User = 0 / 0
2019-07-06 23:22:28 GS-1 -----------------------------------------------------
---[Monster]: Max RunDelay: 2109; Max RunCount 3150
---[Human]: Max RunDelay: 1781; [Socket]: Max RunDelay: 16
---[App]: Min PerSecRun: 65; Max RunDelay 0
-----------------------------------------------------
2019-07-06 23:27:29 GS-1 -----------------------------------------------------
---[Monster]: Max RunDelay: 250; Max RunCount 3150
---[Human]: Max RunDelay: 15; [Socket]: Max RunDelay: 0
---[App]: Min PerSecRun: 79; Max RunDelay 0
-----------------------------------------------------
2019-07-06 23:27:49 GS-1 07-06 23:27:49 User = 0 / 0
2019-07-06 23:32:30 GS-1 -----------------------------------------------------
---[Monster]: Max RunDelay: 250; Max RunCount 3150
---[Human]: Max RunDelay: 15; [Socket]: Max RunDelay: 16
---[App]: Min PerSecRun: 77; Max RunDelay 0
-----------------------------------------------------
2019-07-06 23:37:31 GS-1 -----------------------------------------------------
---[Monster]: Max RunDelay: 219; Max RunCount 3150
---[Human]: Max RunDelay: 31; [Socket]: Max RunDelay: 16
---[App]: Min PerSecRun: 78; Max RunDelay 0
-----------------------------------------------------
2019-07-06 23:37:49 GS-1 07-06 23:37:49 User = 0 / 0
2019-07-06 23:42:32 GS-1 -----------------------------------------------------
---[Monster]: Max RunDelay: 156; Max RunCount 3150
---[Human]: Max RunDelay: 15; [Socket]: Max RunDelay: 16
---[App]: Min PerSecRun: 78; Max RunDelay 0
-----------------------------------------------------
2019-07-06 23:47:33 GS-1 -----------------------------------------------------
---[Monster]: Max RunDelay: 157; Max RunCount 3150
---[Human]: Max RunDelay: 15; [Socket]: Max RunDelay: 0
---[App]: Min PerSecRun: 77; Max RunDelay 15
-----------------------------------------------------
2019-07-06 23:47:49 GS-1 07-06 23:47:49 User = 0 / 0
2019-07-06 23:52:34 GS-1 -----------------------------------------------------
---[Monster]: Max RunDelay: 157; Max RunCount 3150
---[Human]: Max RunDelay: 15; [Socket]: Max RunDelay: 0
---[App]: Min PerSecRun: 77; Max RunDelay 0
-----------------------------------------------------
2019-07-06 23:57:35 GS-1 -----------------------------------------------------
---[Monster]: Max RunDelay: 141; Max RunCount 3150
---[Human]: Max RunDelay: 15; [Socket]: Max RunDelay: 0
---[App]: Min PerSecRun: 78; Max RunDelay 0
-----------------------------------------------------
2019-07-06 23:57:49 GS-1 07-06 23:57:49 User = 0 / 0
2019-07-06 23:57:51 GS-1 载入商城热销商品列表，共8个。
2019-07-06 23:57:51 GS-1 ==> 加载商城热销榜:5
2019-07-07 00:00:00 GS-1 载入商城物品列表，共5个类别，39种商品
2019-07-07 00:00:00 GS-1 ==> 加载商城物品 装饰类：11/11
2019-07-07 00:00:00 GS-1 ==> 加载商城物品 补给类：8/8
2019-07-07 00:00:00 GS-1 ==> 加载商城物品 强化类：15/15
2019-07-07 00:00:00 GS-1 ==> 加载商城物品 好友类：2/2
2019-07-07 00:00:00 GS-1 ==> 加载商城物品 限量类：3/3
2019-07-07 00:00:00 GS-1 ==> 加载商城物品 类：0/0
2019-07-07 00:00:00 GS-1 ==> 加载商城物品 类：0/0
2019-07-07 00:00:00 GS-1 ==> 加载商城物品 类：0/0
2019-07-07 00:02:36 GS-1 -----------------------------------------------------
---[Monster]: Max RunDelay: 156; Max RunCount 3149
---[Human]: Max RunDelay: 15; [Socket]: Max RunDelay: 16
---[App]: Min PerSecRun: 78; Max RunDelay 0
-----------------------------------------------------
2019-07-07 00:07:37 GS-1 -----------------------------------------------------
---[Monster]: Max RunDelay: 156; Max RunCount 3114
---[Human]: Max RunDelay: 15; [Socket]: Max RunDelay: 0
---[App]: Min PerSecRun: 79; Max RunDelay 0
-----------------------------------------------------
2019-07-07 00:07:49 GS-1 07-07 00:07:49 User = 0 / 0
2019-07-07 00:12:38 GS-1 -----------------------------------------------------
---[Monster]: Max RunDelay: 203; Max RunCount 3148
---[Human]: Max RunDelay: 31; [Socket]: Max RunDelay: 0
---[App]: Min PerSecRun: 72; Max RunDelay 0
-----------------------------------------------------
2019-07-07 00:17:39 GS-1 -----------------------------------------------------
---[Monster]: Max RunDelay: 219; Max RunCount 3148
---[Human]: Max RunDelay: 31; [Socket]: Max RunDelay: 16
---[App]: Min PerSecRun: 74; Max RunDelay 0
-----------------------------------------------------
2019-07-07 00:17:49 GS-1 07-07 00:17:49 User = 0 / 0
2019-07-07 00:22:40 GS-1 -----------------------------------------------------
---[Monster]: Max RunDelay: 266; Max RunCount 3150
---[Human]: Max RunDelay: 16; [Socket]: Max RunDelay: 0
---[App]: Min PerSecRun: 76; Max RunDelay 0
-----------------------------------------------------
2019-07-07 00:27:41 GS-1 -----------------------------------------------------
---[Monster]: Max RunDelay: 235; Max RunCount 3150
---[Human]: Max RunDelay: 16; [Socket]: Max RunDelay: 0
---[App]: Min PerSecRun: 78; Max RunDelay 0
-----------------------------------------------------
2019-07-07 00:27:49 GS-1 07-07 00:27:49 User = 0 / 0
2019-07-07 00:32:42 GS-1 -----------------------------------------------------
---[Monster]: Max RunDelay: 203; Max RunCount 3150
---[Human]: Max RunDelay: 16; [Socket]: Max RunDelay: 0
---[App]: Min PerSecRun: 79; Max RunDelay 0
-----------------------------------------------------
2019-07-07 00:37:43 GS-1 -----------------------------------------------------
---[Monster]: Max RunDelay: 234; Max RunCount 3150
---[Human]: Max RunDelay: 16; [Socket]: Max RunDelay: 0
---[App]: Min PerSecRun: 77; Max RunDelay 0
-----------------------------------------------------
2019-07-07 00:37:49 GS-1 07-07 00:37:49 User = 0 / 0
2019-07-07 00:42:44 GS-1 -----------------------------------------------------
---[Monster]: Max RunDelay: 234; Max RunCount 3150
---[Human]: Max RunDelay: 16; [Socket]: Max RunDelay: 16
---[App]: Min PerSecRun: 78; Max RunDelay 0
-----------------------------------------------------
2019-07-07 00:47:45 GS-1 -----------------------------------------------------
---[Monster]: Max RunDelay: 281; Max RunCount 3150
---[Human]: Max RunDelay: 31; [Socket]: Max RunDelay: 16
---[App]: Min PerSecRun: 77; Max RunDelay 0
-----------------------------------------------------
2019-07-07 00:47:49 GS-1 07-07 00:47:49 User = 0 / 0
2019-07-07 00:52:46 GS-1 -----------------------------------------------------
---[Monster]: Max RunDelay: 235; Max RunCount 3140
---[Human]: Max RunDelay: 16; [Socket]: Max RunDelay: 15
---[App]: Min PerSecRun: 79; Max RunDelay 0
-----------------------------------------------------
2019-07-07 00:57:47 GS-1 -----------------------------------------------------
---[Monster]: Max RunDelay: 234; Max RunCount 3150
---[Human]: Max RunDelay: 16; [Socket]: Max RunDelay: 0
---[App]: Min PerSecRun: 79; Max RunDelay 0
-----------------------------------------------------
2019-07-07 00:57:49 GS-1 07-07 00:57:49 User = 0 / 0
2019-07-07 00:57:51 GS-1 载入商城热销商品列表，共8个。
2019-07-07 00:57:51 GS-1 ==> 加载商城热销榜:5
2019-07-07 01:02:48 GS-1 -----------------------------------------------------
---[Monster]: Max RunDelay: 219; Max RunCount 3151
---[Human]: Max RunDelay: 31; [Socket]: Max RunDelay: 0
---[App]: Min PerSecRun: 78; Max RunDelay 0
-----------------------------------------------------
2019-07-07 01:07:49 GS-1 -----------------------------------------------------
---[Monster]: Max RunDelay: 266; Max RunCount 3152
---[Human]: Max RunDelay: 16; [Socket]: Max RunDelay: 16
---[App]: Min PerSecRun: 79; Max RunDelay 0
-----------------------------------------------------
2019-07-07 01:07:49 GS-1 07-07 01:07:49 User = 0 / 0
2019-07-07 01:12:50 GS-1 -----------------------------------------------------
---[Monster]: Max RunDelay: 218; Max RunCount 3152
---[Human]: Max RunDelay: 16; [Socket]: Max RunDelay: 0
---[App]: Min PerSecRun: 79; Max RunDelay 0
-----------------------------------------------------
2019-07-07 01:17:49 GS-1 07-07 01:17:49 User = 0 / 0
2019-07-07 01:17:51 GS-1 -----------------------------------------------------
---[Monster]: Max RunDelay: 265; Max RunCount 3152
---[Human]: Max RunDelay: 31; [Socket]: Max RunDelay: 16
---[App]: Min PerSecRun: 79; Max RunDelay 0
-----------------------------------------------------
2019-07-07 01:22:52 GS-1 -----------------------------------------------------
---[Monster]: Max RunDelay: 266; Max RunCount 3152
---[Human]: Max RunDelay: 15; [Socket]: Max RunDelay: 0
---[App]: Min PerSecRun: 79; Max RunDelay 0
-----------------------------------------------------
2019-07-07 01:27:49 GS-1 07-07 01:27:49 User = 0 / 0
2019-07-07 01:27:53 GS-1 -----------------------------------------------------
---[Monster]: Max RunDelay: 250; Max RunCount 3152
---[Human]: Max RunDelay: 15; [Socket]: Max RunDelay: 16
---[App]: Min PerSecRun: 79; Max RunDelay 0
-----------------------------------------------------
2019-07-07 01:31:04 GS-1 [Error]: GameGate ServerSocketError, ErrorCode=10061
2019-07-07 01:31:07 GS-1 [Error]: GameGate ServerSocketError, ErrorCode=10061
2019-07-07 01:32:54 GS-1 -----------------------------------------------------
---[Monster]: Max RunDelay: 235; Max RunCount 3152
---[Human]: Max RunDelay: 15; [Socket]: Max RunDelay: 0
---[App]: Min PerSecRun: 79; Max RunDelay 0
-----------------------------------------------------
2019-07-07 01:37:49 GS-1 07-07 01:37:49 User = 0 / 0
2019-07-07 01:37:55 GS-1 -----------------------------------------------------
---[Monster]: Max RunDelay: 234; Max RunCount 3152
---[Human]: Max RunDelay: 15; [Socket]: Max RunDelay: 0
---[App]: Min PerSecRun: 78; Max RunDelay 0
-----------------------------------------------------
2019-07-07 01:42:56 GS-1 -----------------------------------------------------
---[Monster]: Max RunDelay: 266; Max RunCount 3152
---[Human]: Max RunDelay: 15; [Socket]: Max RunDelay: 16
---[App]: Min PerSecRun: 78; Max RunDelay 0
-----------------------------------------------------
2019-07-07 01:47:49 GS-1 07-07 01:47:49 User = 0 / 0
2019-07-07 01:47:57 GS-1 -----------------------------------------------------
---[Monster]: Max RunDelay: 219; Max RunCount 3152
---[Human]: Max RunDelay: 15; [Socket]: Max RunDelay: 0
---[App]: Min PerSecRun: 78; Max RunDelay 0
-----------------------------------------------------
2019-07-07 01:52:58 GS-1 -----------------------------------------------------
---[Monster]: Max RunDelay: 235; Max RunCount 3152
---[Human]: Max RunDelay: 31; [Socket]: Max RunDelay: 16
---[App]: Min PerSecRun: 79; Max RunDelay 0
-----------------------------------------------------
2019-07-07 01:57:49 GS-1 07-07 01:57:49 User = 0 / 0
2019-07-07 01:57:51 GS-1 载入商城热销商品列表，共8个。
2019-07-07 01:57:51 GS-1 ==> 加载商城热销榜:5
2019-07-07 01:57:59 GS-1 -----------------------------------------------------
---[Monster]: Max RunDelay: 219; Max RunCount 3152
---[Human]: Max RunDelay: 16; [Socket]: Max RunDelay: 16
---[App]: Min PerSecRun: 79; Max RunDelay 0
-----------------------------------------------------
2019-07-07 02:03:00 GS-1 -----------------------------------------------------
---[Monster]: Max RunDelay: 234; Max RunCount 3152
---[Human]: Max RunDelay: 32; [Socket]: Max RunDelay: 0
---[App]: Min PerSecRun: 78; Max RunDelay 0
-----------------------------------------------------
2019-07-07 02:07:49 GS-1 07-07 02:07:49 User = 0 / 0
2019-07-07 02:08:01 GS-1 -----------------------------------------------------
---[Monster]: Max RunDelay: 235; Max RunCount 3152
---[Human]: Max RunDelay: 16; [Socket]: Max RunDelay: 16
---[App]: Min PerSecRun: 79; Max RunDelay 0
-----------------------------------------------------
2019-07-07 02:13:02 GS-1 -----------------------------------------------------
---[Monster]: Max RunDelay: 266; Max RunCount 3152
---[Human]: Max RunDelay: 16; [Socket]: Max RunDelay: 16
---[App]: Min PerSecRun: 74; Max RunDelay 0
-----------------------------------------------------
2019-07-07 02:16:41 GS-1 [Error]: GameGate ServerSocketError, ErrorCode=10061
2019-07-07 02:17:49 GS-1 07-07 02:17:49 User = 0 / 0
2019-07-07 02:18:03 GS-1 -----------------------------------------------------
---[Monster]: Max RunDelay: 204; Max RunCount 3141
---[Human]: Max RunDelay: 16; [Socket]: Max RunDelay: 0
---[App]: Min PerSecRun: 79; Max RunDelay 0
-----------------------------------------------------
2019-07-07 02:23:04 GS-1 -----------------------------------------------------
---[Monster]: Max RunDelay: 203; Max RunCount 3152
---[Human]: Max RunDelay: 16; [Socket]: Max RunDelay: 0
---[App]: Min PerSecRun: 79; Max RunDelay 0
-----------------------------------------------------
2019-07-07 02:27:49 GS-1 07-07 02:27:49 User = 0 / 0
2019-07-07 02:28:05 GS-1 -----------------------------------------------------
---[Monster]: Max RunDelay: 250; Max RunCount 3114
---[Human]: Max RunDelay: 31; [Socket]: Max RunDelay: 0
---[App]: Min PerSecRun: 79; Max RunDelay 0
-----------------------------------------------------
2019-07-07 02:33:06 GS-1 -----------------------------------------------------
---[Monster]: Max RunDelay: 234; Max RunCount 3141
---[Human]: Max RunDelay: 31; [Socket]: Max RunDelay: 0
---[App]: Min PerSecRun: 79; Max RunDelay 0
-----------------------------------------------------
2019-07-07 02:37:49 GS-1 07-07 02:37:49 User = 0 / 0
2019-07-07 02:38:07 GS-1 -----------------------------------------------------
---[Monster]: Max RunDelay: 219; Max RunCount 3152
---[Human]: Max RunDelay: 15; [Socket]: Max RunDelay: 16
---[App]: Min PerSecRun: 79; Max RunDelay 0
-----------------------------------------------------
2019-07-07 02:43:08 GS-1 -----------------------------------------------------
---[Monster]: Max RunDelay: 313; Max RunCount 3152
---[Human]: Max RunDelay: 15; [Socket]: Max RunDelay: 16
---[App]: Min PerSecRun: 74; Max RunDelay 0
-----------------------------------------------------
2019-07-07 02:47:49 GS-1 07-07 02:47:49 User = 0 / 0
2019-07-07 02:48:09 GS-1 -----------------------------------------------------
---[Monster]: Max RunDelay: 265; Max RunCount 3141
---[Human]: Max RunDelay: 15; [Socket]: Max RunDelay: 15
---[App]: Min PerSecRun: 79; Max RunDelay 0
-----------------------------------------------------
2019-07-07 02:53:10 GS-1 -----------------------------------------------------
---[Monster]: Max RunDelay: 204; Max RunCount 3152
---[Human]: Max RunDelay: 31; [Socket]: Max RunDelay: 0
---[App]: Min PerSecRun: 79; Max RunDelay 0
-----------------------------------------------------
2019-07-07 02:57:49 GS-1 07-07 02:57:49 User = 0 / 0
2019-07-07 02:57:51 GS-1 载入商城热销商品列表，共8个。
2019-07-07 02:57:51 GS-1 ==> 加载商城热销榜:5
2019-07-07 02:58:11 GS-1 -----------------------------------------------------
---[Monster]: Max RunDelay: 219; Max RunCount 3152
---[Human]: Max RunDelay: 16; [Socket]: Max RunDelay: 15
---[App]: Min PerSecRun: 79; Max RunDelay 0
-----------------------------------------------------
2019-07-07 03:03:12 GS-1 -----------------------------------------------------
---[Monster]: Max RunDelay: 234; Max RunCount 3141
---[Human]: Max RunDelay: 32; [Socket]: Max RunDelay: 0
---[App]: Min PerSecRun: 78; Max RunDelay 0
-----------------------------------------------------
2019-07-07 03:07:49 GS-1 07-07 03:07:49 User = 0 / 0
2019-07-07 03:08:13 GS-1 -----------------------------------------------------
---[Monster]: Max RunDelay: 234; Max RunCount 3152
---[Human]: Max RunDelay: 16; [Socket]: Max RunDelay: 15
---[App]: Min PerSecRun: 78; Max RunDelay 0
-----------------------------------------------------
2019-07-07 03:13:14 GS-1 -----------------------------------------------------
---[Monster]: Max RunDelay: 235; Max RunCount 3152
---[Human]: Max RunDelay: 16; [Socket]: Max RunDelay: 0
---[App]: Min PerSecRun: 77; Max RunDelay 0
-----------------------------------------------------
2019-07-07 03:17:49 GS-1 07-07 03:17:49 User = 0 / 0
2019-07-07 03:18:15 GS-1 -----------------------------------------------------
---[Monster]: Max RunDelay: 219; Max RunCount 3141
---[Human]: Max RunDelay: 16; [Socket]: Max RunDelay: 0
---[App]: Min PerSecRun: 78; Max RunDelay 0
-----------------------------------------------------
2019-07-07 03:23:16 GS-1 -----------------------------------------------------
---[Monster]: Max RunDelay: 204; Max RunCount 3152
---[Human]: Max RunDelay: 16; [Socket]: Max RunDelay: 15
---[App]: Min PerSecRun: 77; Max RunDelay 0
-----------------------------------------------------
2019-07-07 03:27:49 GS-1 07-07 03:27:49 User = 0 / 0
2019-07-07 03:28:17 GS-1 -----------------------------------------------------
---[Monster]: Max RunDelay: 203; Max RunCount 3152
---[Human]: Max RunDelay: 16; [Socket]: Max RunDelay: 0
---[App]: Min PerSecRun: 79; Max RunDelay 0
-----------------------------------------------------
2019-07-07 03:33:18 GS-1 -----------------------------------------------------
---[Monster]: Max RunDelay: 219; Max RunCount 3152
---[Human]: Max RunDelay: 32; [Socket]: Max RunDelay: 15
---[App]: Min PerSecRun: 79; Max RunDelay 0
-----------------------------------------------------
2019-07-07 03:37:49 GS-1 07-07 03:37:49 User = 0 / 0
2019-07-07 03:38:19 GS-1 -----------------------------------------------------
---[Monster]: Max RunDelay: 250; Max RunCount 3152
---[Human]: Max RunDelay: 16; [Socket]: Max RunDelay: 0
---[App]: Min PerSecRun: 79; Max RunDelay 0
-----------------------------------------------------
2019-07-07 03:43:20 GS-1 -----------------------------------------------------
---[Monster]: Max RunDelay: 250; Max RunCount 3152
---[Human]: Max RunDelay: 32; [Socket]: Max RunDelay: 15
---[App]: Min PerSecRun: 77; Max RunDelay 0
-----------------------------------------------------
2019-07-07 03:47:49 GS-1 07-07 03:47:49 User = 0 / 0
2019-07-07 03:48:21 GS-1 -----------------------------------------------------
---[Monster]: Max RunDelay: 250; Max RunCount 3152
---[Human]: Max RunDelay: 32; [Socket]: Max RunDelay: 0
---[App]: Min PerSecRun: 79; Max RunDelay 0
-----------------------------------------------------
2019-07-07 03:53:22 GS-1 -----------------------------------------------------
---[Monster]: Max RunDelay: 234; Max RunCount 3152
---[Human]: Max RunDelay: 16; [Socket]: Max RunDelay: 15
---[App]: Min PerSecRun: 78; Max RunDelay 0
-----------------------------------------------------
2019-07-07 03:57:50 GS-1 07-07 03:57:50 User = 0 / 0
2019-07-07 03:57:51 GS-1 载入商城热销商品列表，共8个。
2019-07-07 03:57:51 GS-1 ==> 加载商城热销榜:5
2019-07-07 03:58:23 GS-1 -----------------------------------------------------
---[Monster]: Max RunDelay: 219; Max RunCount 3152
---[Human]: Max RunDelay: 31; [Socket]: Max RunDelay: 15
---[App]: Min PerSecRun: 79; Max RunDelay 0
-----------------------------------------------------
2019-07-07 04:03:24 GS-1 -----------------------------------------------------
---[Monster]: Max RunDelay: 204; Max RunCount 3151
---[Human]: Max RunDelay: 31; [Socket]: Max RunDelay: 15
---[App]: Min PerSecRun: 79; Max RunDelay 0
-----------------------------------------------------
2019-07-07 04:07:50 GS-1 07-07 04:07:50 User = 0 / 0
2019-07-07 04:08:25 GS-1 -----------------------------------------------------
---[Monster]: Max RunDelay: 218; Max RunCount 3151
---[Human]: Max RunDelay: 16; [Socket]: Max RunDelay: 15
---[App]: Min PerSecRun: 79; Max RunDelay 0
-----------------------------------------------------
2019-07-07 04:13:26 GS-1 -----------------------------------------------------
---[Monster]: Max RunDelay: 250; Max RunCount 3151
---[Human]: Max RunDelay: 31; [Socket]: Max RunDelay: 16
---[App]: Min PerSecRun: 76; Max RunDelay 0
-----------------------------------------------------
2019-07-07 04:17:50 GS-1 07-07 04:17:50 User = 0 / 0
2019-07-07 04:18:27 GS-1 -----------------------------------------------------
---[Monster]: Max RunDelay: 204; Max RunCount 3150
---[Human]: Max RunDelay: 31; [Socket]: Max RunDelay: 15
---[App]: Min PerSecRun: 78; Max RunDelay 0
-----------------------------------------------------
2019-07-07 04:23:28 GS-1 -----------------------------------------------------
---[Monster]: Max RunDelay: 219; Max RunCount 3150
---[Human]: Max RunDelay: 31; [Socket]: Max RunDelay: 15
---[App]: Min PerSecRun: 79; Max RunDelay 0
-----------------------------------------------------
2019-07-07 04:27:50 GS-1 07-07 04:27:50 User = 0 / 0
2019-07-07 04:28:29 GS-1 -----------------------------------------------------
---[Monster]: Max RunDelay: 219; Max RunCount 3150
---[Human]: Max RunDelay: 16; [Socket]: Max RunDelay: 15
---[App]: Min PerSecRun: 79; Max RunDelay 0
-----------------------------------------------------
2019-07-07 04:33:30 GS-1 -----------------------------------------------------
---[Monster]: Max RunDelay: 219; Max RunCount 3150
---[Human]: Max RunDelay: 31; [Socket]: Max RunDelay: 15
---[App]: Min PerSecRun: 79; Max RunDelay 0
-----------------------------------------------------
2019-07-07 04:37:50 GS-1 07-07 04:37:50 User = 0 / 0
2019-07-07 04:38:31 GS-1 -----------------------------------------------------
---[Monster]: Max RunDelay: 234; Max RunCount 3150
---[Human]: Max RunDelay: 31; [Socket]: Max RunDelay: 0
---[App]: Min PerSecRun: 79; Max RunDelay 0
-----------------------------------------------------
2019-07-07 04:43:31 GS-1 -----------------------------------------------------
---[Monster]: Max RunDelay: 218; Max RunCount 3141
---[Human]: Max RunDelay: 16; [Socket]: Max RunDelay: 0
---[App]: Min PerSecRun: 77; Max RunDelay 0
-----------------------------------------------------
2019-07-07 04:47:50 GS-1 07-07 04:47:50 User = 0 / 0
2019-07-07 04:48:32 GS-1 -----------------------------------------------------
---[Monster]: Max RunDelay: 265; Max RunCount 3150
---[Human]: Max RunDelay: 32; [Socket]: Max RunDelay: 15
---[App]: Min PerSecRun: 79; Max RunDelay 0
-----------------------------------------------------
2019-07-07 04:53:33 GS-1 -----------------------------------------------------
---[Monster]: Max RunDelay: 234; Max RunCount 3150
---[Human]: Max RunDelay: 32; [Socket]: Max RunDelay: 15
---[App]: Min PerSecRun: 79; Max RunDelay 0
-----------------------------------------------------
2019-07-07 04:57:50 GS-1 07-07 04:57:50 User = 0 / 0
2019-07-07 04:57:51 GS-1 载入商城热销商品列表，共8个。
2019-07-07 04:57:51 GS-1 ==> 加载商城热销榜:5
2019-07-07 04:58:34 GS-1 -----------------------------------------------------
---[Monster]: Max RunDelay: 235; Max RunCount 3152
---[Human]: Max RunDelay: 16; [Socket]: Max RunDelay: 0
---[App]: Min PerSecRun: 79; Max RunDelay 0
-----------------------------------------------------
2019-07-07 05:03:35 GS-1 -----------------------------------------------------
---[Monster]: Max RunDelay: 234; Max RunCount 3125
---[Human]: Max RunDelay: 16; [Socket]: Max RunDelay: 15
---[App]: Min PerSecRun: 79; Max RunDelay 0
-----------------------------------------------------
2019-07-07 05:07:50 GS-1 07-07 05:07:50 User = 0 / 0
2019-07-07 05:08:36 GS-1 -----------------------------------------------------
---[Monster]: Max RunDelay: 219; Max RunCount 3125
---[Human]: Max RunDelay: 16; [Socket]: Max RunDelay: 0
---[App]: Min PerSecRun: 79; Max RunDelay 0
-----------------------------------------------------
2019-07-07 05:13:37 GS-1 -----------------------------------------------------
---[Monster]: Max RunDelay: 266; Max RunCount 3125
---[Human]: Max RunDelay: 31; [Socket]: Max RunDelay: 15
---[App]: Min PerSecRun: 78; Max RunDelay 0
-----------------------------------------------------
2019-07-07 05:17:50 GS-1 07-07 05:17:50 User = 0 / 0
2019-07-07 05:18:38 GS-1 -----------------------------------------------------
---[Monster]: Max RunDelay: 203; Max RunCount 3123
---[Human]: Max RunDelay: 15; [Socket]: Max RunDelay: 0
---[App]: Min PerSecRun: 79; Max RunDelay 0
-----------------------------------------------------
2019-07-07 05:23:39 GS-1 -----------------------------------------------------
---[Monster]: Max RunDelay: 204; Max RunCount 3151
---[Human]: Max RunDelay: 31; [Socket]: Max RunDelay: 16
---[App]: Min PerSecRun: 78; Max RunDelay 0
-----------------------------------------------------
2019-07-07 05:27:50 GS-1 07-07 05:27:50 User = 0 / 0
2019-07-07 05:28:40 GS-1 -----------------------------------------------------
---[Monster]: Max RunDelay: 218; Max RunCount 3151
---[Human]: Max RunDelay: 32; [Socket]: Max RunDelay: 0
---[App]: Min PerSecRun: 79; Max RunDelay 0
-----------------------------------------------------
2019-07-07 05:33:41 GS-1 -----------------------------------------------------
---[Monster]: Max RunDelay: 234; Max RunCount 3151
---[Human]: Max RunDelay: 16; [Socket]: Max RunDelay: 0
---[App]: Min PerSecRun: 77; Max RunDelay 0
-----------------------------------------------------
2019-07-07 05:37:50 GS-1 07-07 05:37:50 User = 0 / 0
2019-07-07 05:38:42 GS-1 -----------------------------------------------------
---[Monster]: Max RunDelay: 219; Max RunCount 3151
---[Human]: Max RunDelay: 16; [Socket]: Max RunDelay: 15
---[App]: Min PerSecRun: 79; Max RunDelay 0
-----------------------------------------------------
2019-07-07 05:43:44 GS-1 -----------------------------------------------------
---[Monster]: Max RunDelay: 328; Max RunCount 3151
---[Human]: Max RunDelay: 32; [Socket]: Max RunDelay: 16
---[App]: Min PerSecRun: 62; Max RunDelay 0
-----------------------------------------------------
2019-07-07 05:47:51 GS-1 07-07 05:47:51 User = 1 / 1
2019-07-07 05:48:45 GS-1 -----------------------------------------------------
---[Monster]: Max RunDelay: 281; Max RunCount 3151
---[Human]: Max RunDelay: 16; [Socket]: Max RunDelay: 16
---[App]: Min PerSecRun: 76; Max RunDelay 0
-----------------------------------------------------
2019-07-07 05:53:46 GS-1 -----------------------------------------------------
---[Monster]: Max RunDelay: 281; Max RunCount 3151
---[Human]: Max RunDelay: 16; [Socket]: Max RunDelay: 16
---[App]: Min PerSecRun: 74; Max RunDelay 0
-----------------------------------------------------
2019-07-07 05:57:51 GS-1 07-07 05:57:51 User = 0 / 0
2019-07-07 05:57:52 GS-1 载入商城热销商品列表，共8个。
2019-07-07 05:57:52 GS-1 ==> 加载商城热销榜:5
2019-07-07 05:57:59 GS-1 05:57:59 Gate 1 (106.52.201.110) 关闭
2019-07-07 05:57:59 GS-1 [Warning]: 与DB 服务器断开连接....
2019-07-07 05:58:04 GS-1 释放--魔龙冰晶升级对象--结束
2019-07-07 05:58:04 GS-1 释放--天赐宝箱1--结束
2019-07-07 05:58:04 GS-1 释放--天赐宝箱2--结束
2019-07-07 05:58:04 GS-1 释放--一点充--结束
2019-07-07 05:58:04 GS-1 释放--事件管理对象--结束
2019-07-07 05:58:04 GS-1 释放--任务管理对象--结束
2019-07-07 05:58:04 GS-1 释放--升级提醒管理对象--结束
2019-07-07 05:58:04 GS-1 释放--GDMsg管理对象--结束
2019-07-07 05:58:04 GS-1 释放--跨地图寻路管理对象--结束
2019-07-07 05:58:04 GS-1 释放--沙巴克管理对象--结束
2019-07-07 05:58:04 GS-1 释放--中央活动服务器客户端--结束
2019-07-07 05:58:04 GS-1 释放--乾坤包--结束
2019-07-07 05:58:04 GS-1 正在清除模块-卧龙英雄管理-的配置表d:\Mud2.0\Mir200\Share\EngineConfig\卧龙英雄管理\Fortress-HERO1.txt
2019-07-07 05:58:04 GS-1 正在清除模块-卧龙英雄管理-的配置表d:\Mud2.0\Mir200\Share\EngineConfig\卧龙英雄管理\Fortress.txt
2019-07-07 05:58:04 GS-1 正在清除模块-游戏元素点阵管理-的配置表d:\Mud2.0\Mir200\Share\EngineConfig\游戏元素点阵管理\GMActEvent.txt
2019-07-07 05:58:04 GS-1 正在清除模块-信用分管理-的配置表d:\Mud2.0\Mir200\Share\EngineConfig\信用分管理\PlayerActivePoint.xml
2019-07-07 05:58:04 GS-1 正在清除模块-信用分管理-的配置表d:\Mud2.0\Mir200\Share\EngineConfig\信用分管理\MapActivePoint.xml
2019-07-07 05:58:04 GS-1 正在清除模块-摆摊交易-的配置表d:\Mud2.0\Mir200\Share\EngineConfig\摆摊交易\摊位基础设置.ini
2019-07-07 05:58:04 GS-1 正在清除模块-元宝商城管理-的配置表d:\Mud2.0\Mir200\Share\EngineConfig\元宝商城管理\YBGoods.sql
2019-07-07 05:58:04 GS-1 正在清除模块-小助手管理-的配置表d:\Mud2.0\Mir200\Share\EngineConfig\小助手管理\小助手.txt
2019-07-07 05:58:04 GS-1 正在清除模块-静态地图管理-的配置表d:\Mud2.0\Mir200\Share\EngineConfig\静态地图管理\MapDropLimitBagItems.xml
2019-07-07 05:58:05 GS-1 正在清除模块-装备合成管理-的配置表d:\Mud2.0\Mir200\Share\EngineConfig\装备合成管理\StrengthenEquip.xml
2019-07-07 05:58:06 GS-1 正在清除模块-藏宝图管理-的配置表d:\Mud2.0\Mir200\Share\EngineConfig\藏宝图管理\修复藏宝图.txt
2019-07-07 05:58:06 GS-1 正在清除模块-藏宝图管理-的配置表d:\Mud2.0\Mir200\Share\EngineConfig\藏宝图管理\魔龙藏宝图合成装备.txt
2019-07-07 05:58:06 GS-1 正在清除模块-衣服升级管理-的配置表d:\Mud2.0\Mir200\Share\EngineConfig\衣服升级管理\UpdateClothes.xml
2019-07-07 05:58:06 GS-1 正在清除模块-道具管理-的配置表d:\Mud2.0\Mir200\Share\EngineConfig\道具管理\宝石配置.txt
2019-07-07 05:58:06 GS-1 正在清除模块-世界暴率管理-的配置表d:\Mud2.0\Mir200\Share\EngineConfig\世界暴率管理\世界爆率文件1.txt
2019-07-07 05:58:06 GS-1 释放--跨GS消息管理对象--结束
2019-07-07 05:58:06 GS-1 释放--gate管理对象--结束
2019-07-07 05:58:06 GS-1 释放--魔法管理对象--结束
2019-07-07 05:58:06 GS-1 释放--套装管理对象--结束
2019-07-07 05:58:06 GS-1 释放--新暴率管理对象--结束
2019-07-07 05:58:06 GS-1 释放--角色信息初始化管理对象--结束
2019-07-07 05:58:06 GS-1 释放--GS本地日志--结束
2019-07-07 05:58:06 GS-1 释放--DBEngn对象--结束
2019-07-07 05:58:06 GS-1 释放--任务列表--结束
2019-07-07 05:58:06 GS-1 释放--buffer管理类--结束
2019-07-07 05:58:06 GS-1 释放--排行榜--结束
2019-07-07 05:58:06 GS-1 释放--免费回收--结束
2019-07-07 05:58:06 GS-1 释放--mysql对象--结束
2019-07-07 05:58:06 GS-1 ================ 服务停止 ==============
