2019-08-02 20:00:04 GS-1 -----------------------------------------------------
---[Monster]: Max RunDelay: 0; Max RunCount 0
---[Human]: Max RunDelay: 0; [Socket]: Max RunDelay: 0
---[App]: Min PerSecRun: 100; Max RunDelay 0
-----------------------------------------------------
2019-08-02 20:00:04 GS-1 ================ 服务启动 ==============
2019-08-02 20:00:04 GS-1 TPlayerBody Size - 1616
2019-08-02 20:00:04 GS-1 TPlayerDB Size - 61608
2019-08-02 20:00:04 GS-1 ======== 连接MySQL成功 =======
2019-08-02 20:00:04 GS-1 *** ***Gamelog 的下次清理时间为 : 08月09日03时*** ***
2019-08-02 20:00:04 GS-1 ==加载GM指令定义完成==
2019-08-02 20:00:04 GS-1 与 DB 服务器连接成功
2019-08-02 20:00:04 GS-1 [Error]: 火龙珠奖励配置错误！
2019-08-02 20:00:04 GS-1 [Error]: 抽取概率错误:赤金天赐->宝箱1:概率7
2019-08-02 20:00:04 GS-1 [Error]: 抽取概率错误:白银天赐->宝箱1:概率7
2019-08-02 20:00:04 GS-1 [Error]: 抽取概率错误:紫铜天赐->宝箱1:概率7
2019-08-02 20:00:04 GS-1 [Error]: 抽取概率错误:神秘天赐->宝箱1:概率7
2019-08-02 20:00:04 GS-1 [Error]: 抽取概率错误:檀木天赐->宝箱1:概率7
2019-08-02 20:00:04 GS-1 [Error]: 抽取概率错误:宝藏天赐 ->宝箱1:概率7
2019-08-02 20:00:04 GS-1 [Error]: StdItems 不存在的天赐：新年天赐
2019-08-02 20:00:04 GS-1 [Error]: StdItems 不存在的钥匙：新年钥匙
2019-08-02 20:00:04 GS-1 [Error]: StdItems 不存在的钥匙：春节钥匙
2019-08-02 20:00:04 GS-1 [Error]: StdItems 不存在的钥匙：节日钥匙
2019-08-02 20:00:04 GS-1 [Error]: StdItems 不存在的天赐：感恩天赐
2019-08-02 20:00:04 GS-1 [Error]: StdItems 不存在的钥匙：感恩钥匙
2019-08-02 20:00:04 GS-1 系统参数初始化完毕
2019-08-02 20:00:04 GS-1 准备加载NPC，共493个
2019-08-02 20:00:04 GS-1 已加载d:\Mud2.0\Mir200\Share\EngineConfig\系统信息管理\RollMsg.txt！
2019-08-02 20:00:04 GS-1 已加载d:\Mud2.0\Mir200\Share\EngineConfig\系统信息管理\掉落物品提示.txt！
2019-08-02 20:00:04 GS-1 已加载d:\Mud2.0\Mir200\Share\EngineConfig\卧龙英雄管理\Fortress.txt！
2019-08-02 20:00:04 GS-1 已加载d:\Mud2.0\Mir200\Share\EngineConfig\游戏元素点阵管理\GMActEvent.txt！
2019-08-02 20:00:04 GS-1    加载邮件信息成功,加载0个玩家的邮件。
2019-08-02 20:00:04 GS-1    加载邮件信息成功,加载0个玩家的邮件。
2019-08-02 20:00:04 GS-1 已加载d:\Mud2.0\Mir200\Share\EngineConfig\摆摊交易\摊位基础设置.ini！
2019-08-02 20:00:04 GS-1 刷新摊位过期将在2:55执行！
2019-08-02 20:00:04 GS-1   加载Stall成功，共加载摊位0个
2019-08-02 20:00:04 GS-1 [Information]: 寄售表创建成功!
2019-08-02 20:00:04 GS-1 [Information]: 寄售历史表创建成功!
2019-08-02 20:00:04 GS-1 [Information]: 更新超时订单成功!
2019-08-02 20:00:04 GS-1 已加载刷新商城时间：00:00:00.
2019-08-02 20:00:04 GS-1 已加载刷新商城时间：06:00:00.
2019-08-02 20:00:04 GS-1 已加载刷新商城时间：12:00:00.
2019-08-02 20:00:04 GS-1 载入商城物品列表，共5个类别，29种商品
2019-08-02 20:00:04 GS-1 ==> 加载商城物品 装饰类：11/11
2019-08-02 20:00:04 GS-1 ==> 加载商城物品 补给类：1/1
2019-08-02 20:00:04 GS-1 ==> 加载商城物品 强化类：12/12
2019-08-02 20:00:04 GS-1 ==> 加载商城物品 限量类：3/3
2019-08-02 20:00:04 GS-1 ==> 加载商城物品 好友类：2/2
2019-08-02 20:00:04 GS-1 ==> 加载商城物品 类：0/0
2019-08-02 20:00:04 GS-1 ==> 加载商城物品 类：0/0
2019-08-02 20:00:04 GS-1 ==> 加载商城物品 类：0/0
2019-08-02 20:00:04 GS-1    [删除错误数据] 删除用户表中不存在的战队成员
2019-08-02 20:00:04 GS-1    [删除错误数据] 清除战队队长不存在的项
2019-08-02 20:00:04 GS-1    [删除错误数据] 不存在战队的成员
2019-08-02 20:00:04 GS-1    正在加载战队...
2019-08-02 20:00:04 GS-1    战队表数量 : 0
2019-08-02 20:00:04 GS-1    加载战队数量:0
2019-08-02 20:00:04 GS-1    正在加载战队成员...
2019-08-02 20:00:04 GS-1    战队成员总数:0 加载成员数:0
2019-08-02 20:00:04 GS-1    正在检测战队数据有效性...
2019-08-02 20:00:04 GS-1    战队数据有效性检测完毕
2019-08-02 20:00:04 GS-1    [删除错误数据] 清除会长战队不存在行会
2019-08-02 20:00:04 GS-1    [删除错误数据] 清除行会不存在的行会成员
2019-08-02 20:00:04 GS-1    [删除错误数据] 清除行会不存在的行会关系ID排列错误的项
2019-08-02 20:00:04 GS-1    [删除错误数据] 清除行会不存在行会关系
2019-08-02 20:00:04 GS-1    [删除错误数据] 清除行会不存在关注行会
2019-08-02 20:00:04 GS-1    加载行会数量 : 0
2019-08-02 20:00:04 GS-1    加载行会成员(战队)数量 : 0
2019-08-02 20:00:04 GS-1    加载行会关系数量 : 0
2019-08-02 20:00:04 GS-1    加载关注行会数量 : 0
2019-08-02 20:00:04 GS-1    加载请求数量:0
2019-08-02 20:00:04 GS-1 [Error]: 小助手 不存在！
2019-08-02 20:00:04 GS-1 D411地图配置在MapInfo.txt 中不是LIMITBAGITEMDROP属性
2019-08-02 20:00:04 GS-1 D415地图配置在MapInfo.txt 中不是LIMITBAGITEMDROP属性
2019-08-02 20:00:04 GS-1 D416地图配置在MapInfo.txt 中不是LIMITBAGITEMDROP属性
2019-08-02 20:00:04 GS-1 信用分验证功能：开
2019-08-02 20:00:04 GS-1 GS脚本版本号：10001
2019-08-02 20:00:04 GS-1 更新排行榜，共计：0 页
2019-08-02 20:00:04 GS-1 Gate 1 开启
2019-08-02 20:00:44 GS-1 载入商城热销商品列表，共2个。
2019-08-02 20:00:44 GS-1 ==> 加载商城热销榜:2
2019-08-02 20:00:44 GS-1 [Error]: TFieldHero.FillDBData: 龙纹不存在！
2019-08-02 20:05:04 GS-1 -----------------------------------------------------
---[Monster]: Max RunDelay: 906; Max RunCount 3141
---[Human]: Max RunDelay: 406; [Socket]: Max RunDelay: 219
---[App]: Min PerSecRun: 19; Max RunDelay 0
-----------------------------------------------------
2019-08-02 20:10:06 GS-1 -----------------------------------------------------
---[Monster]: Max RunDelay: 3656; Max RunCount 3140
---[Human]: Max RunDelay: 3360; [Socket]: Max RunDelay: 78
---[App]: Min PerSecRun: 18; Max RunDelay 3297
-----------------------------------------------------
2019-08-02 20:10:43 GS-1 08-02 20:10:43 User = 1 / 1
2019-08-02 20:15:06 GS-1 -----------------------------------------------------
---[Monster]: Max RunDelay: 2641; Max RunCount 3135
---[Human]: Max RunDelay: 2360; [Socket]: Max RunDelay: 2282
---[App]: Min PerSecRun: 1; Max RunDelay 2282
-----------------------------------------------------
2019-08-02 20:20:07 GS-1 -----------------------------------------------------
---[Monster]: Max RunDelay: 750; Max RunCount 3154
---[Human]: Max RunDelay: 391; [Socket]: Max RunDelay: 16
---[App]: Min PerSecRun: 43; Max RunDelay 0
-----------------------------------------------------
2019-08-02 20:20:43 GS-1 08-02 20:20:43 User = 0 / 0
2019-08-02 20:25:08 GS-1 -----------------------------------------------------
---[Monster]: Max RunDelay: 313; Max RunCount 3158
---[Human]: Max RunDelay: 94; [Socket]: Max RunDelay: 16
---[App]: Min PerSecRun: 69; Max RunDelay 0
-----------------------------------------------------
2019-08-02 20:30:09 GS-1 -----------------------------------------------------
---[Monster]: Max RunDelay: 328; Max RunCount 3130
---[Human]: Max RunDelay: 47; [Socket]: Max RunDelay: 16
---[App]: Min PerSecRun: 68; Max RunDelay 0
-----------------------------------------------------
2019-08-02 20:30:43 GS-1 08-02 20:30:43 User = 0 / 0
2019-08-02 20:35:10 GS-1 -----------------------------------------------------
---[Monster]: Max RunDelay: 344; Max RunCount 3136
---[Human]: Max RunDelay: 32; [Socket]: Max RunDelay: 16
---[App]: Min PerSecRun: 67; Max RunDelay 0
-----------------------------------------------------
2019-08-02 20:40:11 GS-1 -----------------------------------------------------
---[Monster]: Max RunDelay: 313; Max RunCount 3143
---[Human]: Max RunDelay: 32; [Socket]: Max RunDelay: 16
---[App]: Min PerSecRun: 69; Max RunDelay 0
-----------------------------------------------------
2019-08-02 20:40:43 GS-1 08-02 20:40:43 User = 0 / 0
2019-08-02 20:45:11 GS-1 -----------------------------------------------------
---[Monster]: Max RunDelay: 2954; Max RunCount 3143
---[Human]: Max RunDelay: 2797; [Socket]: Max RunDelay: 16
---[App]: Min PerSecRun: 44; Max RunDelay 15
-----------------------------------------------------
2019-08-02 20:50:12 GS-1 -----------------------------------------------------
---[Monster]: Max RunDelay: 500; Max RunCount 3163
---[Human]: Max RunDelay: 140; [Socket]: Max RunDelay: 47
---[App]: Min PerSecRun: 57; Max RunDelay 0
-----------------------------------------------------
2019-08-02 20:50:44 GS-1 08-02 20:50:44 User = 1 / 1
2019-08-02 20:55:13 GS-1 -----------------------------------------------------
---[Monster]: Max RunDelay: 281; Max RunCount 3141
---[Human]: Max RunDelay: 31; [Socket]: Max RunDelay: 15
---[App]: Min PerSecRun: 71; Max RunDelay 0
-----------------------------------------------------
2019-08-02 21:00:14 GS-1 -----------------------------------------------------
---[Monster]: Max RunDelay: 390; Max RunCount 3143
---[Human]: Max RunDelay: 31; [Socket]: Max RunDelay: 15
---[App]: Min PerSecRun: 63; Max RunDelay 0
-----------------------------------------------------
2019-08-02 21:00:44 GS-1 08-02 21:00:44 User = 1 / 1
2019-08-02 21:00:45 GS-1 载入商城热销商品列表，共2个。
2019-08-02 21:00:45 GS-1 ==> 加载商城热销榜:2
2019-08-02 21:05:15 GS-1 -----------------------------------------------------
---[Monster]: Max RunDelay: 266; Max RunCount 3147
---[Human]: Max RunDelay: 31; [Socket]: Max RunDelay: 16
---[App]: Min PerSecRun: 72; Max RunDelay 0
-----------------------------------------------------
2019-08-02 21:10:16 GS-1 -----------------------------------------------------
---[Monster]: Max RunDelay: 282; Max RunCount 3149
---[Human]: Max RunDelay: 16; [Socket]: Max RunDelay: 16
---[App]: Min PerSecRun: 72; Max RunDelay 0
-----------------------------------------------------
2019-08-02 21:10:44 GS-1 08-02 21:10:44 User = 0 / 0
2019-08-02 21:15:17 GS-1 -----------------------------------------------------
---[Monster]: Max RunDelay: 297; Max RunCount 3105
---[Human]: Max RunDelay: 141; [Socket]: Max RunDelay: 16
---[App]: Min PerSecRun: 67; Max RunDelay 0
-----------------------------------------------------
2019-08-02 21:20:18 GS-1 -----------------------------------------------------
---[Monster]: Max RunDelay: 1062; Max RunCount 3142
---[Human]: Max RunDelay: 296; [Socket]: Max RunDelay: 47
---[App]: Min PerSecRun: 31; Max RunDelay 0
-----------------------------------------------------
2019-08-02 21:20:44 GS-1 08-02 21:20:44 User = 1 / 1
2019-08-02 21:25:19 GS-1 -----------------------------------------------------
---[Monster]: Max RunDelay: 329; Max RunCount 3149
---[Human]: Max RunDelay: 78; [Socket]: Max RunDelay: 16
---[App]: Min PerSecRun: 66; Max RunDelay 0
-----------------------------------------------------
2019-08-02 21:30:20 GS-1 -----------------------------------------------------
---[Monster]: Max RunDelay: 313; Max RunCount 3150
---[Human]: Max RunDelay: 31; [Socket]: Max RunDelay: 15
---[App]: Min PerSecRun: 71; Max RunDelay 0
-----------------------------------------------------
2019-08-02 21:30:44 GS-1 08-02 21:30:44 User = 1 / 1
2019-08-02 21:35:21 GS-1 -----------------------------------------------------
---[Monster]: Max RunDelay: 297; Max RunCount 3151
---[Human]: Max RunDelay: 32; [Socket]: Max RunDelay: 16
---[App]: Min PerSecRun: 72; Max RunDelay 0
-----------------------------------------------------
2019-08-02 21:40:22 GS-1 -----------------------------------------------------
---[Monster]: Max RunDelay: 297; Max RunCount 3151
---[Human]: Max RunDelay: 32; [Socket]: Max RunDelay: 16
---[App]: Min PerSecRun: 68; Max RunDelay 0
-----------------------------------------------------
2019-08-02 21:40:44 GS-1 08-02 21:40:44 User = 2 / 2
2019-08-02 21:45:23 GS-1 -----------------------------------------------------
---[Monster]: Max RunDelay: 282; Max RunCount 3151
---[Human]: Max RunDelay: 47; [Socket]: Max RunDelay: 15
---[App]: Min PerSecRun: 68; Max RunDelay 0
-----------------------------------------------------
2019-08-02 21:50:25 GS-1 -----------------------------------------------------
---[Monster]: Max RunDelay: 484; Max RunCount 3151
---[Human]: Max RunDelay: 156; [Socket]: Max RunDelay: 16
---[App]: Min PerSecRun: 47; Max RunDelay 0
-----------------------------------------------------
2019-08-02 21:50:45 GS-1 08-02 21:50:45 User = 2 / 2
2019-08-02 21:55:26 GS-1 -----------------------------------------------------
---[Monster]: Max RunDelay: 328; Max RunCount 3151
---[Human]: Max RunDelay: 140; [Socket]: Max RunDelay: 16
---[App]: Min PerSecRun: 68; Max RunDelay 0
-----------------------------------------------------
2019-08-02 22:00:27 GS-1 -----------------------------------------------------
---[Monster]: Max RunDelay: 500; Max RunCount 3151
---[Human]: Max RunDelay: 31; [Socket]: Max RunDelay: 15
---[App]: Min PerSecRun: 57; Max RunDelay 0
-----------------------------------------------------
2019-08-02 22:00:45 GS-1 08-02 22:00:45 User = 0 / 0
2019-08-02 22:00:46 GS-1 载入商城热销商品列表，共2个。
2019-08-02 22:00:46 GS-1 ==> 加载商城热销榜:2
2019-08-02 22:05:28 GS-1 -----------------------------------------------------
---[Monster]: Max RunDelay: 297; Max RunCount 3131
---[Human]: Max RunDelay: 156; [Socket]: Max RunDelay: 15
---[App]: Min PerSecRun: 66; Max RunDelay 0
-----------------------------------------------------
2019-08-02 22:10:29 GS-1 -----------------------------------------------------
---[Monster]: Max RunDelay: 484; Max RunCount 3131
---[Human]: Max RunDelay: 140; [Socket]: Max RunDelay: 15
---[App]: Min PerSecRun: 54; Max RunDelay 0
-----------------------------------------------------
2019-08-02 22:10:45 GS-1 08-02 22:10:45 User = 0 / 0
2019-08-02 22:15:30 GS-1 -----------------------------------------------------
---[Monster]: Max RunDelay: 328; Max RunCount 3134
---[Human]: Max RunDelay: 32; [Socket]: Max RunDelay: 15
---[App]: Min PerSecRun: 69; Max RunDelay 0
-----------------------------------------------------
2019-08-02 22:20:31 GS-1 -----------------------------------------------------
---[Monster]: Max RunDelay: 297; Max RunCount 3152
---[Human]: Max RunDelay: 32; [Socket]: Max RunDelay: 15
---[App]: Min PerSecRun: 69; Max RunDelay 0
-----------------------------------------------------
2019-08-02 22:20:45 GS-1 08-02 22:20:45 User = 0 / 0
2019-08-02 22:25:32 GS-1 -----------------------------------------------------
---[Monster]: Max RunDelay: 281; Max RunCount 3152
---[Human]: Max RunDelay: 31; [Socket]: Max RunDelay: 15
---[App]: Min PerSecRun: 70; Max RunDelay 0
-----------------------------------------------------
2019-08-02 22:30:33 GS-1 -----------------------------------------------------
---[Monster]: Max RunDelay: 437; Max RunCount 3152
---[Human]: Max RunDelay: 203; [Socket]: Max RunDelay: 15
---[App]: Min PerSecRun: 59; Max RunDelay 0
-----------------------------------------------------
2019-08-02 22:30:45 GS-1 08-02 22:30:45 User = 1 / 1
2019-08-02 22:35:34 GS-1 -----------------------------------------------------
---[Monster]: Max RunDelay: 328; Max RunCount 3152
---[Human]: Max RunDelay: 140; [Socket]: Max RunDelay: 16
---[App]: Min PerSecRun: 68; Max RunDelay 0
-----------------------------------------------------
2019-08-02 22:40:35 GS-1 -----------------------------------------------------
---[Monster]: Max RunDelay: 297; Max RunCount 3152
---[Human]: Max RunDelay: 31; [Socket]: Max RunDelay: 15
---[App]: Min PerSecRun: 68; Max RunDelay 0
-----------------------------------------------------
2019-08-02 22:40:45 GS-1 08-02 22:40:45 User = 1 / 1
2019-08-02 22:45:36 GS-1 -----------------------------------------------------
---[Monster]: Max RunDelay: 297; Max RunCount 3152
---[Human]: Max RunDelay: 16; [Socket]: Max RunDelay: 15
---[App]: Min PerSecRun: 69; Max RunDelay 0
-----------------------------------------------------
2019-08-02 22:50:37 GS-1 -----------------------------------------------------
---[Monster]: Max RunDelay: 360; Max RunCount 3152
---[Human]: Max RunDelay: 141; [Socket]: Max RunDelay: 15
---[App]: Min PerSecRun: 68; Max RunDelay 0
-----------------------------------------------------
2019-08-02 22:50:45 GS-1 08-02 22:50:45 User = 0 / 0
2019-08-02 22:55:38 GS-1 -----------------------------------------------------
---[Monster]: Max RunDelay: 266; Max RunCount 3152
---[Human]: Max RunDelay: 16; [Socket]: Max RunDelay: 16
---[App]: Min PerSecRun: 73; Max RunDelay 0
-----------------------------------------------------
2019-08-02 23:00:39 GS-1 -----------------------------------------------------
---[Monster]: Max RunDelay: 484; Max RunCount 3152
---[Human]: Max RunDelay: 16; [Socket]: Max RunDelay: 16
---[App]: Min PerSecRun: 59; Max RunDelay 0
-----------------------------------------------------
2019-08-02 23:00:45 GS-1 08-02 23:00:45 User = 0 / 0
2019-08-02 23:00:46 GS-1 载入商城热销商品列表，共2个。
2019-08-02 23:00:46 GS-1 ==> 加载商城热销榜:2
2019-08-02 23:05:40 GS-1 -----------------------------------------------------
---[Monster]: Max RunDelay: 390; Max RunCount 3152
---[Human]: Max RunDelay: 31; [Socket]: Max RunDelay: 16
---[App]: Min PerSecRun: 66; Max RunDelay 0
-----------------------------------------------------
2019-08-02 23:10:41 GS-1 -----------------------------------------------------
---[Monster]: Max RunDelay: 359; Max RunCount 3112
---[Human]: Max RunDelay: 15; [Socket]: Max RunDelay: 0
---[App]: Min PerSecRun: 69; Max RunDelay 0
-----------------------------------------------------
2019-08-02 23:10:45 GS-1 08-02 23:10:45 User = 0 / 0
2019-08-02 23:15:42 GS-1 -----------------------------------------------------
---[Monster]: Max RunDelay: 375; Max RunCount 3152
---[Human]: Max RunDelay: 156; [Socket]: Max RunDelay: 16
---[App]: Min PerSecRun: 66; Max RunDelay 0
-----------------------------------------------------
2019-08-02 23:20:43 GS-1 -----------------------------------------------------
---[Monster]: Max RunDelay: 359; Max RunCount 3152
---[Human]: Max RunDelay: 47; [Socket]: Max RunDelay: 16
---[App]: Min PerSecRun: 68; Max RunDelay 0
-----------------------------------------------------
2019-08-02 23:20:45 GS-1 08-02 23:20:45 User = 0 / 0
2019-08-02 23:25:44 GS-1 -----------------------------------------------------
---[Monster]: Max RunDelay: 281; Max RunCount 3152
---[Human]: Max RunDelay: 16; [Socket]: Max RunDelay: 16
---[App]: Min PerSecRun: 68; Max RunDelay 0
-----------------------------------------------------
2019-08-02 23:30:45 GS-1 -----------------------------------------------------
---[Monster]: Max RunDelay: 438; Max RunCount 3112
---[Human]: Max RunDelay: 16; [Socket]: Max RunDelay: 15
---[App]: Min PerSecRun: 59; Max RunDelay 0
-----------------------------------------------------
2019-08-02 23:30:45 GS-1 08-02 23:30:45 User = 0 / 0
2019-08-02 23:35:45 GS-1 -----------------------------------------------------
---[Monster]: Max RunDelay: 375; Max RunCount 3152
---[Human]: Max RunDelay: 47; [Socket]: Max RunDelay: 16
---[App]: Min PerSecRun: 72; Max RunDelay 0
-----------------------------------------------------
2019-08-02 23:40:45 GS-1 08-02 23:40:45 User = 0 / 0
2019-08-02 23:40:46 GS-1 -----------------------------------------------------
---[Monster]: Max RunDelay: 265; Max RunCount 3152
---[Human]: Max RunDelay: 32; [Socket]: Max RunDelay: 16
---[App]: Min PerSecRun: 69; Max RunDelay 0
-----------------------------------------------------
2019-08-02 23:45:47 GS-1 -----------------------------------------------------
---[Monster]: Max RunDelay: 391; Max RunCount 3152
---[Human]: Max RunDelay: 157; [Socket]: Max RunDelay: 16
---[App]: Min PerSecRun: 68; Max RunDelay 0
-----------------------------------------------------
2019-08-02 23:50:45 GS-1 08-02 23:50:45 User = 0 / 0
2019-08-02 23:50:48 GS-1 -----------------------------------------------------
---[Monster]: Max RunDelay: 375; Max RunCount 3152
---[Human]: Max RunDelay: 16; [Socket]: Max RunDelay: 16
---[App]: Min PerSecRun: 71; Max RunDelay 0
-----------------------------------------------------
2019-08-02 23:55:49 GS-1 -----------------------------------------------------
---[Monster]: Max RunDelay: 343; Max RunCount 3152
---[Human]: Max RunDelay: 32; [Socket]: Max RunDelay: 16
---[App]: Min PerSecRun: 69; Max RunDelay 0
-----------------------------------------------------
2019-08-03 00:00:00 GS-1 载入商城物品列表，共5个类别，29种商品
2019-08-03 00:00:00 GS-1 ==> 加载商城物品 装饰类：11/11
2019-08-03 00:00:00 GS-1 ==> 加载商城物品 补给类：1/1
2019-08-03 00:00:00 GS-1 ==> 加载商城物品 强化类：12/12
2019-08-03 00:00:00 GS-1 ==> 加载商城物品 限量类：3/3
2019-08-03 00:00:00 GS-1 ==> 加载商城物品 好友类：2/2
2019-08-03 00:00:00 GS-1 ==> 加载商城物品 类：0/0
2019-08-03 00:00:00 GS-1 ==> 加载商城物品 类：0/0
2019-08-03 00:00:00 GS-1 ==> 加载商城物品 类：0/0
2019-08-03 00:00:45 GS-1 08-03 00:00:45 User = 0 / 0
2019-08-03 00:00:46 GS-1 载入商城热销商品列表，共2个。
2019-08-03 00:00:46 GS-1 ==> 加载商城热销榜:2
2019-08-03 00:00:50 GS-1 -----------------------------------------------------
---[Monster]: Max RunDelay: 453; Max RunCount 3152
---[Human]: Max RunDelay: 47; [Socket]: Max RunDelay: 31
---[App]: Min PerSecRun: 63; Max RunDelay 0
-----------------------------------------------------
2019-08-03 00:05:51 GS-1 -----------------------------------------------------
---[Monster]: Max RunDelay: 359; Max RunCount 3122
---[Human]: Max RunDelay: 16; [Socket]: Max RunDelay: 16
---[App]: Min PerSecRun: 73; Max RunDelay 0
-----------------------------------------------------
2019-08-03 00:10:45 GS-1 08-03 00:10:45 User = 0 / 0
2019-08-03 00:10:52 GS-1 -----------------------------------------------------
---[Monster]: Max RunDelay: 281; Max RunCount 3152
---[Human]: Max RunDelay: 47; [Socket]: Max RunDelay: 16
---[App]: Min PerSecRun: 74; Max RunDelay 0
-----------------------------------------------------
2019-08-03 00:15:53 GS-1 -----------------------------------------------------
---[Monster]: Max RunDelay: 391; Max RunCount 3122
---[Human]: Max RunDelay: 47; [Socket]: Max RunDelay: 0
---[App]: Min PerSecRun: 67; Max RunDelay 0
-----------------------------------------------------
2019-08-03 00:20:45 GS-1 08-03 00:20:45 User = 0 / 0
2019-08-03 00:20:54 GS-1 -----------------------------------------------------
---[Monster]: Max RunDelay: 375; Max RunCount 3152
---[Human]: Max RunDelay: 62; [Socket]: Max RunDelay: 16
---[App]: Min PerSecRun: 68; Max RunDelay 0
-----------------------------------------------------
2019-08-03 00:25:55 GS-1 -----------------------------------------------------
---[Monster]: Max RunDelay: 360; Max RunCount 3152
---[Human]: Max RunDelay: 31; [Socket]: Max RunDelay: 0
---[App]: Min PerSecRun: 68; Max RunDelay 0
-----------------------------------------------------
2019-08-03 00:30:45 GS-1 08-03 00:30:45 User = 0 / 0
2019-08-03 00:30:56 GS-1 -----------------------------------------------------
---[Monster]: Max RunDelay: 406; Max RunCount 3152
---[Human]: Max RunDelay: 15; [Socket]: Max RunDelay: 47
---[App]: Min PerSecRun: 68; Max RunDelay 0
-----------------------------------------------------
2019-08-03 00:35:57 GS-1 -----------------------------------------------------
---[Monster]: Max RunDelay: 250; Max RunCount 3152
---[Human]: Max RunDelay: 15; [Socket]: Max RunDelay: 16
---[App]: Min PerSecRun: 69; Max RunDelay 0
-----------------------------------------------------
2019-08-03 00:40:45 GS-1 08-03 00:40:45 User = 0 / 0
2019-08-03 00:40:58 GS-1 -----------------------------------------------------
---[Monster]: Max RunDelay: 297; Max RunCount 3152
---[Human]: Max RunDelay: 47; [Socket]: Max RunDelay: 16
---[App]: Min PerSecRun: 74; Max RunDelay 0
-----------------------------------------------------
2019-08-03 00:45:59 GS-1 -----------------------------------------------------
---[Monster]: Max RunDelay: 360; Max RunCount 3152
---[Human]: Max RunDelay: 16; [Socket]: Max RunDelay: 15
---[App]: Min PerSecRun: 71; Max RunDelay 0
-----------------------------------------------------
2019-08-03 00:50:45 GS-1 08-03 00:50:45 User = 0 / 0
2019-08-03 00:51:00 GS-1 -----------------------------------------------------
---[Monster]: Max RunDelay: 359; Max RunCount 3152
---[Human]: Max RunDelay: 16; [Socket]: Max RunDelay: 15
---[App]: Min PerSecRun: 69; Max RunDelay 0
-----------------------------------------------------
2019-08-03 00:56:01 GS-1 -----------------------------------------------------
---[Monster]: Max RunDelay: 313; Max RunCount 3152
---[Human]: Max RunDelay: 140; [Socket]: Max RunDelay: 15
---[App]: Min PerSecRun: 69; Max RunDelay 0
-----------------------------------------------------
2019-08-03 01:00:45 GS-1 08-03 01:00:45 User = 0 / 0
2019-08-03 01:00:46 GS-1 载入商城热销商品列表，共2个。
2019-08-03 01:00:46 GS-1 ==> 加载商城热销榜:2
2019-08-03 01:01:02 GS-1 -----------------------------------------------------
---[Monster]: Max RunDelay: 453; Max RunCount 3152
---[Human]: Max RunDelay: 15; [Socket]: Max RunDelay: 16
---[App]: Min PerSecRun: 59; Max RunDelay 0
-----------------------------------------------------
2019-08-03 01:06:04 GS-1 -----------------------------------------------------
---[Monster]: Max RunDelay: 375; Max RunCount 3152
---[Human]: Max RunDelay: 15; [Socket]: Max RunDelay: 0
---[App]: Min PerSecRun: 74; Max RunDelay 0
-----------------------------------------------------
2019-08-03 01:10:46 GS-1 08-03 01:10:46 User = 0 / 0
2019-08-03 01:11:05 GS-1 -----------------------------------------------------
---[Monster]: Max RunDelay: 360; Max RunCount 3152
---[Human]: Max RunDelay: 15; [Socket]: Max RunDelay: 15
---[App]: Min PerSecRun: 68; Max RunDelay 0
-----------------------------------------------------
2019-08-03 01:16:06 GS-1 -----------------------------------------------------
---[Monster]: Max RunDelay: 281; Max RunCount 3152
---[Human]: Max RunDelay: 32; [Socket]: Max RunDelay: 15
---[App]: Min PerSecRun: 69; Max RunDelay 0
-----------------------------------------------------
2019-08-03 01:20:46 GS-1 08-03 01:20:46 User = 0 / 0
2019-08-03 01:21:07 GS-1 -----------------------------------------------------
---[Monster]: Max RunDelay: 375; Max RunCount 3152
---[Human]: Max RunDelay: 16; [Socket]: Max RunDelay: 0
---[App]: Min PerSecRun: 70; Max RunDelay 0
-----------------------------------------------------
2019-08-03 01:26:08 GS-1 -----------------------------------------------------
---[Monster]: Max RunDelay: 344; Max RunCount 3122
---[Human]: Max RunDelay: 16; [Socket]: Max RunDelay: 15
---[App]: Min PerSecRun: 69; Max RunDelay 0
-----------------------------------------------------
2019-08-03 01:30:46 GS-1 08-03 01:30:46 User = 0 / 0
2019-08-03 01:31:09 GS-1 -----------------------------------------------------
---[Monster]: Max RunDelay: 375; Max RunCount 3152
---[Human]: Max RunDelay: 31; [Socket]: Max RunDelay: 15
---[App]: Min PerSecRun: 61; Max RunDelay 0
-----------------------------------------------------
2019-08-03 01:36:10 GS-1 -----------------------------------------------------
---[Monster]: Max RunDelay: 265; Max RunCount 3152
---[Human]: Max RunDelay: 16; [Socket]: Max RunDelay: 0
---[App]: Min PerSecRun: 69; Max RunDelay 0
-----------------------------------------------------
2019-08-03 01:40:46 GS-1 08-03 01:40:46 User = 0 / 0
2019-08-03 01:41:11 GS-1 -----------------------------------------------------
---[Monster]: Max RunDelay: 297; Max RunCount 3139
---[Human]: Max RunDelay: 78; [Socket]: Max RunDelay: 15
---[App]: Min PerSecRun: 69; Max RunDelay 0
-----------------------------------------------------
2019-08-03 01:46:12 GS-1 -----------------------------------------------------
---[Monster]: Max RunDelay: 266; Max RunCount 3139
---[Human]: Max RunDelay: 31; [Socket]: Max RunDelay: 16
---[App]: Min PerSecRun: 69; Max RunDelay 0
-----------------------------------------------------
2019-08-03 01:50:46 GS-1 08-03 01:50:46 User = 0 / 0
2019-08-03 01:51:13 GS-1 -----------------------------------------------------
---[Monster]: Max RunDelay: 375; Max RunCount 3152
---[Human]: Max RunDelay: 31; [Socket]: Max RunDelay: 16
---[App]: Min PerSecRun: 68; Max RunDelay 0
-----------------------------------------------------
2019-08-03 01:56:14 GS-1 -----------------------------------------------------
---[Monster]: Max RunDelay: 313; Max RunCount 3152
---[Human]: Max RunDelay: 16; [Socket]: Max RunDelay: 0
---[App]: Min PerSecRun: 71; Max RunDelay 0
-----------------------------------------------------
2019-08-03 02:00:46 GS-1 08-03 02:00:46 User = 0 / 0
2019-08-03 02:00:47 GS-1 载入商城热销商品列表，共2个。
2019-08-03 02:00:47 GS-1 ==> 加载商城热销榜:2
2019-08-03 02:01:15 GS-1 -----------------------------------------------------
---[Monster]: Max RunDelay: 485; Max RunCount 3152
---[Human]: Max RunDelay: 157; [Socket]: Max RunDelay: 16
---[App]: Min PerSecRun: 59; Max RunDelay 0
-----------------------------------------------------
2019-08-03 02:06:16 GS-1 -----------------------------------------------------
---[Monster]: Max RunDelay: 375; Max RunCount 3152
---[Human]: Max RunDelay: 16; [Socket]: Max RunDelay: 16
---[App]: Min PerSecRun: 69; Max RunDelay 0
-----------------------------------------------------
2019-08-03 02:10:46 GS-1 08-03 02:10:46 User = 0 / 0
2019-08-03 02:11:17 GS-1 -----------------------------------------------------
---[Monster]: Max RunDelay: 297; Max RunCount 3152
---[Human]: Max RunDelay: 31; [Socket]: Max RunDelay: 16
---[App]: Min PerSecRun: 68; Max RunDelay 0
-----------------------------------------------------
2019-08-03 02:14:48 GS-1 [Error]: GameGate ServerSocketError, ErrorCode=10061
2019-08-03 02:14:48 GS-1 [Error]: GameGate ServerSocketError, ErrorCode=10061
2019-08-03 02:14:49 GS-1 [Error]: GameGate ServerSocketError, ErrorCode=10061
2019-08-03 02:16:18 GS-1 -----------------------------------------------------
---[Monster]: Max RunDelay: 375; Max RunCount 3152
---[Human]: Max RunDelay: 32; [Socket]: Max RunDelay: 16
---[App]: Min PerSecRun: 68; Max RunDelay 0
-----------------------------------------------------
2019-08-03 02:20:46 GS-1 08-03 02:20:46 User = 0 / 0
2019-08-03 02:21:19 GS-1 -----------------------------------------------------
---[Monster]: Max RunDelay: 360; Max RunCount 3134
---[Human]: Max RunDelay: 16; [Socket]: Max RunDelay: 16
---[App]: Min PerSecRun: 73; Max RunDelay 0
-----------------------------------------------------
2019-08-03 02:26:20 GS-1 -----------------------------------------------------
---[Monster]: Max RunDelay: 343; Max RunCount 3152
---[Human]: Max RunDelay: 31; [Socket]: Max RunDelay: 0
---[App]: Min PerSecRun: 69; Max RunDelay 0
-----------------------------------------------------
2019-08-03 02:30:46 GS-1 08-03 02:30:46 User = 0 / 0
2019-08-03 02:31:21 GS-1 -----------------------------------------------------
---[Monster]: Max RunDelay: 485; Max RunCount 3152
---[Human]: Max RunDelay: 31; [Socket]: Max RunDelay: 0
---[App]: Min PerSecRun: 59; Max RunDelay 0
-----------------------------------------------------
2019-08-03 02:36:22 GS-1 -----------------------------------------------------
---[Monster]: Max RunDelay: 375; Max RunCount 3152
---[Human]: Max RunDelay: 16; [Socket]: Max RunDelay: 16
---[App]: Min PerSecRun: 69; Max RunDelay 0
-----------------------------------------------------
2019-08-03 02:40:46 GS-1 08-03 02:40:46 User = 0 / 0
2019-08-03 02:41:23 GS-1 -----------------------------------------------------
---[Monster]: Max RunDelay: 312; Max RunCount 3152
---[Human]: Max RunDelay: 16; [Socket]: Max RunDelay: 16
---[App]: Min PerSecRun: 69; Max RunDelay 0
-----------------------------------------------------
2019-08-03 02:46:24 GS-1 -----------------------------------------------------
---[Monster]: Max RunDelay: 375; Max RunCount 3152
---[Human]: Max RunDelay: 16; [Socket]: Max RunDelay: 16
---[App]: Min PerSecRun: 69; Max RunDelay 0
-----------------------------------------------------
2019-08-03 02:50:46 GS-1 08-03 02:50:46 User = 0 / 0
2019-08-03 02:51:25 GS-1 -----------------------------------------------------
---[Monster]: Max RunDelay: 375; Max RunCount 3103
---[Human]: Max RunDelay: 16; [Socket]: Max RunDelay: 16
---[App]: Min PerSecRun: 69; Max RunDelay 0
-----------------------------------------------------
2019-08-03 02:56:26 GS-1 -----------------------------------------------------
---[Monster]: Max RunDelay: 281; Max RunCount 3152
---[Human]: Max RunDelay: 16; [Socket]: Max RunDelay: 16
---[App]: Min PerSecRun: 68; Max RunDelay 0
-----------------------------------------------------
2019-08-03 03:00:46 GS-1 08-03 03:00:46 User = 0 / 0
2019-08-03 03:00:47 GS-1 载入商城热销商品列表，共2个。
2019-08-03 03:00:47 GS-1 ==> 加载商城热销榜:2
2019-08-03 03:01:27 GS-1 -----------------------------------------------------
---[Monster]: Max RunDelay: 468; Max RunCount 3152
---[Human]: Max RunDelay: 141; [Socket]: Max RunDelay: 16
---[App]: Min PerSecRun: 59; Max RunDelay 0
-----------------------------------------------------
2019-08-03 03:06:28 GS-1 -----------------------------------------------------
---[Monster]: Max RunDelay: 281; Max RunCount 3152
---[Human]: Max RunDelay: 15; [Socket]: Max RunDelay: 16
---[App]: Min PerSecRun: 70; Max RunDelay 0
-----------------------------------------------------
2019-08-03 03:10:46 GS-1 08-03 03:10:46 User = 0 / 0
2019-08-03 03:11:29 GS-1 -----------------------------------------------------
---[Monster]: Max RunDelay: 312; Max RunCount 3152
---[Human]: Max RunDelay: 78; [Socket]: Max RunDelay: 16
---[App]: Min PerSecRun: 70; Max RunDelay 0
-----------------------------------------------------
2019-08-03 03:16:28 GS-1 -----------------------------------------------------
---[Monster]: Max RunDelay: 3344; Max RunCount 3152
---[Human]: Max RunDelay: 3188; [Socket]: Max RunDelay: 31
---[App]: Min PerSecRun: 14; Max RunDelay 0
-----------------------------------------------------
2019-08-03 03:20:46 GS-1 08-03 03:20:46 User = 0 / 0
2019-08-03 03:21:29 GS-1 -----------------------------------------------------
---[Monster]: Max RunDelay: 266; Max RunCount 3139
---[Human]: Max RunDelay: 31; [Socket]: Max RunDelay: 15
---[App]: Min PerSecRun: 75; Max RunDelay 0
-----------------------------------------------------
2019-08-03 03:26:30 GS-1 -----------------------------------------------------
---[Monster]: Max RunDelay: 359; Max RunCount 3152
---[Human]: Max RunDelay: 31; [Socket]: Max RunDelay: 15
---[App]: Min PerSecRun: 70; Max RunDelay 0
-----------------------------------------------------
2019-08-03 03:30:46 GS-1 08-03 03:30:46 User = 0 / 0
2019-08-03 03:31:31 GS-1 -----------------------------------------------------
---[Monster]: Max RunDelay: 438; Max RunCount 3122
---[Human]: Max RunDelay: 31; [Socket]: Max RunDelay: 0
---[App]: Min PerSecRun: 60; Max RunDelay 0
-----------------------------------------------------
2019-08-03 03:36:32 GS-1 -----------------------------------------------------
---[Monster]: Max RunDelay: 375; Max RunCount 3152
---[Human]: Max RunDelay: 157; [Socket]: Max RunDelay: 15
---[App]: Min PerSecRun: 69; Max RunDelay 0
-----------------------------------------------------
2019-08-03 03:40:46 GS-1 08-03 03:40:46 User = 0 / 0
2019-08-03 03:41:33 GS-1 -----------------------------------------------------
---[Monster]: Max RunDelay: 375; Max RunCount 3152
---[Human]: Max RunDelay: 78; [Socket]: Max RunDelay: 15
---[App]: Min PerSecRun: 67; Max RunDelay 0
-----------------------------------------------------
2019-08-03 03:46:35 GS-1 -----------------------------------------------------
---[Monster]: Max RunDelay: 641; Max RunCount 3152
---[Human]: Max RunDelay: 204; [Socket]: Max RunDelay: 32
---[App]: Min PerSecRun: 42; Max RunDelay 0
-----------------------------------------------------
2019-08-03 03:50:48 GS-1 08-03 03:50:48 User = 0 / 0
2019-08-03 03:51:35 GS-1 -----------------------------------------------------
---[Monster]: Max RunDelay: 1047; Max RunCount 3152
---[Human]: Max RunDelay: 828; [Socket]: Max RunDelay: 594
---[App]: Min PerSecRun: 11; Max RunDelay 0
-----------------------------------------------------
2019-08-03 03:56:37 GS-1 -----------------------------------------------------
---[Monster]: Max RunDelay: 1219; Max RunCount 3152
---[Human]: Max RunDelay: 656; [Socket]: Max RunDelay: 453
---[App]: Min PerSecRun: 5; Max RunDelay 0
-----------------------------------------------------
2019-08-03 04:00:47 GS-1 载入商城热销商品列表，共2个。
2019-08-03 04:00:47 GS-1 ==> 加载商城热销榜:2
2019-08-03 04:00:48 GS-1 08-03 04:00:48 User = 0 / 0
2019-08-03 04:01:37 GS-1 -----------------------------------------------------
---[Monster]: Max RunDelay: 1406; Max RunCount 3152
---[Human]: Max RunDelay: 1218; [Socket]: Max RunDelay: 516
---[App]: Min PerSecRun: 4; Max RunDelay 0
-----------------------------------------------------
2019-08-03 04:06:38 GS-1 -----------------------------------------------------
---[Monster]: Max RunDelay: 1250; Max RunCount 3152
---[Human]: Max RunDelay: 843; [Socket]: Max RunDelay: 281
---[App]: Min PerSecRun: 5; Max RunDelay 0
-----------------------------------------------------
2019-08-03 04:10:48 GS-1 08-03 04:10:48 User = 0 / 0
2019-08-03 04:11:23 GS-1 04:11:23 Gate 1 (129.28.198.181) 关闭
2019-08-03 04:11:23 GS-1 [Warning]: 与DB 服务器断开连接....
2019-08-03 04:11:28 GS-1 释放--魔龙冰晶升级对象--结束
2019-08-03 04:11:28 GS-1 释放--天赐宝箱1--结束
2019-08-03 04:11:28 GS-1 释放--天赐宝箱2--结束
2019-08-03 04:11:28 GS-1 释放--一点充--结束
2019-08-03 04:11:28 GS-1 释放--事件管理对象--结束
2019-08-03 04:11:28 GS-1 释放--任务管理对象--结束
2019-08-03 04:11:30 GS-1 释放--升级提醒管理对象--结束
2019-08-03 04:11:30 GS-1 释放--GDMsg管理对象--结束
2019-08-03 04:11:30 GS-1 释放--跨地图寻路管理对象--结束
2019-08-03 04:11:30 GS-1 释放--沙巴克管理对象--结束
2019-08-03 04:11:30 GS-1 释放--中央活动服务器客户端--结束
2019-08-03 04:11:30 GS-1 释放--乾坤包--结束
2019-08-03 04:11:30 GS-1 正在清除模块-卧龙英雄管理-的配置表d:\Mud2.0\Mir200\Share\EngineConfig\卧龙英雄管理\Fortress-HERO1.txt
2019-08-03 04:11:30 GS-1 正在清除模块-卧龙英雄管理-的配置表d:\Mud2.0\Mir200\Share\EngineConfig\卧龙英雄管理\Fortress.txt
2019-08-03 04:11:30 GS-1 正在清除模块-游戏元素点阵管理-的配置表d:\Mud2.0\Mir200\Share\EngineConfig\游戏元素点阵管理\GMActEvent.txt
2019-08-03 04:11:30 GS-1 正在清除模块-信用分管理-的配置表d:\Mud2.0\Mir200\Share\EngineConfig\信用分管理\PlayerActivePoint.xml
2019-08-03 04:11:30 GS-1 正在清除模块-信用分管理-的配置表d:\Mud2.0\Mir200\Share\EngineConfig\信用分管理\MapActivePoint.xml
2019-08-03 04:11:30 GS-1 正在清除模块-摆摊交易-的配置表d:\Mud2.0\Mir200\Share\EngineConfig\摆摊交易\摊位基础设置.ini
2019-08-03 04:11:30 GS-1 正在清除模块-元宝商城管理-的配置表d:\Mud2.0\Mir200\Share\EngineConfig\元宝商城管理\YBGoods.sql
2019-08-03 04:11:30 GS-1 正在清除模块-小助手管理-的配置表d:\Mud2.0\Mir200\Share\EngineConfig\小助手管理\小助手.txt
2019-08-03 04:11:30 GS-1 正在清除模块-静态地图管理-的配置表d:\Mud2.0\Mir200\Share\EngineConfig\静态地图管理\MapDropLimitBagItems.xml
2019-08-03 04:11:42 GS-1 正在清除模块-装备合成管理-的配置表d:\Mud2.0\Mir200\Share\EngineConfig\装备合成管理\StrengthenEquip.xml
2019-08-03 04:11:48 GS-1 正在清除模块-藏宝图管理-的配置表d:\Mud2.0\Mir200\Share\EngineConfig\藏宝图管理\修复藏宝图.txt
2019-08-03 04:11:48 GS-1 正在清除模块-藏宝图管理-的配置表d:\Mud2.0\Mir200\Share\EngineConfig\藏宝图管理\魔龙藏宝图合成装备.txt
2019-08-03 04:11:48 GS-1 正在清除模块-衣服升级管理-的配置表d:\Mud2.0\Mir200\Share\EngineConfig\衣服升级管理\UpdateClothes.xml
2019-08-03 04:11:48 GS-1 正在清除模块-道具管理-的配置表d:\Mud2.0\Mir200\Share\EngineConfig\道具管理\宝石配置.txt
2019-08-03 04:11:49 GS-1 正在清除模块-世界暴率管理-的配置表d:\Mud2.0\Mir200\Share\EngineConfig\世界暴率管理\世界爆率文件1.txt
2019-08-03 04:11:49 GS-1 释放--跨GS消息管理对象--结束
2019-08-03 04:11:49 GS-1 释放--gate管理对象--结束
2019-08-03 04:11:49 GS-1 释放--魔法管理对象--结束
2019-08-03 04:11:49 GS-1 释放--套装管理对象--结束
2019-08-03 04:11:49 GS-1 释放--新暴率管理对象--结束
2019-08-03 04:11:49 GS-1 释放--角色信息初始化管理对象--结束
2019-08-03 04:11:49 GS-1 释放--GS本地日志--结束
2019-08-03 04:11:49 GS-1 释放--DBEngn对象--结束
2019-08-03 04:11:49 GS-1 释放--任务列表--结束
2019-08-03 04:11:49 GS-1 释放--buffer管理类--结束
2019-08-03 04:11:49 GS-1 释放--排行榜--结束
2019-08-03 04:11:49 GS-1 释放--免费回收--结束
2019-08-03 04:11:49 GS-1 释放--mysql对象--结束
2019-08-03 04:11:49 GS-1 ================ 服务停止 ==============
