2019-09-16 10:28:31 GS-1 -----------------------------------------------------
---[Monster]: Max RunDelay: 0; Max RunCount 0
---[Human]: Max RunDelay: 0; [Socket]: Max RunDelay: 0
---[App]: Min PerSecRun: 100; Max RunDelay 0
-----------------------------------------------------
2019-09-16 10:28:31 GS-1 ================ 服务启动 ==============
2019-09-16 10:28:31 GS-1 TPlayerBody Size - 1616
2019-09-16 10:28:31 GS-1 TPlayerDB Size - 61608
2019-09-16 10:28:31 GS-1 ======== 连接MySQL成功 =======
2019-09-16 10:28:31 GS-1 *** ***Gamelog 的下次清理时间为 : 09月23日03时*** ***
2019-09-16 10:28:31 GS-1 ==加载GM指令定义完成==
2019-09-16 10:28:31 GS-1 与 DB 服务器连接成功
2019-09-16 10:28:31 GS-1 [Error]: 加载 热血勇士奖励:配置1 出错
2019-09-16 10:28:31 GS-1 [Error]: 加载 热血勇士奖励:配置2 出错
2019-09-16 10:28:31 GS-1 [Error]: 加载 热血勇士奖励:配置3 出错
2019-09-16 10:28:31 GS-1 [Error]: 加载 热血勇士奖励:配置4 出错
2019-09-16 10:28:31 GS-1 [Error]: 加载 热血勇士奖励:配置5 出错
2019-09-16 10:28:31 GS-1 [Error]: 加载 热血勇士奖励:配置6 出错
2019-09-16 10:28:31 GS-1 [Error]: 加载 热血勇士奖励:配置7 出错
2019-09-16 10:28:31 GS-1 [Error]: 加载 热血勇士奖励:配置8 出错
2019-09-16 10:28:31 GS-1 [Error]: 加载 热血勇士奖励:配置9 出错
2019-09-16 10:28:31 GS-1 [Error]: 加载 热血勇士奖励:配置10 出错
2019-09-16 10:28:31 GS-1 [Error]: 火龙珠奖励配置错误！
2019-09-16 10:28:31 GS-1 [Error]: 火龙珠奖励配置错误！
2019-09-16 10:28:31 GS-1 [Error]: 火龙珠奖励配置错误！
2019-09-16 10:28:31 GS-1 [Error]: 抽取概率错误:赤金天赐->宝箱1:概率7
2019-09-16 10:28:31 GS-1 [Error]: 抽取概率错误:白银天赐->宝箱1:概率7
2019-09-16 10:28:31 GS-1 [Error]: 抽取概率错误:紫铜天赐->宝箱1:概率7
2019-09-16 10:28:31 GS-1 [Error]: 抽取概率错误:神秘天赐->宝箱1:概率7
2019-09-16 10:28:31 GS-1 [Error]: 抽取概率错误:檀木天赐->宝箱1:概率7
2019-09-16 10:28:31 GS-1 [Error]: 抽取概率错误:宝藏天赐 ->宝箱1:概率7
2019-09-16 10:28:31 GS-1 [Error]: StdItems 不存在的天赐：新年天赐
2019-09-16 10:28:31 GS-1 [Error]: StdItems 不存在的钥匙：新年钥匙
2019-09-16 10:28:31 GS-1 [Error]: StdItems 不存在的钥匙：春节钥匙
2019-09-16 10:28:31 GS-1 [Error]: StdItems 不存在的钥匙：节日钥匙
2019-09-16 10:28:31 GS-1 [Error]: StdItems 不存在的天赐：感恩天赐
2019-09-16 10:28:31 GS-1 [Error]: StdItems 不存在的钥匙：感恩钥匙
2019-09-16 10:28:31 GS-1 系统参数初始化完毕
2019-09-16 10:28:31 GS-1 准备加载NPC，共517个
2019-09-16 10:28:31 GS-1 已加载d:\Mud2.0\Mir200\Share\EngineConfig\系统信息管理\RollMsg.txt！
2019-09-16 10:28:31 GS-1 已加载d:\Mud2.0\Mir200\Share\EngineConfig\系统信息管理\掉落物品提示.txt！
2019-09-16 10:28:31 GS-1 已加载d:\Mud2.0\Mir200\Share\EngineConfig\卧龙英雄管理\Fortress.txt！
2019-09-16 10:28:31 GS-1 已加载d:\Mud2.0\Mir200\Share\EngineConfig\游戏元素点阵管理\GMActEvent.txt！
2019-09-16 10:28:31 GS-1    加载邮件信息成功,加载0个玩家的邮件。
2019-09-16 10:28:31 GS-1    加载邮件信息成功,加载2个玩家的邮件。
2019-09-16 10:28:31 GS-1 已加载d:\Mud2.0\Mir200\Share\EngineConfig\摆摊交易\摊位基础设置.ini！
2019-09-16 10:28:31 GS-1 刷新摊位过期将在2:55执行！
2019-09-16 10:28:31 GS-1   加载Stall成功，共加载摊位0个
2019-09-16 10:28:31 GS-1 [Information]: 寄售表创建成功!
2019-09-16 10:28:31 GS-1 [Information]: 寄售历史表创建成功!
2019-09-16 10:28:31 GS-1 [Information]: 更新超时订单成功!
2019-09-16 10:28:31 GS-1 已加载刷新商城时间：00:00:00.
2019-09-16 10:28:31 GS-1 已加载刷新商城时间：06:00:00.
2019-09-16 10:28:31 GS-1 已加载刷新商城时间：12:00:00.
2019-09-16 10:28:31 GS-1 载入商城物品列表，共5个类别，40种商品
2019-09-16 10:28:31 GS-1 ==> 加载商城物品 装饰类：11/11
2019-09-16 10:28:31 GS-1 ==> 加载商城物品 补给类：5/5
2019-09-16 10:28:31 GS-1 ==> 加载商城物品 强化类：14/14
2019-09-16 10:28:31 GS-1 ==> 加载商城物品 限量类：8/8
2019-09-16 10:28:31 GS-1 ==> 加载商城物品 好友类：2/2
2019-09-16 10:28:31 GS-1 ==> 加载商城物品 类：0/0
2019-09-16 10:28:31 GS-1 ==> 加载商城物品 类：0/0
2019-09-16 10:28:31 GS-1 ==> 加载商城物品 类：0/0
2019-09-16 10:28:31 GS-1    [删除错误数据] 删除用户表中不存在的战队成员
2019-09-16 10:28:31 GS-1    [删除错误数据] 清除战队队长不存在的项
2019-09-16 10:28:31 GS-1    [删除错误数据] 不存在战队的成员
2019-09-16 10:28:31 GS-1    正在加载战队...
2019-09-16 10:28:31 GS-1    战队表数量 : 0
2019-09-16 10:28:31 GS-1    加载战队数量:0
2019-09-16 10:28:31 GS-1    正在加载战队成员...
2019-09-16 10:28:31 GS-1    战队成员总数:0 加载成员数:0
2019-09-16 10:28:31 GS-1    正在检测战队数据有效性...
2019-09-16 10:28:31 GS-1    战队数据有效性检测完毕
2019-09-16 10:28:31 GS-1    [删除错误数据] 清除会长战队不存在行会
2019-09-16 10:28:31 GS-1    [删除错误数据] 清除行会不存在的行会成员
2019-09-16 10:28:31 GS-1    [删除错误数据] 清除行会不存在的行会关系ID排列错误的项
2019-09-16 10:28:31 GS-1    [删除错误数据] 清除行会不存在行会关系
2019-09-16 10:28:31 GS-1    [删除错误数据] 清除行会不存在关注行会
2019-09-16 10:28:31 GS-1    加载行会数量 : 0
2019-09-16 10:28:31 GS-1    加载行会成员(战队)数量 : 0
2019-09-16 10:28:31 GS-1    加载行会关系数量 : 0
2019-09-16 10:28:31 GS-1    加载关注行会数量 : 0
2019-09-16 10:28:31 GS-1    加载请求数量:0
2019-09-16 10:28:31 GS-1 [Error]: 小助手 不存在！
2019-09-16 10:28:31 GS-1 D411地图配置在MapInfo.txt 中不是LIMITBAGITEMDROP属性
2019-09-16 10:28:31 GS-1 D415地图配置在MapInfo.txt 中不是LIMITBAGITEMDROP属性
2019-09-16 10:28:31 GS-1 D416地图配置在MapInfo.txt 中不是LIMITBAGITEMDROP属性
2019-09-16 10:28:31 GS-1 信用分验证功能：开
2019-09-16 10:28:31 GS-1 GS脚本版本号：10001
2019-09-16 10:28:31 GS-1 更新排行榜，共计：6 页
2019-09-16 10:28:58 GS-1 载入商城热销商品列表，共14个。
2019-09-16 10:28:58 GS-1 ==> 加载商城热销榜:5
2019-09-16 10:28:59 GS-1 Gate 1 开启
2019-09-16 10:33:32 GS-1 -----------------------------------------------------
---[Monster]: Max RunDelay: 266; Max RunCount 3235
---[Human]: Max RunDelay: 32; [Socket]: Max RunDelay: 16
---[App]: Min PerSecRun: 73; Max RunDelay 0
-----------------------------------------------------
2019-09-16 10:38:32 GS-1 -----------------------------------------------------
---[Monster]: Max RunDelay: 282; Max RunCount 3228
---[Human]: Max RunDelay: 31; [Socket]: Max RunDelay: 16
---[App]: Min PerSecRun: 67; Max RunDelay 0
-----------------------------------------------------
2019-09-16 10:38:52 GS-1 [脚本(散财猪.pas)缺函数]: AfterScatterItems
2019-09-16 10:38:57 GS-1 09-16 10:38:57 User = 2 / 2
2019-09-16 10:43:33 GS-1 -----------------------------------------------------
---[Monster]: Max RunDelay: 281; Max RunCount 3152
---[Human]: Max RunDelay: 31; [Socket]: Max RunDelay: 16
---[App]: Min PerSecRun: 66; Max RunDelay 0
-----------------------------------------------------
2019-09-16 10:48:33 GS-1 -----------------------------------------------------
---[Monster]: Max RunDelay: 422; Max RunCount 3152
---[Human]: Max RunDelay: 47; [Socket]: Max RunDelay: 16
---[App]: Min PerSecRun: 58; Max RunDelay 0
-----------------------------------------------------
2019-09-16 10:48:57 GS-1 09-16 10:48:57 User = 2 / 2
2019-09-16 10:53:33 GS-1 -----------------------------------------------------
---[Monster]: Max RunDelay: 266; Max RunCount 3166
---[Human]: Max RunDelay: 32; [Socket]: Max RunDelay: 15
---[App]: Min PerSecRun: 70; Max RunDelay 0
-----------------------------------------------------
2019-09-16 10:58:34 GS-1 -----------------------------------------------------
---[Monster]: Max RunDelay: 281; Max RunCount 3165
---[Human]: Max RunDelay: 15; [Socket]: Max RunDelay: 15
---[App]: Min PerSecRun: 70; Max RunDelay 0
-----------------------------------------------------
2019-09-16 10:58:57 GS-1 09-16 10:58:57 User = 1 / 1
2019-09-16 11:03:34 GS-1 -----------------------------------------------------
---[Monster]: Max RunDelay: 282; Max RunCount 3165
---[Human]: Max RunDelay: 31; [Socket]: Max RunDelay: 15
---[App]: Min PerSecRun: 69; Max RunDelay 0
-----------------------------------------------------
2019-09-16 11:08:35 GS-1 -----------------------------------------------------
---[Monster]: Max RunDelay: 282; Max RunCount 3133
---[Human]: Max RunDelay: 31; [Socket]: Max RunDelay: 15
---[App]: Min PerSecRun: 73; Max RunDelay 0
-----------------------------------------------------
2019-09-16 11:08:57 GS-1 09-16 11:08:57 User = 1 / 1
2019-09-16 11:13:36 GS-1 -----------------------------------------------------
---[Monster]: Max RunDelay: 282; Max RunCount 3153
---[Human]: Max RunDelay: 15; [Socket]: Max RunDelay: 15
---[App]: Min PerSecRun: 70; Max RunDelay 0
-----------------------------------------------------
2019-09-16 11:18:37 GS-1 -----------------------------------------------------
---[Monster]: Max RunDelay: 282; Max RunCount 3153
---[Human]: Max RunDelay: 15; [Socket]: Max RunDelay: 15
---[App]: Min PerSecRun: 68; Max RunDelay 0
-----------------------------------------------------
2019-09-16 11:18:57 GS-1 09-16 11:18:57 User = 1 / 1
2019-09-16 11:23:38 GS-1 -----------------------------------------------------
---[Monster]: Max RunDelay: 297; Max RunCount 3153
---[Human]: Max RunDelay: 31; [Socket]: Max RunDelay: 15
---[App]: Min PerSecRun: 68; Max RunDelay 0
-----------------------------------------------------
2019-09-16 11:28:39 GS-1 -----------------------------------------------------
---[Monster]: Max RunDelay: 281; Max RunCount 3154
---[Human]: Max RunDelay: 15; [Socket]: Max RunDelay: 15
---[App]: Min PerSecRun: 74; Max RunDelay 0
-----------------------------------------------------
2019-09-16 11:28:57 GS-1 09-16 11:28:57 User = 1 / 1
2019-09-16 11:28:58 GS-1 载入商城热销商品列表，共15个。
2019-09-16 11:28:58 GS-1 ==> 加载商城热销榜:5
2019-09-16 11:33:40 GS-1 -----------------------------------------------------
---[Monster]: Max RunDelay: 281; Max RunCount 3153
---[Human]: Max RunDelay: 15; [Socket]: Max RunDelay: 0
---[App]: Min PerSecRun: 74; Max RunDelay 0
-----------------------------------------------------
2019-09-16 11:38:41 GS-1 -----------------------------------------------------
---[Monster]: Max RunDelay: 297; Max RunCount 3153
---[Human]: Max RunDelay: 31; [Socket]: Max RunDelay: 15
---[App]: Min PerSecRun: 74; Max RunDelay 0
-----------------------------------------------------
2019-09-16 11:38:57 GS-1 09-16 11:38:57 User = 1 / 1
2019-09-16 11:43:42 GS-1 -----------------------------------------------------
---[Monster]: Max RunDelay: 282; Max RunCount 3154
---[Human]: Max RunDelay: 15; [Socket]: Max RunDelay: 15
---[App]: Min PerSecRun: 68; Max RunDelay 0
-----------------------------------------------------
2019-09-16 11:48:43 GS-1 -----------------------------------------------------
---[Monster]: Max RunDelay: 297; Max RunCount 3154
---[Human]: Max RunDelay: 15; [Socket]: Max RunDelay: 15
---[App]: Min PerSecRun: 71; Max RunDelay 0
-----------------------------------------------------
2019-09-16 11:48:57 GS-1 09-16 11:48:57 User = 1 / 1
2019-09-16 11:53:44 GS-1 -----------------------------------------------------
---[Monster]: Max RunDelay: 282; Max RunCount 3134
---[Human]: Max RunDelay: 15; [Socket]: Max RunDelay: 0
---[App]: Min PerSecRun: 73; Max RunDelay 0
-----------------------------------------------------
2019-09-16 11:58:45 GS-1 -----------------------------------------------------
---[Monster]: Max RunDelay: 281; Max RunCount 3123
---[Human]: Max RunDelay: 15; [Socket]: Max RunDelay: 15
---[App]: Min PerSecRun: 75; Max RunDelay 0
-----------------------------------------------------
2019-09-16 11:58:57 GS-1 09-16 11:58:57 User = 1 / 1
2019-09-16 12:00:00 GS-1 载入商城物品列表，共5个类别，40种商品
2019-09-16 12:00:00 GS-1 ==> 加载商城物品 装饰类：11/11
2019-09-16 12:00:00 GS-1 ==> 加载商城物品 补给类：5/5
2019-09-16 12:00:00 GS-1 ==> 加载商城物品 强化类：14/14
2019-09-16 12:00:00 GS-1 ==> 加载商城物品 限量类：8/8
2019-09-16 12:00:00 GS-1 ==> 加载商城物品 好友类：2/2
2019-09-16 12:00:00 GS-1 ==> 加载商城物品 类：0/0
2019-09-16 12:00:00 GS-1 ==> 加载商城物品 类：0/0
2019-09-16 12:00:00 GS-1 ==> 加载商城物品 类：0/0
2019-09-16 12:03:39 GS-1 [Error]: GameGate ServerSocketError, ErrorCode=10061
2019-09-16 12:03:46 GS-1 -----------------------------------------------------
---[Monster]: Max RunDelay: 282; Max RunCount 3154
---[Human]: Max RunDelay: 31; [Socket]: Max RunDelay: 15
---[App]: Min PerSecRun: 70; Max RunDelay 0
-----------------------------------------------------
2019-09-16 12:08:47 GS-1 -----------------------------------------------------
---[Monster]: Max RunDelay: 282; Max RunCount 3154
---[Human]: Max RunDelay: 31; [Socket]: Max RunDelay: 15
---[App]: Min PerSecRun: 70; Max RunDelay 0
-----------------------------------------------------
2019-09-16 12:08:57 GS-1 09-16 12:08:57 User = 1 / 1
2019-09-16 12:13:48 GS-1 -----------------------------------------------------
---[Monster]: Max RunDelay: 266; Max RunCount 3143
---[Human]: Max RunDelay: 15; [Socket]: Max RunDelay: 15
---[App]: Min PerSecRun: 76; Max RunDelay 0
-----------------------------------------------------
2019-09-16 12:18:49 GS-1 -----------------------------------------------------
---[Monster]: Max RunDelay: 282; Max RunCount 3154
---[Human]: Max RunDelay: 15; [Socket]: Max RunDelay: 15
---[App]: Min PerSecRun: 74; Max RunDelay 0
-----------------------------------------------------
2019-09-16 12:18:57 GS-1 09-16 12:18:57 User = 1 / 1
2019-09-16 12:23:50 GS-1 -----------------------------------------------------
---[Monster]: Max RunDelay: 312; Max RunCount 3154
---[Human]: Max RunDelay: 31; [Socket]: Max RunDelay: 15
---[App]: Min PerSecRun: 66; Max RunDelay 0
-----------------------------------------------------
2019-09-16 12:25:12 GS-1 [Error]: GameGate ServerSocketError, ErrorCode=10061
2019-09-16 12:28:51 GS-1 -----------------------------------------------------
---[Monster]: Max RunDelay: 282; Max RunCount 3159
---[Human]: Max RunDelay: 31; [Socket]: Max RunDelay: 15
---[App]: Min PerSecRun: 70; Max RunDelay 0
-----------------------------------------------------
2019-09-16 12:28:57 GS-1 09-16 12:28:57 User = 1 / 1
2019-09-16 12:28:58 GS-1 载入商城热销商品列表，共15个。
2019-09-16 12:28:58 GS-1 ==> 加载商城热销榜:5
2019-09-16 12:33:52 GS-1 -----------------------------------------------------
---[Monster]: Max RunDelay: 282; Max RunCount 3156
---[Human]: Max RunDelay: 15; [Socket]: Max RunDelay: 0
---[App]: Min PerSecRun: 70; Max RunDelay 0
-----------------------------------------------------
2019-09-16 12:38:53 GS-1 -----------------------------------------------------
---[Monster]: Max RunDelay: 266; Max RunCount 3105
---[Human]: Max RunDelay: 15; [Socket]: Max RunDelay: 15
---[App]: Min PerSecRun: 72; Max RunDelay 0
-----------------------------------------------------
2019-09-16 12:38:57 GS-1 09-16 12:38:57 User = 1 / 1
2019-09-16 12:43:54 GS-1 -----------------------------------------------------
---[Monster]: Max RunDelay: 265; Max RunCount 3155
---[Human]: Max RunDelay: 31; [Socket]: Max RunDelay: 16
---[App]: Min PerSecRun: 76; Max RunDelay 0
-----------------------------------------------------
2019-09-16 12:48:55 GS-1 -----------------------------------------------------
---[Monster]: Max RunDelay: 265; Max RunCount 3155
---[Human]: Max RunDelay: 31; [Socket]: Max RunDelay: 16
---[App]: Min PerSecRun: 76; Max RunDelay 0
-----------------------------------------------------
2019-09-16 12:48:57 GS-1 09-16 12:48:57 User = 1 / 1
2019-09-16 12:53:56 GS-1 -----------------------------------------------------
---[Monster]: Max RunDelay: 281; Max RunCount 3155
---[Human]: Max RunDelay: 16; [Socket]: Max RunDelay: 0
---[App]: Min PerSecRun: 72; Max RunDelay 0
-----------------------------------------------------
2019-09-16 12:58:57 GS-1 09-16 12:58:57 User = 1 / 1
2019-09-16 12:58:57 GS-1 -----------------------------------------------------
---[Monster]: Max RunDelay: 266; Max RunCount 3155
---[Human]: Max RunDelay: 16; [Socket]: Max RunDelay: 0
---[App]: Min PerSecRun: 75; Max RunDelay 0
-----------------------------------------------------
2019-09-16 13:03:58 GS-1 -----------------------------------------------------
---[Monster]: Max RunDelay: 266; Max RunCount 3162
---[Human]: Max RunDelay: 16; [Socket]: Max RunDelay: 16
---[App]: Min PerSecRun: 76; Max RunDelay 0
-----------------------------------------------------
2019-09-16 13:08:57 GS-1 09-16 13:08:57 User = 1 / 1
2019-09-16 13:08:59 GS-1 -----------------------------------------------------
---[Monster]: Max RunDelay: 266; Max RunCount 3162
---[Human]: Max RunDelay: 31; [Socket]: Max RunDelay: 16
---[App]: Min PerSecRun: 76; Max RunDelay 0
-----------------------------------------------------
2019-09-16 13:14:00 GS-1 -----------------------------------------------------
---[Monster]: Max RunDelay: 265; Max RunCount 3162
---[Human]: Max RunDelay: 32; [Socket]: Max RunDelay: 16
---[App]: Min PerSecRun: 75; Max RunDelay 0
-----------------------------------------------------
2019-09-16 13:18:57 GS-1 09-16 13:18:57 User = 0 / 0
2019-09-16 13:19:01 GS-1 -----------------------------------------------------
---[Monster]: Max RunDelay: 265; Max RunCount 3151
---[Human]: Max RunDelay: 15; [Socket]: Max RunDelay: 16
---[App]: Min PerSecRun: 76; Max RunDelay 0
-----------------------------------------------------
2019-09-16 13:24:02 GS-1 -----------------------------------------------------
---[Monster]: Max RunDelay: 281; Max RunCount 3161
---[Human]: Max RunDelay: 31; [Socket]: Max RunDelay: 16
---[App]: Min PerSecRun: 71; Max RunDelay 0
-----------------------------------------------------
2019-09-16 13:28:57 GS-1 09-16 13:28:57 User = 1 / 1
2019-09-16 13:28:58 GS-1 载入商城热销商品列表，共15个。
2019-09-16 13:28:58 GS-1 ==> 加载商城热销榜:5
2019-09-16 13:29:03 GS-1 -----------------------------------------------------
---[Monster]: Max RunDelay: 297; Max RunCount 3161
---[Human]: Max RunDelay: 31; [Socket]: Max RunDelay: 16
---[App]: Min PerSecRun: 73; Max RunDelay 0
-----------------------------------------------------
2019-09-16 13:34:04 GS-1 -----------------------------------------------------
---[Monster]: Max RunDelay: 296; Max RunCount 3162
---[Human]: Max RunDelay: 31; [Socket]: Max RunDelay: 16
---[App]: Min PerSecRun: 73; Max RunDelay 0
-----------------------------------------------------
2019-09-16 13:38:57 GS-1 09-16 13:38:57 User = 0 / 0
2019-09-16 13:39:05 GS-1 -----------------------------------------------------
---[Monster]: Max RunDelay: 266; Max RunCount 3151
---[Human]: Max RunDelay: 32; [Socket]: Max RunDelay: 15
---[App]: Min PerSecRun: 76; Max RunDelay 0
-----------------------------------------------------
2019-09-16 13:44:06 GS-1 -----------------------------------------------------
---[Monster]: Max RunDelay: 266; Max RunCount 3162
---[Human]: Max RunDelay: 32; [Socket]: Max RunDelay: 16
---[App]: Min PerSecRun: 76; Max RunDelay 0
-----------------------------------------------------
2019-09-16 13:48:57 GS-1 09-16 13:48:57 User = 1 / 1
2019-09-16 13:49:07 GS-1 -----------------------------------------------------
---[Monster]: Max RunDelay: 282; Max RunCount 3163
---[Human]: Max RunDelay: 31; [Socket]: Max RunDelay: 16
---[App]: Min PerSecRun: 67; Max RunDelay 0
-----------------------------------------------------
2019-09-16 13:54:08 GS-1 -----------------------------------------------------
---[Monster]: Max RunDelay: 266; Max RunCount 3113
---[Human]: Max RunDelay: 15; [Socket]: Max RunDelay: 0
---[App]: Min PerSecRun: 77; Max RunDelay 0
-----------------------------------------------------
2019-09-16 13:58:57 GS-1 09-16 13:58:57 User = 0 / 0
2019-09-16 13:59:09 GS-1 -----------------------------------------------------
---[Monster]: Max RunDelay: 266; Max RunCount 3162
---[Human]: Max RunDelay: 15; [Socket]: Max RunDelay: 0
---[App]: Min PerSecRun: 76; Max RunDelay 0
-----------------------------------------------------
2019-09-16 14:04:10 GS-1 -----------------------------------------------------
---[Monster]: Max RunDelay: 282; Max RunCount 3162
---[Human]: Max RunDelay: 31; [Socket]: Max RunDelay: 16
---[App]: Min PerSecRun: 76; Max RunDelay 0
-----------------------------------------------------
2019-09-16 14:08:57 GS-1 09-16 14:08:57 User = 0 / 0
2019-09-16 14:09:11 GS-1 -----------------------------------------------------
---[Monster]: Max RunDelay: 266; Max RunCount 3162
---[Human]: Max RunDelay: 31; [Socket]: Max RunDelay: 0
---[App]: Min PerSecRun: 77; Max RunDelay 0
-----------------------------------------------------
2019-09-16 14:14:12 GS-1 -----------------------------------------------------
---[Monster]: Max RunDelay: 281; Max RunCount 3131
---[Human]: Max RunDelay: 31; [Socket]: Max RunDelay: 0
---[App]: Min PerSecRun: 75; Max RunDelay 0
-----------------------------------------------------
2019-09-16 14:18:57 GS-1 09-16 14:18:57 User = 0 / 0
2019-09-16 14:19:13 GS-1 -----------------------------------------------------
---[Monster]: Max RunDelay: 266; Max RunCount 3162
---[Human]: Max RunDelay: 31; [Socket]: Max RunDelay: 16
---[App]: Min PerSecRun: 76; Max RunDelay 0
-----------------------------------------------------
2019-09-16 14:24:14 GS-1 -----------------------------------------------------
---[Monster]: Max RunDelay: 265; Max RunCount 3162
---[Human]: Max RunDelay: 32; [Socket]: Max RunDelay: 0
---[App]: Min PerSecRun: 77; Max RunDelay 0
-----------------------------------------------------
2019-09-16 14:28:57 GS-1 09-16 14:28:57 User = 0 / 0
2019-09-16 14:28:58 GS-1 载入商城热销商品列表，共15个。
2019-09-16 14:28:58 GS-1 ==> 加载商城热销榜:5
2019-09-16 14:29:15 GS-1 -----------------------------------------------------
---[Monster]: Max RunDelay: 281; Max RunCount 3151
---[Human]: Max RunDelay: 16; [Socket]: Max RunDelay: 16
---[App]: Min PerSecRun: 71; Max RunDelay 0
-----------------------------------------------------
2019-09-16 14:34:16 GS-1 -----------------------------------------------------
---[Monster]: Max RunDelay: 266; Max RunCount 3162
---[Human]: Max RunDelay: 16; [Socket]: Max RunDelay: 16
---[App]: Min PerSecRun: 77; Max RunDelay 0
-----------------------------------------------------
2019-09-16 14:38:57 GS-1 09-16 14:38:57 User = 0 / 0
2019-09-16 14:39:17 GS-1 -----------------------------------------------------
---[Monster]: Max RunDelay: 266; Max RunCount 3162
---[Human]: Max RunDelay: 16; [Socket]: Max RunDelay: 16
---[App]: Min PerSecRun: 77; Max RunDelay 0
-----------------------------------------------------
2019-09-16 14:44:18 GS-1 -----------------------------------------------------
---[Monster]: Max RunDelay: 281; Max RunCount 3151
---[Human]: Max RunDelay: 16; [Socket]: Max RunDelay: 0
---[App]: Min PerSecRun: 71; Max RunDelay 0
-----------------------------------------------------
2019-09-16 14:48:57 GS-1 09-16 14:48:57 User = 0 / 0
2019-09-16 14:49:19 GS-1 -----------------------------------------------------
---[Monster]: Max RunDelay: 265; Max RunCount 3162
---[Human]: Max RunDelay: 31; [Socket]: Max RunDelay: 16
---[App]: Min PerSecRun: 77; Max RunDelay 0
-----------------------------------------------------
2019-09-16 14:54:20 GS-1 -----------------------------------------------------
---[Monster]: Max RunDelay: 250; Max RunCount 3171
---[Human]: Max RunDelay: 31; [Socket]: Max RunDelay: 16
---[App]: Min PerSecRun: 77; Max RunDelay 0
-----------------------------------------------------
2019-09-16 14:58:57 GS-1 09-16 14:58:57 User = 0 / 0
2019-09-16 14:59:21 GS-1 -----------------------------------------------------
---[Monster]: Max RunDelay: 265; Max RunCount 3162
---[Human]: Max RunDelay: 15; [Socket]: Max RunDelay: 0
---[App]: Min PerSecRun: 77; Max RunDelay 0
-----------------------------------------------------
2019-09-16 15:04:22 GS-1 -----------------------------------------------------
---[Monster]: Max RunDelay: 266; Max RunCount 3162
---[Human]: Max RunDelay: 31; [Socket]: Max RunDelay: 0
---[App]: Min PerSecRun: 77; Max RunDelay 0
-----------------------------------------------------
2019-09-16 15:08:57 GS-1 09-16 15:08:57 User = 0 / 0
2019-09-16 15:09:23 GS-1 -----------------------------------------------------
---[Monster]: Max RunDelay: 265; Max RunCount 3142
---[Human]: Max RunDelay: 15; [Socket]: Max RunDelay: 0
---[App]: Min PerSecRun: 75; Max RunDelay 0
-----------------------------------------------------
2019-09-16 15:14:24 GS-1 -----------------------------------------------------
---[Monster]: Max RunDelay: 266; Max RunCount 3142
---[Human]: Max RunDelay: 31; [Socket]: Max RunDelay: 16
---[App]: Min PerSecRun: 76; Max RunDelay 0
-----------------------------------------------------
2019-09-16 15:18:57 GS-1 09-16 15:18:57 User = 0 / 0
2019-09-16 15:19:25 GS-1 -----------------------------------------------------
---[Monster]: Max RunDelay: 250; Max RunCount 3142
---[Human]: Max RunDelay: 31; [Socket]: Max RunDelay: 16
---[App]: Min PerSecRun: 77; Max RunDelay 0
-----------------------------------------------------
2019-09-16 15:24:26 GS-1 -----------------------------------------------------
---[Monster]: Max RunDelay: 282; Max RunCount 3142
---[Human]: Max RunDelay: 16; [Socket]: Max RunDelay: 16
---[App]: Min PerSecRun: 77; Max RunDelay 0
-----------------------------------------------------
2019-09-16 15:28:58 GS-1 09-16 15:28:58 User = 0 / 0
2019-09-16 15:28:59 GS-1 载入商城热销商品列表，共15个。
2019-09-16 15:28:59 GS-1 ==> 加载商城热销榜:5
2019-09-16 15:29:28 GS-1 -----------------------------------------------------
---[Monster]: Max RunDelay: 266; Max RunCount 3142
---[Human]: Max RunDelay: 32; [Socket]: Max RunDelay: 16
---[App]: Min PerSecRun: 77; Max RunDelay 0
-----------------------------------------------------
2019-09-16 15:34:29 GS-1 -----------------------------------------------------
---[Monster]: Max RunDelay: 282; Max RunCount 3142
---[Human]: Max RunDelay: 32; [Socket]: Max RunDelay: 16
---[App]: Min PerSecRun: 76; Max RunDelay 0
-----------------------------------------------------
2019-09-16 15:38:58 GS-1 09-16 15:38:58 User = 0 / 0
2019-09-16 15:39:30 GS-1 -----------------------------------------------------
---[Monster]: Max RunDelay: 266; Max RunCount 3172
---[Human]: Max RunDelay: 31; [Socket]: Max RunDelay: 16
---[App]: Min PerSecRun: 76; Max RunDelay 0
-----------------------------------------------------
2019-09-16 15:44:31 GS-1 -----------------------------------------------------
---[Monster]: Max RunDelay: 265; Max RunCount 3172
---[Human]: Max RunDelay: 15; [Socket]: Max RunDelay: 0
---[App]: Min PerSecRun: 77; Max RunDelay 0
-----------------------------------------------------
2019-09-16 15:48:58 GS-1 09-16 15:48:58 User = 0 / 0
2019-09-16 15:49:32 GS-1 -----------------------------------------------------
---[Monster]: Max RunDelay: 265; Max RunCount 3152
---[Human]: Max RunDelay: 31; [Socket]: Max RunDelay: 16
---[App]: Min PerSecRun: 75; Max RunDelay 0
-----------------------------------------------------
2019-09-16 15:54:32 GS-1 -----------------------------------------------------
---[Monster]: Max RunDelay: 282; Max RunCount 3134
---[Human]: Max RunDelay: 15; [Socket]: Max RunDelay: 0
---[App]: Min PerSecRun: 68; Max RunDelay 0
-----------------------------------------------------
2019-09-16 15:58:57 GS-1 09-16 15:58:57 User = 0 / 0
2019-09-16 15:59:33 GS-1 -----------------------------------------------------
---[Monster]: Max RunDelay: 281; Max RunCount 3143
---[Human]: Max RunDelay: 15; [Socket]: Max RunDelay: 16
---[App]: Min PerSecRun: 75; Max RunDelay 0
-----------------------------------------------------
2019-09-16 16:04:34 GS-1 -----------------------------------------------------
---[Monster]: Max RunDelay: 266; Max RunCount 3143
---[Human]: Max RunDelay: 31; [Socket]: Max RunDelay: 16
---[App]: Min PerSecRun: 75; Max RunDelay 0
-----------------------------------------------------
2019-09-16 16:08:57 GS-1 09-16 16:08:57 User = 1 / 1
2019-09-16 16:09:35 GS-1 -----------------------------------------------------
---[Monster]: Max RunDelay: 297; Max RunCount 3133
---[Human]: Max RunDelay: 31; [Socket]: Max RunDelay: 16
---[App]: Min PerSecRun: 74; Max RunDelay 0
-----------------------------------------------------
2019-09-16 16:14:36 GS-1 -----------------------------------------------------
---[Monster]: Max RunDelay: 297; Max RunCount 3153
---[Human]: Max RunDelay: 31; [Socket]: Max RunDelay: 0
---[App]: Min PerSecRun: 74; Max RunDelay 0
-----------------------------------------------------
2019-09-16 16:18:57 GS-1 09-16 16:18:57 User = 1 / 1
2019-09-16 16:19:37 GS-1 -----------------------------------------------------
---[Monster]: Max RunDelay: 297; Max RunCount 3153
---[Human]: Max RunDelay: 15; [Socket]: Max RunDelay: 15
---[App]: Min PerSecRun: 70; Max RunDelay 0
-----------------------------------------------------
2019-09-16 16:24:38 GS-1 -----------------------------------------------------
---[Monster]: Max RunDelay: 282; Max RunCount 3134
---[Human]: Max RunDelay: 15; [Socket]: Max RunDelay: 15
---[App]: Min PerSecRun: 74; Max RunDelay 0
-----------------------------------------------------
2019-09-16 16:28:57 GS-1 09-16 16:28:57 User = 1 / 1
2019-09-16 16:28:58 GS-1 载入商城热销商品列表，共15个。
2019-09-16 16:28:58 GS-1 ==> 加载商城热销榜:5
2019-09-16 16:29:39 GS-1 -----------------------------------------------------
---[Monster]: Max RunDelay: 282; Max RunCount 3174
---[Human]: Max RunDelay: 31; [Socket]: Max RunDelay: 15
---[App]: Min PerSecRun: 74; Max RunDelay 0
-----------------------------------------------------
2019-09-16 16:34:40 GS-1 -----------------------------------------------------
---[Monster]: Max RunDelay: 282; Max RunCount 3174
---[Human]: Max RunDelay: 15; [Socket]: Max RunDelay: 15
---[App]: Min PerSecRun: 74; Max RunDelay 0
-----------------------------------------------------
2019-09-16 16:38:57 GS-1 09-16 16:38:57 User = 1 / 1
2019-09-16 16:39:41 GS-1 -----------------------------------------------------
---[Monster]: Max RunDelay: 282; Max RunCount 3174
---[Human]: Max RunDelay: 32; [Socket]: Max RunDelay: 16
---[App]: Min PerSecRun: 74; Max RunDelay 0
-----------------------------------------------------
2019-09-16 16:44:42 GS-1 -----------------------------------------------------
---[Monster]: Max RunDelay: 282; Max RunCount 3174
---[Human]: Max RunDelay: 15; [Socket]: Max RunDelay: 16
---[App]: Min PerSecRun: 73; Max RunDelay 0
-----------------------------------------------------
2019-09-16 16:48:57 GS-1 09-16 16:48:57 User = 1 / 1
2019-09-16 16:49:43 GS-1 -----------------------------------------------------
---[Monster]: Max RunDelay: 282; Max RunCount 3162
---[Human]: Max RunDelay: 15; [Socket]: Max RunDelay: 16
---[App]: Min PerSecRun: 74; Max RunDelay 0
-----------------------------------------------------
2019-09-16 16:54:44 GS-1 -----------------------------------------------------
---[Monster]: Max RunDelay: 282; Max RunCount 3165
---[Human]: Max RunDelay: 31; [Socket]: Max RunDelay: 15
---[App]: Min PerSecRun: 73; Max RunDelay 0
-----------------------------------------------------
2019-09-16 16:58:57 GS-1 09-16 16:58:57 User = 1 / 1
2019-09-16 16:59:45 GS-1 -----------------------------------------------------
---[Monster]: Max RunDelay: 282; Max RunCount 3174
---[Human]: Max RunDelay: 15; [Socket]: Max RunDelay: 16
---[App]: Min PerSecRun: 74; Max RunDelay 0
-----------------------------------------------------
2019-09-16 17:04:46 GS-1 -----------------------------------------------------
---[Monster]: Max RunDelay: 282; Max RunCount 3174
---[Human]: Max RunDelay: 31; [Socket]: Max RunDelay: 16
---[App]: Min PerSecRun: 73; Max RunDelay 0
-----------------------------------------------------
2019-09-16 17:08:57 GS-1 09-16 17:08:57 User = 1 / 1
2019-09-16 17:09:47 GS-1 -----------------------------------------------------
---[Monster]: Max RunDelay: 297; Max RunCount 3174
---[Human]: Max RunDelay: 31; [Socket]: Max RunDelay: 16
---[App]: Min PerSecRun: 73; Max RunDelay 0
-----------------------------------------------------
2019-09-16 17:14:48 GS-1 -----------------------------------------------------
---[Monster]: Max RunDelay: 282; Max RunCount 3174
---[Human]: Max RunDelay: 32; [Socket]: Max RunDelay: 16
---[App]: Min PerSecRun: 74; Max RunDelay 0
-----------------------------------------------------
2019-09-16 17:18:57 GS-1 09-16 17:18:57 User = 1 / 1
2019-09-16 17:19:49 GS-1 -----------------------------------------------------
---[Monster]: Max RunDelay: 282; Max RunCount 3142
---[Human]: Max RunDelay: 16; [Socket]: Max RunDelay: 16
---[App]: Min PerSecRun: 74; Max RunDelay 0
-----------------------------------------------------
2019-09-16 17:24:51 GS-1 -----------------------------------------------------
---[Monster]: Max RunDelay: 282; Max RunCount 3175
---[Human]: Max RunDelay: 31; [Socket]: Max RunDelay: 16
---[App]: Min PerSecRun: 68; Max RunDelay 0
-----------------------------------------------------
2019-09-16 17:28:58 GS-1 09-16 17:28:58 User = 1 / 1
2019-09-16 17:28:59 GS-1 载入商城热销商品列表，共15个。
2019-09-16 17:28:59 GS-1 ==> 加载商城热销榜:5
2019-09-16 17:29:52 GS-1 -----------------------------------------------------
---[Monster]: Max RunDelay: 297; Max RunCount 3166
---[Human]: Max RunDelay: 31; [Socket]: Max RunDelay: 16
---[App]: Min PerSecRun: 74; Max RunDelay 0
-----------------------------------------------------
2019-09-16 17:34:53 GS-1 -----------------------------------------------------
---[Monster]: Max RunDelay: 297; Max RunCount 3175
---[Human]: Max RunDelay: 15; [Socket]: Max RunDelay: 0
---[App]: Min PerSecRun: 74; Max RunDelay 0
-----------------------------------------------------
2019-09-16 17:38:58 GS-1 09-16 17:38:58 User = 1 / 1
2019-09-16 17:39:54 GS-1 -----------------------------------------------------
---[Monster]: Max RunDelay: 313; Max RunCount 3155
---[Human]: Max RunDelay: 31; [Socket]: Max RunDelay: 16
---[App]: Min PerSecRun: 66; Max RunDelay 0
-----------------------------------------------------
2019-09-16 17:44:55 GS-1 -----------------------------------------------------
---[Monster]: Max RunDelay: 282; Max RunCount 3175
---[Human]: Max RunDelay: 32; [Socket]: Max RunDelay: 16
---[App]: Min PerSecRun: 74; Max RunDelay 0
-----------------------------------------------------
2019-09-16 17:48:58 GS-1 09-16 17:48:58 User = 1 / 1
2019-09-16 17:49:56 GS-1 -----------------------------------------------------
---[Monster]: Max RunDelay: 297; Max RunCount 3175
---[Human]: Max RunDelay: 31; [Socket]: Max RunDelay: 16
---[App]: Min PerSecRun: 72; Max RunDelay 0
-----------------------------------------------------
2019-09-16 17:54:57 GS-1 -----------------------------------------------------
---[Monster]: Max RunDelay: 282; Max RunCount 3175
---[Human]: Max RunDelay: 31; [Socket]: Max RunDelay: 16
---[App]: Min PerSecRun: 73; Max RunDelay 0
-----------------------------------------------------
2019-09-16 17:58:58 GS-1 09-16 17:58:58 User = 0 / 0
2019-09-16 17:59:58 GS-1 -----------------------------------------------------
---[Monster]: Max RunDelay: 266; Max RunCount 3174
---[Human]: Max RunDelay: 15; [Socket]: Max RunDelay: 0
---[App]: Min PerSecRun: 77; Max RunDelay 0
-----------------------------------------------------
2019-09-16 18:04:59 GS-1 -----------------------------------------------------
---[Monster]: Max RunDelay: 266; Max RunCount 3174
---[Human]: Max RunDelay: 15; [Socket]: Max RunDelay: 16
---[App]: Min PerSecRun: 76; Max RunDelay 0
-----------------------------------------------------
2019-09-16 18:08:58 GS-1 09-16 18:08:58 User = 0 / 0
2019-09-16 18:10:00 GS-1 -----------------------------------------------------
---[Monster]: Max RunDelay: 281; Max RunCount 3174
---[Human]: Max RunDelay: 31; [Socket]: Max RunDelay: 16
---[App]: Min PerSecRun: 77; Max RunDelay 0
-----------------------------------------------------
2019-09-16 18:15:00 GS-1 -----------------------------------------------------
---[Monster]: Max RunDelay: 391; Max RunCount 3166
---[Human]: Max RunDelay: 47; [Socket]: Max RunDelay: 15
---[App]: Min PerSecRun: 67; Max RunDelay 0
-----------------------------------------------------
2019-09-16 18:18:58 GS-1 09-16 18:18:58 User = 0 / 0
2019-09-16 18:20:01 GS-1 -----------------------------------------------------
---[Monster]: Max RunDelay: 360; Max RunCount 3175
---[Human]: Max RunDelay: 47; [Socket]: Max RunDelay: 16
---[App]: Min PerSecRun: 68; Max RunDelay 0
-----------------------------------------------------
2019-09-16 18:25:01 GS-1 -----------------------------------------------------
---[Monster]: Max RunDelay: 360; Max RunCount 3166
---[Human]: Max RunDelay: 31; [Socket]: Max RunDelay: 15
---[App]: Min PerSecRun: 68; Max RunDelay 0
-----------------------------------------------------
2019-09-16 18:28:58 GS-1 09-16 18:28:58 User = 0 / 0
2019-09-16 18:28:59 GS-1 载入商城热销商品列表，共15个。
2019-09-16 18:28:59 GS-1 ==> 加载商城热销榜:5
2019-09-16 18:30:01 GS-1 -----------------------------------------------------
---[Monster]: Max RunDelay: 265; Max RunCount 3175
---[Human]: Max RunDelay: 31; [Socket]: Max RunDelay: 15
---[App]: Min PerSecRun: 76; Max RunDelay 0
-----------------------------------------------------
2019-09-16 18:35:02 GS-1 -----------------------------------------------------
---[Monster]: Max RunDelay: 266; Max RunCount 3175
---[Human]: Max RunDelay: 16; [Socket]: Max RunDelay: 15
---[App]: Min PerSecRun: 77; Max RunDelay 0
-----------------------------------------------------
2019-09-16 18:38:58 GS-1 09-16 18:38:58 User = 0 / 0
2019-09-16 18:40:03 GS-1 -----------------------------------------------------
---[Monster]: Max RunDelay: 266; Max RunCount 3175
---[Human]: Max RunDelay: 16; [Socket]: Max RunDelay: 0
---[App]: Min PerSecRun: 76; Max RunDelay 0
-----------------------------------------------------
2019-09-16 18:45:03 GS-1 -----------------------------------------------------
---[Monster]: Max RunDelay: 281; Max RunCount 3167
---[Human]: Max RunDelay: 32; [Socket]: Max RunDelay: 15
---[App]: Min PerSecRun: 76; Max RunDelay 0
-----------------------------------------------------
2019-09-16 18:48:58 GS-1 09-16 18:48:58 User = 0 / 0
2019-09-16 18:50:03 GS-1 -----------------------------------------------------
---[Monster]: Max RunDelay: 266; Max RunCount 3176
---[Human]: Max RunDelay: 16; [Socket]: Max RunDelay: 15
---[App]: Min PerSecRun: 76; Max RunDelay 0
-----------------------------------------------------
2019-09-16 18:55:04 GS-1 -----------------------------------------------------
---[Monster]: Max RunDelay: 282; Max RunCount 3176
---[Human]: Max RunDelay: 31; [Socket]: Max RunDelay: 16
---[App]: Min PerSecRun: 75; Max RunDelay 16
-----------------------------------------------------
2019-09-16 18:58:58 GS-1 09-16 18:58:58 User = 1 / 1
2019-09-16 19:00:05 GS-1 -----------------------------------------------------
---[Monster]: Max RunDelay: 282; Max RunCount 3167
---[Human]: Max RunDelay: 16; [Socket]: Max RunDelay: 16
---[App]: Min PerSecRun: 71; Max RunDelay 0
-----------------------------------------------------
2019-09-16 19:05:06 GS-1 -----------------------------------------------------
---[Monster]: Max RunDelay: 282; Max RunCount 3167
---[Human]: Max RunDelay: 31; [Socket]: Max RunDelay: 16
---[App]: Min PerSecRun: 73; Max RunDelay 0
-----------------------------------------------------
2019-09-16 19:08:58 GS-1 09-16 19:08:58 User = 1 / 1
2019-09-16 19:10:07 GS-1 -----------------------------------------------------
---[Monster]: Max RunDelay: 281; Max RunCount 3169
---[Human]: Max RunDelay: 16; [Socket]: Max RunDelay: 0
---[App]: Min PerSecRun: 72; Max RunDelay 0
-----------------------------------------------------
2019-09-16 19:15:08 GS-1 -----------------------------------------------------
---[Monster]: Max RunDelay: 265; Max RunCount 3175
---[Human]: Max RunDelay: 32; [Socket]: Max RunDelay: 16
---[App]: Min PerSecRun: 76; Max RunDelay 0
-----------------------------------------------------
2019-09-16 19:18:58 GS-1 09-16 19:18:58 User = 1 / 1
2019-09-16 19:20:09 GS-1 -----------------------------------------------------
---[Monster]: Max RunDelay: 266; Max RunCount 3175
---[Human]: Max RunDelay: 32; [Socket]: Max RunDelay: 16
---[App]: Min PerSecRun: 77; Max RunDelay 0
-----------------------------------------------------
2019-09-16 19:23:58 GS-1 [脚本(散财猪.pas)缺函数]: AfterScatterItems
2019-09-16 19:25:10 GS-1 -----------------------------------------------------
---[Monster]: Max RunDelay: 282; Max RunCount 3176
---[Human]: Max RunDelay: 32; [Socket]: Max RunDelay: 16
---[App]: Min PerSecRun: 70; Max RunDelay 0
-----------------------------------------------------
2019-09-16 19:26:06 GS-1 [脚本(散财猪.pas)缺函数]: AfterScatterItems
2019-09-16 19:28:58 GS-1 09-16 19:28:58 User = 1 / 1
2019-09-16 19:28:59 GS-1 载入商城热销商品列表，共15个。
2019-09-16 19:28:59 GS-1 ==> 加载商城热销榜:5
2019-09-16 19:30:11 GS-1 -----------------------------------------------------
---[Monster]: Max RunDelay: 297; Max RunCount 3176
---[Human]: Max RunDelay: 15; [Socket]: Max RunDelay: 16
---[App]: Min PerSecRun: 74; Max RunDelay 0
-----------------------------------------------------
2019-09-16 19:35:12 GS-1 -----------------------------------------------------
---[Monster]: Max RunDelay: 282; Max RunCount 3167
---[Human]: Max RunDelay: 31; [Socket]: Max RunDelay: 16
---[App]: Min PerSecRun: 73; Max RunDelay 0
-----------------------------------------------------
2019-09-16 19:38:58 GS-1 09-16 19:38:58 User = 1 / 1
2019-09-16 19:40:13 GS-1 -----------------------------------------------------
---[Monster]: Max RunDelay: 282; Max RunCount 3176
---[Human]: Max RunDelay: 31; [Socket]: Max RunDelay: 15
---[App]: Min PerSecRun: 74; Max RunDelay 0
-----------------------------------------------------
2019-09-16 19:45:14 GS-1 -----------------------------------------------------
---[Monster]: Max RunDelay: 282; Max RunCount 3167
---[Human]: Max RunDelay: 31; [Socket]: Max RunDelay: 16
---[App]: Min PerSecRun: 74; Max RunDelay 0
-----------------------------------------------------
2019-09-16 19:48:58 GS-1 09-16 19:48:58 User = 1 / 1
2019-09-16 19:50:15 GS-1 -----------------------------------------------------
---[Monster]: Max RunDelay: 312; Max RunCount 3176
---[Human]: Max RunDelay: 32; [Socket]: Max RunDelay: 16
---[App]: Min PerSecRun: 73; Max RunDelay 0
-----------------------------------------------------
2019-09-16 19:55:16 GS-1 -----------------------------------------------------
---[Monster]: Max RunDelay: 281; Max RunCount 3147
---[Human]: Max RunDelay: 15; [Socket]: Max RunDelay: 16
---[App]: Min PerSecRun: 74; Max RunDelay 0
-----------------------------------------------------
2019-09-16 19:58:58 GS-1 09-16 19:58:58 User = 0 / 0
2019-09-16 20:00:17 GS-1 -----------------------------------------------------
---[Monster]: Max RunDelay: 266; Max RunCount 3156
---[Human]: Max RunDelay: 15; [Socket]: Max RunDelay: 0
---[App]: Min PerSecRun: 77; Max RunDelay 0
-----------------------------------------------------
2019-09-16 20:05:18 GS-1 -----------------------------------------------------
---[Monster]: Max RunDelay: 281; Max RunCount 3156
---[Human]: Max RunDelay: 15; [Socket]: Max RunDelay: 16
---[App]: Min PerSecRun: 76; Max RunDelay 0
-----------------------------------------------------
2019-09-16 20:06:33 GS-1 [Error]: GameGate ServerSocketError, ErrorCode=10061
2019-09-16 20:08:58 GS-1 09-16 20:08:58 User = 1 / 1
2019-09-16 20:10:19 GS-1 -----------------------------------------------------
---[Monster]: Max RunDelay: 312; Max RunCount 3142
---[Human]: Max RunDelay: 15; [Socket]: Max RunDelay: 16
---[App]: Min PerSecRun: 71; Max RunDelay 0
-----------------------------------------------------
2019-09-16 20:15:20 GS-1 -----------------------------------------------------
---[Monster]: Max RunDelay: 282; Max RunCount 3148
---[Human]: Max RunDelay: 15; [Socket]: Max RunDelay: 15
---[App]: Min PerSecRun: 72; Max RunDelay 0
-----------------------------------------------------
2019-09-16 20:18:58 GS-1 09-16 20:18:58 User = 1 / 1
2019-09-16 20:20:21 GS-1 -----------------------------------------------------
---[Monster]: Max RunDelay: 296; Max RunCount 3148
---[Human]: Max RunDelay: 31; [Socket]: Max RunDelay: 16
---[App]: Min PerSecRun: 74; Max RunDelay 0
-----------------------------------------------------
2019-09-16 20:25:22 GS-1 -----------------------------------------------------
---[Monster]: Max RunDelay: 282; Max RunCount 3148
---[Human]: Max RunDelay: 31; [Socket]: Max RunDelay: 16
---[App]: Min PerSecRun: 74; Max RunDelay 0
-----------------------------------------------------
2019-09-16 20:28:58 GS-1 09-16 20:28:58 User = 0 / 0
2019-09-16 20:28:59 GS-1 载入商城热销商品列表，共15个。
2019-09-16 20:28:59 GS-1 ==> 加载商城热销榜:5
2019-09-16 20:30:23 GS-1 -----------------------------------------------------
---[Monster]: Max RunDelay: 672; Max RunCount 3182
---[Human]: Max RunDelay: 469; [Socket]: Max RunDelay: 15
---[App]: Min PerSecRun: 43; Max RunDelay 0
-----------------------------------------------------
2019-09-16 20:35:24 GS-1 -----------------------------------------------------
---[Monster]: Max RunDelay: 406; Max RunCount 3182
---[Human]: Max RunDelay: 188; [Socket]: Max RunDelay: 0
---[App]: Min PerSecRun: 65; Max RunDelay 0
-----------------------------------------------------
2019-09-16 20:38:58 GS-1 09-16 20:38:58 User = 0 / 0
2019-09-16 20:40:25 GS-1 -----------------------------------------------------
---[Monster]: Max RunDelay: 859; Max RunCount 3182
---[Human]: Max RunDelay: 203; [Socket]: Max RunDelay: 16
---[App]: Min PerSecRun: 20; Max RunDelay 0
-----------------------------------------------------
2019-09-16 20:45:26 GS-1 -----------------------------------------------------
---[Monster]: Max RunDelay: 1078; Max RunCount 3183
---[Human]: Max RunDelay: 157; [Socket]: Max RunDelay: 234
---[App]: Min PerSecRun: 12; Max RunDelay 0
-----------------------------------------------------
2019-09-16 20:48:59 GS-1 09-16 20:48:59 User = 0 / 0
2019-09-16 20:50:27 GS-1 -----------------------------------------------------
---[Monster]: Max RunDelay: 1281; Max RunCount 3183
---[Human]: Max RunDelay: 203; [Socket]: Max RunDelay: 62
---[App]: Min PerSecRun: 31; Max RunDelay 0
-----------------------------------------------------
2019-09-16 20:55:28 GS-1 -----------------------------------------------------
---[Monster]: Max RunDelay: 406; Max RunCount 3183
---[Human]: Max RunDelay: 31; [Socket]: Max RunDelay: 16
---[App]: Min PerSecRun: 65; Max RunDelay 0
-----------------------------------------------------
2019-09-16 20:58:59 GS-1 09-16 20:58:59 User = 0 / 0
2019-09-16 21:00:29 GS-1 -----------------------------------------------------
---[Monster]: Max RunDelay: 266; Max RunCount 3183
---[Human]: Max RunDelay: 31; [Socket]: Max RunDelay: 0
---[App]: Min PerSecRun: 76; Max RunDelay 0
-----------------------------------------------------
2019-09-16 21:05:30 GS-1 -----------------------------------------------------
---[Monster]: Max RunDelay: 266; Max RunCount 3183
---[Human]: Max RunDelay: 16; [Socket]: Max RunDelay: 15
---[App]: Min PerSecRun: 76; Max RunDelay 0
-----------------------------------------------------
2019-09-16 21:08:59 GS-1 09-16 21:08:59 User = 1 / 1
2019-09-16 21:10:31 GS-1 -----------------------------------------------------
---[Monster]: Max RunDelay: 282; Max RunCount 3183
---[Human]: Max RunDelay: 16; [Socket]: Max RunDelay: 16
---[App]: Min PerSecRun: 74; Max RunDelay 0
-----------------------------------------------------
2019-09-16 21:15:32 GS-1 -----------------------------------------------------
---[Monster]: Max RunDelay: 281; Max RunCount 3174
---[Human]: Max RunDelay: 32; [Socket]: Max RunDelay: 16
---[App]: Min PerSecRun: 75; Max RunDelay 0
-----------------------------------------------------
2019-09-16 21:18:59 GS-1 09-16 21:18:59 User = 0 / 0
2019-09-16 21:20:33 GS-1 -----------------------------------------------------
---[Monster]: Max RunDelay: 266; Max RunCount 3174
---[Human]: Max RunDelay: 31; [Socket]: Max RunDelay: 0
---[App]: Min PerSecRun: 76; Max RunDelay 0
-----------------------------------------------------
2019-09-16 21:25:34 GS-1 -----------------------------------------------------
---[Monster]: Max RunDelay: 266; Max RunCount 3183
---[Human]: Max RunDelay: 16; [Socket]: Max RunDelay: 15
---[App]: Min PerSecRun: 76; Max RunDelay 0
-----------------------------------------------------
2019-09-16 21:28:59 GS-1 载入商城热销商品列表，共15个。
2019-09-16 21:28:59 GS-1 ==> 加载商城热销榜:5
2019-09-16 21:28:59 GS-1 09-16 21:28:59 User = 0 / 0
2019-09-16 21:30:35 GS-1 -----------------------------------------------------
---[Monster]: Max RunDelay: 266; Max RunCount 3183
---[Human]: Max RunDelay: 31; [Socket]: Max RunDelay: 15
---[App]: Min PerSecRun: 75; Max RunDelay 0
-----------------------------------------------------
2019-09-16 21:35:36 GS-1 -----------------------------------------------------
---[Monster]: Max RunDelay: 266; Max RunCount 3163
---[Human]: Max RunDelay: 31; [Socket]: Max RunDelay: 0
---[App]: Min PerSecRun: 77; Max RunDelay 0
-----------------------------------------------------
2019-09-16 21:38:59 GS-1 09-16 21:38:59 User = 0 / 0
2019-09-16 21:40:37 GS-1 -----------------------------------------------------
---[Monster]: Max RunDelay: 266; Max RunCount 3154
---[Human]: Max RunDelay: 32; [Socket]: Max RunDelay: 16
---[App]: Min PerSecRun: 76; Max RunDelay 0
-----------------------------------------------------
2019-09-16 21:45:38 GS-1 -----------------------------------------------------
---[Monster]: Max RunDelay: 265; Max RunCount 3163
---[Human]: Max RunDelay: 16; [Socket]: Max RunDelay: 16
---[App]: Min PerSecRun: 76; Max RunDelay 0
-----------------------------------------------------
2019-09-16 21:46:07 GS-1 [Error]: GameGate ServerSocketError, ErrorCode=10061
2019-09-16 21:48:59 GS-1 09-16 21:48:59 User = 0 / 0
2019-09-16 21:50:39 GS-1 -----------------------------------------------------
---[Monster]: Max RunDelay: 485; Max RunCount 3184
---[Human]: Max RunDelay: 47; [Socket]: Max RunDelay: 16
---[App]: Min PerSecRun: 54; Max RunDelay 0
-----------------------------------------------------
2019-09-16 21:55:40 GS-1 -----------------------------------------------------
---[Monster]: Max RunDelay: 265; Max RunCount 3184
---[Human]: Max RunDelay: 32; [Socket]: Max RunDelay: 16
---[App]: Min PerSecRun: 76; Max RunDelay 0
-----------------------------------------------------
2019-09-16 21:58:59 GS-1 09-16 21:58:59 User = 0 / 0
2019-09-16 22:00:41 GS-1 -----------------------------------------------------
---[Monster]: Max RunDelay: 250; Max RunCount 3184
---[Human]: Max RunDelay: 15; [Socket]: Max RunDelay: 16
---[App]: Min PerSecRun: 76; Max RunDelay 0
-----------------------------------------------------
2019-09-16 22:05:42 GS-1 -----------------------------------------------------
---[Monster]: Max RunDelay: 266; Max RunCount 3184
---[Human]: Max RunDelay: 15; [Socket]: Max RunDelay: 16
---[App]: Min PerSecRun: 76; Max RunDelay 0
-----------------------------------------------------
2019-09-16 22:08:31 GS-1 [脚本(散财猪.pas)缺函数]: AfterScatterItems
2019-09-16 22:08:59 GS-1 09-16 22:08:59 User = 1 / 1
2019-09-16 22:10:43 GS-1 -----------------------------------------------------
---[Monster]: Max RunDelay: 282; Max RunCount 3183
---[Human]: Max RunDelay: 31; [Socket]: Max RunDelay: 16
---[App]: Min PerSecRun: 74; Max RunDelay 0
-----------------------------------------------------
2019-09-16 22:15:44 GS-1 -----------------------------------------------------
---[Monster]: Max RunDelay: 266; Max RunCount 3183
---[Human]: Max RunDelay: 15; [Socket]: Max RunDelay: 16
---[App]: Min PerSecRun: 76; Max RunDelay 0
-----------------------------------------------------
2019-09-16 22:18:59 GS-1 09-16 22:18:59 User = 0 / 0
2019-09-16 22:20:45 GS-1 -----------------------------------------------------
---[Monster]: Max RunDelay: 266; Max RunCount 3143
---[Human]: Max RunDelay: 15; [Socket]: Max RunDelay: 15
---[App]: Min PerSecRun: 76; Max RunDelay 0
-----------------------------------------------------
2019-09-16 22:25:46 GS-1 -----------------------------------------------------
---[Monster]: Max RunDelay: 250; Max RunCount 3144
---[Human]: Max RunDelay: 15; [Socket]: Max RunDelay: 16
---[App]: Min PerSecRun: 77; Max RunDelay 0
-----------------------------------------------------
2019-09-16 22:28:59 GS-1 载入商城热销商品列表，共15个。
2019-09-16 22:28:59 GS-1 ==> 加载商城热销榜:5
2019-09-16 22:28:59 GS-1 09-16 22:28:59 User = 0 / 0
2019-09-16 22:30:47 GS-1 -----------------------------------------------------
---[Monster]: Max RunDelay: 266; Max RunCount 3143
---[Human]: Max RunDelay: 31; [Socket]: Max RunDelay: 15
---[App]: Min PerSecRun: 77; Max RunDelay 0
-----------------------------------------------------
2019-09-16 22:35:48 GS-1 -----------------------------------------------------
---[Monster]: Max RunDelay: 266; Max RunCount 3144
---[Human]: Max RunDelay: 15; [Socket]: Max RunDelay: 15
---[App]: Min PerSecRun: 76; Max RunDelay 0
-----------------------------------------------------
2019-09-16 22:38:59 GS-1 09-16 22:38:59 User = 0 / 0
2019-09-16 22:40:49 GS-1 -----------------------------------------------------
---[Monster]: Max RunDelay: 266; Max RunCount 3144
---[Human]: Max RunDelay: 15; [Socket]: Max RunDelay: 15
---[App]: Min PerSecRun: 77; Max RunDelay 0
-----------------------------------------------------
2019-09-16 22:45:50 GS-1 -----------------------------------------------------
---[Monster]: Max RunDelay: 266; Max RunCount 3144
---[Human]: Max RunDelay: 15; [Socket]: Max RunDelay: 0
---[App]: Min PerSecRun: 77; Max RunDelay 0
-----------------------------------------------------
2019-09-16 22:48:59 GS-1 09-16 22:48:59 User = 0 / 0
2019-09-16 22:50:34 GS-1 22:50:35 Gate 1 (106.54.52.209) 关闭
2019-09-16 22:50:34 GS-1 [Warning]: 与DB 服务器断开连接....
2019-09-16 22:50:40 GS-1 释放--魔龙冰晶升级对象--结束
2019-09-16 22:50:40 GS-1 释放--天赐宝箱1--结束
2019-09-16 22:50:40 GS-1 释放--天赐宝箱2--结束
2019-09-16 22:50:40 GS-1 释放--一点充--结束
2019-09-16 22:50:40 GS-1 释放--事件管理对象--结束
2019-09-16 22:50:40 GS-1 释放--任务管理对象--结束
2019-09-16 22:50:40 GS-1 释放--升级提醒管理对象--结束
2019-09-16 22:50:40 GS-1 释放--GDMsg管理对象--结束
2019-09-16 22:50:40 GS-1 释放--跨地图寻路管理对象--结束
2019-09-16 22:50:40 GS-1 释放--沙巴克管理对象--结束
2019-09-16 22:50:40 GS-1 释放--中央活动服务器客户端--结束
2019-09-16 22:50:40 GS-1 释放--乾坤包--结束
2019-09-16 22:50:40 GS-1 正在清除模块-卧龙英雄管理-的配置表d:\Mud2.0\Mir200\Share\EngineConfig\卧龙英雄管理\Fortress-HERO1.txt
2019-09-16 22:50:40 GS-1 正在清除模块-卧龙英雄管理-的配置表d:\Mud2.0\Mir200\Share\EngineConfig\卧龙英雄管理\Fortress.txt
2019-09-16 22:50:40 GS-1 正在清除模块-游戏元素点阵管理-的配置表d:\Mud2.0\Mir200\Share\EngineConfig\游戏元素点阵管理\GMActEvent.txt
2019-09-16 22:50:40 GS-1 正在清除模块-信用分管理-的配置表d:\Mud2.0\Mir200\Share\EngineConfig\信用分管理\PlayerActivePoint.xml
2019-09-16 22:50:40 GS-1 正在清除模块-信用分管理-的配置表d:\Mud2.0\Mir200\Share\EngineConfig\信用分管理\MapActivePoint.xml
2019-09-16 22:50:40 GS-1 正在清除模块-摆摊交易-的配置表d:\Mud2.0\Mir200\Share\EngineConfig\摆摊交易\摊位基础设置.ini
2019-09-16 22:50:40 GS-1 正在清除模块-元宝商城管理-的配置表d:\Mud2.0\Mir200\Share\EngineConfig\元宝商城管理\YBGoods.sql
2019-09-16 22:50:40 GS-1 正在清除模块-小助手管理-的配置表d:\Mud2.0\Mir200\Share\EngineConfig\小助手管理\小助手.txt
2019-09-16 22:50:40 GS-1 正在清除模块-静态地图管理-的配置表d:\Mud2.0\Mir200\Share\EngineConfig\静态地图管理\MapDropLimitBagItems.xml
2019-09-16 22:50:40 GS-1 正在清除模块-装备合成管理-的配置表d:\Mud2.0\Mir200\Share\EngineConfig\装备合成管理\StrengthenEquip.xml
2019-09-16 22:50:40 GS-1 正在清除模块-藏宝图管理-的配置表d:\Mud2.0\Mir200\Share\EngineConfig\藏宝图管理\修复藏宝图.txt
2019-09-16 22:50:40 GS-1 正在清除模块-藏宝图管理-的配置表d:\Mud2.0\Mir200\Share\EngineConfig\藏宝图管理\魔龙藏宝图合成装备.txt
2019-09-16 22:50:40 GS-1 正在清除模块-衣服升级管理-的配置表d:\Mud2.0\Mir200\Share\EngineConfig\衣服升级管理\UpdateClothes.xml
2019-09-16 22:50:40 GS-1 正在清除模块-道具管理-的配置表d:\Mud2.0\Mir200\Share\EngineConfig\道具管理\宝石配置.txt
2019-09-16 22:50:40 GS-1 正在清除模块-世界暴率管理-的配置表d:\Mud2.0\Mir200\Share\EngineConfig\世界暴率管理\世界爆率文件1.txt
2019-09-16 22:50:40 GS-1 释放--跨GS消息管理对象--结束
2019-09-16 22:50:40 GS-1 释放--gate管理对象--结束
2019-09-16 22:50:40 GS-1 释放--魔法管理对象--结束
2019-09-16 22:50:40 GS-1 释放--套装管理对象--结束
2019-09-16 22:50:40 GS-1 释放--新暴率管理对象--结束
2019-09-16 22:50:40 GS-1 释放--角色信息初始化管理对象--结束
2019-09-16 22:50:40 GS-1 释放--GS本地日志--结束
2019-09-16 22:50:40 GS-1 释放--DBEngn对象--结束
2019-09-16 22:50:40 GS-1 释放--任务列表--结束
2019-09-16 22:50:40 GS-1 释放--buffer管理类--结束
2019-09-16 22:50:40 GS-1 释放--排行榜--结束
2019-09-16 22:50:40 GS-1 释放--免费回收--结束
2019-09-16 22:50:40 GS-1 释放--mysql对象--结束
2019-09-16 22:50:40 GS-1 ================ 服务停止 ==============
