2019-07-22 14:49:57 GS-1 -----------------------------------------------------
---[Monster]: Max RunDelay: 0; Max RunCount 0
---[Human]: Max RunDelay: 0; [Socket]: Max RunDelay: 0
---[App]: Min PerSecRun: 100; Max RunDelay 0
-----------------------------------------------------
2019-07-22 14:49:57 GS-1 ================ 服务启动 ==============
2019-07-22 14:49:57 GS-1 TPlayerBody Size - 1616
2019-07-22 14:49:57 GS-1 TPlayerDB Size - 61608
2019-07-22 14:49:57 GS-1 ======== 连接MySQL成功 =======
2019-07-22 14:49:57 GS-1 *** ***Gamelog 的下次清理时间为 : 07月29日03时*** ***
2019-07-22 14:49:57 GS-1 ==加载GM指令定义完成==
2019-07-22 14:49:57 GS-1 与 DB 服务器连接成功
2019-07-22 14:49:57 GS-1 [Error]: 火龙珠奖励配置错误！
2019-07-22 14:49:57 GS-1 [Error]: 抽取概率错误:赤金天赐->宝箱1:概率7
2019-07-22 14:49:57 GS-1 [Error]: 抽取概率错误:白银天赐->宝箱1:概率7
2019-07-22 14:49:57 GS-1 [Error]: 抽取概率错误:紫铜天赐->宝箱1:概率7
2019-07-22 14:49:57 GS-1 [Error]: 抽取概率错误:神秘天赐->宝箱1:概率7
2019-07-22 14:49:57 GS-1 [Error]: 抽取概率错误:檀木天赐->宝箱1:概率7
2019-07-22 14:49:57 GS-1 [Error]: 抽取概率错误:宝藏天赐 ->宝箱1:概率7
2019-07-22 14:49:57 GS-1 [Error]: StdItems 不存在的天赐：新年天赐
2019-07-22 14:49:57 GS-1 [Error]: StdItems 不存在的钥匙：新年钥匙
2019-07-22 14:49:57 GS-1 [Error]: StdItems 不存在的钥匙：春节钥匙
2019-07-22 14:49:57 GS-1 [Error]: StdItems 不存在的钥匙：节日钥匙
2019-07-22 14:49:57 GS-1 [Error]: StdItems 不存在的天赐：感恩天赐
2019-07-22 14:49:57 GS-1 [Error]: StdItems 不存在的钥匙：感恩钥匙
2019-07-22 14:49:57 GS-1 系统参数初始化完毕
2019-07-22 14:49:57 GS-1 准备加载NPC，共511个
2019-07-22 14:49:57 GS-1 测试专用-3.pas[Error] (929:33): String error[Error] (929:33): Syntax error
2019-07-22 14:49:57 GS-1 已加载d:\Mud2.0\Mir200\Share\EngineConfig\系统信息管理\RollMsg.txt！
2019-07-22 14:49:57 GS-1 已加载d:\Mud2.0\Mir200\Share\EngineConfig\系统信息管理\掉落物品提示.txt！
2019-07-22 14:49:57 GS-1 已加载d:\Mud2.0\Mir200\Share\EngineConfig\卧龙英雄管理\Fortress.txt！
2019-07-22 14:49:57 GS-1 已加载d:\Mud2.0\Mir200\Share\EngineConfig\游戏元素点阵管理\GMActEvent.txt！
2019-07-22 14:49:57 GS-1    加载邮件信息成功,加载0个玩家的邮件。
2019-07-22 14:49:57 GS-1    加载邮件信息成功,加载8个玩家的邮件。
2019-07-22 14:49:57 GS-1 已加载d:\Mud2.0\Mir200\Share\EngineConfig\摆摊交易\摊位基础设置.ini！
2019-07-22 14:49:57 GS-1 刷新摊位过期将在2:55执行！
2019-07-22 14:49:57 GS-1   加载Stall成功，共加载摊位3个
2019-07-22 14:49:57 GS-1 [Information]: 寄售表创建成功!
2019-07-22 14:49:57 GS-1 [Information]: 寄售历史表创建成功!
2019-07-22 14:49:57 GS-1 [Information]: 更新超时订单成功!
2019-07-22 14:49:57 GS-1 已加载刷新商城时间：00:00:00.
2019-07-22 14:49:57 GS-1 已加载刷新商城时间：06:00:00.
2019-07-22 14:49:57 GS-1 已加载刷新商城时间：12:00:00.
2019-07-22 14:49:57 GS-1 载入商城物品列表，共5个类别，36种商品
2019-07-22 14:49:57 GS-1 ==> 加载商城物品 装饰类：11/11
2019-07-22 14:49:57 GS-1 ==> 加载商城物品 补给类：3/3
2019-07-22 14:49:57 GS-1 ==> 加载商城物品 强化类：15/15
2019-07-22 14:49:57 GS-1 ==> 加载商城物品 限量类：5/5
2019-07-22 14:49:57 GS-1 ==> 加载商城物品 好友类：2/2
2019-07-22 14:49:57 GS-1 ==> 加载商城物品 类：0/0
2019-07-22 14:49:57 GS-1 ==> 加载商城物品 类：0/0
2019-07-22 14:49:57 GS-1 ==> 加载商城物品 类：0/0
2019-07-22 14:49:57 GS-1    [删除错误数据] 删除用户表中不存在的战队成员
2019-07-22 14:49:57 GS-1    [删除错误数据] 清除战队队长不存在的项
2019-07-22 14:49:57 GS-1    [删除错误数据] 不存在战队的成员
2019-07-22 14:49:57 GS-1    正在加载战队...
2019-07-22 14:49:57 GS-1    战队表数量 : 2
2019-07-22 14:49:57 GS-1    战队表数量 : 0
2019-07-22 14:49:57 GS-1    加载战队数量:2
2019-07-22 14:49:57 GS-1    正在加载战队成员...
2019-07-22 14:49:57 GS-1    战队成员总数:3 加载成员数:3
2019-07-22 14:49:57 GS-1    正在检测战队数据有效性...
2019-07-22 14:49:57 GS-1    战队数据有效性检测完毕
2019-07-22 14:49:57 GS-1    [删除错误数据] 清除会长战队不存在行会
2019-07-22 14:49:57 GS-1    [删除错误数据] 清除行会不存在的行会成员
2019-07-22 14:49:57 GS-1    [删除错误数据] 清除行会不存在的行会关系ID排列错误的项
2019-07-22 14:49:57 GS-1    [删除错误数据] 清除行会不存在行会关系
2019-07-22 14:49:57 GS-1    [删除错误数据] 清除行会不存在关注行会
2019-07-22 14:49:57 GS-1    加载行会数量 : 2
2019-07-22 14:49:57 GS-1    加载行会成员(战队)数量 : 2
2019-07-22 14:49:57 GS-1    加载行会关系数量 : 0
2019-07-22 14:49:57 GS-1    加载关注行会数量 : 0
2019-07-22 14:49:57 GS-1    加载请求数量:3
2019-07-22 14:49:57 GS-1 [Error]: 小助手 不存在！
2019-07-22 14:49:57 GS-1 D411地图配置在MapInfo.txt 中不是LIMITBAGITEMDROP属性
2019-07-22 14:49:57 GS-1 D415地图配置在MapInfo.txt 中不是LIMITBAGITEMDROP属性
2019-07-22 14:49:57 GS-1 D416地图配置在MapInfo.txt 中不是LIMITBAGITEMDROP属性
2019-07-22 14:49:57 GS-1 信用分验证功能：开
2019-07-22 14:49:57 GS-1 GS脚本版本号：10001
2019-07-22 14:49:57 GS-1 更新排行榜，共计：34 页
2019-07-22 14:49:57 GS-1 Gate 1 开启
2019-07-22 14:50:35 GS-1 载入商城热销商品列表，共28个。
2019-07-22 14:50:35 GS-1 ==> 加载商城热销榜:5
2019-07-22 14:50:35 GS-1 [Error]: TFieldHero.FillDBData: 龙纹不存在！
2019-07-22 14:50:53 GS-1 测试专用-3.pas[Error] (929:33): String error[Error] (929:33): Syntax error
2019-07-22 14:50:53 GS-1 --ReInitializet-- 因为点击NPC失败，重新刷新NPC...
2019-07-22 14:50:55 GS-1 测试专用-3.pas[Error] (929:33): String error[Error] (929:33): Syntax error
2019-07-22 14:50:55 GS-1 --ReInitializet-- 因为点击NPC失败，重新刷新NPC...
2019-07-22 14:50:55 GS-1 测试专用-3.pas[Error] (929:33): String error[Error] (929:33): Syntax error
2019-07-22 14:50:55 GS-1 --ReInitializet-- 因为点击NPC失败，重新刷新NPC...
2019-07-22 14:50:56 GS-1 测试专用-3.pas[Error] (929:33): String error[Error] (929:33): Syntax error
2019-07-22 14:50:56 GS-1 --ReInitializet-- 因为点击NPC失败，重新刷新NPC...
2019-07-22 14:51:00 GS-1 测试专用-3.pas[Error] (929:33): String error[Error] (929:33): Syntax error
2019-07-22 14:51:00 GS-1 --ReInitializet-- 因为点击NPC失败，重新刷新NPC...
2019-07-22 14:51:01 GS-1 测试专用-3.pas[Error] (929:33): String error[Error] (929:33): Syntax error
2019-07-22 14:51:01 GS-1 --ReInitializet-- 因为点击NPC失败，重新刷新NPC...
2019-07-22 14:51:01 GS-1 测试专用-3.pas[Error] (929:33): String error[Error] (929:33): Syntax error
2019-07-22 14:51:01 GS-1 --ReInitializet-- 因为点击NPC失败，重新刷新NPC...
2019-07-22 14:51:01 GS-1 测试专用-3.pas[Error] (929:33): String error[Error] (929:33): Syntax error
2019-07-22 14:51:01 GS-1 --ReInitializet-- 因为点击NPC失败，重新刷新NPC...
2019-07-22 14:51:04 GS-1 测试专用-3.pas[Error] (929:33): String error[Error] (929:33): Syntax error
2019-07-22 14:51:04 GS-1 --ReInitializet-- 因为点击NPC失败，重新刷新NPC...
2019-07-22 14:54:59 GS-1 -----------------------------------------------------
---[Monster]: Max RunDelay: 516; Max RunCount 3151
---[Human]: Max RunDelay: 109; [Socket]: Max RunDelay: 31
---[App]: Min PerSecRun: 52; Max RunDelay 0
-----------------------------------------------------
2019-07-22 14:59:59 GS-1 -----------------------------------------------------
---[Monster]: Max RunDelay: 390; Max RunCount 3160
---[Human]: Max RunDelay: 31; [Socket]: Max RunDelay: 32
---[App]: Min PerSecRun: 65; Max RunDelay 0
-----------------------------------------------------
2019-07-22 15:00:34 GS-1 07-22 15:00:34 User = 4 / 4
2019-07-22 15:04:00 GS-1 开始大刷NPC
2019-07-22 15:04:46 GS-1 开始大刷NPC
2019-07-22 15:05:00 GS-1 -----------------------------------------------------
---[Monster]: Max RunDelay: 968; Max RunCount 3110
---[Human]: Max RunDelay: 438; [Socket]: Max RunDelay: 32
---[App]: Min PerSecRun: 39; Max RunDelay 0
-----------------------------------------------------
2019-07-22 15:06:06 GS-1 开始大刷NPC
2019-07-22 15:10:01 GS-1 -----------------------------------------------------
---[Monster]: Max RunDelay: 1187; Max RunCount 3167
---[Human]: Max RunDelay: 516; [Socket]: Max RunDelay: 47
---[App]: Min PerSecRun: 25; Max RunDelay 47
-----------------------------------------------------
2019-07-22 15:10:34 GS-1 07-22 15:10:34 User = 4 / 4
2019-07-22 15:15:02 GS-1 -----------------------------------------------------
---[Monster]: Max RunDelay: 968; Max RunCount 3170
---[Human]: Max RunDelay: 297; [Socket]: Max RunDelay: 62
---[App]: Min PerSecRun: 27; Max RunDelay 16
-----------------------------------------------------
2019-07-22 15:15:02 GS-1 测试专用-3.pas[Error] (929:33): String error[Error] (929:33): Syntax error
2019-07-22 15:15:02 GS-1 --ReInitializet-- 因为点击NPC失败，重新刷新NPC...
2019-07-22 15:15:03 GS-1 测试专用-3.pas[Error] (929:33): String error[Error] (929:33): Syntax error
2019-07-22 15:15:03 GS-1 --ReInitializet-- 因为点击NPC失败，重新刷新NPC...
2019-07-22 15:15:03 GS-1 测试专用-3.pas[Error] (929:33): String error[Error] (929:33): Syntax error
2019-07-22 15:15:03 GS-1 --ReInitializet-- 因为点击NPC失败，重新刷新NPC...
2019-07-22 15:15:20 GS-1 测试专用-3.pas[Error] (929:33): String error[Error] (929:33): Syntax error
2019-07-22 15:15:20 GS-1 --ReInitializet-- 因为点击NPC失败，重新刷新NPC...
2019-07-22 15:15:21 GS-1 测试专用-3.pas[Error] (929:33): String error[Error] (929:33): Syntax error
2019-07-22 15:15:21 GS-1 --ReInitializet-- 因为点击NPC失败，重新刷新NPC...
2019-07-22 15:15:22 GS-1 测试专用-3.pas[Error] (929:33): String error[Error] (929:33): Syntax error
2019-07-22 15:15:22 GS-1 --ReInitializet-- 因为点击NPC失败，重新刷新NPC...
2019-07-22 15:15:23 GS-1 测试专用-3.pas[Error] (929:33): String error[Error] (929:33): Syntax error
2019-07-22 15:15:23 GS-1 --ReInitializet-- 因为点击NPC失败，重新刷新NPC...
2019-07-22 15:15:23 GS-1 测试专用-3.pas[Error] (929:33): String error[Error] (929:33): Syntax error
2019-07-22 15:15:23 GS-1 --ReInitializet-- 因为点击NPC失败，重新刷新NPC...
2019-07-22 15:15:24 GS-1 --ReInitializet-- 因为点击NPC失败，重新刷新NPC...
2019-07-22 15:15:24 GS-1 --ReInitializet-- 因为点击NPC失败，重新刷新NPC...
2019-07-22 15:15:27 GS-1 --ReInitializet-- 因为点击NPC失败，重新刷新NPC...
2019-07-22 15:15:29 GS-1 --ReInitializet-- 因为点击NPC失败，重新刷新NPC...
2019-07-22 15:15:29 GS-1 --ReInitializet-- 因为点击NPC失败，重新刷新NPC...
2019-07-22 15:15:34 GS-1 --ReInitializet-- 因为点击NPC失败，重新刷新NPC...
2019-07-22 15:15:34 GS-1 --ReInitializet-- 因为点击NPC失败，重新刷新NPC...
2019-07-22 15:15:35 GS-1 --ReInitializet-- 因为点击NPC失败，重新刷新NPC...
2019-07-22 15:15:36 GS-1 --ReInitializet-- 因为点击NPC失败，重新刷新NPC...
2019-07-22 15:15:36 GS-1 --ReInitializet-- 因为点击NPC失败，重新刷新NPC...
2019-07-22 15:15:37 GS-1 --ReInitializet-- 因为点击NPC失败，重新刷新NPC...
2019-07-22 15:15:37 GS-1 --ReInitializet-- 因为点击NPC失败，重新刷新NPC...
2019-07-22 15:15:45 GS-1 --ReInitializet-- 因为点击NPC失败，重新刷新NPC...
2019-07-22 15:15:46 GS-1 --ReInitializet-- 因为点击NPC失败，重新刷新NPC...
2019-07-22 15:15:48 GS-1 --ReInitializet-- 因为点击NPC失败，重新刷新NPC...
2019-07-22 15:15:53 GS-1 --ReInitializet-- 因为点击NPC失败，重新刷新NPC...
2019-07-22 15:20:03 GS-1 -----------------------------------------------------
---[Monster]: Max RunDelay: 422; Max RunCount 3173
---[Human]: Max RunDelay: 94; [Socket]: Max RunDelay: 62
---[App]: Min PerSecRun: 58; Max RunDelay 0
-----------------------------------------------------
2019-07-22 15:20:35 GS-1 07-22 15:20:35 User = 4 / 4
2019-07-22 15:25:04 GS-1 -----------------------------------------------------
---[Monster]: Max RunDelay: 562; Max RunCount 3124
---[Human]: Max RunDelay: 79; [Socket]: Max RunDelay: 32
---[App]: Min PerSecRun: 53; Max RunDelay 0
-----------------------------------------------------
2019-07-22 15:30:05 GS-1 -----------------------------------------------------
---[Monster]: Max RunDelay: 328; Max RunCount 3166
---[Human]: Max RunDelay: 94; [Socket]: Max RunDelay: 63
---[App]: Min PerSecRun: 68; Max RunDelay 0
-----------------------------------------------------
2019-07-22 15:30:34 GS-1 07-22 15:30:34 User = 4 / 4
2019-07-22 15:35:06 GS-1 -----------------------------------------------------
---[Monster]: Max RunDelay: 313; Max RunCount 3166
---[Human]: Max RunDelay: 109; [Socket]: Max RunDelay: 47
---[App]: Min PerSecRun: 72; Max RunDelay 15
-----------------------------------------------------
2019-07-22 15:40:07 GS-1 -----------------------------------------------------
---[Monster]: Max RunDelay: 312; Max RunCount 3168
---[Human]: Max RunDelay: 79; [Socket]: Max RunDelay: 47
---[App]: Min PerSecRun: 70; Max RunDelay 0
-----------------------------------------------------
2019-07-22 15:40:36 GS-1 07-22 15:40:36 User = 5 / 5
2019-07-22 15:44:31 GS-1 --ReInitializet-- 因为点击NPC失败，重新刷新NPC...
2019-07-22 15:44:33 GS-1 --ReInitializet-- 因为点击NPC失败，重新刷新NPC...
2019-07-22 15:45:08 GS-1 -----------------------------------------------------
---[Monster]: Max RunDelay: 328; Max RunCount 3185
---[Human]: Max RunDelay: 94; [Socket]: Max RunDelay: 47
---[App]: Min PerSecRun: 68; Max RunDelay 0
-----------------------------------------------------
2019-07-22 15:50:09 GS-1 -----------------------------------------------------
---[Monster]: Max RunDelay: 313; Max RunCount 3168
---[Human]: Max RunDelay: 79; [Socket]: Max RunDelay: 47
---[App]: Min PerSecRun: 72; Max RunDelay 0
-----------------------------------------------------
2019-07-22 15:50:35 GS-1 载入商城热销商品列表，共28个。
2019-07-22 15:50:35 GS-1 ==> 加载商城热销榜:5
2019-07-22 15:50:36 GS-1 07-22 15:50:36 User = 3 / 3
2019-07-22 15:55:10 GS-1 -----------------------------------------------------
---[Monster]: Max RunDelay: 297; Max RunCount 3211
---[Human]: Max RunDelay: 32; [Socket]: Max RunDelay: 15
---[App]: Min PerSecRun: 70; Max RunDelay 0
-----------------------------------------------------
2019-07-22 16:00:11 GS-1 -----------------------------------------------------
---[Monster]: Max RunDelay: 266; Max RunCount 3549
---[Human]: Max RunDelay: 31; [Socket]: Max RunDelay: 15
---[App]: Min PerSecRun: 74; Max RunDelay 0
-----------------------------------------------------
2019-07-22 16:00:36 GS-1 07-22 16:00:36 User = 2 / 2
2019-07-22 16:05:12 GS-1 -----------------------------------------------------
---[Monster]: Max RunDelay: 297; Max RunCount 4025
---[Human]: Max RunDelay: 31; [Socket]: Max RunDelay: 15
---[App]: Min PerSecRun: 71; Max RunDelay 0
-----------------------------------------------------
2019-07-22 16:10:13 GS-1 -----------------------------------------------------
---[Monster]: Max RunDelay: 282; Max RunCount 4090
---[Human]: Max RunDelay: 46; [Socket]: Max RunDelay: 16
---[App]: Min PerSecRun: 70; Max RunDelay 0
-----------------------------------------------------
2019-07-22 16:10:36 GS-1 07-22 16:10:36 User = 2 / 2
2019-07-22 16:15:14 GS-1 -----------------------------------------------------
---[Monster]: Max RunDelay: 282; Max RunCount 4034
---[Human]: Max RunDelay: 31; [Socket]: Max RunDelay: 16
---[App]: Min PerSecRun: 71; Max RunDelay 0
-----------------------------------------------------
2019-07-22 16:20:16 GS-1 -----------------------------------------------------
---[Monster]: Max RunDelay: 282; Max RunCount 4058
---[Human]: Max RunDelay: 63; [Socket]: Max RunDelay: 16
---[App]: Min PerSecRun: 71; Max RunDelay 0
-----------------------------------------------------
2019-07-22 16:20:37 GS-1 07-22 16:20:37 User = 2 / 2
2019-07-22 16:25:17 GS-1 -----------------------------------------------------
---[Monster]: Max RunDelay: 297; Max RunCount 3713
---[Human]: Max RunDelay: 63; [Socket]: Max RunDelay: 16
---[App]: Min PerSecRun: 73; Max RunDelay 0
-----------------------------------------------------
2019-07-22 16:30:18 GS-1 -----------------------------------------------------
---[Monster]: Max RunDelay: 281; Max RunCount 3700
---[Human]: Max RunDelay: 47; [Socket]: Max RunDelay: 16
---[App]: Min PerSecRun: 73; Max RunDelay 0
-----------------------------------------------------
2019-07-22 16:30:37 GS-1 07-22 16:30:37 User = 2 / 2
2019-07-22 16:35:19 GS-1 -----------------------------------------------------
---[Monster]: Max RunDelay: 312; Max RunCount 3720
---[Human]: Max RunDelay: 47; [Socket]: Max RunDelay: 16
---[App]: Min PerSecRun: 72; Max RunDelay 0
-----------------------------------------------------
2019-07-22 16:40:18 GS-1 -----------------------------------------------------
---[Monster]: Max RunDelay: 625; Max RunCount 4133
---[Human]: Max RunDelay: 375; [Socket]: Max RunDelay: 16
---[App]: Min PerSecRun: 45; Max RunDelay 0
-----------------------------------------------------
2019-07-22 16:40:37 GS-1 07-22 16:40:37 User = 2 / 2
2019-07-22 16:45:19 GS-1 -----------------------------------------------------
---[Monster]: Max RunDelay: 297; Max RunCount 4191
---[Human]: Max RunDelay: 31; [Socket]: Max RunDelay: 16
---[App]: Min PerSecRun: 72; Max RunDelay 0
-----------------------------------------------------
2019-07-22 16:50:20 GS-1 -----------------------------------------------------
---[Monster]: Max RunDelay: 281; Max RunCount 4100
---[Human]: Max RunDelay: 109; [Socket]: Max RunDelay: 16
---[App]: Min PerSecRun: 72; Max RunDelay 0
-----------------------------------------------------
2019-07-22 16:50:36 GS-1 载入商城热销商品列表，共28个。
2019-07-22 16:50:36 GS-1 ==> 加载商城热销榜:5
2019-07-22 16:50:37 GS-1 07-22 16:50:37 User = 2 / 2
2019-07-22 16:55:21 GS-1 -----------------------------------------------------
---[Monster]: Max RunDelay: 344; Max RunCount 3991
---[Human]: Max RunDelay: 32; [Socket]: Max RunDelay: 15
---[App]: Min PerSecRun: 69; Max RunDelay 0
-----------------------------------------------------
2019-07-22 17:00:22 GS-1 -----------------------------------------------------
---[Monster]: Max RunDelay: 297; Max RunCount 3991
---[Human]: Max RunDelay: 78; [Socket]: Max RunDelay: 47
---[App]: Min PerSecRun: 73; Max RunDelay 0
-----------------------------------------------------
2019-07-22 17:00:37 GS-1 07-22 17:00:37 User = 2 / 2
2019-07-22 17:05:23 GS-1 -----------------------------------------------------
---[Monster]: Max RunDelay: 297; Max RunCount 3673
---[Human]: Max RunDelay: 78; [Socket]: Max RunDelay: 47
---[App]: Min PerSecRun: 71; Max RunDelay 0
-----------------------------------------------------
2019-07-22 17:07:47 GS-1 [Error]: GameGate ServerSocketError, ErrorCode=10061
2019-07-22 17:10:24 GS-1 -----------------------------------------------------
---[Monster]: Max RunDelay: 281; Max RunCount 3613
---[Human]: Max RunDelay: 31; [Socket]: Max RunDelay: 16
---[App]: Min PerSecRun: 71; Max RunDelay 0
-----------------------------------------------------
2019-07-22 17:10:37 GS-1 07-22 17:10:37 User = 2 / 2
2019-07-22 17:15:25 GS-1 -----------------------------------------------------
---[Monster]: Max RunDelay: 266; Max RunCount 3673
---[Human]: Max RunDelay: 46; [Socket]: Max RunDelay: 16
---[App]: Min PerSecRun: 73; Max RunDelay 0
-----------------------------------------------------
2019-07-22 17:20:26 GS-1 -----------------------------------------------------
---[Monster]: Max RunDelay: 282; Max RunCount 3662
---[Human]: Max RunDelay: 47; [Socket]: Max RunDelay: 16
---[App]: Min PerSecRun: 74; Max RunDelay 0
-----------------------------------------------------
2019-07-22 17:20:37 GS-1 07-22 17:20:37 User = 3 / 3
2019-07-22 17:25:27 GS-1 -----------------------------------------------------
---[Monster]: Max RunDelay: 313; Max RunCount 3679
---[Human]: Max RunDelay: 32; [Socket]: Max RunDelay: 16
---[App]: Min PerSecRun: 73; Max RunDelay 0
-----------------------------------------------------
2019-07-22 17:30:28 GS-1 -----------------------------------------------------
---[Monster]: Max RunDelay: 282; Max RunCount 3676
---[Human]: Max RunDelay: 62; [Socket]: Max RunDelay: 16
---[App]: Min PerSecRun: 71; Max RunDelay 0
-----------------------------------------------------
2019-07-22 17:30:37 GS-1 07-22 17:30:37 User = 4 / 4
2019-07-22 17:35:29 GS-1 -----------------------------------------------------
---[Monster]: Max RunDelay: 437; Max RunCount 4183
---[Human]: Max RunDelay: 47; [Socket]: Max RunDelay: 16
---[App]: Min PerSecRun: 50; Max RunDelay 0
-----------------------------------------------------
2019-07-22 17:37:13 GS-1 [Error]: GameGate ServerSocketError, ErrorCode=10061
2019-07-22 17:40:30 GS-1 -----------------------------------------------------
---[Monster]: Max RunDelay: 281; Max RunCount 3487
---[Human]: Max RunDelay: 32; [Socket]: Max RunDelay: 16
---[App]: Min PerSecRun: 74; Max RunDelay 0
-----------------------------------------------------
2019-07-22 17:40:37 GS-1 07-22 17:40:37 User = 3 / 3
2019-07-22 17:45:31 GS-1 -----------------------------------------------------
---[Monster]: Max RunDelay: 313; Max RunCount 3652
---[Human]: Max RunDelay: 32; [Socket]: Max RunDelay: 16
---[App]: Min PerSecRun: 70; Max RunDelay 0
-----------------------------------------------------
2019-07-22 17:50:32 GS-1 -----------------------------------------------------
---[Monster]: Max RunDelay: 313; Max RunCount 3641
---[Human]: Max RunDelay: 31; [Socket]: Max RunDelay: 16
---[App]: Min PerSecRun: 72; Max RunDelay 0
-----------------------------------------------------
2019-07-22 17:50:36 GS-1 载入商城热销商品列表，共28个。
2019-07-22 17:50:36 GS-1 ==> 加载商城热销榜:5
2019-07-22 17:50:37 GS-1 07-22 17:50:37 User = 3 / 3
2019-07-22 17:55:33 GS-1 -----------------------------------------------------
---[Monster]: Max RunDelay: 312; Max RunCount 3767
---[Human]: Max RunDelay: 78; [Socket]: Max RunDelay: 16
---[App]: Min PerSecRun: 70; Max RunDelay 0
-----------------------------------------------------
2019-07-22 18:00:34 GS-1 -----------------------------------------------------
---[Monster]: Max RunDelay: 312; Max RunCount 3734
---[Human]: Max RunDelay: 63; [Socket]: Max RunDelay: 47
---[App]: Min PerSecRun: 67; Max RunDelay 0
-----------------------------------------------------
2019-07-22 18:00:37 GS-1 07-22 18:00:37 User = 3 / 3
2019-07-22 18:01:29 GS-1 --ReInitializet-- 因为点击NPC失败，重新刷新NPC...
2019-07-22 18:05:35 GS-1 -----------------------------------------------------
---[Monster]: Max RunDelay: 282; Max RunCount 3557
---[Human]: Max RunDelay: 78; [Socket]: Max RunDelay: 16
---[App]: Min PerSecRun: 70; Max RunDelay 0
-----------------------------------------------------
2019-07-22 18:06:45 GS-1 [Error]: GameGate ServerSocketError, ErrorCode=10061
2019-07-22 18:10:36 GS-1 -----------------------------------------------------
---[Monster]: Max RunDelay: 2094; Max RunCount 4279
---[Human]: Max RunDelay: 625; [Socket]: Max RunDelay: 203
---[App]: Min PerSecRun: 12; Max RunDelay 0
-----------------------------------------------------
2019-07-22 18:10:37 GS-1 07-22 18:10:37 User = 4 / 4
2019-07-22 18:15:36 GS-1 -----------------------------------------------------
---[Monster]: Max RunDelay: 1844; Max RunCount 4208
---[Human]: Max RunDelay: 250; [Socket]: Max RunDelay: 344
---[App]: Min PerSecRun: 12; Max RunDelay 0
-----------------------------------------------------
2019-07-22 18:20:37 GS-1 -----------------------------------------------------
---[Monster]: Max RunDelay: 438; Max RunCount 4275
---[Human]: Max RunDelay: 78; [Socket]: Max RunDelay: 16
---[App]: Min PerSecRun: 43; Max RunDelay 0
-----------------------------------------------------
2019-07-22 18:20:38 GS-1 07-22 18:20:38 User = 2 / 2
2019-07-22 18:25:38 GS-1 -----------------------------------------------------
---[Monster]: Max RunDelay: 329; Max RunCount 4281
---[Human]: Max RunDelay: 79; [Socket]: Max RunDelay: 16
---[App]: Min PerSecRun: 61; Max RunDelay 0
-----------------------------------------------------
2019-07-22 18:30:39 GS-1 07-22 18:30:39 User = 3 / 3
2019-07-22 18:30:39 GS-1 -----------------------------------------------------
---[Monster]: Max RunDelay: 329; Max RunCount 4248
---[Human]: Max RunDelay: 78; [Socket]: Max RunDelay: 16
---[App]: Min PerSecRun: 64; Max RunDelay 0
-----------------------------------------------------
2019-07-22 18:35:40 GS-1 -----------------------------------------------------
---[Monster]: Max RunDelay: 422; Max RunCount 4221
---[Human]: Max RunDelay: 63; [Socket]: Max RunDelay: 16
---[App]: Min PerSecRun: 55; Max RunDelay 0
-----------------------------------------------------
2019-07-22 18:37:22 GS-1 [Error]: GameGate ServerSocketError, ErrorCode=10061
2019-07-22 18:40:40 GS-1 07-22 18:40:40 User = 2 / 2
2019-07-22 18:40:41 GS-1 -----------------------------------------------------
---[Monster]: Max RunDelay: 641; Max RunCount 4289
---[Human]: Max RunDelay: 235; [Socket]: Max RunDelay: 125
---[App]: Min PerSecRun: 39; Max RunDelay 0
-----------------------------------------------------
2019-07-22 18:45:42 GS-1 -----------------------------------------------------
---[Monster]: Max RunDelay: 906; Max RunCount 4289
---[Human]: Max RunDelay: 610; [Socket]: Max RunDelay: 250
---[App]: Min PerSecRun: 24; Max RunDelay 0
-----------------------------------------------------
2019-07-22 18:50:37 GS-1 载入商城热销商品列表，共28个。
2019-07-22 18:50:37 GS-1 ==> 加载商城热销榜:5
2019-07-22 18:50:40 GS-1 07-22 18:50:40 User = 2 / 2
2019-07-22 18:50:43 GS-1 -----------------------------------------------------
---[Monster]: Max RunDelay: 875; Max RunCount 4289
---[Human]: Max RunDelay: 296; [Socket]: Max RunDelay: 219
---[App]: Min PerSecRun: 35; Max RunDelay 0
-----------------------------------------------------
2019-07-22 18:55:44 GS-1 -----------------------------------------------------
---[Monster]: Max RunDelay: 782; Max RunCount 4289
---[Human]: Max RunDelay: 563; [Socket]: Max RunDelay: 31
---[App]: Min PerSecRun: 34; Max RunDelay 0
-----------------------------------------------------
2019-07-22 19:00:40 GS-1 07-22 19:00:40 User = 2 / 2
2019-07-22 19:00:45 GS-1 -----------------------------------------------------
---[Monster]: Max RunDelay: 1203; Max RunCount 4220
---[Human]: Max RunDelay: 516; [Socket]: Max RunDelay: 531
---[App]: Min PerSecRun: 26; Max RunDelay 0
-----------------------------------------------------
2019-07-22 19:05:46 GS-1 -----------------------------------------------------
---[Monster]: Max RunDelay: 297; Max RunCount 4132
---[Human]: Max RunDelay: 32; [Socket]: Max RunDelay: 16
---[App]: Min PerSecRun: 69; Max RunDelay 0
-----------------------------------------------------
2019-07-22 19:06:17 GS-1 [Warning]: 与DB 服务器断开连接....
2019-07-22 19:06:20 GS-1 19:06:21 Gate 1 (129.28.198.181) 关闭
2019-07-22 19:06:31 GS-1 释放--魔龙冰晶升级对象--结束
2019-07-22 19:06:31 GS-1 释放--天赐宝箱1--结束
2019-07-22 19:06:31 GS-1 释放--天赐宝箱2--结束
2019-07-22 19:06:31 GS-1 释放--一点充--结束
2019-07-22 19:06:31 GS-1 释放--事件管理对象--结束
2019-07-22 19:06:31 GS-1 释放--任务管理对象--结束
2019-07-22 19:06:33 GS-1 释放--升级提醒管理对象--结束
2019-07-22 19:06:33 GS-1 释放--GDMsg管理对象--结束
2019-07-22 19:06:33 GS-1 释放--跨地图寻路管理对象--结束
2019-07-22 19:06:33 GS-1 释放--沙巴克管理对象--结束
2019-07-22 19:06:33 GS-1 释放--中央活动服务器客户端--结束
2019-07-22 19:06:33 GS-1 释放--乾坤包--结束
2019-07-22 19:06:33 GS-1 正在清除模块-卧龙英雄管理-的配置表d:\Mud2.0\Mir200\Share\EngineConfig\卧龙英雄管理\Fortress-HERO1.txt
2019-07-22 19:06:33 GS-1 正在清除模块-卧龙英雄管理-的配置表d:\Mud2.0\Mir200\Share\EngineConfig\卧龙英雄管理\Fortress.txt
2019-07-22 19:06:33 GS-1 正在清除模块-游戏元素点阵管理-的配置表d:\Mud2.0\Mir200\Share\EngineConfig\游戏元素点阵管理\GMActEvent.txt
2019-07-22 19:06:33 GS-1 正在清除模块-信用分管理-的配置表d:\Mud2.0\Mir200\Share\EngineConfig\信用分管理\PlayerActivePoint.xml
2019-07-22 19:06:33 GS-1 正在清除模块-信用分管理-的配置表d:\Mud2.0\Mir200\Share\EngineConfig\信用分管理\MapActivePoint.xml
2019-07-22 19:06:33 GS-1 正在清除模块-摆摊交易-的配置表d:\Mud2.0\Mir200\Share\EngineConfig\摆摊交易\摊位基础设置.ini
2019-07-22 19:06:33 GS-1 正在清除模块-元宝商城管理-的配置表d:\Mud2.0\Mir200\Share\EngineConfig\元宝商城管理\YBGoods.sql
2019-07-22 19:06:33 GS-1 正在清除模块-小助手管理-的配置表d:\Mud2.0\Mir200\Share\EngineConfig\小助手管理\小助手.txt
2019-07-22 19:06:33 GS-1 正在清除模块-静态地图管理-的配置表d:\Mud2.0\Mir200\Share\EngineConfig\静态地图管理\MapDropLimitBagItems.xml
2019-07-22 19:06:47 GS-1 正在清除模块-装备合成管理-的配置表d:\Mud2.0\Mir200\Share\EngineConfig\装备合成管理\StrengthenEquip.xml
2019-07-22 19:06:52 GS-1 正在清除模块-藏宝图管理-的配置表d:\Mud2.0\Mir200\Share\EngineConfig\藏宝图管理\修复藏宝图.txt
2019-07-22 19:06:52 GS-1 正在清除模块-藏宝图管理-的配置表d:\Mud2.0\Mir200\Share\EngineConfig\藏宝图管理\魔龙藏宝图合成装备.txt
2019-07-22 19:06:52 GS-1 正在清除模块-衣服升级管理-的配置表d:\Mud2.0\Mir200\Share\EngineConfig\衣服升级管理\UpdateClothes.xml
2019-07-22 19:06:52 GS-1 正在清除模块-道具管理-的配置表d:\Mud2.0\Mir200\Share\EngineConfig\道具管理\宝石配置.txt
2019-07-22 19:06:52 GS-1 正在清除模块-世界暴率管理-的配置表d:\Mud2.0\Mir200\Share\EngineConfig\世界暴率管理\世界爆率文件1.txt
2019-07-22 19:06:52 GS-1 释放--跨GS消息管理对象--结束
2019-07-22 19:06:52 GS-1 释放--gate管理对象--结束
2019-07-22 19:06:52 GS-1 释放--魔法管理对象--结束
2019-07-22 19:06:52 GS-1 释放--套装管理对象--结束
2019-07-22 19:06:52 GS-1 释放--新暴率管理对象--结束
2019-07-22 19:06:52 GS-1 释放--角色信息初始化管理对象--结束
2019-07-22 19:06:52 GS-1 释放--GS本地日志--结束
2019-07-22 19:06:53 GS-1 释放--DBEngn对象--结束
2019-07-22 19:06:53 GS-1 释放--任务列表--结束
2019-07-22 19:06:53 GS-1 释放--buffer管理类--结束
2019-07-22 19:06:53 GS-1 释放--排行榜--结束
2019-07-22 19:06:53 GS-1 释放--免费回收--结束
2019-07-22 19:06:53 GS-1 释放--mysql对象--结束
2019-07-22 19:06:53 GS-1 ================ 服务停止 ==============
