2019-07-21 21:14:23 GS-1 -----------------------------------------------------
---[Monster]: Max RunDelay: 0; Max RunCount 0
---[Human]: Max RunDelay: 0; [Socket]: Max RunDelay: 0
---[App]: Min PerSecRun: 100; Max RunDelay 0
-----------------------------------------------------
2019-07-21 21:14:23 GS-1 ================ 服务启动 ==============
2019-07-21 21:14:23 GS-1 TPlayerBody Size - 1616
2019-07-21 21:14:23 GS-1 TPlayerDB Size - 61608
2019-07-21 21:14:23 GS-1 ======== 连接MySQL成功 =======
2019-07-21 21:14:23 GS-1 *** ***Gamelog 的下次清理时间为 : 07月28日03时*** ***
2019-07-21 21:14:23 GS-1 ==加载GM指令定义完成==
2019-07-21 21:14:23 GS-1 与 DB 服务器连接成功
2019-07-21 21:14:23 GS-1 [Error]: 火龙珠奖励配置错误！
2019-07-21 21:14:23 GS-1 [Error]: 抽取概率错误:赤金天赐->宝箱1:概率7
2019-07-21 21:14:23 GS-1 [Error]: 抽取概率错误:白银天赐->宝箱1:概率7
2019-07-21 21:14:23 GS-1 [Error]: 抽取概率错误:紫铜天赐->宝箱1:概率7
2019-07-21 21:14:23 GS-1 [Error]: 抽取概率错误:神秘天赐->宝箱1:概率7
2019-07-21 21:14:23 GS-1 [Error]: 抽取概率错误:檀木天赐->宝箱1:概率7
2019-07-21 21:14:23 GS-1 [Error]: 抽取概率错误:宝藏天赐 ->宝箱1:概率7
2019-07-21 21:14:23 GS-1 [Error]: StdItems 不存在的天赐：新年天赐
2019-07-21 21:14:23 GS-1 [Error]: StdItems 不存在的钥匙：新年钥匙
2019-07-21 21:14:23 GS-1 [Error]: StdItems 不存在的钥匙：春节钥匙
2019-07-21 21:14:23 GS-1 [Error]: StdItems 不存在的钥匙：节日钥匙
2019-07-21 21:14:23 GS-1 [Error]: StdItems 不存在的天赐：感恩天赐
2019-07-21 21:14:23 GS-1 [Error]: StdItems 不存在的钥匙：感恩钥匙
2019-07-21 21:14:23 GS-1 系统参数初始化完毕
2019-07-21 21:14:23 GS-1 准备加载NPC，共509个
2019-07-21 21:14:23 GS-1 已加载d:\Mud2.0\Mir200\Share\EngineConfig\系统信息管理\RollMsg.txt！
2019-07-21 21:14:23 GS-1 已加载d:\Mud2.0\Mir200\Share\EngineConfig\系统信息管理\掉落物品提示.txt！
2019-07-21 21:14:23 GS-1 已加载d:\Mud2.0\Mir200\Share\EngineConfig\卧龙英雄管理\Fortress.txt！
2019-07-21 21:14:23 GS-1 已加载d:\Mud2.0\Mir200\Share\EngineConfig\游戏元素点阵管理\GMActEvent.txt！
2019-07-21 21:14:23 GS-1    加载邮件信息成功,加载0个玩家的邮件。
2019-07-21 21:14:23 GS-1    加载邮件信息成功,加载8个玩家的邮件。
2019-07-21 21:14:23 GS-1 已加载d:\Mud2.0\Mir200\Share\EngineConfig\摆摊交易\摊位基础设置.ini！
2019-07-21 21:14:23 GS-1 刷新摊位过期将在2:55执行！
2019-07-21 21:14:23 GS-1   加载Stall成功，共加载摊位3个
2019-07-21 21:14:23 GS-1 [Information]: 寄售表创建成功!
2019-07-21 21:14:23 GS-1 [Information]: 寄售历史表创建成功!
2019-07-21 21:14:23 GS-1 [Information]: 更新超时订单成功!
2019-07-21 21:14:23 GS-1 已加载刷新商城时间：00:00:00.
2019-07-21 21:14:23 GS-1 已加载刷新商城时间：06:00:00.
2019-07-21 21:14:23 GS-1 已加载刷新商城时间：12:00:00.
2019-07-21 21:14:23 GS-1 载入商城物品列表，共5个类别，36种商品
2019-07-21 21:14:23 GS-1 ==> 加载商城物品 装饰类：11/11
2019-07-21 21:14:23 GS-1 ==> 加载商城物品 补给类：3/3
2019-07-21 21:14:23 GS-1 ==> 加载商城物品 强化类：15/15
2019-07-21 21:14:23 GS-1 ==> 加载商城物品 限量类：5/5
2019-07-21 21:14:23 GS-1 ==> 加载商城物品 好友类：2/2
2019-07-21 21:14:23 GS-1 ==> 加载商城物品 类：0/0
2019-07-21 21:14:23 GS-1 ==> 加载商城物品 类：0/0
2019-07-21 21:14:23 GS-1 ==> 加载商城物品 类：0/0
2019-07-21 21:14:23 GS-1    [删除错误数据] 删除用户表中不存在的战队成员
2019-07-21 21:14:23 GS-1    [删除错误数据] 清除战队队长不存在的项
2019-07-21 21:14:23 GS-1    [删除错误数据] 不存在战队的成员
2019-07-21 21:14:23 GS-1    正在加载战队...
2019-07-21 21:14:23 GS-1    战队表数量 : 2
2019-07-21 21:14:23 GS-1    战队表数量 : 0
2019-07-21 21:14:23 GS-1    加载战队数量:2
2019-07-21 21:14:23 GS-1    正在加载战队成员...
2019-07-21 21:14:23 GS-1    战队成员总数:3 加载成员数:3
2019-07-21 21:14:23 GS-1    正在检测战队数据有效性...
2019-07-21 21:14:23 GS-1    战队数据有效性检测完毕
2019-07-21 21:14:23 GS-1    [删除错误数据] 清除会长战队不存在行会
2019-07-21 21:14:23 GS-1    [删除错误数据] 清除行会不存在的行会成员
2019-07-21 21:14:23 GS-1    [删除错误数据] 清除行会不存在的行会关系ID排列错误的项
2019-07-21 21:14:23 GS-1    [删除错误数据] 清除行会不存在行会关系
2019-07-21 21:14:23 GS-1    [删除错误数据] 清除行会不存在关注行会
2019-07-21 21:14:23 GS-1    加载行会数量 : 2
2019-07-21 21:14:23 GS-1    加载行会成员(战队)数量 : 2
2019-07-21 21:14:23 GS-1    加载行会关系数量 : 0
2019-07-21 21:14:23 GS-1    加载关注行会数量 : 0
2019-07-21 21:14:23 GS-1    加载请求数量:3
2019-07-21 21:14:23 GS-1 [Error]: 小助手 不存在！
2019-07-21 21:14:23 GS-1 D411地图配置在MapInfo.txt 中不是LIMITBAGITEMDROP属性
2019-07-21 21:14:23 GS-1 D415地图配置在MapInfo.txt 中不是LIMITBAGITEMDROP属性
2019-07-21 21:14:23 GS-1 D416地图配置在MapInfo.txt 中不是LIMITBAGITEMDROP属性
2019-07-21 21:14:23 GS-1 信用分验证功能：开
2019-07-21 21:14:23 GS-1 GS脚本版本号：10001
2019-07-21 21:14:23 GS-1 更新排行榜，共计：32 页
2019-07-21 21:14:57 GS-1 载入商城热销商品列表，共27个。
2019-07-21 21:14:57 GS-1 ==> 加载商城热销榜:5
2019-07-21 21:14:57 GS-1 [Error]: TFieldHero.FillDBData: 龙纹不存在！
2019-07-21 21:15:00 GS-1 Gate 1 开启
2019-07-21 21:19:23 GS-1 -----------------------------------------------------
---[Monster]: Max RunDelay: 1219; Max RunCount 3240
---[Human]: Max RunDelay: 1094; [Socket]: Max RunDelay: 93
---[App]: Min PerSecRun: 25; Max RunDelay 47
-----------------------------------------------------
2019-07-21 21:24:25 GS-1 -----------------------------------------------------
---[Monster]: Max RunDelay: 516; Max RunCount 3258
---[Human]: Max RunDelay: 125; [Socket]: Max RunDelay: 63
---[App]: Min PerSecRun: 52; Max RunDelay 47
-----------------------------------------------------
2019-07-21 21:24:56 GS-1 07-21 21:24:56 User = 5 / 5
2019-07-21 21:29:25 GS-1 -----------------------------------------------------
---[Monster]: Max RunDelay: 406; Max RunCount 3262
---[Human]: Max RunDelay: 94; [Socket]: Max RunDelay: 63
---[App]: Min PerSecRun: 54; Max RunDelay 0
-----------------------------------------------------
2019-07-21 21:34:27 GS-1 -----------------------------------------------------
---[Monster]: Max RunDelay: 390; Max RunCount 3199
---[Human]: Max RunDelay: 79; [Socket]: Max RunDelay: 78
---[App]: Min PerSecRun: 50; Max RunDelay 0
-----------------------------------------------------
2019-07-21 21:34:56 GS-1 07-21 21:34:56 User = 6 / 6
2019-07-21 21:39:28 GS-1 -----------------------------------------------------
---[Monster]: Max RunDelay: 422; Max RunCount 3209
---[Human]: Max RunDelay: 110; [Socket]: Max RunDelay: 63
---[App]: Min PerSecRun: 63; Max RunDelay 16
-----------------------------------------------------
2019-07-21 21:44:28 GS-1 -----------------------------------------------------
---[Monster]: Max RunDelay: 453; Max RunCount 3211
---[Human]: Max RunDelay: 187; [Socket]: Max RunDelay: 78
---[App]: Min PerSecRun: 56; Max RunDelay 15
-----------------------------------------------------
2019-07-21 21:44:57 GS-1 07-21 21:44:57 User = 7 / 7
2019-07-21 21:49:29 GS-1 -----------------------------------------------------
---[Monster]: Max RunDelay: 2953; Max RunCount 3220
---[Human]: Max RunDelay: 1282; [Socket]: Max RunDelay: 109
---[App]: Min PerSecRun: 15; Max RunDelay 47
-----------------------------------------------------
2019-07-21 21:54:29 GS-1 -----------------------------------------------------
---[Monster]: Max RunDelay: 407; Max RunCount 3188
---[Human]: Max RunDelay: 125; [Socket]: Max RunDelay: 63
---[App]: Min PerSecRun: 60; Max RunDelay 32
-----------------------------------------------------
2019-07-21 21:54:58 GS-1 07-21 21:54:58 User = 9 / 9
2019-07-21 21:58:48 GS-1 [ChgLv] 豹子头零充 : 47->60 by 孩子气
2019-07-21 21:59:26 GS-1 [ChgLv] 二蛋 : 44->60 by 孩子气
2019-07-21 21:59:30 GS-1 -----------------------------------------------------
---[Monster]: Max RunDelay: 2578; Max RunCount 3221
---[Human]: Max RunDelay: 125; [Socket]: Max RunDelay: 141
---[App]: Min PerSecRun: 11; Max RunDelay 63
-----------------------------------------------------
2019-07-21 22:04:31 GS-1 -----------------------------------------------------
---[Monster]: Max RunDelay: 391; Max RunCount 3261
---[Human]: Max RunDelay: 110; [Socket]: Max RunDelay: 47
---[App]: Min PerSecRun: 57; Max RunDelay 31
-----------------------------------------------------
2019-07-21 22:04:59 GS-1 07-21 22:04:59 User = 9 / 9
2019-07-21 22:09:32 GS-1 -----------------------------------------------------
---[Monster]: Max RunDelay: 407; Max RunCount 3242
---[Human]: Max RunDelay: 109; [Socket]: Max RunDelay: 47
---[App]: Min PerSecRun: 54; Max RunDelay 47
-----------------------------------------------------
2019-07-21 22:14:33 GS-1 -----------------------------------------------------
---[Monster]: Max RunDelay: 453; Max RunCount 3249
---[Human]: Max RunDelay: 110; [Socket]: Max RunDelay: 46
---[App]: Min PerSecRun: 56; Max RunDelay 32
-----------------------------------------------------
2019-07-21 22:14:57 GS-1 载入商城热销商品列表，共27个。
2019-07-21 22:14:57 GS-1 ==> 加载商城热销榜:5
2019-07-21 22:14:58 GS-1 07-21 22:14:58 User = 9 / 9
2019-07-21 22:19:34 GS-1 -----------------------------------------------------
---[Monster]: Max RunDelay: 390; Max RunCount 3238
---[Human]: Max RunDelay: 141; [Socket]: Max RunDelay: 63
---[App]: Min PerSecRun: 61; Max RunDelay 47
-----------------------------------------------------
2019-07-21 22:24:35 GS-1 -----------------------------------------------------
---[Monster]: Max RunDelay: 344; Max RunCount 3287
---[Human]: Max RunDelay: 94; [Socket]: Max RunDelay: 63
---[App]: Min PerSecRun: 64; Max RunDelay 31
-----------------------------------------------------
2019-07-21 22:24:59 GS-1 07-21 22:24:59 User = 8 / 8
2019-07-21 22:27:08 GS-1 [ChgLv] 老糊涂 : 49->50 by 孩子气
2019-07-21 22:29:36 GS-1 -----------------------------------------------------
---[Monster]: Max RunDelay: 406; Max RunCount 3286
---[Human]: Max RunDelay: 110; [Socket]: Max RunDelay: 47
---[App]: Min PerSecRun: 60; Max RunDelay 32
-----------------------------------------------------
2019-07-21 22:34:36 GS-1 -----------------------------------------------------
---[Monster]: Max RunDelay: 547; Max RunCount 3303
---[Human]: Max RunDelay: 63; [Socket]: Max RunDelay: 62
---[App]: Min PerSecRun: 68; Max RunDelay 0
-----------------------------------------------------
2019-07-21 22:34:59 GS-1 07-21 22:34:59 User = 9 / 9
2019-07-21 22:36:47 GS-1 [ChgLv] 胡力 : 46->55 by 孩子气
2019-07-21 22:39:37 GS-1 -----------------------------------------------------
---[Monster]: Max RunDelay: 359; Max RunCount 3299
---[Human]: Max RunDelay: 79; [Socket]: Max RunDelay: 47
---[App]: Min PerSecRun: 62; Max RunDelay 15
-----------------------------------------------------
2019-07-21 22:44:38 GS-1 -----------------------------------------------------
---[Monster]: Max RunDelay: 313; Max RunCount 3312
---[Human]: Max RunDelay: 63; [Socket]: Max RunDelay: 47
---[App]: Min PerSecRun: 68; Max RunDelay 0
-----------------------------------------------------
2019-07-21 22:44:59 GS-1 07-21 22:44:59 User = 9 / 9
2019-07-21 22:49:39 GS-1 -----------------------------------------------------
---[Monster]: Max RunDelay: 313; Max RunCount 3350
---[Human]: Max RunDelay: 47; [Socket]: Max RunDelay: 47
---[App]: Min PerSecRun: 71; Max RunDelay 0
-----------------------------------------------------
2019-07-21 22:54:40 GS-1 -----------------------------------------------------
---[Monster]: Max RunDelay: 344; Max RunCount 3384
---[Human]: Max RunDelay: 62; [Socket]: Max RunDelay: 47
---[App]: Min PerSecRun: 68; Max RunDelay 0
-----------------------------------------------------
2019-07-21 22:55:00 GS-1 07-21 22:55:00 User = 9 / 9
2019-07-21 22:59:41 GS-1 -----------------------------------------------------
---[Monster]: Max RunDelay: 360; Max RunCount 3410
---[Human]: Max RunDelay: 78; [Socket]: Max RunDelay: 47
---[App]: Min PerSecRun: 66; Max RunDelay 0
-----------------------------------------------------
2019-07-21 23:04:42 GS-1 -----------------------------------------------------
---[Monster]: Max RunDelay: 375; Max RunCount 3393
---[Human]: Max RunDelay: 79; [Socket]: Max RunDelay: 47
---[App]: Min PerSecRun: 64; Max RunDelay 0
-----------------------------------------------------
2019-07-21 23:05:00 GS-1 07-21 23:05:00 User = 9 / 9
2019-07-21 23:09:43 GS-1 -----------------------------------------------------
---[Monster]: Max RunDelay: 313; Max RunCount 3409
---[Human]: Max RunDelay: 94; [Socket]: Max RunDelay: 47
---[App]: Min PerSecRun: 69; Max RunDelay 0
-----------------------------------------------------
2019-07-21 23:14:44 GS-1 -----------------------------------------------------
---[Monster]: Max RunDelay: 360; Max RunCount 3404
---[Human]: Max RunDelay: 110; [Socket]: Max RunDelay: 47
---[App]: Min PerSecRun: 63; Max RunDelay 31
-----------------------------------------------------
2019-07-21 23:14:58 GS-1 载入商城热销商品列表，共27个。
2019-07-21 23:14:58 GS-1 ==> 加载商城热销榜:5
2019-07-21 23:15:01 GS-1 07-21 23:15:01 User = 9 / 9
2019-07-21 23:19:45 GS-1 -----------------------------------------------------
---[Monster]: Max RunDelay: 453; Max RunCount 3419
---[Human]: Max RunDelay: 141; [Socket]: Max RunDelay: 63
---[App]: Min PerSecRun: 51; Max RunDelay 47
-----------------------------------------------------
2019-07-21 23:24:46 GS-1 -----------------------------------------------------
---[Monster]: Max RunDelay: 390; Max RunCount 3425
---[Human]: Max RunDelay: 109; [Socket]: Max RunDelay: 63
---[App]: Min PerSecRun: 67; Max RunDelay 16
-----------------------------------------------------
2019-07-21 23:25:01 GS-1 07-21 23:25:01 User = 8 / 8
2019-07-21 23:29:47 GS-1 -----------------------------------------------------
---[Monster]: Max RunDelay: 344; Max RunCount 3381
---[Human]: Max RunDelay: 109; [Socket]: Max RunDelay: 47
---[App]: Min PerSecRun: 70; Max RunDelay 16
-----------------------------------------------------
2019-07-21 23:34:48 GS-1 -----------------------------------------------------
---[Monster]: Max RunDelay: 391; Max RunCount 3409
---[Human]: Max RunDelay: 157; [Socket]: Max RunDelay: 78
---[App]: Min PerSecRun: 66; Max RunDelay 47
-----------------------------------------------------
2019-07-21 23:35:01 GS-1 07-21 23:35:01 User = 9 / 9
2019-07-21 23:39:49 GS-1 -----------------------------------------------------
---[Monster]: Max RunDelay: 406; Max RunCount 3399
---[Human]: Max RunDelay: 109; [Socket]: Max RunDelay: 63
---[App]: Min PerSecRun: 64; Max RunDelay 32
-----------------------------------------------------
2019-07-21 23:44:51 GS-1 -----------------------------------------------------
---[Monster]: Max RunDelay: 469; Max RunCount 3362
---[Human]: Max RunDelay: 79; [Socket]: Max RunDelay: 63
---[App]: Min PerSecRun: 54; Max RunDelay 31
-----------------------------------------------------
2019-07-21 23:45:03 GS-1 07-21 23:45:03 User = 9 / 9
2019-07-21 23:49:51 GS-1 -----------------------------------------------------
---[Monster]: Max RunDelay: 375; Max RunCount 3449
---[Human]: Max RunDelay: 109; [Socket]: Max RunDelay: 94
---[App]: Min PerSecRun: 65; Max RunDelay 31
-----------------------------------------------------
2019-07-21 23:54:52 GS-1 -----------------------------------------------------
---[Monster]: Max RunDelay: 344; Max RunCount 3469
---[Human]: Max RunDelay: 94; [Socket]: Max RunDelay: 47
---[App]: Min PerSecRun: 69; Max RunDelay 15
-----------------------------------------------------
2019-07-21 23:55:03 GS-1 07-21 23:55:03 User = 8 / 8
2019-07-21 23:59:53 GS-1 -----------------------------------------------------
---[Monster]: Max RunDelay: 343; Max RunCount 3496
---[Human]: Max RunDelay: 79; [Socket]: Max RunDelay: 47
---[App]: Min PerSecRun: 70; Max RunDelay 16
-----------------------------------------------------
2019-07-22 00:00:00 GS-1 载入商城物品列表，共5个类别，36种商品
2019-07-22 00:00:00 GS-1 ==> 加载商城物品 装饰类：11/11
2019-07-22 00:00:00 GS-1 ==> 加载商城物品 补给类：3/3
2019-07-22 00:00:00 GS-1 ==> 加载商城物品 强化类：15/15
2019-07-22 00:00:00 GS-1 ==> 加载商城物品 限量类：5/5
2019-07-22 00:00:00 GS-1 ==> 加载商城物品 好友类：2/2
2019-07-22 00:00:00 GS-1 ==> 加载商城物品 类：0/0
2019-07-22 00:00:00 GS-1 ==> 加载商城物品 类：0/0
2019-07-22 00:00:00 GS-1 ==> 加载商城物品 类：0/0
2019-07-22 00:04:54 GS-1 -----------------------------------------------------
---[Monster]: Max RunDelay: 937; Max RunCount 3494
---[Human]: Max RunDelay: 640; [Socket]: Max RunDelay: 47
---[App]: Min PerSecRun: 20; Max RunDelay 31
-----------------------------------------------------
2019-07-22 00:05:03 GS-1 07-22 00:05:03 User = 8 / 8
2019-07-22 00:09:55 GS-1 -----------------------------------------------------
---[Monster]: Max RunDelay: 391; Max RunCount 3516
---[Human]: Max RunDelay: 140; [Socket]: Max RunDelay: 47
---[App]: Min PerSecRun: 54; Max RunDelay 46
-----------------------------------------------------
2019-07-22 00:14:56 GS-1 -----------------------------------------------------
---[Monster]: Max RunDelay: 312; Max RunCount 3505
---[Human]: Max RunDelay: 78; [Socket]: Max RunDelay: 47
---[App]: Min PerSecRun: 70; Max RunDelay 16
-----------------------------------------------------
2019-07-22 00:14:59 GS-1 载入商城热销商品列表，共27个。
2019-07-22 00:14:59 GS-1 ==> 加载商城热销榜:5
2019-07-22 00:15:04 GS-1 07-22 00:15:04 User = 8 / 8
2019-07-22 00:19:57 GS-1 -----------------------------------------------------
---[Monster]: Max RunDelay: 328; Max RunCount 3460
---[Human]: Max RunDelay: 78; [Socket]: Max RunDelay: 47
---[App]: Min PerSecRun: 70; Max RunDelay 0
-----------------------------------------------------
2019-07-22 00:24:58 GS-1 -----------------------------------------------------
---[Monster]: Max RunDelay: 391; Max RunCount 3513
---[Human]: Max RunDelay: 93; [Socket]: Max RunDelay: 47
---[App]: Min PerSecRun: 68; Max RunDelay 15
-----------------------------------------------------
2019-07-22 00:25:04 GS-1 07-22 00:25:04 User = 6 / 6
2019-07-22 00:29:59 GS-1 -----------------------------------------------------
---[Monster]: Max RunDelay: 344; Max RunCount 3503
---[Human]: Max RunDelay: 79; [Socket]: Max RunDelay: 47
---[App]: Min PerSecRun: 71; Max RunDelay 0
-----------------------------------------------------
2019-07-22 00:34:59 GS-1 -----------------------------------------------------
---[Monster]: Max RunDelay: 328; Max RunCount 3502
---[Human]: Max RunDelay: 94; [Socket]: Max RunDelay: 47
---[App]: Min PerSecRun: 71; Max RunDelay 0
-----------------------------------------------------
2019-07-22 00:35:04 GS-1 07-22 00:35:04 User = 6 / 6
2019-07-22 00:40:00 GS-1 -----------------------------------------------------
---[Monster]: Max RunDelay: 313; Max RunCount 3515
---[Human]: Max RunDelay: 94; [Socket]: Max RunDelay: 63
---[App]: Min PerSecRun: 70; Max RunDelay 0
-----------------------------------------------------
2019-07-22 00:45:02 GS-1 -----------------------------------------------------
---[Monster]: Max RunDelay: 343; Max RunCount 3522
---[Human]: Max RunDelay: 79; [Socket]: Max RunDelay: 47
---[App]: Min PerSecRun: 68; Max RunDelay 31
-----------------------------------------------------
2019-07-22 00:45:05 GS-1 07-22 00:45:05 User = 7 / 7
2019-07-22 00:50:02 GS-1 -----------------------------------------------------
---[Monster]: Max RunDelay: 313; Max RunCount 3521
---[Human]: Max RunDelay: 79; [Socket]: Max RunDelay: 47
---[App]: Min PerSecRun: 71; Max RunDelay 0
-----------------------------------------------------
2019-07-22 00:55:03 GS-1 -----------------------------------------------------
---[Monster]: Max RunDelay: 313; Max RunCount 3497
---[Human]: Max RunDelay: 78; [Socket]: Max RunDelay: 47
---[App]: Min PerSecRun: 70; Max RunDelay 0
-----------------------------------------------------
2019-07-22 00:55:05 GS-1 07-22 00:55:05 User = 4 / 4
2019-07-22 01:00:04 GS-1 -----------------------------------------------------
---[Monster]: Max RunDelay: 328; Max RunCount 3531
---[Human]: Max RunDelay: 78; [Socket]: Max RunDelay: 47
---[App]: Min PerSecRun: 69; Max RunDelay 0
-----------------------------------------------------
2019-07-22 01:05:05 GS-1 -----------------------------------------------------
---[Monster]: Max RunDelay: 391; Max RunCount 3542
---[Human]: Max RunDelay: 94; [Socket]: Max RunDelay: 63
---[App]: Min PerSecRun: 67; Max RunDelay 31
-----------------------------------------------------
2019-07-22 01:05:06 GS-1 07-22 01:05:06 User = 4 / 4
2019-07-22 01:10:06 GS-1 -----------------------------------------------------
---[Monster]: Max RunDelay: 328; Max RunCount 3542
---[Human]: Max RunDelay: 94; [Socket]: Max RunDelay: 47
---[App]: Min PerSecRun: 70; Max RunDelay 0
-----------------------------------------------------
2019-07-22 01:14:59 GS-1 载入商城热销商品列表，共27个。
2019-07-22 01:14:59 GS-1 ==> 加载商城热销榜:5
2019-07-22 01:15:05 GS-1 07-22 01:15:05 User = 2 / 2
2019-07-22 01:15:07 GS-1 -----------------------------------------------------
---[Monster]: Max RunDelay: 297; Max RunCount 3542
---[Human]: Max RunDelay: 79; [Socket]: Max RunDelay: 47
---[App]: Min PerSecRun: 71; Max RunDelay 0
-----------------------------------------------------
2019-07-22 01:20:08 GS-1 -----------------------------------------------------
---[Monster]: Max RunDelay: 391; Max RunCount 3508
---[Human]: Max RunDelay: 94; [Socket]: Max RunDelay: 63
---[App]: Min PerSecRun: 63; Max RunDelay 32
-----------------------------------------------------
2019-07-22 01:25:06 GS-1 07-22 01:25:06 User = 2 / 2
2019-07-22 01:25:09 GS-1 -----------------------------------------------------
---[Monster]: Max RunDelay: 296; Max RunCount 3543
---[Human]: Max RunDelay: 79; [Socket]: Max RunDelay: 46
---[App]: Min PerSecRun: 72; Max RunDelay 0
-----------------------------------------------------
2019-07-22 01:30:10 GS-1 -----------------------------------------------------
---[Monster]: Max RunDelay: 282; Max RunCount 3473
---[Human]: Max RunDelay: 79; [Socket]: Max RunDelay: 32
---[App]: Min PerSecRun: 74; Max RunDelay 0
-----------------------------------------------------
2019-07-22 01:34:20 GS-1 [脚本(散财猪.pas)缺函数]: AfterScatterItems
2019-07-22 01:35:07 GS-1 07-22 01:35:07 User = 2 / 2
2019-07-22 01:35:11 GS-1 -----------------------------------------------------
---[Monster]: Max RunDelay: 281; Max RunCount 3473
---[Human]: Max RunDelay: 31; [Socket]: Max RunDelay: 16
---[App]: Min PerSecRun: 71; Max RunDelay 0
-----------------------------------------------------
2019-07-22 01:40:12 GS-1 -----------------------------------------------------
---[Monster]: Max RunDelay: 313; Max RunCount 3476
---[Human]: Max RunDelay: 31; [Socket]: Max RunDelay: 15
---[App]: Min PerSecRun: 73; Max RunDelay 0
-----------------------------------------------------
2019-07-22 01:45:07 GS-1 07-22 01:45:07 User = 2 / 2
2019-07-22 01:45:13 GS-1 -----------------------------------------------------
---[Monster]: Max RunDelay: 282; Max RunCount 3477
---[Human]: Max RunDelay: 62; [Socket]: Max RunDelay: 15
---[App]: Min PerSecRun: 72; Max RunDelay 0
-----------------------------------------------------
2019-07-22 01:45:41 GS-1 [Error]: GameGate ServerSocketError, ErrorCode=10061
2019-07-22 01:50:14 GS-1 -----------------------------------------------------
---[Monster]: Max RunDelay: 266; Max RunCount 3477
---[Human]: Max RunDelay: 31; [Socket]: Max RunDelay: 15
---[App]: Min PerSecRun: 75; Max RunDelay 0
-----------------------------------------------------
2019-07-22 01:55:07 GS-1 07-22 01:55:07 User = 1 / 1
2019-07-22 01:55:15 GS-1 -----------------------------------------------------
---[Monster]: Max RunDelay: 266; Max RunCount 3471
---[Human]: Max RunDelay: 32; [Socket]: Max RunDelay: 15
---[App]: Min PerSecRun: 74; Max RunDelay 0
-----------------------------------------------------
2019-07-22 02:00:16 GS-1 -----------------------------------------------------
---[Monster]: Max RunDelay: 281; Max RunCount 3471
---[Human]: Max RunDelay: 16; [Socket]: Max RunDelay: 15
---[App]: Min PerSecRun: 73; Max RunDelay 0
-----------------------------------------------------
2019-07-22 02:05:07 GS-1 07-22 02:05:07 User = 1 / 1
2019-07-22 02:05:17 GS-1 -----------------------------------------------------
---[Monster]: Max RunDelay: 282; Max RunCount 3384
---[Human]: Max RunDelay: 16; [Socket]: Max RunDelay: 15
---[App]: Min PerSecRun: 73; Max RunDelay 0
-----------------------------------------------------
2019-07-22 02:10:18 GS-1 -----------------------------------------------------
---[Monster]: Max RunDelay: 281; Max RunCount 3417
---[Human]: Max RunDelay: 16; [Socket]: Max RunDelay: 15
---[App]: Min PerSecRun: 73; Max RunDelay 0
-----------------------------------------------------
2019-07-22 02:14:59 GS-1 载入商城热销商品列表，共27个。
2019-07-22 02:14:59 GS-1 ==> 加载商城热销榜:5
2019-07-22 02:15:07 GS-1 07-22 02:15:07 User = 1 / 1
2019-07-22 02:15:19 GS-1 -----------------------------------------------------
---[Monster]: Max RunDelay: 266; Max RunCount 3411
---[Human]: Max RunDelay: 16; [Socket]: Max RunDelay: 15
---[App]: Min PerSecRun: 74; Max RunDelay 0
-----------------------------------------------------
2019-07-22 02:20:20 GS-1 -----------------------------------------------------
---[Monster]: Max RunDelay: 281; Max RunCount 3383
---[Human]: Max RunDelay: 16; [Socket]: Max RunDelay: 15
---[App]: Min PerSecRun: 73; Max RunDelay 0
-----------------------------------------------------
2019-07-22 02:25:07 GS-1 07-22 02:25:07 User = 1 / 1
2019-07-22 02:25:20 GS-1 -----------------------------------------------------
---[Monster]: Max RunDelay: 297; Max RunCount 3377
---[Human]: Max RunDelay: 32; [Socket]: Max RunDelay: 15
---[App]: Min PerSecRun: 73; Max RunDelay 0
-----------------------------------------------------
2019-07-22 02:30:21 GS-1 -----------------------------------------------------
---[Monster]: Max RunDelay: 282; Max RunCount 3331
---[Human]: Max RunDelay: 16; [Socket]: Max RunDelay: 15
---[App]: Min PerSecRun: 75; Max RunDelay 0
-----------------------------------------------------
2019-07-22 02:35:07 GS-1 07-22 02:35:07 User = 1 / 1
2019-07-22 02:35:22 GS-1 -----------------------------------------------------
---[Monster]: Max RunDelay: 282; Max RunCount 3293
---[Human]: Max RunDelay: 31; [Socket]: Max RunDelay: 15
---[App]: Min PerSecRun: 74; Max RunDelay 0
-----------------------------------------------------
2019-07-22 02:40:23 GS-1 -----------------------------------------------------
---[Monster]: Max RunDelay: 281; Max RunCount 3452
---[Human]: Max RunDelay: 16; [Socket]: Max RunDelay: 15
---[App]: Min PerSecRun: 73; Max RunDelay 0
-----------------------------------------------------
2019-07-22 02:45:07 GS-1 07-22 02:45:07 User = 1 / 1
2019-07-22 02:45:24 GS-1 -----------------------------------------------------
---[Monster]: Max RunDelay: 266; Max RunCount 3428
---[Human]: Max RunDelay: 16; [Socket]: Max RunDelay: 16
---[App]: Min PerSecRun: 75; Max RunDelay 0
-----------------------------------------------------
2019-07-22 02:50:25 GS-1 -----------------------------------------------------
---[Monster]: Max RunDelay: 282; Max RunCount 3428
---[Human]: Max RunDelay: 16; [Socket]: Max RunDelay: 16
---[App]: Min PerSecRun: 74; Max RunDelay 0
-----------------------------------------------------
2019-07-22 02:55:07 GS-1 07-22 02:55:07 User = 1 / 1
2019-07-22 02:55:26 GS-1 -----------------------------------------------------
---[Monster]: Max RunDelay: 282; Max RunCount 3428
---[Human]: Max RunDelay: 16; [Socket]: Max RunDelay: 0
---[App]: Min PerSecRun: 73; Max RunDelay 0
-----------------------------------------------------
2019-07-22 03:00:27 GS-1 -----------------------------------------------------
---[Monster]: Max RunDelay: 281; Max RunCount 3428
---[Human]: Max RunDelay: 16; [Socket]: Max RunDelay: 0
---[App]: Min PerSecRun: 74; Max RunDelay 0
-----------------------------------------------------
2019-07-22 03:01:23 GS-1 [Error]: GameGate ServerSocketError, ErrorCode=10061
2019-07-22 03:05:07 GS-1 07-22 03:05:07 User = 1 / 1
2019-07-22 03:05:28 GS-1 -----------------------------------------------------
---[Monster]: Max RunDelay: 281; Max RunCount 3413
---[Human]: Max RunDelay: 31; [Socket]: Max RunDelay: 16
---[App]: Min PerSecRun: 74; Max RunDelay 0
-----------------------------------------------------
2019-07-22 03:10:29 GS-1 -----------------------------------------------------
---[Monster]: Max RunDelay: 282; Max RunCount 3412
---[Human]: Max RunDelay: 16; [Socket]: Max RunDelay: 16
---[App]: Min PerSecRun: 76; Max RunDelay 0
-----------------------------------------------------
2019-07-22 03:14:59 GS-1 载入商城热销商品列表，共27个。
2019-07-22 03:14:59 GS-1 ==> 加载商城热销榜:5
2019-07-22 03:15:07 GS-1 07-22 03:15:07 User = 1 / 1
2019-07-22 03:15:30 GS-1 -----------------------------------------------------
---[Monster]: Max RunDelay: 282; Max RunCount 3412
---[Human]: Max RunDelay: 47; [Socket]: Max RunDelay: 16
---[App]: Min PerSecRun: 75; Max RunDelay 0
-----------------------------------------------------
2019-07-22 03:20:31 GS-1 -----------------------------------------------------
---[Monster]: Max RunDelay: 281; Max RunCount 3412
---[Human]: Max RunDelay: 16; [Socket]: Max RunDelay: 16
---[App]: Min PerSecRun: 75; Max RunDelay 0
-----------------------------------------------------
2019-07-22 03:25:07 GS-1 07-22 03:25:07 User = 0 / 0
2019-07-22 03:25:32 GS-1 -----------------------------------------------------
---[Monster]: Max RunDelay: 281; Max RunCount 3546
---[Human]: Max RunDelay: 32; [Socket]: Max RunDelay: 0
---[App]: Min PerSecRun: 75; Max RunDelay 0
-----------------------------------------------------
2019-07-22 03:30:33 GS-1 -----------------------------------------------------
---[Monster]: Max RunDelay: 266; Max RunCount 3546
---[Human]: Max RunDelay: 15; [Socket]: Max RunDelay: 16
---[App]: Min PerSecRun: 72; Max RunDelay 0
-----------------------------------------------------
2019-07-22 03:35:07 GS-1 07-22 03:35:07 User = 0 / 0
2019-07-22 03:35:34 GS-1 -----------------------------------------------------
---[Monster]: Max RunDelay: 281; Max RunCount 3528
---[Human]: Max RunDelay: 31; [Socket]: Max RunDelay: 16
---[App]: Min PerSecRun: 70; Max RunDelay 0
-----------------------------------------------------
2019-07-22 03:40:35 GS-1 -----------------------------------------------------
---[Monster]: Max RunDelay: 454; Max RunCount 3452
---[Human]: Max RunDelay: 16; [Socket]: Max RunDelay: 16
---[App]: Min PerSecRun: 60; Max RunDelay 0
-----------------------------------------------------
2019-07-22 03:45:07 GS-1 07-22 03:45:07 User = 0 / 0
2019-07-22 03:45:36 GS-1 -----------------------------------------------------
---[Monster]: Max RunDelay: 266; Max RunCount 3452
---[Human]: Max RunDelay: 16; [Socket]: Max RunDelay: 16
---[App]: Min PerSecRun: 73; Max RunDelay 0
-----------------------------------------------------
2019-07-22 03:50:37 GS-1 -----------------------------------------------------
---[Monster]: Max RunDelay: 282; Max RunCount 3452
---[Human]: Max RunDelay: 31; [Socket]: Max RunDelay: 15
---[App]: Min PerSecRun: 72; Max RunDelay 0
-----------------------------------------------------
2019-07-22 03:55:07 GS-1 07-22 03:55:07 User = 1 / 1
2019-07-22 03:55:38 GS-1 -----------------------------------------------------
---[Monster]: Max RunDelay: 281; Max RunCount 3452
---[Human]: Max RunDelay: 31; [Socket]: Max RunDelay: 15
---[App]: Min PerSecRun: 71; Max RunDelay 0
-----------------------------------------------------
2019-07-22 04:00:39 GS-1 -----------------------------------------------------
---[Monster]: Max RunDelay: 266; Max RunCount 3452
---[Human]: Max RunDelay: 15; [Socket]: Max RunDelay: 15
---[App]: Min PerSecRun: 76; Max RunDelay 0
-----------------------------------------------------
2019-07-22 04:05:07 GS-1 07-22 04:05:07 User = 1 / 1
2019-07-22 04:05:40 GS-1 -----------------------------------------------------
---[Monster]: Max RunDelay: 281; Max RunCount 3419
---[Human]: Max RunDelay: 47; [Socket]: Max RunDelay: 16
---[App]: Min PerSecRun: 74; Max RunDelay 0
-----------------------------------------------------
2019-07-22 04:10:41 GS-1 -----------------------------------------------------
---[Monster]: Max RunDelay: 282; Max RunCount 3470
---[Human]: Max RunDelay: 31; [Socket]: Max RunDelay: 16
---[App]: Min PerSecRun: 75; Max RunDelay 0
-----------------------------------------------------
2019-07-22 04:15:00 GS-1 载入商城热销商品列表，共27个。
2019-07-22 04:15:00 GS-1 ==> 加载商城热销榜:5
2019-07-22 04:15:08 GS-1 07-22 04:15:08 User = 1 / 1
2019-07-22 04:15:43 GS-1 -----------------------------------------------------
---[Monster]: Max RunDelay: 281; Max RunCount 3490
---[Human]: Max RunDelay: 47; [Socket]: Max RunDelay: 16
---[App]: Min PerSecRun: 75; Max RunDelay 0
-----------------------------------------------------
2019-07-22 04:20:44 GS-1 -----------------------------------------------------
---[Monster]: Max RunDelay: 296; Max RunCount 3490
---[Human]: Max RunDelay: 47; [Socket]: Max RunDelay: 16
---[App]: Min PerSecRun: 73; Max RunDelay 47
-----------------------------------------------------
2019-07-22 04:25:08 GS-1 07-22 04:25:08 User = 1 / 1
2019-07-22 04:25:45 GS-1 -----------------------------------------------------
---[Monster]: Max RunDelay: 281; Max RunCount 3473
---[Human]: Max RunDelay: 15; [Socket]: Max RunDelay: 16
---[App]: Min PerSecRun: 73; Max RunDelay 0
-----------------------------------------------------
2019-07-22 04:30:46 GS-1 -----------------------------------------------------
---[Monster]: Max RunDelay: 281; Max RunCount 3537
---[Human]: Max RunDelay: 15; [Socket]: Max RunDelay: 0
---[App]: Min PerSecRun: 73; Max RunDelay 0
-----------------------------------------------------
2019-07-22 04:35:08 GS-1 07-22 04:35:08 User = 0 / 0
2019-07-22 04:35:47 GS-1 -----------------------------------------------------
---[Monster]: Max RunDelay: 281; Max RunCount 3495
---[Human]: Max RunDelay: 31; [Socket]: Max RunDelay: 16
---[App]: Min PerSecRun: 73; Max RunDelay 0
-----------------------------------------------------
2019-07-22 04:40:48 GS-1 -----------------------------------------------------
---[Monster]: Max RunDelay: 282; Max RunCount 3377
---[Human]: Max RunDelay: 31; [Socket]: Max RunDelay: 16
---[App]: Min PerSecRun: 73; Max RunDelay 0
-----------------------------------------------------
2019-07-22 04:45:08 GS-1 07-22 04:45:08 User = 0 / 0
2019-07-22 04:45:49 GS-1 -----------------------------------------------------
---[Monster]: Max RunDelay: 281; Max RunCount 3377
---[Human]: Max RunDelay: 31; [Socket]: Max RunDelay: 16
---[App]: Min PerSecRun: 72; Max RunDelay 0
-----------------------------------------------------
2019-07-22 04:50:50 GS-1 -----------------------------------------------------
---[Monster]: Max RunDelay: 266; Max RunCount 3357
---[Human]: Max RunDelay: 31; [Socket]: Max RunDelay: 16
---[App]: Min PerSecRun: 71; Max RunDelay 0
-----------------------------------------------------
2019-07-22 04:55:08 GS-1 07-22 04:55:08 User = 0 / 0
2019-07-22 04:55:51 GS-1 -----------------------------------------------------
---[Monster]: Max RunDelay: 219; Max RunCount 3359
---[Human]: Max RunDelay: 15; [Socket]: Max RunDelay: 16
---[App]: Min PerSecRun: 71; Max RunDelay 0
-----------------------------------------------------
2019-07-22 05:00:52 GS-1 -----------------------------------------------------
---[Monster]: Max RunDelay: 219; Max RunCount 3359
---[Human]: Max RunDelay: 15; [Socket]: Max RunDelay: 16
---[App]: Min PerSecRun: 75; Max RunDelay 0
-----------------------------------------------------
2019-07-22 05:05:08 GS-1 07-22 05:05:08 User = 0 / 0
2019-07-22 05:05:53 GS-1 -----------------------------------------------------
---[Monster]: Max RunDelay: 266; Max RunCount 3539
---[Human]: Max RunDelay: 15; [Socket]: Max RunDelay: 16
---[App]: Min PerSecRun: 72; Max RunDelay 0
-----------------------------------------------------
2019-07-22 05:10:54 GS-1 -----------------------------------------------------
---[Monster]: Max RunDelay: 281; Max RunCount 3353
---[Human]: Max RunDelay: 15; [Socket]: Max RunDelay: 15
---[App]: Min PerSecRun: 74; Max RunDelay 0
-----------------------------------------------------
2019-07-22 05:15:00 GS-1 载入商城热销商品列表，共27个。
2019-07-22 05:15:00 GS-1 ==> 加载商城热销榜:5
2019-07-22 05:15:08 GS-1 07-22 05:15:08 User = 0 / 0
2019-07-22 05:15:55 GS-1 -----------------------------------------------------
---[Monster]: Max RunDelay: 281; Max RunCount 3353
---[Human]: Max RunDelay: 15; [Socket]: Max RunDelay: 15
---[App]: Min PerSecRun: 74; Max RunDelay 0
-----------------------------------------------------
2019-07-22 05:20:56 GS-1 -----------------------------------------------------
---[Monster]: Max RunDelay: 266; Max RunCount 3320
---[Human]: Max RunDelay: 47; [Socket]: Max RunDelay: 15
---[App]: Min PerSecRun: 73; Max RunDelay 0
-----------------------------------------------------
2019-07-22 05:25:08 GS-1 07-22 05:25:08 User = 1 / 1
2019-07-22 05:25:57 GS-1 -----------------------------------------------------
---[Monster]: Max RunDelay: 282; Max RunCount 3353
---[Human]: Max RunDelay: 32; [Socket]: Max RunDelay: 15
---[App]: Min PerSecRun: 73; Max RunDelay 0
-----------------------------------------------------
2019-07-22 05:30:58 GS-1 -----------------------------------------------------
---[Monster]: Max RunDelay: 360; Max RunCount 3320
---[Human]: Max RunDelay: 15; [Socket]: Max RunDelay: 16
---[App]: Min PerSecRun: 68; Max RunDelay 0
-----------------------------------------------------
2019-07-22 05:35:08 GS-1 07-22 05:35:08 User = 0 / 0
2019-07-22 05:35:59 GS-1 -----------------------------------------------------
---[Monster]: Max RunDelay: 266; Max RunCount 3320
---[Human]: Max RunDelay: 31; [Socket]: Max RunDelay: 16
---[App]: Min PerSecRun: 75; Max RunDelay 0
-----------------------------------------------------
2019-07-22 05:41:00 GS-1 -----------------------------------------------------
---[Monster]: Max RunDelay: 281; Max RunCount 3353
---[Human]: Max RunDelay: 16; [Socket]: Max RunDelay: 16
---[App]: Min PerSecRun: 73; Max RunDelay 0
-----------------------------------------------------
2019-07-22 05:45:08 GS-1 07-22 05:45:08 User = 1 / 1
2019-07-22 05:46:01 GS-1 -----------------------------------------------------
---[Monster]: Max RunDelay: 266; Max RunCount 3353
---[Human]: Max RunDelay: 47; [Socket]: Max RunDelay: 16
---[App]: Min PerSecRun: 73; Max RunDelay 15
-----------------------------------------------------
2019-07-22 05:51:02 GS-1 -----------------------------------------------------
---[Monster]: Max RunDelay: 282; Max RunCount 3353
---[Human]: Max RunDelay: 16; [Socket]: Max RunDelay: 16
---[App]: Min PerSecRun: 72; Max RunDelay 0
-----------------------------------------------------
2019-07-22 05:55:08 GS-1 07-22 05:55:08 User = 2 / 2
2019-07-22 05:56:03 GS-1 -----------------------------------------------------
---[Monster]: Max RunDelay: 266; Max RunCount 3320
---[Human]: Max RunDelay: 32; [Socket]: Max RunDelay: 16
---[App]: Min PerSecRun: 74; Max RunDelay 0
-----------------------------------------------------
2019-07-22 06:00:00 GS-1 载入商城物品列表，共5个类别，36种商品
2019-07-22 06:00:00 GS-1 ==> 加载商城物品 装饰类：11/11
2019-07-22 06:00:00 GS-1 ==> 加载商城物品 补给类：3/3
2019-07-22 06:00:00 GS-1 ==> 加载商城物品 强化类：15/15
2019-07-22 06:00:00 GS-1 ==> 加载商城物品 限量类：5/5
2019-07-22 06:00:00 GS-1 ==> 加载商城物品 好友类：2/2
2019-07-22 06:00:00 GS-1 ==> 加载商城物品 类：0/0
2019-07-22 06:00:00 GS-1 ==> 加载商城物品 类：0/0
2019-07-22 06:00:00 GS-1 ==> 加载商城物品 类：0/0
2019-07-22 06:01:04 GS-1 -----------------------------------------------------
---[Monster]: Max RunDelay: 344; Max RunCount 3353
---[Human]: Max RunDelay: 32; [Socket]: Max RunDelay: 16
---[App]: Min PerSecRun: 63; Max RunDelay 0
-----------------------------------------------------
2019-07-22 06:05:08 GS-1 07-22 06:05:08 User = 1 / 1
2019-07-22 06:06:05 GS-1 -----------------------------------------------------
---[Monster]: Max RunDelay: 281; Max RunCount 3460
---[Human]: Max RunDelay: 15; [Socket]: Max RunDelay: 16
---[App]: Min PerSecRun: 74; Max RunDelay 0
-----------------------------------------------------
2019-07-22 06:11:05 GS-1 -----------------------------------------------------
---[Monster]: Max RunDelay: 282; Max RunCount 3273
---[Human]: Max RunDelay: 46; [Socket]: Max RunDelay: 16
---[App]: Min PerSecRun: 73; Max RunDelay 0
-----------------------------------------------------
2019-07-22 06:15:00 GS-1 载入商城热销商品列表，共27个。
2019-07-22 06:15:00 GS-1 ==> 加载商城热销榜:5
2019-07-22 06:15:08 GS-1 07-22 06:15:08 User = 1 / 1
2019-07-22 06:16:06 GS-1 -----------------------------------------------------
---[Monster]: Max RunDelay: 313; Max RunCount 3423
---[Human]: Max RunDelay: 47; [Socket]: Max RunDelay: 16
---[App]: Min PerSecRun: 73; Max RunDelay 31
-----------------------------------------------------
2019-07-22 06:21:07 GS-1 -----------------------------------------------------
---[Monster]: Max RunDelay: 282; Max RunCount 3404
---[Human]: Max RunDelay: 63; [Socket]: Max RunDelay: 16
---[App]: Min PerSecRun: 73; Max RunDelay 0
-----------------------------------------------------
2019-07-22 06:25:08 GS-1 07-22 06:25:08 User = 1 / 1
2019-07-22 06:26:08 GS-1 -----------------------------------------------------
---[Monster]: Max RunDelay: 282; Max RunCount 3365
---[Human]: Max RunDelay: 47; [Socket]: Max RunDelay: 16
---[App]: Min PerSecRun: 74; Max RunDelay 0
-----------------------------------------------------
2019-07-22 06:31:09 GS-1 -----------------------------------------------------
---[Monster]: Max RunDelay: 281; Max RunCount 3389
---[Human]: Max RunDelay: 63; [Socket]: Max RunDelay: 16
---[App]: Min PerSecRun: 74; Max RunDelay 0
-----------------------------------------------------
2019-07-22 06:35:08 GS-1 07-22 06:35:08 User = 1 / 1
2019-07-22 06:36:10 GS-1 -----------------------------------------------------
---[Monster]: Max RunDelay: 281; Max RunCount 3289
---[Human]: Max RunDelay: 31; [Socket]: Max RunDelay: 16
---[App]: Min PerSecRun: 74; Max RunDelay 0
-----------------------------------------------------
2019-07-22 06:41:11 GS-1 -----------------------------------------------------
---[Monster]: Max RunDelay: 281; Max RunCount 3356
---[Human]: Max RunDelay: 47; [Socket]: Max RunDelay: 16
---[App]: Min PerSecRun: 72; Max RunDelay 0
-----------------------------------------------------
2019-07-22 06:45:08 GS-1 07-22 06:45:08 User = 2 / 2
2019-07-22 06:46:12 GS-1 -----------------------------------------------------
---[Monster]: Max RunDelay: 282; Max RunCount 3529
---[Human]: Max RunDelay: 47; [Socket]: Max RunDelay: 16
---[App]: Min PerSecRun: 73; Max RunDelay 0
-----------------------------------------------------
2019-07-22 06:51:13 GS-1 -----------------------------------------------------
---[Monster]: Max RunDelay: 282; Max RunCount 3524
---[Human]: Max RunDelay: 31; [Socket]: Max RunDelay: 16
---[App]: Min PerSecRun: 74; Max RunDelay 0
-----------------------------------------------------
2019-07-22 06:55:08 GS-1 07-22 06:55:08 User = 2 / 2
2019-07-22 06:56:14 GS-1 -----------------------------------------------------
---[Monster]: Max RunDelay: 282; Max RunCount 3504
---[Human]: Max RunDelay: 47; [Socket]: Max RunDelay: 16
---[App]: Min PerSecRun: 72; Max RunDelay 0
-----------------------------------------------------
2019-07-22 07:00:03 GS-1 更新排行榜，共计：33 页
2019-07-22 07:01:15 GS-1 -----------------------------------------------------
---[Monster]: Max RunDelay: 2328; Max RunCount 3568
---[Human]: Max RunDelay: 2031; [Socket]: Max RunDelay: 47
---[App]: Min PerSecRun: 10; Max RunDelay 0
-----------------------------------------------------
2019-07-22 07:05:09 GS-1 07-22 07:05:09 User = 4 / 4
2019-07-22 07:06:16 GS-1 -----------------------------------------------------
---[Monster]: Max RunDelay: 391; Max RunCount 3536
---[Human]: Max RunDelay: 234; [Socket]: Max RunDelay: 110
---[App]: Min PerSecRun: 53; Max RunDelay 47
-----------------------------------------------------
2019-07-22 07:11:17 GS-1 -----------------------------------------------------
---[Monster]: Max RunDelay: 313; Max RunCount 3569
---[Human]: Max RunDelay: 94; [Socket]: Max RunDelay: 16
---[App]: Min PerSecRun: 73; Max RunDelay 31
-----------------------------------------------------
2019-07-22 07:15:01 GS-1 载入商城热销商品列表，共27个。
2019-07-22 07:15:01 GS-1 ==> 加载商城热销榜:5
2019-07-22 07:15:09 GS-1 07-22 07:15:09 User = 2 / 2
2019-07-22 07:16:18 GS-1 -----------------------------------------------------
---[Monster]: Max RunDelay: 282; Max RunCount 3569
---[Human]: Max RunDelay: 32; [Socket]: Max RunDelay: 16
---[App]: Min PerSecRun: 71; Max RunDelay 0
-----------------------------------------------------
2019-07-22 07:21:19 GS-1 -----------------------------------------------------
---[Monster]: Max RunDelay: 282; Max RunCount 3430
---[Human]: Max RunDelay: 109; [Socket]: Max RunDelay: 16
---[App]: Min PerSecRun: 69; Max RunDelay 0
-----------------------------------------------------
2019-07-22 07:25:09 GS-1 07-22 07:25:09 User = 2 / 2
2019-07-22 07:26:20 GS-1 -----------------------------------------------------
---[Monster]: Max RunDelay: 2765; Max RunCount 3519
---[Human]: Max RunDelay: 1391; [Socket]: Max RunDelay: 109
---[App]: Min PerSecRun: 2; Max RunDelay 0
-----------------------------------------------------
2019-07-22 07:31:19 GS-1 -----------------------------------------------------
---[Monster]: Max RunDelay: 3235; Max RunCount 3596
---[Human]: Max RunDelay: 3046; [Socket]: Max RunDelay: 47
---[App]: Min PerSecRun: 21; Max RunDelay 0
-----------------------------------------------------
2019-07-22 07:35:09 GS-1 07-22 07:35:09 User = 3 / 3
2019-07-22 07:36:21 GS-1 -----------------------------------------------------
---[Monster]: Max RunDelay: 1703; Max RunCount 3618
---[Human]: Max RunDelay: 1203; [Socket]: Max RunDelay: 859
---[App]: Min PerSecRun: 11; Max RunDelay 0
-----------------------------------------------------
2019-07-22 07:41:22 GS-1 -----------------------------------------------------
---[Monster]: Max RunDelay: 1141; Max RunCount 3607
---[Human]: Max RunDelay: 766; [Socket]: Max RunDelay: 125
---[App]: Min PerSecRun: 17; Max RunDelay 0
-----------------------------------------------------
2019-07-22 07:45:09 GS-1 07-22 07:45:09 User = 4 / 4
2019-07-22 07:46:23 GS-1 -----------------------------------------------------
---[Monster]: Max RunDelay: 407; Max RunCount 3643
---[Human]: Max RunDelay: 63; [Socket]: Max RunDelay: 47
---[App]: Min PerSecRun: 56; Max RunDelay 0
-----------------------------------------------------
2019-07-22 07:51:23 GS-1 -----------------------------------------------------
---[Monster]: Max RunDelay: 656; Max RunCount 3652
---[Human]: Max RunDelay: 250; [Socket]: Max RunDelay: 47
---[App]: Min PerSecRun: 57; Max RunDelay 0
-----------------------------------------------------
2019-07-22 07:55:10 GS-1 07-22 07:55:10 User = 3 / 3
2019-07-22 07:56:24 GS-1 -----------------------------------------------------
---[Monster]: Max RunDelay: 1500; Max RunCount 3750
---[Human]: Max RunDelay: 78; [Socket]: Max RunDelay: 156
---[App]: Min PerSecRun: 48; Max RunDelay 0
-----------------------------------------------------
2019-07-22 08:01:25 GS-1 -----------------------------------------------------
---[Monster]: Max RunDelay: 375; Max RunCount 3742
---[Human]: Max RunDelay: 79; [Socket]: Max RunDelay: 47
---[App]: Min PerSecRun: 61; Max RunDelay 0
-----------------------------------------------------
2019-07-22 08:05:10 GS-1 07-22 08:05:10 User = 3 / 3
2019-07-22 08:06:27 GS-1 -----------------------------------------------------
---[Monster]: Max RunDelay: 609; Max RunCount 3742
---[Human]: Max RunDelay: 188; [Socket]: Max RunDelay: 47
---[App]: Min PerSecRun: 29; Max RunDelay 0
-----------------------------------------------------
2019-07-22 08:11:28 GS-1 -----------------------------------------------------
---[Monster]: Max RunDelay: 657; Max RunCount 3742
---[Human]: Max RunDelay: 234; [Socket]: Max RunDelay: 110
---[App]: Min PerSecRun: 50; Max RunDelay 47
-----------------------------------------------------
2019-07-22 08:15:01 GS-1 载入商城热销商品列表，共27个。
2019-07-22 08:15:01 GS-1 ==> 加载商城热销榜:5
2019-07-22 08:15:10 GS-1 07-22 08:15:10 User = 5 / 5
2019-07-22 08:16:29 GS-1 -----------------------------------------------------
---[Monster]: Max RunDelay: 594; Max RunCount 3748
---[Human]: Max RunDelay: 282; [Socket]: Max RunDelay: 47
---[App]: Min PerSecRun: 50; Max RunDelay 0
-----------------------------------------------------
2019-07-22 08:19:06 GS-1 08:19:07 Gate 1 (129.28.198.181) 关闭
2019-07-22 08:19:06 GS-1 [Warning]: 与DB 服务器断开连接....
2019-07-22 08:19:12 GS-1 释放--魔龙冰晶升级对象--结束
2019-07-22 08:19:12 GS-1 释放--天赐宝箱1--结束
2019-07-22 08:19:12 GS-1 释放--天赐宝箱2--结束
2019-07-22 08:19:12 GS-1 释放--一点充--结束
2019-07-22 08:19:12 GS-1 释放--事件管理对象--结束
2019-07-22 08:19:12 GS-1 释放--任务管理对象--结束
2019-07-22 08:19:13 GS-1 释放--升级提醒管理对象--结束
2019-07-22 08:19:13 GS-1 释放--GDMsg管理对象--结束
2019-07-22 08:19:13 GS-1 释放--跨地图寻路管理对象--结束
2019-07-22 08:19:13 GS-1 释放--沙巴克管理对象--结束
2019-07-22 08:19:13 GS-1 释放--中央活动服务器客户端--结束
2019-07-22 08:19:13 GS-1 释放--乾坤包--结束
2019-07-22 08:19:13 GS-1 正在清除模块-卧龙英雄管理-的配置表d:\Mud2.0\Mir200\Share\EngineConfig\卧龙英雄管理\Fortress-HERO1.txt
2019-07-22 08:19:13 GS-1 正在清除模块-卧龙英雄管理-的配置表d:\Mud2.0\Mir200\Share\EngineConfig\卧龙英雄管理\Fortress.txt
2019-07-22 08:19:13 GS-1 正在清除模块-游戏元素点阵管理-的配置表d:\Mud2.0\Mir200\Share\EngineConfig\游戏元素点阵管理\GMActEvent.txt
2019-07-22 08:19:13 GS-1 正在清除模块-信用分管理-的配置表d:\Mud2.0\Mir200\Share\EngineConfig\信用分管理\PlayerActivePoint.xml
2019-07-22 08:19:13 GS-1 正在清除模块-信用分管理-的配置表d:\Mud2.0\Mir200\Share\EngineConfig\信用分管理\MapActivePoint.xml
2019-07-22 08:19:13 GS-1 正在清除模块-摆摊交易-的配置表d:\Mud2.0\Mir200\Share\EngineConfig\摆摊交易\摊位基础设置.ini
2019-07-22 08:19:13 GS-1 正在清除模块-元宝商城管理-的配置表d:\Mud2.0\Mir200\Share\EngineConfig\元宝商城管理\YBGoods.sql
2019-07-22 08:19:13 GS-1 正在清除模块-小助手管理-的配置表d:\Mud2.0\Mir200\Share\EngineConfig\小助手管理\小助手.txt
2019-07-22 08:19:13 GS-1 正在清除模块-静态地图管理-的配置表d:\Mud2.0\Mir200\Share\EngineConfig\静态地图管理\MapDropLimitBagItems.xml
2019-07-22 08:19:24 GS-1 正在清除模块-装备合成管理-的配置表d:\Mud2.0\Mir200\Share\EngineConfig\装备合成管理\StrengthenEquip.xml
2019-07-22 08:19:29 GS-1 正在清除模块-藏宝图管理-的配置表d:\Mud2.0\Mir200\Share\EngineConfig\藏宝图管理\修复藏宝图.txt
2019-07-22 08:19:29 GS-1 正在清除模块-藏宝图管理-的配置表d:\Mud2.0\Mir200\Share\EngineConfig\藏宝图管理\魔龙藏宝图合成装备.txt
2019-07-22 08:19:29 GS-1 正在清除模块-衣服升级管理-的配置表d:\Mud2.0\Mir200\Share\EngineConfig\衣服升级管理\UpdateClothes.xml
2019-07-22 08:19:29 GS-1 正在清除模块-道具管理-的配置表d:\Mud2.0\Mir200\Share\EngineConfig\道具管理\宝石配置.txt
2019-07-22 08:19:30 GS-1 正在清除模块-世界暴率管理-的配置表d:\Mud2.0\Mir200\Share\EngineConfig\世界暴率管理\世界爆率文件1.txt
2019-07-22 08:19:30 GS-1 释放--跨GS消息管理对象--结束
2019-07-22 08:19:30 GS-1 释放--gate管理对象--结束
2019-07-22 08:19:30 GS-1 释放--魔法管理对象--结束
2019-07-22 08:19:30 GS-1 释放--套装管理对象--结束
2019-07-22 08:19:30 GS-1 释放--新暴率管理对象--结束
2019-07-22 08:19:30 GS-1 释放--角色信息初始化管理对象--结束
2019-07-22 08:19:30 GS-1 释放--GS本地日志--结束
2019-07-22 08:19:30 GS-1 释放--DBEngn对象--结束
2019-07-22 08:19:30 GS-1 释放--任务列表--结束
2019-07-22 08:19:30 GS-1 释放--buffer管理类--结束
2019-07-22 08:19:30 GS-1 释放--排行榜--结束
2019-07-22 08:19:30 GS-1 释放--免费回收--结束
2019-07-22 08:19:30 GS-1 释放--mysql对象--结束
2019-07-22 08:19:30 GS-1 ================ 服务停止 ==============
