2019-07-11 06:14:50 GS-1 -----------------------------------------------------
---[Monster]: Max RunDelay: 0; Max RunCount 0
---[Human]: Max RunDelay: 0; [Socket]: Max RunDelay: 0
---[App]: Min PerSecRun: 100; Max RunDelay 0
-----------------------------------------------------
2019-07-11 06:14:50 GS-1 ================ 服务启动 ==============
2019-07-11 06:14:50 GS-1 TPlayerBody Size - 1616
2019-07-11 06:14:50 GS-1 TPlayerDB Size - 61608
2019-07-11 06:14:50 GS-1 ======== 连接MySQL成功 =======
2019-07-11 06:14:50 GS-1 *** ***Gamelog 的下次清理时间为 : 07月18日03时*** ***
2019-07-11 06:14:50 GS-1 ==加载GM指令定义完成==
2019-07-11 06:14:50 GS-1 与 DB 服务器连接成功
2019-07-11 06:14:50 GS-1 [Error]: 抽取概率错误:赤金天赐->宝箱1:概率7
2019-07-11 06:14:50 GS-1 [Error]: 抽取概率错误:白银天赐->宝箱1:概率7
2019-07-11 06:14:50 GS-1 [Error]: 抽取概率错误:紫铜天赐->宝箱1:概率7
2019-07-11 06:14:50 GS-1 [Error]: 抽取概率错误:神秘天赐->宝箱1:概率7
2019-07-11 06:14:50 GS-1 [Error]: 抽取概率错误:檀木天赐->宝箱1:概率7
2019-07-11 06:14:50 GS-1 [Error]: 抽取概率错误:宝藏天赐 ->宝箱1:概率7
2019-07-11 06:14:50 GS-1 [Error]: StdItems 不存在的天赐：新年天赐
2019-07-11 06:14:50 GS-1 [Error]: StdItems 不存在的钥匙：新年钥匙
2019-07-11 06:14:50 GS-1 [Error]: StdItems 不存在的钥匙：春节钥匙
2019-07-11 06:14:50 GS-1 [Error]: StdItems 不存在的钥匙：节日钥匙
2019-07-11 06:14:50 GS-1 [Error]: StdItems 不存在的天赐：感恩天赐
2019-07-11 06:14:50 GS-1 [Error]: StdItems 不存在的钥匙：感恩钥匙
2019-07-11 06:14:50 GS-1 系统参数初始化完毕
2019-07-11 06:14:50 GS-1 准备加载NPC，共493个
2019-07-11 06:14:50 GS-1 已加载d:\Mud2.0\Mir200\Share\EngineConfig\系统信息管理\RollMsg.txt！
2019-07-11 06:14:50 GS-1 已加载d:\Mud2.0\Mir200\Share\EngineConfig\系统信息管理\掉落物品提示.txt！
2019-07-11 06:14:50 GS-1 已加载d:\Mud2.0\Mir200\Share\EngineConfig\卧龙英雄管理\Fortress.txt！
2019-07-11 06:14:50 GS-1 已加载d:\Mud2.0\Mir200\Share\EngineConfig\游戏元素点阵管理\GMActEvent.txt！
2019-07-11 06:14:50 GS-1    加载邮件信息成功,加载0个玩家的邮件。
2019-07-11 06:14:50 GS-1    加载邮件信息成功,加载0个玩家的邮件。
2019-07-11 06:14:50 GS-1 已加载d:\Mud2.0\Mir200\Share\EngineConfig\摆摊交易\摊位基础设置.ini！
2019-07-11 06:14:50 GS-1 刷新摊位过期将在2:55执行！
2019-07-11 06:14:50 GS-1   加载Stall成功，共加载摊位0个
2019-07-11 06:14:50 GS-1 [Information]: 寄售表创建成功!
2019-07-11 06:14:50 GS-1 [Information]: 寄售历史表创建成功!
2019-07-11 06:14:50 GS-1 [Information]: 更新超时订单成功!
2019-07-11 06:14:50 GS-1 已加载刷新商城时间：00:00:00.
2019-07-11 06:14:50 GS-1 已加载刷新商城时间：06:00:00.
2019-07-11 06:14:50 GS-1 已加载刷新商城时间：12:00:00.
2019-07-11 06:14:50 GS-1 载入商城物品列表，共5个类别，29种商品
2019-07-11 06:14:50 GS-1 ==> 加载商城物品 装饰类：11/11
2019-07-11 06:14:50 GS-1 ==> 加载商城物品 补给类：1/1
2019-07-11 06:14:50 GS-1 ==> 加载商城物品 强化类：12/12
2019-07-11 06:14:50 GS-1 ==> 加载商城物品 限量类：3/3
2019-07-11 06:14:50 GS-1 ==> 加载商城物品 好友类：2/2
2019-07-11 06:14:50 GS-1 ==> 加载商城物品 类：0/0
2019-07-11 06:14:50 GS-1 ==> 加载商城物品 类：0/0
2019-07-11 06:14:50 GS-1 ==> 加载商城物品 类：0/0
2019-07-11 06:14:50 GS-1    [删除错误数据] 删除用户表中不存在的战队成员
2019-07-11 06:14:50 GS-1    [删除错误数据] 清除战队队长不存在的项
2019-07-11 06:14:50 GS-1    [删除错误数据] 不存在战队的成员
2019-07-11 06:14:50 GS-1    正在加载战队...
2019-07-11 06:14:50 GS-1    战队表数量 : 2
2019-07-11 06:14:50 GS-1    战队表数量 : 0
2019-07-11 06:14:50 GS-1    加载战队数量:2
2019-07-11 06:14:50 GS-1    正在加载战队成员...
2019-07-11 06:14:50 GS-1    战队成员总数:2 加载成员数:2
2019-07-11 06:14:50 GS-1    正在检测战队数据有效性...
2019-07-11 06:14:50 GS-1    战队数据有效性检测完毕
2019-07-11 06:14:50 GS-1    [删除错误数据] 清除会长战队不存在行会
2019-07-11 06:14:50 GS-1    [删除错误数据] 清除行会不存在的行会成员
2019-07-11 06:14:50 GS-1    [删除错误数据] 清除行会不存在的行会关系ID排列错误的项
2019-07-11 06:14:50 GS-1    [删除错误数据] 清除行会不存在行会关系
2019-07-11 06:14:50 GS-1    [删除错误数据] 清除行会不存在关注行会
2019-07-11 06:14:50 GS-1    加载行会数量 : 2
2019-07-11 06:14:50 GS-1    加载行会成员(战队)数量 : 2
2019-07-11 06:14:50 GS-1    加载行会关系数量 : 0
2019-07-11 06:14:50 GS-1    加载关注行会数量 : 0
2019-07-11 06:14:50 GS-1    加载请求数量:1
2019-07-11 06:14:50 GS-1 [Error]: 小助手 不存在！
2019-07-11 06:14:50 GS-1 D411地图配置在MapInfo.txt 中不是LIMITBAGITEMDROP属性
2019-07-11 06:14:50 GS-1 D415地图配置在MapInfo.txt 中不是LIMITBAGITEMDROP属性
2019-07-11 06:14:50 GS-1 D416地图配置在MapInfo.txt 中不是LIMITBAGITEMDROP属性
2019-07-11 06:14:50 GS-1 信用分验证功能：关
2019-07-11 06:14:50 GS-1 GS脚本版本号：10001
2019-07-11 06:14:50 GS-1 更新排行榜，共计：29 页
2019-07-11 06:15:28 GS-1 载入商城热销商品列表，共16个。
2019-07-11 06:15:28 GS-1 ==> 加载商城热销榜:5
2019-07-11 06:15:28 GS-1 [Error]: TFieldHero.FillDBData: 龙纹不存在！
2019-07-11 06:15:32 GS-1 Gate 1 开启
2019-07-11 06:16:32 GS-1 [脚本(武器升级攻魔道-3.pas)缺函数]: ForgeDiaYB
2019-07-11 06:16:32 GS-1 --ReInitializet-- 因为点击NPC失败，重新刷新NPC...
2019-07-11 06:16:47 GS-1 [脚本(武器升级攻魔道-3.pas)缺函数]: ForgeDiaYB
2019-07-11 06:16:47 GS-1 --ReInitializet-- 因为点击NPC失败，重新刷新NPC...
2019-07-11 06:16:58 GS-1 [脚本(武器升级攻魔道-3.pas)缺函数]: ForgeDiaYB
2019-07-11 06:16:58 GS-1 --ReInitializet-- 因为点击NPC失败，重新刷新NPC...
2019-07-11 06:17:07 GS-1 [脚本(武器升级攻魔道-3.pas)缺函数]: ForgeDiaYB
2019-07-11 06:17:07 GS-1 --ReInitializet-- 因为点击NPC失败，重新刷新NPC...
2019-07-11 06:19:51 GS-1 -----------------------------------------------------
---[Monster]: Max RunDelay: 390; Max RunCount 3153
---[Human]: Max RunDelay: 125; [Socket]: Max RunDelay: 16
---[App]: Min PerSecRun: 56; Max RunDelay 0
-----------------------------------------------------
2019-07-11 06:24:52 GS-1 -----------------------------------------------------
---[Monster]: Max RunDelay: 360; Max RunCount 3159
---[Human]: Max RunDelay: 31; [Socket]: Max RunDelay: 16
---[App]: Min PerSecRun: 66; Max RunDelay 0
-----------------------------------------------------
2019-07-11 06:25:26 GS-1 07-11 06:25:26 User = 0 / 0
2019-07-11 06:29:53 GS-1 -----------------------------------------------------
---[Monster]: Max RunDelay: 1250; Max RunCount 3159
---[Human]: Max RunDelay: 1031; [Socket]: Max RunDelay: 32
---[App]: Min PerSecRun: 10; Max RunDelay 0
-----------------------------------------------------
2019-07-11 06:30:48 GS-1 [脚本(武器升级攻魔道-3.pas)缺函数]: ForgeDiaYB
2019-07-11 06:30:48 GS-1 --ReInitializet-- 因为点击NPC失败，重新刷新NPC...
2019-07-11 06:30:58 GS-1 [脚本(武器升级攻魔道-3.pas)缺函数]: ForgeDiaYB
2019-07-11 06:30:58 GS-1 --ReInitializet-- 因为点击NPC失败，重新刷新NPC...
2019-07-11 06:31:29 GS-1 [Error]: GameGate ServerSocketError, ErrorCode=10061
2019-07-11 06:31:58 GS-1 [脚本(武器升级攻魔道-3.pas)缺函数]: ForgeDiaYB
2019-07-11 06:31:58 GS-1 --ReInitializet-- 因为点击NPC失败，重新刷新NPC...
2019-07-11 06:32:37 GS-1 [脚本(武器升级攻魔道-3.pas)缺函数]: ForgeDiaYB
2019-07-11 06:32:37 GS-1 --ReInitializet-- 因为点击NPC失败，重新刷新NPC...
2019-07-11 06:34:21 GS-1 [脚本(武器升级攻魔道-3.pas)缺函数]: ForgeDiaYB
2019-07-11 06:34:21 GS-1 --ReInitializet-- 因为点击NPC失败，重新刷新NPC...
2019-07-11 06:34:29 GS-1 [脚本(武器升级攻魔道-3.pas)缺函数]: ForgeDiaYB
2019-07-11 06:34:29 GS-1 --ReInitializet-- 因为点击NPC失败，重新刷新NPC...
2019-07-11 06:34:54 GS-1 -----------------------------------------------------
---[Monster]: Max RunDelay: 797; Max RunCount 3156
---[Human]: Max RunDelay: 437; [Socket]: Max RunDelay: 219
---[App]: Min PerSecRun: 44; Max RunDelay 31
-----------------------------------------------------
2019-07-11 06:35:28 GS-1 07-11 06:35:28 User = 1 / 1
2019-07-11 06:35:31 GS-1 [脚本(武器升级攻魔道-3.pas)缺函数]: ForgeDiaYB
2019-07-11 06:35:31 GS-1 --ReInitializet-- 因为点击NPC失败，重新刷新NPC...
2019-07-11 06:35:38 GS-1 [脚本(武器升级攻魔道-3.pas)缺函数]: ForgeDiaYB
2019-07-11 06:35:38 GS-1 --ReInitializet-- 因为点击NPC失败，重新刷新NPC...
2019-07-11 06:35:43 GS-1 [脚本(武器升级攻魔道-3.pas)缺函数]: ForgeDiaYB
2019-07-11 06:35:43 GS-1 --ReInitializet-- 因为点击NPC失败，重新刷新NPC...
2019-07-11 06:36:35 GS-1 [脚本(武器升级攻魔道-3.pas)缺函数]: ForgeDiaYB
2019-07-11 06:36:35 GS-1 --ReInitializet-- 因为点击NPC失败，重新刷新NPC...
2019-07-11 06:36:48 GS-1 [脚本(武器升级攻魔道-3.pas)缺函数]: ForgeDiaYB
2019-07-11 06:36:48 GS-1 --ReInitializet-- 因为点击NPC失败，重新刷新NPC...
2019-07-11 06:36:54 GS-1 [脚本(武器升级攻魔道-3.pas)缺函数]: ForgeDiaYB
2019-07-11 06:36:54 GS-1 --ReInitializet-- 因为点击NPC失败，重新刷新NPC...
2019-07-11 06:39:54 GS-1 -----------------------------------------------------
---[Monster]: Max RunDelay: 750; Max RunCount 3200
---[Human]: Max RunDelay: 610; [Socket]: Max RunDelay: 62
---[App]: Min PerSecRun: 41; Max RunDelay 0
-----------------------------------------------------
2019-07-11 06:40:30 GS-1 [脚本(武器升级攻魔道-3.pas)缺函数]: ForgeDiaYB
2019-07-11 06:40:30 GS-1 --ReInitializet-- 因为点击NPC失败，重新刷新NPC...
2019-07-11 06:44:55 GS-1 -----------------------------------------------------
---[Monster]: Max RunDelay: 969; Max RunCount 3165
---[Human]: Max RunDelay: 453; [Socket]: Max RunDelay: 94
---[App]: Min PerSecRun: 18; Max RunDelay 0
-----------------------------------------------------
2019-07-11 06:45:28 GS-1 07-11 06:45:28 User = 0 / 0
2019-07-11 06:49:57 GS-1 -----------------------------------------------------
---[Monster]: Max RunDelay: 1344; Max RunCount 3162
---[Human]: Max RunDelay: 672; [Socket]: Max RunDelay: 203
---[App]: Min PerSecRun: 8; Max RunDelay 15
-----------------------------------------------------
2019-07-11 06:54:58 GS-1 -----------------------------------------------------
---[Monster]: Max RunDelay: 1860; Max RunCount 3162
---[Human]: Max RunDelay: 750; [Socket]: Max RunDelay: 360
---[App]: Min PerSecRun: 14; Max RunDelay 0
-----------------------------------------------------
2019-07-11 06:55:28 GS-1 07-11 06:55:28 User = 0 / 0
2019-07-11 06:59:59 GS-1 -----------------------------------------------------
---[Monster]: Max RunDelay: 1172; Max RunCount 3130
---[Human]: Max RunDelay: 703; [Socket]: Max RunDelay: 125
---[App]: Min PerSecRun: 15; Max RunDelay 0
-----------------------------------------------------
2019-07-11 07:00:03 GS-1 更新排行榜，共计：30 页
2019-07-11 07:05:00 GS-1 -----------------------------------------------------
---[Monster]: Max RunDelay: 1219; Max RunCount 3164
---[Human]: Max RunDelay: 703; [Socket]: Max RunDelay: 469
---[App]: Min PerSecRun: 12; Max RunDelay 0
-----------------------------------------------------
2019-07-11 07:05:28 GS-1 07-11 07:05:28 User = 0 / 0
2019-07-11 07:10:00 GS-1 -----------------------------------------------------
---[Monster]: Max RunDelay: 1157; Max RunCount 3130
---[Human]: Max RunDelay: 844; [Socket]: Max RunDelay: 109
---[App]: Min PerSecRun: 9; Max RunDelay 0
-----------------------------------------------------
2019-07-11 07:15:01 GS-1 -----------------------------------------------------
---[Monster]: Max RunDelay: 1531; Max RunCount 3138
---[Human]: Max RunDelay: 641; [Socket]: Max RunDelay: 421
---[App]: Min PerSecRun: 14; Max RunDelay 0
-----------------------------------------------------
2019-07-11 07:15:28 GS-1 载入商城热销商品列表，共16个。
2019-07-11 07:15:28 GS-1 ==> 加载商城热销榜:5
2019-07-11 07:15:29 GS-1 07-11 07:15:29 User = 0 / 0
2019-07-11 07:20:03 GS-1 -----------------------------------------------------
---[Monster]: Max RunDelay: 344; Max RunCount 3135
---[Human]: Max RunDelay: 109; [Socket]: Max RunDelay: 16
---[App]: Min PerSecRun: 71; Max RunDelay 16
-----------------------------------------------------
2019-07-11 07:25:04 GS-1 -----------------------------------------------------
---[Monster]: Max RunDelay: 1765; Max RunCount 3118
---[Human]: Max RunDelay: 1719; [Socket]: Max RunDelay: 78
---[App]: Min PerSecRun: 29; Max RunDelay 0
-----------------------------------------------------
2019-07-11 07:25:30 GS-1 07-11 07:25:30 User = 1 / 1
2019-07-11 07:30:05 GS-1 -----------------------------------------------------
---[Monster]: Max RunDelay: 1125; Max RunCount 3135
---[Human]: Max RunDelay: 438; [Socket]: Max RunDelay: 32
---[App]: Min PerSecRun: 33; Max RunDelay 0
-----------------------------------------------------
2019-07-11 07:35:06 GS-1 -----------------------------------------------------
---[Monster]: Max RunDelay: 859; Max RunCount 3137
---[Human]: Max RunDelay: 797; [Socket]: Max RunDelay: 16
---[App]: Min PerSecRun: 25; Max RunDelay 0
-----------------------------------------------------
2019-07-11 07:35:31 GS-1 07-11 07:35:31 User = 0 / 0
2019-07-11 07:40:07 GS-1 -----------------------------------------------------
---[Monster]: Max RunDelay: 297; Max RunCount 3137
---[Human]: Max RunDelay: 31; [Socket]: Max RunDelay: 16
---[App]: Min PerSecRun: 74; Max RunDelay 0
-----------------------------------------------------
2019-07-11 07:45:08 GS-1 -----------------------------------------------------
---[Monster]: Max RunDelay: 266; Max RunCount 3115
---[Human]: Max RunDelay: 31; [Socket]: Max RunDelay: 16
---[App]: Min PerSecRun: 72; Max RunDelay 0
-----------------------------------------------------
2019-07-11 07:45:31 GS-1 07-11 07:45:31 User = 0 / 0
2019-07-11 07:50:08 GS-1 -----------------------------------------------------
---[Monster]: Max RunDelay: 500; Max RunCount 3115
---[Human]: Max RunDelay: 32; [Socket]: Max RunDelay: 16
---[App]: Min PerSecRun: 57; Max RunDelay 0
-----------------------------------------------------
2019-07-11 07:55:09 GS-1 -----------------------------------------------------
---[Monster]: Max RunDelay: 281; Max RunCount 3115
---[Human]: Max RunDelay: 16; [Socket]: Max RunDelay: 16
---[App]: Min PerSecRun: 74; Max RunDelay 0
-----------------------------------------------------
2019-07-11 07:55:30 GS-1 07-11 07:55:30 User = 0 / 0
2019-07-11 08:00:10 GS-1 -----------------------------------------------------
---[Monster]: Max RunDelay: 329; Max RunCount 3137
---[Human]: Max RunDelay: 31; [Socket]: Max RunDelay: 16
---[App]: Min PerSecRun: 59; Max RunDelay 0
-----------------------------------------------------
2019-07-11 08:05:11 GS-1 -----------------------------------------------------
---[Monster]: Max RunDelay: 328; Max RunCount 3137
---[Human]: Max RunDelay: 15; [Socket]: Max RunDelay: 16
---[App]: Min PerSecRun: 72; Max RunDelay 0
-----------------------------------------------------
2019-07-11 08:05:30 GS-1 07-11 08:05:30 User = 0 / 0
2019-07-11 08:10:12 GS-1 -----------------------------------------------------
---[Monster]: Max RunDelay: 282; Max RunCount 3137
---[Human]: Max RunDelay: 15; [Socket]: Max RunDelay: 16
---[App]: Min PerSecRun: 73; Max RunDelay 0
-----------------------------------------------------
2019-07-11 08:15:13 GS-1 -----------------------------------------------------
---[Monster]: Max RunDelay: 266; Max RunCount 3137
---[Human]: Max RunDelay: 15; [Socket]: Max RunDelay: 0
---[App]: Min PerSecRun: 73; Max RunDelay 0
-----------------------------------------------------
2019-07-11 08:15:29 GS-1 载入商城热销商品列表，共16个。
2019-07-11 08:15:29 GS-1 ==> 加载商城热销榜:5
2019-07-11 08:15:30 GS-1 07-11 08:15:30 User = 0 / 0
2019-07-11 08:20:14 GS-1 -----------------------------------------------------
---[Monster]: Max RunDelay: 297; Max RunCount 3115
---[Human]: Max RunDelay: 31; [Socket]: Max RunDelay: 16
---[App]: Min PerSecRun: 69; Max RunDelay 0
-----------------------------------------------------
2019-07-11 08:25:15 GS-1 -----------------------------------------------------
---[Monster]: Max RunDelay: 297; Max RunCount 3115
---[Human]: Max RunDelay: 15; [Socket]: Max RunDelay: 16
---[App]: Min PerSecRun: 74; Max RunDelay 0
-----------------------------------------------------
2019-07-11 08:25:30 GS-1 07-11 08:25:30 User = 0 / 0
2019-07-11 08:30:16 GS-1 -----------------------------------------------------
---[Monster]: Max RunDelay: 453; Max RunCount 3130
---[Human]: Max RunDelay: 15; [Socket]: Max RunDelay: 16
---[App]: Min PerSecRun: 57; Max RunDelay 0
-----------------------------------------------------
2019-07-11 08:35:17 GS-1 -----------------------------------------------------
---[Monster]: Max RunDelay: 312; Max RunCount 3117
---[Human]: Max RunDelay: 15; [Socket]: Max RunDelay: 16
---[App]: Min PerSecRun: 72; Max RunDelay 0
-----------------------------------------------------
2019-07-11 08:35:30 GS-1 07-11 08:35:30 User = 0 / 0
2019-07-11 08:40:18 GS-1 -----------------------------------------------------
---[Monster]: Max RunDelay: 266; Max RunCount 3117
---[Human]: Max RunDelay: 15; [Socket]: Max RunDelay: 16
---[App]: Min PerSecRun: 73; Max RunDelay 0
-----------------------------------------------------
2019-07-11 08:45:19 GS-1 -----------------------------------------------------
---[Monster]: Max RunDelay: 282; Max RunCount 3117
---[Human]: Max RunDelay: 15; [Socket]: Max RunDelay: 16
---[App]: Min PerSecRun: 73; Max RunDelay 0
-----------------------------------------------------
2019-07-11 08:45:30 GS-1 07-11 08:45:30 User = 0 / 0
2019-07-11 08:50:20 GS-1 -----------------------------------------------------
---[Monster]: Max RunDelay: 281; Max RunCount 3117
---[Human]: Max RunDelay: 31; [Socket]: Max RunDelay: 16
---[App]: Min PerSecRun: 72; Max RunDelay 0
-----------------------------------------------------
2019-07-11 08:55:21 GS-1 -----------------------------------------------------
---[Monster]: Max RunDelay: 266; Max RunCount 3115
---[Human]: Max RunDelay: 15; [Socket]: Max RunDelay: 16
---[App]: Min PerSecRun: 73; Max RunDelay 0
-----------------------------------------------------
2019-07-11 08:55:30 GS-1 07-11 08:55:30 User = 0 / 0
2019-07-11 09:00:22 GS-1 -----------------------------------------------------
---[Monster]: Max RunDelay: 469; Max RunCount 3137
---[Human]: Max RunDelay: 62; [Socket]: Max RunDelay: 16
---[App]: Min PerSecRun: 59; Max RunDelay 0
-----------------------------------------------------
2019-07-11 09:01:24 GS-1 09:01:25 Gate 1 (129.28.198.181) 关闭
2019-07-11 09:01:24 GS-1 [Warning]: 与DB 服务器断开连接....
2019-07-11 09:01:30 GS-1 释放--魔龙冰晶升级对象--结束
2019-07-11 09:01:30 GS-1 释放--天赐宝箱1--结束
2019-07-11 09:01:30 GS-1 释放--天赐宝箱2--结束
2019-07-11 09:01:30 GS-1 释放--一点充--结束
2019-07-11 09:01:30 GS-1 释放--事件管理对象--结束
2019-07-11 09:01:30 GS-1 释放--任务管理对象--结束
2019-07-11 09:01:31 GS-1 释放--升级提醒管理对象--结束
2019-07-11 09:01:31 GS-1 释放--GDMsg管理对象--结束
2019-07-11 09:01:31 GS-1 释放--跨地图寻路管理对象--结束
2019-07-11 09:01:32 GS-1 释放--沙巴克管理对象--结束
2019-07-11 09:01:32 GS-1 释放--中央活动服务器客户端--结束
2019-07-11 09:01:32 GS-1 释放--乾坤包--结束
2019-07-11 09:01:32 GS-1 正在清除模块-卧龙英雄管理-的配置表d:\Mud2.0\Mir200\Share\EngineConfig\卧龙英雄管理\Fortress-HERO1.txt
2019-07-11 09:01:32 GS-1 正在清除模块-卧龙英雄管理-的配置表d:\Mud2.0\Mir200\Share\EngineConfig\卧龙英雄管理\Fortress.txt
2019-07-11 09:01:32 GS-1 正在清除模块-游戏元素点阵管理-的配置表d:\Mud2.0\Mir200\Share\EngineConfig\游戏元素点阵管理\GMActEvent.txt
2019-07-11 09:01:32 GS-1 正在清除模块-信用分管理-的配置表d:\Mud2.0\Mir200\Share\EngineConfig\信用分管理\PlayerActivePoint.xml
2019-07-11 09:01:32 GS-1 正在清除模块-信用分管理-的配置表d:\Mud2.0\Mir200\Share\EngineConfig\信用分管理\MapActivePoint.xml
2019-07-11 09:01:32 GS-1 正在清除模块-摆摊交易-的配置表d:\Mud2.0\Mir200\Share\EngineConfig\摆摊交易\摊位基础设置.ini
2019-07-11 09:01:32 GS-1 正在清除模块-元宝商城管理-的配置表d:\Mud2.0\Mir200\Share\EngineConfig\元宝商城管理\YBGoods.sql
2019-07-11 09:01:32 GS-1 正在清除模块-小助手管理-的配置表d:\Mud2.0\Mir200\Share\EngineConfig\小助手管理\小助手.txt
2019-07-11 09:01:32 GS-1 正在清除模块-静态地图管理-的配置表d:\Mud2.0\Mir200\Share\EngineConfig\静态地图管理\MapDropLimitBagItems.xml
2019-07-11 09:01:44 GS-1 正在清除模块-装备合成管理-的配置表d:\Mud2.0\Mir200\Share\EngineConfig\装备合成管理\StrengthenEquip.xml
2019-07-11 09:01:51 GS-1 正在清除模块-藏宝图管理-的配置表d:\Mud2.0\Mir200\Share\EngineConfig\藏宝图管理\修复藏宝图.txt
2019-07-11 09:01:51 GS-1 正在清除模块-藏宝图管理-的配置表d:\Mud2.0\Mir200\Share\EngineConfig\藏宝图管理\魔龙藏宝图合成装备.txt
2019-07-11 09:01:51 GS-1 正在清除模块-衣服升级管理-的配置表d:\Mud2.0\Mir200\Share\EngineConfig\衣服升级管理\UpdateClothes.xml
2019-07-11 09:01:51 GS-1 正在清除模块-道具管理-的配置表d:\Mud2.0\Mir200\Share\EngineConfig\道具管理\宝石配置.txt
2019-07-11 09:01:51 GS-1 正在清除模块-世界暴率管理-的配置表d:\Mud2.0\Mir200\Share\EngineConfig\世界暴率管理\世界爆率文件1.txt
2019-07-11 09:01:51 GS-1 释放--跨GS消息管理对象--结束
2019-07-11 09:01:51 GS-1 释放--gate管理对象--结束
2019-07-11 09:01:51 GS-1 释放--魔法管理对象--结束
2019-07-11 09:01:51 GS-1 释放--套装管理对象--结束
2019-07-11 09:01:51 GS-1 释放--新暴率管理对象--结束
2019-07-11 09:01:51 GS-1 释放--角色信息初始化管理对象--结束
2019-07-11 09:01:51 GS-1 释放--GS本地日志--结束
2019-07-11 09:01:51 GS-1 释放--DBEngn对象--结束
2019-07-11 09:01:51 GS-1 释放--任务列表--结束
2019-07-11 09:01:51 GS-1 释放--buffer管理类--结束
2019-07-11 09:01:51 GS-1 释放--排行榜--结束
2019-07-11 09:01:51 GS-1 释放--免费回收--结束
2019-07-11 09:01:51 GS-1 释放--mysql对象--结束
2019-07-11 09:01:51 GS-1 ================ 服务停止 ==============
