2019-08-31 15:00:26 GS-1 -----------------------------------------------------
---[Monster]: Max RunDelay: 0; Max RunCount 0
---[Human]: Max RunDelay: 0; [Socket]: Max RunDelay: 0
---[App]: Min PerSecRun: 100; Max RunDelay 0
-----------------------------------------------------
2019-08-31 15:00:26 GS-1 ================ 服务启动 ==============
2019-08-31 15:00:26 GS-1 TPlayerBody Size - 1616
2019-08-31 15:00:26 GS-1 TPlayerDB Size - 61608
2019-08-31 15:00:26 GS-1 ======== 连接MySQL成功 =======
2019-08-31 15:00:26 GS-1 *** ***Gamelog 的下次清理时间为 : 09月07日03时*** ***
2019-08-31 15:00:26 GS-1 ==加载GM指令定义完成==
2019-08-31 15:00:26 GS-1 与 DB 服务器连接成功
2019-08-31 15:00:26 GS-1 [Error]: 火龙珠奖励配置错误！
2019-08-31 15:00:26 GS-1 [Error]: 抽取概率错误:赤金天赐->宝箱1:概率7
2019-08-31 15:00:26 GS-1 [Error]: 抽取概率错误:白银天赐->宝箱1:概率7
2019-08-31 15:00:26 GS-1 [Error]: 抽取概率错误:紫铜天赐->宝箱1:概率7
2019-08-31 15:00:26 GS-1 [Error]: 抽取概率错误:神秘天赐->宝箱1:概率7
2019-08-31 15:00:26 GS-1 [Error]: 抽取概率错误:檀木天赐->宝箱1:概率7
2019-08-31 15:00:26 GS-1 [Error]: 抽取概率错误:宝藏天赐 ->宝箱1:概率7
2019-08-31 15:00:26 GS-1 [Error]: StdItems 不存在的天赐：新年天赐
2019-08-31 15:00:26 GS-1 [Error]: StdItems 不存在的钥匙：新年钥匙
2019-08-31 15:00:26 GS-1 [Error]: StdItems 不存在的钥匙：春节钥匙
2019-08-31 15:00:26 GS-1 [Error]: StdItems 不存在的钥匙：节日钥匙
2019-08-31 15:00:26 GS-1 [Error]: StdItems 不存在的天赐：感恩天赐
2019-08-31 15:00:26 GS-1 [Error]: StdItems 不存在的钥匙：感恩钥匙
2019-08-31 15:00:26 GS-1 系统参数初始化完毕
2019-08-31 15:00:26 GS-1 准备加载NPC，共523个
2019-08-31 15:00:26 GS-1 [加载DB未知道具]: d:\Mud2.0\Mir200\Envir\PsNpcScripts\封魔谷学者-b343.pas - "中秋月饼"
2019-08-31 15:00:26 GS-1 已加载d:\Mud2.0\Mir200\Share\EngineConfig\系统信息管理\RollMsg.txt！
2019-08-31 15:00:26 GS-1 已加载d:\Mud2.0\Mir200\Share\EngineConfig\系统信息管理\掉落物品提示.txt！
2019-08-31 15:00:26 GS-1 已加载d:\Mud2.0\Mir200\Share\EngineConfig\卧龙英雄管理\Fortress.txt！
2019-08-31 15:00:26 GS-1 已加载d:\Mud2.0\Mir200\Share\EngineConfig\游戏元素点阵管理\GMActEvent.txt！
2019-08-31 15:00:26 GS-1    加载邮件信息成功,加载13个玩家的邮件。
2019-08-31 15:00:26 GS-1    加载邮件信息成功,加载48个玩家的邮件。
2019-08-31 15:00:26 GS-1 已加载d:\Mud2.0\Mir200\Share\EngineConfig\摆摊交易\摊位基础设置.ini！
2019-08-31 15:00:26 GS-1 刷新摊位过期将在2:55执行！
2019-08-31 15:00:26 GS-1   加载Stall成功，共加载摊位4个
2019-08-31 15:00:26 GS-1 [Information]: 寄售表创建成功!
2019-08-31 15:00:26 GS-1 [Information]: 寄售历史表创建成功!
2019-08-31 15:00:26 GS-1 [Information]: 更新超时订单成功!
2019-08-31 15:00:26 GS-1 已加载刷新商城时间：00:00:00.
2019-08-31 15:00:26 GS-1 已加载刷新商城时间：06:00:00.
2019-08-31 15:00:26 GS-1 已加载刷新商城时间：12:00:00.
2019-08-31 15:00:26 GS-1 载入商城物品列表，共5个类别，40种商品
2019-08-31 15:00:26 GS-1 ==> 加载商城物品 装饰类：11/11
2019-08-31 15:00:26 GS-1 ==> 加载商城物品 补给类：5/5
2019-08-31 15:00:26 GS-1 ==> 加载商城物品 强化类：15/15
2019-08-31 15:00:26 GS-1 ==> 加载商城物品 限量类：7/7
2019-08-31 15:00:26 GS-1 ==> 加载商城物品 好友类：2/2
2019-08-31 15:00:26 GS-1 ==> 加载商城物品 类：0/0
2019-08-31 15:00:26 GS-1 ==> 加载商城物品 类：0/0
2019-08-31 15:00:26 GS-1 ==> 加载商城物品 类：0/0
2019-08-31 15:00:26 GS-1    [删除错误数据] 删除用户表中不存在的战队成员
2019-08-31 15:00:26 GS-1    [删除错误数据] 清除战队队长不存在的项
2019-08-31 15:00:26 GS-1    [删除错误数据] 不存在战队的成员
2019-08-31 15:00:26 GS-1    正在加载战队...
2019-08-31 15:00:26 GS-1    战队表数量 : 2
2019-08-31 15:00:26 GS-1    战队表数量 : 0
2019-08-31 15:00:26 GS-1    加载战队数量:2
2019-08-31 15:00:26 GS-1    正在加载战队成员...
2019-08-31 15:00:26 GS-1    战队成员总数:3 加载成员数:3
2019-08-31 15:00:26 GS-1    正在检测战队数据有效性...
2019-08-31 15:00:26 GS-1    战队数据有效性检测完毕
2019-08-31 15:00:26 GS-1    [删除错误数据] 清除会长战队不存在行会
2019-08-31 15:00:26 GS-1    [删除错误数据] 清除行会不存在的行会成员
2019-08-31 15:00:26 GS-1    [删除错误数据] 清除行会不存在的行会关系ID排列错误的项
2019-08-31 15:00:26 GS-1    [删除错误数据] 清除行会不存在行会关系
2019-08-31 15:00:26 GS-1    [删除错误数据] 清除行会不存在关注行会
2019-08-31 15:00:26 GS-1    加载行会数量 : 2
2019-08-31 15:00:26 GS-1    加载行会成员(战队)数量 : 2
2019-08-31 15:00:26 GS-1    加载行会关系数量 : 0
2019-08-31 15:00:26 GS-1    加载关注行会数量 : 0
2019-08-31 15:00:26 GS-1    加载请求数量:1
2019-08-31 15:00:26 GS-1 [Error]: 小助手 不存在！
2019-08-31 15:00:26 GS-1 D411地图配置在MapInfo.txt 中不是LIMITBAGITEMDROP属性
2019-08-31 15:00:26 GS-1 D415地图配置在MapInfo.txt 中不是LIMITBAGITEMDROP属性
2019-08-31 15:00:26 GS-1 D416地图配置在MapInfo.txt 中不是LIMITBAGITEMDROP属性
2019-08-31 15:00:26 GS-1 信用分验证功能：开
2019-08-31 15:00:26 GS-1 GS脚本版本号：10001
2019-08-31 15:00:26 GS-1 更新排行榜，共计：34 页
2019-08-31 15:00:26 GS-1 Gate 1 开启
2019-08-31 15:00:56 GS-1 载入商城热销商品列表，共32个。
2019-08-31 15:00:56 GS-1 ==> 加载商城热销榜:5
2019-08-31 15:05:28 GS-1 -----------------------------------------------------
---[Monster]: Max RunDelay: 297; Max RunCount 3132
---[Human]: Max RunDelay: 32; [Socket]: Max RunDelay: 16
---[App]: Min PerSecRun: 73; Max RunDelay 0
-----------------------------------------------------
2019-08-31 15:10:29 GS-1 -----------------------------------------------------
---[Monster]: Max RunDelay: 250; Max RunCount 3145
---[Human]: Max RunDelay: 47; [Socket]: Max RunDelay: 16
---[App]: Min PerSecRun: 74; Max RunDelay 0
-----------------------------------------------------
2019-08-31 15:10:55 GS-1 08-31 15:10:55 User = 8 / 8
2019-08-31 15:12:47 GS-1 [脚本(散财猪.pas)缺函数]: AfterScatterItems
2019-08-31 15:15:30 GS-1 -----------------------------------------------------
---[Monster]: Max RunDelay: 343; Max RunCount 3161
---[Human]: Max RunDelay: 47; [Socket]: Max RunDelay: 15
---[App]: Min PerSecRun: 70; Max RunDelay 0
-----------------------------------------------------
2019-08-31 15:20:31 GS-1 -----------------------------------------------------
---[Monster]: Max RunDelay: 297; Max RunCount 3214
---[Human]: Max RunDelay: 62; [Socket]: Max RunDelay: 15
---[App]: Min PerSecRun: 70; Max RunDelay 0
-----------------------------------------------------
2019-08-31 15:20:55 GS-1 08-31 15:20:55 User = 14 / 14
2019-08-31 15:25:32 GS-1 -----------------------------------------------------
---[Monster]: Max RunDelay: 266; Max RunCount 3221
---[Human]: Max RunDelay: 62; [Socket]: Max RunDelay: 16
---[App]: Min PerSecRun: 74; Max RunDelay 0
-----------------------------------------------------
2019-08-31 15:28:31 GS-1   玩家： 幸运星，邮件Idx:  896，功加载了 1附件。
2019-08-31 15:28:32 GS-1   玩家： 幸运星，邮件Idx:  863，功加载了 1附件。
2019-08-31 15:30:33 GS-1 -----------------------------------------------------
---[Monster]: Max RunDelay: 188; Max RunCount 3136
---[Human]: Max RunDelay: 47; [Socket]: Max RunDelay: 16
---[App]: Min PerSecRun: 74; Max RunDelay 16
-----------------------------------------------------
2019-08-31 15:30:55 GS-1 08-31 15:30:55 User = 15 / 15
2019-08-31 15:35:34 GS-1 -----------------------------------------------------
---[Monster]: Max RunDelay: 547; Max RunCount 3197
---[Human]: Max RunDelay: 250; [Socket]: Max RunDelay: 16
---[App]: Min PerSecRun: 52; Max RunDelay 0
-----------------------------------------------------
2019-08-31 15:40:35 GS-1 -----------------------------------------------------
---[Monster]: Max RunDelay: 515; Max RunCount 3193
---[Human]: Max RunDelay: 78; [Socket]: Max RunDelay: 16
---[App]: Min PerSecRun: 56; Max RunDelay 0
-----------------------------------------------------
2019-08-31 15:40:54 GS-1 08-31 15:40:54 User = 5 / 5
2019-08-31 15:45:35 GS-1 -----------------------------------------------------
---[Monster]: Max RunDelay: 344; Max RunCount 3127
---[Human]: Max RunDelay: 47; [Socket]: Max RunDelay: 16
---[App]: Min PerSecRun: 68; Max RunDelay 0
-----------------------------------------------------
2019-08-31 15:50:36 GS-1 -----------------------------------------------------
---[Monster]: Max RunDelay: 578; Max RunCount 3198
---[Human]: Max RunDelay: 125; [Socket]: Max RunDelay: 47
---[App]: Min PerSecRun: 52; Max RunDelay 0
-----------------------------------------------------
2019-08-31 15:50:55 GS-1 08-31 15:50:55 User = 13 / 13
2019-08-31 15:55:37 GS-1 -----------------------------------------------------
---[Monster]: Max RunDelay: 297; Max RunCount 3198
---[Human]: Max RunDelay: 94; [Socket]: Max RunDelay: 47
---[App]: Min PerSecRun: 70; Max RunDelay 0
-----------------------------------------------------
2019-08-31 15:56:49 GS-1 [Error]: GameGate ServerSocketError, ErrorCode=10061
2019-08-31 15:56:52 GS-1 [Error]: GameGate ServerSocketError, ErrorCode=10061
2019-08-31 15:57:36 GS-1   玩家： 大黑，邮件Idx:  911，功加载了 1附件。
2019-08-31 15:57:36 GS-1   玩家： 大黑，邮件Idx:  878，功加载了 1附件。
2019-08-31 15:57:36 GS-1   玩家： 大黑，邮件Idx:  879，功加载了 1附件。
2019-08-31 15:57:36 GS-1   玩家： 大黑，邮件Idx:  881，功加载了 1附件。
2019-08-31 15:57:36 GS-1   玩家： 大黑，邮件Idx:  882，功加载了 1附件。
2019-08-31 15:57:36 GS-1   玩家： 大黑，邮件Idx:  883，功加载了 1附件。
2019-08-31 15:57:36 GS-1   玩家： 大黑，邮件Idx:  884，功加载了 1附件。
2019-08-31 15:57:36 GS-1   玩家： 大黑，邮件Idx:  897，功加载了 1附件。
2019-08-31 16:00:38 GS-1 -----------------------------------------------------
---[Monster]: Max RunDelay: 282; Max RunCount 3523
---[Human]: Max RunDelay: 62; [Socket]: Max RunDelay: 16
---[App]: Min PerSecRun: 73; Max RunDelay 0
-----------------------------------------------------
2019-08-31 16:00:55 GS-1 08-31 16:00:55 User = 12 / 12
2019-08-31 16:00:56 GS-1 载入商城热销商品列表，共32个。
2019-08-31 16:00:56 GS-1 ==> 加载商城热销榜:5
2019-08-31 16:02:36 GS-1 [脚本(货币互换-3.pas)缺函数]: YB_NewComeBag
2019-08-31 16:02:36 GS-1 --ReInitializet-- 因为点击NPC失败，重新刷新NPC...
2019-08-31 16:02:42 GS-1 [脚本(货币互换-3.pas)缺函数]: YB_NewComeBag
2019-08-31 16:02:42 GS-1 --ReInitializet-- 因为点击NPC失败，重新刷新NPC...
2019-08-31 16:05:39 GS-1 -----------------------------------------------------
---[Monster]: Max RunDelay: 281; Max RunCount 3941
---[Human]: Max RunDelay: 63; [Socket]: Max RunDelay: 16
---[App]: Min PerSecRun: 74; Max RunDelay 0
-----------------------------------------------------
2019-08-31 16:10:40 GS-1 -----------------------------------------------------
---[Monster]: Max RunDelay: 266; Max RunCount 3823
---[Human]: Max RunDelay: 47; [Socket]: Max RunDelay: 16
---[App]: Min PerSecRun: 73; Max RunDelay 16
-----------------------------------------------------
2019-08-31 16:10:55 GS-1 08-31 16:10:55 User = 13 / 13
2019-08-31 16:15:41 GS-1 -----------------------------------------------------
---[Monster]: Max RunDelay: 281; Max RunCount 3952
---[Human]: Max RunDelay: 47; [Socket]: Max RunDelay: 16
---[App]: Min PerSecRun: 74; Max RunDelay 0
-----------------------------------------------------
2019-08-31 16:20:42 GS-1 -----------------------------------------------------
---[Monster]: Max RunDelay: 297; Max RunCount 3840
---[Human]: Max RunDelay: 63; [Socket]: Max RunDelay: 16
---[App]: Min PerSecRun: 70; Max RunDelay 15
-----------------------------------------------------
2019-08-31 16:20:55 GS-1 08-31 16:20:55 User = 14 / 14
2019-08-31 16:25:43 GS-1 -----------------------------------------------------
---[Monster]: Max RunDelay: 281; Max RunCount 3942
---[Human]: Max RunDelay: 47; [Socket]: Max RunDelay: 15
---[App]: Min PerSecRun: 70; Max RunDelay 0
-----------------------------------------------------
2019-08-31 16:30:44 GS-1 -----------------------------------------------------
---[Monster]: Max RunDelay: 328; Max RunCount 3860
---[Human]: Max RunDelay: 47; [Socket]: Max RunDelay: 15
---[App]: Min PerSecRun: 70; Max RunDelay 0
-----------------------------------------------------
2019-08-31 16:30:55 GS-1 08-31 16:30:55 User = 15 / 15
2019-08-31 16:35:45 GS-1 -----------------------------------------------------
---[Monster]: Max RunDelay: 282; Max RunCount 3819
---[Human]: Max RunDelay: 47; [Socket]: Max RunDelay: 15
---[App]: Min PerSecRun: 72; Max RunDelay 0
-----------------------------------------------------
2019-08-31 16:40:46 GS-1 -----------------------------------------------------
---[Monster]: Max RunDelay: 313; Max RunCount 4149
---[Human]: Max RunDelay: 63; [Socket]: Max RunDelay: 15
---[App]: Min PerSecRun: 71; Max RunDelay 0
-----------------------------------------------------
2019-08-31 16:40:55 GS-1 08-31 16:40:55 User = 16 / 16
2019-08-31 16:45:47 GS-1 -----------------------------------------------------
---[Monster]: Max RunDelay: 344; Max RunCount 4263
---[Human]: Max RunDelay: 141; [Socket]: Max RunDelay: 16
---[App]: Min PerSecRun: 68; Max RunDelay 0
-----------------------------------------------------
2019-08-31 16:50:19 GS-1   玩家： 印玉龙，邮件Idx:  912，功加载了 1附件。
2019-08-31 16:50:19 GS-1   玩家： 印玉龙，邮件Idx:  874，功加载了 1附件。
2019-08-31 16:50:19 GS-1   玩家： 印玉龙，邮件Idx:  885，功加载了 1附件。
2019-08-31 16:50:48 GS-1 -----------------------------------------------------
---[Monster]: Max RunDelay: 282; Max RunCount 4338
---[Human]: Max RunDelay: 62; [Socket]: Max RunDelay: 16
---[App]: Min PerSecRun: 74; Max RunDelay 0
-----------------------------------------------------
2019-08-31 16:50:55 GS-1 08-31 16:50:55 User = 13 / 13
2019-08-31 16:55:49 GS-1 -----------------------------------------------------
---[Monster]: Max RunDelay: 282; Max RunCount 3792
---[Human]: Max RunDelay: 47; [Socket]: Max RunDelay: 16
---[App]: Min PerSecRun: 74; Max RunDelay 0
-----------------------------------------------------
2019-08-31 17:00:50 GS-1 -----------------------------------------------------
---[Monster]: Max RunDelay: 282; Max RunCount 3791
---[Human]: Max RunDelay: 47; [Socket]: Max RunDelay: 16
---[App]: Min PerSecRun: 74; Max RunDelay 0
-----------------------------------------------------
2019-08-31 17:00:56 GS-1 载入商城热销商品列表，共32个。
2019-08-31 17:00:56 GS-1 ==> 加载商城热销榜:5
2019-08-31 17:00:56 GS-1 08-31 17:00:56 User = 14 / 14
2019-08-31 17:05:51 GS-1 -----------------------------------------------------
---[Monster]: Max RunDelay: 282; Max RunCount 3998
---[Human]: Max RunDelay: 47; [Socket]: Max RunDelay: 16
---[App]: Min PerSecRun: 74; Max RunDelay 0
-----------------------------------------------------
2019-08-31 17:10:52 GS-1 -----------------------------------------------------
---[Monster]: Max RunDelay: 281; Max RunCount 4150
---[Human]: Max RunDelay: 47; [Socket]: Max RunDelay: 16
---[App]: Min PerSecRun: 74; Max RunDelay 16
-----------------------------------------------------
2019-08-31 17:10:56 GS-1 08-31 17:10:56 User = 16 / 16
2019-08-31 17:15:53 GS-1 -----------------------------------------------------
---[Monster]: Max RunDelay: 282; Max RunCount 4108
---[Human]: Max RunDelay: 79; [Socket]: Max RunDelay: 16
---[App]: Min PerSecRun: 74; Max RunDelay 0
-----------------------------------------------------
2019-08-31 17:20:54 GS-1 -----------------------------------------------------
---[Monster]: Max RunDelay: 266; Max RunCount 4154
---[Human]: Max RunDelay: 62; [Socket]: Max RunDelay: 16
---[App]: Min PerSecRun: 73; Max RunDelay 0
-----------------------------------------------------
2019-08-31 17:20:56 GS-1 08-31 17:20:56 User = 16 / 16
2019-08-31 17:25:55 GS-1 -----------------------------------------------------
---[Monster]: Max RunDelay: 406; Max RunCount 4059
---[Human]: Max RunDelay: 47; [Socket]: Max RunDelay: 16
---[App]: Min PerSecRun: 65; Max RunDelay 0
-----------------------------------------------------
2019-08-31 17:30:56 GS-1 08-31 17:30:56 User = 17 / 17
2019-08-31 17:30:56 GS-1 -----------------------------------------------------
---[Monster]: Max RunDelay: 313; Max RunCount 3839
---[Human]: Max RunDelay: 78; [Socket]: Max RunDelay: 16
---[App]: Min PerSecRun: 71; Max RunDelay 0
-----------------------------------------------------
2019-08-31 17:33:48 GS-1 [脚本(修炼圣地-3.pas)缺函数]: ForgeDiaYB
2019-08-31 17:33:48 GS-1 --ReInitializet-- 因为点击NPC失败，重新刷新NPC...
2019-08-31 17:35:57 GS-1 -----------------------------------------------------
---[Monster]: Max RunDelay: 313; Max RunCount 3762
---[Human]: Max RunDelay: 62; [Socket]: Max RunDelay: 16
---[App]: Min PerSecRun: 71; Max RunDelay 0
-----------------------------------------------------
2019-08-31 17:36:35 GS-1 --ReInitializet-- 因为点击NPC失败，重新刷新NPC...
2019-08-31 17:36:37 GS-1 --ReInitializet-- 因为点击NPC失败，重新刷新NPC...
2019-08-31 17:40:56 GS-1 08-31 17:40:56 User = 15 / 15
2019-08-31 17:40:58 GS-1 -----------------------------------------------------
---[Monster]: Max RunDelay: 266; Max RunCount 3649
---[Human]: Max RunDelay: 47; [Socket]: Max RunDelay: 16
---[App]: Min PerSecRun: 74; Max RunDelay 0
-----------------------------------------------------
2019-08-31 17:45:59 GS-1 -----------------------------------------------------
---[Monster]: Max RunDelay: 281; Max RunCount 3675
---[Human]: Max RunDelay: 78; [Socket]: Max RunDelay: 16
---[App]: Min PerSecRun: 74; Max RunDelay 0
-----------------------------------------------------
2019-08-31 17:50:56 GS-1 08-31 17:50:56 User = 12 / 12
2019-08-31 17:51:00 GS-1 -----------------------------------------------------
---[Monster]: Max RunDelay: 281; Max RunCount 3759
---[Human]: Max RunDelay: 78; [Socket]: Max RunDelay: 16
---[App]: Min PerSecRun: 71; Max RunDelay 15
-----------------------------------------------------
2019-08-31 17:56:00 GS-1 -----------------------------------------------------
---[Monster]: Max RunDelay: 562; Max RunCount 4317
---[Human]: Max RunDelay: 344; [Socket]: Max RunDelay: 15
---[App]: Min PerSecRun: 53; Max RunDelay 0
-----------------------------------------------------
2019-08-31 18:00:57 GS-1 载入商城热销商品列表，共32个。
2019-08-31 18:00:57 GS-1 ==> 加载商城热销榜:5
2019-08-31 18:00:57 GS-1 08-31 18:00:57 User = 13 / 13
2019-08-31 18:01:01 GS-1 -----------------------------------------------------
---[Monster]: Max RunDelay: 375; Max RunCount 4403
---[Human]: Max RunDelay: 94; [Socket]: Max RunDelay: 63
---[App]: Min PerSecRun: 64; Max RunDelay 0
-----------------------------------------------------
2019-08-31 18:06:01 GS-1 -----------------------------------------------------
---[Monster]: Max RunDelay: 391; Max RunCount 4376
---[Human]: Max RunDelay: 94; [Socket]: Max RunDelay: 16
---[App]: Min PerSecRun: 63; Max RunDelay 0
-----------------------------------------------------
2019-08-31 18:10:57 GS-1 08-31 18:10:57 User = 13 / 13
2019-08-31 18:11:02 GS-1 -----------------------------------------------------
---[Monster]: Max RunDelay: 391; Max RunCount 4083
---[Human]: Max RunDelay: 125; [Socket]: Max RunDelay: 16
---[App]: Min PerSecRun: 64; Max RunDelay 15
-----------------------------------------------------
2019-08-31 18:16:03 GS-1 -----------------------------------------------------
---[Monster]: Max RunDelay: 328; Max RunCount 3990
---[Human]: Max RunDelay: 94; [Socket]: Max RunDelay: 15
---[App]: Min PerSecRun: 71; Max RunDelay 0
-----------------------------------------------------
2019-08-31 18:20:57 GS-1 08-31 18:20:57 User = 14 / 14
2019-08-31 18:21:04 GS-1 -----------------------------------------------------
---[Monster]: Max RunDelay: 297; Max RunCount 4283
---[Human]: Max RunDelay: 47; [Socket]: Max RunDelay: 15
---[App]: Min PerSecRun: 69; Max RunDelay 16
-----------------------------------------------------
2019-08-31 18:26:05 GS-1 -----------------------------------------------------
---[Monster]: Max RunDelay: 297; Max RunCount 4174
---[Human]: Max RunDelay: 47; [Socket]: Max RunDelay: 15
---[App]: Min PerSecRun: 71; Max RunDelay 0
-----------------------------------------------------
2019-08-31 18:30:57 GS-1 08-31 18:30:57 User = 16 / 16
2019-08-31 18:31:06 GS-1 -----------------------------------------------------
---[Monster]: Max RunDelay: 266; Max RunCount 4259
---[Human]: Max RunDelay: 63; [Socket]: Max RunDelay: 16
---[App]: Min PerSecRun: 72; Max RunDelay 0
-----------------------------------------------------
2019-08-31 18:36:07 GS-1 -----------------------------------------------------
---[Monster]: Max RunDelay: 250; Max RunCount 4260
---[Human]: Max RunDelay: 47; [Socket]: Max RunDelay: 16
---[App]: Min PerSecRun: 74; Max RunDelay 16
-----------------------------------------------------
2019-08-31 18:40:57 GS-1 08-31 18:40:57 User = 15 / 15
2019-08-31 18:41:08 GS-1 -----------------------------------------------------
---[Monster]: Max RunDelay: 281; Max RunCount 4253
---[Human]: Max RunDelay: 47; [Socket]: Max RunDelay: 16
---[App]: Min PerSecRun: 73; Max RunDelay 0
-----------------------------------------------------
2019-08-31 18:46:09 GS-1 -----------------------------------------------------
---[Monster]: Max RunDelay: 282; Max RunCount 4057
---[Human]: Max RunDelay: 62; [Socket]: Max RunDelay: 16
---[App]: Min PerSecRun: 73; Max RunDelay 0
-----------------------------------------------------
2019-08-31 18:50:57 GS-1 08-31 18:50:57 User = 15 / 15
2019-08-31 18:51:10 GS-1 -----------------------------------------------------
---[Monster]: Max RunDelay: 282; Max RunCount 4042
---[Human]: Max RunDelay: 47; [Socket]: Max RunDelay: 16
---[App]: Min PerSecRun: 73; Max RunDelay 0
-----------------------------------------------------
2019-08-31 18:56:11 GS-1 -----------------------------------------------------
---[Monster]: Max RunDelay: 266; Max RunCount 4016
---[Human]: Max RunDelay: 47; [Socket]: Max RunDelay: 16
---[App]: Min PerSecRun: 72; Max RunDelay 0
-----------------------------------------------------
2019-08-31 19:00:57 GS-1 载入商城热销商品列表，共32个。
2019-08-31 19:00:57 GS-1 ==> 加载商城热销榜:5
2019-08-31 19:00:57 GS-1 08-31 19:00:57 User = 16 / 16
2019-08-31 19:01:12 GS-1 -----------------------------------------------------
---[Monster]: Max RunDelay: 281; Max RunCount 4180
---[Human]: Max RunDelay: 47; [Socket]: Max RunDelay: 16
---[App]: Min PerSecRun: 71; Max RunDelay 0
-----------------------------------------------------
2019-08-31 19:06:13 GS-1 -----------------------------------------------------
---[Monster]: Max RunDelay: 281; Max RunCount 4331
---[Human]: Max RunDelay: 47; [Socket]: Max RunDelay: 16
---[App]: Min PerSecRun: 69; Max RunDelay 0
-----------------------------------------------------
2019-08-31 19:10:57 GS-1 08-31 19:10:57 User = 17 / 17
2019-08-31 19:11:14 GS-1 -----------------------------------------------------
---[Monster]: Max RunDelay: 281; Max RunCount 4556
---[Human]: Max RunDelay: 47; [Socket]: Max RunDelay: 16
---[App]: Min PerSecRun: 68; Max RunDelay 0
-----------------------------------------------------
2019-08-31 19:16:15 GS-1 -----------------------------------------------------
---[Monster]: Max RunDelay: 282; Max RunCount 4137
---[Human]: Max RunDelay: 78; [Socket]: Max RunDelay: 16
---[App]: Min PerSecRun: 72; Max RunDelay 0
-----------------------------------------------------
2019-08-31 19:20:57 GS-1 08-31 19:20:57 User = 20 / 20
2019-08-31 19:21:16 GS-1 -----------------------------------------------------
---[Monster]: Max RunDelay: 281; Max RunCount 3936
---[Human]: Max RunDelay: 63; [Socket]: Max RunDelay: 16
---[App]: Min PerSecRun: 72; Max RunDelay 0
-----------------------------------------------------
2019-08-31 19:26:17 GS-1 -----------------------------------------------------
---[Monster]: Max RunDelay: 296; Max RunCount 4407
---[Human]: Max RunDelay: 47; [Socket]: Max RunDelay: 16
---[App]: Min PerSecRun: 71; Max RunDelay 0
-----------------------------------------------------
2019-08-31 19:30:57 GS-1 08-31 19:30:57 User = 20 / 20
2019-08-31 19:31:18 GS-1 -----------------------------------------------------
---[Monster]: Max RunDelay: 282; Max RunCount 4213
---[Human]: Max RunDelay: 63; [Socket]: Max RunDelay: 16
---[App]: Min PerSecRun: 71; Max RunDelay 16
-----------------------------------------------------
2019-08-31 19:36:19 GS-1 -----------------------------------------------------
---[Monster]: Max RunDelay: 282; Max RunCount 4207
---[Human]: Max RunDelay: 63; [Socket]: Max RunDelay: 16
---[App]: Min PerSecRun: 72; Max RunDelay 0
-----------------------------------------------------
2019-08-31 19:40:57 GS-1 08-31 19:40:57 User = 20 / 20
2019-08-31 19:41:20 GS-1 -----------------------------------------------------
---[Monster]: Max RunDelay: 282; Max RunCount 4671
---[Human]: Max RunDelay: 63; [Socket]: Max RunDelay: 16
---[App]: Min PerSecRun: 72; Max RunDelay 0
-----------------------------------------------------
2019-08-31 19:46:21 GS-1 -----------------------------------------------------
---[Monster]: Max RunDelay: 282; Max RunCount 4314
---[Human]: Max RunDelay: 62; [Socket]: Max RunDelay: 16
---[App]: Min PerSecRun: 72; Max RunDelay 0
-----------------------------------------------------
2019-08-31 19:50:57 GS-1 08-31 19:50:57 User = 19 / 19
2019-08-31 19:51:22 GS-1 -----------------------------------------------------
---[Monster]: Max RunDelay: 282; Max RunCount 4640
---[Human]: Max RunDelay: 47; [Socket]: Max RunDelay: 16
---[App]: Min PerSecRun: 73; Max RunDelay 0
-----------------------------------------------------
2019-08-31 19:56:23 GS-1 -----------------------------------------------------
---[Monster]: Max RunDelay: 282; Max RunCount 4662
---[Human]: Max RunDelay: 63; [Socket]: Max RunDelay: 16
---[App]: Min PerSecRun: 72; Max RunDelay 0
-----------------------------------------------------
2019-08-31 20:00:57 GS-1 载入商城热销商品列表，共32个。
2019-08-31 20:00:57 GS-1 ==> 加载商城热销榜:5
2019-08-31 20:00:57 GS-1 08-31 20:00:57 User = 19 / 19
2019-08-31 20:01:24 GS-1 -----------------------------------------------------
---[Monster]: Max RunDelay: 282; Max RunCount 5196
---[Human]: Max RunDelay: 47; [Socket]: Max RunDelay: 16
---[App]: Min PerSecRun: 72; Max RunDelay 0
-----------------------------------------------------
2019-08-31 20:06:25 GS-1 -----------------------------------------------------
---[Monster]: Max RunDelay: 328; Max RunCount 4930
---[Human]: Max RunDelay: 47; [Socket]: Max RunDelay: 16
---[App]: Min PerSecRun: 68; Max RunDelay 0
-----------------------------------------------------
2019-08-31 20:10:57 GS-1 08-31 20:10:57 User = 14 / 14
2019-08-31 20:11:26 GS-1 -----------------------------------------------------
---[Monster]: Max RunDelay: 297; Max RunCount 4338
---[Human]: Max RunDelay: 47; [Socket]: Max RunDelay: 16
---[App]: Min PerSecRun: 72; Max RunDelay 0
-----------------------------------------------------
2019-08-31 20:16:27 GS-1 -----------------------------------------------------
---[Monster]: Max RunDelay: 281; Max RunCount 4540
---[Human]: Max RunDelay: 47; [Socket]: Max RunDelay: 15
---[App]: Min PerSecRun: 73; Max RunDelay 0
-----------------------------------------------------
2019-08-31 20:20:12 GS-1   玩家： 易妙思，邮件Idx:  914，功加载了 1附件。
2019-08-31 20:20:12 GS-1   玩家： 易妙思，邮件Idx:  904，功加载了 1附件。
2019-08-31 20:20:12 GS-1   玩家： 易妙思，邮件Idx:  905，功加载了 1附件。
2019-08-31 20:20:12 GS-1   玩家： 易妙思，邮件Idx:  906，功加载了 1附件。
2019-08-31 20:20:12 GS-1   玩家： 易妙思，邮件Idx:  907，功加载了 1附件。
2019-08-31 20:20:12 GS-1   玩家： 易妙思，邮件Idx:  908，功加载了 1附件。
2019-08-31 20:20:12 GS-1   玩家： 易妙思，邮件Idx:  909，功加载了 1附件。
2019-08-31 20:20:57 GS-1 08-31 20:20:57 User = 14 / 14
2019-08-31 20:21:28 GS-1 -----------------------------------------------------
---[Monster]: Max RunDelay: 546; Max RunCount 5230
---[Human]: Max RunDelay: 359; [Socket]: Max RunDelay: 15
---[App]: Min PerSecRun: 53; Max RunDelay 0
-----------------------------------------------------
2019-08-31 20:26:29 GS-1 -----------------------------------------------------
---[Monster]: Max RunDelay: 281; Max RunCount 4911
---[Human]: Max RunDelay: 47; [Socket]: Max RunDelay: 16
---[App]: Min PerSecRun: 71; Max RunDelay 0
-----------------------------------------------------
2019-08-31 20:30:57 GS-1 08-31 20:30:57 User = 13 / 13
2019-08-31 20:31:30 GS-1 -----------------------------------------------------
---[Monster]: Max RunDelay: 266; Max RunCount 4298
---[Human]: Max RunDelay: 47; [Socket]: Max RunDelay: 16
---[App]: Min PerSecRun: 72; Max RunDelay 0
-----------------------------------------------------
2019-08-31 20:36:31 GS-1 -----------------------------------------------------
---[Monster]: Max RunDelay: 281; Max RunCount 4776
---[Human]: Max RunDelay: 47; [Socket]: Max RunDelay: 15
---[App]: Min PerSecRun: 73; Max RunDelay 0
-----------------------------------------------------
2019-08-31 20:40:57 GS-1 08-31 20:40:57 User = 13 / 13
2019-08-31 20:41:31 GS-1 -----------------------------------------------------
---[Monster]: Max RunDelay: 1750; Max RunCount 5252
---[Human]: Max RunDelay: 1375; [Socket]: Max RunDelay: 141
---[App]: Min PerSecRun: 28; Max RunDelay 0
-----------------------------------------------------
2019-08-31 20:46:31 GS-1 -----------------------------------------------------
---[Monster]: Max RunDelay: 7531; Max RunCount 5198
---[Human]: Max RunDelay: 2234; [Socket]: Max RunDelay: 16
---[App]: Min PerSecRun: 33; Max RunDelay 47
-----------------------------------------------------
2019-08-31 20:50:57 GS-1 08-31 20:50:57 User = 13 / 13
2019-08-31 20:51:31 GS-1 -----------------------------------------------------
---[Monster]: Max RunDelay: 546; Max RunCount 5184
---[Human]: Max RunDelay: 63; [Socket]: Max RunDelay: 16
---[App]: Min PerSecRun: 53; Max RunDelay 0
-----------------------------------------------------
2019-08-31 20:56:33 GS-1 -----------------------------------------------------
---[Monster]: Max RunDelay: 750; Max RunCount 5211
---[Human]: Max RunDelay: 391; [Socket]: Max RunDelay: 16
---[App]: Min PerSecRun: 39; Max RunDelay 0
-----------------------------------------------------
2019-08-31 21:00:58 GS-1 载入商城热销商品列表，共32个。
2019-08-31 21:00:58 GS-1 ==> 加载商城热销榜:5
2019-08-31 21:00:58 GS-1 08-31 21:00:58 User = 14 / 14
2019-08-31 21:01:34 GS-1 -----------------------------------------------------
---[Monster]: Max RunDelay: 984; Max RunCount 5233
---[Human]: Max RunDelay: 141; [Socket]: Max RunDelay: 203
---[App]: Min PerSecRun: 11; Max RunDelay 0
-----------------------------------------------------
2019-08-31 21:03:38 GS-1   玩家： 大黑，邮件Idx:  916，功加载了 6附件。
2019-08-31 21:06:34 GS-1 -----------------------------------------------------
---[Monster]: Max RunDelay: 500; Max RunCount 5148
---[Human]: Max RunDelay: 78; [Socket]: Max RunDelay: 16
---[App]: Min PerSecRun: 50; Max RunDelay 16
-----------------------------------------------------
2019-08-31 21:08:54 GS-1 --ReInitializet-- 因为点击NPC失败，重新刷新NPC...
2019-08-31 21:08:59 GS-1 --ReInitializet-- 因为点击NPC失败，重新刷新NPC...
2019-08-31 21:10:58 GS-1 08-31 21:10:58 User = 14 / 14
2019-08-31 21:11:36 GS-1 -----------------------------------------------------
---[Monster]: Max RunDelay: 594; Max RunCount 5178
---[Human]: Max RunDelay: 94; [Socket]: Max RunDelay: 46
---[App]: Min PerSecRun: 72; Max RunDelay 16
-----------------------------------------------------
2019-08-31 21:16:36 GS-1 -----------------------------------------------------
---[Monster]: Max RunDelay: 312; Max RunCount 5246
---[Human]: Max RunDelay: 94; [Socket]: Max RunDelay: 16
---[App]: Min PerSecRun: 72; Max RunDelay 15
-----------------------------------------------------
2019-08-31 21:20:58 GS-1 08-31 21:20:58 User = 15 / 15
2019-08-31 21:21:37 GS-1 -----------------------------------------------------
---[Monster]: Max RunDelay: 515; Max RunCount 5245
---[Human]: Max RunDelay: 94; [Socket]: Max RunDelay: 16
---[App]: Min PerSecRun: 51; Max RunDelay 16
-----------------------------------------------------
2019-08-31 21:26:39 GS-1 -----------------------------------------------------
---[Monster]: Max RunDelay: 313; Max RunCount 5153
---[Human]: Max RunDelay: 94; [Socket]: Max RunDelay: 47
---[App]: Min PerSecRun: 71; Max RunDelay 31
-----------------------------------------------------
2019-08-31 21:30:59 GS-1 08-31 21:30:59 User = 17 / 17
2019-08-31 21:31:40 GS-1 -----------------------------------------------------
---[Monster]: Max RunDelay: 329; Max RunCount 5249
---[Human]: Max RunDelay: 94; [Socket]: Max RunDelay: 47
---[App]: Min PerSecRun: 69; Max RunDelay 16
-----------------------------------------------------
2019-08-31 21:36:40 GS-1 -----------------------------------------------------
---[Monster]: Max RunDelay: 297; Max RunCount 5248
---[Human]: Max RunDelay: 94; [Socket]: Max RunDelay: 47
---[App]: Min PerSecRun: 71; Max RunDelay 16
-----------------------------------------------------
2019-08-31 21:40:59 GS-1 08-31 21:40:59 User = 17 / 17
2019-08-31 21:41:42 GS-1 -----------------------------------------------------
---[Monster]: Max RunDelay: 578; Max RunCount 5248
---[Human]: Max RunDelay: 94; [Socket]: Max RunDelay: 16
---[App]: Min PerSecRun: 70; Max RunDelay 16
-----------------------------------------------------
2019-08-31 21:45:46 GS-1   玩家： 聆听心雨，邮件Idx:  919，功加载了 20附件。
2019-08-31 21:46:28 GS-1   玩家： 聆听心雨，邮件Idx:  920，功加载了 1附件。
2019-08-31 21:46:28 GS-1   玩家： 聆听心雨，邮件Idx:  898，功加载了 1附件。
2019-08-31 21:46:42 GS-1 -----------------------------------------------------
---[Monster]: Max RunDelay: 359; Max RunCount 5247
---[Human]: Max RunDelay: 109; [Socket]: Max RunDelay: 62
---[App]: Min PerSecRun: 70; Max RunDelay 31
-----------------------------------------------------
2019-08-31 21:51:01 GS-1 08-31 21:51:01 User = 16 / 16
2019-08-31 21:51:43 GS-1 -----------------------------------------------------
---[Monster]: Max RunDelay: 328; Max RunCount 4940
---[Human]: Max RunDelay: 109; [Socket]: Max RunDelay: 16
---[App]: Min PerSecRun: 66; Max RunDelay 47
-----------------------------------------------------
2019-08-31 21:55:13 GS-1 [脚本(修炼圣地-3.pas)缺函数]: ForgeDiaYB
2019-08-31 21:55:13 GS-1 --ReInitializet-- 因为点击NPC失败，重新刷新NPC...
2019-08-31 21:56:44 GS-1 -----------------------------------------------------
---[Monster]: Max RunDelay: 390; Max RunCount 5140
---[Human]: Max RunDelay: 140; [Socket]: Max RunDelay: 16
---[App]: Min PerSecRun: 58; Max RunDelay 15
-----------------------------------------------------
2019-08-31 22:00:59 GS-1 载入商城热销商品列表，共32个。
2019-08-31 22:00:59 GS-1 ==> 加载商城热销榜:5
2019-08-31 22:01:02 GS-1 08-31 22:01:02 User = 16 / 16
2019-08-31 22:01:46 GS-1 -----------------------------------------------------
---[Monster]: Max RunDelay: 547; Max RunCount 5239
---[Human]: Max RunDelay: 78; [Socket]: Max RunDelay: 110
---[App]: Min PerSecRun: 61; Max RunDelay 0
-----------------------------------------------------
2019-08-31 22:06:47 GS-1 -----------------------------------------------------
---[Monster]: Max RunDelay: 469; Max RunCount 5156
---[Human]: Max RunDelay: 250; [Socket]: Max RunDelay: 32
---[App]: Min PerSecRun: 59; Max RunDelay 0
-----------------------------------------------------
2019-08-31 22:07:52 GS-1 --ReInitializet-- 因为点击NPC失败，重新刷新NPC...
2019-08-31 22:08:14 GS-1 --ReInitializet-- 因为点击NPC失败，重新刷新NPC...
2019-08-31 22:08:15 GS-1 --ReInitializet-- 因为点击NPC失败，重新刷新NPC...
2019-08-31 22:08:16 GS-1 --ReInitializet-- 因为点击NPC失败，重新刷新NPC...
2019-08-31 22:08:38 GS-1 --ReInitializet-- 因为点击NPC失败，重新刷新NPC...
2019-08-31 22:08:40 GS-1 --ReInitializet-- 因为点击NPC失败，重新刷新NPC...
2019-08-31 22:08:55 GS-1 --ReInitializet-- 因为点击NPC失败，重新刷新NPC...
2019-08-31 22:11:02 GS-1 08-31 22:11:02 User = 17 / 17
2019-08-31 22:11:48 GS-1 -----------------------------------------------------
---[Monster]: Max RunDelay: 281; Max RunCount 5161
---[Human]: Max RunDelay: 78; [Socket]: Max RunDelay: 15
---[App]: Min PerSecRun: 73; Max RunDelay 0
-----------------------------------------------------
2019-08-31 22:16:48 GS-1 -----------------------------------------------------
---[Monster]: Max RunDelay: 531; Max RunCount 5323
---[Human]: Max RunDelay: 250; [Socket]: Max RunDelay: 78
---[App]: Min PerSecRun: 57; Max RunDelay 0
-----------------------------------------------------
2019-08-31 22:18:43 GS-1 --ReInitializet-- 因为点击NPC失败，重新刷新NPC...
2019-08-31 22:18:43 GS-1 --ReInitializet-- 因为点击NPC失败，重新刷新NPC...
2019-08-31 22:21:02 GS-1 08-31 22:21:02 User = 16 / 16
2019-08-31 22:21:49 GS-1 -----------------------------------------------------
---[Monster]: Max RunDelay: 968; Max RunCount 5285
---[Human]: Max RunDelay: 328; [Socket]: Max RunDelay: 31
---[App]: Min PerSecRun: 34; Max RunDelay 0
-----------------------------------------------------
2019-08-31 22:26:50 GS-1 -----------------------------------------------------
---[Monster]: Max RunDelay: 1329; Max RunCount 5233
---[Human]: Max RunDelay: 593; [Socket]: Max RunDelay: 188
---[App]: Min PerSecRun: 9; Max RunDelay 0
-----------------------------------------------------
2019-08-31 22:31:02 GS-1 08-31 22:31:02 User = 16 / 16
2019-08-31 22:31:51 GS-1 -----------------------------------------------------
---[Monster]: Max RunDelay: 282; Max RunCount 5027
---[Human]: Max RunDelay: 62; [Socket]: Max RunDelay: 16
---[App]: Min PerSecRun: 72; Max RunDelay 0
-----------------------------------------------------
2019-08-31 22:36:52 GS-1 -----------------------------------------------------
---[Monster]: Max RunDelay: 454; Max RunCount 4974
---[Human]: Max RunDelay: 63; [Socket]: Max RunDelay: 16
---[App]: Min PerSecRun: 59; Max RunDelay 0
-----------------------------------------------------
2019-08-31 22:41:03 GS-1 08-31 22:41:03 User = 17 / 17
2019-08-31 22:41:53 GS-1 -----------------------------------------------------
---[Monster]: Max RunDelay: 735; Max RunCount 5231
---[Human]: Max RunDelay: 344; [Socket]: Max RunDelay: 16
---[App]: Min PerSecRun: 21; Max RunDelay 0
-----------------------------------------------------
2019-08-31 22:46:54 GS-1 -----------------------------------------------------
---[Monster]: Max RunDelay: 359; Max RunCount 5015
---[Human]: Max RunDelay: 62; [Socket]: Max RunDelay: 16
---[App]: Min PerSecRun: 68; Max RunDelay 0
-----------------------------------------------------
2019-08-31 22:51:02 GS-1 08-31 22:51:02 User = 16 / 16
2019-08-31 22:51:54 GS-1 -----------------------------------------------------
---[Monster]: Max RunDelay: 531; Max RunCount 5186
---[Human]: Max RunDelay: 93; [Socket]: Max RunDelay: 16
---[App]: Min PerSecRun: 54; Max RunDelay 0
-----------------------------------------------------
2019-08-31 22:56:55 GS-1 -----------------------------------------------------
---[Monster]: Max RunDelay: 516; Max RunCount 5402
---[Human]: Max RunDelay: 47; [Socket]: Max RunDelay: 16
---[App]: Min PerSecRun: 61; Max RunDelay 0
-----------------------------------------------------
2019-08-31 23:00:07 GS-1 23:00:08 Gate 1 (49.234.26.20) 关闭
2019-08-31 23:00:07 GS-1 [Warning]: 与DB 服务器断开连接....
2019-08-31 23:00:13 GS-1 释放--魔龙冰晶升级对象--结束
2019-08-31 23:00:13 GS-1 释放--天赐宝箱1--结束
2019-08-31 23:00:13 GS-1 释放--天赐宝箱2--结束
2019-08-31 23:00:13 GS-1 释放--一点充--结束
2019-08-31 23:00:13 GS-1 释放--事件管理对象--结束
2019-08-31 23:00:13 GS-1 释放--任务管理对象--结束
2019-08-31 23:00:13 GS-1 释放--升级提醒管理对象--结束
2019-08-31 23:00:13 GS-1 释放--GDMsg管理对象--结束
2019-08-31 23:00:13 GS-1 释放--跨地图寻路管理对象--结束
2019-08-31 23:00:13 GS-1 释放--沙巴克管理对象--结束
2019-08-31 23:00:13 GS-1 释放--中央活动服务器客户端--结束
2019-08-31 23:00:13 GS-1 释放--乾坤包--结束
2019-08-31 23:00:13 GS-1 正在清除模块-卧龙英雄管理-的配置表d:\Mud2.0\Mir200\Share\EngineConfig\卧龙英雄管理\Fortress-HERO1.txt
2019-08-31 23:00:13 GS-1 正在清除模块-卧龙英雄管理-的配置表d:\Mud2.0\Mir200\Share\EngineConfig\卧龙英雄管理\Fortress.txt
2019-08-31 23:00:13 GS-1 正在清除模块-游戏元素点阵管理-的配置表d:\Mud2.0\Mir200\Share\EngineConfig\游戏元素点阵管理\GMActEvent.txt
2019-08-31 23:00:13 GS-1 正在清除模块-信用分管理-的配置表d:\Mud2.0\Mir200\Share\EngineConfig\信用分管理\PlayerActivePoint.xml
2019-08-31 23:00:13 GS-1 正在清除模块-信用分管理-的配置表d:\Mud2.0\Mir200\Share\EngineConfig\信用分管理\MapActivePoint.xml
2019-08-31 23:00:13 GS-1 正在清除模块-摆摊交易-的配置表d:\Mud2.0\Mir200\Share\EngineConfig\摆摊交易\摊位基础设置.ini
2019-08-31 23:00:13 GS-1 正在清除模块-元宝商城管理-的配置表d:\Mud2.0\Mir200\Share\EngineConfig\元宝商城管理\YBGoods.sql
2019-08-31 23:00:13 GS-1 正在清除模块-小助手管理-的配置表d:\Mud2.0\Mir200\Share\EngineConfig\小助手管理\小助手.txt
2019-08-31 23:00:13 GS-1 正在清除模块-静态地图管理-的配置表d:\Mud2.0\Mir200\Share\EngineConfig\静态地图管理\MapDropLimitBagItems.xml
2019-08-31 23:00:13 GS-1 正在清除模块-装备合成管理-的配置表d:\Mud2.0\Mir200\Share\EngineConfig\装备合成管理\StrengthenEquip.xml
2019-08-31 23:00:13 GS-1 正在清除模块-藏宝图管理-的配置表d:\Mud2.0\Mir200\Share\EngineConfig\藏宝图管理\修复藏宝图.txt
2019-08-31 23:00:13 GS-1 正在清除模块-藏宝图管理-的配置表d:\Mud2.0\Mir200\Share\EngineConfig\藏宝图管理\魔龙藏宝图合成装备.txt
2019-08-31 23:00:13 GS-1 正在清除模块-衣服升级管理-的配置表d:\Mud2.0\Mir200\Share\EngineConfig\衣服升级管理\UpdateClothes.xml
2019-08-31 23:00:13 GS-1 正在清除模块-道具管理-的配置表d:\Mud2.0\Mir200\Share\EngineConfig\道具管理\宝石配置.txt
2019-08-31 23:00:13 GS-1 正在清除模块-世界暴率管理-的配置表d:\Mud2.0\Mir200\Share\EngineConfig\世界暴率管理\世界爆率文件1.txt
2019-08-31 23:00:13 GS-1 释放--跨GS消息管理对象--结束
2019-08-31 23:00:13 GS-1 释放--gate管理对象--结束
2019-08-31 23:00:13 GS-1 释放--魔法管理对象--结束
2019-08-31 23:00:13 GS-1 释放--套装管理对象--结束
2019-08-31 23:00:13 GS-1 释放--新暴率管理对象--结束
2019-08-31 23:00:13 GS-1 释放--角色信息初始化管理对象--结束
2019-08-31 23:00:13 GS-1 释放--GS本地日志--结束
2019-08-31 23:00:13 GS-1 释放--DBEngn对象--结束
2019-08-31 23:00:13 GS-1 释放--任务列表--结束
2019-08-31 23:00:13 GS-1 释放--buffer管理类--结束
2019-08-31 23:00:13 GS-1 释放--排行榜--结束
2019-08-31 23:00:13 GS-1 释放--免费回收--结束
2019-08-31 23:00:13 GS-1 释放--mysql对象--结束
2019-08-31 23:00:13 GS-1 ================ 服务停止 ==============
