2019-08-03 07:30:46 GS-1 -----------------------------------------------------
---[Monster]: Max RunDelay: 0; Max RunCount 0
---[Human]: Max RunDelay: 0; [Socket]: Max RunDelay: 0
---[App]: Min PerSecRun: 100; Max RunDelay 0
-----------------------------------------------------
2019-08-03 07:30:46 GS-1 ================ 服务启动 ==============
2019-08-03 07:30:46 GS-1 TPlayerBody Size - 1616
2019-08-03 07:30:46 GS-1 TPlayerDB Size - 61608
2019-08-03 07:30:46 GS-1 ======== 连接MySQL成功 =======
2019-08-03 07:30:46 GS-1 *** ***Gamelog 的下次清理时间为 : 08月10日03时*** ***
2019-08-03 07:30:46 GS-1 ==加载GM指令定义完成==
2019-08-03 07:30:46 GS-1 与 DB 服务器连接成功
2019-08-03 07:30:46 GS-1 [Error]: 火龙珠奖励配置错误！
2019-08-03 07:30:46 GS-1 [Error]: 抽取概率错误:赤金天赐->宝箱1:概率7
2019-08-03 07:30:46 GS-1 [Error]: 抽取概率错误:白银天赐->宝箱1:概率7
2019-08-03 07:30:46 GS-1 [Error]: 抽取概率错误:紫铜天赐->宝箱1:概率7
2019-08-03 07:30:46 GS-1 [Error]: 抽取概率错误:神秘天赐->宝箱1:概率7
2019-08-03 07:30:46 GS-1 [Error]: 抽取概率错误:檀木天赐->宝箱1:概率7
2019-08-03 07:30:46 GS-1 [Error]: 抽取概率错误:宝藏天赐 ->宝箱1:概率7
2019-08-03 07:30:46 GS-1 [Error]: StdItems 不存在的天赐：新年天赐
2019-08-03 07:30:46 GS-1 [Error]: StdItems 不存在的钥匙：新年钥匙
2019-08-03 07:30:46 GS-1 [Error]: StdItems 不存在的钥匙：春节钥匙
2019-08-03 07:30:46 GS-1 [Error]: StdItems 不存在的钥匙：节日钥匙
2019-08-03 07:30:46 GS-1 [Error]: StdItems 不存在的天赐：感恩天赐
2019-08-03 07:30:46 GS-1 [Error]: StdItems 不存在的钥匙：感恩钥匙
2019-08-03 07:30:46 GS-1 系统参数初始化完毕
2019-08-03 07:30:46 GS-1 准备加载NPC，共488个
2019-08-03 07:30:46 GS-1 已加载d:\Mud2.0\Mir200\Share\EngineConfig\系统信息管理\RollMsg.txt！
2019-08-03 07:30:46 GS-1 已加载d:\Mud2.0\Mir200\Share\EngineConfig\系统信息管理\掉落物品提示.txt！
2019-08-03 07:30:46 GS-1 已加载d:\Mud2.0\Mir200\Share\EngineConfig\卧龙英雄管理\Fortress.txt！
2019-08-03 07:30:46 GS-1 已加载d:\Mud2.0\Mir200\Share\EngineConfig\游戏元素点阵管理\GMActEvent.txt！
2019-08-03 07:30:46 GS-1    加载邮件信息成功,加载0个玩家的邮件。
2019-08-03 07:30:46 GS-1    加载邮件信息成功,加载0个玩家的邮件。
2019-08-03 07:30:46 GS-1 已加载d:\Mud2.0\Mir200\Share\EngineConfig\摆摊交易\摊位基础设置.ini！
2019-08-03 07:30:46 GS-1 刷新摊位过期将在2:55执行！
2019-08-03 07:30:46 GS-1   加载Stall成功，共加载摊位0个
2019-08-03 07:30:46 GS-1 [Information]: 寄售表创建成功!
2019-08-03 07:30:46 GS-1 [Information]: 寄售历史表创建成功!
2019-08-03 07:30:46 GS-1 [Information]: 更新超时订单成功!
2019-08-03 07:30:46 GS-1 已加载刷新商城时间：00:00:00.
2019-08-03 07:30:46 GS-1 已加载刷新商城时间：06:00:00.
2019-08-03 07:30:46 GS-1 已加载刷新商城时间：12:00:00.
2019-08-03 07:30:46 GS-1 载入商城物品列表，共5个类别，32种商品
2019-08-03 07:30:46 GS-1 ==> 加载商城物品 装饰类：11/11
2019-08-03 07:30:46 GS-1 ==> 加载商城物品 补给类：2/2
2019-08-03 07:30:46 GS-1 ==> 加载商城物品 强化类：14/14
2019-08-03 07:30:46 GS-1 ==> 加载商城物品 限量类：3/3
2019-08-03 07:30:46 GS-1 ==> 加载商城物品 好友类：2/2
2019-08-03 07:30:46 GS-1 ==> 加载商城物品 类：0/0
2019-08-03 07:30:46 GS-1 ==> 加载商城物品 类：0/0
2019-08-03 07:30:46 GS-1 ==> 加载商城物品 类：0/0
2019-08-03 07:30:46 GS-1    [删除错误数据] 删除用户表中不存在的战队成员
2019-08-03 07:30:46 GS-1    [删除错误数据] 清除战队队长不存在的项
2019-08-03 07:30:46 GS-1    [删除错误数据] 不存在战队的成员
2019-08-03 07:30:46 GS-1    正在加载战队...
2019-08-03 07:30:46 GS-1    战队表数量 : 0
2019-08-03 07:30:46 GS-1    加载战队数量:0
2019-08-03 07:30:46 GS-1    正在加载战队成员...
2019-08-03 07:30:46 GS-1    战队成员总数:0 加载成员数:0
2019-08-03 07:30:46 GS-1    正在检测战队数据有效性...
2019-08-03 07:30:46 GS-1    战队数据有效性检测完毕
2019-08-03 07:30:46 GS-1    [删除错误数据] 清除会长战队不存在行会
2019-08-03 07:30:46 GS-1    [删除错误数据] 清除行会不存在的行会成员
2019-08-03 07:30:46 GS-1    [删除错误数据] 清除行会不存在的行会关系ID排列错误的项
2019-08-03 07:30:46 GS-1    [删除错误数据] 清除行会不存在行会关系
2019-08-03 07:30:46 GS-1    [删除错误数据] 清除行会不存在关注行会
2019-08-03 07:30:46 GS-1    加载行会数量 : 0
2019-08-03 07:30:46 GS-1    加载行会成员(战队)数量 : 0
2019-08-03 07:30:46 GS-1    加载行会关系数量 : 0
2019-08-03 07:30:46 GS-1    加载关注行会数量 : 0
2019-08-03 07:30:46 GS-1    加载请求数量:0
2019-08-03 07:30:46 GS-1 [Error]: 小助手 不存在！
2019-08-03 07:30:46 GS-1 D411地图配置在MapInfo.txt 中不是LIMITBAGITEMDROP属性
2019-08-03 07:30:46 GS-1 D415地图配置在MapInfo.txt 中不是LIMITBAGITEMDROP属性
2019-08-03 07:30:46 GS-1 D416地图配置在MapInfo.txt 中不是LIMITBAGITEMDROP属性
2019-08-03 07:30:46 GS-1 信用分验证功能：开
2019-08-03 07:30:46 GS-1 GS脚本版本号：10001
2019-08-03 07:30:46 GS-1 更新排行榜，共计：4 页
2019-08-03 07:31:20 GS-1 载入商城热销商品列表，共2个。
2019-08-03 07:31:20 GS-1 ==> 加载商城热销榜:2
2019-08-03 07:31:20 GS-1 [Error]: TFieldHero.FillDBData: 龙纹不存在！
2019-08-03 07:31:24 GS-1 Gate 1 开启
2019-08-03 07:35:46 GS-1 -----------------------------------------------------
---[Monster]: Max RunDelay: 578; Max RunCount 3141
---[Human]: Max RunDelay: 265; [Socket]: Max RunDelay: 16
---[App]: Min PerSecRun: 46; Max RunDelay 0
-----------------------------------------------------
2019-08-03 07:40:47 GS-1 -----------------------------------------------------
---[Monster]: Max RunDelay: 656; Max RunCount 3153
---[Human]: Max RunDelay: 422; [Socket]: Max RunDelay: 16
---[App]: Min PerSecRun: 33; Max RunDelay 0
-----------------------------------------------------
2019-08-03 07:41:18 GS-1 08-03 07:41:18 User = 1 / 1
2019-08-03 07:45:49 GS-1 -----------------------------------------------------
---[Monster]: Max RunDelay: 578; Max RunCount 3157
---[Human]: Max RunDelay: 375; [Socket]: Max RunDelay: 47
---[App]: Min PerSecRun: 32; Max RunDelay 0
-----------------------------------------------------
2019-08-03 07:50:50 GS-1 -----------------------------------------------------
---[Monster]: Max RunDelay: 703; Max RunCount 3155
---[Human]: Max RunDelay: 359; [Socket]: Max RunDelay: 172
---[App]: Min PerSecRun: 40; Max RunDelay 0
-----------------------------------------------------
2019-08-03 07:51:19 GS-1 08-03 07:51:19 User = 1 / 1
2019-08-03 07:55:51 GS-1 -----------------------------------------------------
---[Monster]: Max RunDelay: 1250; Max RunCount 3159
---[Human]: Max RunDelay: 547; [Socket]: Max RunDelay: 172
---[App]: Min PerSecRun: 22; Max RunDelay 0
-----------------------------------------------------
2019-08-03 08:00:51 GS-1 -----------------------------------------------------
---[Monster]: Max RunDelay: 4359; Max RunCount 3159
---[Human]: Max RunDelay: 4078; [Socket]: Max RunDelay: 1062
---[App]: Min PerSecRun: 1; Max RunDelay 0
-----------------------------------------------------
2019-08-03 08:01:20 GS-1 08-03 08:01:20 User = 1 / 1
2019-08-03 08:05:52 GS-1 -----------------------------------------------------
---[Monster]: Max RunDelay: 406; Max RunCount 3138
---[Human]: Max RunDelay: 141; [Socket]: Max RunDelay: 16
---[App]: Min PerSecRun: 67; Max RunDelay 0
-----------------------------------------------------
2019-08-03 08:10:53 GS-1 -----------------------------------------------------
---[Monster]: Max RunDelay: 406; Max RunCount 3138
---[Human]: Max RunDelay: 47; [Socket]: Max RunDelay: 16
---[App]: Min PerSecRun: 65; Max RunDelay 0
-----------------------------------------------------
2019-08-03 08:11:20 GS-1 08-03 08:11:20 User = 1 / 1
2019-08-03 08:15:54 GS-1 -----------------------------------------------------
---[Monster]: Max RunDelay: 1531; Max RunCount 3126
---[Human]: Max RunDelay: 1281; [Socket]: Max RunDelay: 94
---[App]: Min PerSecRun: 27; Max RunDelay 0
-----------------------------------------------------
2019-08-03 08:20:55 GS-1 -----------------------------------------------------
---[Monster]: Max RunDelay: 547; Max RunCount 3138
---[Human]: Max RunDelay: 172; [Socket]: Max RunDelay: 125
---[App]: Min PerSecRun: 46; Max RunDelay 0
-----------------------------------------------------
2019-08-03 08:21:21 GS-1 08-03 08:21:21 User = 1 / 1
2019-08-03 08:25:56 GS-1 -----------------------------------------------------
---[Monster]: Max RunDelay: 1281; Max RunCount 3183
---[Human]: Max RunDelay: 735; [Socket]: Max RunDelay: 31
---[App]: Min PerSecRun: 24; Max RunDelay 0
-----------------------------------------------------
2019-08-03 08:30:57 GS-1 -----------------------------------------------------
---[Monster]: Max RunDelay: 2985; Max RunCount 3126
---[Human]: Max RunDelay: 1125; [Socket]: Max RunDelay: 16
---[App]: Min PerSecRun: 1; Max RunDelay 0
-----------------------------------------------------
2019-08-03 08:31:21 GS-1 载入商城热销商品列表，共2个。
2019-08-03 08:31:21 GS-1 ==> 加载商城热销榜:2
2019-08-03 08:31:21 GS-1 08-03 08:31:21 User = 1 / 1
2019-08-03 08:35:58 GS-1 -----------------------------------------------------
---[Monster]: Max RunDelay: 328; Max RunCount 3183
---[Human]: Max RunDelay: 47; [Socket]: Max RunDelay: 16
---[App]: Min PerSecRun: 72; Max RunDelay 0
-----------------------------------------------------
2019-08-03 08:40:59 GS-1 -----------------------------------------------------
---[Monster]: Max RunDelay: 312; Max RunCount 3183
---[Human]: Max RunDelay: 47; [Socket]: Max RunDelay: 16
---[App]: Min PerSecRun: 72; Max RunDelay 0
-----------------------------------------------------
2019-08-03 08:41:21 GS-1 08-03 08:41:21 User = 1 / 1
2019-08-03 08:46:00 GS-1 -----------------------------------------------------
---[Monster]: Max RunDelay: 328; Max RunCount 3183
---[Human]: Max RunDelay: 32; [Socket]: Max RunDelay: 16
---[App]: Min PerSecRun: 74; Max RunDelay 0
-----------------------------------------------------
2019-08-03 08:51:01 GS-1 -----------------------------------------------------
---[Monster]: Max RunDelay: 297; Max RunCount 3183
---[Human]: Max RunDelay: 32; [Socket]: Max RunDelay: 15
---[App]: Min PerSecRun: 71; Max RunDelay 0
-----------------------------------------------------
2019-08-03 08:51:21 GS-1 08-03 08:51:21 User = 1 / 1
2019-08-03 08:56:01 GS-1 -----------------------------------------------------
---[Monster]: Max RunDelay: 484; Max RunCount 3130
---[Human]: Max RunDelay: 32; [Socket]: Max RunDelay: 0
---[App]: Min PerSecRun: 56; Max RunDelay 0
-----------------------------------------------------
2019-08-03 09:01:01 GS-1 -----------------------------------------------------
---[Monster]: Max RunDelay: 5484; Max RunCount 3130
---[Human]: Max RunDelay: 5031; [Socket]: Max RunDelay: 156
---[App]: Min PerSecRun: 14; Max RunDelay 0
-----------------------------------------------------
2019-08-03 09:01:12 GS-1 08-03 09:01:12 User = 1 / 1
2019-08-03 09:06:01 GS-1 -----------------------------------------------------
---[Monster]: Max RunDelay: 50078; Max RunCount 3185
---[Human]: Max RunDelay: 25078; [Socket]: Max RunDelay: 313
---[App]: Min PerSecRun: 4; Max RunDelay 25016
-----------------------------------------------------
2019-08-03 09:11:01 GS-1 -----------------------------------------------------
---[Monster]: Max RunDelay: 4157; Max RunCount 3185
---[Human]: Max RunDelay: 969; [Socket]: Max RunDelay: 282
---[App]: Min PerSecRun: 3; Max RunDelay 0
-----------------------------------------------------
2019-08-03 09:11:37 GS-1 08-03 09:11:37 User = 0 / 0
2019-08-03 09:16:02 GS-1 -----------------------------------------------------
---[Monster]: Max RunDelay: 1219; Max RunCount 3203
---[Human]: Max RunDelay: 641; [Socket]: Max RunDelay: 250
---[App]: Min PerSecRun: 15; Max RunDelay 0
-----------------------------------------------------
2019-08-03 09:21:03 GS-1 -----------------------------------------------------
---[Monster]: Max RunDelay: 1078; Max RunCount 3138
---[Human]: Max RunDelay: 594; [Socket]: Max RunDelay: 203
---[App]: Min PerSecRun: 9; Max RunDelay 0
-----------------------------------------------------
2019-08-03 09:21:38 GS-1 08-03 09:21:38 User = 2 / 2
2019-08-03 09:26:03 GS-1 -----------------------------------------------------
---[Monster]: Max RunDelay: 5219; Max RunCount 3138
---[Human]: Max RunDelay: 5031; [Socket]: Max RunDelay: 32
---[App]: Min PerSecRun: 34; Max RunDelay 0
-----------------------------------------------------
2019-08-03 09:31:04 GS-1 -----------------------------------------------------
---[Monster]: Max RunDelay: 2750; Max RunCount 3138
---[Human]: Max RunDelay: 1547; [Socket]: Max RunDelay: 828
---[App]: Min PerSecRun: 5; Max RunDelay 0
-----------------------------------------------------
2019-08-03 09:31:21 GS-1 载入商城热销商品列表，共2个。
2019-08-03 09:31:21 GS-1 ==> 加载商城热销榜:2
2019-08-03 09:31:39 GS-1 08-03 09:31:39 User = 1 / 1
2019-08-03 09:36:05 GS-1 -----------------------------------------------------
---[Monster]: Max RunDelay: 1063; Max RunCount 3138
---[Human]: Max RunDelay: 422; [Socket]: Max RunDelay: 203
---[App]: Min PerSecRun: 21; Max RunDelay 0
-----------------------------------------------------
2019-08-03 09:39:54 GS-1 [脚本(修炼圣地-3.pas)缺函数]: ForgeDiaYB
2019-08-03 09:39:54 GS-1 --ReInitializet-- 因为点击NPC失败，重新刷新NPC...
2019-08-03 09:40:02 GS-1 [脚本(修炼圣地-3.pas)缺函数]: ForgeDiaYB
2019-08-03 09:40:02 GS-1 --ReInitializet-- 因为点击NPC失败，重新刷新NPC...
2019-08-03 09:41:06 GS-1 -----------------------------------------------------
---[Monster]: Max RunDelay: 1047; Max RunCount 3157
---[Human]: Max RunDelay: 672; [Socket]: Max RunDelay: 204
---[App]: Min PerSecRun: 17; Max RunDelay 0
-----------------------------------------------------
2019-08-03 09:41:39 GS-1 08-03 09:41:39 User = 1 / 1
2019-08-03 09:46:07 GS-1 -----------------------------------------------------
---[Monster]: Max RunDelay: 312; Max RunCount 3138
---[Human]: Max RunDelay: 63; [Socket]: Max RunDelay: 16
---[App]: Min PerSecRun: 74; Max RunDelay 0
-----------------------------------------------------
2019-08-03 09:51:08 GS-1 -----------------------------------------------------
---[Monster]: Max RunDelay: 360; Max RunCount 3138
---[Human]: Max RunDelay: 31; [Socket]: Max RunDelay: 15
---[App]: Min PerSecRun: 69; Max RunDelay 0
-----------------------------------------------------
2019-08-03 09:51:39 GS-1 08-03 09:51:39 User = 1 / 1
2019-08-03 09:56:09 GS-1 -----------------------------------------------------
---[Monster]: Max RunDelay: 422; Max RunCount 3138
---[Human]: Max RunDelay: 31; [Socket]: Max RunDelay: 0
---[App]: Min PerSecRun: 68; Max RunDelay 0
-----------------------------------------------------
2019-08-03 10:01:10 GS-1 -----------------------------------------------------
---[Monster]: Max RunDelay: 422; Max RunCount 3150
---[Human]: Max RunDelay: 31; [Socket]: Max RunDelay: 16
---[App]: Min PerSecRun: 63; Max RunDelay 0
-----------------------------------------------------
2019-08-03 10:01:39 GS-1 08-03 10:01:39 User = 1 / 1
2019-08-03 10:06:11 GS-1 -----------------------------------------------------
---[Monster]: Max RunDelay: 500; Max RunCount 3134
---[Human]: Max RunDelay: 235; [Socket]: Max RunDelay: 16
---[App]: Min PerSecRun: 57; Max RunDelay 0
-----------------------------------------------------
2019-08-03 10:11:12 GS-1 -----------------------------------------------------
---[Monster]: Max RunDelay: 360; Max RunCount 3112
---[Human]: Max RunDelay: 141; [Socket]: Max RunDelay: 16
---[App]: Min PerSecRun: 69; Max RunDelay 0
-----------------------------------------------------
2019-08-03 10:11:39 GS-1 08-03 10:11:39 User = 1 / 1
2019-08-03 10:16:13 GS-1 -----------------------------------------------------
---[Monster]: Max RunDelay: 360; Max RunCount 3112
---[Human]: Max RunDelay: 16; [Socket]: Max RunDelay: 16
---[App]: Min PerSecRun: 69; Max RunDelay 0
-----------------------------------------------------
2019-08-03 10:21:14 GS-1 -----------------------------------------------------
---[Monster]: Max RunDelay: 375; Max RunCount 3142
---[Human]: Max RunDelay: 31; [Socket]: Max RunDelay: 16
---[App]: Min PerSecRun: 68; Max RunDelay 0
-----------------------------------------------------
2019-08-03 10:21:39 GS-1 08-03 10:21:39 User = 1 / 1
2019-08-03 10:26:15 GS-1 -----------------------------------------------------
---[Monster]: Max RunDelay: 5719; Max RunCount 3209
---[Human]: Max RunDelay: 4860; [Socket]: Max RunDelay: 218
---[App]: Min PerSecRun: 29; Max RunDelay 0
-----------------------------------------------------
2019-08-03 10:31:15 GS-1 -----------------------------------------------------
---[Monster]: Max RunDelay: 1141; Max RunCount 3209
---[Human]: Max RunDelay: 437; [Socket]: Max RunDelay: 16
---[App]: Min PerSecRun: 25; Max RunDelay 0
-----------------------------------------------------
2019-08-03 10:31:21 GS-1 载入商城热销商品列表，共2个。
2019-08-03 10:31:21 GS-1 ==> 加载商城热销榜:2
2019-08-03 10:31:39 GS-1 08-03 10:31:39 User = 0 / 0
2019-08-03 10:36:16 GS-1 -----------------------------------------------------
---[Monster]: Max RunDelay: 297; Max RunCount 3142
---[Human]: Max RunDelay: 15; [Socket]: Max RunDelay: 0
---[App]: Min PerSecRun: 70; Max RunDelay 0
-----------------------------------------------------
2019-08-03 10:41:17 GS-1 -----------------------------------------------------
---[Monster]: Max RunDelay: 282; Max RunCount 3209
---[Human]: Max RunDelay: 31; [Socket]: Max RunDelay: 16
---[App]: Min PerSecRun: 75; Max RunDelay 0
-----------------------------------------------------
2019-08-03 10:41:39 GS-1 08-03 10:41:39 User = 1 / 1
2019-08-03 10:46:18 GS-1 -----------------------------------------------------
---[Monster]: Max RunDelay: 531; Max RunCount 3209
---[Human]: Max RunDelay: 15; [Socket]: Max RunDelay: 31
---[App]: Min PerSecRun: 53; Max RunDelay 0
-----------------------------------------------------
2019-08-03 10:51:19 GS-1 -----------------------------------------------------
---[Monster]: Max RunDelay: 312; Max RunCount 3169
---[Human]: Max RunDelay: 15; [Socket]: Max RunDelay: 16
---[App]: Min PerSecRun: 74; Max RunDelay 0
-----------------------------------------------------
2019-08-03 10:51:39 GS-1 08-03 10:51:39 User = 1 / 1
2019-08-03 10:56:20 GS-1 -----------------------------------------------------
---[Monster]: Max RunDelay: 313; Max RunCount 3145
---[Human]: Max RunDelay: 15; [Socket]: Max RunDelay: 16
---[App]: Min PerSecRun: 74; Max RunDelay 0
-----------------------------------------------------
2019-08-03 11:01:21 GS-1 -----------------------------------------------------
---[Monster]: Max RunDelay: 312; Max RunCount 3212
---[Human]: Max RunDelay: 31; [Socket]: Max RunDelay: 16
---[App]: Min PerSecRun: 64; Max RunDelay 0
-----------------------------------------------------
2019-08-03 11:01:39 GS-1 08-03 11:01:39 User = 0 / 0
2019-08-03 11:06:22 GS-1 -----------------------------------------------------
---[Monster]: Max RunDelay: 312; Max RunCount 3212
---[Human]: Max RunDelay: 47; [Socket]: Max RunDelay: 0
---[App]: Min PerSecRun: 74; Max RunDelay 0
-----------------------------------------------------
2019-08-03 11:11:23 GS-1 -----------------------------------------------------
---[Monster]: Max RunDelay: 5579; Max RunCount 3212
---[Human]: Max RunDelay: 4719; [Socket]: Max RunDelay: 94
---[App]: Min PerSecRun: 15; Max RunDelay 0
-----------------------------------------------------
2019-08-03 11:11:40 GS-1 08-03 11:11:40 User = 1 / 1
2019-08-03 11:16:24 GS-1 -----------------------------------------------------
---[Monster]: Max RunDelay: 453; Max RunCount 3212
---[Human]: Max RunDelay: 31; [Socket]: Max RunDelay: 31
---[App]: Min PerSecRun: 62; Max RunDelay 0
-----------------------------------------------------
2019-08-03 11:21:25 GS-1 -----------------------------------------------------
---[Monster]: Max RunDelay: 375; Max RunCount 3145
---[Human]: Max RunDelay: 16; [Socket]: Max RunDelay: 16
---[App]: Min PerSecRun: 69; Max RunDelay 0
-----------------------------------------------------
2019-08-03 11:21:40 GS-1 08-03 11:21:40 User = 1 / 1
2019-08-03 11:26:26 GS-1 -----------------------------------------------------
---[Monster]: Max RunDelay: 360; Max RunCount 3145
---[Human]: Max RunDelay: 16; [Socket]: Max RunDelay: 16
---[App]: Min PerSecRun: 68; Max RunDelay 0
-----------------------------------------------------
2019-08-03 11:31:22 GS-1 载入商城热销商品列表，共2个。
2019-08-03 11:31:22 GS-1 ==> 加载商城热销榜:2
2019-08-03 11:31:27 GS-1 -----------------------------------------------------
---[Monster]: Max RunDelay: 391; Max RunCount 3145
---[Human]: Max RunDelay: 16; [Socket]: Max RunDelay: 15
---[App]: Min PerSecRun: 62; Max RunDelay 0
-----------------------------------------------------
2019-08-03 11:31:40 GS-1 08-03 11:31:40 User = 0 / 0
2019-08-03 11:36:28 GS-1 -----------------------------------------------------
---[Monster]: Max RunDelay: 313; Max RunCount 3212
---[Human]: Max RunDelay: 172; [Socket]: Max RunDelay: 16
---[App]: Min PerSecRun: 66; Max RunDelay 0
-----------------------------------------------------
2019-08-03 11:41:29 GS-1 -----------------------------------------------------
---[Monster]: Max RunDelay: 390; Max RunCount 3212
---[Human]: Max RunDelay: 31; [Socket]: Max RunDelay: 16
---[App]: Min PerSecRun: 74; Max RunDelay 0
-----------------------------------------------------
2019-08-03 11:41:40 GS-1 08-03 11:41:40 User = 0 / 0
2019-08-03 11:46:30 GS-1 -----------------------------------------------------
---[Monster]: Max RunDelay: 359; Max RunCount 3212
---[Human]: Max RunDelay: 31; [Socket]: Max RunDelay: 16
---[App]: Min PerSecRun: 67; Max RunDelay 0
-----------------------------------------------------
2019-08-03 11:51:31 GS-1 -----------------------------------------------------
---[Monster]: Max RunDelay: 282; Max RunCount 3212
---[Human]: Max RunDelay: 31; [Socket]: Max RunDelay: 0
---[App]: Min PerSecRun: 69; Max RunDelay 0
-----------------------------------------------------
2019-08-03 11:51:40 GS-1 08-03 11:51:40 User = 0 / 0
2019-08-03 11:56:32 GS-1 -----------------------------------------------------
---[Monster]: Max RunDelay: 313; Max RunCount 3212
---[Human]: Max RunDelay: 16; [Socket]: Max RunDelay: 16
---[App]: Min PerSecRun: 68; Max RunDelay 0
-----------------------------------------------------
2019-08-03 12:00:00 GS-1 载入商城物品列表，共5个类别，32种商品
2019-08-03 12:00:00 GS-1 ==> 加载商城物品 装饰类：11/11
2019-08-03 12:00:00 GS-1 ==> 加载商城物品 补给类：2/2
2019-08-03 12:00:00 GS-1 ==> 加载商城物品 强化类：14/14
2019-08-03 12:00:00 GS-1 ==> 加载商城物品 限量类：3/3
2019-08-03 12:00:00 GS-1 ==> 加载商城物品 好友类：2/2
2019-08-03 12:00:00 GS-1 ==> 加载商城物品 类：0/0
2019-08-03 12:00:00 GS-1 ==> 加载商城物品 类：0/0
2019-08-03 12:00:00 GS-1 ==> 加载商城物品 类：0/0
2019-08-03 12:01:33 GS-1 -----------------------------------------------------
---[Monster]: Max RunDelay: 454; Max RunCount 3212
---[Human]: Max RunDelay: 31; [Socket]: Max RunDelay: 16
---[App]: Min PerSecRun: 68; Max RunDelay 0
-----------------------------------------------------
2019-08-03 12:01:40 GS-1 08-03 12:01:40 User = 0 / 0
2019-08-03 12:06:34 GS-1 -----------------------------------------------------
---[Monster]: Max RunDelay: 328; Max RunCount 3212
---[Human]: Max RunDelay: 32; [Socket]: Max RunDelay: 15
---[App]: Min PerSecRun: 72; Max RunDelay 0
-----------------------------------------------------
2019-08-03 12:11:35 GS-1 -----------------------------------------------------
---[Monster]: Max RunDelay: 312; Max RunCount 3212
---[Human]: Max RunDelay: 16; [Socket]: Max RunDelay: 15
---[App]: Min PerSecRun: 67; Max RunDelay 0
-----------------------------------------------------
2019-08-03 12:11:40 GS-1 08-03 12:11:40 User = 0 / 0
2019-08-03 12:16:36 GS-1 -----------------------------------------------------
---[Monster]: Max RunDelay: 343; Max RunCount 3212
---[Human]: Max RunDelay: 32; [Socket]: Max RunDelay: 15
---[App]: Min PerSecRun: 67; Max RunDelay 0
-----------------------------------------------------
2019-08-03 12:21:37 GS-1 -----------------------------------------------------
---[Monster]: Max RunDelay: 329; Max RunCount 3212
---[Human]: Max RunDelay: 16; [Socket]: Max RunDelay: 15
---[App]: Min PerSecRun: 72; Max RunDelay 0
-----------------------------------------------------
2019-08-03 12:21:40 GS-1 08-03 12:21:40 User = 0 / 0
2019-08-03 12:26:38 GS-1 -----------------------------------------------------
---[Monster]: Max RunDelay: 281; Max RunCount 3192
---[Human]: Max RunDelay: 78; [Socket]: Max RunDelay: 15
---[App]: Min PerSecRun: 73; Max RunDelay 0
-----------------------------------------------------
2019-08-03 12:31:22 GS-1 载入商城热销商品列表，共2个。
2019-08-03 12:31:22 GS-1 ==> 加载商城热销榜:2
2019-08-03 12:31:39 GS-1 -----------------------------------------------------
---[Monster]: Max RunDelay: 485; Max RunCount 3185
---[Human]: Max RunDelay: 47; [Socket]: Max RunDelay: 15
---[App]: Min PerSecRun: 57; Max RunDelay 0
-----------------------------------------------------
2019-08-03 12:31:40 GS-1 08-03 12:31:40 User = 0 / 0
2019-08-03 12:36:40 GS-1 -----------------------------------------------------
---[Monster]: Max RunDelay: 312; Max RunCount 3213
---[Human]: Max RunDelay: 31; [Socket]: Max RunDelay: 16
---[App]: Min PerSecRun: 74; Max RunDelay 0
-----------------------------------------------------
2019-08-03 12:41:40 GS-1 08-03 12:41:40 User = 1 / 1
2019-08-03 12:41:41 GS-1 -----------------------------------------------------
---[Monster]: Max RunDelay: 296; Max RunCount 3213
---[Human]: Max RunDelay: 32; [Socket]: Max RunDelay: 16
---[App]: Min PerSecRun: 72; Max RunDelay 0
-----------------------------------------------------
2019-08-03 12:46:42 GS-1 -----------------------------------------------------
---[Monster]: Max RunDelay: 266; Max RunCount 3186
---[Human]: Max RunDelay: 16; [Socket]: Max RunDelay: 16
---[App]: Min PerSecRun: 75; Max RunDelay 0
-----------------------------------------------------
2019-08-03 12:51:40 GS-1 08-03 12:51:40 User = 0 / 0
2019-08-03 12:51:43 GS-1 -----------------------------------------------------
---[Monster]: Max RunDelay: 329; Max RunCount 3186
---[Human]: Max RunDelay: 16; [Socket]: Max RunDelay: 16
---[App]: Min PerSecRun: 74; Max RunDelay 0
-----------------------------------------------------
2019-08-03 12:56:44 GS-1 -----------------------------------------------------
---[Monster]: Max RunDelay: 422; Max RunCount 3213
---[Human]: Max RunDelay: 31; [Socket]: Max RunDelay: 16
---[App]: Min PerSecRun: 65; Max RunDelay 0
-----------------------------------------------------
2019-08-03 13:01:40 GS-1 08-03 13:01:40 User = 0 / 0
2019-08-03 13:01:45 GS-1 -----------------------------------------------------
---[Monster]: Max RunDelay: 688; Max RunCount 3214
---[Human]: Max RunDelay: 94; [Socket]: Max RunDelay: 16
---[App]: Min PerSecRun: 44; Max RunDelay 0
-----------------------------------------------------
2019-08-03 13:06:46 GS-1 -----------------------------------------------------
---[Monster]: Max RunDelay: 312; Max RunCount 3214
---[Human]: Max RunDelay: 16; [Socket]: Max RunDelay: 15
---[App]: Min PerSecRun: 65; Max RunDelay 0
-----------------------------------------------------
2019-08-03 13:11:40 GS-1 08-03 13:11:40 User = 0 / 0
2019-08-03 13:11:47 GS-1 -----------------------------------------------------
---[Monster]: Max RunDelay: 391; Max RunCount 3214
---[Human]: Max RunDelay: 94; [Socket]: Max RunDelay: 15
---[App]: Min PerSecRun: 71; Max RunDelay 0
-----------------------------------------------------
2019-08-03 13:16:48 GS-1 -----------------------------------------------------
---[Monster]: Max RunDelay: 313; Max RunCount 3215
---[Human]: Max RunDelay: 31; [Socket]: Max RunDelay: 15
---[App]: Min PerSecRun: 70; Max RunDelay 0
-----------------------------------------------------
2019-08-03 13:21:40 GS-1 08-03 13:21:40 User = 1 / 1
2019-08-03 13:21:49 GS-1 -----------------------------------------------------
---[Monster]: Max RunDelay: 282; Max RunCount 3150
---[Human]: Max RunDelay: 31; [Socket]: Max RunDelay: 15
---[App]: Min PerSecRun: 73; Max RunDelay 0
-----------------------------------------------------
2019-08-03 13:26:50 GS-1 -----------------------------------------------------
---[Monster]: Max RunDelay: 375; Max RunCount 3153
---[Human]: Max RunDelay: 141; [Socket]: Max RunDelay: 16
---[App]: Min PerSecRun: 58; Max RunDelay 0
-----------------------------------------------------
2019-08-03 13:31:22 GS-1 载入商城热销商品列表，共2个。
2019-08-03 13:31:22 GS-1 ==> 加载商城热销榜:2
2019-08-03 13:31:40 GS-1 08-03 13:31:40 User = 1 / 1
2019-08-03 13:31:51 GS-1 -----------------------------------------------------
---[Monster]: Max RunDelay: 422; Max RunCount 3219
---[Human]: Max RunDelay: 140; [Socket]: Max RunDelay: 0
---[App]: Min PerSecRun: 62; Max RunDelay 0
-----------------------------------------------------
2019-08-03 13:36:52 GS-1 -----------------------------------------------------
---[Monster]: Max RunDelay: 375; Max RunCount 3172
---[Human]: Max RunDelay: 15; [Socket]: Max RunDelay: 15
---[App]: Min PerSecRun: 69; Max RunDelay 0
-----------------------------------------------------
2019-08-03 13:41:40 GS-1 08-03 13:41:40 User = 1 / 1
2019-08-03 13:41:53 GS-1 -----------------------------------------------------
---[Monster]: Max RunDelay: 375; Max RunCount 3219
---[Human]: Max RunDelay: 31; [Socket]: Max RunDelay: 15
---[App]: Min PerSecRun: 60; Max RunDelay 0
-----------------------------------------------------
2019-08-03 13:46:54 GS-1 -----------------------------------------------------
---[Monster]: Max RunDelay: 360; Max RunCount 3219
---[Human]: Max RunDelay: 140; [Socket]: Max RunDelay: 15
---[App]: Min PerSecRun: 58; Max RunDelay 0
-----------------------------------------------------
2019-08-03 13:51:40 GS-1 08-03 13:51:40 User = 1 / 1
2019-08-03 13:51:55 GS-1 -----------------------------------------------------
---[Monster]: Max RunDelay: 297; Max RunCount 3166
---[Human]: Max RunDelay: 141; [Socket]: Max RunDelay: 15
---[App]: Min PerSecRun: 68; Max RunDelay 0
-----------------------------------------------------
2019-08-03 13:56:56 GS-1 -----------------------------------------------------
---[Monster]: Max RunDelay: 375; Max RunCount 3162
---[Human]: Max RunDelay: 140; [Socket]: Max RunDelay: 16
---[App]: Min PerSecRun: 58; Max RunDelay 0
-----------------------------------------------------
2019-08-03 14:01:40 GS-1 08-03 14:01:40 User = 0 / 0
2019-08-03 14:01:57 GS-1 -----------------------------------------------------
---[Monster]: Max RunDelay: 468; Max RunCount 3219
---[Human]: Max RunDelay: 47; [Socket]: Max RunDelay: 16
---[App]: Min PerSecRun: 57; Max RunDelay 0
-----------------------------------------------------
2019-08-03 14:06:58 GS-1 -----------------------------------------------------
---[Monster]: Max RunDelay: 375; Max RunCount 3219
---[Human]: Max RunDelay: 16; [Socket]: Max RunDelay: 0
---[App]: Min PerSecRun: 58; Max RunDelay 0
-----------------------------------------------------
2019-08-03 14:11:40 GS-1 08-03 14:11:40 User = 0 / 0
2019-08-03 14:11:59 GS-1 -----------------------------------------------------
---[Monster]: Max RunDelay: 516; Max RunCount 3219
---[Human]: Max RunDelay: 16; [Socket]: Max RunDelay: 16
---[App]: Min PerSecRun: 56; Max RunDelay 0
-----------------------------------------------------
2019-08-03 14:17:00 GS-1 -----------------------------------------------------
---[Monster]: Max RunDelay: 500; Max RunCount 3179
---[Human]: Max RunDelay: 156; [Socket]: Max RunDelay: 31
---[App]: Min PerSecRun: 59; Max RunDelay 0
-----------------------------------------------------
2019-08-03 14:21:41 GS-1 08-03 14:21:41 User = 0 / 0
2019-08-03 14:22:01 GS-1 -----------------------------------------------------
---[Monster]: Max RunDelay: 359; Max RunCount 3146
---[Human]: Max RunDelay: 32; [Socket]: Max RunDelay: 16
---[App]: Min PerSecRun: 68; Max RunDelay 0
-----------------------------------------------------
2019-08-03 14:27:02 GS-1 -----------------------------------------------------
---[Monster]: Max RunDelay: 500; Max RunCount 3219
---[Human]: Max RunDelay: 141; [Socket]: Max RunDelay: 16
---[App]: Min PerSecRun: 68; Max RunDelay 0
-----------------------------------------------------
2019-08-03 14:31:23 GS-1 载入商城热销商品列表，共2个。
2019-08-03 14:31:23 GS-1 ==> 加载商城热销榜:2
2019-08-03 14:31:41 GS-1 08-03 14:31:41 User = 0 / 0
2019-08-03 14:32:03 GS-1 -----------------------------------------------------
---[Monster]: Max RunDelay: 516; Max RunCount 3219
---[Human]: Max RunDelay: 156; [Socket]: Max RunDelay: 125
---[App]: Min PerSecRun: 64; Max RunDelay 0
-----------------------------------------------------
2019-08-03 14:37:04 GS-1 -----------------------------------------------------
---[Monster]: Max RunDelay: 484; Max RunCount 3219
---[Human]: Max RunDelay: 31; [Socket]: Max RunDelay: 15
---[App]: Min PerSecRun: 58; Max RunDelay 0
-----------------------------------------------------
2019-08-03 14:41:41 GS-1 08-03 14:41:41 User = 0 / 0
2019-08-03 14:42:05 GS-1 -----------------------------------------------------
---[Monster]: Max RunDelay: 360; Max RunCount 3219
---[Human]: Max RunDelay: 15; [Socket]: Max RunDelay: 15
---[App]: Min PerSecRun: 57; Max RunDelay 0
-----------------------------------------------------
2019-08-03 14:47:06 GS-1 -----------------------------------------------------
---[Monster]: Max RunDelay: 500; Max RunCount 3219
---[Human]: Max RunDelay: 15; [Socket]: Max RunDelay: 16
---[App]: Min PerSecRun: 59; Max RunDelay 0
-----------------------------------------------------
2019-08-03 14:51:41 GS-1 08-03 14:51:41 User = 0 / 0
2019-08-03 14:52:07 GS-1 -----------------------------------------------------
---[Monster]: Max RunDelay: 343; Max RunCount 3219
---[Human]: Max RunDelay: 15; [Socket]: Max RunDelay: 16
---[App]: Min PerSecRun: 69; Max RunDelay 0
-----------------------------------------------------
2019-08-03 14:57:08 GS-1 -----------------------------------------------------
---[Monster]: Max RunDelay: 313; Max RunCount 3219
---[Human]: Max RunDelay: 15; [Socket]: Max RunDelay: 16
---[App]: Min PerSecRun: 72; Max RunDelay 0
-----------------------------------------------------
2019-08-03 15:01:41 GS-1 08-03 15:01:41 User = 0 / 0
2019-08-03 15:02:09 GS-1 -----------------------------------------------------
---[Monster]: Max RunDelay: 437; Max RunCount 3219
---[Human]: Max RunDelay: 203; [Socket]: Max RunDelay: 16
---[App]: Min PerSecRun: 70; Max RunDelay 0
-----------------------------------------------------
2019-08-03 15:07:09 GS-1 -----------------------------------------------------
---[Monster]: Max RunDelay: 5938; Max RunCount 3219
---[Human]: Max RunDelay: 4547; [Socket]: Max RunDelay: 78
---[App]: Min PerSecRun: 13; Max RunDelay 0
-----------------------------------------------------
2019-08-03 15:11:41 GS-1 08-03 15:11:41 User = 1 / 1
2019-08-03 15:12:10 GS-1 -----------------------------------------------------
---[Monster]: Max RunDelay: 734; Max RunCount 3219
---[Human]: Max RunDelay: 266; [Socket]: Max RunDelay: 47
---[App]: Min PerSecRun: 45; Max RunDelay 0
-----------------------------------------------------
2019-08-03 15:14:13 GS-1 15:14:13 Gate 1 (129.28.198.181) 关闭
2019-08-03 15:14:13 GS-1 [Warning]: 与DB 服务器断开连接....
2019-08-03 15:14:18 GS-1 释放--魔龙冰晶升级对象--结束
2019-08-03 15:14:18 GS-1 释放--天赐宝箱1--结束
2019-08-03 15:14:18 GS-1 释放--天赐宝箱2--结束
2019-08-03 15:14:18 GS-1 释放--一点充--结束
2019-08-03 15:14:18 GS-1 释放--事件管理对象--结束
2019-08-03 15:14:18 GS-1 释放--任务管理对象--结束
2019-08-03 15:14:19 GS-1 释放--升级提醒管理对象--结束
2019-08-03 15:14:19 GS-1 释放--GDMsg管理对象--结束
2019-08-03 15:14:19 GS-1 释放--跨地图寻路管理对象--结束
2019-08-03 15:14:20 GS-1 释放--沙巴克管理对象--结束
2019-08-03 15:14:20 GS-1 释放--中央活动服务器客户端--结束
2019-08-03 15:14:20 GS-1 释放--乾坤包--结束
2019-08-03 15:14:20 GS-1 正在清除模块-卧龙英雄管理-的配置表d:\Mud2.0\Mir200\Share\EngineConfig\卧龙英雄管理\Fortress-HERO1.txt
2019-08-03 15:14:20 GS-1 正在清除模块-卧龙英雄管理-的配置表d:\Mud2.0\Mir200\Share\EngineConfig\卧龙英雄管理\Fortress.txt
2019-08-03 15:14:20 GS-1 正在清除模块-游戏元素点阵管理-的配置表d:\Mud2.0\Mir200\Share\EngineConfig\游戏元素点阵管理\GMActEvent.txt
2019-08-03 15:14:20 GS-1 正在清除模块-信用分管理-的配置表d:\Mud2.0\Mir200\Share\EngineConfig\信用分管理\PlayerActivePoint.xml
2019-08-03 15:14:20 GS-1 正在清除模块-信用分管理-的配置表d:\Mud2.0\Mir200\Share\EngineConfig\信用分管理\MapActivePoint.xml
2019-08-03 15:14:20 GS-1 正在清除模块-摆摊交易-的配置表d:\Mud2.0\Mir200\Share\EngineConfig\摆摊交易\摊位基础设置.ini
2019-08-03 15:14:20 GS-1 正在清除模块-元宝商城管理-的配置表d:\Mud2.0\Mir200\Share\EngineConfig\元宝商城管理\YBGoods.sql
2019-08-03 15:14:20 GS-1 正在清除模块-小助手管理-的配置表d:\Mud2.0\Mir200\Share\EngineConfig\小助手管理\小助手.txt
2019-08-03 15:14:20 GS-1 正在清除模块-静态地图管理-的配置表d:\Mud2.0\Mir200\Share\EngineConfig\静态地图管理\MapDropLimitBagItems.xml
2019-08-03 15:14:31 GS-1 正在清除模块-装备合成管理-的配置表d:\Mud2.0\Mir200\Share\EngineConfig\装备合成管理\StrengthenEquip.xml
2019-08-03 15:14:36 GS-1 正在清除模块-藏宝图管理-的配置表d:\Mud2.0\Mir200\Share\EngineConfig\藏宝图管理\修复藏宝图.txt
2019-08-03 15:14:36 GS-1 正在清除模块-藏宝图管理-的配置表d:\Mud2.0\Mir200\Share\EngineConfig\藏宝图管理\魔龙藏宝图合成装备.txt
2019-08-03 15:14:36 GS-1 正在清除模块-衣服升级管理-的配置表d:\Mud2.0\Mir200\Share\EngineConfig\衣服升级管理\UpdateClothes.xml
2019-08-03 15:14:36 GS-1 正在清除模块-道具管理-的配置表d:\Mud2.0\Mir200\Share\EngineConfig\道具管理\宝石配置.txt
2019-08-03 15:14:36 GS-1 正在清除模块-世界暴率管理-的配置表d:\Mud2.0\Mir200\Share\EngineConfig\世界暴率管理\世界爆率文件1.txt
2019-08-03 15:14:36 GS-1 释放--跨GS消息管理对象--结束
2019-08-03 15:14:36 GS-1 释放--gate管理对象--结束
2019-08-03 15:14:36 GS-1 释放--魔法管理对象--结束
2019-08-03 15:14:36 GS-1 释放--套装管理对象--结束
2019-08-03 15:14:36 GS-1 释放--新暴率管理对象--结束
2019-08-03 15:14:36 GS-1 释放--角色信息初始化管理对象--结束
2019-08-03 15:14:36 GS-1 释放--GS本地日志--结束
2019-08-03 15:14:37 GS-1 释放--DBEngn对象--结束
2019-08-03 15:14:37 GS-1 释放--任务列表--结束
2019-08-03 15:14:37 GS-1 释放--buffer管理类--结束
2019-08-03 15:14:37 GS-1 释放--排行榜--结束
2019-08-03 15:14:37 GS-1 释放--免费回收--结束
2019-08-03 15:14:37 GS-1 释放--mysql对象--结束
2019-08-03 15:14:37 GS-1 ================ 服务停止 ==============
