2019-09-08 17:31:43 GS-1 -----------------------------------------------------
---[Monster]: Max RunDelay: 0; Max RunCount 0
---[Human]: Max RunDelay: 0; [Socket]: Max RunDelay: 0
---[App]: Min PerSecRun: 100; Max RunDelay 0
-----------------------------------------------------
2019-09-08 17:31:43 GS-1 ================ 服务启动 ==============
2019-09-08 17:31:43 GS-1 TPlayerBody Size - 1616
2019-09-08 17:31:43 GS-1 TPlayerDB Size - 61608
2019-09-08 17:31:43 GS-1 ======== 连接MySQL成功 =======
2019-09-08 17:31:43 GS-1 *** ***Gamelog 的下次清理时间为 : 09月15日03时*** ***
2019-09-08 17:31:43 GS-1 ==加载GM指令定义完成==
2019-09-08 17:31:43 GS-1 与 DB 服务器连接成功
2019-09-08 17:31:43 GS-1 [Error]: 火龙珠奖励配置错误！
2019-09-08 17:31:43 GS-1 [Error]: 抽取概率错误:赤金天赐->宝箱1:概率7
2019-09-08 17:31:43 GS-1 [Error]: 抽取概率错误:白银天赐->宝箱1:概率7
2019-09-08 17:31:43 GS-1 [Error]: 抽取概率错误:紫铜天赐->宝箱1:概率7
2019-09-08 17:31:43 GS-1 [Error]: 抽取概率错误:神秘天赐->宝箱1:概率7
2019-09-08 17:31:43 GS-1 [Error]: 抽取概率错误:檀木天赐->宝箱1:概率7
2019-09-08 17:31:43 GS-1 [Error]: 抽取概率错误:宝藏天赐 ->宝箱1:概率7
2019-09-08 17:31:43 GS-1 [Error]: StdItems 不存在的天赐：新年天赐
2019-09-08 17:31:43 GS-1 [Error]: StdItems 不存在的钥匙：新年钥匙
2019-09-08 17:31:43 GS-1 [Error]: StdItems 不存在的钥匙：春节钥匙
2019-09-08 17:31:43 GS-1 [Error]: StdItems 不存在的钥匙：节日钥匙
2019-09-08 17:31:43 GS-1 [Error]: StdItems 不存在的天赐：感恩天赐
2019-09-08 17:31:43 GS-1 [Error]: StdItems 不存在的钥匙：感恩钥匙
2019-09-08 17:31:43 GS-1 系统参数初始化完毕
2019-09-08 17:31:43 GS-1 准备加载NPC，共528个
2019-09-08 17:31:43 GS-1 已加载d:\Mud2.0\Mir200\Share\EngineConfig\系统信息管理\RollMsg.txt！
2019-09-08 17:31:43 GS-1 已加载d:\Mud2.0\Mir200\Share\EngineConfig\系统信息管理\掉落物品提示.txt！
2019-09-08 17:31:43 GS-1 已加载d:\Mud2.0\Mir200\Share\EngineConfig\卧龙英雄管理\Fortress.txt！
2019-09-08 17:31:43 GS-1 已加载d:\Mud2.0\Mir200\Share\EngineConfig\游戏元素点阵管理\GMActEvent.txt！
2019-09-08 17:31:43 GS-1    加载邮件信息成功,加载13个玩家的邮件。
2019-09-08 17:31:43 GS-1    加载邮件信息成功,加载60个玩家的邮件。
2019-09-08 17:31:43 GS-1 已加载d:\Mud2.0\Mir200\Share\EngineConfig\摆摊交易\摊位基础设置.ini！
2019-09-08 17:31:43 GS-1 刷新摊位过期将在2:55执行！
2019-09-08 17:31:43 GS-1   加载Stall成功，共加载摊位3个
2019-09-08 17:31:43 GS-1 [Information]: 寄售表创建成功!
2019-09-08 17:31:43 GS-1 [Information]: 寄售历史表创建成功!
2019-09-08 17:31:43 GS-1 [Information]: 更新超时订单成功!
2019-09-08 17:31:43 GS-1 已加载刷新商城时间：00:00:00.
2019-09-08 17:31:43 GS-1 已加载刷新商城时间：06:00:00.
2019-09-08 17:31:43 GS-1 已加载刷新商城时间：12:00:00.
2019-09-08 17:31:43 GS-1 载入商城物品列表，共5个类别，41种商品
2019-09-08 17:31:43 GS-1 ==> 加载商城物品 装饰类：11/11
2019-09-08 17:31:43 GS-1 ==> 加载商城物品 补给类：5/5
2019-09-08 17:31:43 GS-1 ==> 加载商城物品 强化类：15/15
2019-09-08 17:31:43 GS-1 ==> 加载商城物品 限量类：8/8
2019-09-08 17:31:43 GS-1 ==> 加载商城物品 好友类：2/2
2019-09-08 17:31:43 GS-1 ==> 加载商城物品 类：0/0
2019-09-08 17:31:43 GS-1 ==> 加载商城物品 类：0/0
2019-09-08 17:31:43 GS-1 ==> 加载商城物品 类：0/0
2019-09-08 17:31:43 GS-1    [删除错误数据] 删除用户表中不存在的战队成员
2019-09-08 17:31:43 GS-1    [删除错误数据] 清除战队队长不存在的项
2019-09-08 17:31:43 GS-1    [删除错误数据] 不存在战队的成员
2019-09-08 17:31:43 GS-1    正在加载战队...
2019-09-08 17:31:43 GS-1    战队表数量 : 3
2019-09-08 17:31:43 GS-1    战队表数量 : 0
2019-09-08 17:31:43 GS-1    加载战队数量:3
2019-09-08 17:31:43 GS-1    正在加载战队成员...
2019-09-08 17:31:43 GS-1    战队成员总数:27 加载成员数:27
2019-09-08 17:31:43 GS-1    正在检测战队数据有效性...
2019-09-08 17:31:43 GS-1    战队数据有效性检测完毕
2019-09-08 17:31:43 GS-1    [删除错误数据] 清除会长战队不存在行会
2019-09-08 17:31:43 GS-1    [删除错误数据] 清除行会不存在的行会成员
2019-09-08 17:31:43 GS-1    [删除错误数据] 清除行会不存在的行会关系ID排列错误的项
2019-09-08 17:31:43 GS-1    [删除错误数据] 清除行会不存在行会关系
2019-09-08 17:31:43 GS-1    [删除错误数据] 清除行会不存在关注行会
2019-09-08 17:31:43 GS-1    加载行会数量 : 3
2019-09-08 17:31:43 GS-1    加载行会成员(战队)数量 : 3
2019-09-08 17:31:43 GS-1    加载行会关系数量 : 0
2019-09-08 17:31:43 GS-1    加载关注行会数量 : 0
2019-09-08 17:31:43 GS-1    加载请求数量:3
2019-09-08 17:31:43 GS-1 [Error]: 小助手 不存在！
2019-09-08 17:31:43 GS-1 D411地图配置在MapInfo.txt 中不是LIMITBAGITEMDROP属性
2019-09-08 17:31:43 GS-1 D415地图配置在MapInfo.txt 中不是LIMITBAGITEMDROP属性
2019-09-08 17:31:43 GS-1 D416地图配置在MapInfo.txt 中不是LIMITBAGITEMDROP属性
2019-09-08 17:31:43 GS-1 信用分验证功能：开
2019-09-08 17:31:43 GS-1 GS脚本版本号：10001
2019-09-08 17:31:43 GS-1 更新排行榜，共计：51 页
2019-09-08 17:31:43 GS-1 Gate 1 开启
2019-09-08 17:32:58 GS-1 载入商城热销商品列表，共36个。
2019-09-08 17:32:58 GS-1 ==> 加载商城热销榜:5
2019-09-08 17:34:32 GS-1 [脚本(散财猪.pas)缺函数]: AfterScatterItems
2019-09-08 17:36:03 GS-1 [脚本(修炼圣地-3.pas)缺函数]: ForgeDiaYB
2019-09-08 17:36:03 GS-1 --ReInitializet-- 因为点击NPC失败，重新刷新NPC...
2019-09-08 17:36:44 GS-1 -----------------------------------------------------
---[Monster]: Max RunDelay: 562; Max RunCount 3235
---[Human]: Max RunDelay: 47; [Socket]: Max RunDelay: 16
---[App]: Min PerSecRun: 29; Max RunDelay 0
-----------------------------------------------------
2019-09-08 17:36:58 GS-1 [脚本(修炼圣地-3.pas)缺函数]: ForgeDiaYB
2019-09-08 17:36:58 GS-1 --ReInitializet-- 因为点击NPC失败，重新刷新NPC...
2019-09-08 17:41:43 GS-1 -----------------------------------------------------
---[Monster]: Max RunDelay: 953; Max RunCount 3235
---[Human]: Max RunDelay: 94; [Socket]: Max RunDelay: 16
---[App]: Min PerSecRun: 36; Max RunDelay 0
-----------------------------------------------------
2019-09-08 17:42:56 GS-1 09-08 17:42:56 User = 10 / 10
2019-09-08 17:45:11 GS-1 [脚本(散财猪.pas)缺函数]: AfterScatterItems
2019-09-08 17:46:45 GS-1 -----------------------------------------------------
---[Monster]: Max RunDelay: 391; Max RunCount 3256
---[Human]: Max RunDelay: 375; [Socket]: Max RunDelay: 16
---[App]: Min PerSecRun: 74; Max RunDelay 0
-----------------------------------------------------
2019-09-08 17:51:46 GS-1 -----------------------------------------------------
---[Monster]: Max RunDelay: 656; Max RunCount 3243
---[Human]: Max RunDelay: 500; [Socket]: Max RunDelay: 16
---[App]: Min PerSecRun: 41; Max RunDelay 16
-----------------------------------------------------
2019-09-08 17:52:58 GS-1 09-08 17:52:58 User = 12 / 12
2019-09-08 17:56:47 GS-1 -----------------------------------------------------
---[Monster]: Max RunDelay: 406; Max RunCount 3252
---[Human]: Max RunDelay: 78; [Socket]: Max RunDelay: 31
---[App]: Min PerSecRun: 58; Max RunDelay 0
-----------------------------------------------------
2019-09-08 18:01:47 GS-1 -----------------------------------------------------
---[Monster]: Max RunDelay: 1593; Max RunCount 3307
---[Human]: Max RunDelay: 672; [Socket]: Max RunDelay: 312
---[App]: Min PerSecRun: 35; Max RunDelay 0
-----------------------------------------------------
2019-09-08 18:02:59 GS-1 09-08 18:02:59 User = 17 / 17
2019-09-08 18:06:47 GS-1 -----------------------------------------------------
---[Monster]: Max RunDelay: 4640; Max RunCount 3386
---[Human]: Max RunDelay: 1172; [Socket]: Max RunDelay: 421
---[App]: Min PerSecRun: 2; Max RunDelay 0
-----------------------------------------------------
2019-09-08 18:11:40 GS-1 [脚本(修炼圣地-3.pas)缺函数]: ForgeDiaYB
2019-09-08 18:11:40 GS-1 --ReInitializet-- 因为点击NPC失败，重新刷新NPC...
2019-09-08 18:11:49 GS-1 -----------------------------------------------------
---[Monster]: Max RunDelay: 1187; Max RunCount 3372
---[Human]: Max RunDelay: 578; [Socket]: Max RunDelay: 16
---[App]: Min PerSecRun: 12; Max RunDelay 0
-----------------------------------------------------
2019-09-08 18:12:59 GS-1 09-08 18:12:59 User = 19 / 19
2019-09-08 18:13:52 GS-1   玩家： 易妙思，邮件Idx:  1075，功加载了 18附件。
2019-09-08 18:16:50 GS-1 -----------------------------------------------------
---[Monster]: Max RunDelay: 843; Max RunCount 3339
---[Human]: Max RunDelay: 375; [Socket]: Max RunDelay: 16
---[App]: Min PerSecRun: 18; Max RunDelay 0
-----------------------------------------------------
2019-09-08 18:21:51 GS-1 -----------------------------------------------------
---[Monster]: Max RunDelay: 813; Max RunCount 3284
---[Human]: Max RunDelay: 203; [Socket]: Max RunDelay: 16
---[App]: Min PerSecRun: 21; Max RunDelay 16
-----------------------------------------------------
2019-09-08 18:23:00 GS-1 09-08 18:23:00 User = 20 / 20
2019-09-08 18:26:51 GS-1 -----------------------------------------------------
---[Monster]: Max RunDelay: 12734; Max RunCount 3387
---[Human]: Max RunDelay: 375; [Socket]: Max RunDelay: 172
---[App]: Min PerSecRun: 18; Max RunDelay 0
-----------------------------------------------------
2019-09-08 18:31:51 GS-1 -----------------------------------------------------
---[Monster]: Max RunDelay: 390; Max RunCount 3356
---[Human]: Max RunDelay: 94; [Socket]: Max RunDelay: 16
---[App]: Min PerSecRun: 59; Max RunDelay 15
-----------------------------------------------------
2019-09-08 18:32:58 GS-1 载入商城热销商品列表，共36个。
2019-09-08 18:32:58 GS-1 ==> 加载商城热销榜:5
2019-09-08 18:33:00 GS-1 09-08 18:33:00 User = 20 / 20
2019-09-08 18:36:08 GS-1 [脚本(修炼圣地-3.pas)缺函数]: ForgeDiaYB
2019-09-08 18:36:08 GS-1 --ReInitializet-- 因为点击NPC失败，重新刷新NPC...
2019-09-08 18:36:51 GS-1 -----------------------------------------------------
---[Monster]: Max RunDelay: 1188; Max RunCount 3318
---[Human]: Max RunDelay: 422; [Socket]: Max RunDelay: 16
---[App]: Min PerSecRun: 29; Max RunDelay 0
-----------------------------------------------------
2019-09-08 18:41:53 GS-1 -----------------------------------------------------
---[Monster]: Max RunDelay: 391; Max RunCount 3368
---[Human]: Max RunDelay: 172; [Socket]: Max RunDelay: 16
---[App]: Min PerSecRun: 60; Max RunDelay 0
-----------------------------------------------------
2019-09-08 18:43:02 GS-1 09-08 18:43:02 User = 21 / 21
2019-09-08 18:45:00 GS-1 [脚本(散财猪.pas)缺函数]: AfterScatterItems
2019-09-08 18:46:54 GS-1 -----------------------------------------------------
---[Monster]: Max RunDelay: 266; Max RunCount 3364
---[Human]: Max RunDelay: 47; [Socket]: Max RunDelay: 16
---[App]: Min PerSecRun: 72; Max RunDelay 0
-----------------------------------------------------
2019-09-08 18:51:55 GS-1 -----------------------------------------------------
---[Monster]: Max RunDelay: 281; Max RunCount 3400
---[Human]: Max RunDelay: 78; [Socket]: Max RunDelay: 16
---[App]: Min PerSecRun: 71; Max RunDelay 15
-----------------------------------------------------
2019-09-08 18:53:02 GS-1 09-08 18:53:02 User = 20 / 20
2019-09-08 18:56:56 GS-1 -----------------------------------------------------
---[Monster]: Max RunDelay: 297; Max RunCount 3372
---[Human]: Max RunDelay: 110; [Socket]: Max RunDelay: 16
---[App]: Min PerSecRun: 72; Max RunDelay 0
-----------------------------------------------------
2019-09-08 19:01:57 GS-1 -----------------------------------------------------
---[Monster]: Max RunDelay: 437; Max RunCount 3359
---[Human]: Max RunDelay: 63; [Socket]: Max RunDelay: 16
---[App]: Min PerSecRun: 52; Max RunDelay 16
-----------------------------------------------------
2019-09-08 19:03:02 GS-1 09-08 19:03:02 User = 20 / 20
2019-09-08 19:06:58 GS-1 -----------------------------------------------------
---[Monster]: Max RunDelay: 547; Max RunCount 3321
---[Human]: Max RunDelay: 328; [Socket]: Max RunDelay: 16
---[App]: Min PerSecRun: 53; Max RunDelay 16
-----------------------------------------------------
2019-09-08 19:11:59 GS-1 -----------------------------------------------------
---[Monster]: Max RunDelay: 281; Max RunCount 3321
---[Human]: Max RunDelay: 47; [Socket]: Max RunDelay: 16
---[App]: Min PerSecRun: 70; Max RunDelay 0
-----------------------------------------------------
2019-09-08 19:13:01 GS-1 09-08 19:13:01 User = 21 / 21
2019-09-08 19:17:00 GS-1 -----------------------------------------------------
---[Monster]: Max RunDelay: 531; Max RunCount 3284
---[Human]: Max RunDelay: 47; [Socket]: Max RunDelay: 16
---[App]: Min PerSecRun: 53; Max RunDelay 0
-----------------------------------------------------
2019-09-08 19:22:01 GS-1 -----------------------------------------------------
---[Monster]: Max RunDelay: 656; Max RunCount 3303
---[Human]: Max RunDelay: 62; [Socket]: Max RunDelay: 16
---[App]: Min PerSecRun: 43; Max RunDelay 0
-----------------------------------------------------
2019-09-08 19:23:01 GS-1 09-08 19:23:01 User = 21 / 21
2019-09-08 19:27:02 GS-1 -----------------------------------------------------
---[Monster]: Max RunDelay: 516; Max RunCount 3282
---[Human]: Max RunDelay: 62; [Socket]: Max RunDelay: 31
---[App]: Min PerSecRun: 53; Max RunDelay 16
-----------------------------------------------------
2019-09-08 19:32:03 GS-1 -----------------------------------------------------
---[Monster]: Max RunDelay: 485; Max RunCount 3283
---[Human]: Max RunDelay: 391; [Socket]: Max RunDelay: 16
---[App]: Min PerSecRun: 51; Max RunDelay 0
-----------------------------------------------------
2019-09-08 19:32:59 GS-1 载入商城热销商品列表，共36个。
2019-09-08 19:32:59 GS-1 ==> 加载商城热销榜:5
2019-09-08 19:33:01 GS-1 09-08 19:33:01 User = 24 / 24
2019-09-08 19:37:04 GS-1 -----------------------------------------------------
---[Monster]: Max RunDelay: 297; Max RunCount 3282
---[Human]: Max RunDelay: 47; [Socket]: Max RunDelay: 16
---[App]: Min PerSecRun: 73; Max RunDelay 0
-----------------------------------------------------
2019-09-08 19:42:05 GS-1 -----------------------------------------------------
---[Monster]: Max RunDelay: 282; Max RunCount 3282
---[Human]: Max RunDelay: 63; [Socket]: Max RunDelay: 16
---[App]: Min PerSecRun: 73; Max RunDelay 0
-----------------------------------------------------
2019-09-08 19:43:01 GS-1 09-08 19:43:01 User = 22 / 22
2019-09-08 19:47:06 GS-1 -----------------------------------------------------
---[Monster]: Max RunDelay: 500; Max RunCount 3331
---[Human]: Max RunDelay: 62; [Socket]: Max RunDelay: 16
---[App]: Min PerSecRun: 53; Max RunDelay 0
-----------------------------------------------------
2019-09-08 19:52:07 GS-1 -----------------------------------------------------
---[Monster]: Max RunDelay: 547; Max RunCount 3335
---[Human]: Max RunDelay: 63; [Socket]: Max RunDelay: 16
---[App]: Min PerSecRun: 52; Max RunDelay 0
-----------------------------------------------------
2019-09-08 19:53:01 GS-1 09-08 19:53:01 User = 21 / 21
2019-09-08 19:57:08 GS-1 -----------------------------------------------------
---[Monster]: Max RunDelay: 281; Max RunCount 3222
---[Human]: Max RunDelay: 62; [Socket]: Max RunDelay: 16
---[App]: Min PerSecRun: 68; Max RunDelay 0
-----------------------------------------------------
2019-09-08 20:02:09 GS-1 -----------------------------------------------------
---[Monster]: Max RunDelay: 328; Max RunCount 3222
---[Human]: Max RunDelay: 47; [Socket]: Max RunDelay: 16
---[App]: Min PerSecRun: 71; Max RunDelay 0
-----------------------------------------------------
2019-09-08 20:03:01 GS-1 09-08 20:03:01 User = 21 / 21
2019-09-08 20:05:00 GS-1 [脚本(修炼圣地-3.pas)缺函数]: ForgeDiaYB
2019-09-08 20:05:00 GS-1 --ReInitializet-- 因为点击NPC失败，重新刷新NPC...
2019-09-08 20:07:10 GS-1 -----------------------------------------------------
---[Monster]: Max RunDelay: 297; Max RunCount 3193
---[Human]: Max RunDelay: 63; [Socket]: Max RunDelay: 16
---[App]: Min PerSecRun: 71; Max RunDelay 0
-----------------------------------------------------
2019-09-08 20:07:29 GS-1 [Error]: ==> YBSocketError, ErrorCode=10060
2019-09-08 20:12:11 GS-1 -----------------------------------------------------
---[Monster]: Max RunDelay: 422; Max RunCount 3266
---[Human]: Max RunDelay: 63; [Socket]: Max RunDelay: 16
---[App]: Min PerSecRun: 53; Max RunDelay 0
-----------------------------------------------------
2019-09-08 20:13:01 GS-1 09-08 20:13:01 User = 21 / 21
2019-09-08 20:17:11 GS-1 -----------------------------------------------------
---[Monster]: Max RunDelay: 297; Max RunCount 3365
---[Human]: Max RunDelay: 47; [Socket]: Max RunDelay: 16
---[App]: Min PerSecRun: 68; Max RunDelay 0
-----------------------------------------------------
2019-09-08 20:18:27 GS-1 --ReInitializet-- 因为点击NPC失败，重新刷新NPC...
2019-09-08 20:22:12 GS-1 -----------------------------------------------------
---[Monster]: Max RunDelay: 344; Max RunCount 3289
---[Human]: Max RunDelay: 78; [Socket]: Max RunDelay: 16
---[App]: Min PerSecRun: 69; Max RunDelay 0
-----------------------------------------------------
2019-09-08 20:23:02 GS-1 09-08 20:23:02 User = 21 / 21
2019-09-08 20:27:13 GS-1 -----------------------------------------------------
---[Monster]: Max RunDelay: 250; Max RunCount 3311
---[Human]: Max RunDelay: 63; [Socket]: Max RunDelay: 16
---[App]: Min PerSecRun: 70; Max RunDelay 15
-----------------------------------------------------
2019-09-08 20:32:14 GS-1 -----------------------------------------------------
---[Monster]: Max RunDelay: 281; Max RunCount 3312
---[Human]: Max RunDelay: 63; [Socket]: Max RunDelay: 16
---[App]: Min PerSecRun: 68; Max RunDelay 0
-----------------------------------------------------
2019-09-08 20:32:59 GS-1 载入商城热销商品列表，共36个。
2019-09-08 20:32:59 GS-1 ==> 加载商城热销榜:5
2019-09-08 20:33:02 GS-1 09-08 20:33:02 User = 21 / 21
2019-09-08 20:37:16 GS-1 -----------------------------------------------------
---[Monster]: Max RunDelay: 781; Max RunCount 3407
---[Human]: Max RunDelay: 219; [Socket]: Max RunDelay: 16
---[App]: Min PerSecRun: 29; Max RunDelay 15
-----------------------------------------------------
2019-09-08 20:42:17 GS-1 -----------------------------------------------------
---[Monster]: Max RunDelay: 625; Max RunCount 3420
---[Human]: Max RunDelay: 109; [Socket]: Max RunDelay: 16
---[App]: Min PerSecRun: 42; Max RunDelay 0
-----------------------------------------------------
2019-09-08 20:43:03 GS-1 09-08 20:43:03 User = 22 / 22
2019-09-08 20:47:18 GS-1 -----------------------------------------------------
---[Monster]: Max RunDelay: 578; Max RunCount 3350
---[Human]: Max RunDelay: 79; [Socket]: Max RunDelay: 16
---[App]: Min PerSecRun: 43; Max RunDelay 0
-----------------------------------------------------
2019-09-08 20:52:19 GS-1 -----------------------------------------------------
---[Monster]: Max RunDelay: 438; Max RunCount 3469
---[Human]: Max RunDelay: 156; [Socket]: Max RunDelay: 16
---[App]: Min PerSecRun: 58; Max RunDelay 0
-----------------------------------------------------
2019-09-08 20:53:03 GS-1 09-08 20:53:03 User = 14 / 14
2019-09-08 20:57:20 GS-1 -----------------------------------------------------
---[Monster]: Max RunDelay: 406; Max RunCount 3417
---[Human]: Max RunDelay: 172; [Socket]: Max RunDelay: 16
---[App]: Min PerSecRun: 62; Max RunDelay 47
-----------------------------------------------------
2019-09-08 21:02:21 GS-1 -----------------------------------------------------
---[Monster]: Max RunDelay: 313; Max RunCount 3296
---[Human]: Max RunDelay: 62; [Socket]: Max RunDelay: 15
---[App]: Min PerSecRun: 70; Max RunDelay 0
-----------------------------------------------------
2019-09-08 21:03:03 GS-1 09-08 21:03:03 User = 20 / 20
2019-09-08 21:07:22 GS-1 -----------------------------------------------------
---[Monster]: Max RunDelay: 313; Max RunCount 3298
---[Human]: Max RunDelay: 47; [Socket]: Max RunDelay: 46
---[App]: Min PerSecRun: 68; Max RunDelay 0
-----------------------------------------------------
2019-09-08 21:12:23 GS-1 -----------------------------------------------------
---[Monster]: Max RunDelay: 266; Max RunCount 3299
---[Human]: Max RunDelay: 78; [Socket]: Max RunDelay: 16
---[App]: Min PerSecRun: 69; Max RunDelay 15
-----------------------------------------------------
2019-09-08 21:13:03 GS-1 09-08 21:13:03 User = 22 / 22
2019-09-08 21:17:24 GS-1 -----------------------------------------------------
---[Monster]: Max RunDelay: 438; Max RunCount 3545
---[Human]: Max RunDelay: 235; [Socket]: Max RunDelay: 16
---[App]: Min PerSecRun: 49; Max RunDelay 16
-----------------------------------------------------
2019-09-08 21:22:25 GS-1 -----------------------------------------------------
---[Monster]: Max RunDelay: 312; Max RunCount 3522
---[Human]: Max RunDelay: 47; [Socket]: Max RunDelay: 16
---[App]: Min PerSecRun: 70; Max RunDelay 0
-----------------------------------------------------
2019-09-08 21:23:03 GS-1 09-08 21:23:03 User = 23 / 23
2019-09-08 21:27:26 GS-1 -----------------------------------------------------
---[Monster]: Max RunDelay: 281; Max RunCount 3425
---[Human]: Max RunDelay: 47; [Socket]: Max RunDelay: 15
---[App]: Min PerSecRun: 72; Max RunDelay 0
-----------------------------------------------------
2019-09-08 21:32:27 GS-1 -----------------------------------------------------
---[Monster]: Max RunDelay: 313; Max RunCount 3475
---[Human]: Max RunDelay: 78; [Socket]: Max RunDelay: 15
---[App]: Min PerSecRun: 68; Max RunDelay 16
-----------------------------------------------------
2019-09-08 21:33:00 GS-1 载入商城热销商品列表，共36个。
2019-09-08 21:33:00 GS-1 ==> 加载商城热销榜:5
2019-09-08 21:33:03 GS-1 09-08 21:33:03 User = 24 / 24
2019-09-08 21:33:32 GS-1 [脚本(散财猪.pas)缺函数]: AfterScatterItems
2019-09-08 21:33:47 GS-1 [脚本(散财猪.pas)缺函数]: AfterScatterItems
2019-09-08 21:37:28 GS-1 -----------------------------------------------------
---[Monster]: Max RunDelay: 250; Max RunCount 3320
---[Human]: Max RunDelay: 47; [Socket]: Max RunDelay: 15
---[App]: Min PerSecRun: 70; Max RunDelay 0
-----------------------------------------------------
2019-09-08 21:42:28 GS-1 -----------------------------------------------------
---[Monster]: Max RunDelay: 609; Max RunCount 3468
---[Human]: Max RunDelay: 125; [Socket]: Max RunDelay: 16
---[App]: Min PerSecRun: 48; Max RunDelay 47
-----------------------------------------------------
2019-09-08 21:43:03 GS-1 09-08 21:43:03 User = 22 / 22
2019-09-08 21:47:29 GS-1 -----------------------------------------------------
---[Monster]: Max RunDelay: 407; Max RunCount 3513
---[Human]: Max RunDelay: 109; [Socket]: Max RunDelay: 16
---[App]: Min PerSecRun: 56; Max RunDelay 31
-----------------------------------------------------
2019-09-08 21:52:31 GS-1 -----------------------------------------------------
---[Monster]: Max RunDelay: 437; Max RunCount 3492
---[Human]: Max RunDelay: 235; [Socket]: Max RunDelay: 16
---[App]: Min PerSecRun: 58; Max RunDelay 15
-----------------------------------------------------
2019-09-08 21:53:04 GS-1 09-08 21:53:04 User = 24 / 24
2019-09-08 21:55:24 GS-1 [脚本(修炼圣地-3.pas)缺函数]: ForgeDiaYB
2019-09-08 21:55:24 GS-1 --ReInitializet-- 因为点击NPC失败，重新刷新NPC...
2019-09-08 21:57:31 GS-1 -----------------------------------------------------
---[Monster]: Max RunDelay: 1000; Max RunCount 3446
---[Human]: Max RunDelay: 984; [Socket]: Max RunDelay: 16
---[App]: Min PerSecRun: 21; Max RunDelay 16
-----------------------------------------------------
2019-09-08 22:00:32 GS-1 22:00:33 Gate 1 (49.234.26.20) 关闭
2019-09-08 22:00:32 GS-1 [Warning]: 与DB 服务器断开连接....
2019-09-08 22:00:38 GS-1 释放--魔龙冰晶升级对象--结束
2019-09-08 22:00:38 GS-1 释放--天赐宝箱1--结束
2019-09-08 22:00:38 GS-1 释放--天赐宝箱2--结束
2019-09-08 22:00:38 GS-1 释放--一点充--结束
2019-09-08 22:00:38 GS-1 释放--事件管理对象--结束
2019-09-08 22:00:38 GS-1 释放--任务管理对象--结束
2019-09-08 22:00:38 GS-1 释放--升级提醒管理对象--结束
2019-09-08 22:00:38 GS-1 释放--GDMsg管理对象--结束
2019-09-08 22:00:38 GS-1 释放--跨地图寻路管理对象--结束
2019-09-08 22:00:38 GS-1 释放--沙巴克管理对象--结束
2019-09-08 22:00:38 GS-1 释放--中央活动服务器客户端--结束
2019-09-08 22:00:38 GS-1 释放--乾坤包--结束
2019-09-08 22:00:38 GS-1 正在清除模块-卧龙英雄管理-的配置表d:\Mud2.0\Mir200\Share\EngineConfig\卧龙英雄管理\Fortress-HERO1.txt
2019-09-08 22:00:38 GS-1 正在清除模块-卧龙英雄管理-的配置表d:\Mud2.0\Mir200\Share\EngineConfig\卧龙英雄管理\Fortress.txt
2019-09-08 22:00:38 GS-1 正在清除模块-游戏元素点阵管理-的配置表d:\Mud2.0\Mir200\Share\EngineConfig\游戏元素点阵管理\GMActEvent.txt
2019-09-08 22:00:38 GS-1 正在清除模块-信用分管理-的配置表d:\Mud2.0\Mir200\Share\EngineConfig\信用分管理\PlayerActivePoint.xml
2019-09-08 22:00:38 GS-1 正在清除模块-信用分管理-的配置表d:\Mud2.0\Mir200\Share\EngineConfig\信用分管理\MapActivePoint.xml
2019-09-08 22:00:38 GS-1 正在清除模块-摆摊交易-的配置表d:\Mud2.0\Mir200\Share\EngineConfig\摆摊交易\摊位基础设置.ini
2019-09-08 22:00:38 GS-1 正在清除模块-元宝商城管理-的配置表d:\Mud2.0\Mir200\Share\EngineConfig\元宝商城管理\YBGoods.sql
2019-09-08 22:00:38 GS-1 正在清除模块-小助手管理-的配置表d:\Mud2.0\Mir200\Share\EngineConfig\小助手管理\小助手.txt
2019-09-08 22:00:38 GS-1 正在清除模块-静态地图管理-的配置表d:\Mud2.0\Mir200\Share\EngineConfig\静态地图管理\MapDropLimitBagItems.xml
2019-09-08 22:00:38 GS-1 正在清除模块-装备合成管理-的配置表d:\Mud2.0\Mir200\Share\EngineConfig\装备合成管理\StrengthenEquip.xml
2019-09-08 22:00:38 GS-1 正在清除模块-藏宝图管理-的配置表d:\Mud2.0\Mir200\Share\EngineConfig\藏宝图管理\修复藏宝图.txt
2019-09-08 22:00:38 GS-1 正在清除模块-藏宝图管理-的配置表d:\Mud2.0\Mir200\Share\EngineConfig\藏宝图管理\魔龙藏宝图合成装备.txt
2019-09-08 22:00:38 GS-1 正在清除模块-衣服升级管理-的配置表d:\Mud2.0\Mir200\Share\EngineConfig\衣服升级管理\UpdateClothes.xml
2019-09-08 22:00:38 GS-1 正在清除模块-道具管理-的配置表d:\Mud2.0\Mir200\Share\EngineConfig\道具管理\宝石配置.txt
2019-09-08 22:00:38 GS-1 正在清除模块-世界暴率管理-的配置表d:\Mud2.0\Mir200\Share\EngineConfig\世界暴率管理\世界爆率文件1.txt
2019-09-08 22:00:38 GS-1 释放--跨GS消息管理对象--结束
2019-09-08 22:00:38 GS-1 释放--gate管理对象--结束
2019-09-08 22:00:38 GS-1 释放--魔法管理对象--结束
2019-09-08 22:00:38 GS-1 释放--套装管理对象--结束
2019-09-08 22:00:38 GS-1 释放--新暴率管理对象--结束
2019-09-08 22:00:38 GS-1 释放--角色信息初始化管理对象--结束
2019-09-08 22:00:38 GS-1 释放--GS本地日志--结束
2019-09-08 22:00:38 GS-1 释放--DBEngn对象--结束
2019-09-08 22:00:38 GS-1 释放--任务列表--结束
2019-09-08 22:00:38 GS-1 释放--buffer管理类--结束
2019-09-08 22:00:38 GS-1 释放--排行榜--结束
2019-09-08 22:00:38 GS-1 释放--免费回收--结束
2019-09-08 22:00:38 GS-1 释放--mysql对象--结束
2019-09-08 22:00:38 GS-1 ================ 服务停止 ==============
