2019-09-20 19:16:39 GS-1 -----------------------------------------------------
---[Monster]: Max RunDelay: 0; Max RunCount 0
---[Human]: Max RunDelay: 0; [Socket]: Max RunDelay: 0
---[App]: Min PerSecRun: 100; Max RunDelay 0
-----------------------------------------------------
2019-09-20 19:16:39 GS-1 ================ 服务启动 ==============
2019-09-20 19:16:39 GS-1 TPlayerBody Size - 1616
2019-09-20 19:16:39 GS-1 TPlayerDB Size - 61608
2019-09-20 19:16:39 GS-1 ======== 连接MySQL成功 =======
2019-09-20 19:16:39 GS-1 *** ***Gamelog 的下次清理时间为 : 09月27日03时*** ***
2019-09-20 19:16:39 GS-1 ==加载GM指令定义完成==
2019-09-20 19:16:39 GS-1 与 DB 服务器连接成功
2019-09-20 19:16:39 GS-1 [Error]: 加载 热血勇士奖励:配置1 出错
2019-09-20 19:16:39 GS-1 [Error]: 加载 热血勇士奖励:配置2 出错
2019-09-20 19:16:39 GS-1 [Error]: 加载 热血勇士奖励:配置3 出错
2019-09-20 19:16:39 GS-1 [Error]: 加载 热血勇士奖励:配置4 出错
2019-09-20 19:16:39 GS-1 [Error]: 加载 热血勇士奖励:配置5 出错
2019-09-20 19:16:39 GS-1 [Error]: 加载 热血勇士奖励:配置6 出错
2019-09-20 19:16:39 GS-1 [Error]: 加载 热血勇士奖励:配置7 出错
2019-09-20 19:16:39 GS-1 [Error]: 加载 热血勇士奖励:配置8 出错
2019-09-20 19:16:39 GS-1 [Error]: 加载 热血勇士奖励:配置9 出错
2019-09-20 19:16:39 GS-1 [Error]: 加载 热血勇士奖励:配置10 出错
2019-09-20 19:16:39 GS-1 [Error]: 火龙珠奖励配置错误！
2019-09-20 19:16:39 GS-1 [Error]: 火龙珠奖励配置错误！
2019-09-20 19:16:39 GS-1 [Error]: 火龙珠奖励配置错误！
2019-09-20 19:16:39 GS-1 [Error]: 抽取概率错误:赤金天赐->宝箱1:概率7
2019-09-20 19:16:39 GS-1 [Error]: 抽取概率错误:白银天赐->宝箱1:概率7
2019-09-20 19:16:39 GS-1 [Error]: 抽取概率错误:紫铜天赐->宝箱1:概率7
2019-09-20 19:16:39 GS-1 [Error]: 抽取概率错误:神秘天赐->宝箱1:概率7
2019-09-20 19:16:39 GS-1 [Error]: 抽取概率错误:檀木天赐->宝箱1:概率7
2019-09-20 19:16:39 GS-1 [Error]: 抽取概率错误:宝藏天赐 ->宝箱1:概率7
2019-09-20 19:16:39 GS-1 [Error]: StdItems 不存在的天赐：新年天赐
2019-09-20 19:16:39 GS-1 [Error]: StdItems 不存在的钥匙：新年钥匙
2019-09-20 19:16:39 GS-1 [Error]: StdItems 不存在的钥匙：春节钥匙
2019-09-20 19:16:39 GS-1 [Error]: StdItems 不存在的钥匙：节日钥匙
2019-09-20 19:16:39 GS-1 [Error]: StdItems 不存在的天赐：感恩天赐
2019-09-20 19:16:39 GS-1 [Error]: StdItems 不存在的钥匙：感恩钥匙
2019-09-20 19:16:39 GS-1 系统参数初始化完毕
2019-09-20 19:16:39 GS-1 准备加载NPC，共514个
2019-09-20 19:16:39 GS-1 已加载d:\Mud2.0\Mir200\Share\EngineConfig\系统信息管理\RollMsg.txt！
2019-09-20 19:16:39 GS-1 已加载d:\Mud2.0\Mir200\Share\EngineConfig\系统信息管理\掉落物品提示.txt！
2019-09-20 19:16:39 GS-1 已加载d:\Mud2.0\Mir200\Share\EngineConfig\卧龙英雄管理\Fortress.txt！
2019-09-20 19:16:39 GS-1 已加载d:\Mud2.0\Mir200\Share\EngineConfig\游戏元素点阵管理\GMActEvent.txt！
2019-09-20 19:16:39 GS-1    加载邮件信息成功,加载0个玩家的邮件。
2019-09-20 19:16:39 GS-1    加载邮件信息成功,加载2个玩家的邮件。
2019-09-20 19:16:39 GS-1 已加载d:\Mud2.0\Mir200\Share\EngineConfig\摆摊交易\摊位基础设置.ini！
2019-09-20 19:16:39 GS-1 刷新摊位过期将在2:55执行！
2019-09-20 19:16:39 GS-1   加载Stall成功，共加载摊位0个
2019-09-20 19:16:39 GS-1 [Information]: 寄售表创建成功!
2019-09-20 19:16:39 GS-1 [Information]: 寄售历史表创建成功!
2019-09-20 19:16:39 GS-1 [Information]: 更新超时订单成功!
2019-09-20 19:16:39 GS-1 已加载刷新商城时间：00:00:00.
2019-09-20 19:16:39 GS-1 已加载刷新商城时间：06:00:00.
2019-09-20 19:16:39 GS-1 已加载刷新商城时间：12:00:00.
2019-09-20 19:16:39 GS-1 载入商城物品列表，共5个类别，40种商品
2019-09-20 19:16:39 GS-1 ==> 加载商城物品 装饰类：11/11
2019-09-20 19:16:39 GS-1 ==> 加载商城物品 补给类：5/5
2019-09-20 19:16:39 GS-1 ==> 加载商城物品 强化类：14/14
2019-09-20 19:16:39 GS-1 ==> 加载商城物品 限量类：8/8
2019-09-20 19:16:39 GS-1 ==> 加载商城物品 好友类：2/2
2019-09-20 19:16:39 GS-1 ==> 加载商城物品 类：0/0
2019-09-20 19:16:39 GS-1 ==> 加载商城物品 类：0/0
2019-09-20 19:16:39 GS-1 ==> 加载商城物品 类：0/0
2019-09-20 19:16:39 GS-1    [删除错误数据] 删除用户表中不存在的战队成员
2019-09-20 19:16:39 GS-1    [删除错误数据] 清除战队队长不存在的项
2019-09-20 19:16:39 GS-1    [删除错误数据] 不存在战队的成员
2019-09-20 19:16:39 GS-1    正在加载战队...
2019-09-20 19:16:39 GS-1    战队表数量 : 0
2019-09-20 19:16:39 GS-1    加载战队数量:0
2019-09-20 19:16:39 GS-1    正在加载战队成员...
2019-09-20 19:16:39 GS-1    战队成员总数:0 加载成员数:0
2019-09-20 19:16:39 GS-1    正在检测战队数据有效性...
2019-09-20 19:16:39 GS-1    战队数据有效性检测完毕
2019-09-20 19:16:39 GS-1    [删除错误数据] 清除会长战队不存在行会
2019-09-20 19:16:39 GS-1    [删除错误数据] 清除行会不存在的行会成员
2019-09-20 19:16:39 GS-1    [删除错误数据] 清除行会不存在的行会关系ID排列错误的项
2019-09-20 19:16:39 GS-1    [删除错误数据] 清除行会不存在行会关系
2019-09-20 19:16:39 GS-1    [删除错误数据] 清除行会不存在关注行会
2019-09-20 19:16:39 GS-1    加载行会数量 : 0
2019-09-20 19:16:39 GS-1    加载行会成员(战队)数量 : 0
2019-09-20 19:16:39 GS-1    加载行会关系数量 : 0
2019-09-20 19:16:39 GS-1    加载关注行会数量 : 0
2019-09-20 19:16:39 GS-1    加载请求数量:0
2019-09-20 19:16:39 GS-1 [Error]: 小助手 不存在！
2019-09-20 19:16:39 GS-1 D411地图配置在MapInfo.txt 中不是LIMITBAGITEMDROP属性
2019-09-20 19:16:39 GS-1 D415地图配置在MapInfo.txt 中不是LIMITBAGITEMDROP属性
2019-09-20 19:16:39 GS-1 D416地图配置在MapInfo.txt 中不是LIMITBAGITEMDROP属性
2019-09-20 19:16:39 GS-1 信用分验证功能：开
2019-09-20 19:16:39 GS-1 GS脚本版本号：10001
2019-09-20 19:16:39 GS-1 更新排行榜，共计：9 页
2019-09-20 19:17:06 GS-1 载入商城热销商品列表，共17个。
2019-09-20 19:17:06 GS-1 ==> 加载商城热销榜:5
2019-09-20 19:17:07 GS-1 Gate 1 开启
2019-09-20 19:21:40 GS-1 -----------------------------------------------------
---[Monster]: Max RunDelay: 266; Max RunCount 3240
---[Human]: Max RunDelay: 16; [Socket]: Max RunDelay: 0
---[App]: Min PerSecRun: 73; Max RunDelay 0
-----------------------------------------------------
2019-09-20 19:26:41 GS-1 -----------------------------------------------------
---[Monster]: Max RunDelay: 218; Max RunCount 3250
---[Human]: Max RunDelay: 16; [Socket]: Max RunDelay: 15
---[App]: Min PerSecRun: 76; Max RunDelay 0
-----------------------------------------------------
2019-09-20 19:27:04 GS-1 09-20 19:27:04 User = 0 / 0
2019-09-20 19:31:41 GS-1 -----------------------------------------------------
---[Monster]: Max RunDelay: 360; Max RunCount 3146
---[Human]: Max RunDelay: 46; [Socket]: Max RunDelay: 16
---[App]: Min PerSecRun: 67; Max RunDelay 0
-----------------------------------------------------
2019-09-20 19:36:42 GS-1 -----------------------------------------------------
---[Monster]: Max RunDelay: 344; Max RunCount 3160
---[Human]: Max RunDelay: 15; [Socket]: Max RunDelay: 16
---[App]: Min PerSecRun: 70; Max RunDelay 0
-----------------------------------------------------
2019-09-20 19:37:04 GS-1 09-20 19:37:04 User = 0 / 0
2019-09-20 19:41:42 GS-1 -----------------------------------------------------
---[Monster]: Max RunDelay: 343; Max RunCount 3160
---[Human]: Max RunDelay: 15; [Socket]: Max RunDelay: 0
---[App]: Min PerSecRun: 68; Max RunDelay 0
-----------------------------------------------------
2019-09-20 19:46:43 GS-1 -----------------------------------------------------
---[Monster]: Max RunDelay: 344; Max RunCount 3160
---[Human]: Max RunDelay: 32; [Socket]: Max RunDelay: 16
---[App]: Min PerSecRun: 70; Max RunDelay 0
-----------------------------------------------------
2019-09-20 19:46:59 GS-1 [脚本(散财猪.pas)缺函数]: AfterScatterItems
2019-09-20 19:47:05 GS-1 09-20 19:47:05 User = 1 / 1
2019-09-20 19:48:32 GS-1 [脚本(散财猪.pas)缺函数]: AfterScatterItems
2019-09-20 19:51:44 GS-1 -----------------------------------------------------
---[Monster]: Max RunDelay: 360; Max RunCount 3129
---[Human]: Max RunDelay: 16; [Socket]: Max RunDelay: 16
---[App]: Min PerSecRun: 69; Max RunDelay 0
-----------------------------------------------------
2019-09-20 19:56:45 GS-1 -----------------------------------------------------
---[Monster]: Max RunDelay: 359; Max RunCount 3160
---[Human]: Max RunDelay: 31; [Socket]: Max RunDelay: 16
---[App]: Min PerSecRun: 68; Max RunDelay 0
-----------------------------------------------------
2019-09-20 19:57:05 GS-1 09-20 19:57:05 User = 1 / 1
2019-09-20 20:01:46 GS-1 -----------------------------------------------------
---[Monster]: Max RunDelay: 266; Max RunCount 3160
---[Human]: Max RunDelay: 32; [Socket]: Max RunDelay: 15
---[App]: Min PerSecRun: 68; Max RunDelay 0
-----------------------------------------------------
2019-09-20 20:05:26 GS-1 [Error]: GameGate ServerSocketError, ErrorCode=10061
2019-09-20 20:06:47 GS-1 -----------------------------------------------------
---[Monster]: Max RunDelay: 250; Max RunCount 3160
---[Human]: Max RunDelay: 16; [Socket]: Max RunDelay: 15
---[App]: Min PerSecRun: 76; Max RunDelay 0
-----------------------------------------------------
2019-09-20 20:07:05 GS-1 09-20 20:07:05 User = 1 / 1
2019-09-20 20:11:48 GS-1 -----------------------------------------------------
---[Monster]: Max RunDelay: 266; Max RunCount 3161
---[Human]: Max RunDelay: 16; [Socket]: Max RunDelay: 0
---[App]: Min PerSecRun: 76; Max RunDelay 0
-----------------------------------------------------
2019-09-20 20:16:49 GS-1 -----------------------------------------------------
---[Monster]: Max RunDelay: 235; Max RunCount 3161
---[Human]: Max RunDelay: 31; [Socket]: Max RunDelay: 15
---[App]: Min PerSecRun: 76; Max RunDelay 0
-----------------------------------------------------
2019-09-20 20:17:05 GS-1 09-20 20:17:05 User = 1 / 1
2019-09-20 20:17:06 GS-1 载入商城热销商品列表，共17个。
2019-09-20 20:17:06 GS-1 ==> 加载商城热销榜:5
2019-09-20 20:21:50 GS-1 -----------------------------------------------------
---[Monster]: Max RunDelay: 250; Max RunCount 3130
---[Human]: Max RunDelay: 31; [Socket]: Max RunDelay: 15
---[App]: Min PerSecRun: 76; Max RunDelay 0
-----------------------------------------------------
2019-09-20 20:26:51 GS-1 -----------------------------------------------------
---[Monster]: Max RunDelay: 282; Max RunCount 3130
---[Human]: Max RunDelay: 15; [Socket]: Max RunDelay: 15
---[App]: Min PerSecRun: 76; Max RunDelay 0
-----------------------------------------------------
2019-09-20 20:27:05 GS-1 09-20 20:27:05 User = 1 / 1
2019-09-20 20:31:52 GS-1 -----------------------------------------------------
---[Monster]: Max RunDelay: 265; Max RunCount 3161
---[Human]: Max RunDelay: 15; [Socket]: Max RunDelay: 0
---[App]: Min PerSecRun: 76; Max RunDelay 0
-----------------------------------------------------
2019-09-20 20:36:53 GS-1 -----------------------------------------------------
---[Monster]: Max RunDelay: 266; Max RunCount 3161
---[Human]: Max RunDelay: 31; [Socket]: Max RunDelay: 15
---[App]: Min PerSecRun: 75; Max RunDelay 0
-----------------------------------------------------
2019-09-20 20:37:05 GS-1 09-20 20:37:05 User = 1 / 1
2019-09-20 20:41:54 GS-1 -----------------------------------------------------
---[Monster]: Max RunDelay: 281; Max RunCount 3161
---[Human]: Max RunDelay: 16; [Socket]: Max RunDelay: 0
---[App]: Min PerSecRun: 76; Max RunDelay 0
-----------------------------------------------------
2019-09-20 20:46:55 GS-1 -----------------------------------------------------
---[Monster]: Max RunDelay: 328; Max RunCount 3161
---[Human]: Max RunDelay: 16; [Socket]: Max RunDelay: 16
---[App]: Min PerSecRun: 70; Max RunDelay 0
-----------------------------------------------------
2019-09-20 20:47:05 GS-1 09-20 20:47:05 User = 1 / 1
2019-09-20 20:51:56 GS-1 -----------------------------------------------------
---[Monster]: Max RunDelay: 235; Max RunCount 3161
---[Human]: Max RunDelay: 16; [Socket]: Max RunDelay: 16
---[App]: Min PerSecRun: 76; Max RunDelay 0
-----------------------------------------------------
2019-09-20 20:56:57 GS-1 -----------------------------------------------------
---[Monster]: Max RunDelay: 266; Max RunCount 3150
---[Human]: Max RunDelay: 16; [Socket]: Max RunDelay: 0
---[App]: Min PerSecRun: 76; Max RunDelay 0
-----------------------------------------------------
2019-09-20 20:57:05 GS-1 09-20 20:57:05 User = 1 / 1
2019-09-20 21:01:58 GS-1 -----------------------------------------------------
---[Monster]: Max RunDelay: 281; Max RunCount 3161
---[Human]: Max RunDelay: 31; [Socket]: Max RunDelay: 16
---[App]: Min PerSecRun: 76; Max RunDelay 0
-----------------------------------------------------
2019-09-20 21:06:59 GS-1 -----------------------------------------------------
---[Monster]: Max RunDelay: 265; Max RunCount 3161
---[Human]: Max RunDelay: 15; [Socket]: Max RunDelay: 16
---[App]: Min PerSecRun: 77; Max RunDelay 0
-----------------------------------------------------
2019-09-20 21:07:05 GS-1 09-20 21:07:05 User = 0 / 0
2019-09-20 21:12:00 GS-1 -----------------------------------------------------
---[Monster]: Max RunDelay: 266; Max RunCount 3151
---[Human]: Max RunDelay: 15; [Socket]: Max RunDelay: 16
---[App]: Min PerSecRun: 77; Max RunDelay 0
-----------------------------------------------------
2019-09-20 21:17:01 GS-1 -----------------------------------------------------
---[Monster]: Max RunDelay: 250; Max RunCount 3162
---[Human]: Max RunDelay: 15; [Socket]: Max RunDelay: 16
---[App]: Min PerSecRun: 75; Max RunDelay 0
-----------------------------------------------------
2019-09-20 21:17:05 GS-1 09-20 21:17:05 User = 1 / 1
2019-09-20 21:17:06 GS-1 载入商城热销商品列表，共17个。
2019-09-20 21:17:06 GS-1 ==> 加载商城热销榜:5
2019-09-20 21:22:02 GS-1 -----------------------------------------------------
---[Monster]: Max RunDelay: 234; Max RunCount 3162
---[Human]: Max RunDelay: 31; [Socket]: Max RunDelay: 16
---[App]: Min PerSecRun: 77; Max RunDelay 0
-----------------------------------------------------
2019-09-20 21:27:03 GS-1 -----------------------------------------------------
---[Monster]: Max RunDelay: 266; Max RunCount 3151
---[Human]: Max RunDelay: 32; [Socket]: Max RunDelay: 16
---[App]: Min PerSecRun: 77; Max RunDelay 0
-----------------------------------------------------
2019-09-20 21:27:05 GS-1 09-20 21:27:05 User = 2 / 2
2019-09-20 21:32:04 GS-1 -----------------------------------------------------
---[Monster]: Max RunDelay: 219; Max RunCount 3151
---[Human]: Max RunDelay: 32; [Socket]: Max RunDelay: 16
---[App]: Min PerSecRun: 77; Max RunDelay 0
-----------------------------------------------------
2019-09-20 21:37:05 GS-1 09-20 21:37:05 User = 1 / 1
2019-09-20 21:37:05 GS-1 -----------------------------------------------------
---[Monster]: Max RunDelay: 266; Max RunCount 3162
---[Human]: Max RunDelay: 32; [Socket]: Max RunDelay: 16
---[App]: Min PerSecRun: 77; Max RunDelay 0
-----------------------------------------------------
2019-09-20 21:42:06 GS-1 -----------------------------------------------------
---[Monster]: Max RunDelay: 266; Max RunCount 3162
---[Human]: Max RunDelay: 16; [Socket]: Max RunDelay: 16
---[App]: Min PerSecRun: 77; Max RunDelay 0
-----------------------------------------------------
2019-09-20 21:47:05 GS-1 09-20 21:47:05 User = 1 / 1
2019-09-20 21:47:07 GS-1 -----------------------------------------------------
---[Monster]: Max RunDelay: 266; Max RunCount 3162
---[Human]: Max RunDelay: 31; [Socket]: Max RunDelay: 0
---[App]: Min PerSecRun: 76; Max RunDelay 0
-----------------------------------------------------
2019-09-20 21:52:08 GS-1 -----------------------------------------------------
---[Monster]: Max RunDelay: 266; Max RunCount 3162
---[Human]: Max RunDelay: 31; [Socket]: Max RunDelay: 0
---[App]: Min PerSecRun: 77; Max RunDelay 0
-----------------------------------------------------
2019-09-20 21:57:05 GS-1 09-20 21:57:05 User = 1 / 1
2019-09-20 21:57:09 GS-1 -----------------------------------------------------
---[Monster]: Max RunDelay: 266; Max RunCount 3162
---[Human]: Max RunDelay: 16; [Socket]: Max RunDelay: 16
---[App]: Min PerSecRun: 76; Max RunDelay 0
-----------------------------------------------------
2019-09-20 22:02:10 GS-1 -----------------------------------------------------
---[Monster]: Max RunDelay: 281; Max RunCount 3162
---[Human]: Max RunDelay: 16; [Socket]: Max RunDelay: 15
---[App]: Min PerSecRun: 76; Max RunDelay 0
-----------------------------------------------------
2019-09-20 22:07:05 GS-1 09-20 22:07:05 User = 2 / 2
2019-09-20 22:07:11 GS-1 -----------------------------------------------------
---[Monster]: Max RunDelay: 297; Max RunCount 3162
---[Human]: Max RunDelay: 32; [Socket]: Max RunDelay: 0
---[App]: Min PerSecRun: 75; Max RunDelay 0
-----------------------------------------------------
2019-09-20 22:11:33 GS-1 [Error]: GameGate ServerSocketError, ErrorCode=10061
2019-09-20 22:12:12 GS-1 -----------------------------------------------------
---[Monster]: Max RunDelay: 266; Max RunCount 3162
---[Human]: Max RunDelay: 32; [Socket]: Max RunDelay: 0
---[App]: Min PerSecRun: 76; Max RunDelay 0
-----------------------------------------------------
2019-09-20 22:17:05 GS-1 09-20 22:17:05 User = 2 / 2
2019-09-20 22:17:06 GS-1 载入商城热销商品列表，共17个。
2019-09-20 22:17:06 GS-1 ==> 加载商城热销榜:5
2019-09-20 22:17:13 GS-1 -----------------------------------------------------
---[Monster]: Max RunDelay: 250; Max RunCount 3163
---[Human]: Max RunDelay: 32; [Socket]: Max RunDelay: 16
---[App]: Min PerSecRun: 76; Max RunDelay 0
-----------------------------------------------------
2019-09-20 22:22:14 GS-1 -----------------------------------------------------
---[Monster]: Max RunDelay: 266; Max RunCount 3151
---[Human]: Max RunDelay: 32; [Socket]: Max RunDelay: 0
---[App]: Min PerSecRun: 76; Max RunDelay 0
-----------------------------------------------------
2019-09-20 22:27:05 GS-1 09-20 22:27:05 User = 2 / 2
2019-09-20 22:27:15 GS-1 -----------------------------------------------------
---[Monster]: Max RunDelay: 266; Max RunCount 3112
---[Human]: Max RunDelay: 32; [Socket]: Max RunDelay: 15
---[App]: Min PerSecRun: 77; Max RunDelay 0
-----------------------------------------------------
2019-09-20 22:32:16 GS-1 -----------------------------------------------------
---[Monster]: Max RunDelay: 281; Max RunCount 3162
---[Human]: Max RunDelay: 46; [Socket]: Max RunDelay: 15
---[App]: Min PerSecRun: 76; Max RunDelay 0
-----------------------------------------------------
2019-09-20 22:37:05 GS-1 09-20 22:37:05 User = 2 / 2
2019-09-20 22:37:17 GS-1 -----------------------------------------------------
---[Monster]: Max RunDelay: 281; Max RunCount 3162
---[Human]: Max RunDelay: 31; [Socket]: Max RunDelay: 15
---[App]: Min PerSecRun: 76; Max RunDelay 0
-----------------------------------------------------
2019-09-20 22:42:18 GS-1 -----------------------------------------------------
---[Monster]: Max RunDelay: 453; Max RunCount 3176
---[Human]: Max RunDelay: 62; [Socket]: Max RunDelay: 15
---[App]: Min PerSecRun: 60; Max RunDelay 0
-----------------------------------------------------
2019-09-20 22:47:05 GS-1 09-20 22:47:05 User = 2 / 2
2019-09-20 22:47:19 GS-1 -----------------------------------------------------
---[Monster]: Max RunDelay: 328; Max RunCount 3205
---[Human]: Max RunDelay: 32; [Socket]: Max RunDelay: 16
---[App]: Min PerSecRun: 74; Max RunDelay 0
-----------------------------------------------------
2019-09-20 22:52:20 GS-1 -----------------------------------------------------
---[Monster]: Max RunDelay: 281; Max RunCount 3177
---[Human]: Max RunDelay: 32; [Socket]: Max RunDelay: 15
---[App]: Min PerSecRun: 76; Max RunDelay 0
-----------------------------------------------------
2019-09-20 22:57:05 GS-1 09-20 22:57:05 User = 3 / 3
2019-09-20 22:57:20 GS-1 -----------------------------------------------------
---[Monster]: Max RunDelay: 421; Max RunCount 3178
---[Human]: Max RunDelay: 78; [Socket]: Max RunDelay: 15
---[App]: Min PerSecRun: 61; Max RunDelay 0
-----------------------------------------------------
2019-09-20 23:02:21 GS-1 -----------------------------------------------------
---[Monster]: Max RunDelay: 406; Max RunCount 3162
---[Human]: Max RunDelay: 47; [Socket]: Max RunDelay: 15
---[App]: Min PerSecRun: 63; Max RunDelay 0
-----------------------------------------------------
2019-09-20 23:07:05 GS-1 09-20 23:07:05 User = 3 / 3
2019-09-20 23:07:22 GS-1 -----------------------------------------------------
---[Monster]: Max RunDelay: 391; Max RunCount 3174
---[Human]: Max RunDelay: 32; [Socket]: Max RunDelay: 16
---[App]: Min PerSecRun: 67; Max RunDelay 0
-----------------------------------------------------
2019-09-20 23:12:23 GS-1 -----------------------------------------------------
---[Monster]: Max RunDelay: 438; Max RunCount 3175
---[Human]: Max RunDelay: 32; [Socket]: Max RunDelay: 0
---[App]: Min PerSecRun: 63; Max RunDelay 0
-----------------------------------------------------
2019-09-20 23:17:05 GS-1 09-20 23:17:05 User = 3 / 3
2019-09-20 23:17:06 GS-1 载入商城热销商品列表，共17个。
2019-09-20 23:17:06 GS-1 ==> 加载商城热销榜:5
2019-09-20 23:17:24 GS-1 -----------------------------------------------------
---[Monster]: Max RunDelay: 343; Max RunCount 3169
---[Human]: Max RunDelay: 32; [Socket]: Max RunDelay: 15
---[App]: Min PerSecRun: 64; Max RunDelay 0
-----------------------------------------------------
2019-09-20 23:22:26 GS-1 -----------------------------------------------------
---[Monster]: Max RunDelay: 469; Max RunCount 3216
---[Human]: Max RunDelay: 47; [Socket]: Max RunDelay: 0
---[App]: Min PerSecRun: 50; Max RunDelay 0
-----------------------------------------------------
2019-09-20 23:27:06 GS-1 09-20 23:27:06 User = 3 / 3
2019-09-20 23:27:27 GS-1 -----------------------------------------------------
---[Monster]: Max RunDelay: 422; Max RunCount 3261
---[Human]: Max RunDelay: 47; [Socket]: Max RunDelay: 0
---[App]: Min PerSecRun: 65; Max RunDelay 0
-----------------------------------------------------
2019-09-20 23:32:28 GS-1 -----------------------------------------------------
---[Monster]: Max RunDelay: 265; Max RunCount 3189
---[Human]: Max RunDelay: 47; [Socket]: Max RunDelay: 0
---[App]: Min PerSecRun: 76; Max RunDelay 0
-----------------------------------------------------
2019-09-20 23:37:06 GS-1 09-20 23:37:06 User = 2 / 2
2019-09-20 23:37:29 GS-1 -----------------------------------------------------
---[Monster]: Max RunDelay: 266; Max RunCount 3205
---[Human]: Max RunDelay: 32; [Socket]: Max RunDelay: 0
---[App]: Min PerSecRun: 77; Max RunDelay 0
-----------------------------------------------------
2019-09-20 23:40:15 GS-1 [脚本(散财猪.pas)缺函数]: AfterScatterItems
2019-09-20 23:42:30 GS-1 -----------------------------------------------------
---[Monster]: Max RunDelay: 265; Max RunCount 3199
---[Human]: Max RunDelay: 47; [Socket]: Max RunDelay: 0
---[App]: Min PerSecRun: 77; Max RunDelay 0
-----------------------------------------------------
2019-09-20 23:47:06 GS-1 09-20 23:47:06 User = 2 / 2
2019-09-20 23:47:31 GS-1 -----------------------------------------------------
---[Monster]: Max RunDelay: 266; Max RunCount 3195
---[Human]: Max RunDelay: 32; [Socket]: Max RunDelay: 0
---[App]: Min PerSecRun: 76; Max RunDelay 0
-----------------------------------------------------
2019-09-20 23:52:32 GS-1 -----------------------------------------------------
---[Monster]: Max RunDelay: 265; Max RunCount 3209
---[Human]: Max RunDelay: 32; [Socket]: Max RunDelay: 0
---[App]: Min PerSecRun: 76; Max RunDelay 0
-----------------------------------------------------
2019-09-20 23:57:06 GS-1 09-20 23:57:06 User = 2 / 2
2019-09-20 23:57:33 GS-1 -----------------------------------------------------
---[Monster]: Max RunDelay: 266; Max RunCount 3194
---[Human]: Max RunDelay: 32; [Socket]: Max RunDelay: 16
---[App]: Min PerSecRun: 76; Max RunDelay 0
-----------------------------------------------------
2019-09-21 00:00:00 GS-1 载入商城物品列表，共5个类别，40种商品
2019-09-21 00:00:00 GS-1 ==> 加载商城物品 装饰类：11/11
2019-09-21 00:00:00 GS-1 ==> 加载商城物品 补给类：5/5
2019-09-21 00:00:00 GS-1 ==> 加载商城物品 强化类：14/14
2019-09-21 00:00:00 GS-1 ==> 加载商城物品 限量类：8/8
2019-09-21 00:00:00 GS-1 ==> 加载商城物品 好友类：2/2
2019-09-21 00:00:00 GS-1 ==> 加载商城物品 类：0/0
2019-09-21 00:00:00 GS-1 ==> 加载商城物品 类：0/0
2019-09-21 00:00:00 GS-1 ==> 加载商城物品 类：0/0
2019-09-21 00:02:33 GS-1 -----------------------------------------------------
---[Monster]: Max RunDelay: 266; Max RunCount 3192
---[Human]: Max RunDelay: 31; [Socket]: Max RunDelay: 0
---[App]: Min PerSecRun: 77; Max RunDelay 0
-----------------------------------------------------
2019-09-21 00:07:05 GS-1 09-21 00:07:05 User = 2 / 2
2019-09-21 00:07:34 GS-1 -----------------------------------------------------
---[Monster]: Max RunDelay: 266; Max RunCount 3192
---[Human]: Max RunDelay: 31; [Socket]: Max RunDelay: 16
---[App]: Min PerSecRun: 77; Max RunDelay 0
-----------------------------------------------------
2019-09-21 00:12:35 GS-1 -----------------------------------------------------
---[Monster]: Max RunDelay: 250; Max RunCount 3192
---[Human]: Max RunDelay: 47; [Socket]: Max RunDelay: 0
---[App]: Min PerSecRun: 77; Max RunDelay 0
-----------------------------------------------------
2019-09-21 00:17:05 GS-1 09-21 00:17:05 User = 1 / 1
2019-09-21 00:17:06 GS-1 载入商城热销商品列表，共17个。
2019-09-21 00:17:06 GS-1 ==> 加载商城热销榜:5
2019-09-21 00:17:36 GS-1 -----------------------------------------------------
---[Monster]: Max RunDelay: 296; Max RunCount 3197
---[Human]: Max RunDelay: 16; [Socket]: Max RunDelay: 0
---[App]: Min PerSecRun: 75; Max RunDelay 0
-----------------------------------------------------
2019-09-21 00:22:37 GS-1 -----------------------------------------------------
---[Monster]: Max RunDelay: 266; Max RunCount 3188
---[Human]: Max RunDelay: 32; [Socket]: Max RunDelay: 15
---[App]: Min PerSecRun: 76; Max RunDelay 0
-----------------------------------------------------
2019-09-21 00:27:05 GS-1 09-21 00:27:05 User = 2 / 2
2019-09-21 00:27:38 GS-1 -----------------------------------------------------
---[Monster]: Max RunDelay: 266; Max RunCount 3183
---[Human]: Max RunDelay: 32; [Socket]: Max RunDelay: 16
---[App]: Min PerSecRun: 76; Max RunDelay 0
-----------------------------------------------------
2019-09-21 00:32:39 GS-1 -----------------------------------------------------
---[Monster]: Max RunDelay: 265; Max RunCount 3193
---[Human]: Max RunDelay: 46; [Socket]: Max RunDelay: 16
---[App]: Min PerSecRun: 76; Max RunDelay 0
-----------------------------------------------------
2019-09-21 00:37:05 GS-1 09-21 00:37:05 User = 2 / 2
2019-09-21 00:37:40 GS-1 -----------------------------------------------------
---[Monster]: Max RunDelay: 266; Max RunCount 3199
---[Human]: Max RunDelay: 31; [Socket]: Max RunDelay: 16
---[App]: Min PerSecRun: 76; Max RunDelay 0
-----------------------------------------------------
2019-09-21 00:42:41 GS-1 -----------------------------------------------------
---[Monster]: Max RunDelay: 266; Max RunCount 3196
---[Human]: Max RunDelay: 31; [Socket]: Max RunDelay: 16
---[App]: Min PerSecRun: 77; Max RunDelay 0
-----------------------------------------------------
2019-09-21 00:47:05 GS-1 09-21 00:47:05 User = 2 / 2
2019-09-21 00:47:42 GS-1 -----------------------------------------------------
---[Monster]: Max RunDelay: 266; Max RunCount 3193
---[Human]: Max RunDelay: 46; [Socket]: Max RunDelay: 16
---[App]: Min PerSecRun: 77; Max RunDelay 0
-----------------------------------------------------
2019-09-21 00:52:43 GS-1 -----------------------------------------------------
---[Monster]: Max RunDelay: 250; Max RunCount 3183
---[Human]: Max RunDelay: 31; [Socket]: Max RunDelay: 0
---[App]: Min PerSecRun: 77; Max RunDelay 0
-----------------------------------------------------
2019-09-21 00:57:05 GS-1 09-21 00:57:05 User = 2 / 2
2019-09-21 00:57:44 GS-1 -----------------------------------------------------
---[Monster]: Max RunDelay: 250; Max RunCount 3192
---[Human]: Max RunDelay: 32; [Socket]: Max RunDelay: 0
---[App]: Min PerSecRun: 77; Max RunDelay 0
-----------------------------------------------------
2019-09-21 01:02:45 GS-1 -----------------------------------------------------
---[Monster]: Max RunDelay: 281; Max RunCount 3193
---[Human]: Max RunDelay: 32; [Socket]: Max RunDelay: 16
---[App]: Min PerSecRun: 76; Max RunDelay 0
-----------------------------------------------------
2019-09-21 01:07:05 GS-1 09-21 01:07:05 User = 1 / 1
2019-09-21 01:07:46 GS-1 -----------------------------------------------------
---[Monster]: Max RunDelay: 250; Max RunCount 3193
---[Human]: Max RunDelay: 15; [Socket]: Max RunDelay: 16
---[App]: Min PerSecRun: 76; Max RunDelay 0
-----------------------------------------------------
2019-09-21 01:12:47 GS-1 -----------------------------------------------------
---[Monster]: Max RunDelay: 266; Max RunCount 3193
---[Human]: Max RunDelay: 15; [Socket]: Max RunDelay: 16
---[App]: Min PerSecRun: 76; Max RunDelay 0
-----------------------------------------------------
2019-09-21 01:17:05 GS-1 09-21 01:17:05 User = 2 / 2
2019-09-21 01:17:06 GS-1 载入商城热销商品列表，共17个。
2019-09-21 01:17:06 GS-1 ==> 加载商城热销榜:5
2019-09-21 01:17:48 GS-1 -----------------------------------------------------
---[Monster]: Max RunDelay: 265; Max RunCount 3193
---[Human]: Max RunDelay: 47; [Socket]: Max RunDelay: 16
---[App]: Min PerSecRun: 77; Max RunDelay 0
-----------------------------------------------------
2019-09-21 01:19:40 GS-1 [脚本(散财猪.pas)缺函数]: AfterScatterItems
2019-09-21 01:22:49 GS-1 -----------------------------------------------------
---[Monster]: Max RunDelay: 266; Max RunCount 3195
---[Human]: Max RunDelay: 32; [Socket]: Max RunDelay: 0
---[App]: Min PerSecRun: 76; Max RunDelay 0
-----------------------------------------------------
2019-09-21 01:27:05 GS-1 09-21 01:27:05 User = 1 / 1
2019-09-21 01:27:50 GS-1 -----------------------------------------------------
---[Monster]: Max RunDelay: 250; Max RunCount 3204
---[Human]: Max RunDelay: 15; [Socket]: Max RunDelay: 16
---[App]: Min PerSecRun: 77; Max RunDelay 0
-----------------------------------------------------
2019-09-21 01:32:52 GS-1 -----------------------------------------------------
---[Monster]: Max RunDelay: 250; Max RunCount 3204
---[Human]: Max RunDelay: 31; [Socket]: Max RunDelay: 16
---[App]: Min PerSecRun: 77; Max RunDelay 0
-----------------------------------------------------
2019-09-21 01:37:06 GS-1 09-21 01:37:06 User = 1 / 1
2019-09-21 01:37:53 GS-1 -----------------------------------------------------
---[Monster]: Max RunDelay: 235; Max RunCount 3207
---[Human]: Max RunDelay: 16; [Socket]: Max RunDelay: 16
---[App]: Min PerSecRun: 77; Max RunDelay 0
-----------------------------------------------------
2019-09-21 01:42:54 GS-1 -----------------------------------------------------
---[Monster]: Max RunDelay: 484; Max RunCount 3263
---[Human]: Max RunDelay: 32; [Socket]: Max RunDelay: 16
---[App]: Min PerSecRun: 49; Max RunDelay 0
-----------------------------------------------------
2019-09-21 01:47:06 GS-1 09-21 01:47:06 User = 1 / 1
2019-09-21 01:47:55 GS-1 -----------------------------------------------------
---[Monster]: Max RunDelay: 250; Max RunCount 3263
---[Human]: Max RunDelay: 16; [Socket]: Max RunDelay: 0
---[App]: Min PerSecRun: 76; Max RunDelay 0
-----------------------------------------------------
2019-09-21 01:52:55 GS-1 -----------------------------------------------------
---[Monster]: Max RunDelay: 266; Max RunCount 3263
---[Human]: Max RunDelay: 16; [Socket]: Max RunDelay: 16
---[App]: Min PerSecRun: 77; Max RunDelay 0
-----------------------------------------------------
2019-09-21 01:57:05 GS-1 09-21 01:57:05 User = 1 / 1
2019-09-21 01:57:56 GS-1 -----------------------------------------------------
---[Monster]: Max RunDelay: 266; Max RunCount 3263
---[Human]: Max RunDelay: 16; [Socket]: Max RunDelay: 15
---[App]: Min PerSecRun: 77; Max RunDelay 0
-----------------------------------------------------
2019-09-21 02:02:57 GS-1 -----------------------------------------------------
---[Monster]: Max RunDelay: 235; Max RunCount 3263
---[Human]: Max RunDelay: 16; [Socket]: Max RunDelay: 15
---[App]: Min PerSecRun: 77; Max RunDelay 0
-----------------------------------------------------
2019-09-21 02:07:05 GS-1 09-21 02:07:05 User = 1 / 1
2019-09-21 02:07:58 GS-1 -----------------------------------------------------
---[Monster]: Max RunDelay: 235; Max RunCount 3263
---[Human]: Max RunDelay: 16; [Socket]: Max RunDelay: 0
---[App]: Min PerSecRun: 76; Max RunDelay 0
-----------------------------------------------------
2019-09-21 02:12:59 GS-1 -----------------------------------------------------
---[Monster]: Max RunDelay: 250; Max RunCount 3263
---[Human]: Max RunDelay: 16; [Socket]: Max RunDelay: 0
---[App]: Min PerSecRun: 77; Max RunDelay 0
-----------------------------------------------------
2019-09-21 02:17:06 GS-1 09-21 02:17:06 User = 1 / 1
2019-09-21 02:17:07 GS-1 载入商城热销商品列表，共17个。
2019-09-21 02:17:07 GS-1 ==> 加载商城热销榜:5
2019-09-21 02:18:01 GS-1 -----------------------------------------------------
---[Monster]: Max RunDelay: 797; Max RunCount 3237
---[Human]: Max RunDelay: 203; [Socket]: Max RunDelay: 16
---[App]: Min PerSecRun: 34; Max RunDelay 0
-----------------------------------------------------
2019-09-21 02:23:01 GS-1 -----------------------------------------------------
---[Monster]: Max RunDelay: 266; Max RunCount 3237
---[Human]: Max RunDelay: 16; [Socket]: Max RunDelay: 16
---[App]: Min PerSecRun: 77; Max RunDelay 0
-----------------------------------------------------
2019-09-21 02:27:05 GS-1 09-21 02:27:05 User = 1 / 1
2019-09-21 02:28:02 GS-1 -----------------------------------------------------
---[Monster]: Max RunDelay: 282; Max RunCount 3246
---[Human]: Max RunDelay: 16; [Socket]: Max RunDelay: 15
---[App]: Min PerSecRun: 77; Max RunDelay 0
-----------------------------------------------------
2019-09-21 02:33:03 GS-1 -----------------------------------------------------
---[Monster]: Max RunDelay: 250; Max RunCount 3246
---[Human]: Max RunDelay: 16; [Socket]: Max RunDelay: 15
---[App]: Min PerSecRun: 75; Max RunDelay 0
-----------------------------------------------------
2019-09-21 02:37:05 GS-1 09-21 02:37:05 User = 1 / 1
2019-09-21 02:38:04 GS-1 -----------------------------------------------------
---[Monster]: Max RunDelay: 266; Max RunCount 3226
---[Human]: Max RunDelay: 16; [Socket]: Max RunDelay: 15
---[App]: Min PerSecRun: 76; Max RunDelay 0
-----------------------------------------------------
2019-09-21 02:43:05 GS-1 -----------------------------------------------------
---[Monster]: Max RunDelay: 266; Max RunCount 3217
---[Human]: Max RunDelay: 31; [Socket]: Max RunDelay: 15
---[App]: Min PerSecRun: 76; Max RunDelay 0
-----------------------------------------------------
2019-09-21 02:47:05 GS-1 09-21 02:47:05 User = 1 / 1
2019-09-21 02:48:06 GS-1 -----------------------------------------------------
---[Monster]: Max RunDelay: 266; Max RunCount 3226
---[Human]: Max RunDelay: 15; [Socket]: Max RunDelay: 15
---[App]: Min PerSecRun: 77; Max RunDelay 0
-----------------------------------------------------
2019-09-21 02:53:07 GS-1 -----------------------------------------------------
---[Monster]: Max RunDelay: 234; Max RunCount 3226
---[Human]: Max RunDelay: 31; [Socket]: Max RunDelay: 15
---[App]: Min PerSecRun: 77; Max RunDelay 0
-----------------------------------------------------
2019-09-21 02:57:05 GS-1 09-21 02:57:05 User = 1 / 1
2019-09-21 02:58:08 GS-1 -----------------------------------------------------
---[Monster]: Max RunDelay: 250; Max RunCount 3226
---[Human]: Max RunDelay: 16; [Socket]: Max RunDelay: 15
---[App]: Min PerSecRun: 76; Max RunDelay 0
-----------------------------------------------------
2019-09-21 03:03:09 GS-1 -----------------------------------------------------
---[Monster]: Max RunDelay: 266; Max RunCount 3226
---[Human]: Max RunDelay: 16; [Socket]: Max RunDelay: 15
---[App]: Min PerSecRun: 77; Max RunDelay 0
-----------------------------------------------------
2019-09-21 03:07:05 GS-1 09-21 03:07:05 User = 1 / 1
2019-09-21 03:08:11 GS-1 -----------------------------------------------------
---[Monster]: Max RunDelay: 250; Max RunCount 3226
---[Human]: Max RunDelay: 32; [Socket]: Max RunDelay: 15
---[App]: Min PerSecRun: 77; Max RunDelay 0
-----------------------------------------------------
2019-09-21 03:13:12 GS-1 -----------------------------------------------------
---[Monster]: Max RunDelay: 172; Max RunCount 3226
---[Human]: Max RunDelay: 16; [Socket]: Max RunDelay: 15
---[App]: Min PerSecRun: 77; Max RunDelay 0
-----------------------------------------------------
2019-09-21 03:17:06 GS-1 09-21 03:17:06 User = 1 / 1
2019-09-21 03:17:07 GS-1 载入商城热销商品列表，共17个。
2019-09-21 03:17:07 GS-1 ==> 加载商城热销榜:5
2019-09-21 03:18:13 GS-1 -----------------------------------------------------
---[Monster]: Max RunDelay: 172; Max RunCount 3217
---[Human]: Max RunDelay: 16; [Socket]: Max RunDelay: 15
---[App]: Min PerSecRun: 77; Max RunDelay 0
-----------------------------------------------------
2019-09-21 03:23:14 GS-1 -----------------------------------------------------
---[Monster]: Max RunDelay: 172; Max RunCount 3226
---[Human]: Max RunDelay: 16; [Socket]: Max RunDelay: 15
---[App]: Min PerSecRun: 77; Max RunDelay 0
-----------------------------------------------------
2019-09-21 03:27:06 GS-1 09-21 03:27:06 User = 1 / 1
2019-09-21 03:28:15 GS-1 -----------------------------------------------------
---[Monster]: Max RunDelay: 172; Max RunCount 3226
---[Human]: Max RunDelay: 32; [Socket]: Max RunDelay: 15
---[App]: Min PerSecRun: 76; Max RunDelay 0
-----------------------------------------------------
2019-09-21 03:33:16 GS-1 -----------------------------------------------------
---[Monster]: Max RunDelay: 172; Max RunCount 3226
---[Human]: Max RunDelay: 16; [Socket]: Max RunDelay: 15
---[App]: Min PerSecRun: 76; Max RunDelay 0
-----------------------------------------------------
2019-09-21 03:37:06 GS-1 09-21 03:37:06 User = 1 / 1
2019-09-21 03:38:17 GS-1 -----------------------------------------------------
---[Monster]: Max RunDelay: 172; Max RunCount 3226
---[Human]: Max RunDelay: 16; [Socket]: Max RunDelay: 15
---[App]: Min PerSecRun: 76; Max RunDelay 0
-----------------------------------------------------
2019-09-21 03:43:18 GS-1 -----------------------------------------------------
---[Monster]: Max RunDelay: 188; Max RunCount 3226
---[Human]: Max RunDelay: 32; [Socket]: Max RunDelay: 15
---[App]: Min PerSecRun: 76; Max RunDelay 0
-----------------------------------------------------
2019-09-21 03:47:06 GS-1 09-21 03:47:06 User = 1 / 1
2019-09-21 03:48:19 GS-1 -----------------------------------------------------
---[Monster]: Max RunDelay: 203; Max RunCount 3217
---[Human]: Max RunDelay: 32; [Socket]: Max RunDelay: 15
---[App]: Min PerSecRun: 77; Max RunDelay 0
-----------------------------------------------------
2019-09-21 03:53:20 GS-1 -----------------------------------------------------
---[Monster]: Max RunDelay: 204; Max RunCount 3226
---[Human]: Max RunDelay: 31; [Socket]: Max RunDelay: 15
---[App]: Min PerSecRun: 77; Max RunDelay 0
-----------------------------------------------------
2019-09-21 03:57:06 GS-1 09-21 03:57:06 User = 1 / 1
2019-09-21 03:58:21 GS-1 -----------------------------------------------------
---[Monster]: Max RunDelay: 203; Max RunCount 3308
---[Human]: Max RunDelay: 16; [Socket]: Max RunDelay: 15
---[App]: Min PerSecRun: 77; Max RunDelay 0
-----------------------------------------------------
2019-09-21 04:03:22 GS-1 -----------------------------------------------------
---[Monster]: Max RunDelay: 203; Max RunCount 3269
---[Human]: Max RunDelay: 16; [Socket]: Max RunDelay: 15
---[App]: Min PerSecRun: 76; Max RunDelay 0
-----------------------------------------------------
2019-09-21 04:07:06 GS-1 09-21 04:07:06 User = 1 / 1
2019-09-21 04:08:23 GS-1 -----------------------------------------------------
---[Monster]: Max RunDelay: 204; Max RunCount 3263
---[Human]: Max RunDelay: 16; [Socket]: Max RunDelay: 15
---[App]: Min PerSecRun: 76; Max RunDelay 0
-----------------------------------------------------
2019-09-21 04:13:24 GS-1 -----------------------------------------------------
---[Monster]: Max RunDelay: 203; Max RunCount 3263
---[Human]: Max RunDelay: 16; [Socket]: Max RunDelay: 15
---[App]: Min PerSecRun: 77; Max RunDelay 0
-----------------------------------------------------
2019-09-21 04:17:06 GS-1 09-21 04:17:06 User = 1 / 1
2019-09-21 04:17:07 GS-1 载入商城热销商品列表，共17个。
2019-09-21 04:17:07 GS-1 ==> 加载商城热销榜:5
2019-09-21 04:18:25 GS-1 -----------------------------------------------------
---[Monster]: Max RunDelay: 203; Max RunCount 3262
---[Human]: Max RunDelay: 16; [Socket]: Max RunDelay: 15
---[App]: Min PerSecRun: 77; Max RunDelay 0
-----------------------------------------------------
2019-09-21 04:23:26 GS-1 -----------------------------------------------------
---[Monster]: Max RunDelay: 203; Max RunCount 3224
---[Human]: Max RunDelay: 31; [Socket]: Max RunDelay: 15
---[App]: Min PerSecRun: 77; Max RunDelay 0
-----------------------------------------------------
2019-09-21 04:27:06 GS-1 09-21 04:27:06 User = 1 / 1
2019-09-21 04:28:27 GS-1 -----------------------------------------------------
---[Monster]: Max RunDelay: 203; Max RunCount 3263
---[Human]: Max RunDelay: 15; [Socket]: Max RunDelay: 15
---[App]: Min PerSecRun: 77; Max RunDelay 0
-----------------------------------------------------
2019-09-21 04:33:28 GS-1 -----------------------------------------------------
---[Monster]: Max RunDelay: 203; Max RunCount 3263
---[Human]: Max RunDelay: 15; [Socket]: Max RunDelay: 15
---[App]: Min PerSecRun: 77; Max RunDelay 0
-----------------------------------------------------
2019-09-21 04:37:06 GS-1 09-21 04:37:06 User = 1 / 1
2019-09-21 04:38:29 GS-1 -----------------------------------------------------
---[Monster]: Max RunDelay: 203; Max RunCount 3303
---[Human]: Max RunDelay: 31; [Socket]: Max RunDelay: 15
---[App]: Min PerSecRun: 77; Max RunDelay 0
-----------------------------------------------------
2019-09-21 04:43:30 GS-1 -----------------------------------------------------
---[Monster]: Max RunDelay: 203; Max RunCount 3303
---[Human]: Max RunDelay: 15; [Socket]: Max RunDelay: 15
---[App]: Min PerSecRun: 77; Max RunDelay 0
-----------------------------------------------------
2019-09-21 04:47:06 GS-1 09-21 04:47:06 User = 1 / 1
2019-09-21 04:48:31 GS-1 -----------------------------------------------------
---[Monster]: Max RunDelay: 203; Max RunCount 3265
---[Human]: Max RunDelay: 15; [Socket]: Max RunDelay: 0
---[App]: Min PerSecRun: 77; Max RunDelay 0
-----------------------------------------------------
2019-09-21 04:53:32 GS-1 -----------------------------------------------------
---[Monster]: Max RunDelay: 328; Max RunCount 3226
---[Human]: Max RunDelay: 15; [Socket]: Max RunDelay: 31
---[App]: Min PerSecRun: 69; Max RunDelay 0
-----------------------------------------------------
2019-09-21 04:57:06 GS-1 09-21 04:57:06 User = 1 / 1
2019-09-21 04:58:33 GS-1 -----------------------------------------------------
---[Monster]: Max RunDelay: 312; Max RunCount 3223
---[Human]: Max RunDelay: 31; [Socket]: Max RunDelay: 15
---[App]: Min PerSecRun: 69; Max RunDelay 0
-----------------------------------------------------
2019-09-21 05:03:33 GS-1 -----------------------------------------------------
---[Monster]: Max RunDelay: 360; Max RunCount 3223
---[Human]: Max RunDelay: 32; [Socket]: Max RunDelay: 15
---[App]: Min PerSecRun: 67; Max RunDelay 0
-----------------------------------------------------
2019-09-21 05:07:06 GS-1 09-21 05:07:06 User = 1 / 1
2019-09-21 05:08:33 GS-1 -----------------------------------------------------
---[Monster]: Max RunDelay: 359; Max RunCount 3223
---[Human]: Max RunDelay: 47; [Socket]: Max RunDelay: 0
---[App]: Min PerSecRun: 69; Max RunDelay 0
-----------------------------------------------------
2019-09-21 05:13:34 GS-1 -----------------------------------------------------
---[Monster]: Max RunDelay: 343; Max RunCount 3223
---[Human]: Max RunDelay: 15; [Socket]: Max RunDelay: 15
---[App]: Min PerSecRun: 70; Max RunDelay 0
-----------------------------------------------------
2019-09-21 05:17:06 GS-1 09-21 05:17:06 User = 1 / 1
2019-09-21 05:17:07 GS-1 载入商城热销商品列表，共17个。
2019-09-21 05:17:07 GS-1 ==> 加载商城热销榜:5
2019-09-21 05:18:34 GS-1 -----------------------------------------------------
---[Monster]: Max RunDelay: 266; Max RunCount 3215
---[Human]: Max RunDelay: 31; [Socket]: Max RunDelay: 0
---[App]: Min PerSecRun: 70; Max RunDelay 0
-----------------------------------------------------
2019-09-21 05:23:35 GS-1 -----------------------------------------------------
---[Monster]: Max RunDelay: 344; Max RunCount 3224
---[Human]: Max RunDelay: 32; [Socket]: Max RunDelay: 0
---[App]: Min PerSecRun: 69; Max RunDelay 0
-----------------------------------------------------
2019-09-21 05:27:06 GS-1 09-21 05:27:06 User = 1 / 1
2019-09-21 05:28:36 GS-1 -----------------------------------------------------
---[Monster]: Max RunDelay: 359; Max RunCount 3224
---[Human]: Max RunDelay: 47; [Socket]: Max RunDelay: 16
---[App]: Min PerSecRun: 70; Max RunDelay 0
-----------------------------------------------------
2019-09-21 05:33:37 GS-1 -----------------------------------------------------
---[Monster]: Max RunDelay: 344; Max RunCount 3224
---[Human]: Max RunDelay: 31; [Socket]: Max RunDelay: 16
---[App]: Min PerSecRun: 68; Max RunDelay 0
-----------------------------------------------------
2019-09-21 05:37:06 GS-1 09-21 05:37:06 User = 1 / 1
2019-09-21 05:38:38 GS-1 -----------------------------------------------------
---[Monster]: Max RunDelay: 360; Max RunCount 3215
---[Human]: Max RunDelay: 16; [Socket]: Max RunDelay: 0
---[App]: Min PerSecRun: 68; Max RunDelay 0
-----------------------------------------------------
2019-09-21 05:43:39 GS-1 -----------------------------------------------------
---[Monster]: Max RunDelay: 266; Max RunCount 3224
---[Human]: Max RunDelay: 16; [Socket]: Max RunDelay: 0
---[App]: Min PerSecRun: 77; Max RunDelay 0
-----------------------------------------------------
2019-09-21 05:47:06 GS-1 09-21 05:47:06 User = 1 / 1
2019-09-21 05:48:40 GS-1 -----------------------------------------------------
---[Monster]: Max RunDelay: 282; Max RunCount 3225
---[Human]: Max RunDelay: 31; [Socket]: Max RunDelay: 15
---[App]: Min PerSecRun: 77; Max RunDelay 0
-----------------------------------------------------
2019-09-21 05:53:41 GS-1 -----------------------------------------------------
---[Monster]: Max RunDelay: 266; Max RunCount 3225
---[Human]: Max RunDelay: 31; [Socket]: Max RunDelay: 16
---[App]: Min PerSecRun: 77; Max RunDelay 0
-----------------------------------------------------
2019-09-21 05:57:06 GS-1 09-21 05:57:06 User = 1 / 1
2019-09-21 05:58:42 GS-1 -----------------------------------------------------
---[Monster]: Max RunDelay: 266; Max RunCount 3270
---[Human]: Max RunDelay: 15; [Socket]: Max RunDelay: 0
---[App]: Min PerSecRun: 77; Max RunDelay 0
-----------------------------------------------------
2019-09-21 06:00:00 GS-1 载入商城物品列表，共5个类别，40种商品
2019-09-21 06:00:00 GS-1 ==> 加载商城物品 装饰类：11/11
2019-09-21 06:00:00 GS-1 ==> 加载商城物品 补给类：5/5
2019-09-21 06:00:00 GS-1 ==> 加载商城物品 强化类：14/14
2019-09-21 06:00:00 GS-1 ==> 加载商城物品 限量类：8/8
2019-09-21 06:00:00 GS-1 ==> 加载商城物品 好友类：2/2
2019-09-21 06:00:00 GS-1 ==> 加载商城物品 类：0/0
2019-09-21 06:00:00 GS-1 ==> 加载商城物品 类：0/0
2019-09-21 06:00:00 GS-1 ==> 加载商城物品 类：0/0
2019-09-21 06:03:43 GS-1 -----------------------------------------------------
---[Monster]: Max RunDelay: 266; Max RunCount 3270
---[Human]: Max RunDelay: 15; [Socket]: Max RunDelay: 16
---[App]: Min PerSecRun: 76; Max RunDelay 0
-----------------------------------------------------
2019-09-21 06:07:06 GS-1 09-21 06:07:06 User = 1 / 1
2019-09-21 06:08:44 GS-1 -----------------------------------------------------
---[Monster]: Max RunDelay: 250; Max RunCount 3270
---[Human]: Max RunDelay: 31; [Socket]: Max RunDelay: 16
---[App]: Min PerSecRun: 77; Max RunDelay 0
-----------------------------------------------------
2019-09-21 06:13:45 GS-1 -----------------------------------------------------
---[Monster]: Max RunDelay: 219; Max RunCount 3190
---[Human]: Max RunDelay: 31; [Socket]: Max RunDelay: 0
---[App]: Min PerSecRun: 77; Max RunDelay 0
-----------------------------------------------------
2019-09-21 06:17:06 GS-1 09-21 06:17:06 User = 1 / 1
2019-09-21 06:17:07 GS-1 载入商城热销商品列表，共17个。
2019-09-21 06:17:07 GS-1 ==> 加载商城热销榜:5
2019-09-21 06:18:46 GS-1 -----------------------------------------------------
---[Monster]: Max RunDelay: 250; Max RunCount 3190
---[Human]: Max RunDelay: 31; [Socket]: Max RunDelay: 16
---[App]: Min PerSecRun: 77; Max RunDelay 0
-----------------------------------------------------
2019-09-21 06:23:47 GS-1 -----------------------------------------------------
---[Monster]: Max RunDelay: 266; Max RunCount 3190
---[Human]: Max RunDelay: 31; [Socket]: Max RunDelay: 16
---[App]: Min PerSecRun: 76; Max RunDelay 0
-----------------------------------------------------
2019-09-21 06:27:06 GS-1 09-21 06:27:06 User = 1 / 1
2019-09-21 06:28:48 GS-1 -----------------------------------------------------
---[Monster]: Max RunDelay: 266; Max RunCount 3190
---[Human]: Max RunDelay: 16; [Socket]: Max RunDelay: 0
---[App]: Min PerSecRun: 76; Max RunDelay 0
-----------------------------------------------------
2019-09-21 06:33:49 GS-1 -----------------------------------------------------
---[Monster]: Max RunDelay: 265; Max RunCount 3183
---[Human]: Max RunDelay: 32; [Socket]: Max RunDelay: 0
---[App]: Min PerSecRun: 76; Max RunDelay 0
-----------------------------------------------------
2019-09-21 06:37:06 GS-1 09-21 06:37:06 User = 1 / 1
2019-09-21 06:38:50 GS-1 -----------------------------------------------------
---[Monster]: Max RunDelay: 266; Max RunCount 3162
---[Human]: Max RunDelay: 32; [Socket]: Max RunDelay: 0
---[App]: Min PerSecRun: 77; Max RunDelay 0
-----------------------------------------------------
2019-09-21 06:43:51 GS-1 -----------------------------------------------------
---[Monster]: Max RunDelay: 266; Max RunCount 3234
---[Human]: Max RunDelay: 15; [Socket]: Max RunDelay: 16
---[App]: Min PerSecRun: 77; Max RunDelay 0
-----------------------------------------------------
2019-09-21 06:47:06 GS-1 09-21 06:47:06 User = 1 / 1
2019-09-21 06:47:30 GS-1 [Error]: GameGate ServerSocketError, ErrorCode=10061
2019-09-21 06:48:52 GS-1 -----------------------------------------------------
---[Monster]: Max RunDelay: 266; Max RunCount 3243
---[Human]: Max RunDelay: 31; [Socket]: Max RunDelay: 0
---[App]: Min PerSecRun: 76; Max RunDelay 0
-----------------------------------------------------
2019-09-21 06:53:53 GS-1 -----------------------------------------------------
---[Monster]: Max RunDelay: 265; Max RunCount 3243
---[Human]: Max RunDelay: 31; [Socket]: Max RunDelay: 16
---[App]: Min PerSecRun: 77; Max RunDelay 0
-----------------------------------------------------
2019-09-21 06:57:06 GS-1 09-21 06:57:06 User = 1 / 1
2019-09-21 06:58:54 GS-1 -----------------------------------------------------
---[Monster]: Max RunDelay: 266; Max RunCount 3234
---[Human]: Max RunDelay: 15; [Socket]: Max RunDelay: 0
---[App]: Min PerSecRun: 76; Max RunDelay 0
-----------------------------------------------------
2019-09-21 07:00:02 GS-1 更新排行榜，共计：9 页
2019-09-21 07:03:55 GS-1 -----------------------------------------------------
---[Monster]: Max RunDelay: 266; Max RunCount 3243
---[Human]: Max RunDelay: 15; [Socket]: Max RunDelay: 16
---[App]: Min PerSecRun: 77; Max RunDelay 0
-----------------------------------------------------
2019-09-21 07:07:06 GS-1 09-21 07:07:06 User = 1 / 1
2019-09-21 07:08:56 GS-1 -----------------------------------------------------
---[Monster]: Max RunDelay: 266; Max RunCount 3242
---[Human]: Max RunDelay: 15; [Socket]: Max RunDelay: 16
---[App]: Min PerSecRun: 77; Max RunDelay 0
-----------------------------------------------------
2019-09-21 07:13:57 GS-1 -----------------------------------------------------
---[Monster]: Max RunDelay: 266; Max RunCount 3242
---[Human]: Max RunDelay: 15; [Socket]: Max RunDelay: 16
---[App]: Min PerSecRun: 76; Max RunDelay 0
-----------------------------------------------------
2019-09-21 07:17:06 GS-1 09-21 07:17:06 User = 1 / 1
2019-09-21 07:17:07 GS-1 载入商城热销商品列表，共17个。
2019-09-21 07:17:07 GS-1 ==> 加载商城热销榜:5
2019-09-21 07:18:58 GS-1 -----------------------------------------------------
---[Monster]: Max RunDelay: 266; Max RunCount 3242
---[Human]: Max RunDelay: 15; [Socket]: Max RunDelay: 16
---[App]: Min PerSecRun: 76; Max RunDelay 0
-----------------------------------------------------
2019-09-21 07:23:59 GS-1 -----------------------------------------------------
---[Monster]: Max RunDelay: 250; Max RunCount 3243
---[Human]: Max RunDelay: 31; [Socket]: Max RunDelay: 0
---[App]: Min PerSecRun: 77; Max RunDelay 0
-----------------------------------------------------
2019-09-21 07:27:06 GS-1 09-21 07:27:06 User = 1 / 1
2019-09-21 07:29:00 GS-1 -----------------------------------------------------
---[Monster]: Max RunDelay: 250; Max RunCount 3243
---[Human]: Max RunDelay: 15; [Socket]: Max RunDelay: 0
---[App]: Min PerSecRun: 77; Max RunDelay 0
-----------------------------------------------------
2019-09-21 07:34:01 GS-1 -----------------------------------------------------
---[Monster]: Max RunDelay: 250; Max RunCount 3271
---[Human]: Max RunDelay: 15; [Socket]: Max RunDelay: 16
---[App]: Min PerSecRun: 77; Max RunDelay 0
-----------------------------------------------------
2019-09-21 07:37:06 GS-1 09-21 07:37:06 User = 1 / 1
2019-09-21 07:39:02 GS-1 -----------------------------------------------------
---[Monster]: Max RunDelay: 250; Max RunCount 3251
---[Human]: Max RunDelay: 31; [Socket]: Max RunDelay: 16
---[App]: Min PerSecRun: 77; Max RunDelay 0
-----------------------------------------------------
2019-09-21 07:44:03 GS-1 -----------------------------------------------------
---[Monster]: Max RunDelay: 250; Max RunCount 3251
---[Human]: Max RunDelay: 16; [Socket]: Max RunDelay: 0
---[App]: Min PerSecRun: 77; Max RunDelay 0
-----------------------------------------------------
2019-09-21 07:47:06 GS-1 09-21 07:47:06 User = 1 / 1
2019-09-21 07:49:04 GS-1 -----------------------------------------------------
---[Monster]: Max RunDelay: 266; Max RunCount 3222
---[Human]: Max RunDelay: 16; [Socket]: Max RunDelay: 0
---[App]: Min PerSecRun: 77; Max RunDelay 0
-----------------------------------------------------
2019-09-21 07:54:05 GS-1 -----------------------------------------------------
---[Monster]: Max RunDelay: 266; Max RunCount 3222
---[Human]: Max RunDelay: 32; [Socket]: Max RunDelay: 0
---[App]: Min PerSecRun: 77; Max RunDelay 0
-----------------------------------------------------
2019-09-21 07:57:06 GS-1 09-21 07:57:06 User = 1 / 1
2019-09-21 07:59:06 GS-1 -----------------------------------------------------
---[Monster]: Max RunDelay: 266; Max RunCount 3242
---[Human]: Max RunDelay: 16; [Socket]: Max RunDelay: 16
---[App]: Min PerSecRun: 76; Max RunDelay 0
-----------------------------------------------------
2019-09-21 08:04:07 GS-1 -----------------------------------------------------
---[Monster]: Max RunDelay: 265; Max RunCount 3242
---[Human]: Max RunDelay: 16; [Socket]: Max RunDelay: 16
---[App]: Min PerSecRun: 76; Max RunDelay 0
-----------------------------------------------------
2019-09-21 08:07:06 GS-1 09-21 08:07:06 User = 1 / 1
2019-09-21 08:09:08 GS-1 -----------------------------------------------------
---[Monster]: Max RunDelay: 282; Max RunCount 3242
---[Human]: Max RunDelay: 32; [Socket]: Max RunDelay: 0
---[App]: Min PerSecRun: 77; Max RunDelay 0
-----------------------------------------------------
2019-09-21 08:14:09 GS-1 -----------------------------------------------------
---[Monster]: Max RunDelay: 266; Max RunCount 3242
---[Human]: Max RunDelay: 16; [Socket]: Max RunDelay: 15
---[App]: Min PerSecRun: 77; Max RunDelay 0
-----------------------------------------------------
2019-09-21 08:17:06 GS-1 09-21 08:17:06 User = 1 / 1
2019-09-21 08:17:07 GS-1 载入商城热销商品列表，共17个。
2019-09-21 08:17:07 GS-1 ==> 加载商城热销榜:5
2019-09-21 08:19:10 GS-1 -----------------------------------------------------
---[Monster]: Max RunDelay: 265; Max RunCount 3242
---[Human]: Max RunDelay: 16; [Socket]: Max RunDelay: 15
---[App]: Min PerSecRun: 77; Max RunDelay 0
-----------------------------------------------------
2019-09-21 08:24:11 GS-1 -----------------------------------------------------
---[Monster]: Max RunDelay: 282; Max RunCount 3271
---[Human]: Max RunDelay: 16; [Socket]: Max RunDelay: 15
---[App]: Min PerSecRun: 76; Max RunDelay 0
-----------------------------------------------------
2019-09-21 08:27:06 GS-1 09-21 08:27:06 User = 1 / 1
2019-09-21 08:29:12 GS-1 -----------------------------------------------------
---[Monster]: Max RunDelay: 266; Max RunCount 3271
---[Human]: Max RunDelay: 31; [Socket]: Max RunDelay: 0
---[App]: Min PerSecRun: 76; Max RunDelay 0
-----------------------------------------------------
2019-09-21 08:34:13 GS-1 -----------------------------------------------------
---[Monster]: Max RunDelay: 265; Max RunCount 3271
---[Human]: Max RunDelay: 15; [Socket]: Max RunDelay: 16
---[App]: Min PerSecRun: 77; Max RunDelay 0
-----------------------------------------------------
2019-09-21 08:37:06 GS-1 09-21 08:37:06 User = 1 / 1
2019-09-21 08:39:14 GS-1 -----------------------------------------------------
---[Monster]: Max RunDelay: 266; Max RunCount 3271
---[Human]: Max RunDelay: 15; [Socket]: Max RunDelay: 16
---[App]: Min PerSecRun: 75; Max RunDelay 0
-----------------------------------------------------
2019-09-21 08:44:15 GS-1 -----------------------------------------------------
---[Monster]: Max RunDelay: 250; Max RunCount 3271
---[Human]: Max RunDelay: 15; [Socket]: Max RunDelay: 0
---[App]: Min PerSecRun: 76; Max RunDelay 0
-----------------------------------------------------
2019-09-21 08:47:06 GS-1 09-21 08:47:06 User = 1 / 1
2019-09-21 08:49:16 GS-1 -----------------------------------------------------
---[Monster]: Max RunDelay: 265; Max RunCount 3271
---[Human]: Max RunDelay: 15; [Socket]: Max RunDelay: 16
---[App]: Min PerSecRun: 75; Max RunDelay 0
-----------------------------------------------------
2019-09-21 08:54:17 GS-1 -----------------------------------------------------
---[Monster]: Max RunDelay: 265; Max RunCount 3271
---[Human]: Max RunDelay: 31; [Socket]: Max RunDelay: 16
---[App]: Min PerSecRun: 77; Max RunDelay 0
-----------------------------------------------------
2019-09-21 08:57:06 GS-1 09-21 08:57:06 User = 1 / 1
2019-09-21 08:59:18 GS-1 -----------------------------------------------------
---[Monster]: Max RunDelay: 265; Max RunCount 3271
---[Human]: Max RunDelay: 16; [Socket]: Max RunDelay: 16
---[App]: Min PerSecRun: 76; Max RunDelay 0
-----------------------------------------------------
2019-09-21 09:04:19 GS-1 -----------------------------------------------------
---[Monster]: Max RunDelay: 235; Max RunCount 3271
---[Human]: Max RunDelay: 16; [Socket]: Max RunDelay: 16
---[App]: Min PerSecRun: 77; Max RunDelay 0
-----------------------------------------------------
2019-09-21 09:07:06 GS-1 09-21 09:07:06 User = 1 / 1
2019-09-21 09:09:20 GS-1 -----------------------------------------------------
---[Monster]: Max RunDelay: 250; Max RunCount 3271
---[Human]: Max RunDelay: 31; [Socket]: Max RunDelay: 16
---[App]: Min PerSecRun: 77; Max RunDelay 0
-----------------------------------------------------
2019-09-21 09:14:21 GS-1 -----------------------------------------------------
---[Monster]: Max RunDelay: 250; Max RunCount 3271
---[Human]: Max RunDelay: 15; [Socket]: Max RunDelay: 16
---[App]: Min PerSecRun: 77; Max RunDelay 0
-----------------------------------------------------
2019-09-21 09:17:06 GS-1 09-21 09:17:06 User = 1 / 1
2019-09-21 09:17:07 GS-1 载入商城热销商品列表，共17个。
2019-09-21 09:17:07 GS-1 ==> 加载商城热销榜:5
2019-09-21 09:19:22 GS-1 -----------------------------------------------------
---[Monster]: Max RunDelay: 266; Max RunCount 3271
---[Human]: Max RunDelay: 31; [Socket]: Max RunDelay: 0
---[App]: Min PerSecRun: 77; Max RunDelay 0
-----------------------------------------------------
2019-09-21 09:21:30 GS-1 [脚本(散财猪.pas)缺函数]: AfterScatterItems
2019-09-21 09:22:15 GS-1 [脚本(散财猪.pas)缺函数]: AfterScatterItems
2019-09-21 09:24:23 GS-1 -----------------------------------------------------
---[Monster]: Max RunDelay: 250; Max RunCount 3262
---[Human]: Max RunDelay: 32; [Socket]: Max RunDelay: 16
---[App]: Min PerSecRun: 76; Max RunDelay 0
-----------------------------------------------------
2019-09-21 09:27:06 GS-1 09-21 09:27:06 User = 1 / 1
2019-09-21 09:29:24 GS-1 -----------------------------------------------------
---[Monster]: Max RunDelay: 265; Max RunCount 3242
---[Human]: Max RunDelay: 16; [Socket]: Max RunDelay: 16
---[App]: Min PerSecRun: 76; Max RunDelay 0
-----------------------------------------------------
2019-09-21 09:34:25 GS-1 -----------------------------------------------------
---[Monster]: Max RunDelay: 265; Max RunCount 3242
---[Human]: Max RunDelay: 31; [Socket]: Max RunDelay: 0
---[App]: Min PerSecRun: 77; Max RunDelay 0
-----------------------------------------------------
2019-09-21 09:37:06 GS-1 09-21 09:37:06 User = 1 / 1
2019-09-21 09:39:26 GS-1 -----------------------------------------------------
---[Monster]: Max RunDelay: 266; Max RunCount 3262
---[Human]: Max RunDelay: 32; [Socket]: Max RunDelay: 16
---[App]: Min PerSecRun: 77; Max RunDelay 0
-----------------------------------------------------
2019-09-21 09:44:27 GS-1 -----------------------------------------------------
---[Monster]: Max RunDelay: 266; Max RunCount 3213
---[Human]: Max RunDelay: 32; [Socket]: Max RunDelay: 0
---[App]: Min PerSecRun: 77; Max RunDelay 0
-----------------------------------------------------
2019-09-21 09:47:06 GS-1 09-21 09:47:06 User = 2 / 2
2019-09-21 09:49:28 GS-1 -----------------------------------------------------
---[Monster]: Max RunDelay: 266; Max RunCount 3202
---[Human]: Max RunDelay: 47; [Socket]: Max RunDelay: 16
---[App]: Min PerSecRun: 76; Max RunDelay 0
-----------------------------------------------------
2019-09-21 09:54:29 GS-1 -----------------------------------------------------
---[Monster]: Max RunDelay: 266; Max RunCount 3222
---[Human]: Max RunDelay: 31; [Socket]: Max RunDelay: 0
---[App]: Min PerSecRun: 76; Max RunDelay 0
-----------------------------------------------------
2019-09-21 09:57:06 GS-1 09-21 09:57:06 User = 2 / 2
2019-09-21 09:59:30 GS-1 -----------------------------------------------------
---[Monster]: Max RunDelay: 265; Max RunCount 3222
---[Human]: Max RunDelay: 31; [Socket]: Max RunDelay: 0
---[App]: Min PerSecRun: 77; Max RunDelay 0
-----------------------------------------------------
2019-09-21 10:04:31 GS-1 -----------------------------------------------------
---[Monster]: Max RunDelay: 1312; Max RunCount 3273
---[Human]: Max RunDelay: 203; [Socket]: Max RunDelay: 16
---[App]: Min PerSecRun: 19; Max RunDelay 0
-----------------------------------------------------
2019-09-21 10:07:06 GS-1 09-21 10:07:06 User = 1 / 1
2019-09-21 10:09:31 GS-1 -----------------------------------------------------
---[Monster]: Max RunDelay: 797; Max RunCount 3273
---[Human]: Max RunDelay: 407; [Socket]: Max RunDelay: 15
---[App]: Min PerSecRun: 35; Max RunDelay 0
-----------------------------------------------------
2019-09-21 10:14:32 GS-1 -----------------------------------------------------
---[Monster]: Max RunDelay: 875; Max RunCount 3264
---[Human]: Max RunDelay: 640; [Socket]: Max RunDelay: 110
---[App]: Min PerSecRun: 48; Max RunDelay 0
-----------------------------------------------------
2019-09-21 10:15:10 GS-1 [Error]: GameGate ServerSocketError, ErrorCode=10061
2019-09-21 10:17:06 GS-1 09-21 10:17:06 User = 1 / 1
2019-09-21 10:17:07 GS-1 载入商城热销商品列表，共17个。
2019-09-21 10:17:07 GS-1 ==> 加载商城热销榜:5
2019-09-21 10:19:33 GS-1 -----------------------------------------------------
---[Monster]: Max RunDelay: 406; Max RunCount 3273
---[Human]: Max RunDelay: 31; [Socket]: Max RunDelay: 16
---[App]: Min PerSecRun: 65; Max RunDelay 0
-----------------------------------------------------
2019-09-21 10:24:34 GS-1 -----------------------------------------------------
---[Monster]: Max RunDelay: 1297; Max RunCount 3274
---[Human]: Max RunDelay: 406; [Socket]: Max RunDelay: 16
---[App]: Min PerSecRun: 14; Max RunDelay 0
-----------------------------------------------------
2019-09-21 10:27:07 GS-1 09-21 10:27:07 User = 1 / 1
2019-09-21 10:29:34 GS-1 -----------------------------------------------------
---[Monster]: Max RunDelay: 250; Max RunCount 3274
---[Human]: Max RunDelay: 31; [Socket]: Max RunDelay: 16
---[App]: Min PerSecRun: 76; Max RunDelay 0
-----------------------------------------------------
2019-09-21 10:34:35 GS-1 -----------------------------------------------------
---[Monster]: Max RunDelay: 282; Max RunCount 3274
---[Human]: Max RunDelay: 31; [Socket]: Max RunDelay: 16
---[App]: Min PerSecRun: 73; Max RunDelay 0
-----------------------------------------------------
2019-09-21 10:37:07 GS-1 09-21 10:37:07 User = 1 / 1
2019-09-21 10:39:36 GS-1 -----------------------------------------------------
---[Monster]: Max RunDelay: 281; Max RunCount 3274
---[Human]: Max RunDelay: 32; [Socket]: Max RunDelay: 16
---[App]: Min PerSecRun: 74; Max RunDelay 0
-----------------------------------------------------
2019-09-21 10:43:49 GS-1 [Error]: GameGate ServerSocketError, ErrorCode=10061
2019-09-21 10:43:49 GS-1 [Error]: GameGate ServerSocketError, ErrorCode=10061
2019-09-21 10:43:50 GS-1 [Error]: GameGate ServerSocketError, ErrorCode=10061
2019-09-21 10:44:37 GS-1 -----------------------------------------------------
---[Monster]: Max RunDelay: 281; Max RunCount 3274
---[Human]: Max RunDelay: 32; [Socket]: Max RunDelay: 16
---[App]: Min PerSecRun: 75; Max RunDelay 0
-----------------------------------------------------
2019-09-21 10:47:08 GS-1 09-21 10:47:08 User = 1 / 1
2019-09-21 10:49:38 GS-1 -----------------------------------------------------
---[Monster]: Max RunDelay: 281; Max RunCount 3274
---[Human]: Max RunDelay: 31; [Socket]: Max RunDelay: 15
---[App]: Min PerSecRun: 74; Max RunDelay 0
-----------------------------------------------------
2019-09-21 10:54:39 GS-1 -----------------------------------------------------
---[Monster]: Max RunDelay: 266; Max RunCount 3274
---[Human]: Max RunDelay: 31; [Socket]: Max RunDelay: 16
---[App]: Min PerSecRun: 75; Max RunDelay 0
-----------------------------------------------------
2019-09-21 10:57:07 GS-1 09-21 10:57:07 User = 1 / 1
2019-09-21 10:59:40 GS-1 -----------------------------------------------------
---[Monster]: Max RunDelay: 281; Max RunCount 3274
---[Human]: Max RunDelay: 15; [Socket]: Max RunDelay: 16
---[App]: Min PerSecRun: 76; Max RunDelay 0
-----------------------------------------------------
2019-09-21 11:04:41 GS-1 -----------------------------------------------------
---[Monster]: Max RunDelay: 266; Max RunCount 3274
---[Human]: Max RunDelay: 15; [Socket]: Max RunDelay: 16
---[App]: Min PerSecRun: 75; Max RunDelay 0
-----------------------------------------------------
2019-09-21 11:07:07 GS-1 09-21 11:07:07 User = 1 / 1
2019-09-21 11:09:42 GS-1 -----------------------------------------------------
---[Monster]: Max RunDelay: 282; Max RunCount 3265
---[Human]: Max RunDelay: 31; [Socket]: Max RunDelay: 16
---[App]: Min PerSecRun: 75; Max RunDelay 0
-----------------------------------------------------
2019-09-21 11:14:43 GS-1 -----------------------------------------------------
---[Monster]: Max RunDelay: 281; Max RunCount 3234
---[Human]: Max RunDelay: 16; [Socket]: Max RunDelay: 16
---[App]: Min PerSecRun: 75; Max RunDelay 0
-----------------------------------------------------
2019-09-21 11:17:08 GS-1 载入商城热销商品列表，共17个。
2019-09-21 11:17:08 GS-1 ==> 加载商城热销榜:5
2019-09-21 11:17:08 GS-1 09-21 11:17:08 User = 1 / 1
2019-09-21 11:19:44 GS-1 -----------------------------------------------------
---[Monster]: Max RunDelay: 266; Max RunCount 3274
---[Human]: Max RunDelay: 16; [Socket]: Max RunDelay: 16
---[App]: Min PerSecRun: 76; Max RunDelay 0
-----------------------------------------------------
2019-09-21 11:22:08 GS-1 [脚本(散财猪.pas)缺函数]: AfterScatterItems
2019-09-21 11:22:15 GS-1 [脚本(散财猪.pas)缺函数]: AfterScatterItems
2019-09-21 11:24:45 GS-1 -----------------------------------------------------
---[Monster]: Max RunDelay: 266; Max RunCount 3265
---[Human]: Max RunDelay: 47; [Socket]: Max RunDelay: 16
---[App]: Min PerSecRun: 76; Max RunDelay 0
-----------------------------------------------------
2019-09-21 11:27:08 GS-1 09-21 11:27:08 User = 2 / 2
2019-09-21 11:29:46 GS-1 -----------------------------------------------------
---[Monster]: Max RunDelay: 266; Max RunCount 3265
---[Human]: Max RunDelay: 31; [Socket]: Max RunDelay: 16
---[App]: Min PerSecRun: 75; Max RunDelay 0
-----------------------------------------------------
2019-09-21 11:34:47 GS-1 -----------------------------------------------------
---[Monster]: Max RunDelay: 281; Max RunCount 3254
---[Human]: Max RunDelay: 31; [Socket]: Max RunDelay: 16
---[App]: Min PerSecRun: 76; Max RunDelay 0
-----------------------------------------------------
2019-09-21 11:37:08 GS-1 09-21 11:37:08 User = 1 / 1
2019-09-21 11:39:48 GS-1 -----------------------------------------------------
---[Monster]: Max RunDelay: 250; Max RunCount 3274
---[Human]: Max RunDelay: 31; [Socket]: Max RunDelay: 16
---[App]: Min PerSecRun: 75; Max RunDelay 0
-----------------------------------------------------
2019-09-21 11:44:49 GS-1 -----------------------------------------------------
---[Monster]: Max RunDelay: 281; Max RunCount 3274
---[Human]: Max RunDelay: 15; [Socket]: Max RunDelay: 16
---[App]: Min PerSecRun: 74; Max RunDelay 0
-----------------------------------------------------
2019-09-21 11:47:08 GS-1 09-21 11:47:08 User = 1 / 1
2019-09-21 11:49:50 GS-1 -----------------------------------------------------
---[Monster]: Max RunDelay: 281; Max RunCount 3274
---[Human]: Max RunDelay: 15; [Socket]: Max RunDelay: 16
---[App]: Min PerSecRun: 76; Max RunDelay 0
-----------------------------------------------------
2019-09-21 11:54:51 GS-1 -----------------------------------------------------
---[Monster]: Max RunDelay: 266; Max RunCount 3274
---[Human]: Max RunDelay: 31; [Socket]: Max RunDelay: 16
---[App]: Min PerSecRun: 75; Max RunDelay 0
-----------------------------------------------------
2019-09-21 11:57:08 GS-1 09-21 11:57:08 User = 2 / 2
2019-09-21 11:59:52 GS-1 -----------------------------------------------------
---[Monster]: Max RunDelay: 266; Max RunCount 3274
---[Human]: Max RunDelay: 47; [Socket]: Max RunDelay: 16
---[App]: Min PerSecRun: 76; Max RunDelay 0
-----------------------------------------------------
2019-09-21 12:00:00 GS-1 载入商城物品列表，共5个类别，40种商品
2019-09-21 12:00:00 GS-1 ==> 加载商城物品 装饰类：11/11
2019-09-21 12:00:00 GS-1 ==> 加载商城物品 补给类：5/5
2019-09-21 12:00:00 GS-1 ==> 加载商城物品 强化类：14/14
2019-09-21 12:00:00 GS-1 ==> 加载商城物品 限量类：8/8
2019-09-21 12:00:00 GS-1 ==> 加载商城物品 好友类：2/2
2019-09-21 12:00:00 GS-1 ==> 加载商城物品 类：0/0
2019-09-21 12:00:00 GS-1 ==> 加载商城物品 类：0/0
2019-09-21 12:00:00 GS-1 ==> 加载商城物品 类：0/0
2019-09-21 12:02:53 GS-1 12:02:53 Gate 1 (106.54.52.209) 关闭
2019-09-21 12:02:53 GS-1 [Warning]: 与DB 服务器断开连接....
2019-09-21 12:02:58 GS-1 释放--魔龙冰晶升级对象--结束
2019-09-21 12:02:58 GS-1 释放--天赐宝箱1--结束
2019-09-21 12:02:58 GS-1 释放--天赐宝箱2--结束
2019-09-21 12:02:58 GS-1 释放--一点充--结束
2019-09-21 12:02:58 GS-1 释放--事件管理对象--结束
2019-09-21 12:02:58 GS-1 释放--任务管理对象--结束
2019-09-21 12:02:58 GS-1 释放--升级提醒管理对象--结束
2019-09-21 12:02:58 GS-1 释放--GDMsg管理对象--结束
2019-09-21 12:02:58 GS-1 释放--跨地图寻路管理对象--结束
2019-09-21 12:02:58 GS-1 释放--沙巴克管理对象--结束
2019-09-21 12:02:58 GS-1 释放--中央活动服务器客户端--结束
2019-09-21 12:02:58 GS-1 释放--乾坤包--结束
2019-09-21 12:02:58 GS-1 正在清除模块-卧龙英雄管理-的配置表d:\Mud2.0\Mir200\Share\EngineConfig\卧龙英雄管理\Fortress-HERO1.txt
2019-09-21 12:02:58 GS-1 正在清除模块-卧龙英雄管理-的配置表d:\Mud2.0\Mir200\Share\EngineConfig\卧龙英雄管理\Fortress.txt
2019-09-21 12:02:58 GS-1 正在清除模块-游戏元素点阵管理-的配置表d:\Mud2.0\Mir200\Share\EngineConfig\游戏元素点阵管理\GMActEvent.txt
2019-09-21 12:02:58 GS-1 正在清除模块-信用分管理-的配置表d:\Mud2.0\Mir200\Share\EngineConfig\信用分管理\PlayerActivePoint.xml
2019-09-21 12:02:58 GS-1 正在清除模块-信用分管理-的配置表d:\Mud2.0\Mir200\Share\EngineConfig\信用分管理\MapActivePoint.xml
2019-09-21 12:02:58 GS-1 正在清除模块-摆摊交易-的配置表d:\Mud2.0\Mir200\Share\EngineConfig\摆摊交易\摊位基础设置.ini
2019-09-21 12:02:58 GS-1 正在清除模块-元宝商城管理-的配置表d:\Mud2.0\Mir200\Share\EngineConfig\元宝商城管理\YBGoods.sql
2019-09-21 12:02:58 GS-1 正在清除模块-小助手管理-的配置表d:\Mud2.0\Mir200\Share\EngineConfig\小助手管理\小助手.txt
2019-09-21 12:02:58 GS-1 正在清除模块-静态地图管理-的配置表d:\Mud2.0\Mir200\Share\EngineConfig\静态地图管理\MapDropLimitBagItems.xml
2019-09-21 12:02:58 GS-1 正在清除模块-装备合成管理-的配置表d:\Mud2.0\Mir200\Share\EngineConfig\装备合成管理\StrengthenEquip.xml
2019-09-21 12:02:59 GS-1 正在清除模块-藏宝图管理-的配置表d:\Mud2.0\Mir200\Share\EngineConfig\藏宝图管理\修复藏宝图.txt
2019-09-21 12:02:59 GS-1 正在清除模块-藏宝图管理-的配置表d:\Mud2.0\Mir200\Share\EngineConfig\藏宝图管理\魔龙藏宝图合成装备.txt
2019-09-21 12:02:59 GS-1 正在清除模块-衣服升级管理-的配置表d:\Mud2.0\Mir200\Share\EngineConfig\衣服升级管理\UpdateClothes.xml
2019-09-21 12:02:59 GS-1 正在清除模块-道具管理-的配置表d:\Mud2.0\Mir200\Share\EngineConfig\道具管理\宝石配置.txt
2019-09-21 12:02:59 GS-1 正在清除模块-世界暴率管理-的配置表d:\Mud2.0\Mir200\Share\EngineConfig\世界暴率管理\世界爆率文件1.txt
2019-09-21 12:02:59 GS-1 释放--跨GS消息管理对象--结束
2019-09-21 12:02:59 GS-1 释放--gate管理对象--结束
2019-09-21 12:02:59 GS-1 释放--魔法管理对象--结束
2019-09-21 12:02:59 GS-1 释放--套装管理对象--结束
2019-09-21 12:02:59 GS-1 释放--新暴率管理对象--结束
2019-09-21 12:02:59 GS-1 释放--角色信息初始化管理对象--结束
2019-09-21 12:02:59 GS-1 释放--GS本地日志--结束
2019-09-21 12:02:59 GS-1 释放--DBEngn对象--结束
2019-09-21 12:02:59 GS-1 释放--任务列表--结束
2019-09-21 12:02:59 GS-1 释放--buffer管理类--结束
2019-09-21 12:02:59 GS-1 释放--排行榜--结束
2019-09-21 12:02:59 GS-1 释放--免费回收--结束
2019-09-21 12:02:59 GS-1 释放--mysql对象--结束
2019-09-21 12:02:59 GS-1 ================ 服务停止 ==============
