2019-09-06 23:01:15 GS-1 -----------------------------------------------------
---[Monster]: Max RunDelay: 0; Max RunCount 0
---[Human]: Max RunDelay: 0; [Socket]: Max RunDelay: 0
---[App]: Min PerSecRun: 100; Max RunDelay 0
-----------------------------------------------------
2019-09-06 23:01:15 GS-1 ================ 服务启动 ==============
2019-09-06 23:01:15 GS-1 TPlayerBody Size - 1616
2019-09-06 23:01:15 GS-1 TPlayerDB Size - 61608
2019-09-06 23:01:15 GS-1 ======== 连接MySQL成功 =======
2019-09-06 23:01:15 GS-1 *** ***Gamelog 的下次清理时间为 : 09月13日03时*** ***
2019-09-06 23:01:15 GS-1 ==加载GM指令定义完成==
2019-09-06 23:01:15 GS-1 与 DB 服务器连接成功
2019-09-06 23:01:15 GS-1 [Warning]: 无效连接点：HL002~1 13:185->D2083~1 139:158
2019-09-06 23:01:15 GS-1 [Error]: 火龙珠奖励配置错误！
2019-09-06 23:01:15 GS-1 [Error]: 抽取概率错误:赤金天赐->宝箱1:概率7
2019-09-06 23:01:15 GS-1 [Error]: 抽取概率错误:白银天赐->宝箱1:概率7
2019-09-06 23:01:15 GS-1 [Error]: 抽取概率错误:紫铜天赐->宝箱1:概率7
2019-09-06 23:01:15 GS-1 [Error]: 抽取概率错误:神秘天赐->宝箱1:概率7
2019-09-06 23:01:15 GS-1 [Error]: 抽取概率错误:檀木天赐->宝箱1:概率7
2019-09-06 23:01:15 GS-1 [Error]: 抽取概率错误:宝藏天赐 ->宝箱1:概率7
2019-09-06 23:01:15 GS-1 [Error]: StdItems 不存在的天赐：新年天赐
2019-09-06 23:01:15 GS-1 [Error]: StdItems 不存在的钥匙：新年钥匙
2019-09-06 23:01:15 GS-1 [Error]: StdItems 不存在的钥匙：春节钥匙
2019-09-06 23:01:15 GS-1 [Error]: StdItems 不存在的钥匙：节日钥匙
2019-09-06 23:01:15 GS-1 [Error]: StdItems 不存在的天赐：感恩天赐
2019-09-06 23:01:15 GS-1 [Error]: StdItems 不存在的钥匙：感恩钥匙
2019-09-06 23:01:15 GS-1 系统参数初始化完毕
2019-09-06 23:01:15 GS-1 准备加载NPC，共527个
2019-09-06 23:01:15 GS-1 已加载d:\Mud2.0\Mir200\Share\EngineConfig\系统信息管理\RollMsg.txt！
2019-09-06 23:01:15 GS-1 已加载d:\Mud2.0\Mir200\Share\EngineConfig\系统信息管理\掉落物品提示.txt！
2019-09-06 23:01:15 GS-1 已加载d:\Mud2.0\Mir200\Share\EngineConfig\卧龙英雄管理\Fortress.txt！
2019-09-06 23:01:15 GS-1 已加载d:\Mud2.0\Mir200\Share\EngineConfig\游戏元素点阵管理\GMActEvent.txt！
2019-09-06 23:01:15 GS-1    加载邮件信息成功,加载13个玩家的邮件。
2019-09-06 23:01:15 GS-1    加载邮件信息成功,加载58个玩家的邮件。
2019-09-06 23:01:15 GS-1 已加载d:\Mud2.0\Mir200\Share\EngineConfig\摆摊交易\摊位基础设置.ini！
2019-09-06 23:01:15 GS-1 刷新摊位过期将在2:55执行！
2019-09-06 23:01:15 GS-1   加载Stall成功，共加载摊位3个
2019-09-06 23:01:15 GS-1 [Information]: 寄售表创建成功!
2019-09-06 23:01:15 GS-1 [Information]: 寄售历史表创建成功!
2019-09-06 23:01:15 GS-1 [Information]: 更新超时订单成功!
2019-09-06 23:01:15 GS-1 已加载刷新商城时间：00:00:00.
2019-09-06 23:01:15 GS-1 已加载刷新商城时间：06:00:00.
2019-09-06 23:01:15 GS-1 已加载刷新商城时间：12:00:00.
2019-09-06 23:01:15 GS-1 载入商城物品列表，共5个类别，41种商品
2019-09-06 23:01:15 GS-1 ==> 加载商城物品 装饰类：11/11
2019-09-06 23:01:15 GS-1 ==> 加载商城物品 补给类：5/5
2019-09-06 23:01:15 GS-1 ==> 加载商城物品 强化类：15/15
2019-09-06 23:01:15 GS-1 ==> 加载商城物品 限量类：8/8
2019-09-06 23:01:15 GS-1 ==> 加载商城物品 好友类：2/2
2019-09-06 23:01:15 GS-1 ==> 加载商城物品 类：0/0
2019-09-06 23:01:15 GS-1 ==> 加载商城物品 类：0/0
2019-09-06 23:01:15 GS-1 ==> 加载商城物品 类：0/0
2019-09-06 23:01:15 GS-1    [删除错误数据] 删除用户表中不存在的战队成员
2019-09-06 23:01:15 GS-1    [删除错误数据] 清除战队队长不存在的项
2019-09-06 23:01:15 GS-1    [删除错误数据] 不存在战队的成员
2019-09-06 23:01:15 GS-1    正在加载战队...
2019-09-06 23:01:15 GS-1    战队表数量 : 3
2019-09-06 23:01:15 GS-1    战队表数量 : 0
2019-09-06 23:01:15 GS-1    加载战队数量:3
2019-09-06 23:01:15 GS-1    正在加载战队成员...
2019-09-06 23:01:15 GS-1    战队成员总数:27 加载成员数:27
2019-09-06 23:01:15 GS-1    正在检测战队数据有效性...
2019-09-06 23:01:15 GS-1    战队数据有效性检测完毕
2019-09-06 23:01:15 GS-1    [删除错误数据] 清除会长战队不存在行会
2019-09-06 23:01:15 GS-1    [删除错误数据] 清除行会不存在的行会成员
2019-09-06 23:01:15 GS-1    [删除错误数据] 清除行会不存在的行会关系ID排列错误的项
2019-09-06 23:01:15 GS-1    [删除错误数据] 清除行会不存在行会关系
2019-09-06 23:01:15 GS-1    [删除错误数据] 清除行会不存在关注行会
2019-09-06 23:01:15 GS-1    加载行会数量 : 3
2019-09-06 23:01:15 GS-1    加载行会成员(战队)数量 : 3
2019-09-06 23:01:15 GS-1    加载行会关系数量 : 0
2019-09-06 23:01:15 GS-1    加载关注行会数量 : 0
2019-09-06 23:01:15 GS-1    加载请求数量:0
2019-09-06 23:01:15 GS-1 [Error]: 小助手 不存在！
2019-09-06 23:01:15 GS-1 D411地图配置在MapInfo.txt 中不是LIMITBAGITEMDROP属性
2019-09-06 23:01:15 GS-1 D415地图配置在MapInfo.txt 中不是LIMITBAGITEMDROP属性
2019-09-06 23:01:15 GS-1 D416地图配置在MapInfo.txt 中不是LIMITBAGITEMDROP属性
2019-09-06 23:01:15 GS-1 信用分验证功能：开
2019-09-06 23:01:15 GS-1 GS脚本版本号：10001
2019-09-06 23:01:15 GS-1 更新排行榜，共计：49 页
2019-09-06 23:01:15 GS-1 Gate 1 开启
2019-09-06 23:02:08 GS-1 载入商城热销商品列表，共36个。
2019-09-06 23:02:08 GS-1 ==> 加载商城热销榜:5
2019-09-06 23:03:12 GS-1 [脚本(散财猪.pas)缺函数]: AfterScatterItems
2019-09-06 23:06:15 GS-1 -----------------------------------------------------
---[Monster]: Max RunDelay: 968; Max RunCount 3098
---[Human]: Max RunDelay: 328; [Socket]: Max RunDelay: 16
---[App]: Min PerSecRun: 13; Max RunDelay 0
-----------------------------------------------------
2019-09-06 23:06:19 GS-1 [Error]: ==> YBSocketError, ErrorCode=10060
2019-09-06 23:11:16 GS-1 -----------------------------------------------------
---[Monster]: Max RunDelay: 532; Max RunCount 3138
---[Human]: Max RunDelay: 344; [Socket]: Max RunDelay: 16
---[App]: Min PerSecRun: 58; Max RunDelay 0
-----------------------------------------------------
2019-09-06 23:12:06 GS-1 09-06 23:12:06 User = 10 / 10
2019-09-06 23:16:17 GS-1 -----------------------------------------------------
---[Monster]: Max RunDelay: 531; Max RunCount 3156
---[Human]: Max RunDelay: 344; [Socket]: Max RunDelay: 31
---[App]: Min PerSecRun: 48; Max RunDelay 0
-----------------------------------------------------
2019-09-06 23:21:17 GS-1 -----------------------------------------------------
---[Monster]: Max RunDelay: 594; Max RunCount 3206
---[Human]: Max RunDelay: 375; [Socket]: Max RunDelay: 16
---[App]: Min PerSecRun: 27; Max RunDelay 0
-----------------------------------------------------
2019-09-06 23:22:07 GS-1 09-06 23:22:07 User = 16 / 16
2019-09-06 23:26:18 GS-1 -----------------------------------------------------
---[Monster]: Max RunDelay: 1062; Max RunCount 3166
---[Human]: Max RunDelay: 343; [Socket]: Max RunDelay: 16
---[App]: Min PerSecRun: 26; Max RunDelay 0
-----------------------------------------------------
2019-09-06 23:31:19 GS-1 -----------------------------------------------------
---[Monster]: Max RunDelay: 875; Max RunCount 3177
---[Human]: Max RunDelay: 234; [Socket]: Max RunDelay: 16
---[App]: Min PerSecRun: 25; Max RunDelay 0
-----------------------------------------------------
2019-09-06 23:32:08 GS-1 09-06 23:32:08 User = 16 / 16
2019-09-06 23:36:20 GS-1 -----------------------------------------------------
---[Monster]: Max RunDelay: 453; Max RunCount 3178
---[Human]: Max RunDelay: 125; [Socket]: Max RunDelay: 16
---[App]: Min PerSecRun: 60; Max RunDelay 0
-----------------------------------------------------
2019-09-06 23:41:21 GS-1 -----------------------------------------------------
---[Monster]: Max RunDelay: 953; Max RunCount 3182
---[Human]: Max RunDelay: 359; [Socket]: Max RunDelay: 16
---[App]: Min PerSecRun: 24; Max RunDelay 0
-----------------------------------------------------
2019-09-06 23:41:22 GS-1 [数据错误] 玩家 下雨天 不在的战队的成员列表中，从战队中清除.
2019-09-06 23:42:08 GS-1 09-06 23:42:08 User = 18 / 18
2019-09-06 23:46:22 GS-1 -----------------------------------------------------
---[Monster]: Max RunDelay: 813; Max RunCount 3194
---[Human]: Max RunDelay: 188; [Socket]: Max RunDelay: 16
---[App]: Min PerSecRun: 38; Max RunDelay 0
-----------------------------------------------------
2019-09-06 23:51:23 GS-1 -----------------------------------------------------
---[Monster]: Max RunDelay: 469; Max RunCount 3278
---[Human]: Max RunDelay: 359; [Socket]: Max RunDelay: 16
---[App]: Min PerSecRun: 54; Max RunDelay 0
-----------------------------------------------------
2019-09-06 23:52:08 GS-1 09-06 23:52:08 User = 8 / 8
2019-09-06 23:56:24 GS-1 -----------------------------------------------------
---[Monster]: Max RunDelay: 546; Max RunCount 3294
---[Human]: Max RunDelay: 47; [Socket]: Max RunDelay: 16
---[App]: Min PerSecRun: 51; Max RunDelay 0
-----------------------------------------------------
2019-09-07 00:00:00 GS-1 载入商城物品列表，共5个类别，41种商品
2019-09-07 00:00:00 GS-1 ==> 加载商城物品 装饰类：11/11
2019-09-07 00:00:00 GS-1 ==> 加载商城物品 补给类：5/5
2019-09-07 00:00:00 GS-1 ==> 加载商城物品 强化类：15/15
2019-09-07 00:00:00 GS-1 ==> 加载商城物品 限量类：8/8
2019-09-07 00:00:00 GS-1 ==> 加载商城物品 好友类：2/2
2019-09-07 00:00:00 GS-1 ==> 加载商城物品 类：0/0
2019-09-07 00:00:00 GS-1 ==> 加载商城物品 类：0/0
2019-09-07 00:00:00 GS-1 ==> 加载商城物品 类：0/0
2019-09-07 00:01:25 GS-1 -----------------------------------------------------
---[Monster]: Max RunDelay: 687; Max RunCount 3263
---[Human]: Max RunDelay: 156; [Socket]: Max RunDelay: 16
---[App]: Min PerSecRun: 31; Max RunDelay 0
-----------------------------------------------------
2019-09-07 00:02:09 GS-1 载入商城热销商品列表，共36个。
2019-09-07 00:02:09 GS-1 ==> 加载商城热销榜:5
2019-09-07 00:02:09 GS-1 09-07 00:02:09 User = 8 / 8
2019-09-07 00:06:25 GS-1 -----------------------------------------------------
---[Monster]: Max RunDelay: 2547; Max RunCount 3343
---[Human]: Max RunDelay: 890; [Socket]: Max RunDelay: 16
---[App]: Min PerSecRun: 31; Max RunDelay 0
-----------------------------------------------------
2019-09-07 00:11:25 GS-1 -----------------------------------------------------
---[Monster]: Max RunDelay: 984; Max RunCount 3351
---[Human]: Max RunDelay: 219; [Socket]: Max RunDelay: 16
---[App]: Min PerSecRun: 22; Max RunDelay 0
-----------------------------------------------------
2019-09-07 00:12:09 GS-1 09-07 00:12:09 User = 9 / 9
2019-09-07 00:16:27 GS-1 -----------------------------------------------------
---[Monster]: Max RunDelay: 531; Max RunCount 3272
---[Human]: Max RunDelay: 343; [Socket]: Max RunDelay: 16
---[App]: Min PerSecRun: 42; Max RunDelay 0
-----------------------------------------------------
2019-09-07 00:21:28 GS-1 -----------------------------------------------------
---[Monster]: Max RunDelay: 641; Max RunCount 3344
---[Human]: Max RunDelay: 422; [Socket]: Max RunDelay: 16
---[App]: Min PerSecRun: 39; Max RunDelay 15
-----------------------------------------------------
2019-09-07 00:22:11 GS-1 09-07 00:22:11 User = 12 / 12
2019-09-07 00:26:29 GS-1 -----------------------------------------------------
---[Monster]: Max RunDelay: 453; Max RunCount 3345
---[Human]: Max RunDelay: 63; [Socket]: Max RunDelay: 31
---[App]: Min PerSecRun: 65; Max RunDelay 16
-----------------------------------------------------
2019-09-07 00:31:29 GS-1 -----------------------------------------------------
---[Monster]: Max RunDelay: 1359; Max RunCount 3358
---[Human]: Max RunDelay: 47; [Socket]: Max RunDelay: 16
---[App]: Min PerSecRun: 41; Max RunDelay 0
-----------------------------------------------------
2019-09-07 00:32:02 GS-1 [脚本(修炼圣地-3.pas)缺函数]: ForgeDiaYB
2019-09-07 00:32:02 GS-1 --ReInitializet-- 因为点击NPC失败，重新刷新NPC...
2019-09-07 00:32:11 GS-1 09-07 00:32:11 User = 13 / 13
2019-09-07 00:36:30 GS-1 -----------------------------------------------------
---[Monster]: Max RunDelay: 469; Max RunCount 3315
---[Human]: Max RunDelay: 62; [Socket]: Max RunDelay: 15
---[App]: Min PerSecRun: 58; Max RunDelay 0
-----------------------------------------------------
2019-09-07 00:41:31 GS-1 -----------------------------------------------------
---[Monster]: Max RunDelay: 328; Max RunCount 3365
---[Human]: Max RunDelay: 94; [Socket]: Max RunDelay: 15
---[App]: Min PerSecRun: 70; Max RunDelay 0
-----------------------------------------------------
2019-09-07 00:42:11 GS-1 09-07 00:42:11 User = 11 / 11
2019-09-07 00:43:08 GS-1 [数据错误] 玩家 下雨天 不在的战队的成员列表中，从战队中清除.
2019-09-07 00:46:32 GS-1 -----------------------------------------------------
---[Monster]: Max RunDelay: 1156; Max RunCount 3366
---[Human]: Max RunDelay: 219; [Socket]: Max RunDelay: 16
---[App]: Min PerSecRun: 16; Max RunDelay 0
-----------------------------------------------------
2019-09-07 00:51:33 GS-1 -----------------------------------------------------
---[Monster]: Max RunDelay: 297; Max RunCount 3350
---[Human]: Max RunDelay: 47; [Socket]: Max RunDelay: 16
---[App]: Min PerSecRun: 61; Max RunDelay 0
-----------------------------------------------------
2019-09-07 00:52:11 GS-1 09-07 00:52:11 User = 11 / 11
2019-09-07 00:56:34 GS-1 -----------------------------------------------------
---[Monster]: Max RunDelay: 578; Max RunCount 3467
---[Human]: Max RunDelay: 375; [Socket]: Max RunDelay: 16
---[App]: Min PerSecRun: 50; Max RunDelay 16
-----------------------------------------------------
2019-09-07 01:01:35 GS-1 -----------------------------------------------------
---[Monster]: Max RunDelay: 609; Max RunCount 3489
---[Human]: Max RunDelay: 375; [Socket]: Max RunDelay: 47
---[App]: Min PerSecRun: 47; Max RunDelay 0
-----------------------------------------------------
2019-09-07 01:02:09 GS-1 载入商城热销商品列表，共36个。
2019-09-07 01:02:09 GS-1 ==> 加载商城热销榜:5
2019-09-07 01:02:11 GS-1 09-07 01:02:11 User = 11 / 11
2019-09-07 01:03:34 GS-1 01:03:34 Gate 1 (49.234.26.20) 关闭
2019-09-07 01:03:34 GS-1 [Warning]: 与DB 服务器断开连接....
2019-09-07 01:03:39 GS-1 释放--魔龙冰晶升级对象--结束
2019-09-07 01:03:39 GS-1 释放--天赐宝箱1--结束
2019-09-07 01:03:39 GS-1 释放--天赐宝箱2--结束
2019-09-07 01:03:39 GS-1 释放--一点充--结束
2019-09-07 01:03:39 GS-1 释放--事件管理对象--结束
2019-09-07 01:03:39 GS-1 释放--任务管理对象--结束
2019-09-07 01:03:39 GS-1 释放--升级提醒管理对象--结束
2019-09-07 01:03:39 GS-1 释放--GDMsg管理对象--结束
2019-09-07 01:03:39 GS-1 释放--跨地图寻路管理对象--结束
2019-09-07 01:03:39 GS-1 释放--沙巴克管理对象--结束
2019-09-07 01:03:39 GS-1 释放--中央活动服务器客户端--结束
2019-09-07 01:03:39 GS-1 释放--乾坤包--结束
2019-09-07 01:03:39 GS-1 正在清除模块-卧龙英雄管理-的配置表d:\Mud2.0\Mir200\Share\EngineConfig\卧龙英雄管理\Fortress-HERO1.txt
2019-09-07 01:03:39 GS-1 正在清除模块-卧龙英雄管理-的配置表d:\Mud2.0\Mir200\Share\EngineConfig\卧龙英雄管理\Fortress.txt
2019-09-07 01:03:39 GS-1 正在清除模块-游戏元素点阵管理-的配置表d:\Mud2.0\Mir200\Share\EngineConfig\游戏元素点阵管理\GMActEvent.txt
2019-09-07 01:03:39 GS-1 正在清除模块-信用分管理-的配置表d:\Mud2.0\Mir200\Share\EngineConfig\信用分管理\PlayerActivePoint.xml
2019-09-07 01:03:39 GS-1 正在清除模块-信用分管理-的配置表d:\Mud2.0\Mir200\Share\EngineConfig\信用分管理\MapActivePoint.xml
2019-09-07 01:03:39 GS-1 正在清除模块-摆摊交易-的配置表d:\Mud2.0\Mir200\Share\EngineConfig\摆摊交易\摊位基础设置.ini
2019-09-07 01:03:39 GS-1 正在清除模块-元宝商城管理-的配置表d:\Mud2.0\Mir200\Share\EngineConfig\元宝商城管理\YBGoods.sql
2019-09-07 01:03:39 GS-1 正在清除模块-小助手管理-的配置表d:\Mud2.0\Mir200\Share\EngineConfig\小助手管理\小助手.txt
2019-09-07 01:03:39 GS-1 正在清除模块-静态地图管理-的配置表d:\Mud2.0\Mir200\Share\EngineConfig\静态地图管理\MapDropLimitBagItems.xml
2019-09-07 01:03:40 GS-1 正在清除模块-装备合成管理-的配置表d:\Mud2.0\Mir200\Share\EngineConfig\装备合成管理\StrengthenEquip.xml
2019-09-07 01:03:40 GS-1 正在清除模块-藏宝图管理-的配置表d:\Mud2.0\Mir200\Share\EngineConfig\藏宝图管理\修复藏宝图.txt
2019-09-07 01:03:40 GS-1 正在清除模块-藏宝图管理-的配置表d:\Mud2.0\Mir200\Share\EngineConfig\藏宝图管理\魔龙藏宝图合成装备.txt
2019-09-07 01:03:40 GS-1 正在清除模块-衣服升级管理-的配置表d:\Mud2.0\Mir200\Share\EngineConfig\衣服升级管理\UpdateClothes.xml
2019-09-07 01:03:40 GS-1 正在清除模块-道具管理-的配置表d:\Mud2.0\Mir200\Share\EngineConfig\道具管理\宝石配置.txt
2019-09-07 01:03:40 GS-1 正在清除模块-世界暴率管理-的配置表d:\Mud2.0\Mir200\Share\EngineConfig\世界暴率管理\世界爆率文件1.txt
2019-09-07 01:03:40 GS-1 释放--跨GS消息管理对象--结束
2019-09-07 01:03:40 GS-1 释放--gate管理对象--结束
2019-09-07 01:03:40 GS-1 释放--魔法管理对象--结束
2019-09-07 01:03:40 GS-1 释放--套装管理对象--结束
2019-09-07 01:03:40 GS-1 释放--新暴率管理对象--结束
2019-09-07 01:03:40 GS-1 释放--角色信息初始化管理对象--结束
2019-09-07 01:03:40 GS-1 释放--GS本地日志--结束
2019-09-07 01:03:40 GS-1 释放--DBEngn对象--结束
2019-09-07 01:03:40 GS-1 释放--任务列表--结束
2019-09-07 01:03:40 GS-1 释放--buffer管理类--结束
2019-09-07 01:03:40 GS-1 释放--排行榜--结束
2019-09-07 01:03:40 GS-1 释放--免费回收--结束
2019-09-07 01:03:40 GS-1 释放--mysql对象--结束
2019-09-07 01:03:40 GS-1 ================ 服务停止 ==============
