2019-07-22 12:32:08 GS-1 -----------------------------------------------------
---[Monster]: Max RunDelay: 0; Max RunCount 0
---[Human]: Max RunDelay: 0; [Socket]: Max RunDelay: 0
---[App]: Min PerSecRun: 100; Max RunDelay 0
-----------------------------------------------------
2019-07-22 12:32:08 GS-1 ================ 服务启动 ==============
2019-07-22 12:32:08 GS-1 TPlayerBody Size - 1616
2019-07-22 12:32:08 GS-1 TPlayerDB Size - 61608
2019-07-22 12:32:08 GS-1 ======== 连接MySQL成功 =======
2019-07-22 12:32:08 GS-1 *** ***Gamelog 的下次清理时间为 : 07月29日03时*** ***
2019-07-22 12:32:08 GS-1 ==加载GM指令定义完成==
2019-07-22 12:32:08 GS-1 与 DB 服务器连接成功
2019-07-22 12:32:08 GS-1 [Error]: 火龙珠奖励配置错误！
2019-07-22 12:32:08 GS-1 [Error]: 抽取概率错误:赤金天赐->宝箱1:概率7
2019-07-22 12:32:08 GS-1 [Error]: 抽取概率错误:白银天赐->宝箱1:概率7
2019-07-22 12:32:08 GS-1 [Error]: 抽取概率错误:紫铜天赐->宝箱1:概率7
2019-07-22 12:32:08 GS-1 [Error]: 抽取概率错误:神秘天赐->宝箱1:概率7
2019-07-22 12:32:08 GS-1 [Error]: 抽取概率错误:檀木天赐->宝箱1:概率7
2019-07-22 12:32:08 GS-1 [Error]: 抽取概率错误:宝藏天赐 ->宝箱1:概率7
2019-07-22 12:32:08 GS-1 [Error]: StdItems 不存在的天赐：新年天赐
2019-07-22 12:32:08 GS-1 [Error]: StdItems 不存在的钥匙：新年钥匙
2019-07-22 12:32:08 GS-1 [Error]: StdItems 不存在的钥匙：春节钥匙
2019-07-22 12:32:08 GS-1 [Error]: StdItems 不存在的钥匙：节日钥匙
2019-07-22 12:32:08 GS-1 [Error]: StdItems 不存在的天赐：感恩天赐
2019-07-22 12:32:08 GS-1 [Error]: StdItems 不存在的钥匙：感恩钥匙
2019-07-22 12:32:08 GS-1 系统参数初始化完毕
2019-07-22 12:32:08 GS-1 准备加载NPC，共506个
2019-07-22 12:32:08 GS-1 已加载d:\Mud2.0\Mir200\Share\EngineConfig\系统信息管理\RollMsg.txt！
2019-07-22 12:32:08 GS-1 已加载d:\Mud2.0\Mir200\Share\EngineConfig\系统信息管理\掉落物品提示.txt！
2019-07-22 12:32:08 GS-1 已加载d:\Mud2.0\Mir200\Share\EngineConfig\卧龙英雄管理\Fortress.txt！
2019-07-22 12:32:08 GS-1 已加载d:\Mud2.0\Mir200\Share\EngineConfig\游戏元素点阵管理\GMActEvent.txt！
2019-07-22 12:32:08 GS-1    加载邮件信息成功,加载0个玩家的邮件。
2019-07-22 12:32:08 GS-1    加载邮件信息成功,加载0个玩家的邮件。
2019-07-22 12:32:08 GS-1 已加载d:\Mud2.0\Mir200\Share\EngineConfig\摆摊交易\摊位基础设置.ini！
2019-07-22 12:32:08 GS-1 刷新摊位过期将在2:55执行！
2019-07-22 12:32:08 GS-1   加载Stall成功，共加载摊位0个
2019-07-22 12:32:08 GS-1 [Information]: 寄售表创建成功!
2019-07-22 12:32:08 GS-1 [Information]: 寄售历史表创建成功!
2019-07-22 12:32:08 GS-1 [Information]: 更新超时订单成功!
2019-07-22 12:32:08 GS-1 已加载刷新商城时间：00:00:00.
2019-07-22 12:32:08 GS-1 已加载刷新商城时间：06:00:00.
2019-07-22 12:32:08 GS-1 已加载刷新商城时间：12:00:00.
2019-07-22 12:32:08 GS-1 载入商城物品列表，共5个类别，36种商品
2019-07-22 12:32:08 GS-1 ==> 加载商城物品 装饰类：11/11
2019-07-22 12:32:08 GS-1 ==> 加载商城物品 补给类：3/3
2019-07-22 12:32:08 GS-1 ==> 加载商城物品 强化类：15/15
2019-07-22 12:32:08 GS-1 ==> 加载商城物品 限量类：5/5
2019-07-22 12:32:08 GS-1 ==> 加载商城物品 好友类：2/2
2019-07-22 12:32:08 GS-1 ==> 加载商城物品 类：0/0
2019-07-22 12:32:08 GS-1 ==> 加载商城物品 类：0/0
2019-07-22 12:32:08 GS-1 ==> 加载商城物品 类：0/0
2019-07-22 12:32:08 GS-1    [删除错误数据] 删除用户表中不存在的战队成员
2019-07-22 12:32:08 GS-1    [删除错误数据] 清除战队队长不存在的项
2019-07-22 12:32:08 GS-1    [删除错误数据] 不存在战队的成员
2019-07-22 12:32:08 GS-1    正在加载战队...
2019-07-22 12:32:08 GS-1    战队表数量 : 2
2019-07-22 12:32:08 GS-1    战队表数量 : 0
2019-07-22 12:32:08 GS-1    加载战队数量:2
2019-07-22 12:32:08 GS-1    正在加载战队成员...
2019-07-22 12:32:08 GS-1    战队成员总数:3 加载成员数:3
2019-07-22 12:32:08 GS-1    正在检测战队数据有效性...
2019-07-22 12:32:08 GS-1    战队数据有效性检测完毕
2019-07-22 12:32:08 GS-1    [删除错误数据] 清除会长战队不存在行会
2019-07-22 12:32:08 GS-1    [删除错误数据] 清除行会不存在的行会成员
2019-07-22 12:32:08 GS-1    [删除错误数据] 清除行会不存在的行会关系ID排列错误的项
2019-07-22 12:32:08 GS-1    [删除错误数据] 清除行会不存在行会关系
2019-07-22 12:32:08 GS-1    [删除错误数据] 清除行会不存在关注行会
2019-07-22 12:32:08 GS-1    加载行会数量 : 2
2019-07-22 12:32:08 GS-1    加载行会成员(战队)数量 : 2
2019-07-22 12:32:08 GS-1    加载行会关系数量 : 0
2019-07-22 12:32:08 GS-1    加载关注行会数量 : 0
2019-07-22 12:32:08 GS-1    加载请求数量:1
2019-07-22 12:32:08 GS-1 [Error]: 小助手 不存在！
2019-07-22 12:32:08 GS-1 D411地图配置在MapInfo.txt 中不是LIMITBAGITEMDROP属性
2019-07-22 12:32:08 GS-1 D415地图配置在MapInfo.txt 中不是LIMITBAGITEMDROP属性
2019-07-22 12:32:08 GS-1 D416地图配置在MapInfo.txt 中不是LIMITBAGITEMDROP属性
2019-07-22 12:32:08 GS-1 信用分验证功能：开
2019-07-22 12:32:08 GS-1 GS脚本版本号：10001
2019-07-22 12:32:08 GS-1 更新排行榜，共计：25 页
2019-07-22 12:32:42 GS-1 载入商城热销商品列表，共23个。
2019-07-22 12:32:42 GS-1 ==> 加载商城热销榜:5
2019-07-22 12:32:42 GS-1 [Error]: TFieldHero.FillDBData: 龙纹不存在！
2019-07-22 12:32:47 GS-1 Gate 1 开启
2019-07-22 12:37:08 GS-1 -----------------------------------------------------
---[Monster]: Max RunDelay: 547; Max RunCount 3166
---[Human]: Max RunDelay: 219; [Socket]: Max RunDelay: 47
---[App]: Min PerSecRun: 48; Max RunDelay 0
-----------------------------------------------------
2019-07-22 12:42:09 GS-1 -----------------------------------------------------
---[Monster]: Max RunDelay: 297; Max RunCount 3096
---[Human]: Max RunDelay: 32; [Socket]: Max RunDelay: 16
---[App]: Min PerSecRun: 71; Max RunDelay 0
-----------------------------------------------------
2019-07-22 12:42:41 GS-1 07-22 12:42:41 User = 1 / 1
2019-07-22 12:47:10 GS-1 -----------------------------------------------------
---[Monster]: Max RunDelay: 469; Max RunCount 3129
---[Human]: Max RunDelay: 31; [Socket]: Max RunDelay: 16
---[App]: Min PerSecRun: 58; Max RunDelay 0
-----------------------------------------------------
2019-07-22 12:52:11 GS-1 -----------------------------------------------------
---[Monster]: Max RunDelay: 281; Max RunCount 3142
---[Human]: Max RunDelay: 31; [Socket]: Max RunDelay: 16
---[App]: Min PerSecRun: 71; Max RunDelay 0
-----------------------------------------------------
2019-07-22 12:52:41 GS-1 07-22 12:52:41 User = 1 / 1
2019-07-22 12:57:12 GS-1 -----------------------------------------------------
---[Monster]: Max RunDelay: 281; Max RunCount 3154
---[Human]: Max RunDelay: 16; [Socket]: Max RunDelay: 16
---[App]: Min PerSecRun: 72; Max RunDelay 0
-----------------------------------------------------
2019-07-22 13:02:12 GS-1 -----------------------------------------------------
---[Monster]: Max RunDelay: 1531; Max RunCount 3201
---[Human]: Max RunDelay: 1250; [Socket]: Max RunDelay: 31
---[App]: Min PerSecRun: 51; Max RunDelay 0
-----------------------------------------------------
2019-07-22 13:02:41 GS-1 07-22 13:02:41 User = 1 / 1
2019-07-22 13:07:13 GS-1 -----------------------------------------------------
---[Monster]: Max RunDelay: 281; Max RunCount 3201
---[Human]: Max RunDelay: 16; [Socket]: Max RunDelay: 16
---[App]: Min PerSecRun: 73; Max RunDelay 0
-----------------------------------------------------
2019-07-22 13:12:14 GS-1 -----------------------------------------------------
---[Monster]: Max RunDelay: 281; Max RunCount 3202
---[Human]: Max RunDelay: 32; [Socket]: Max RunDelay: 16
---[App]: Min PerSecRun: 75; Max RunDelay 0
-----------------------------------------------------
2019-07-22 13:12:41 GS-1 07-22 13:12:41 User = 0 / 0
2019-07-22 13:17:15 GS-1 -----------------------------------------------------
---[Monster]: Max RunDelay: 438; Max RunCount 3202
---[Human]: Max RunDelay: 31; [Socket]: Max RunDelay: 16
---[App]: Min PerSecRun: 58; Max RunDelay 0
-----------------------------------------------------
2019-07-22 13:22:16 GS-1 -----------------------------------------------------
---[Monster]: Max RunDelay: 547; Max RunCount 3203
---[Human]: Max RunDelay: 31; [Socket]: Max RunDelay: 16
---[App]: Min PerSecRun: 49; Max RunDelay 0
-----------------------------------------------------
2019-07-22 13:22:41 GS-1 07-22 13:22:41 User = 0 / 0
2019-07-22 13:27:17 GS-1 -----------------------------------------------------
---[Monster]: Max RunDelay: 281; Max RunCount 3203
---[Human]: Max RunDelay: 15; [Socket]: Max RunDelay: 16
---[App]: Min PerSecRun: 74; Max RunDelay 0
-----------------------------------------------------
2019-07-22 13:32:18 GS-1 -----------------------------------------------------
---[Monster]: Max RunDelay: 282; Max RunCount 3203
---[Human]: Max RunDelay: 31; [Socket]: Max RunDelay: 16
---[App]: Min PerSecRun: 73; Max RunDelay 0
-----------------------------------------------------
2019-07-22 13:32:41 GS-1 07-22 13:32:41 User = 0 / 0
2019-07-22 13:32:42 GS-1 载入商城热销商品列表，共23个。
2019-07-22 13:32:42 GS-1 ==> 加载商城热销榜:5
2019-07-22 13:37:19 GS-1 -----------------------------------------------------
---[Monster]: Max RunDelay: 297; Max RunCount 3203
---[Human]: Max RunDelay: 15; [Socket]: Max RunDelay: 16
---[App]: Min PerSecRun: 75; Max RunDelay 0
-----------------------------------------------------
2019-07-22 13:42:20 GS-1 -----------------------------------------------------
---[Monster]: Max RunDelay: 297; Max RunCount 3153
---[Human]: Max RunDelay: 31; [Socket]: Max RunDelay: 16
---[App]: Min PerSecRun: 71; Max RunDelay 0
-----------------------------------------------------
2019-07-22 13:42:41 GS-1 07-22 13:42:41 User = 3 / 3
2019-07-22 13:47:22 GS-1 -----------------------------------------------------
---[Monster]: Max RunDelay: 390; Max RunCount 3203
---[Human]: Max RunDelay: 63; [Socket]: Max RunDelay: 16
---[App]: Min PerSecRun: 66; Max RunDelay 0
-----------------------------------------------------
2019-07-22 13:52:23 GS-1 -----------------------------------------------------
---[Monster]: Max RunDelay: 375; Max RunCount 3203
---[Human]: Max RunDelay: 109; [Socket]: Max RunDelay: 46
---[App]: Min PerSecRun: 67; Max RunDelay 32
-----------------------------------------------------
2019-07-22 13:52:42 GS-1 07-22 13:52:42 User = 5 / 5
2019-07-22 13:56:16 GS-1 [脚本(修炼圣地-3.pas)缺函数]: ForgeDiaYB
2019-07-22 13:56:16 GS-1 --ReInitializet-- 因为点击NPC失败，重新刷新NPC...
2019-07-22 13:57:24 GS-1 -----------------------------------------------------
---[Monster]: Max RunDelay: 375; Max RunCount 3203
---[Human]: Max RunDelay: 110; [Socket]: Max RunDelay: 47
---[App]: Min PerSecRun: 66; Max RunDelay 16
-----------------------------------------------------
2019-07-22 14:02:25 GS-1 -----------------------------------------------------
---[Monster]: Max RunDelay: 375; Max RunCount 3203
---[Human]: Max RunDelay: 125; [Socket]: Max RunDelay: 63
---[App]: Min PerSecRun: 69; Max RunDelay 0
-----------------------------------------------------
2019-07-22 14:02:43 GS-1 07-22 14:02:43 User = 5 / 5
2019-07-22 14:07:26 GS-1 -----------------------------------------------------
---[Monster]: Max RunDelay: 313; Max RunCount 3203
---[Human]: Max RunDelay: 78; [Socket]: Max RunDelay: 62
---[App]: Min PerSecRun: 71; Max RunDelay 0
-----------------------------------------------------
2019-07-22 14:12:27 GS-1 -----------------------------------------------------
---[Monster]: Max RunDelay: 328; Max RunCount 3203
---[Human]: Max RunDelay: 94; [Socket]: Max RunDelay: 62
---[App]: Min PerSecRun: 70; Max RunDelay 47
-----------------------------------------------------
2019-07-22 14:12:43 GS-1 07-22 14:12:43 User = 5 / 5
2019-07-22 14:17:27 GS-1 -----------------------------------------------------
---[Monster]: Max RunDelay: 391; Max RunCount 3203
---[Human]: Max RunDelay: 79; [Socket]: Max RunDelay: 63
---[App]: Min PerSecRun: 66; Max RunDelay 0
-----------------------------------------------------
2019-07-22 14:22:29 GS-1 -----------------------------------------------------
---[Monster]: Max RunDelay: 343; Max RunCount 3203
---[Human]: Max RunDelay: 94; [Socket]: Max RunDelay: 62
---[App]: Min PerSecRun: 64; Max RunDelay 0
-----------------------------------------------------
2019-07-22 14:22:44 GS-1 07-22 14:22:44 User = 4 / 4
2019-07-22 14:23:51 GS-1 [脚本(修炼圣地-3.pas)缺函数]: ForgeDiaYB
2019-07-22 14:23:51 GS-1 --ReInitializet-- 因为点击NPC失败，重新刷新NPC...
2019-07-22 14:27:30 GS-1 -----------------------------------------------------
---[Monster]: Max RunDelay: 312; Max RunCount 3203
---[Human]: Max RunDelay: 62; [Socket]: Max RunDelay: 47
---[App]: Min PerSecRun: 70; Max RunDelay 0
-----------------------------------------------------
2019-07-22 14:32:31 GS-1 -----------------------------------------------------
---[Monster]: Max RunDelay: 312; Max RunCount 3203
---[Human]: Max RunDelay: 31; [Socket]: Max RunDelay: 16
---[App]: Min PerSecRun: 72; Max RunDelay 0
-----------------------------------------------------
2019-07-22 14:32:43 GS-1 载入商城热销商品列表，共24个。
2019-07-22 14:32:43 GS-1 ==> 加载商城热销榜:5
2019-07-22 14:32:44 GS-1 07-22 14:32:44 User = 3 / 3
2019-07-22 14:37:32 GS-1 -----------------------------------------------------
---[Monster]: Max RunDelay: 313; Max RunCount 3203
---[Human]: Max RunDelay: 31; [Socket]: Max RunDelay: 16
---[App]: Min PerSecRun: 71; Max RunDelay 0
-----------------------------------------------------
2019-07-22 14:40:35 GS-1 [Error]: GameGate ServerSocketError, ErrorCode=10061
2019-07-22 14:42:33 GS-1 -----------------------------------------------------
---[Monster]: Max RunDelay: 281; Max RunCount 3205
---[Human]: Max RunDelay: 31; [Socket]: Max RunDelay: 16
---[App]: Min PerSecRun: 72; Max RunDelay 0
-----------------------------------------------------
2019-07-22 14:42:44 GS-1 07-22 14:42:44 User = 4 / 4
2019-07-22 14:47:34 GS-1 -----------------------------------------------------
---[Monster]: Max RunDelay: 375; Max RunCount 3152
---[Human]: Max RunDelay: 109; [Socket]: Max RunDelay: 31
---[App]: Min PerSecRun: 57; Max RunDelay 47
-----------------------------------------------------
2019-07-22 14:52:34 GS-1 -----------------------------------------------------
---[Monster]: Max RunDelay: 297; Max RunCount 3185
---[Human]: Max RunDelay: 63; [Socket]: Max RunDelay: 47
---[App]: Min PerSecRun: 72; Max RunDelay 0
-----------------------------------------------------
2019-07-22 14:52:45 GS-1 07-22 14:52:45 User = 3 / 3
2019-07-22 14:57:36 GS-1 -----------------------------------------------------
---[Monster]: Max RunDelay: 297; Max RunCount 3152
---[Human]: Max RunDelay: 78; [Socket]: Max RunDelay: 62
---[App]: Min PerSecRun: 71; Max RunDelay 0
-----------------------------------------------------
2019-07-22 15:02:37 GS-1 -----------------------------------------------------
---[Monster]: Max RunDelay: 297; Max RunCount 3164
---[Human]: Max RunDelay: 78; [Socket]: Max RunDelay: 47
---[App]: Min PerSecRun: 72; Max RunDelay 0
-----------------------------------------------------
2019-07-22 15:02:45 GS-1 07-22 15:02:45 User = 3 / 3
2019-07-22 15:07:37 GS-1 -----------------------------------------------------
---[Monster]: Max RunDelay: 297; Max RunCount 3234
---[Human]: Max RunDelay: 78; [Socket]: Max RunDelay: 32
---[App]: Min PerSecRun: 73; Max RunDelay 0
-----------------------------------------------------
2019-07-22 15:12:39 GS-1 -----------------------------------------------------
---[Monster]: Max RunDelay: 297; Max RunCount 3234
---[Human]: Max RunDelay: 78; [Socket]: Max RunDelay: 47
---[App]: Min PerSecRun: 74; Max RunDelay 0
-----------------------------------------------------
2019-07-22 15:12:46 GS-1 07-22 15:12:46 User = 3 / 3
2019-07-22 15:17:40 GS-1 -----------------------------------------------------
---[Monster]: Max RunDelay: 297; Max RunCount 3234
---[Human]: Max RunDelay: 78; [Socket]: Max RunDelay: 47
---[App]: Min PerSecRun: 74; Max RunDelay 0
-----------------------------------------------------
2019-07-22 15:22:40 GS-1 -----------------------------------------------------
---[Monster]: Max RunDelay: 297; Max RunCount 3234
---[Human]: Max RunDelay: 94; [Socket]: Max RunDelay: 47
---[App]: Min PerSecRun: 73; Max RunDelay 0
-----------------------------------------------------
2019-07-22 15:22:46 GS-1 07-22 15:22:46 User = 3 / 3
2019-07-22 15:27:42 GS-1 -----------------------------------------------------
---[Monster]: Max RunDelay: 313; Max RunCount 3234
---[Human]: Max RunDelay: 94; [Socket]: Max RunDelay: 47
---[App]: Min PerSecRun: 70; Max RunDelay 0
-----------------------------------------------------
2019-07-22 15:32:42 GS-1 -----------------------------------------------------
---[Monster]: Max RunDelay: 313; Max RunCount 3234
---[Human]: Max RunDelay: 94; [Socket]: Max RunDelay: 47
---[App]: Min PerSecRun: 72; Max RunDelay 0
-----------------------------------------------------
2019-07-22 15:32:43 GS-1 载入商城热销商品列表，共24个。
2019-07-22 15:32:43 GS-1 ==> 加载商城热销榜:5
2019-07-22 15:32:46 GS-1 07-22 15:32:46 User = 3 / 3
2019-07-22 15:33:53 GS-1 [脚本(修炼圣地-3.pas)缺函数]: ForgeDiaYB
2019-07-22 15:33:53 GS-1 --ReInitializet-- 因为点击NPC失败，重新刷新NPC...
2019-07-22 15:37:44 GS-1 -----------------------------------------------------
---[Monster]: Max RunDelay: 313; Max RunCount 3234
---[Human]: Max RunDelay: 94; [Socket]: Max RunDelay: 78
---[App]: Min PerSecRun: 70; Max RunDelay 0
-----------------------------------------------------
2019-07-22 15:42:45 GS-1 -----------------------------------------------------
---[Monster]: Max RunDelay: 344; Max RunCount 3234
---[Human]: Max RunDelay: 79; [Socket]: Max RunDelay: 63
---[App]: Min PerSecRun: 68; Max RunDelay 0
-----------------------------------------------------
2019-07-22 15:42:47 GS-1 07-22 15:42:47 User = 3 / 3
2019-07-22 15:47:46 GS-1 -----------------------------------------------------
---[Monster]: Max RunDelay: 391; Max RunCount 3234
---[Human]: Max RunDelay: 94; [Socket]: Max RunDelay: 62
---[App]: Min PerSecRun: 66; Max RunDelay 31
-----------------------------------------------------
2019-07-22 15:50:49 GS-1 [脚本(武器升级-GA0.pas)缺函数]: ForgeDiaYB
2019-07-22 15:50:49 GS-1 --ReInitializet-- 因为点击NPC失败，重新刷新NPC...
2019-07-22 15:50:55 GS-1 [脚本(武器升级-GA0.pas)缺函数]: ForgeDiaYB
2019-07-22 15:50:55 GS-1 --ReInitializet-- 因为点击NPC失败，重新刷新NPC...
2019-07-22 15:51:00 GS-1 [脚本(武器升级-GA0.pas)缺函数]: ForgeDiaYB
2019-07-22 15:51:00 GS-1 --ReInitializet-- 因为点击NPC失败，重新刷新NPC...
2019-07-22 15:51:05 GS-1 [脚本(武器升级-GA0.pas)缺函数]: ForgeDiaYB
2019-07-22 15:51:05 GS-1 --ReInitializet-- 因为点击NPC失败，重新刷新NPC...
2019-07-22 15:51:11 GS-1 [脚本(武器升级-GA0.pas)缺函数]: ForgeDiaYB
2019-07-22 15:51:11 GS-1 --ReInitializet-- 因为点击NPC失败，重新刷新NPC...
2019-07-22 15:51:16 GS-1 [脚本(武器升级-GA0.pas)缺函数]: ForgeDiaYB
2019-07-22 15:51:16 GS-1 --ReInitializet-- 因为点击NPC失败，重新刷新NPC...
2019-07-22 15:51:21 GS-1 [脚本(武器升级-GA0.pas)缺函数]: ForgeDiaYB
2019-07-22 15:51:21 GS-1 --ReInitializet-- 因为点击NPC失败，重新刷新NPC...
2019-07-22 15:51:26 GS-1 [脚本(武器升级-GA0.pas)缺函数]: ForgeDiaYB
2019-07-22 15:51:26 GS-1 --ReInitializet-- 因为点击NPC失败，重新刷新NPC...
2019-07-22 15:52:25 GS-1 [脚本(云游的鉴宝师-GA0.pas)缺函数]: ForgeDiaYB
2019-07-22 15:52:25 GS-1 --ReInitializet-- 因为点击NPC失败，重新刷新NPC...
2019-07-22 15:52:31 GS-1 [脚本(云游的鉴宝师-GA0.pas)缺函数]: ForgeDiaYB
2019-07-22 15:52:31 GS-1 --ReInitializet-- 因为点击NPC失败，重新刷新NPC...
2019-07-22 15:52:36 GS-1 [脚本(云游的鉴宝师-GA0.pas)缺函数]: ForgeDiaYB
2019-07-22 15:52:36 GS-1 --ReInitializet-- 因为点击NPC失败，重新刷新NPC...
2019-07-22 15:52:47 GS-1 -----------------------------------------------------
---[Monster]: Max RunDelay: 344; Max RunCount 3234
---[Human]: Max RunDelay: 78; [Socket]: Max RunDelay: 47
---[App]: Min PerSecRun: 69; Max RunDelay 0
-----------------------------------------------------
2019-07-22 15:52:47 GS-1 07-22 15:52:47 User = 2 / 2
2019-07-22 15:52:48 GS-1 [脚本(云游的鉴宝师-GA0.pas)缺函数]: ForgeDiaYB
2019-07-22 15:52:48 GS-1 --ReInitializet-- 因为点击NPC失败，重新刷新NPC...
2019-07-22 15:52:54 GS-1 [脚本(云游的鉴宝师-GA0.pas)缺函数]: ForgeDiaYB
2019-07-22 15:52:54 GS-1 --ReInitializet-- 因为点击NPC失败，重新刷新NPC...
2019-07-22 15:53:00 GS-1 [脚本(云游的鉴宝师-GA0.pas)缺函数]: ForgeDiaYB
2019-07-22 15:53:00 GS-1 --ReInitializet-- 因为点击NPC失败，重新刷新NPC...
2019-07-22 15:53:05 GS-1 [脚本(云游的鉴宝师-GA0.pas)缺函数]: ForgeDiaYB
2019-07-22 15:53:05 GS-1 --ReInitializet-- 因为点击NPC失败，重新刷新NPC...
2019-07-22 15:57:48 GS-1 -----------------------------------------------------
---[Monster]: Max RunDelay: 328; Max RunCount 3165
---[Human]: Max RunDelay: 78; [Socket]: Max RunDelay: 47
---[App]: Min PerSecRun: 71; Max RunDelay 0
-----------------------------------------------------
2019-07-22 16:02:47 GS-1 07-22 16:02:47 User = 1 / 1
2019-07-22 16:02:48 GS-1 -----------------------------------------------------
---[Monster]: Max RunDelay: 297; Max RunCount 3613
---[Human]: Max RunDelay: 63; [Socket]: Max RunDelay: 16
---[App]: Min PerSecRun: 72; Max RunDelay 0
-----------------------------------------------------
2019-07-22 16:07:49 GS-1 -----------------------------------------------------
---[Monster]: Max RunDelay: 282; Max RunCount 3734
---[Human]: Max RunDelay: 63; [Socket]: Max RunDelay: 16
---[App]: Min PerSecRun: 73; Max RunDelay 0
-----------------------------------------------------
2019-07-22 16:12:48 GS-1 07-22 16:12:48 User = 1 / 1
2019-07-22 16:12:51 GS-1 -----------------------------------------------------
---[Monster]: Max RunDelay: 297; Max RunCount 3854
---[Human]: Max RunDelay: 63; [Socket]: Max RunDelay: 16
---[App]: Min PerSecRun: 74; Max RunDelay 0
-----------------------------------------------------
2019-07-22 16:17:52 GS-1 -----------------------------------------------------
---[Monster]: Max RunDelay: 313; Max RunCount 3835
---[Human]: Max RunDelay: 78; [Socket]: Max RunDelay: 16
---[App]: Min PerSecRun: 73; Max RunDelay 0
-----------------------------------------------------
2019-07-22 16:22:49 GS-1 07-22 16:22:49 User = 1 / 1
2019-07-22 16:22:53 GS-1 -----------------------------------------------------
---[Monster]: Max RunDelay: 313; Max RunCount 4137
---[Human]: Max RunDelay: 63; [Socket]: Max RunDelay: 16
---[App]: Min PerSecRun: 73; Max RunDelay 0
-----------------------------------------------------
2019-07-22 16:27:53 GS-1 -----------------------------------------------------
---[Monster]: Max RunDelay: 282; Max RunCount 4235
---[Human]: Max RunDelay: 63; [Socket]: Max RunDelay: 16
---[App]: Min PerSecRun: 73; Max RunDelay 0
-----------------------------------------------------
2019-07-22 16:32:44 GS-1 载入商城热销商品列表，共24个。
2019-07-22 16:32:44 GS-1 ==> 加载商城热销榜:5
2019-07-22 16:32:49 GS-1 07-22 16:32:49 User = 1 / 1
2019-07-22 16:32:54 GS-1 -----------------------------------------------------
---[Monster]: Max RunDelay: 344; Max RunCount 4235
---[Human]: Max RunDelay: 79; [Socket]: Max RunDelay: 16
---[App]: Min PerSecRun: 64; Max RunDelay 0
-----------------------------------------------------
2019-07-22 16:37:56 GS-1 -----------------------------------------------------
---[Monster]: Max RunDelay: 282; Max RunCount 4235
---[Human]: Max RunDelay: 63; [Socket]: Max RunDelay: 16
---[App]: Min PerSecRun: 74; Max RunDelay 0
-----------------------------------------------------
2019-07-22 16:42:50 GS-1 07-22 16:42:50 User = 1 / 1
2019-07-22 16:42:57 GS-1 -----------------------------------------------------
---[Monster]: Max RunDelay: 359; Max RunCount 4235
---[Human]: Max RunDelay: 63; [Socket]: Max RunDelay: 16
---[App]: Min PerSecRun: 66; Max RunDelay 0
-----------------------------------------------------
2019-07-22 16:47:58 GS-1 -----------------------------------------------------
---[Monster]: Max RunDelay: 282; Max RunCount 4202
---[Human]: Max RunDelay: 79; [Socket]: Max RunDelay: 16
---[App]: Min PerSecRun: 74; Max RunDelay 0
-----------------------------------------------------
2019-07-22 16:52:51 GS-1 07-22 16:52:51 User = 1 / 1
2019-07-22 16:52:59 GS-1 -----------------------------------------------------
---[Monster]: Max RunDelay: 313; Max RunCount 4235
---[Human]: Max RunDelay: 78; [Socket]: Max RunDelay: 16
---[App]: Min PerSecRun: 73; Max RunDelay 0
-----------------------------------------------------
2019-07-22 16:58:00 GS-1 -----------------------------------------------------
---[Monster]: Max RunDelay: 297; Max RunCount 4235
---[Human]: Max RunDelay: 63; [Socket]: Max RunDelay: 16
---[App]: Min PerSecRun: 74; Max RunDelay 0
-----------------------------------------------------
2019-07-22 17:02:51 GS-1 07-22 17:02:51 User = 1 / 1
2019-07-22 17:03:01 GS-1 -----------------------------------------------------
---[Monster]: Max RunDelay: 313; Max RunCount 4235
---[Human]: Max RunDelay: 63; [Socket]: Max RunDelay: 16
---[App]: Min PerSecRun: 73; Max RunDelay 0
-----------------------------------------------------
2019-07-22 17:08:02 GS-1 -----------------------------------------------------
---[Monster]: Max RunDelay: 313; Max RunCount 4235
---[Human]: Max RunDelay: 63; [Socket]: Max RunDelay: 16
---[App]: Min PerSecRun: 74; Max RunDelay 0
-----------------------------------------------------
2019-07-22 17:12:52 GS-1 07-22 17:12:52 User = 1 / 1
2019-07-22 17:13:03 GS-1 -----------------------------------------------------
---[Monster]: Max RunDelay: 297; Max RunCount 4235
---[Human]: Max RunDelay: 78; [Socket]: Max RunDelay: 16
---[App]: Min PerSecRun: 75; Max RunDelay 0
-----------------------------------------------------
2019-07-22 17:18:04 GS-1 -----------------------------------------------------
---[Monster]: Max RunDelay: 282; Max RunCount 4202
---[Human]: Max RunDelay: 63; [Socket]: Max RunDelay: 16
---[App]: Min PerSecRun: 75; Max RunDelay 0
-----------------------------------------------------
2019-07-22 17:22:52 GS-1 07-22 17:22:52 User = 1 / 1
2019-07-22 17:23:04 GS-1 -----------------------------------------------------
---[Monster]: Max RunDelay: 313; Max RunCount 4235
---[Human]: Max RunDelay: 63; [Socket]: Max RunDelay: 16
---[App]: Min PerSecRun: 74; Max RunDelay 0
-----------------------------------------------------
2019-07-22 17:28:05 GS-1 -----------------------------------------------------
---[Monster]: Max RunDelay: 297; Max RunCount 4235
---[Human]: Max RunDelay: 94; [Socket]: Max RunDelay: 16
---[App]: Min PerSecRun: 73; Max RunDelay 0
-----------------------------------------------------
2019-07-22 17:32:45 GS-1 载入商城热销商品列表，共24个。
2019-07-22 17:32:45 GS-1 ==> 加载商城热销榜:5
2019-07-22 17:32:54 GS-1 07-22 17:32:54 User = 1 / 1
2019-07-22 17:33:07 GS-1 -----------------------------------------------------
---[Monster]: Max RunDelay: 313; Max RunCount 4202
---[Human]: Max RunDelay: 63; [Socket]: Max RunDelay: 16
---[App]: Min PerSecRun: 73; Max RunDelay 0
-----------------------------------------------------
2019-07-22 17:38:08 GS-1 -----------------------------------------------------
---[Monster]: Max RunDelay: 297; Max RunCount 4235
---[Human]: Max RunDelay: 63; [Socket]: Max RunDelay: 32
---[App]: Min PerSecRun: 74; Max RunDelay 0
-----------------------------------------------------
2019-07-22 17:42:54 GS-1 07-22 17:42:54 User = 1 / 1
2019-07-22 17:43:09 GS-1 -----------------------------------------------------
---[Monster]: Max RunDelay: 297; Max RunCount 4235
---[Human]: Max RunDelay: 63; [Socket]: Max RunDelay: 16
---[App]: Min PerSecRun: 73; Max RunDelay 0
-----------------------------------------------------
2019-07-22 17:48:10 GS-1 -----------------------------------------------------
---[Monster]: Max RunDelay: 297; Max RunCount 4236
---[Human]: Max RunDelay: 63; [Socket]: Max RunDelay: 16
---[App]: Min PerSecRun: 73; Max RunDelay 0
-----------------------------------------------------
2019-07-22 17:52:54 GS-1 07-22 17:52:54 User = 0 / 0
2019-07-22 17:53:11 GS-1 -----------------------------------------------------
---[Monster]: Max RunDelay: 297; Max RunCount 4203
---[Human]: Max RunDelay: 63; [Socket]: Max RunDelay: 16
---[App]: Min PerSecRun: 74; Max RunDelay 0
-----------------------------------------------------
2019-07-22 17:58:12 GS-1 -----------------------------------------------------
---[Monster]: Max RunDelay: 296; Max RunCount 3853
---[Human]: Max RunDelay: 31; [Socket]: Max RunDelay: 15
---[App]: Min PerSecRun: 74; Max RunDelay 0
-----------------------------------------------------
2019-07-22 18:02:55 GS-1 07-22 18:02:55 User = 0 / 0
2019-07-22 18:03:13 GS-1 -----------------------------------------------------
---[Monster]: Max RunDelay: 281; Max RunCount 3776
---[Human]: Max RunDelay: 31; [Socket]: Max RunDelay: 15
---[App]: Min PerSecRun: 73; Max RunDelay 0
-----------------------------------------------------
2019-07-22 18:08:14 GS-1 -----------------------------------------------------
---[Monster]: Max RunDelay: 297; Max RunCount 4075
---[Human]: Max RunDelay: 32; [Socket]: Max RunDelay: 15
---[App]: Min PerSecRun: 73; Max RunDelay 0
-----------------------------------------------------
2019-07-22 18:12:55 GS-1 07-22 18:12:55 User = 0 / 0
2019-07-22 18:13:15 GS-1 -----------------------------------------------------
---[Monster]: Max RunDelay: 297; Max RunCount 3997
---[Human]: Max RunDelay: 47; [Socket]: Max RunDelay: 15
---[App]: Min PerSecRun: 71; Max RunDelay 0
-----------------------------------------------------
2019-07-22 18:18:16 GS-1 -----------------------------------------------------
---[Monster]: Max RunDelay: 437; Max RunCount 3857
---[Human]: Max RunDelay: 47; [Socket]: Max RunDelay: 16
---[App]: Min PerSecRun: 64; Max RunDelay 0
-----------------------------------------------------
2019-07-22 18:22:55 GS-1 07-22 18:22:55 User = 0 / 0
2019-07-22 18:23:17 GS-1 -----------------------------------------------------
---[Monster]: Max RunDelay: 312; Max RunCount 3824
---[Human]: Max RunDelay: 31; [Socket]: Max RunDelay: 16
---[App]: Min PerSecRun: 71; Max RunDelay 0
-----------------------------------------------------
2019-07-22 18:28:18 GS-1 -----------------------------------------------------
---[Monster]: Max RunDelay: 266; Max RunCount 3759
---[Human]: Max RunDelay: 63; [Socket]: Max RunDelay: 16
---[App]: Min PerSecRun: 72; Max RunDelay 0
-----------------------------------------------------
2019-07-22 18:32:46 GS-1 载入商城热销商品列表，共24个。
2019-07-22 18:32:46 GS-1 ==> 加载商城热销榜:5
2019-07-22 18:32:55 GS-1 07-22 18:32:55 User = 0 / 0
2019-07-22 18:33:19 GS-1 -----------------------------------------------------
---[Monster]: Max RunDelay: 266; Max RunCount 3793
---[Human]: Max RunDelay: 31; [Socket]: Max RunDelay: 16
---[App]: Min PerSecRun: 73; Max RunDelay 0
-----------------------------------------------------
2019-07-22 18:38:20 GS-1 -----------------------------------------------------
---[Monster]: Max RunDelay: 281; Max RunCount 3788
---[Human]: Max RunDelay: 31; [Socket]: Max RunDelay: 15
---[App]: Min PerSecRun: 74; Max RunDelay 0
-----------------------------------------------------
2019-07-22 18:42:55 GS-1 07-22 18:42:55 User = 0 / 0
2019-07-22 18:43:21 GS-1 -----------------------------------------------------
---[Monster]: Max RunDelay: 266; Max RunCount 3713
---[Human]: Max RunDelay: 16; [Socket]: Max RunDelay: 16
---[App]: Min PerSecRun: 75; Max RunDelay 0
-----------------------------------------------------
2019-07-22 18:48:22 GS-1 -----------------------------------------------------
---[Monster]: Max RunDelay: 485; Max RunCount 3877
---[Human]: Max RunDelay: 47; [Socket]: Max RunDelay: 16
---[App]: Min PerSecRun: 56; Max RunDelay 0
-----------------------------------------------------
2019-07-22 18:49:14 GS-1 [Error]: GameGate ServerSocketError, ErrorCode=10061
2019-07-22 18:52:55 GS-1 07-22 18:52:55 User = 0 / 0
2019-07-22 18:53:23 GS-1 -----------------------------------------------------
---[Monster]: Max RunDelay: 312; Max RunCount 3877
---[Human]: Max RunDelay: 15; [Socket]: Max RunDelay: 16
---[App]: Min PerSecRun: 74; Max RunDelay 0
-----------------------------------------------------
2019-07-22 18:58:24 GS-1 -----------------------------------------------------
---[Monster]: Max RunDelay: 282; Max RunCount 3877
---[Human]: Max RunDelay: 31; [Socket]: Max RunDelay: 16
---[App]: Min PerSecRun: 72; Max RunDelay 0
-----------------------------------------------------
2019-07-22 19:02:55 GS-1 07-22 19:02:55 User = 0 / 0
2019-07-22 19:03:25 GS-1 -----------------------------------------------------
---[Monster]: Max RunDelay: 266; Max RunCount 3789
---[Human]: Max RunDelay: 15; [Socket]: Max RunDelay: 16
---[App]: Min PerSecRun: 73; Max RunDelay 0
-----------------------------------------------------
2019-07-22 19:08:26 GS-1 -----------------------------------------------------
---[Monster]: Max RunDelay: 282; Max RunCount 3673
---[Human]: Max RunDelay: 31; [Socket]: Max RunDelay: 16
---[App]: Min PerSecRun: 73; Max RunDelay 0
-----------------------------------------------------
2019-07-22 19:12:55 GS-1 07-22 19:12:55 User = 0 / 0
2019-07-22 19:13:27 GS-1 -----------------------------------------------------
---[Monster]: Max RunDelay: 266; Max RunCount 3824
---[Human]: Max RunDelay: 31; [Socket]: Max RunDelay: 16
---[App]: Min PerSecRun: 73; Max RunDelay 0
-----------------------------------------------------
2019-07-22 19:18:28 GS-1 -----------------------------------------------------
---[Monster]: Max RunDelay: 422; Max RunCount 3705
---[Human]: Max RunDelay: 31; [Socket]: Max RunDelay: 16
---[App]: Min PerSecRun: 59; Max RunDelay 0
-----------------------------------------------------
2019-07-22 19:22:55 GS-1 07-22 19:22:55 User = 0 / 0
2019-07-22 19:23:29 GS-1 -----------------------------------------------------
---[Monster]: Max RunDelay: 281; Max RunCount 3738
---[Human]: Max RunDelay: 16; [Socket]: Max RunDelay: 16
---[App]: Min PerSecRun: 73; Max RunDelay 0
-----------------------------------------------------
2019-07-22 19:28:30 GS-1 -----------------------------------------------------
---[Monster]: Max RunDelay: 281; Max RunCount 3577
---[Human]: Max RunDelay: 16; [Socket]: Max RunDelay: 16
---[App]: Min PerSecRun: 73; Max RunDelay 0
-----------------------------------------------------
2019-07-22 19:32:46 GS-1 载入商城热销商品列表，共24个。
2019-07-22 19:32:46 GS-1 ==> 加载商城热销榜:5
2019-07-22 19:32:55 GS-1 07-22 19:32:55 User = 0 / 0
2019-07-22 19:33:31 GS-1 -----------------------------------------------------
---[Monster]: Max RunDelay: 312; Max RunCount 3613
---[Human]: Max RunDelay: 78; [Socket]: Max RunDelay: 16
---[App]: Min PerSecRun: 73; Max RunDelay 0
-----------------------------------------------------
2019-07-22 19:38:32 GS-1 -----------------------------------------------------
---[Monster]: Max RunDelay: 328; Max RunCount 4073
---[Human]: Max RunDelay: 15; [Socket]: Max RunDelay: 16
---[App]: Min PerSecRun: 71; Max RunDelay 0
-----------------------------------------------------
2019-07-22 19:42:56 GS-1 07-22 19:42:56 User = 0 / 0
2019-07-22 19:43:32 GS-1 -----------------------------------------------------
---[Monster]: Max RunDelay: 4812; Max RunCount 4213
---[Human]: Max RunDelay: 4515; [Socket]: Max RunDelay: 78
---[App]: Min PerSecRun: 13; Max RunDelay 0
-----------------------------------------------------
2019-07-22 19:48:33 GS-1 -----------------------------------------------------
---[Monster]: Max RunDelay: 343; Max RunCount 4250
---[Human]: Max RunDelay: 31; [Socket]: Max RunDelay: 16
---[App]: Min PerSecRun: 63; Max RunDelay 16
-----------------------------------------------------
2019-07-22 19:52:56 GS-1 07-22 19:52:56 User = 1 / 1
2019-07-22 19:53:34 GS-1 -----------------------------------------------------
---[Monster]: Max RunDelay: 328; Max RunCount 4230
---[Human]: Max RunDelay: 62; [Socket]: Max RunDelay: 16
---[App]: Min PerSecRun: 71; Max RunDelay 0
-----------------------------------------------------
2019-07-22 19:58:34 GS-1 -----------------------------------------------------
---[Monster]: Max RunDelay: 343; Max RunCount 4236
---[Human]: Max RunDelay: 31; [Socket]: Max RunDelay: 16
---[App]: Min PerSecRun: 66; Max RunDelay 0
-----------------------------------------------------
2019-07-22 20:02:56 GS-1 07-22 20:02:56 User = 1 / 1
2019-07-22 20:03:35 GS-1 -----------------------------------------------------
---[Monster]: Max RunDelay: 390; Max RunCount 4256
---[Human]: Max RunDelay: 62; [Socket]: Max RunDelay: 16
---[App]: Min PerSecRun: 60; Max RunDelay 0
-----------------------------------------------------
2019-07-22 20:08:36 GS-1 -----------------------------------------------------
---[Monster]: Max RunDelay: 313; Max RunCount 4216
---[Human]: Max RunDelay: 32; [Socket]: Max RunDelay: 16
---[App]: Min PerSecRun: 72; Max RunDelay 0
-----------------------------------------------------
2019-07-22 20:12:56 GS-1 07-22 20:12:56 User = 2 / 2
2019-07-22 20:13:37 GS-1 -----------------------------------------------------
---[Monster]: Max RunDelay: 375; Max RunCount 3873
---[Human]: Max RunDelay: 32; [Socket]: Max RunDelay: 15
---[App]: Min PerSecRun: 65; Max RunDelay 0
-----------------------------------------------------
2019-07-22 20:18:38 GS-1 -----------------------------------------------------
---[Monster]: Max RunDelay: 406; Max RunCount 4100
---[Human]: Max RunDelay: 32; [Socket]: Max RunDelay: 16
---[App]: Min PerSecRun: 61; Max RunDelay 0
-----------------------------------------------------
2019-07-22 20:22:56 GS-1 07-22 20:22:56 User = 1 / 1
2019-07-22 20:23:39 GS-1 -----------------------------------------------------
---[Monster]: Max RunDelay: 297; Max RunCount 3773
---[Human]: Max RunDelay: 31; [Socket]: Max RunDelay: 15
---[App]: Min PerSecRun: 72; Max RunDelay 0
-----------------------------------------------------
2019-07-22 20:28:40 GS-1 -----------------------------------------------------
---[Monster]: Max RunDelay: 282; Max RunCount 4055
---[Human]: Max RunDelay: 47; [Socket]: Max RunDelay: 15
---[App]: Min PerSecRun: 72; Max RunDelay 0
-----------------------------------------------------
2019-07-22 20:32:47 GS-1 载入商城热销商品列表，共24个。
2019-07-22 20:32:47 GS-1 ==> 加载商城热销榜:5
2019-07-22 20:32:56 GS-1 07-22 20:32:56 User = 1 / 1
2019-07-22 20:33:41 GS-1 -----------------------------------------------------
---[Monster]: Max RunDelay: 360; Max RunCount 4055
---[Human]: Max RunDelay: 31; [Socket]: Max RunDelay: 16
---[App]: Min PerSecRun: 65; Max RunDelay 0
-----------------------------------------------------
2019-07-22 20:38:41 GS-1 -----------------------------------------------------
---[Monster]: Max RunDelay: 625; Max RunCount 4222
---[Human]: Max RunDelay: 312; [Socket]: Max RunDelay: 47
---[App]: Min PerSecRun: 55; Max RunDelay 0
-----------------------------------------------------
2019-07-22 20:42:56 GS-1 07-22 20:42:56 User = 1 / 1
2019-07-22 20:43:43 GS-1 -----------------------------------------------------
---[Monster]: Max RunDelay: 2281; Max RunCount 4200
---[Human]: Max RunDelay: 2062; [Socket]: Max RunDelay: 16
---[App]: Min PerSecRun: 55; Max RunDelay 0
-----------------------------------------------------
2019-07-22 20:48:44 GS-1 -----------------------------------------------------
---[Monster]: Max RunDelay: 391; Max RunCount 4235
---[Human]: Max RunDelay: 31; [Socket]: Max RunDelay: 16
---[App]: Min PerSecRun: 63; Max RunDelay 0
-----------------------------------------------------
2019-07-22 20:52:56 GS-1 07-22 20:52:56 User = 1 / 1
2019-07-22 20:53:45 GS-1 -----------------------------------------------------
---[Monster]: Max RunDelay: 328; Max RunCount 4223
---[Human]: Max RunDelay: 47; [Socket]: Max RunDelay: 16
---[App]: Min PerSecRun: 69; Max RunDelay 0
-----------------------------------------------------
2019-07-22 20:58:46 GS-1 -----------------------------------------------------
---[Monster]: Max RunDelay: 313; Max RunCount 3783
---[Human]: Max RunDelay: 47; [Socket]: Max RunDelay: 31
---[App]: Min PerSecRun: 71; Max RunDelay 0
-----------------------------------------------------
2019-07-22 21:02:56 GS-1 07-22 21:02:56 User = 2 / 2
2019-07-22 21:03:47 GS-1 -----------------------------------------------------
---[Monster]: Max RunDelay: 719; Max RunCount 4181
---[Human]: Max RunDelay: 47; [Socket]: Max RunDelay: 16
---[App]: Min PerSecRun: 39; Max RunDelay 0
-----------------------------------------------------
2019-07-22 21:08:48 GS-1 -----------------------------------------------------
---[Monster]: Max RunDelay: 297; Max RunCount 4166
---[Human]: Max RunDelay: 47; [Socket]: Max RunDelay: 31
---[App]: Min PerSecRun: 70; Max RunDelay 0
-----------------------------------------------------
2019-07-22 21:12:56 GS-1 07-22 21:12:56 User = 2 / 2
2019-07-22 21:13:49 GS-1 -----------------------------------------------------
---[Monster]: Max RunDelay: 297; Max RunCount 4224
---[Human]: Max RunDelay: 63; [Socket]: Max RunDelay: 16
---[App]: Min PerSecRun: 71; Max RunDelay 0
-----------------------------------------------------
2019-07-22 21:18:50 GS-1 -----------------------------------------------------
---[Monster]: Max RunDelay: 422; Max RunCount 4097
---[Human]: Max RunDelay: 32; [Socket]: Max RunDelay: 31
---[App]: Min PerSecRun: 64; Max RunDelay 0
-----------------------------------------------------
2019-07-22 21:22:55 GS-1 07-22 21:22:55 User = 3 / 3
2019-07-22 21:23:51 GS-1 -----------------------------------------------------
---[Monster]: Max RunDelay: 547; Max RunCount 4180
---[Human]: Max RunDelay: 282; [Socket]: Max RunDelay: 46
---[App]: Min PerSecRun: 71; Max RunDelay 16
-----------------------------------------------------
2019-07-22 21:28:52 GS-1 -----------------------------------------------------
---[Monster]: Max RunDelay: 1625; Max RunCount 4258
---[Human]: Max RunDelay: 922; [Socket]: Max RunDelay: 47
---[App]: Min PerSecRun: 15; Max RunDelay 0
-----------------------------------------------------
2019-07-22 21:32:47 GS-1 载入商城热销商品列表，共24个。
2019-07-22 21:32:47 GS-1 ==> 加载商城热销榜:5
2019-07-22 21:32:57 GS-1 07-22 21:32:57 User = 4 / 4
2019-07-22 21:33:53 GS-1 -----------------------------------------------------
---[Monster]: Max RunDelay: 391; Max RunCount 4180
---[Human]: Max RunDelay: 125; [Socket]: Max RunDelay: 47
---[App]: Min PerSecRun: 69; Max RunDelay 0
-----------------------------------------------------
2019-07-22 21:38:08 GS-1 开始大刷NPC
2019-07-22 21:38:08 GS-1 战士补偿-3.pas[Error] (64:1): 'BEGIN' expected
2019-07-22 21:38:18 GS-1 战士补偿-3.pas[Error] (64:1): 'BEGIN' expected
2019-07-22 21:38:18 GS-1 --ReInitializet-- 因为点击NPC失败，重新刷新NPC...
2019-07-22 21:38:20 GS-1 战士补偿-3.pas[Error] (64:1): 'BEGIN' expected
2019-07-22 21:38:20 GS-1 --ReInitializet-- 因为点击NPC失败，重新刷新NPC...
2019-07-22 21:38:20 GS-1 战士补偿-3.pas[Error] (64:1): 'BEGIN' expected
2019-07-22 21:38:20 GS-1 --ReInitializet-- 因为点击NPC失败，重新刷新NPC...
2019-07-22 21:38:21 GS-1 战士补偿-3.pas[Error] (64:1): 'BEGIN' expected
2019-07-22 21:38:21 GS-1 --ReInitializet-- 因为点击NPC失败，重新刷新NPC...
2019-07-22 21:38:21 GS-1 战士补偿-3.pas[Error] (64:1): 'BEGIN' expected
2019-07-22 21:38:21 GS-1 --ReInitializet-- 因为点击NPC失败，重新刷新NPC...
2019-07-22 21:38:53 GS-1 -----------------------------------------------------
---[Monster]: Max RunDelay: 3859; Max RunCount 4258
---[Human]: Max RunDelay: 1078; [Socket]: Max RunDelay: 203
---[App]: Min PerSecRun: 38; Max RunDelay 109
-----------------------------------------------------
2019-07-22 21:38:54 GS-1 开始大刷NPC
2019-07-22 21:39:06 GS-1 [脚本(修炼圣地-3.pas)缺函数]: ForgeDiaYB
2019-07-22 21:39:06 GS-1 --ReInitializet-- 因为点击NPC失败，重新刷新NPC...
2019-07-22 21:42:57 GS-1 07-22 21:42:57 User = 4 / 4
2019-07-22 21:43:55 GS-1 -----------------------------------------------------
---[Monster]: Max RunDelay: 1203; Max RunCount 4258
---[Human]: Max RunDelay: 656; [Socket]: Max RunDelay: 219
---[App]: Min PerSecRun: 20; Max RunDelay 0
-----------------------------------------------------
2019-07-22 21:48:56 GS-1 -----------------------------------------------------
---[Monster]: Max RunDelay: 1719; Max RunCount 4225
---[Human]: Max RunDelay: 1672; [Socket]: Max RunDelay: 281
---[App]: Min PerSecRun: 12; Max RunDelay 0
-----------------------------------------------------
2019-07-22 21:52:58 GS-1 07-22 21:52:58 User = 4 / 4
2019-07-22 21:53:55 GS-1 -----------------------------------------------------
---[Monster]: Max RunDelay: 438; Max RunCount 4068
---[Human]: Max RunDelay: 172; [Socket]: Max RunDelay: 16
---[App]: Min PerSecRun: 50; Max RunDelay 0
-----------------------------------------------------
2019-07-22 21:58:57 GS-1 -----------------------------------------------------
---[Monster]: Max RunDelay: 469; Max RunCount 4258
---[Human]: Max RunDelay: 219; [Socket]: Max RunDelay: 31
---[App]: Min PerSecRun: 53; Max RunDelay 0
-----------------------------------------------------
2019-07-22 22:02:57 GS-1 07-22 22:02:57 User = 4 / 4
2019-07-22 22:03:57 GS-1 -----------------------------------------------------
---[Monster]: Max RunDelay: 313; Max RunCount 4271
---[Human]: Max RunDelay: 63; [Socket]: Max RunDelay: 47
---[App]: Min PerSecRun: 71; Max RunDelay 0
-----------------------------------------------------
2019-07-22 22:04:42 GS-1 开始大刷NPC
2019-07-22 22:08:59 GS-1 -----------------------------------------------------
---[Monster]: Max RunDelay: 828; Max RunCount 4285
---[Human]: Max RunDelay: 453; [Socket]: Max RunDelay: 78
---[App]: Min PerSecRun: 35; Max RunDelay 0
-----------------------------------------------------
2019-07-22 22:12:58 GS-1 07-22 22:12:58 User = 4 / 4
2019-07-22 22:14:00 GS-1 -----------------------------------------------------
---[Monster]: Max RunDelay: 1047; Max RunCount 4276
---[Human]: Max RunDelay: 437; [Socket]: Max RunDelay: 78
---[App]: Min PerSecRun: 22; Max RunDelay 0
-----------------------------------------------------
2019-07-22 22:19:01 GS-1 -----------------------------------------------------
---[Monster]: Max RunDelay: 2656; Max RunCount 4244
---[Human]: Max RunDelay: 2079; [Socket]: Max RunDelay: 31
---[App]: Min PerSecRun: 26; Max RunDelay 0
-----------------------------------------------------
2019-07-22 22:22:59 GS-1 07-22 22:22:59 User = 4 / 4
2019-07-22 22:24:02 GS-1 -----------------------------------------------------
---[Monster]: Max RunDelay: 922; Max RunCount 4248
---[Human]: Max RunDelay: 484; [Socket]: Max RunDelay: 203
---[App]: Min PerSecRun: 21; Max RunDelay 16
-----------------------------------------------------
2019-07-22 22:25:37 GS-1 22:25:38 Gate 1 (129.28.198.181) 关闭
2019-07-22 22:25:37 GS-1 [Warning]: 与DB 服务器断开连接....
2019-07-22 22:25:43 GS-1 释放--魔龙冰晶升级对象--结束
2019-07-22 22:25:43 GS-1 释放--天赐宝箱1--结束
2019-07-22 22:25:43 GS-1 释放--天赐宝箱2--结束
2019-07-22 22:25:43 GS-1 释放--一点充--结束
2019-07-22 22:25:43 GS-1 释放--事件管理对象--结束
2019-07-22 22:25:43 GS-1 释放--任务管理对象--结束
2019-07-22 22:25:44 GS-1 释放--升级提醒管理对象--结束
2019-07-22 22:25:44 GS-1 释放--GDMsg管理对象--结束
2019-07-22 22:25:44 GS-1 释放--跨地图寻路管理对象--结束
2019-07-22 22:25:44 GS-1 释放--沙巴克管理对象--结束
2019-07-22 22:25:44 GS-1 释放--中央活动服务器客户端--结束
2019-07-22 22:25:44 GS-1 释放--乾坤包--结束
2019-07-22 22:25:44 GS-1 正在清除模块-卧龙英雄管理-的配置表d:\Mud2.0\Mir200\Share\EngineConfig\卧龙英雄管理\Fortress-HERO1.txt
2019-07-22 22:25:44 GS-1 正在清除模块-卧龙英雄管理-的配置表d:\Mud2.0\Mir200\Share\EngineConfig\卧龙英雄管理\Fortress.txt
2019-07-22 22:25:44 GS-1 正在清除模块-游戏元素点阵管理-的配置表d:\Mud2.0\Mir200\Share\EngineConfig\游戏元素点阵管理\GMActEvent.txt
2019-07-22 22:25:44 GS-1 正在清除模块-信用分管理-的配置表d:\Mud2.0\Mir200\Share\EngineConfig\信用分管理\PlayerActivePoint.xml
2019-07-22 22:25:44 GS-1 正在清除模块-信用分管理-的配置表d:\Mud2.0\Mir200\Share\EngineConfig\信用分管理\MapActivePoint.xml
2019-07-22 22:25:44 GS-1 正在清除模块-摆摊交易-的配置表d:\Mud2.0\Mir200\Share\EngineConfig\摆摊交易\摊位基础设置.ini
2019-07-22 22:25:44 GS-1 正在清除模块-元宝商城管理-的配置表d:\Mud2.0\Mir200\Share\EngineConfig\元宝商城管理\YBGoods.sql
2019-07-22 22:25:44 GS-1 正在清除模块-小助手管理-的配置表d:\Mud2.0\Mir200\Share\EngineConfig\小助手管理\小助手.txt
2019-07-22 22:25:44 GS-1 正在清除模块-静态地图管理-的配置表d:\Mud2.0\Mir200\Share\EngineConfig\静态地图管理\MapDropLimitBagItems.xml
2019-07-22 22:25:56 GS-1 正在清除模块-装备合成管理-的配置表d:\Mud2.0\Mir200\Share\EngineConfig\装备合成管理\StrengthenEquip.xml
2019-07-22 22:26:02 GS-1 正在清除模块-藏宝图管理-的配置表d:\Mud2.0\Mir200\Share\EngineConfig\藏宝图管理\修复藏宝图.txt
2019-07-22 22:26:02 GS-1 正在清除模块-藏宝图管理-的配置表d:\Mud2.0\Mir200\Share\EngineConfig\藏宝图管理\魔龙藏宝图合成装备.txt
2019-07-22 22:26:02 GS-1 正在清除模块-衣服升级管理-的配置表d:\Mud2.0\Mir200\Share\EngineConfig\衣服升级管理\UpdateClothes.xml
2019-07-22 22:26:02 GS-1 正在清除模块-道具管理-的配置表d:\Mud2.0\Mir200\Share\EngineConfig\道具管理\宝石配置.txt
2019-07-22 22:26:02 GS-1 正在清除模块-世界暴率管理-的配置表d:\Mud2.0\Mir200\Share\EngineConfig\世界暴率管理\世界爆率文件1.txt
2019-07-22 22:26:02 GS-1 释放--跨GS消息管理对象--结束
2019-07-22 22:26:02 GS-1 释放--gate管理对象--结束
2019-07-22 22:26:02 GS-1 释放--魔法管理对象--结束
2019-07-22 22:26:02 GS-1 释放--套装管理对象--结束
2019-07-22 22:26:02 GS-1 释放--新暴率管理对象--结束
2019-07-22 22:26:02 GS-1 释放--角色信息初始化管理对象--结束
2019-07-22 22:26:02 GS-1 释放--GS本地日志--结束
2019-07-22 22:26:02 GS-1 释放--DBEngn对象--结束
2019-07-22 22:26:02 GS-1 释放--任务列表--结束
2019-07-22 22:26:02 GS-1 释放--buffer管理类--结束
2019-07-22 22:26:02 GS-1 释放--排行榜--结束
2019-07-22 22:26:02 GS-1 释放--免费回收--结束
2019-07-22 22:26:02 GS-1 释放--mysql对象--结束
2019-07-22 22:26:02 GS-1 ================ 服务停止 ==============
