2019-08-31 23:00:26 GS-1 -----------------------------------------------------
---[Monster]: Max RunDelay: 0; Max RunCount 0
---[Human]: Max RunDelay: 0; [Socket]: Max RunDelay: 0
---[App]: Min PerSecRun: 100; Max RunDelay 0
-----------------------------------------------------
2019-08-31 23:00:26 GS-1 ================ 服务启动 ==============
2019-08-31 23:00:26 GS-1 TPlayerBody Size - 1616
2019-08-31 23:00:26 GS-1 TPlayerDB Size - 61608
2019-08-31 23:00:26 GS-1 ======== 连接MySQL成功 =======
2019-08-31 23:00:26 GS-1 *** ***Gamelog 的下次清理时间为 : 09月07日03时*** ***
2019-08-31 23:00:26 GS-1 ==加载GM指令定义完成==
2019-08-31 23:00:26 GS-1 与 DB 服务器连接成功
2019-08-31 23:00:26 GS-1 [Error]: 火龙珠奖励配置错误！
2019-08-31 23:00:26 GS-1 [Error]: 抽取概率错误:赤金天赐->宝箱1:概率7
2019-08-31 23:00:26 GS-1 [Error]: 抽取概率错误:白银天赐->宝箱1:概率7
2019-08-31 23:00:26 GS-1 [Error]: 抽取概率错误:紫铜天赐->宝箱1:概率7
2019-08-31 23:00:26 GS-1 [Error]: 抽取概率错误:神秘天赐->宝箱1:概率7
2019-08-31 23:00:26 GS-1 [Error]: 抽取概率错误:檀木天赐->宝箱1:概率7
2019-08-31 23:00:26 GS-1 [Error]: 抽取概率错误:宝藏天赐 ->宝箱1:概率7
2019-08-31 23:00:26 GS-1 [Error]: StdItems 不存在的天赐：新年天赐
2019-08-31 23:00:26 GS-1 [Error]: StdItems 不存在的钥匙：新年钥匙
2019-08-31 23:00:26 GS-1 [Error]: StdItems 不存在的钥匙：春节钥匙
2019-08-31 23:00:26 GS-1 [Error]: StdItems 不存在的钥匙：节日钥匙
2019-08-31 23:00:26 GS-1 [Error]: StdItems 不存在的天赐：感恩天赐
2019-08-31 23:00:26 GS-1 [Error]: StdItems 不存在的钥匙：感恩钥匙
2019-08-31 23:00:26 GS-1 系统参数初始化完毕
2019-08-31 23:00:26 GS-1 准备加载NPC，共523个
2019-08-31 23:00:26 GS-1 [加载DB未知道具]: d:\Mud2.0\Mir200\Envir\PsNpcScripts\封魔谷学者-b343.pas - "中秋月饼"
2019-08-31 23:00:26 GS-1 已加载d:\Mud2.0\Mir200\Share\EngineConfig\系统信息管理\RollMsg.txt！
2019-08-31 23:00:26 GS-1 已加载d:\Mud2.0\Mir200\Share\EngineConfig\系统信息管理\掉落物品提示.txt！
2019-08-31 23:00:26 GS-1 已加载d:\Mud2.0\Mir200\Share\EngineConfig\卧龙英雄管理\Fortress.txt！
2019-08-31 23:00:26 GS-1 已加载d:\Mud2.0\Mir200\Share\EngineConfig\游戏元素点阵管理\GMActEvent.txt！
2019-08-31 23:00:26 GS-1    加载邮件信息成功,加载14个玩家的邮件。
2019-08-31 23:00:26 GS-1    加载邮件信息成功,加载49个玩家的邮件。
2019-08-31 23:00:26 GS-1 已加载d:\Mud2.0\Mir200\Share\EngineConfig\摆摊交易\摊位基础设置.ini！
2019-08-31 23:00:26 GS-1 刷新摊位过期将在2:55执行！
2019-08-31 23:00:26 GS-1   加载Stall成功，共加载摊位2个
2019-08-31 23:00:26 GS-1 [Information]: 寄售表创建成功!
2019-08-31 23:00:26 GS-1 [Information]: 寄售历史表创建成功!
2019-08-31 23:00:26 GS-1 [Information]: 更新超时订单成功!
2019-08-31 23:00:26 GS-1 已加载刷新商城时间：00:00:00.
2019-08-31 23:00:26 GS-1 已加载刷新商城时间：06:00:00.
2019-08-31 23:00:26 GS-1 已加载刷新商城时间：12:00:00.
2019-08-31 23:00:26 GS-1 载入商城物品列表，共5个类别，40种商品
2019-08-31 23:00:26 GS-1 ==> 加载商城物品 装饰类：11/11
2019-08-31 23:00:26 GS-1 ==> 加载商城物品 补给类：5/5
2019-08-31 23:00:26 GS-1 ==> 加载商城物品 强化类：15/15
2019-08-31 23:00:26 GS-1 ==> 加载商城物品 限量类：7/7
2019-08-31 23:00:26 GS-1 ==> 加载商城物品 好友类：2/2
2019-08-31 23:00:26 GS-1 ==> 加载商城物品 类：0/0
2019-08-31 23:00:26 GS-1 ==> 加载商城物品 类：0/0
2019-08-31 23:00:26 GS-1 ==> 加载商城物品 类：0/0
2019-08-31 23:00:26 GS-1    [删除错误数据] 删除用户表中不存在的战队成员
2019-08-31 23:00:26 GS-1    [删除错误数据] 清除战队队长不存在的项
2019-08-31 23:00:26 GS-1    [删除错误数据] 不存在战队的成员
2019-08-31 23:00:26 GS-1    正在加载战队...
2019-08-31 23:00:26 GS-1    战队表数量 : 2
2019-08-31 23:00:26 GS-1    战队表数量 : 0
2019-08-31 23:00:26 GS-1    加载战队数量:2
2019-08-31 23:00:26 GS-1    正在加载战队成员...
2019-08-31 23:00:26 GS-1    战队成员总数:6 加载成员数:6
2019-08-31 23:00:26 GS-1    正在检测战队数据有效性...
2019-08-31 23:00:26 GS-1    战队数据有效性检测完毕
2019-08-31 23:00:26 GS-1    [删除错误数据] 清除会长战队不存在行会
2019-08-31 23:00:26 GS-1    [删除错误数据] 清除行会不存在的行会成员
2019-08-31 23:00:26 GS-1    [删除错误数据] 清除行会不存在的行会关系ID排列错误的项
2019-08-31 23:00:26 GS-1    [删除错误数据] 清除行会不存在行会关系
2019-08-31 23:00:26 GS-1    [删除错误数据] 清除行会不存在关注行会
2019-08-31 23:00:26 GS-1    加载行会数量 : 2
2019-08-31 23:00:26 GS-1    加载行会成员(战队)数量 : 2
2019-08-31 23:00:26 GS-1    加载行会关系数量 : 0
2019-08-31 23:00:26 GS-1    加载关注行会数量 : 0
2019-08-31 23:00:26 GS-1    加载请求数量:1
2019-08-31 23:00:26 GS-1 [Error]: 小助手 不存在！
2019-08-31 23:00:26 GS-1 D411地图配置在MapInfo.txt 中不是LIMITBAGITEMDROP属性
2019-08-31 23:00:26 GS-1 D415地图配置在MapInfo.txt 中不是LIMITBAGITEMDROP属性
2019-08-31 23:00:26 GS-1 D416地图配置在MapInfo.txt 中不是LIMITBAGITEMDROP属性
2019-08-31 23:00:26 GS-1 信用分验证功能：开
2019-08-31 23:00:26 GS-1 GS脚本版本号：10001
2019-08-31 23:00:26 GS-1 更新排行榜，共计：35 页
2019-08-31 23:00:57 GS-1 载入商城热销商品列表，共32个。
2019-08-31 23:00:57 GS-1 ==> 加载商城热销榜:5
2019-08-31 23:00:57 GS-1 Gate 1 开启
2019-08-31 23:02:23 GS-1 [脚本(散财猪.pas)缺函数]: AfterScatterItems
2019-08-31 23:05:28 GS-1 -----------------------------------------------------
---[Monster]: Max RunDelay: 281; Max RunCount 3182
---[Human]: Max RunDelay: 47; [Socket]: Max RunDelay: 15
---[App]: Min PerSecRun: 73; Max RunDelay 0
-----------------------------------------------------
2019-08-31 23:10:29 GS-1 -----------------------------------------------------
---[Monster]: Max RunDelay: 219; Max RunCount 3140
---[Human]: Max RunDelay: 47; [Socket]: Max RunDelay: 15
---[App]: Min PerSecRun: 74; Max RunDelay 0
-----------------------------------------------------
2019-08-31 23:10:56 GS-1 08-31 23:10:56 User = 13 / 13
2019-08-31 23:15:30 GS-1 -----------------------------------------------------
---[Monster]: Max RunDelay: 360; Max RunCount 3186
---[Human]: Max RunDelay: 93; [Socket]: Max RunDelay: 78
---[App]: Min PerSecRun: 68; Max RunDelay 47
-----------------------------------------------------
2019-08-31 23:20:31 GS-1 -----------------------------------------------------
---[Monster]: Max RunDelay: 266; Max RunCount 3182
---[Human]: Max RunDelay: 47; [Socket]: Max RunDelay: 16
---[App]: Min PerSecRun: 73; Max RunDelay 0
-----------------------------------------------------
2019-08-31 23:20:56 GS-1 08-31 23:20:56 User = 17 / 17
2019-08-31 23:25:32 GS-1 -----------------------------------------------------
---[Monster]: Max RunDelay: 656; Max RunCount 3156
---[Human]: Max RunDelay: 47; [Socket]: Max RunDelay: 16
---[App]: Min PerSecRun: 45; Max RunDelay 0
-----------------------------------------------------
2019-08-31 23:26:23 GS-1 [脚本(修炼圣地-3.pas)缺函数]: ForgeDiaYB
2019-08-31 23:26:23 GS-1 --ReInitializet-- 因为点击NPC失败，重新刷新NPC...
2019-08-31 23:30:33 GS-1 -----------------------------------------------------
---[Monster]: Max RunDelay: 562; Max RunCount 3190
---[Human]: Max RunDelay: 375; [Socket]: Max RunDelay: 16
---[App]: Min PerSecRun: 58; Max RunDelay 16
-----------------------------------------------------
2019-08-31 23:30:56 GS-1 08-31 23:30:56 User = 11 / 11
2019-08-31 23:35:32 GS-1 -----------------------------------------------------
---[Monster]: Max RunDelay: 594; Max RunCount 3190
---[Human]: Max RunDelay: 109; [Socket]: Max RunDelay: 46
---[App]: Min PerSecRun: 50; Max RunDelay 0
-----------------------------------------------------
2019-08-31 23:40:34 GS-1 -----------------------------------------------------
---[Monster]: Max RunDelay: 594; Max RunCount 3196
---[Human]: Max RunDelay: 375; [Socket]: Max RunDelay: 47
---[App]: Min PerSecRun: 49; Max RunDelay 0
-----------------------------------------------------
2019-08-31 23:40:56 GS-1 08-31 23:40:56 User = 15 / 15
2019-08-31 23:44:01 GS-1 [脚本(散财猪.pas)缺函数]: AfterScatterItems
2019-08-31 23:45:34 GS-1 -----------------------------------------------------
---[Monster]: Max RunDelay: 579; Max RunCount 3207
---[Human]: Max RunDelay: 375; [Socket]: Max RunDelay: 62
---[App]: Min PerSecRun: 51; Max RunDelay 0
-----------------------------------------------------
2019-08-31 23:50:35 GS-1 -----------------------------------------------------
---[Monster]: Max RunDelay: 766; Max RunCount 3189
---[Human]: Max RunDelay: 360; [Socket]: Max RunDelay: 47
---[App]: Min PerSecRun: 52; Max RunDelay 15
-----------------------------------------------------
2019-08-31 23:50:58 GS-1 08-31 23:50:58 User = 15 / 15
2019-08-31 23:55:36 GS-1 -----------------------------------------------------
---[Monster]: Max RunDelay: 531; Max RunCount 3195
---[Human]: Max RunDelay: 78; [Socket]: Max RunDelay: 313
---[App]: Min PerSecRun: 51; Max RunDelay 16
-----------------------------------------------------
2019-09-01 00:00:00 GS-1 载入商城物品列表，共5个类别，40种商品
2019-09-01 00:00:00 GS-1 ==> 加载商城物品 装饰类：11/11
2019-09-01 00:00:00 GS-1 ==> 加载商城物品 补给类：5/5
2019-09-01 00:00:00 GS-1 ==> 加载商城物品 强化类：15/15
2019-09-01 00:00:00 GS-1 ==> 加载商城物品 限量类：7/7
2019-09-01 00:00:00 GS-1 ==> 加载商城物品 好友类：2/2
2019-09-01 00:00:00 GS-1 ==> 加载商城物品 类：0/0
2019-09-01 00:00:00 GS-1 ==> 加载商城物品 类：0/0
2019-09-01 00:00:00 GS-1 ==> 加载商城物品 类：0/0
2019-09-01 00:00:37 GS-1 -----------------------------------------------------
---[Monster]: Max RunDelay: 656; Max RunCount 3229
---[Human]: Max RunDelay: 62; [Socket]: Max RunDelay: 16
---[App]: Min PerSecRun: 41; Max RunDelay 0
-----------------------------------------------------
2019-09-01 00:00:58 GS-1 载入商城热销商品列表，共33个。
2019-09-01 00:00:58 GS-1 ==> 加载商城热销榜:5
2019-09-01 00:00:58 GS-1 09-01 00:00:58 User = 10 / 10
2019-09-01 00:05:38 GS-1 -----------------------------------------------------
---[Monster]: Max RunDelay: 313; Max RunCount 3247
---[Human]: Max RunDelay: 47; [Socket]: Max RunDelay: 15
---[App]: Min PerSecRun: 73; Max RunDelay 31
-----------------------------------------------------
2019-09-01 00:10:39 GS-1 -----------------------------------------------------
---[Monster]: Max RunDelay: 500; Max RunCount 3247
---[Human]: Max RunDelay: 63; [Socket]: Max RunDelay: 47
---[App]: Min PerSecRun: 67; Max RunDelay 0
-----------------------------------------------------
2019-09-01 00:10:58 GS-1 09-01 00:10:58 User = 11 / 11
2019-09-01 00:11:13 GS-1 --ReInitializet-- 因为点击NPC失败，重新刷新NPC...
2019-09-01 00:11:14 GS-1 --ReInitializet-- 因为点击NPC失败，重新刷新NPC...
2019-09-01 00:15:40 GS-1 -----------------------------------------------------
---[Monster]: Max RunDelay: 297; Max RunCount 3213
---[Human]: Max RunDelay: 94; [Socket]: Max RunDelay: 16
---[App]: Min PerSecRun: 72; Max RunDelay 15
-----------------------------------------------------
2019-09-01 00:20:41 GS-1 -----------------------------------------------------
---[Monster]: Max RunDelay: 281; Max RunCount 3210
---[Human]: Max RunDelay: 47; [Socket]: Max RunDelay: 16
---[App]: Min PerSecRun: 73; Max RunDelay 0
-----------------------------------------------------
2019-09-01 00:20:58 GS-1 09-01 00:20:58 User = 11 / 11
2019-09-01 00:25:42 GS-1 -----------------------------------------------------
---[Monster]: Max RunDelay: 266; Max RunCount 3167
---[Human]: Max RunDelay: 63; [Socket]: Max RunDelay: 16
---[App]: Min PerSecRun: 74; Max RunDelay 0
-----------------------------------------------------
2019-09-01 00:30:43 GS-1 -----------------------------------------------------
---[Monster]: Max RunDelay: 297; Max RunCount 3187
---[Human]: Max RunDelay: 47; [Socket]: Max RunDelay: 16
---[App]: Min PerSecRun: 73; Max RunDelay 0
-----------------------------------------------------
2019-09-01 00:30:58 GS-1 09-01 00:30:58 User = 11 / 11
2019-09-01 00:34:06 GS-1 [脚本(修炼圣地-3.pas)缺函数]: ForgeDiaYB
2019-09-01 00:34:06 GS-1 --ReInitializet-- 因为点击NPC失败，重新刷新NPC...
2019-09-01 00:35:44 GS-1 -----------------------------------------------------
---[Monster]: Max RunDelay: 281; Max RunCount 3192
---[Human]: Max RunDelay: 78; [Socket]: Max RunDelay: 16
---[App]: Min PerSecRun: 74; Max RunDelay 16
-----------------------------------------------------
2019-09-01 00:40:45 GS-1 -----------------------------------------------------
---[Monster]: Max RunDelay: 282; Max RunCount 3192
---[Human]: Max RunDelay: 63; [Socket]: Max RunDelay: 15
---[App]: Min PerSecRun: 73; Max RunDelay 0
-----------------------------------------------------
2019-09-01 00:40:59 GS-1 09-01 00:40:59 User = 11 / 11
2019-09-01 00:45:46 GS-1 -----------------------------------------------------
---[Monster]: Max RunDelay: 313; Max RunCount 3205
---[Human]: Max RunDelay: 47; [Socket]: Max RunDelay: 15
---[App]: Min PerSecRun: 72; Max RunDelay 0
-----------------------------------------------------
2019-09-01 00:50:47 GS-1 -----------------------------------------------------
---[Monster]: Max RunDelay: 281; Max RunCount 3195
---[Human]: Max RunDelay: 47; [Socket]: Max RunDelay: 15
---[App]: Min PerSecRun: 72; Max RunDelay 0
-----------------------------------------------------
2019-09-01 00:50:59 GS-1 09-01 00:50:59 User = 10 / 10
2019-09-01 00:55:48 GS-1 -----------------------------------------------------
---[Monster]: Max RunDelay: 281; Max RunCount 3284
---[Human]: Max RunDelay: 110; [Socket]: Max RunDelay: 47
---[App]: Min PerSecRun: 70; Max RunDelay 0
-----------------------------------------------------
2019-09-01 00:58:50 GS-1 [脚本(散财猪.pas)缺函数]: AfterScatterItems
2019-09-01 01:00:24 GS-1   玩家： 无影剑，邮件Idx:  855，功加载了 1附件。
2019-09-01 01:00:49 GS-1 -----------------------------------------------------
---[Monster]: Max RunDelay: 281; Max RunCount 3265
---[Human]: Max RunDelay: 63; [Socket]: Max RunDelay: 16
---[App]: Min PerSecRun: 73; Max RunDelay 0
-----------------------------------------------------
2019-09-01 01:00:58 GS-1 载入商城热销商品列表，共33个。
2019-09-01 01:00:58 GS-1 ==> 加载商城热销榜:5
2019-09-01 01:00:59 GS-1 09-01 01:00:59 User = 11 / 11
2019-09-01 01:05:19 GS-1 [Error]: ==> YBSocketError, ErrorCode=10060
2019-09-01 01:05:50 GS-1 -----------------------------------------------------
---[Monster]: Max RunDelay: 313; Max RunCount 3244
---[Human]: Max RunDelay: 110; [Socket]: Max RunDelay: 47
---[App]: Min PerSecRun: 72; Max RunDelay 47
-----------------------------------------------------
2019-09-01 01:10:51 GS-1 -----------------------------------------------------
---[Monster]: Max RunDelay: 328; Max RunCount 3246
---[Human]: Max RunDelay: 47; [Socket]: Max RunDelay: 16
---[App]: Min PerSecRun: 72; Max RunDelay 0
-----------------------------------------------------
2019-09-01 01:10:58 GS-1 09-01 01:10:58 User = 11 / 11
2019-09-01 01:15:52 GS-1 -----------------------------------------------------
---[Monster]: Max RunDelay: 266; Max RunCount 3292
---[Human]: Max RunDelay: 47; [Socket]: Max RunDelay: 16
---[App]: Min PerSecRun: 75; Max RunDelay 0
-----------------------------------------------------
2019-09-01 01:20:53 GS-1 -----------------------------------------------------
---[Monster]: Max RunDelay: 281; Max RunCount 3260
---[Human]: Max RunDelay: 47; [Socket]: Max RunDelay: 16
---[App]: Min PerSecRun: 73; Max RunDelay 0
-----------------------------------------------------
2019-09-01 01:20:59 GS-1 09-01 01:20:59 User = 11 / 11
2019-09-01 01:22:03 GS-1 [脚本(散财猪.pas)缺函数]: AfterScatterItems
2019-09-01 01:25:54 GS-1 -----------------------------------------------------
---[Monster]: Max RunDelay: 437; Max RunCount 3314
---[Human]: Max RunDelay: 375; [Socket]: Max RunDelay: 16
---[App]: Min PerSecRun: 71; Max RunDelay 0
-----------------------------------------------------
2019-09-01 01:30:55 GS-1 -----------------------------------------------------
---[Monster]: Max RunDelay: 562; Max RunCount 3297
---[Human]: Max RunDelay: 63; [Socket]: Max RunDelay: 16
---[App]: Min PerSecRun: 54; Max RunDelay 0
-----------------------------------------------------
2019-09-01 01:30:58 GS-1 09-01 01:30:58 User = 10 / 10
2019-09-01 01:35:56 GS-1 -----------------------------------------------------
---[Monster]: Max RunDelay: 469; Max RunCount 3275
---[Human]: Max RunDelay: 47; [Socket]: Max RunDelay: 16
---[App]: Min PerSecRun: 53; Max RunDelay 0
-----------------------------------------------------
2019-09-01 01:40:57 GS-1 -----------------------------------------------------
---[Monster]: Max RunDelay: 281; Max RunCount 3199
---[Human]: Max RunDelay: 47; [Socket]: Max RunDelay: 16
---[App]: Min PerSecRun: 74; Max RunDelay 0
-----------------------------------------------------
2019-09-01 01:40:59 GS-1 09-01 01:40:59 User = 9 / 9
2019-09-01 01:45:58 GS-1 -----------------------------------------------------
---[Monster]: Max RunDelay: 281; Max RunCount 3269
---[Human]: Max RunDelay: 47; [Socket]: Max RunDelay: 15
---[App]: Min PerSecRun: 74; Max RunDelay 0
-----------------------------------------------------
2019-09-01 01:50:59 GS-1 09-01 01:50:59 User = 8 / 8
2019-09-01 01:50:59 GS-1 -----------------------------------------------------
---[Monster]: Max RunDelay: 281; Max RunCount 3240
---[Human]: Max RunDelay: 63; [Socket]: Max RunDelay: 15
---[App]: Min PerSecRun: 74; Max RunDelay 0
-----------------------------------------------------
2019-09-01 01:56:00 GS-1 -----------------------------------------------------
---[Monster]: Max RunDelay: 328; Max RunCount 3268
---[Human]: Max RunDelay: 63; [Socket]: Max RunDelay: 15
---[App]: Min PerSecRun: 71; Max RunDelay 0
-----------------------------------------------------
2019-09-01 02:00:58 GS-1 载入商城热销商品列表，共33个。
2019-09-01 02:00:58 GS-1 ==> 加载商城热销榜:5
2019-09-01 02:00:59 GS-1 09-01 02:00:59 User = 9 / 9
2019-09-01 02:01:01 GS-1 -----------------------------------------------------
---[Monster]: Max RunDelay: 281; Max RunCount 3246
---[Human]: Max RunDelay: 32; [Socket]: Max RunDelay: 15
---[App]: Min PerSecRun: 73; Max RunDelay 0
-----------------------------------------------------
2019-09-01 02:06:02 GS-1 -----------------------------------------------------
---[Monster]: Max RunDelay: 406; Max RunCount 3287
---[Human]: Max RunDelay: 46; [Socket]: Max RunDelay: 15
---[App]: Min PerSecRun: 67; Max RunDelay 0
-----------------------------------------------------
2019-09-01 02:10:59 GS-1 09-01 02:10:59 User = 8 / 8
2019-09-01 02:11:03 GS-1 -----------------------------------------------------
---[Monster]: Max RunDelay: 282; Max RunCount 3297
---[Human]: Max RunDelay: 47; [Socket]: Max RunDelay: 16
---[App]: Min PerSecRun: 73; Max RunDelay 15
-----------------------------------------------------
2019-09-01 02:16:04 GS-1 -----------------------------------------------------
---[Monster]: Max RunDelay: 296; Max RunCount 3293
---[Human]: Max RunDelay: 62; [Socket]: Max RunDelay: 16
---[App]: Min PerSecRun: 74; Max RunDelay 0
-----------------------------------------------------
2019-09-01 02:20:59 GS-1 09-01 02:20:59 User = 7 / 7
2019-09-01 02:21:05 GS-1 -----------------------------------------------------
---[Monster]: Max RunDelay: 281; Max RunCount 3281
---[Human]: Max RunDelay: 63; [Socket]: Max RunDelay: 16
---[App]: Min PerSecRun: 73; Max RunDelay 0
-----------------------------------------------------
2019-09-01 02:26:06 GS-1 -----------------------------------------------------
---[Monster]: Max RunDelay: 296; Max RunCount 3273
---[Human]: Max RunDelay: 32; [Socket]: Max RunDelay: 16
---[App]: Min PerSecRun: 74; Max RunDelay 0
-----------------------------------------------------
2019-09-01 02:30:59 GS-1 09-01 02:30:59 User = 7 / 7
2019-09-01 02:31:07 GS-1 -----------------------------------------------------
---[Monster]: Max RunDelay: 282; Max RunCount 3269
---[Human]: Max RunDelay: 47; [Socket]: Max RunDelay: 16
---[App]: Min PerSecRun: 74; Max RunDelay 0
-----------------------------------------------------
2019-09-01 02:36:08 GS-1 -----------------------------------------------------
---[Monster]: Max RunDelay: 297; Max RunCount 3232
---[Human]: Max RunDelay: 47; [Socket]: Max RunDelay: 16
---[App]: Min PerSecRun: 74; Max RunDelay 0
-----------------------------------------------------
2019-09-01 02:40:59 GS-1 09-01 02:40:59 User = 7 / 7
2019-09-01 02:41:09 GS-1 -----------------------------------------------------
---[Monster]: Max RunDelay: 266; Max RunCount 3218
---[Human]: Max RunDelay: 31; [Socket]: Max RunDelay: 16
---[App]: Min PerSecRun: 74; Max RunDelay 0
-----------------------------------------------------
2019-09-01 02:46:10 GS-1 -----------------------------------------------------
---[Monster]: Max RunDelay: 265; Max RunCount 3227
---[Human]: Max RunDelay: 31; [Socket]: Max RunDelay: 16
---[App]: Min PerSecRun: 75; Max RunDelay 0
-----------------------------------------------------
2019-09-01 02:50:59 GS-1 09-01 02:50:59 User = 6 / 6
2019-09-01 02:51:11 GS-1 -----------------------------------------------------
---[Monster]: Max RunDelay: 282; Max RunCount 3306
---[Human]: Max RunDelay: 31; [Socket]: Max RunDelay: 15
---[App]: Min PerSecRun: 75; Max RunDelay 0
-----------------------------------------------------
2019-09-01 02:56:12 GS-1 -----------------------------------------------------
---[Monster]: Max RunDelay: 266; Max RunCount 3267
---[Human]: Max RunDelay: 32; [Socket]: Max RunDelay: 15
---[App]: Min PerSecRun: 74; Max RunDelay 0
-----------------------------------------------------
2019-09-01 03:00:58 GS-1 载入商城热销商品列表，共33个。
2019-09-01 03:00:58 GS-1 ==> 加载商城热销榜:5
2019-09-01 03:00:59 GS-1 09-01 03:00:59 User = 6 / 6
2019-09-01 03:01:13 GS-1 -----------------------------------------------------
---[Monster]: Max RunDelay: 359; Max RunCount 3387
---[Human]: Max RunDelay: 47; [Socket]: Max RunDelay: 15
---[App]: Min PerSecRun: 62; Max RunDelay 0
-----------------------------------------------------
2019-09-01 03:03:00 GS-1 
 *** *** 删除 加入战队、加入行会、行会联盟 的过期请求 : 1条 *** ***

2019-09-01 03:06:14 GS-1 -----------------------------------------------------
---[Monster]: Max RunDelay: 266; Max RunCount 3345
---[Human]: Max RunDelay: 32; [Socket]: Max RunDelay: 15
---[App]: Min PerSecRun: 74; Max RunDelay 0
-----------------------------------------------------
2019-09-01 03:10:59 GS-1 09-01 03:10:59 User = 6 / 6
2019-09-01 03:11:15 GS-1 -----------------------------------------------------
---[Monster]: Max RunDelay: 282; Max RunCount 3296
---[Human]: Max RunDelay: 32; [Socket]: Max RunDelay: 15
---[App]: Min PerSecRun: 75; Max RunDelay 0
-----------------------------------------------------
2019-09-01 03:16:16 GS-1 -----------------------------------------------------
---[Monster]: Max RunDelay: 281; Max RunCount 3308
---[Human]: Max RunDelay: 32; [Socket]: Max RunDelay: 16
---[App]: Min PerSecRun: 74; Max RunDelay 0
-----------------------------------------------------
2019-09-01 03:20:59 GS-1 09-01 03:20:59 User = 6 / 6
2019-09-01 03:21:17 GS-1 -----------------------------------------------------
---[Monster]: Max RunDelay: 266; Max RunCount 3336
---[Human]: Max RunDelay: 32; [Socket]: Max RunDelay: 16
---[App]: Min PerSecRun: 75; Max RunDelay 0
-----------------------------------------------------
2019-09-01 03:26:18 GS-1 -----------------------------------------------------
---[Monster]: Max RunDelay: 281; Max RunCount 3342
---[Human]: Max RunDelay: 32; [Socket]: Max RunDelay: 15
---[App]: Min PerSecRun: 75; Max RunDelay 0
-----------------------------------------------------
2019-09-01 03:30:59 GS-1 09-01 03:30:59 User = 7 / 7
2019-09-01 03:31:19 GS-1 -----------------------------------------------------
---[Monster]: Max RunDelay: 282; Max RunCount 3239
---[Human]: Max RunDelay: 47; [Socket]: Max RunDelay: 15
---[App]: Min PerSecRun: 73; Max RunDelay 0
-----------------------------------------------------
2019-09-01 03:36:20 GS-1 -----------------------------------------------------
---[Monster]: Max RunDelay: 281; Max RunCount 3250
---[Human]: Max RunDelay: 31; [Socket]: Max RunDelay: 15
---[App]: Min PerSecRun: 74; Max RunDelay 0
-----------------------------------------------------
2019-09-01 03:40:59 GS-1 09-01 03:40:59 User = 7 / 7
2019-09-01 03:41:21 GS-1 -----------------------------------------------------
---[Monster]: Max RunDelay: 422; Max RunCount 3396
---[Human]: Max RunDelay: 32; [Socket]: Max RunDelay: 16
---[App]: Min PerSecRun: 53; Max RunDelay 0
-----------------------------------------------------
2019-09-01 03:46:22 GS-1 -----------------------------------------------------
---[Monster]: Max RunDelay: 281; Max RunCount 3334
---[Human]: Max RunDelay: 47; [Socket]: Max RunDelay: 16
---[App]: Min PerSecRun: 74; Max RunDelay 0
-----------------------------------------------------
2019-09-01 03:50:59 GS-1 09-01 03:50:59 User = 7 / 7
2019-09-01 03:51:23 GS-1 -----------------------------------------------------
---[Monster]: Max RunDelay: 266; Max RunCount 3284
---[Human]: Max RunDelay: 32; [Socket]: Max RunDelay: 16
---[App]: Min PerSecRun: 74; Max RunDelay 0
-----------------------------------------------------
2019-09-01 03:56:23 GS-1 -----------------------------------------------------
---[Monster]: Max RunDelay: 297; Max RunCount 3315
---[Human]: Max RunDelay: 47; [Socket]: Max RunDelay: 16
---[App]: Min PerSecRun: 68; Max RunDelay 0
-----------------------------------------------------
2019-09-01 04:00:58 GS-1 载入商城热销商品列表，共33个。
2019-09-01 04:00:58 GS-1 ==> 加载商城热销榜:5
2019-09-01 04:00:59 GS-1 09-01 04:00:59 User = 6 / 6
2019-09-01 04:01:24 GS-1 -----------------------------------------------------
---[Monster]: Max RunDelay: 266; Max RunCount 3304
---[Human]: Max RunDelay: 47; [Socket]: Max RunDelay: 16
---[App]: Min PerSecRun: 75; Max RunDelay 0
-----------------------------------------------------
2019-09-01 04:06:25 GS-1 -----------------------------------------------------
---[Monster]: Max RunDelay: 282; Max RunCount 3304
---[Human]: Max RunDelay: 47; [Socket]: Max RunDelay: 16
---[App]: Min PerSecRun: 75; Max RunDelay 0
-----------------------------------------------------
2019-09-01 04:10:59 GS-1 09-01 04:10:59 User = 6 / 6
2019-09-01 04:11:26 GS-1 -----------------------------------------------------
---[Monster]: Max RunDelay: 266; Max RunCount 3272
---[Human]: Max RunDelay: 47; [Socket]: Max RunDelay: 16
---[App]: Min PerSecRun: 75; Max RunDelay 0
-----------------------------------------------------
2019-09-01 04:16:27 GS-1 -----------------------------------------------------
---[Monster]: Max RunDelay: 266; Max RunCount 3304
---[Human]: Max RunDelay: 31; [Socket]: Max RunDelay: 16
---[App]: Min PerSecRun: 75; Max RunDelay 0
-----------------------------------------------------
2019-09-01 04:20:59 GS-1 09-01 04:20:59 User = 6 / 6
2019-09-01 04:21:28 GS-1 -----------------------------------------------------
---[Monster]: Max RunDelay: 282; Max RunCount 3252
---[Human]: Max RunDelay: 31; [Socket]: Max RunDelay: 15
---[App]: Min PerSecRun: 74; Max RunDelay 0
-----------------------------------------------------
2019-09-01 04:26:29 GS-1 -----------------------------------------------------
---[Monster]: Max RunDelay: 531; Max RunCount 3397
---[Human]: Max RunDelay: 328; [Socket]: Max RunDelay: 15
---[App]: Min PerSecRun: 55; Max RunDelay 0
-----------------------------------------------------
2019-09-01 04:30:59 GS-1 09-01 04:30:59 User = 6 / 6
2019-09-01 04:31:30 GS-1 -----------------------------------------------------
---[Monster]: Max RunDelay: 281; Max RunCount 3362
---[Human]: Max RunDelay: 31; [Socket]: Max RunDelay: 15
---[App]: Min PerSecRun: 75; Max RunDelay 0
-----------------------------------------------------
2019-09-01 04:36:31 GS-1 -----------------------------------------------------
---[Monster]: Max RunDelay: 297; Max RunCount 3353
---[Human]: Max RunDelay: 32; [Socket]: Max RunDelay: 15
---[App]: Min PerSecRun: 71; Max RunDelay 0
-----------------------------------------------------
2019-09-01 04:40:59 GS-1 09-01 04:40:59 User = 6 / 6
2019-09-01 04:41:32 GS-1 -----------------------------------------------------
---[Monster]: Max RunDelay: 282; Max RunCount 3288
---[Human]: Max RunDelay: 32; [Socket]: Max RunDelay: 15
---[App]: Min PerSecRun: 75; Max RunDelay 0
-----------------------------------------------------
2019-09-01 04:46:33 GS-1 -----------------------------------------------------
---[Monster]: Max RunDelay: 281; Max RunCount 3314
---[Human]: Max RunDelay: 32; [Socket]: Max RunDelay: 16
---[App]: Min PerSecRun: 74; Max RunDelay 0
-----------------------------------------------------
2019-09-01 04:50:59 GS-1 09-01 04:50:59 User = 6 / 6
2019-09-01 04:51:34 GS-1 -----------------------------------------------------
---[Monster]: Max RunDelay: 297; Max RunCount 3397
---[Human]: Max RunDelay: 32; [Socket]: Max RunDelay: 16
---[App]: Min PerSecRun: 73; Max RunDelay 0
-----------------------------------------------------
2019-09-01 04:56:35 GS-1 -----------------------------------------------------
---[Monster]: Max RunDelay: 282; Max RunCount 3377
---[Human]: Max RunDelay: 32; [Socket]: Max RunDelay: 16
---[App]: Min PerSecRun: 74; Max RunDelay 0
-----------------------------------------------------
2019-09-01 05:00:58 GS-1 载入商城热销商品列表，共33个。
2019-09-01 05:00:58 GS-1 ==> 加载商城热销榜:5
2019-09-01 05:00:59 GS-1 09-01 05:00:59 User = 6 / 6
2019-09-01 05:01:36 GS-1 -----------------------------------------------------
---[Monster]: Max RunDelay: 282; Max RunCount 3386
---[Human]: Max RunDelay: 32; [Socket]: Max RunDelay: 16
---[App]: Min PerSecRun: 75; Max RunDelay 0
-----------------------------------------------------
2019-09-01 05:06:37 GS-1 -----------------------------------------------------
---[Monster]: Max RunDelay: 281; Max RunCount 3235
---[Human]: Max RunDelay: 32; [Socket]: Max RunDelay: 15
---[App]: Min PerSecRun: 75; Max RunDelay 0
-----------------------------------------------------
2019-09-01 05:10:59 GS-1 09-01 05:10:59 User = 6 / 6
2019-09-01 05:11:37 GS-1 -----------------------------------------------------
---[Monster]: Max RunDelay: 344; Max RunCount 3255
---[Human]: Max RunDelay: 32; [Socket]: Max RunDelay: 15
---[App]: Min PerSecRun: 62; Max RunDelay 0
-----------------------------------------------------
2019-09-01 05:16:38 GS-1 -----------------------------------------------------
---[Monster]: Max RunDelay: 312; Max RunCount 3320
---[Human]: Max RunDelay: 31; [Socket]: Max RunDelay: 15
---[App]: Min PerSecRun: 68; Max RunDelay 0
-----------------------------------------------------
2019-09-01 05:20:59 GS-1 09-01 05:20:59 User = 6 / 6
2019-09-01 05:21:39 GS-1 -----------------------------------------------------
---[Monster]: Max RunDelay: 282; Max RunCount 3386
---[Human]: Max RunDelay: 31; [Socket]: Max RunDelay: 16
---[App]: Min PerSecRun: 75; Max RunDelay 0
-----------------------------------------------------
2019-09-01 05:26:40 GS-1 -----------------------------------------------------
---[Monster]: Max RunDelay: 296; Max RunCount 3397
---[Human]: Max RunDelay: 32; [Socket]: Max RunDelay: 16
---[App]: Min PerSecRun: 74; Max RunDelay 0
-----------------------------------------------------
2019-09-01 05:30:59 GS-1 09-01 05:30:59 User = 6 / 6
2019-09-01 05:31:41 GS-1 -----------------------------------------------------
---[Monster]: Max RunDelay: 359; Max RunCount 3386
---[Human]: Max RunDelay: 46; [Socket]: Max RunDelay: 16
---[App]: Min PerSecRun: 62; Max RunDelay 0
-----------------------------------------------------
2019-09-01 05:36:42 GS-1 -----------------------------------------------------
---[Monster]: Max RunDelay: 266; Max RunCount 3397
---[Human]: Max RunDelay: 31; [Socket]: Max RunDelay: 16
---[App]: Min PerSecRun: 75; Max RunDelay 0
-----------------------------------------------------
2019-09-01 05:40:59 GS-1 09-01 05:40:59 User = 6 / 6
2019-09-01 05:41:43 GS-1 -----------------------------------------------------
---[Monster]: Max RunDelay: 266; Max RunCount 3397
---[Human]: Max RunDelay: 47; [Socket]: Max RunDelay: 16
---[App]: Min PerSecRun: 74; Max RunDelay 0
-----------------------------------------------------
2019-09-01 05:46:44 GS-1 -----------------------------------------------------
---[Monster]: Max RunDelay: 266; Max RunCount 3340
---[Human]: Max RunDelay: 32; [Socket]: Max RunDelay: 16
---[App]: Min PerSecRun: 74; Max RunDelay 0
-----------------------------------------------------
2019-09-01 05:50:59 GS-1 09-01 05:50:59 User = 6 / 6
2019-09-01 05:51:45 GS-1 -----------------------------------------------------
---[Monster]: Max RunDelay: 281; Max RunCount 3367
---[Human]: Max RunDelay: 32; [Socket]: Max RunDelay: 16
---[App]: Min PerSecRun: 74; Max RunDelay 0
-----------------------------------------------------
2019-09-01 05:56:46 GS-1 -----------------------------------------------------
---[Monster]: Max RunDelay: 344; Max RunCount 3378
---[Human]: Max RunDelay: 32; [Socket]: Max RunDelay: 16
---[App]: Min PerSecRun: 68; Max RunDelay 0
-----------------------------------------------------
2019-09-01 06:00:00 GS-1 载入商城物品列表，共5个类别，40种商品
2019-09-01 06:00:00 GS-1 ==> 加载商城物品 装饰类：11/11
2019-09-01 06:00:00 GS-1 ==> 加载商城物品 补给类：5/5
2019-09-01 06:00:00 GS-1 ==> 加载商城物品 强化类：15/15
2019-09-01 06:00:00 GS-1 ==> 加载商城物品 限量类：7/7
2019-09-01 06:00:00 GS-1 ==> 加载商城物品 好友类：2/2
2019-09-01 06:00:00 GS-1 ==> 加载商城物品 类：0/0
2019-09-01 06:00:00 GS-1 ==> 加载商城物品 类：0/0
2019-09-01 06:00:00 GS-1 ==> 加载商城物品 类：0/0
2019-09-01 06:00:58 GS-1 载入商城热销商品列表，共33个。
2019-09-01 06:00:58 GS-1 ==> 加载商城热销榜:5
2019-09-01 06:00:59 GS-1 09-01 06:00:59 User = 6 / 6
2019-09-01 06:01:47 GS-1 -----------------------------------------------------
---[Monster]: Max RunDelay: 390; Max RunCount 3267
---[Human]: Max RunDelay: 47; [Socket]: Max RunDelay: 16
---[App]: Min PerSecRun: 65; Max RunDelay 0
-----------------------------------------------------
2019-09-01 06:06:48 GS-1 -----------------------------------------------------
---[Monster]: Max RunDelay: 282; Max RunCount 3278
---[Human]: Max RunDelay: 32; [Socket]: Max RunDelay: 16
---[App]: Min PerSecRun: 74; Max RunDelay 0
-----------------------------------------------------
2019-09-01 06:10:59 GS-1 09-01 06:10:59 User = 6 / 6
2019-09-01 06:11:49 GS-1 -----------------------------------------------------
---[Monster]: Max RunDelay: 313; Max RunCount 3267
---[Human]: Max RunDelay: 63; [Socket]: Max RunDelay: 47
---[App]: Min PerSecRun: 73; Max RunDelay 0
-----------------------------------------------------
2019-09-01 06:16:50 GS-1 -----------------------------------------------------
---[Monster]: Max RunDelay: 282; Max RunCount 3278
---[Human]: Max RunDelay: 31; [Socket]: Max RunDelay: 16
---[App]: Min PerSecRun: 75; Max RunDelay 0
-----------------------------------------------------
2019-09-01 06:20:59 GS-1 09-01 06:20:59 User = 6 / 6
2019-09-01 06:21:51 GS-1 -----------------------------------------------------
---[Monster]: Max RunDelay: 281; Max RunCount 3387
---[Human]: Max RunDelay: 32; [Socket]: Max RunDelay: 16
---[App]: Min PerSecRun: 75; Max RunDelay 0
-----------------------------------------------------
2019-09-01 06:26:52 GS-1 -----------------------------------------------------
---[Monster]: Max RunDelay: 281; Max RunCount 3258
---[Human]: Max RunDelay: 47; [Socket]: Max RunDelay: 16
---[App]: Min PerSecRun: 74; Max RunDelay 0
-----------------------------------------------------
2019-09-01 06:30:59 GS-1 09-01 06:30:59 User = 6 / 6
2019-09-01 06:31:53 GS-1 -----------------------------------------------------
---[Monster]: Max RunDelay: 422; Max RunCount 3379
---[Human]: Max RunDelay: 47; [Socket]: Max RunDelay: 16
---[App]: Min PerSecRun: 54; Max RunDelay 0
-----------------------------------------------------
2019-09-01 06:36:54 GS-1 -----------------------------------------------------
---[Monster]: Max RunDelay: 282; Max RunCount 3399
---[Human]: Max RunDelay: 63; [Socket]: Max RunDelay: 16
---[App]: Min PerSecRun: 75; Max RunDelay 0
-----------------------------------------------------
2019-09-01 06:40:59 GS-1 09-01 06:40:59 User = 13 / 13
2019-09-01 06:41:55 GS-1 -----------------------------------------------------
---[Monster]: Max RunDelay: 281; Max RunCount 3379
---[Human]: Max RunDelay: 47; [Socket]: Max RunDelay: 16
---[App]: Min PerSecRun: 75; Max RunDelay 0
-----------------------------------------------------
2019-09-01 06:46:56 GS-1 -----------------------------------------------------
---[Monster]: Max RunDelay: 297; Max RunCount 3293
---[Human]: Max RunDelay: 78; [Socket]: Max RunDelay: 16
---[App]: Min PerSecRun: 74; Max RunDelay 15
-----------------------------------------------------
2019-09-01 06:49:14 GS-1   玩家： 易妙思，邮件Idx:  917，功加载了 4附件。
2019-09-01 06:49:17 GS-1   玩家： 易妙思，邮件Idx:  904，功加载了 1附件。
2019-09-01 06:49:17 GS-1   玩家： 易妙思，邮件Idx:  905，功加载了 1附件。
2019-09-01 06:49:17 GS-1   玩家： 易妙思，邮件Idx:  906，功加载了 1附件。
2019-09-01 06:49:17 GS-1   玩家： 易妙思，邮件Idx:  907，功加载了 1附件。
2019-09-01 06:49:17 GS-1   玩家： 易妙思，邮件Idx:  908，功加载了 1附件。
2019-09-01 06:49:17 GS-1   玩家： 易妙思，邮件Idx:  909，功加载了 1附件。
2019-09-01 06:49:17 GS-1   玩家： 易妙思，邮件Idx:  914，功加载了 1附件。
2019-09-01 06:50:59 GS-1 09-01 06:50:59 User = 12 / 12
2019-09-01 06:51:57 GS-1 -----------------------------------------------------
---[Monster]: Max RunDelay: 781; Max RunCount 3353
---[Human]: Max RunDelay: 62; [Socket]: Max RunDelay: 16
---[App]: Min PerSecRun: 33; Max RunDelay 0
-----------------------------------------------------
2019-09-01 06:56:58 GS-1 -----------------------------------------------------
---[Monster]: Max RunDelay: 266; Max RunCount 3401
---[Human]: Max RunDelay: 47; [Socket]: Max RunDelay: 16
---[App]: Min PerSecRun: 74; Max RunDelay 0
-----------------------------------------------------
2019-09-01 07:00:02 GS-1 更新排行榜，共计：35 页
2019-09-01 07:00:58 GS-1 载入商城热销商品列表，共33个。
2019-09-01 07:00:58 GS-1 ==> 加载商城热销榜:5
2019-09-01 07:00:59 GS-1 09-01 07:00:59 User = 11 / 11
2019-09-01 07:01:59 GS-1 -----------------------------------------------------
---[Monster]: Max RunDelay: 281; Max RunCount 3390
---[Human]: Max RunDelay: 47; [Socket]: Max RunDelay: 16
---[App]: Min PerSecRun: 74; Max RunDelay 0
-----------------------------------------------------
2019-09-01 07:07:00 GS-1 -----------------------------------------------------
---[Monster]: Max RunDelay: 281; Max RunCount 3269
---[Human]: Max RunDelay: 47; [Socket]: Max RunDelay: 15
---[App]: Min PerSecRun: 74; Max RunDelay 0
-----------------------------------------------------
2019-09-01 07:10:59 GS-1 09-01 07:10:59 User = 11 / 11
2019-09-01 07:12:01 GS-1 -----------------------------------------------------
---[Monster]: Max RunDelay: 297; Max RunCount 3251
---[Human]: Max RunDelay: 47; [Socket]: Max RunDelay: 16
---[App]: Min PerSecRun: 71; Max RunDelay 0
-----------------------------------------------------
2019-09-01 07:17:02 GS-1 -----------------------------------------------------
---[Monster]: Max RunDelay: 609; Max RunCount 3323
---[Human]: Max RunDelay: 47; [Socket]: Max RunDelay: 16
---[App]: Min PerSecRun: 47; Max RunDelay 16
-----------------------------------------------------
2019-09-01 07:20:59 GS-1 09-01 07:20:59 User = 11 / 11
2019-09-01 07:22:03 GS-1 -----------------------------------------------------
---[Monster]: Max RunDelay: 266; Max RunCount 3314
---[Human]: Max RunDelay: 47; [Socket]: Max RunDelay: 16
---[App]: Min PerSecRun: 73; Max RunDelay 16
-----------------------------------------------------
2019-09-01 07:27:04 GS-1 -----------------------------------------------------
---[Monster]: Max RunDelay: 547; Max RunCount 3402
---[Human]: Max RunDelay: 47; [Socket]: Max RunDelay: 16
---[App]: Min PerSecRun: 69; Max RunDelay 0
-----------------------------------------------------
2019-09-01 07:30:27 GS-1 [脚本(散财猪.pas)缺函数]: AfterScatterItems
2019-09-01 07:31:00 GS-1 09-01 07:31:00 User = 4 / 4
2019-09-01 07:32:05 GS-1 -----------------------------------------------------
---[Monster]: Max RunDelay: 422; Max RunCount 3454
---[Human]: Max RunDelay: 47; [Socket]: Max RunDelay: 15
---[App]: Min PerSecRun: 53; Max RunDelay 0
-----------------------------------------------------
2019-09-01 07:37:06 GS-1 -----------------------------------------------------
---[Monster]: Max RunDelay: 328; Max RunCount 3318
---[Human]: Max RunDelay: 79; [Socket]: Max RunDelay: 15
---[App]: Min PerSecRun: 72; Max RunDelay 0
-----------------------------------------------------
2019-09-01 07:41:00 GS-1 09-01 07:41:00 User = 13 / 13
2019-09-01 07:42:07 GS-1 -----------------------------------------------------
---[Monster]: Max RunDelay: 266; Max RunCount 3297
---[Human]: Max RunDelay: 47; [Socket]: Max RunDelay: 15
---[App]: Min PerSecRun: 73; Max RunDelay 16
-----------------------------------------------------
2019-09-01 07:47:08 GS-1 -----------------------------------------------------
---[Monster]: Max RunDelay: 266; Max RunCount 3278
---[Human]: Max RunDelay: 47; [Socket]: Max RunDelay: 15
---[App]: Min PerSecRun: 74; Max RunDelay 0
-----------------------------------------------------
2019-09-01 07:51:00 GS-1 09-01 07:51:00 User = 12 / 12
2019-09-01 07:52:09 GS-1 -----------------------------------------------------
---[Monster]: Max RunDelay: 266; Max RunCount 3257
---[Human]: Max RunDelay: 47; [Socket]: Max RunDelay: 15
---[App]: Min PerSecRun: 72; Max RunDelay 15
-----------------------------------------------------
2019-09-01 07:57:10 GS-1 -----------------------------------------------------
---[Monster]: Max RunDelay: 281; Max RunCount 3376
---[Human]: Max RunDelay: 47; [Socket]: Max RunDelay: 15
---[App]: Min PerSecRun: 74; Max RunDelay 0
-----------------------------------------------------
2019-09-01 08:00:58 GS-1 载入商城热销商品列表，共33个。
2019-09-01 08:00:58 GS-1 ==> 加载商城热销榜:5
2019-09-01 08:01:00 GS-1 09-01 08:01:00 User = 12 / 12
2019-09-01 08:02:11 GS-1 -----------------------------------------------------
---[Monster]: Max RunDelay: 297; Max RunCount 3353
---[Human]: Max RunDelay: 78; [Socket]: Max RunDelay: 16
---[App]: Min PerSecRun: 72; Max RunDelay 0
-----------------------------------------------------
2019-09-01 08:03:57 GS-1 --ReInitializet-- 因为点击NPC失败，重新刷新NPC...
2019-09-01 08:03:58 GS-1 --ReInitializet-- 因为点击NPC失败，重新刷新NPC...
2019-09-01 08:07:12 GS-1 -----------------------------------------------------
---[Monster]: Max RunDelay: 328; Max RunCount 3398
---[Human]: Max RunDelay: 47; [Socket]: Max RunDelay: 16
---[App]: Min PerSecRun: 71; Max RunDelay 0
-----------------------------------------------------
2019-09-01 08:11:00 GS-1 09-01 08:11:00 User = 11 / 11
2019-09-01 08:12:13 GS-1 -----------------------------------------------------
---[Monster]: Max RunDelay: 406; Max RunCount 3408
---[Human]: Max RunDelay: 47; [Socket]: Max RunDelay: 16
---[App]: Min PerSecRun: 53; Max RunDelay 0
-----------------------------------------------------
2019-09-01 08:17:14 GS-1 -----------------------------------------------------
---[Monster]: Max RunDelay: 282; Max RunCount 3454
---[Human]: Max RunDelay: 47; [Socket]: Max RunDelay: 16
---[App]: Min PerSecRun: 74; Max RunDelay 0
-----------------------------------------------------
2019-09-01 08:21:00 GS-1 09-01 08:21:00 User = 12 / 12
2019-09-01 08:22:16 GS-1 -----------------------------------------------------
---[Monster]: Max RunDelay: 266; Max RunCount 3420
---[Human]: Max RunDelay: 47; [Socket]: Max RunDelay: 16
---[App]: Min PerSecRun: 72; Max RunDelay 0
-----------------------------------------------------
2019-09-01 08:27:17 GS-1 -----------------------------------------------------
---[Monster]: Max RunDelay: 282; Max RunCount 3413
---[Human]: Max RunDelay: 62; [Socket]: Max RunDelay: 16
---[App]: Min PerSecRun: 73; Max RunDelay 0
-----------------------------------------------------
2019-09-01 08:31:01 GS-1 09-01 08:31:01 User = 10 / 10
2019-09-01 08:32:18 GS-1 -----------------------------------------------------
---[Monster]: Max RunDelay: 437; Max RunCount 3471
---[Human]: Max RunDelay: 78; [Socket]: Max RunDelay: 16
---[App]: Min PerSecRun: 68; Max RunDelay 0
-----------------------------------------------------
2019-09-01 08:37:19 GS-1 -----------------------------------------------------
---[Monster]: Max RunDelay: 531; Max RunCount 3401
---[Human]: Max RunDelay: 47; [Socket]: Max RunDelay: 16
---[App]: Min PerSecRun: 53; Max RunDelay 16
-----------------------------------------------------
2019-09-01 08:41:01 GS-1 09-01 08:41:01 User = 12 / 12
2019-09-01 08:42:20 GS-1 -----------------------------------------------------
---[Monster]: Max RunDelay: 328; Max RunCount 3354
---[Human]: Max RunDelay: 47; [Socket]: Max RunDelay: 16
---[App]: Min PerSecRun: 71; Max RunDelay 0
-----------------------------------------------------
2019-09-01 08:47:21 GS-1 -----------------------------------------------------
---[Monster]: Max RunDelay: 312; Max RunCount 3376
---[Human]: Max RunDelay: 47; [Socket]: Max RunDelay: 16
---[App]: Min PerSecRun: 72; Max RunDelay 0
-----------------------------------------------------
2019-09-01 08:51:01 GS-1 09-01 08:51:01 User = 13 / 13
2019-09-01 08:52:22 GS-1 -----------------------------------------------------
---[Monster]: Max RunDelay: 281; Max RunCount 3382
---[Human]: Max RunDelay: 47; [Socket]: Max RunDelay: 16
---[App]: Min PerSecRun: 73; Max RunDelay 15
-----------------------------------------------------
2019-09-01 08:57:23 GS-1 -----------------------------------------------------
---[Monster]: Max RunDelay: 312; Max RunCount 3401
---[Human]: Max RunDelay: 62; [Socket]: Max RunDelay: 16
---[App]: Min PerSecRun: 72; Max RunDelay 0
-----------------------------------------------------
2019-09-01 08:59:38 GS-1 --ReInitializet-- 因为点击NPC失败，重新刷新NPC...
2019-09-01 08:59:40 GS-1 --ReInitializet-- 因为点击NPC失败，重新刷新NPC...
2019-09-01 08:59:41 GS-1 --ReInitializet-- 因为点击NPC失败，重新刷新NPC...
2019-09-01 08:59:41 GS-1 --ReInitializet-- 因为点击NPC失败，重新刷新NPC...
2019-09-01 09:00:59 GS-1 载入商城热销商品列表，共33个。
2019-09-01 09:00:59 GS-1 ==> 加载商城热销榜:5
2019-09-01 09:01:01 GS-1 09-01 09:01:01 User = 14 / 14
2019-09-01 09:02:24 GS-1 -----------------------------------------------------
---[Monster]: Max RunDelay: 610; Max RunCount 3443
---[Human]: Max RunDelay: 62; [Socket]: Max RunDelay: 16
---[App]: Min PerSecRun: 47; Max RunDelay 0
-----------------------------------------------------
2019-09-01 09:07:25 GS-1 -----------------------------------------------------
---[Monster]: Max RunDelay: 484; Max RunCount 3441
---[Human]: Max RunDelay: 47; [Socket]: Max RunDelay: 16
---[App]: Min PerSecRun: 53; Max RunDelay 0
-----------------------------------------------------
2019-09-01 09:11:01 GS-1 09-01 09:11:01 User = 12 / 12
2019-09-01 09:12:26 GS-1 -----------------------------------------------------
---[Monster]: Max RunDelay: 297; Max RunCount 3321
---[Human]: Max RunDelay: 47; [Socket]: Max RunDelay: 15
---[App]: Min PerSecRun: 73; Max RunDelay 0
-----------------------------------------------------
2019-09-01 09:17:27 GS-1 -----------------------------------------------------
---[Monster]: Max RunDelay: 219; Max RunCount 3376
---[Human]: Max RunDelay: 47; [Socket]: Max RunDelay: 15
---[App]: Min PerSecRun: 73; Max RunDelay 0
-----------------------------------------------------
2019-09-01 09:21:01 GS-1 09-01 09:21:01 User = 12 / 12
2019-09-01 09:22:28 GS-1 -----------------------------------------------------
---[Monster]: Max RunDelay: 188; Max RunCount 3328
---[Human]: Max RunDelay: 47; [Socket]: Max RunDelay: 15
---[App]: Min PerSecRun: 73; Max RunDelay 0
-----------------------------------------------------
2019-09-01 09:27:29 GS-1 -----------------------------------------------------
---[Monster]: Max RunDelay: 203; Max RunCount 3263
---[Human]: Max RunDelay: 78; [Socket]: Max RunDelay: 16
---[App]: Min PerSecRun: 73; Max RunDelay 16
-----------------------------------------------------
2019-09-01 09:31:01 GS-1 09-01 09:31:01 User = 13 / 13
2019-09-01 09:32:30 GS-1 -----------------------------------------------------
---[Monster]: Max RunDelay: 234; Max RunCount 3331
---[Human]: Max RunDelay: 63; [Socket]: Max RunDelay: 16
---[App]: Min PerSecRun: 73; Max RunDelay 16
-----------------------------------------------------
2019-09-01 09:33:57 GS-1   玩家： 印玉龙，邮件Idx:  926，功加载了 1附件。
2019-09-01 09:33:57 GS-1   玩家： 印玉龙，邮件Idx:  874，功加载了 1附件。
2019-09-01 09:33:57 GS-1   玩家： 印玉龙，邮件Idx:  885，功加载了 1附件。
2019-09-01 09:33:57 GS-1   玩家： 印玉龙，邮件Idx:  912，功加载了 1附件。
2019-09-01 09:37:31 GS-1 -----------------------------------------------------
---[Monster]: Max RunDelay: 219; Max RunCount 3293
---[Human]: Max RunDelay: 47; [Socket]: Max RunDelay: 16
---[App]: Min PerSecRun: 72; Max RunDelay 0
-----------------------------------------------------
2019-09-01 09:41:01 GS-1 09-01 09:41:01 User = 13 / 13
2019-09-01 09:42:32 GS-1 -----------------------------------------------------
---[Monster]: Max RunDelay: 687; Max RunCount 3376
---[Human]: Max RunDelay: 78; [Socket]: Max RunDelay: 16
---[App]: Min PerSecRun: 38; Max RunDelay 0
-----------------------------------------------------
2019-09-01 09:44:56 GS-1   玩家： 颜箫吟，邮件Idx:  929，功加载了 1附件。
2019-09-01 09:45:50 GS-1 --ReInitializet-- 因为点击NPC失败，重新刷新NPC...
2019-09-01 09:45:51 GS-1 --ReInitializet-- 因为点击NPC失败，重新刷新NPC...
2019-09-01 09:47:33 GS-1 -----------------------------------------------------
---[Monster]: Max RunDelay: 328; Max RunCount 3428
---[Human]: Max RunDelay: 47; [Socket]: Max RunDelay: 16
---[App]: Min PerSecRun: 70; Max RunDelay 0
-----------------------------------------------------
2019-09-01 09:48:51 GS-1   玩家： 聆听心雨，邮件Idx:  930，功加载了 18附件。
2019-09-01 09:51:01 GS-1 09-01 09:51:01 User = 14 / 14
2019-09-01 09:52:34 GS-1 -----------------------------------------------------
---[Monster]: Max RunDelay: 485; Max RunCount 3608
---[Human]: Max RunDelay: 47; [Socket]: Max RunDelay: 16
---[App]: Min PerSecRun: 47; Max RunDelay 0
-----------------------------------------------------
2019-09-01 09:57:35 GS-1 -----------------------------------------------------
---[Monster]: Max RunDelay: 297; Max RunCount 3355
---[Human]: Max RunDelay: 63; [Socket]: Max RunDelay: 15
---[App]: Min PerSecRun: 73; Max RunDelay 0
-----------------------------------------------------
2019-09-01 10:00:59 GS-1 载入商城热销商品列表，共33个。
2019-09-01 10:00:59 GS-1 ==> 加载商城热销榜:5
2019-09-01 10:01:01 GS-1 09-01 10:01:01 User = 14 / 14
2019-09-01 10:02:36 GS-1 -----------------------------------------------------
---[Monster]: Max RunDelay: 391; Max RunCount 3546
---[Human]: Max RunDelay: 47; [Socket]: Max RunDelay: 15
---[App]: Min PerSecRun: 53; Max RunDelay 0
-----------------------------------------------------
2019-09-01 10:05:18 GS-1 --ReInitializet-- 因为点击NPC失败，重新刷新NPC...
2019-09-01 10:07:37 GS-1 -----------------------------------------------------
---[Monster]: Max RunDelay: 282; Max RunCount 3422
---[Human]: Max RunDelay: 47; [Socket]: Max RunDelay: 15
---[App]: Min PerSecRun: 70; Max RunDelay 16
-----------------------------------------------------
2019-09-01 10:11:01 GS-1 09-01 10:11:01 User = 14 / 14
2019-09-01 10:11:18 GS-1 [脚本(散财猪.pas)缺函数]: AfterScatterItems
2019-09-01 10:12:34 GS-1 [脚本(散财猪.pas)缺函数]: AfterScatterItems
2019-09-01 10:12:38 GS-1 -----------------------------------------------------
---[Monster]: Max RunDelay: 281; Max RunCount 3476
---[Human]: Max RunDelay: 62; [Socket]: Max RunDelay: 15
---[App]: Min PerSecRun: 72; Max RunDelay 0
-----------------------------------------------------
2019-09-01 10:16:48 GS-1 --ReInitializet-- 因为点击NPC失败，重新刷新NPC...
2019-09-01 10:17:39 GS-1 -----------------------------------------------------
---[Monster]: Max RunDelay: 281; Max RunCount 3330
---[Human]: Max RunDelay: 47; [Socket]: Max RunDelay: 15
---[App]: Min PerSecRun: 72; Max RunDelay 0
-----------------------------------------------------
2019-09-01 10:21:01 GS-1 09-01 10:21:01 User = 14 / 14
2019-09-01 10:22:40 GS-1 -----------------------------------------------------
---[Monster]: Max RunDelay: 297; Max RunCount 3332
---[Human]: Max RunDelay: 63; [Socket]: Max RunDelay: 16
---[App]: Min PerSecRun: 73; Max RunDelay 0
-----------------------------------------------------
2019-09-01 10:27:41 GS-1 -----------------------------------------------------
---[Monster]: Max RunDelay: 312; Max RunCount 3414
---[Human]: Max RunDelay: 47; [Socket]: Max RunDelay: 16
---[App]: Min PerSecRun: 71; Max RunDelay 15
-----------------------------------------------------
2019-09-01 10:31:01 GS-1 09-01 10:31:01 User = 13 / 13
2019-09-01 10:32:42 GS-1 -----------------------------------------------------
---[Monster]: Max RunDelay: 407; Max RunCount 3524
---[Human]: Max RunDelay: 47; [Socket]: Max RunDelay: 16
---[App]: Min PerSecRun: 64; Max RunDelay 0
-----------------------------------------------------
2019-09-01 10:37:42 GS-1 -----------------------------------------------------
---[Monster]: Max RunDelay: 547; Max RunCount 3501
---[Human]: Max RunDelay: 47; [Socket]: Max RunDelay: 16
---[App]: Min PerSecRun: 59; Max RunDelay 0
-----------------------------------------------------
2019-09-01 10:41:01 GS-1 09-01 10:41:01 User = 13 / 13
2019-09-01 10:42:43 GS-1 -----------------------------------------------------
---[Monster]: Max RunDelay: 282; Max RunCount 3395
---[Human]: Max RunDelay: 47; [Socket]: Max RunDelay: 16
---[App]: Min PerSecRun: 72; Max RunDelay 0
-----------------------------------------------------
2019-09-01 10:47:44 GS-1 -----------------------------------------------------
---[Monster]: Max RunDelay: 594; Max RunCount 3541
---[Human]: Max RunDelay: 47; [Socket]: Max RunDelay: 16
---[App]: Min PerSecRun: 51; Max RunDelay 0
-----------------------------------------------------
2019-09-01 10:51:01 GS-1 09-01 10:51:01 User = 13 / 13
2019-09-01 10:52:45 GS-1 -----------------------------------------------------
---[Monster]: Max RunDelay: 281; Max RunCount 3488
---[Human]: Max RunDelay: 47; [Socket]: Max RunDelay: 16
---[App]: Min PerSecRun: 73; Max RunDelay 0
-----------------------------------------------------
2019-09-01 10:57:46 GS-1 -----------------------------------------------------
---[Monster]: Max RunDelay: 297; Max RunCount 3446
---[Human]: Max RunDelay: 47; [Socket]: Max RunDelay: 16
---[App]: Min PerSecRun: 70; Max RunDelay 16
-----------------------------------------------------
2019-09-01 11:00:40 GS-1   玩家： 大圣归来，邮件Idx:  922，功加载了 1附件。
2019-09-01 11:00:40 GS-1   玩家： 大圣归来，邮件Idx:  923，功加载了 1附件。
2019-09-01 11:00:40 GS-1   玩家： 大圣归来，邮件Idx:  924，功加载了 1附件。
2019-09-01 11:00:40 GS-1   玩家： 大圣归来，邮件Idx:  925，功加载了 1附件。
2019-09-01 11:00:40 GS-1   玩家： 大圣归来，邮件Idx:  893，功加载了 1附件。
2019-09-01 11:00:40 GS-1   玩家： 大圣归来，邮件Idx:  901，功加载了 1附件。
2019-09-01 11:00:40 GS-1   玩家： 大圣归来，邮件Idx:  902，功加载了 1附件。
2019-09-01 11:00:49 GS-1 [Error]: ==> YBSocketError, ErrorCode=10060
2019-09-01 11:00:59 GS-1 载入商城热销商品列表，共33个。
2019-09-01 11:00:59 GS-1 ==> 加载商城热销榜:5
2019-09-01 11:01:01 GS-1 09-01 11:01:01 User = 13 / 13
2019-09-01 11:02:47 GS-1 -----------------------------------------------------
---[Monster]: Max RunDelay: 437; Max RunCount 3608
---[Human]: Max RunDelay: 47; [Socket]: Max RunDelay: 16
---[App]: Min PerSecRun: 54; Max RunDelay 0
-----------------------------------------------------
2019-09-01 11:07:48 GS-1 -----------------------------------------------------
---[Monster]: Max RunDelay: 313; Max RunCount 3593
---[Human]: Max RunDelay: 78; [Socket]: Max RunDelay: 16
---[App]: Min PerSecRun: 70; Max RunDelay 0
-----------------------------------------------------
2019-09-01 11:11:01 GS-1 09-01 11:11:01 User = 7 / 7
2019-09-01 11:12:49 GS-1 -----------------------------------------------------
---[Monster]: Max RunDelay: 562; Max RunCount 3609
---[Human]: Max RunDelay: 47; [Socket]: Max RunDelay: 15
---[App]: Min PerSecRun: 53; Max RunDelay 0
-----------------------------------------------------
2019-09-01 11:17:51 GS-1 -----------------------------------------------------
---[Monster]: Max RunDelay: 281; Max RunCount 3628
---[Human]: Max RunDelay: 47; [Socket]: Max RunDelay: 16
---[App]: Min PerSecRun: 72; Max RunDelay 16
-----------------------------------------------------
2019-09-01 11:21:02 GS-1 09-01 11:21:02 User = 21 / 21
2019-09-01 11:22:52 GS-1 -----------------------------------------------------
---[Monster]: Max RunDelay: 282; Max RunCount 3662
---[Human]: Max RunDelay: 62; [Socket]: Max RunDelay: 16
---[App]: Min PerSecRun: 71; Max RunDelay 0
-----------------------------------------------------
2019-09-01 11:27:53 GS-1 -----------------------------------------------------
---[Monster]: Max RunDelay: 406; Max RunCount 3672
---[Human]: Max RunDelay: 47; [Socket]: Max RunDelay: 16
---[App]: Min PerSecRun: 57; Max RunDelay 0
-----------------------------------------------------
2019-09-01 11:31:02 GS-1 09-01 11:31:02 User = 23 / 23
2019-09-01 11:32:54 GS-1 -----------------------------------------------------
---[Monster]: Max RunDelay: 313; Max RunCount 3494
---[Human]: Max RunDelay: 62; [Socket]: Max RunDelay: 16
---[App]: Min PerSecRun: 68; Max RunDelay 0
-----------------------------------------------------
2019-09-01 11:37:54 GS-1 -----------------------------------------------------
---[Monster]: Max RunDelay: 547; Max RunCount 3633
---[Human]: Max RunDelay: 141; [Socket]: Max RunDelay: 16
---[App]: Min PerSecRun: 52; Max RunDelay 0
-----------------------------------------------------
2019-09-01 11:41:02 GS-1 09-01 11:41:02 User = 22 / 22
2019-09-01 11:42:54 GS-1 -----------------------------------------------------
---[Monster]: Max RunDelay: 578; Max RunCount 3668
---[Human]: Max RunDelay: 250; [Socket]: Max RunDelay: 31
---[App]: Min PerSecRun: 52; Max RunDelay 0
-----------------------------------------------------
2019-09-01 11:47:55 GS-1 -----------------------------------------------------
---[Monster]: Max RunDelay: 297; Max RunCount 3406
---[Human]: Max RunDelay: 47; [Socket]: Max RunDelay: 16
---[App]: Min PerSecRun: 71; Max RunDelay 0
-----------------------------------------------------
2019-09-01 11:51:02 GS-1 09-01 11:51:02 User = 22 / 22
2019-09-01 11:52:56 GS-1 -----------------------------------------------------
---[Monster]: Max RunDelay: 719; Max RunCount 3777
---[Human]: Max RunDelay: 141; [Socket]: Max RunDelay: 16
---[App]: Min PerSecRun: 41; Max RunDelay 16
-----------------------------------------------------
2019-09-01 11:57:57 GS-1 -----------------------------------------------------
---[Monster]: Max RunDelay: 578; Max RunCount 3767
---[Human]: Max RunDelay: 219; [Socket]: Max RunDelay: 16
---[App]: Min PerSecRun: 46; Max RunDelay 16
-----------------------------------------------------
2019-09-01 12:00:00 GS-1 载入商城物品列表，共5个类别，40种商品
2019-09-01 12:00:00 GS-1 ==> 加载商城物品 装饰类：11/11
2019-09-01 12:00:00 GS-1 ==> 加载商城物品 补给类：5/5
2019-09-01 12:00:00 GS-1 ==> 加载商城物品 强化类：15/15
2019-09-01 12:00:00 GS-1 ==> 加载商城物品 限量类：7/7
2019-09-01 12:00:00 GS-1 ==> 加载商城物品 好友类：2/2
2019-09-01 12:00:00 GS-1 ==> 加载商城物品 类：0/0
2019-09-01 12:00:00 GS-1 ==> 加载商城物品 类：0/0
2019-09-01 12:00:00 GS-1 ==> 加载商城物品 类：0/0
2019-09-01 12:00:59 GS-1 载入商城热销商品列表，共33个。
2019-09-01 12:00:59 GS-1 ==> 加载商城热销榜:5
2019-09-01 12:01:02 GS-1 09-01 12:01:02 User = 8 / 8
2019-09-01 12:02:57 GS-1 -----------------------------------------------------
---[Monster]: Max RunDelay: 453; Max RunCount 3609
---[Human]: Max RunDelay: 47; [Socket]: Max RunDelay: 63
---[App]: Min PerSecRun: 64; Max RunDelay 0
-----------------------------------------------------
2019-09-01 12:04:58 GS-1 [脚本(散财猪.pas)缺函数]: AfterScatterItems
2019-09-01 12:07:58 GS-1 -----------------------------------------------------
---[Monster]: Max RunDelay: 282; Max RunCount 3499
---[Human]: Max RunDelay: 47; [Socket]: Max RunDelay: 16
---[App]: Min PerSecRun: 74; Max RunDelay 15
-----------------------------------------------------
2019-09-01 12:11:03 GS-1 09-01 12:11:03 User = 8 / 8
2019-09-01 12:13:00 GS-1 -----------------------------------------------------
---[Monster]: Max RunDelay: 281; Max RunCount 3344
---[Human]: Max RunDelay: 47; [Socket]: Max RunDelay: 16
---[App]: Min PerSecRun: 74; Max RunDelay 0
-----------------------------------------------------
2019-09-01 12:18:01 GS-1 -----------------------------------------------------
---[Monster]: Max RunDelay: 485; Max RunCount 3617
---[Human]: Max RunDelay: 125; [Socket]: Max RunDelay: 16
---[App]: Min PerSecRun: 52; Max RunDelay 0
-----------------------------------------------------
2019-09-01 12:21:03 GS-1 09-01 12:21:03 User = 7 / 7
2019-09-01 12:23:02 GS-1 -----------------------------------------------------
---[Monster]: Max RunDelay: 641; Max RunCount 3661
---[Human]: Max RunDelay: 31; [Socket]: Max RunDelay: 16
---[App]: Min PerSecRun: 46; Max RunDelay 0
-----------------------------------------------------
2019-09-01 12:28:02 GS-1 -----------------------------------------------------
---[Monster]: Max RunDelay: 484; Max RunCount 3618
---[Human]: Max RunDelay: 235; [Socket]: Max RunDelay: 16
---[App]: Min PerSecRun: 51; Max RunDelay 0
-----------------------------------------------------
2019-09-01 12:28:06 GS-1   玩家： 韦玉泽，邮件Idx:  934，功加载了 1附件。
2019-09-01 12:31:03 GS-1 09-01 12:31:03 User = 21 / 21
2019-09-01 12:31:57 GS-1   玩家： 贺兰依珊，邮件Idx:  915，功加载了 1附件。
2019-09-01 12:32:01 GS-1   玩家： 贺兰依珊，邮件Idx:  910，功加载了 1附件。
2019-09-01 12:33:03 GS-1 -----------------------------------------------------
---[Monster]: Max RunDelay: 453; Max RunCount 3668
---[Human]: Max RunDelay: 63; [Socket]: Max RunDelay: 16
---[App]: Min PerSecRun: 62; Max RunDelay 0
-----------------------------------------------------
2019-09-01 12:38:04 GS-1 -----------------------------------------------------
---[Monster]: Max RunDelay: 485; Max RunCount 3668
---[Human]: Max RunDelay: 282; [Socket]: Max RunDelay: 32
---[App]: Min PerSecRun: 56; Max RunDelay 0
-----------------------------------------------------
2019-09-01 12:41:03 GS-1 09-01 12:41:03 User = 17 / 17
2019-09-01 12:41:35 GS-1   玩家： 国绍祺，邮件Idx:  876，功加载了 1附件。
2019-09-01 12:43:05 GS-1 -----------------------------------------------------
---[Monster]: Max RunDelay: 641; Max RunCount 3633
---[Human]: Max RunDelay: 313; [Socket]: Max RunDelay: 16
---[App]: Min PerSecRun: 46; Max RunDelay 16
-----------------------------------------------------
2019-09-01 12:48:06 GS-1 -----------------------------------------------------
---[Monster]: Max RunDelay: 562; Max RunCount 3643
---[Human]: Max RunDelay: 219; [Socket]: Max RunDelay: 16
---[App]: Min PerSecRun: 51; Max RunDelay 0
-----------------------------------------------------
2019-09-01 12:51:04 GS-1 09-01 12:51:04 User = 15 / 15
2019-09-01 12:53:07 GS-1 -----------------------------------------------------
---[Monster]: Max RunDelay: 500; Max RunCount 3671
---[Human]: Max RunDelay: 235; [Socket]: Max RunDelay: 15
---[App]: Min PerSecRun: 50; Max RunDelay 0
-----------------------------------------------------
2019-09-01 12:58:08 GS-1 -----------------------------------------------------
---[Monster]: Max RunDelay: 359; Max RunCount 3377
---[Human]: Max RunDelay: 94; [Socket]: Max RunDelay: 16
---[App]: Min PerSecRun: 63; Max RunDelay 0
-----------------------------------------------------
2019-09-01 13:01:00 GS-1 载入商城热销商品列表，共33个。
2019-09-01 13:01:00 GS-1 ==> 加载商城热销榜:5
2019-09-01 13:01:04 GS-1 09-01 13:01:04 User = 15 / 15
2019-09-01 13:03:09 GS-1 -----------------------------------------------------
---[Monster]: Max RunDelay: 344; Max RunCount 3559
---[Human]: Max RunDelay: 63; [Socket]: Max RunDelay: 16
---[App]: Min PerSecRun: 68; Max RunDelay 0
-----------------------------------------------------
2019-09-01 13:07:30 GS-1   玩家： 养馨荣，邮件Idx:  888，功加载了 2附件。
2019-09-01 13:08:10 GS-1 -----------------------------------------------------
---[Monster]: Max RunDelay: 922; Max RunCount 3703
---[Human]: Max RunDelay: 219; [Socket]: Max RunDelay: 16
---[App]: Min PerSecRun: 14; Max RunDelay 0
-----------------------------------------------------
2019-09-01 13:11:04 GS-1 09-01 13:11:04 User = 14 / 14
2019-09-01 13:13:11 GS-1 -----------------------------------------------------
---[Monster]: Max RunDelay: 579; Max RunCount 3702
---[Human]: Max RunDelay: 125; [Socket]: Max RunDelay: 16
---[App]: Min PerSecRun: 49; Max RunDelay 15
-----------------------------------------------------
2019-09-01 13:18:12 GS-1 -----------------------------------------------------
---[Monster]: Max RunDelay: 468; Max RunCount 3721
---[Human]: Max RunDelay: 250; [Socket]: Max RunDelay: 16
---[App]: Min PerSecRun: 58; Max RunDelay 0
-----------------------------------------------------
2019-09-01 13:21:04 GS-1 09-01 13:21:04 User = 14 / 14
2019-09-01 13:23:13 GS-1 -----------------------------------------------------
---[Monster]: Max RunDelay: 297; Max RunCount 3574
---[Human]: Max RunDelay: 62; [Socket]: Max RunDelay: 15
---[App]: Min PerSecRun: 73; Max RunDelay 16
-----------------------------------------------------
2019-09-01 13:28:14 GS-1 -----------------------------------------------------
---[Monster]: Max RunDelay: 297; Max RunCount 3678
---[Human]: Max RunDelay: 78; [Socket]: Max RunDelay: 16
---[App]: Min PerSecRun: 72; Max RunDelay 0
-----------------------------------------------------
2019-09-01 13:31:04 GS-1 09-01 13:31:04 User = 14 / 14
2019-09-01 13:33:14 GS-1 -----------------------------------------------------
---[Monster]: Max RunDelay: 391; Max RunCount 3655
---[Human]: Max RunDelay: 250; [Socket]: Max RunDelay: 16
---[App]: Min PerSecRun: 56; Max RunDelay 0
-----------------------------------------------------
2019-09-01 13:34:44 GS-1   玩家： 下雨天，邮件Idx:  938，功加载了 1附件。
2019-09-01 13:38:15 GS-1 -----------------------------------------------------
---[Monster]: Max RunDelay: 515; Max RunCount 3681
---[Human]: Max RunDelay: 47; [Socket]: Max RunDelay: 16
---[App]: Min PerSecRun: 50; Max RunDelay 0
-----------------------------------------------------
2019-09-01 13:41:04 GS-1 09-01 13:41:04 User = 16 / 16
2019-09-01 13:43:17 GS-1 -----------------------------------------------------
---[Monster]: Max RunDelay: 515; Max RunCount 3737
---[Human]: Max RunDelay: 156; [Socket]: Max RunDelay: 31
---[App]: Min PerSecRun: 57; Max RunDelay 16
-----------------------------------------------------
2019-09-01 13:48:18 GS-1 -----------------------------------------------------
---[Monster]: Max RunDelay: 641; Max RunCount 3705
---[Human]: Max RunDelay: 328; [Socket]: Max RunDelay: 78
---[App]: Min PerSecRun: 44; Max RunDelay 0
-----------------------------------------------------
2019-09-01 13:51:05 GS-1 09-01 13:51:05 User = 15 / 15
2019-09-01 13:51:12 GS-1   玩家： 虞嘉年，邮件Idx:  935，功加载了 1附件。
2019-09-01 13:53:19 GS-1 -----------------------------------------------------
---[Monster]: Max RunDelay: 641; Max RunCount 3657
---[Human]: Max RunDelay: 109; [Socket]: Max RunDelay: 16
---[App]: Min PerSecRun: 57; Max RunDelay 0
-----------------------------------------------------
2019-09-01 13:58:20 GS-1 -----------------------------------------------------
---[Monster]: Max RunDelay: 391; Max RunCount 3638
---[Human]: Max RunDelay: 62; [Socket]: Max RunDelay: 16
---[App]: Min PerSecRun: 59; Max RunDelay 15
-----------------------------------------------------
2019-09-01 14:01:00 GS-1 载入商城热销商品列表，共33个。
2019-09-01 14:01:00 GS-1 ==> 加载商城热销榜:5
2019-09-01 14:01:05 GS-1 09-01 14:01:05 User = 17 / 17
2019-09-01 14:03:19 GS-1 -----------------------------------------------------
---[Monster]: Max RunDelay: 625; Max RunCount 3665
---[Human]: Max RunDelay: 125; [Socket]: Max RunDelay: 16
---[App]: Min PerSecRun: 43; Max RunDelay 16
-----------------------------------------------------
2019-09-01 14:08:20 GS-1 -----------------------------------------------------
---[Monster]: Max RunDelay: 485; Max RunCount 3817
---[Human]: Max RunDelay: 63; [Socket]: Max RunDelay: 16
---[App]: Min PerSecRun: 45; Max RunDelay 0
-----------------------------------------------------
2019-09-01 14:11:05 GS-1 09-01 14:11:05 User = 16 / 16
2019-09-01 14:13:21 GS-1 -----------------------------------------------------
---[Monster]: Max RunDelay: 343; Max RunCount 3783
---[Human]: Max RunDelay: 62; [Socket]: Max RunDelay: 16
---[App]: Min PerSecRun: 69; Max RunDelay 0
-----------------------------------------------------
2019-09-01 14:18:22 GS-1 -----------------------------------------------------
---[Monster]: Max RunDelay: 734; Max RunCount 3835
---[Human]: Max RunDelay: 297; [Socket]: Max RunDelay: 32
---[App]: Min PerSecRun: 38; Max RunDelay 16
-----------------------------------------------------
2019-09-01 14:21:05 GS-1 09-01 14:21:05 User = 16 / 16
2019-09-01 14:23:24 GS-1 -----------------------------------------------------
---[Monster]: Max RunDelay: 562; Max RunCount 3697
---[Human]: Max RunDelay: 78; [Socket]: Max RunDelay: 16
---[App]: Min PerSecRun: 59; Max RunDelay 0
-----------------------------------------------------
2019-09-01 14:28:25 GS-1 -----------------------------------------------------
---[Monster]: Max RunDelay: 719; Max RunCount 3698
---[Human]: Max RunDelay: 156; [Socket]: Max RunDelay: 32
---[App]: Min PerSecRun: 48; Max RunDelay 0
-----------------------------------------------------
2019-09-01 14:31:06 GS-1 09-01 14:31:06 User = 15 / 15
2019-09-01 14:33:24 GS-1 -----------------------------------------------------
---[Monster]: Max RunDelay: 750; Max RunCount 3756
---[Human]: Max RunDelay: 235; [Socket]: Max RunDelay: 219
---[App]: Min PerSecRun: 32; Max RunDelay 0
-----------------------------------------------------
2019-09-01 14:34:29 GS-1   玩家： 大圣归来，邮件Idx:  936，功加载了 1附件。
2019-09-01 14:36:39 GS-1   玩家： 聆听心雨，邮件Idx:  898，功加载了 1附件。
2019-09-01 14:36:39 GS-1   玩家： 聆听心雨，邮件Idx:  920，功加载了 1附件。
2019-09-01 14:38:26 GS-1 -----------------------------------------------------
---[Monster]: Max RunDelay: 750; Max RunCount 3714
---[Human]: Max RunDelay: 531; [Socket]: Max RunDelay: 16
---[App]: Min PerSecRun: 38; Max RunDelay 0
-----------------------------------------------------
2019-09-01 14:41:07 GS-1 09-01 14:41:07 User = 15 / 15
2019-09-01 14:43:27 GS-1 -----------------------------------------------------
---[Monster]: Max RunDelay: 781; Max RunCount 3693
---[Human]: Max RunDelay: 250; [Socket]: Max RunDelay: 16
---[App]: Min PerSecRun: 51; Max RunDelay 0
-----------------------------------------------------
2019-09-01 14:48:28 GS-1 -----------------------------------------------------
---[Monster]: Max RunDelay: 281; Max RunCount 3659
---[Human]: Max RunDelay: 78; [Socket]: Max RunDelay: 16
---[App]: Min PerSecRun: 72; Max RunDelay 0
-----------------------------------------------------
2019-09-01 14:51:07 GS-1 09-01 14:51:07 User = 15 / 15
2019-09-01 14:53:29 GS-1 -----------------------------------------------------
---[Monster]: Max RunDelay: 687; Max RunCount 3695
---[Human]: Max RunDelay: 437; [Socket]: Max RunDelay: 47
---[App]: Min PerSecRun: 38; Max RunDelay 0
-----------------------------------------------------
2019-09-01 14:58:30 GS-1 -----------------------------------------------------
---[Monster]: Max RunDelay: 703; Max RunCount 3516
---[Human]: Max RunDelay: 125; [Socket]: Max RunDelay: 32
---[App]: Min PerSecRun: 39; Max RunDelay 15
-----------------------------------------------------
2019-09-01 15:01:01 GS-1 载入商城热销商品列表，共33个。
2019-09-01 15:01:01 GS-1 ==> 加载商城热销榜:5
2019-09-01 15:01:08 GS-1 09-01 15:01:08 User = 15 / 15
2019-09-01 15:01:41 GS-1 [脚本(散财猪.pas)缺函数]: AfterScatterItems
2019-09-01 15:03:31 GS-1 -----------------------------------------------------
---[Monster]: Max RunDelay: 656; Max RunCount 3757
---[Human]: Max RunDelay: 63; [Socket]: Max RunDelay: 16
---[App]: Min PerSecRun: 38; Max RunDelay 0
-----------------------------------------------------
2019-09-01 15:08:32 GS-1 -----------------------------------------------------
---[Monster]: Max RunDelay: 766; Max RunCount 3752
---[Human]: Max RunDelay: 235; [Socket]: Max RunDelay: 16
---[App]: Min PerSecRun: 31; Max RunDelay 16
-----------------------------------------------------
2019-09-01 15:11:08 GS-1 09-01 15:11:08 User = 14 / 14
2019-09-01 15:13:33 GS-1 -----------------------------------------------------
---[Monster]: Max RunDelay: 500; Max RunCount 3688
---[Human]: Max RunDelay: 203; [Socket]: Max RunDelay: 16
---[App]: Min PerSecRun: 53; Max RunDelay 0
-----------------------------------------------------
2019-09-01 15:18:34 GS-1 -----------------------------------------------------
---[Monster]: Max RunDelay: 781; Max RunCount 3658
---[Human]: Max RunDelay: 563; [Socket]: Max RunDelay: 16
---[App]: Min PerSecRun: 35; Max RunDelay 15
-----------------------------------------------------
2019-09-01 15:21:08 GS-1 09-01 15:21:08 User = 15 / 15
2019-09-01 15:23:35 GS-1 -----------------------------------------------------
---[Monster]: Max RunDelay: 704; Max RunCount 3751
---[Human]: Max RunDelay: 172; [Socket]: Max RunDelay: 16
---[App]: Min PerSecRun: 34; Max RunDelay 0
-----------------------------------------------------
2019-09-01 15:28:36 GS-1 -----------------------------------------------------
---[Monster]: Max RunDelay: 859; Max RunCount 3747
---[Human]: Max RunDelay: 562; [Socket]: Max RunDelay: 16
---[App]: Min PerSecRun: 25; Max RunDelay 0
-----------------------------------------------------
2019-09-01 15:30:05 GS-1 15:30:05 Gate 1 (49.234.26.20) 关闭
2019-09-01 15:30:05 GS-1 [Warning]: 与DB 服务器断开连接....
2019-09-01 15:30:10 GS-1 释放--魔龙冰晶升级对象--结束
2019-09-01 15:30:10 GS-1 释放--天赐宝箱1--结束
2019-09-01 15:30:10 GS-1 释放--天赐宝箱2--结束
2019-09-01 15:30:10 GS-1 释放--一点充--结束
2019-09-01 15:30:10 GS-1 释放--事件管理对象--结束
2019-09-01 15:30:10 GS-1 释放--任务管理对象--结束
2019-09-01 15:30:10 GS-1 释放--升级提醒管理对象--结束
2019-09-01 15:30:10 GS-1 释放--GDMsg管理对象--结束
2019-09-01 15:30:10 GS-1 释放--跨地图寻路管理对象--结束
2019-09-01 15:30:10 GS-1 释放--沙巴克管理对象--结束
2019-09-01 15:30:10 GS-1 释放--中央活动服务器客户端--结束
2019-09-01 15:30:10 GS-1 释放--乾坤包--结束
2019-09-01 15:30:10 GS-1 正在清除模块-卧龙英雄管理-的配置表d:\Mud2.0\Mir200\Share\EngineConfig\卧龙英雄管理\Fortress-HERO1.txt
2019-09-01 15:30:10 GS-1 正在清除模块-卧龙英雄管理-的配置表d:\Mud2.0\Mir200\Share\EngineConfig\卧龙英雄管理\Fortress.txt
2019-09-01 15:30:10 GS-1 正在清除模块-游戏元素点阵管理-的配置表d:\Mud2.0\Mir200\Share\EngineConfig\游戏元素点阵管理\GMActEvent.txt
2019-09-01 15:30:10 GS-1 正在清除模块-信用分管理-的配置表d:\Mud2.0\Mir200\Share\EngineConfig\信用分管理\PlayerActivePoint.xml
2019-09-01 15:30:10 GS-1 正在清除模块-信用分管理-的配置表d:\Mud2.0\Mir200\Share\EngineConfig\信用分管理\MapActivePoint.xml
2019-09-01 15:30:10 GS-1 正在清除模块-摆摊交易-的配置表d:\Mud2.0\Mir200\Share\EngineConfig\摆摊交易\摊位基础设置.ini
2019-09-01 15:30:10 GS-1 正在清除模块-元宝商城管理-的配置表d:\Mud2.0\Mir200\Share\EngineConfig\元宝商城管理\YBGoods.sql
2019-09-01 15:30:10 GS-1 正在清除模块-小助手管理-的配置表d:\Mud2.0\Mir200\Share\EngineConfig\小助手管理\小助手.txt
2019-09-01 15:30:10 GS-1 正在清除模块-静态地图管理-的配置表d:\Mud2.0\Mir200\Share\EngineConfig\静态地图管理\MapDropLimitBagItems.xml
2019-09-01 15:30:10 GS-1 正在清除模块-装备合成管理-的配置表d:\Mud2.0\Mir200\Share\EngineConfig\装备合成管理\StrengthenEquip.xml
2019-09-01 15:30:10 GS-1 正在清除模块-藏宝图管理-的配置表d:\Mud2.0\Mir200\Share\EngineConfig\藏宝图管理\修复藏宝图.txt
2019-09-01 15:30:10 GS-1 正在清除模块-藏宝图管理-的配置表d:\Mud2.0\Mir200\Share\EngineConfig\藏宝图管理\魔龙藏宝图合成装备.txt
2019-09-01 15:30:10 GS-1 正在清除模块-衣服升级管理-的配置表d:\Mud2.0\Mir200\Share\EngineConfig\衣服升级管理\UpdateClothes.xml
2019-09-01 15:30:10 GS-1 正在清除模块-道具管理-的配置表d:\Mud2.0\Mir200\Share\EngineConfig\道具管理\宝石配置.txt
2019-09-01 15:30:10 GS-1 正在清除模块-世界暴率管理-的配置表d:\Mud2.0\Mir200\Share\EngineConfig\世界暴率管理\世界爆率文件1.txt
2019-09-01 15:30:10 GS-1 释放--跨GS消息管理对象--结束
2019-09-01 15:30:10 GS-1 释放--gate管理对象--结束
2019-09-01 15:30:10 GS-1 释放--魔法管理对象--结束
2019-09-01 15:30:10 GS-1 释放--套装管理对象--结束
2019-09-01 15:30:10 GS-1 释放--新暴率管理对象--结束
2019-09-01 15:30:10 GS-1 释放--角色信息初始化管理对象--结束
2019-09-01 15:30:10 GS-1 释放--GS本地日志--结束
2019-09-01 15:30:10 GS-1 释放--DBEngn对象--结束
2019-09-01 15:30:10 GS-1 释放--任务列表--结束
2019-09-01 15:30:10 GS-1 释放--buffer管理类--结束
2019-09-01 15:30:10 GS-1 释放--排行榜--结束
2019-09-01 15:30:10 GS-1 释放--免费回收--结束
2019-09-01 15:30:10 GS-1 释放--mysql对象--结束
2019-09-01 15:30:10 GS-1 ================ 服务停止 ==============
