2019-07-20 02:21:29 GS-1 -----------------------------------------------------
---[Monster]: Max RunDelay: 0; Max RunCount 0
---[Human]: Max RunDelay: 0; [Socket]: Max RunDelay: 0
---[App]: Min PerSecRun: 100; Max RunDelay 0
-----------------------------------------------------
2019-07-20 02:21:29 GS-1 ================ 服务启动 ==============
2019-07-20 02:21:29 GS-1 TPlayerBody Size - 1616
2019-07-20 02:21:29 GS-1 TPlayerDB Size - 61608
2019-07-20 02:21:29 GS-1 ======== 连接MySQL成功 =======
2019-07-20 02:21:29 GS-1 *** ***Gamelog 的下次清理时间为 : 07月27日03时*** ***
2019-07-20 02:21:29 GS-1 ==加载GM指令定义完成==
2019-07-20 02:21:29 GS-1 与 DB 服务器连接成功
2019-07-20 02:21:29 GS-1 [Error]: 火龙珠奖励配置错误！
2019-07-20 02:21:29 GS-1 [Error]: 抽取概率错误:赤金天赐->宝箱1:概率7
2019-07-20 02:21:29 GS-1 [Error]: 抽取概率错误:白银天赐->宝箱1:概率7
2019-07-20 02:21:29 GS-1 [Error]: 抽取概率错误:紫铜天赐->宝箱1:概率7
2019-07-20 02:21:29 GS-1 [Error]: 抽取概率错误:神秘天赐->宝箱1:概率7
2019-07-20 02:21:29 GS-1 [Error]: 抽取概率错误:檀木天赐->宝箱1:概率7
2019-07-20 02:21:29 GS-1 [Error]: 抽取概率错误:宝藏天赐 ->宝箱1:概率7
2019-07-20 02:21:29 GS-1 [Error]: StdItems 不存在的天赐：新年天赐
2019-07-20 02:21:29 GS-1 [Error]: StdItems 不存在的钥匙：新年钥匙
2019-07-20 02:21:29 GS-1 [Error]: StdItems 不存在的钥匙：春节钥匙
2019-07-20 02:21:29 GS-1 [Error]: StdItems 不存在的钥匙：节日钥匙
2019-07-20 02:21:29 GS-1 [Error]: StdItems 不存在的天赐：感恩天赐
2019-07-20 02:21:29 GS-1 [Error]: StdItems 不存在的钥匙：感恩钥匙
2019-07-20 02:21:29 GS-1 系统参数初始化完毕
2019-07-20 02:21:29 GS-1 [Error]: 缺少脚本文件:d:\Mud2.0\Mir200\Envir\PsNpcScripts\测试专用-3.pas
2019-07-20 02:21:29 GS-1 准备加载NPC，共494个
2019-07-20 02:21:29 GS-1 盟重公告牌-3.pas[Error] (57:8): Identifier expected
2019-07-20 02:21:29 GS-1 已加载d:\Mud2.0\Mir200\Share\EngineConfig\系统信息管理\RollMsg.txt！
2019-07-20 02:21:29 GS-1 已加载d:\Mud2.0\Mir200\Share\EngineConfig\系统信息管理\掉落物品提示.txt！
2019-07-20 02:21:29 GS-1 已加载d:\Mud2.0\Mir200\Share\EngineConfig\卧龙英雄管理\Fortress.txt！
2019-07-20 02:21:29 GS-1 已加载d:\Mud2.0\Mir200\Share\EngineConfig\游戏元素点阵管理\GMActEvent.txt！
2019-07-20 02:21:29 GS-1    加载邮件信息成功,加载0个玩家的邮件。
2019-07-20 02:21:29 GS-1    加载邮件信息成功,加载0个玩家的邮件。
2019-07-20 02:21:29 GS-1 已加载d:\Mud2.0\Mir200\Share\EngineConfig\摆摊交易\摊位基础设置.ini！
2019-07-20 02:21:29 GS-1 刷新摊位过期将在2:55执行！
2019-07-20 02:21:29 GS-1   加载Stall成功，共加载摊位0个
2019-07-20 02:21:29 GS-1 [Information]: 寄售表创建成功!
2019-07-20 02:21:29 GS-1 [Information]: 寄售历史表创建成功!
2019-07-20 02:21:29 GS-1 [Information]: 更新超时订单成功!
2019-07-20 02:21:29 GS-1 已加载刷新商城时间：00:00:00.
2019-07-20 02:21:29 GS-1 已加载刷新商城时间：06:00:00.
2019-07-20 02:21:29 GS-1 已加载刷新商城时间：12:00:00.
2019-07-20 02:21:29 GS-1 载入商城物品列表，共5个类别，36种商品
2019-07-20 02:21:29 GS-1 ==> 加载商城物品 装饰类：11/11
2019-07-20 02:21:29 GS-1 ==> 加载商城物品 补给类：3/3
2019-07-20 02:21:29 GS-1 ==> 加载商城物品 强化类：15/15
2019-07-20 02:21:29 GS-1 ==> 加载商城物品 限量类：5/5
2019-07-20 02:21:29 GS-1 ==> 加载商城物品 好友类：2/2
2019-07-20 02:21:29 GS-1 ==> 加载商城物品 类：0/0
2019-07-20 02:21:29 GS-1 ==> 加载商城物品 类：0/0
2019-07-20 02:21:29 GS-1 ==> 加载商城物品 类：0/0
2019-07-20 02:21:29 GS-1    [删除错误数据] 删除用户表中不存在的战队成员
2019-07-20 02:21:29 GS-1    [删除错误数据] 清除战队队长不存在的项
2019-07-20 02:21:29 GS-1    [删除错误数据] 不存在战队的成员
2019-07-20 02:21:29 GS-1    正在加载战队...
2019-07-20 02:21:29 GS-1    战队表数量 : 2
2019-07-20 02:21:29 GS-1    战队表数量 : 0
2019-07-20 02:21:29 GS-1    加载战队数量:2
2019-07-20 02:21:29 GS-1    正在加载战队成员...
2019-07-20 02:21:29 GS-1    战队成员总数:3 加载成员数:3
2019-07-20 02:21:29 GS-1    正在检测战队数据有效性...
2019-07-20 02:21:29 GS-1    战队数据有效性检测完毕
2019-07-20 02:21:29 GS-1    [删除错误数据] 清除会长战队不存在行会
2019-07-20 02:21:29 GS-1    [删除错误数据] 清除行会不存在的行会成员
2019-07-20 02:21:29 GS-1    [删除错误数据] 清除行会不存在的行会关系ID排列错误的项
2019-07-20 02:21:29 GS-1    [删除错误数据] 清除行会不存在行会关系
2019-07-20 02:21:29 GS-1    [删除错误数据] 清除行会不存在关注行会
2019-07-20 02:21:29 GS-1    加载行会数量 : 2
2019-07-20 02:21:29 GS-1    加载行会成员(战队)数量 : 2
2019-07-20 02:21:29 GS-1    加载行会关系数量 : 0
2019-07-20 02:21:29 GS-1    加载关注行会数量 : 0
2019-07-20 02:21:29 GS-1    加载请求数量:0
2019-07-20 02:21:29 GS-1 [Error]: 小助手 不存在！
2019-07-20 02:21:29 GS-1 D411地图配置在MapInfo.txt 中不是LIMITBAGITEMDROP属性
2019-07-20 02:21:29 GS-1 D415地图配置在MapInfo.txt 中不是LIMITBAGITEMDROP属性
2019-07-20 02:21:29 GS-1 D416地图配置在MapInfo.txt 中不是LIMITBAGITEMDROP属性
2019-07-20 02:21:29 GS-1 信用分验证功能：开
2019-07-20 02:21:29 GS-1 GS脚本版本号：10001
2019-07-20 02:21:29 GS-1 更新排行榜，共计：23 页
2019-07-20 02:22:05 GS-1 载入商城热销商品列表，共22个。
2019-07-20 02:22:05 GS-1 ==> 加载商城热销榜:5
2019-07-20 02:22:05 GS-1 Gate 1 开启
2019-07-20 02:22:05 GS-1 [Error]: TFieldHero.FillDBData: 龙纹不存在！
2019-07-21 00:00:00 GS-1 载入商城物品列表，共5个类别，36种商品
2019-07-21 00:00:00 GS-1 ==> 加载商城物品 装饰类：11/11
2019-07-21 00:00:00 GS-1 ==> 加载商城物品 补给类：3/3
2019-07-21 00:00:00 GS-1 ==> 加载商城物品 强化类：15/15
2019-07-21 00:00:00 GS-1 ==> 加载商城物品 限量类：5/5
2019-07-21 00:00:00 GS-1 ==> 加载商城物品 好友类：2/2
2019-07-21 00:00:00 GS-1 ==> 加载商城物品 类：0/0
2019-07-21 00:00:00 GS-1 ==> 加载商城物品 类：0/0
2019-07-21 00:00:00 GS-1 ==> 加载商城物品 类：0/0
2019-07-21 00:59:52 GS-1 -----------------------------------------------------
---[Monster]: Max RunDelay: 766; Max RunCount 3137
---[Human]: Max RunDelay: 516; [Socket]: Max RunDelay: 16
---[App]: Min PerSecRun: 21; Max RunDelay 0
-----------------------------------------------------
2019-07-21 01:04:53 GS-1 -----------------------------------------------------
---[Monster]: Max RunDelay: 375; Max RunCount 3134
---[Human]: Max RunDelay: 32; [Socket]: Max RunDelay: 16
---[App]: Min PerSecRun: 62; Max RunDelay 0
-----------------------------------------------------
2019-07-21 01:05:26 GS-1 07-21 01:05:26 User = 0 / 0
2019-07-21 01:09:54 GS-1 -----------------------------------------------------
---[Monster]: Max RunDelay: 406; Max RunCount 3211
---[Human]: Max RunDelay: 94; [Socket]: Max RunDelay: 16
---[App]: Min PerSecRun: 50; Max RunDelay 0
-----------------------------------------------------
2019-07-21 01:14:55 GS-1 -----------------------------------------------------
---[Monster]: Max RunDelay: 391; Max RunCount 3195
---[Human]: Max RunDelay: 31; [Socket]: Max RunDelay: 16
---[App]: Min PerSecRun: 59; Max RunDelay 0
-----------------------------------------------------
2019-07-21 01:15:26 GS-1 07-21 01:15:26 User = 0 / 0
2019-07-21 01:19:56 GS-1 -----------------------------------------------------
---[Monster]: Max RunDelay: 329; Max RunCount 3189
---[Human]: Max RunDelay: 31; [Socket]: Max RunDelay: 15
---[App]: Min PerSecRun: 68; Max RunDelay 0
-----------------------------------------------------
2019-07-21 01:24:57 GS-1 -----------------------------------------------------
---[Monster]: Max RunDelay: 297; Max RunCount 3191
---[Human]: Max RunDelay: 32; [Socket]: Max RunDelay: 16
---[App]: Min PerSecRun: 67; Max RunDelay 0
-----------------------------------------------------
2019-07-21 01:25:26 GS-1 07-21 01:25:26 User = 0 / 0
2019-07-21 01:29:58 GS-1 -----------------------------------------------------
---[Monster]: Max RunDelay: 500; Max RunCount 3191
---[Human]: Max RunDelay: 250; [Socket]: Max RunDelay: 16
---[App]: Min PerSecRun: 53; Max RunDelay 0
-----------------------------------------------------
2019-07-21 01:30:10 GS-1 开始大刷NPC
2019-07-21 01:30:10 GS-1 盟重公告牌-3.pas[Error] (57:8): Identifier expected
2019-07-21 23:59:46 GS-1 开始大刷NPC
2019-07-21 23:59:46 GS-1 盟重公告牌-3.pas[Error] (57:8): Identifier expected
2019-07-22 00:00:00 GS-1 载入商城物品列表，共5个类别，36种商品
2019-07-22 00:00:00 GS-1 ==> 加载商城物品 装饰类：11/11
2019-07-22 00:00:00 GS-1 ==> 加载商城物品 补给类：3/3
2019-07-22 00:00:00 GS-1 ==> 加载商城物品 强化类：15/15
2019-07-22 00:00:00 GS-1 ==> 加载商城物品 限量类：5/5
2019-07-22 00:00:00 GS-1 ==> 加载商城物品 好友类：2/2
2019-07-22 00:00:00 GS-1 ==> 加载商城物品 类：0/0
2019-07-22 00:00:00 GS-1 ==> 加载商城物品 类：0/0
2019-07-22 00:00:00 GS-1 ==> 加载商城物品 类：0/0
2019-07-22 00:00:33 GS-1 盟重公告牌-3.pas[Error] (57:8): Identifier expected
2019-07-22 00:00:33 GS-1 --ReInitializet-- 因为点击NPC失败，重新刷新NPC...
2019-07-22 00:00:34 GS-1 盟重公告牌-3.pas[Error] (57:8): Identifier expected
2019-07-22 00:00:34 GS-1 --ReInitializet-- 因为点击NPC失败，重新刷新NPC...
2019-07-22 00:00:35 GS-1 盟重公告牌-3.pas[Error] (57:8): Identifier expected
2019-07-22 00:00:35 GS-1 --ReInitializet-- 因为点击NPC失败，重新刷新NPC...
2019-07-22 00:00:35 GS-1 盟重公告牌-3.pas[Error] (57:8): Identifier expected
2019-07-22 00:00:35 GS-1 --ReInitializet-- 因为点击NPC失败，重新刷新NPC...
2019-07-22 00:00:35 GS-1 盟重公告牌-3.pas[Error] (57:8): Identifier expected
2019-07-22 00:00:35 GS-1 --ReInitializet-- 因为点击NPC失败，重新刷新NPC...
2019-07-22 00:00:35 GS-1 盟重公告牌-3.pas[Error] (57:8): Identifier expected
2019-07-22 00:00:35 GS-1 --ReInitializet-- 因为点击NPC失败，重新刷新NPC...
2019-07-22 00:00:53 GS-1 盟重公告牌-3.pas[Error] (57:8): Identifier expected
2019-07-22 00:00:53 GS-1 --ReInitializet-- 因为点击NPC失败，重新刷新NPC...
2019-07-22 00:00:53 GS-1 盟重公告牌-3.pas[Error] (57:8): Identifier expected
2019-07-22 00:00:53 GS-1 --ReInitializet-- 因为点击NPC失败，重新刷新NPC...
2019-07-22 00:00:53 GS-1 盟重公告牌-3.pas[Error] (57:8): Identifier expected
2019-07-22 00:00:53 GS-1 --ReInitializet-- 因为点击NPC失败，重新刷新NPC...
2019-07-22 00:00:53 GS-1 盟重公告牌-3.pas[Error] (57:8): Identifier expected
2019-07-22 00:00:53 GS-1 --ReInitializet-- 因为点击NPC失败，重新刷新NPC...
2019-07-22 00:00:53 GS-1 盟重公告牌-3.pas[Error] (57:8): Identifier expected
2019-07-22 00:00:53 GS-1 --ReInitializet-- 因为点击NPC失败，重新刷新NPC...
2019-07-22 00:00:54 GS-1 盟重公告牌-3.pas[Error] (57:8): Identifier expected
2019-07-22 00:00:54 GS-1 --ReInitializet-- 因为点击NPC失败，重新刷新NPC...
2019-07-22 00:00:54 GS-1 盟重公告牌-3.pas[Error] (57:8): Identifier expected
2019-07-22 00:00:54 GS-1 --ReInitializet-- 因为点击NPC失败，重新刷新NPC...
2019-07-22 00:00:54 GS-1 盟重公告牌-3.pas[Error] (57:8): Identifier expected
2019-07-22 00:00:54 GS-1 --ReInitializet-- 因为点击NPC失败，重新刷新NPC...
2019-07-22 00:00:54 GS-1 盟重公告牌-3.pas[Error] (57:8): Identifier expected
2019-07-22 00:00:54 GS-1 --ReInitializet-- 因为点击NPC失败，重新刷新NPC...
2019-07-22 00:00:54 GS-1 盟重公告牌-3.pas[Error] (57:8): Identifier expected
2019-07-22 00:00:54 GS-1 --ReInitializet-- 因为点击NPC失败，重新刷新NPC...
2019-07-22 00:00:54 GS-1 盟重公告牌-3.pas[Error] (57:8): Identifier expected
2019-07-22 00:00:54 GS-1 --ReInitializet-- 因为点击NPC失败，重新刷新NPC...
2019-07-22 00:00:55 GS-1 盟重公告牌-3.pas[Error] (57:8): Identifier expected
2019-07-22 00:00:55 GS-1 --ReInitializet-- 因为点击NPC失败，重新刷新NPC...
2019-07-22 00:00:55 GS-1 盟重公告牌-3.pas[Error] (57:8): Identifier expected
2019-07-22 00:00:55 GS-1 --ReInitializet-- 因为点击NPC失败，重新刷新NPC...
2019-07-22 00:00:55 GS-1 盟重公告牌-3.pas[Error] (57:8): Identifier expected
2019-07-22 00:00:55 GS-1 --ReInitializet-- 因为点击NPC失败，重新刷新NPC...
2019-07-22 00:00:55 GS-1 盟重公告牌-3.pas[Error] (57:8): Identifier expected
2019-07-22 00:00:55 GS-1 --ReInitializet-- 因为点击NPC失败，重新刷新NPC...
2019-07-22 00:00:56 GS-1 盟重公告牌-3.pas[Error] (57:8): Identifier expected
2019-07-22 00:00:56 GS-1 --ReInitializet-- 因为点击NPC失败，重新刷新NPC...
2019-07-22 00:00:56 GS-1 盟重公告牌-3.pas[Error] (57:8): Identifier expected
2019-07-22 00:00:56 GS-1 --ReInitializet-- 因为点击NPC失败，重新刷新NPC...
2019-07-22 00:00:56 GS-1 盟重公告牌-3.pas[Error] (57:8): Identifier expected
2019-07-22 00:00:56 GS-1 --ReInitializet-- 因为点击NPC失败，重新刷新NPC...
2019-07-22 00:00:56 GS-1 盟重公告牌-3.pas[Error] (57:8): Identifier expected
2019-07-22 00:00:56 GS-1 --ReInitializet-- 因为点击NPC失败，重新刷新NPC...
2019-07-22 00:00:57 GS-1 盟重公告牌-3.pas[Error] (57:8): Identifier expected
2019-07-22 00:00:57 GS-1 --ReInitializet-- 因为点击NPC失败，重新刷新NPC...
2019-07-22 00:00:57 GS-1 盟重公告牌-3.pas[Error] (57:8): Identifier expected
2019-07-22 00:00:57 GS-1 --ReInitializet-- 因为点击NPC失败，重新刷新NPC...
2019-07-22 00:00:57 GS-1 盟重公告牌-3.pas[Error] (57:8): Identifier expected
2019-07-22 00:00:57 GS-1 --ReInitializet-- 因为点击NPC失败，重新刷新NPC...
2019-07-22 00:01:52 GS-1 -----------------------------------------------------
---[Monster]: Max RunDelay: 1390; Max RunCount 3191
---[Human]: Max RunDelay: 985; [Socket]: Max RunDelay: 969
---[App]: Min PerSecRun: 8; Max RunDelay 0
-----------------------------------------------------
2019-07-22 00:02:21 GS-1 07-22 00:02:21 User = 1 / 1
2019-07-22 00:04:36 GS-1 盟重公告牌-3.pas[Error] (272:10): Unknown identifier 'AutoOpen'
2019-07-22 00:04:36 GS-1 --ReInitializet-- 因为点击NPC失败，重新刷新NPC...
2019-07-22 00:04:36 GS-1 盟重公告牌-3.pas[Error] (272:10): Unknown identifier 'AutoOpen'
2019-07-22 00:04:36 GS-1 --ReInitializet-- 因为点击NPC失败，重新刷新NPC...
2019-07-22 00:04:36 GS-1 盟重公告牌-3.pas[Error] (272:10): Unknown identifier 'AutoOpen'
2019-07-22 00:04:36 GS-1 --ReInitializet-- 因为点击NPC失败，重新刷新NPC...
2019-07-22 00:04:36 GS-1 盟重公告牌-3.pas[Error] (272:10): Unknown identifier 'AutoOpen'
2019-07-22 00:04:36 GS-1 --ReInitializet-- 因为点击NPC失败，重新刷新NPC...
2019-07-22 00:04:36 GS-1 盟重公告牌-3.pas[Error] (272:10): Unknown identifier 'AutoOpen'
2019-07-22 00:04:36 GS-1 --ReInitializet-- 因为点击NPC失败，重新刷新NPC...
2019-07-22 00:04:37 GS-1 盟重公告牌-3.pas[Error] (272:10): Unknown identifier 'AutoOpen'
2019-07-22 00:04:37 GS-1 --ReInitializet-- 因为点击NPC失败，重新刷新NPC...
2019-07-22 00:04:37 GS-1 盟重公告牌-3.pas[Error] (272:10): Unknown identifier 'AutoOpen'
2019-07-22 00:04:37 GS-1 --ReInitializet-- 因为点击NPC失败，重新刷新NPC...
2019-07-22 00:04:37 GS-1 盟重公告牌-3.pas[Error] (272:10): Unknown identifier 'AutoOpen'
2019-07-22 00:04:37 GS-1 --ReInitializet-- 因为点击NPC失败，重新刷新NPC...
2019-07-22 00:04:37 GS-1 盟重公告牌-3.pas[Error] (272:10): Unknown identifier 'AutoOpen'
2019-07-22 00:04:37 GS-1 --ReInitializet-- 因为点击NPC失败，重新刷新NPC...
2019-07-22 00:04:37 GS-1 盟重公告牌-3.pas[Error] (272:10): Unknown identifier 'AutoOpen'
2019-07-22 00:04:37 GS-1 --ReInitializet-- 因为点击NPC失败，重新刷新NPC...
2019-07-22 00:04:37 GS-1 盟重公告牌-3.pas[Error] (272:10): Unknown identifier 'AutoOpen'
2019-07-22 00:04:37 GS-1 --ReInitializet-- 因为点击NPC失败，重新刷新NPC...
2019-07-22 00:04:37 GS-1 盟重公告牌-3.pas[Error] (272:10): Unknown identifier 'AutoOpen'
2019-07-22 00:04:37 GS-1 --ReInitializet-- 因为点击NPC失败，重新刷新NPC...
2019-07-22 00:04:37 GS-1 盟重公告牌-3.pas[Error] (272:10): Unknown identifier 'AutoOpen'
2019-07-22 00:04:37 GS-1 --ReInitializet-- 因为点击NPC失败，重新刷新NPC...
2019-07-22 00:04:38 GS-1 盟重公告牌-3.pas[Error] (272:10): Unknown identifier 'AutoOpen'
2019-07-22 00:04:38 GS-1 --ReInitializet-- 因为点击NPC失败，重新刷新NPC...
2019-07-22 00:04:38 GS-1 盟重公告牌-3.pas[Error] (272:10): Unknown identifier 'AutoOpen'
2019-07-22 00:04:38 GS-1 --ReInitializet-- 因为点击NPC失败，重新刷新NPC...
2019-07-22 00:04:40 GS-1 盟重公告牌-3.pas[Error] (272:10): Unknown identifier 'AutoOpen'
2019-07-22 00:04:40 GS-1 --ReInitializet-- 因为点击NPC失败，重新刷新NPC...
2019-07-22 00:04:40 GS-1 盟重公告牌-3.pas[Error] (272:10): Unknown identifier 'AutoOpen'
2019-07-22 00:04:40 GS-1 --ReInitializet-- 因为点击NPC失败，重新刷新NPC...
2019-07-22 00:04:40 GS-1 盟重公告牌-3.pas[Error] (272:10): Unknown identifier 'AutoOpen'
2019-07-22 00:04:40 GS-1 --ReInitializet-- 因为点击NPC失败，重新刷新NPC...
2019-07-22 00:04:40 GS-1 盟重公告牌-3.pas[Error] (272:10): Unknown identifier 'AutoOpen'
2019-07-22 00:04:40 GS-1 --ReInitializet-- 因为点击NPC失败，重新刷新NPC...
2019-07-22 00:04:40 GS-1 盟重公告牌-3.pas[Error] (272:10): Unknown identifier 'AutoOpen'
2019-07-22 00:04:40 GS-1 --ReInitializet-- 因为点击NPC失败，重新刷新NPC...
2019-07-22 00:04:40 GS-1 盟重公告牌-3.pas[Error] (272:10): Unknown identifier 'AutoOpen'
2019-07-22 00:04:40 GS-1 --ReInitializet-- 因为点击NPC失败，重新刷新NPC...
2019-07-22 00:06:53 GS-1 -----------------------------------------------------
---[Monster]: Max RunDelay: 1328; Max RunCount 3191
---[Human]: Max RunDelay: 625; [Socket]: Max RunDelay: 203
---[App]: Min PerSecRun: 23; Max RunDelay 0
-----------------------------------------------------
2019-07-22 00:06:59 GS-1 盟重公告牌-3.pas[Error] (470:54): Unknown identifier 'f011'
2019-07-22 00:06:59 GS-1 --ReInitializet-- 因为点击NPC失败，重新刷新NPC...
2019-07-22 00:07:00 GS-1 盟重公告牌-3.pas[Error] (470:54): Unknown identifier 'f011'
2019-07-22 00:07:00 GS-1 --ReInitializet-- 因为点击NPC失败，重新刷新NPC...
2019-07-22 00:07:00 GS-1 盟重公告牌-3.pas[Error] (470:54): Unknown identifier 'f011'
2019-07-22 00:07:00 GS-1 --ReInitializet-- 因为点击NPC失败，重新刷新NPC...
2019-07-22 00:07:00 GS-1 盟重公告牌-3.pas[Error] (470:54): Unknown identifier 'f011'
2019-07-22 00:07:00 GS-1 --ReInitializet-- 因为点击NPC失败，重新刷新NPC...
2019-07-22 00:07:00 GS-1 盟重公告牌-3.pas[Error] (470:54): Unknown identifier 'f011'
2019-07-22 00:07:00 GS-1 --ReInitializet-- 因为点击NPC失败，重新刷新NPC...
2019-07-22 00:07:00 GS-1 盟重公告牌-3.pas[Error] (470:54): Unknown identifier 'f011'
2019-07-22 00:07:00 GS-1 --ReInitializet-- 因为点击NPC失败，重新刷新NPC...
2019-07-22 00:07:00 GS-1 盟重公告牌-3.pas[Error] (470:54): Unknown identifier 'f011'
2019-07-22 00:07:00 GS-1 --ReInitializet-- 因为点击NPC失败，重新刷新NPC...
2019-07-22 00:07:01 GS-1 盟重公告牌-3.pas[Error] (470:54): Unknown identifier 'f011'
2019-07-22 00:07:01 GS-1 --ReInitializet-- 因为点击NPC失败，重新刷新NPC...
2019-07-22 00:07:01 GS-1 盟重公告牌-3.pas[Error] (470:54): Unknown identifier 'f011'
2019-07-22 00:07:01 GS-1 --ReInitializet-- 因为点击NPC失败，重新刷新NPC...
2019-07-22 00:07:01 GS-1 盟重公告牌-3.pas[Error] (470:54): Unknown identifier 'f011'
2019-07-22 00:07:01 GS-1 --ReInitializet-- 因为点击NPC失败，重新刷新NPC...
2019-07-22 00:07:01 GS-1 盟重公告牌-3.pas[Error] (470:54): Unknown identifier 'f011'
2019-07-22 00:07:01 GS-1 --ReInitializet-- 因为点击NPC失败，重新刷新NPC...
2019-07-22 00:07:01 GS-1 盟重公告牌-3.pas[Error] (470:54): Unknown identifier 'f011'
2019-07-22 00:07:01 GS-1 --ReInitializet-- 因为点击NPC失败，重新刷新NPC...
2019-07-22 00:07:11 GS-1 盟重公告牌-3.pas[Error] (470:54): Unknown identifier 'f011'
2019-07-22 00:07:11 GS-1 --ReInitializet-- 因为点击NPC失败，重新刷新NPC...
2019-07-22 00:07:11 GS-1 盟重公告牌-3.pas[Error] (470:54): Unknown identifier 'f011'
2019-07-22 00:07:11 GS-1 --ReInitializet-- 因为点击NPC失败，重新刷新NPC...
2019-07-22 00:07:11 GS-1 盟重公告牌-3.pas[Error] (470:54): Unknown identifier 'f011'
2019-07-22 00:07:11 GS-1 --ReInitializet-- 因为点击NPC失败，重新刷新NPC...
2019-07-22 00:07:12 GS-1 盟重公告牌-3.pas[Error] (470:54): Unknown identifier 'f011'
2019-07-22 00:07:12 GS-1 --ReInitializet-- 因为点击NPC失败，重新刷新NPC...
2019-07-22 00:07:12 GS-1 盟重公告牌-3.pas[Error] (470:54): Unknown identifier 'f011'
2019-07-22 00:07:12 GS-1 --ReInitializet-- 因为点击NPC失败，重新刷新NPC...
2019-07-22 00:07:12 GS-1 盟重公告牌-3.pas[Error] (470:54): Unknown identifier 'f011'
2019-07-22 00:07:12 GS-1 --ReInitializet-- 因为点击NPC失败，重新刷新NPC...
2019-07-22 00:07:12 GS-1 盟重公告牌-3.pas[Error] (470:54): Unknown identifier 'f011'
2019-07-22 00:07:12 GS-1 --ReInitializet-- 因为点击NPC失败，重新刷新NPC...
2019-07-22 00:07:12 GS-1 盟重公告牌-3.pas[Error] (470:54): Unknown identifier 'f011'
2019-07-22 00:07:12 GS-1 --ReInitializet-- 因为点击NPC失败，重新刷新NPC...
2019-07-22 00:08:14 GS-1 盟重公告牌-3.pas[Error] (494:54): Unknown identifier 'f011'
2019-07-22 00:08:14 GS-1 --ReInitializet-- 因为点击NPC失败，重新刷新NPC...
2019-07-22 00:08:14 GS-1 盟重公告牌-3.pas[Error] (494:54): Unknown identifier 'f011'
2019-07-22 00:08:14 GS-1 --ReInitializet-- 因为点击NPC失败，重新刷新NPC...
2019-07-22 00:08:14 GS-1 盟重公告牌-3.pas[Error] (494:54): Unknown identifier 'f011'
2019-07-22 00:08:14 GS-1 --ReInitializet-- 因为点击NPC失败，重新刷新NPC...
2019-07-22 00:08:14 GS-1 盟重公告牌-3.pas[Error] (494:54): Unknown identifier 'f011'
2019-07-22 00:08:14 GS-1 --ReInitializet-- 因为点击NPC失败，重新刷新NPC...
2019-07-22 00:08:14 GS-1 盟重公告牌-3.pas[Error] (494:54): Unknown identifier 'f011'
2019-07-22 00:08:14 GS-1 --ReInitializet-- 因为点击NPC失败，重新刷新NPC...
2019-07-22 00:08:15 GS-1 盟重公告牌-3.pas[Error] (494:54): Unknown identifier 'f011'
2019-07-22 00:08:15 GS-1 --ReInitializet-- 因为点击NPC失败，重新刷新NPC...
2019-07-22 00:08:18 GS-1 开始大刷NPC
2019-07-22 00:08:18 GS-1 盟重公告牌-3.pas[Error] (494:54): Unknown identifier 'f011'
2019-07-22 00:08:19 GS-1 盟重公告牌-3.pas[Error] (494:54): Unknown identifier 'f011'
2019-07-22 00:08:19 GS-1 --ReInitializet-- 因为点击NPC失败，重新刷新NPC...
2019-07-22 00:08:20 GS-1 盟重公告牌-3.pas[Error] (494:54): Unknown identifier 'f011'
2019-07-22 00:08:20 GS-1 --ReInitializet-- 因为点击NPC失败，重新刷新NPC...
2019-07-22 00:08:20 GS-1 盟重公告牌-3.pas[Error] (494:54): Unknown identifier 'f011'
2019-07-22 00:08:20 GS-1 --ReInitializet-- 因为点击NPC失败，重新刷新NPC...
2019-07-22 00:08:20 GS-1 盟重公告牌-3.pas[Error] (494:54): Unknown identifier 'f011'
2019-07-22 00:08:20 GS-1 --ReInitializet-- 因为点击NPC失败，重新刷新NPC...
2019-07-22 00:08:20 GS-1 盟重公告牌-3.pas[Error] (494:54): Unknown identifier 'f011'
2019-07-22 00:08:20 GS-1 --ReInitializet-- 因为点击NPC失败，重新刷新NPC...
2019-07-22 00:08:20 GS-1 盟重公告牌-3.pas[Error] (494:54): Unknown identifier 'f011'
2019-07-22 00:08:20 GS-1 --ReInitializet-- 因为点击NPC失败，重新刷新NPC...
2019-07-22 00:08:20 GS-1 盟重公告牌-3.pas[Error] (494:54): Unknown identifier 'f011'
2019-07-22 00:08:20 GS-1 --ReInitializet-- 因为点击NPC失败，重新刷新NPC...
2019-07-22 00:11:54 GS-1 -----------------------------------------------------
---[Monster]: Max RunDelay: 1484; Max RunCount 3191
---[Human]: Max RunDelay: 1094; [Socket]: Max RunDelay: 109
---[App]: Min PerSecRun: 4; Max RunDelay 0
-----------------------------------------------------
2019-07-22 00:12:00 GS-1 --ReInitializet-- 因为点击NPC失败，重新刷新NPC...
2019-07-22 00:12:21 GS-1 07-22 00:12:21 User = 1 / 1
2019-07-22 00:14:02 GS-1 开始大刷NPC
2019-07-21 00:00:00 GS-1 载入商城物品列表，共5个类别，36种商品
2019-07-21 00:00:00 GS-1 ==> 加载商城物品 装饰类：11/11
2019-07-21 00:00:00 GS-1 ==> 加载商城物品 补给类：3/3
2019-07-21 00:00:00 GS-1 ==> 加载商城物品 强化类：15/15
2019-07-21 00:00:00 GS-1 ==> 加载商城物品 限量类：5/5
2019-07-21 00:00:00 GS-1 ==> 加载商城物品 好友类：2/2
2019-07-21 00:00:00 GS-1 ==> 加载商城物品 类：0/0
2019-07-21 00:00:00 GS-1 ==> 加载商城物品 类：0/0
2019-07-21 00:00:00 GS-1 ==> 加载商城物品 类：0/0
2019-07-21 00:02:19 GS-1 -----------------------------------------------------
---[Monster]: Max RunDelay: 1218; Max RunCount 3192
---[Human]: Max RunDelay: 688; [Socket]: Max RunDelay: 437
---[App]: Min PerSecRun: 23; Max RunDelay 0
-----------------------------------------------------
2019-07-21 00:03:53 GS-1 开始大刷NPC
2019-07-21 00:03:53 GS-1 盟重公告牌-3.pas[Error] (459:54): Unknown identifier 'f011'
2019-07-21 00:03:53 GS-1 盟重公告牌-3.pas[Error] (459:54): Unknown identifier 'f011'
2019-07-21 00:03:53 GS-1 --ReInitializet-- 因为点击NPC失败，重新刷新NPC...
2019-07-21 00:03:54 GS-1 盟重公告牌-3.pas[Error] (459:54): Unknown identifier 'f011'
2019-07-21 00:03:54 GS-1 --ReInitializet-- 因为点击NPC失败，重新刷新NPC...
2019-07-21 00:03:55 GS-1 盟重公告牌-3.pas[Error] (459:54): Unknown identifier 'f011'
2019-07-21 00:03:55 GS-1 --ReInitializet-- 因为点击NPC失败，重新刷新NPC...
2019-07-21 00:03:55 GS-1 盟重公告牌-3.pas[Error] (459:54): Unknown identifier 'f011'
2019-07-21 00:03:55 GS-1 --ReInitializet-- 因为点击NPC失败，重新刷新NPC...
2019-07-21 00:03:55 GS-1 盟重公告牌-3.pas[Error] (459:54): Unknown identifier 'f011'
2019-07-21 00:03:55 GS-1 --ReInitializet-- 因为点击NPC失败，重新刷新NPC...
2019-07-21 00:03:55 GS-1 盟重公告牌-3.pas[Error] (459:54): Unknown identifier 'f011'
2019-07-21 00:03:55 GS-1 --ReInitializet-- 因为点击NPC失败，重新刷新NPC...
2019-07-21 00:03:55 GS-1 盟重公告牌-3.pas[Error] (459:54): Unknown identifier 'f011'
2019-07-21 00:03:55 GS-1 --ReInitializet-- 因为点击NPC失败，重新刷新NPC...
2019-07-21 00:03:57 GS-1 盟重公告牌-3.pas[Error] (459:54): Unknown identifier 'f011'
2019-07-21 00:03:57 GS-1 --ReInitializet-- 因为点击NPC失败，重新刷新NPC...
2019-07-21 00:04:01 GS-1 盟重公告牌-3.pas[Error] (459:54): Unknown identifier 'f011'
2019-07-21 00:04:01 GS-1 --ReInitializet-- 因为点击NPC失败，重新刷新NPC...
2019-07-21 00:04:05 GS-1 盟重公告牌-3.pas[Error] (459:54): Unknown identifier 'f011'
2019-07-21 00:04:05 GS-1 --ReInitializet-- 因为点击NPC失败，重新刷新NPC...
2019-07-21 00:04:09 GS-1 盟重公告牌-3.pas[Error] (459:54): Unknown identifier 'f011'
2019-07-21 00:04:09 GS-1 --ReInitializet-- 因为点击NPC失败，重新刷新NPC...
2019-07-21 00:04:14 GS-1 盟重公告牌-3.pas[Error] (459:54): Unknown identifier 'f011'
2019-07-21 00:04:14 GS-1 --ReInitializet-- 因为点击NPC失败，重新刷新NPC...
2019-07-21 00:04:18 GS-1 盟重公告牌-3.pas[Error] (459:54): Unknown identifier 'f011'
2019-07-21 00:04:18 GS-1 --ReInitializet-- 因为点击NPC失败，重新刷新NPC...
2019-07-21 00:04:21 GS-1 盟重公告牌-3.pas[Error] (459:54): Unknown identifier 'f011'
2019-07-21 00:04:21 GS-1 --ReInitializet-- 因为点击NPC失败，重新刷新NPC...
2019-07-21 00:04:21 GS-1 盟重公告牌-3.pas[Error] (459:54): Unknown identifier 'f011'
2019-07-21 00:04:21 GS-1 --ReInitializet-- 因为点击NPC失败，重新刷新NPC...
2019-07-21 00:04:21 GS-1 盟重公告牌-3.pas[Error] (459:54): Unknown identifier 'f011'
2019-07-21 00:04:21 GS-1 --ReInitializet-- 因为点击NPC失败，重新刷新NPC...
2019-07-21 00:04:21 GS-1 盟重公告牌-3.pas[Error] (459:54): Unknown identifier 'f011'
2019-07-21 00:04:21 GS-1 --ReInitializet-- 因为点击NPC失败，重新刷新NPC...
2019-07-21 00:04:21 GS-1 盟重公告牌-3.pas[Error] (459:54): Unknown identifier 'f011'
2019-07-21 00:04:21 GS-1 --ReInitializet-- 因为点击NPC失败，重新刷新NPC...
2019-07-21 00:04:22 GS-1 盟重公告牌-3.pas[Error] (459:54): Unknown identifier 'f011'
2019-07-21 00:04:22 GS-1 --ReInitializet-- 因为点击NPC失败，重新刷新NPC...
2019-07-21 00:04:22 GS-1 盟重公告牌-3.pas[Error] (459:54): Unknown identifier 'f011'
2019-07-21 00:04:22 GS-1 --ReInitializet-- 因为点击NPC失败，重新刷新NPC...
2019-07-21 00:04:22 GS-1 盟重公告牌-3.pas[Error] (459:54): Unknown identifier 'f011'
2019-07-21 00:04:22 GS-1 --ReInitializet-- 因为点击NPC失败，重新刷新NPC...
2019-07-21 00:04:22 GS-1 盟重公告牌-3.pas[Error] (459:54): Unknown identifier 'f011'
2019-07-21 00:04:22 GS-1 --ReInitializet-- 因为点击NPC失败，重新刷新NPC...
2019-07-21 00:04:22 GS-1 盟重公告牌-3.pas[Error] (459:54): Unknown identifier 'f011'
2019-07-21 00:04:22 GS-1 --ReInitializet-- 因为点击NPC失败，重新刷新NPC...
2019-07-21 00:04:22 GS-1 盟重公告牌-3.pas[Error] (459:54): Unknown identifier 'f011'
2019-07-21 00:04:22 GS-1 --ReInitializet-- 因为点击NPC失败，重新刷新NPC...
2019-07-21 00:04:22 GS-1 盟重公告牌-3.pas[Error] (459:54): Unknown identifier 'f011'
2019-07-21 00:04:22 GS-1 --ReInitializet-- 因为点击NPC失败，重新刷新NPC...
2019-07-21 00:04:23 GS-1 盟重公告牌-3.pas[Error] (459:54): Unknown identifier 'f011'
2019-07-21 00:04:23 GS-1 --ReInitializet-- 因为点击NPC失败，重新刷新NPC...
2019-07-21 00:04:23 GS-1 盟重公告牌-3.pas[Error] (459:54): Unknown identifier 'f011'
2019-07-21 00:04:23 GS-1 --ReInitializet-- 因为点击NPC失败，重新刷新NPC...
2019-07-21 00:04:23 GS-1 盟重公告牌-3.pas[Error] (459:54): Unknown identifier 'f011'
2019-07-21 00:04:23 GS-1 --ReInitializet-- 因为点击NPC失败，重新刷新NPC...
2019-07-21 00:04:23 GS-1 盟重公告牌-3.pas[Error] (459:54): Unknown identifier 'f011'
2019-07-21 00:04:23 GS-1 --ReInitializet-- 因为点击NPC失败，重新刷新NPC...
2019-07-21 00:04:23 GS-1 盟重公告牌-3.pas[Error] (459:54): Unknown identifier 'f011'
2019-07-21 00:04:23 GS-1 --ReInitializet-- 因为点击NPC失败，重新刷新NPC...
2019-07-21 00:04:23 GS-1 盟重公告牌-3.pas[Error] (459:54): Unknown identifier 'f011'
2019-07-21 00:04:23 GS-1 --ReInitializet-- 因为点击NPC失败，重新刷新NPC...
2019-07-21 00:04:23 GS-1 盟重公告牌-3.pas[Error] (459:54): Unknown identifier 'f011'
2019-07-21 00:04:23 GS-1 --ReInitializet-- 因为点击NPC失败，重新刷新NPC...
2019-07-21 00:04:24 GS-1 盟重公告牌-3.pas[Error] (459:54): Unknown identifier 'f011'
2019-07-21 00:04:24 GS-1 --ReInitializet-- 因为点击NPC失败，重新刷新NPC...
2019-07-21 00:04:24 GS-1 盟重公告牌-3.pas[Error] (459:54): Unknown identifier 'f011'
2019-07-21 00:04:24 GS-1 --ReInitializet-- 因为点击NPC失败，重新刷新NPC...
2019-07-21 00:04:24 GS-1 盟重公告牌-3.pas[Error] (459:54): Unknown identifier 'f011'
2019-07-21 00:04:24 GS-1 --ReInitializet-- 因为点击NPC失败，重新刷新NPC...
2019-07-21 00:04:24 GS-1 盟重公告牌-3.pas[Error] (459:54): Unknown identifier 'f011'
2019-07-21 00:04:24 GS-1 --ReInitializet-- 因为点击NPC失败，重新刷新NPC...
2019-07-21 00:04:24 GS-1 盟重公告牌-3.pas[Error] (459:54): Unknown identifier 'f011'
2019-07-21 00:04:24 GS-1 --ReInitializet-- 因为点击NPC失败，重新刷新NPC...
2019-07-21 00:04:24 GS-1 盟重公告牌-3.pas[Error] (459:54): Unknown identifier 'f011'
2019-07-21 00:04:24 GS-1 --ReInitializet-- 因为点击NPC失败，重新刷新NPC...
2019-07-21 00:04:26 GS-1 盟重公告牌-3.pas[Error] (459:54): Unknown identifier 'f011'
2019-07-21 00:04:26 GS-1 --ReInitializet-- 因为点击NPC失败，重新刷新NPC...
2019-07-21 00:04:30 GS-1 盟重公告牌-3.pas[Error] (459:54): Unknown identifier 'f011'
2019-07-21 00:04:30 GS-1 --ReInitializet-- 因为点击NPC失败，重新刷新NPC...
2019-07-21 00:04:35 GS-1 盟重公告牌-3.pas[Error] (459:54): Unknown identifier 'f011'
2019-07-21 00:04:35 GS-1 --ReInitializet-- 因为点击NPC失败，重新刷新NPC...
2019-07-21 00:04:39 GS-1 盟重公告牌-3.pas[Error] (459:54): Unknown identifier 'f011'
2019-07-21 00:04:39 GS-1 --ReInitializet-- 因为点击NPC失败，重新刷新NPC...
2019-07-21 00:04:44 GS-1 盟重公告牌-3.pas[Error] (459:54): Unknown identifier 'f011'
2019-07-21 00:04:44 GS-1 --ReInitializet-- 因为点击NPC失败，重新刷新NPC...
2019-07-21 00:04:48 GS-1 盟重公告牌-3.pas[Error] (459:54): Unknown identifier 'f011'
2019-07-21 00:04:48 GS-1 --ReInitializet-- 因为点击NPC失败，重新刷新NPC...
2019-07-21 00:04:48 GS-1 盟重公告牌-3.pas[Error] (459:54): Unknown identifier 'f011'
2019-07-21 00:04:48 GS-1 --ReInitializet-- 因为点击NPC失败，重新刷新NPC...
2019-07-21 00:04:48 GS-1 盟重公告牌-3.pas[Error] (459:54): Unknown identifier 'f011'
2019-07-21 00:04:48 GS-1 --ReInitializet-- 因为点击NPC失败，重新刷新NPC...
2019-07-21 00:04:48 GS-1 盟重公告牌-3.pas[Error] (459:54): Unknown identifier 'f011'
2019-07-21 00:04:48 GS-1 --ReInitializet-- 因为点击NPC失败，重新刷新NPC...
2019-07-21 00:04:49 GS-1 盟重公告牌-3.pas[Error] (459:54): Unknown identifier 'f011'
2019-07-21 00:04:49 GS-1 --ReInitializet-- 因为点击NPC失败，重新刷新NPC...
2019-07-21 00:04:49 GS-1 盟重公告牌-3.pas[Error] (459:54): Unknown identifier 'f011'
2019-07-21 00:04:49 GS-1 --ReInitializet-- 因为点击NPC失败，重新刷新NPC...
2019-07-21 00:04:49 GS-1 盟重公告牌-3.pas[Error] (459:54): Unknown identifier 'f011'
2019-07-21 00:04:49 GS-1 --ReInitializet-- 因为点击NPC失败，重新刷新NPC...
2019-07-21 00:04:50 GS-1 盟重公告牌-3.pas[Error] (459:54): Unknown identifier 'f011'
2019-07-21 00:04:50 GS-1 --ReInitializet-- 因为点击NPC失败，重新刷新NPC...
2019-07-21 00:04:50 GS-1 盟重公告牌-3.pas[Error] (459:54): Unknown identifier 'f011'
2019-07-21 00:04:50 GS-1 --ReInitializet-- 因为点击NPC失败，重新刷新NPC...
2019-07-21 00:04:50 GS-1 盟重公告牌-3.pas[Error] (459:54): Unknown identifier 'f011'
2019-07-21 00:04:50 GS-1 --ReInitializet-- 因为点击NPC失败，重新刷新NPC...
2019-07-21 00:04:51 GS-1 盟重公告牌-3.pas[Error] (459:54): Unknown identifier 'f011'
2019-07-21 00:04:51 GS-1 --ReInitializet-- 因为点击NPC失败，重新刷新NPC...
2019-07-21 00:04:51 GS-1 盟重公告牌-3.pas[Error] (459:54): Unknown identifier 'f011'
2019-07-21 00:04:51 GS-1 --ReInitializet-- 因为点击NPC失败，重新刷新NPC...
2019-07-21 00:04:51 GS-1 盟重公告牌-3.pas[Error] (459:54): Unknown identifier 'f011'
2019-07-21 00:04:51 GS-1 --ReInitializet-- 因为点击NPC失败，重新刷新NPC...
2019-07-21 00:04:51 GS-1 盟重公告牌-3.pas[Error] (459:54): Unknown identifier 'f011'
2019-07-21 00:04:51 GS-1 --ReInitializet-- 因为点击NPC失败，重新刷新NPC...
2019-07-21 00:04:51 GS-1 盟重公告牌-3.pas[Error] (459:54): Unknown identifier 'f011'
2019-07-21 00:04:51 GS-1 --ReInitializet-- 因为点击NPC失败，重新刷新NPC...
2019-07-21 00:04:52 GS-1 盟重公告牌-3.pas[Error] (459:54): Unknown identifier 'f011'
2019-07-21 00:04:52 GS-1 --ReInitializet-- 因为点击NPC失败，重新刷新NPC...
2019-07-21 00:04:52 GS-1 盟重公告牌-3.pas[Error] (459:54): Unknown identifier 'f011'
2019-07-21 00:04:52 GS-1 --ReInitializet-- 因为点击NPC失败，重新刷新NPC...
2019-07-21 00:04:57 GS-1 盟重公告牌-3.pas[Error] (459:54): Unknown identifier 'f011'
2019-07-21 00:04:57 GS-1 --ReInitializet-- 因为点击NPC失败，重新刷新NPC...
2019-07-21 00:05:01 GS-1 盟重公告牌-3.pas[Error] (459:54): Unknown identifier 'f011'
2019-07-21 00:05:01 GS-1 --ReInitializet-- 因为点击NPC失败，重新刷新NPC...
2019-07-21 00:05:05 GS-1 盟重公告牌-3.pas[Error] (459:54): Unknown identifier 'f011'
2019-07-21 00:05:05 GS-1 --ReInitializet-- 因为点击NPC失败，重新刷新NPC...
2019-07-21 00:05:09 GS-1 盟重公告牌-3.pas[Error] (459:54): Unknown identifier 'f011'
2019-07-21 00:05:09 GS-1 --ReInitializet-- 因为点击NPC失败，重新刷新NPC...
2019-07-21 00:05:13 GS-1 盟重公告牌-3.pas[Error] (459:54): Unknown identifier 'f011'
2019-07-21 00:05:13 GS-1 --ReInitializet-- 因为点击NPC失败，重新刷新NPC...
2019-07-21 00:05:16 GS-1 盟重公告牌-3.pas[Error] (459:54): Unknown identifier 'f011'
2019-07-21 00:05:16 GS-1 --ReInitializet-- 因为点击NPC失败，重新刷新NPC...
2019-07-21 00:05:17 GS-1 盟重公告牌-3.pas[Error] (459:54): Unknown identifier 'f011'
2019-07-21 00:05:17 GS-1 --ReInitializet-- 因为点击NPC失败，重新刷新NPC...
2019-07-21 00:05:17 GS-1 盟重公告牌-3.pas[Error] (459:54): Unknown identifier 'f011'
2019-07-21 00:05:17 GS-1 --ReInitializet-- 因为点击NPC失败，重新刷新NPC...
2019-07-21 00:05:17 GS-1 盟重公告牌-3.pas[Error] (459:54): Unknown identifier 'f011'
2019-07-21 00:05:17 GS-1 --ReInitializet-- 因为点击NPC失败，重新刷新NPC...
2019-07-21 00:05:17 GS-1 盟重公告牌-3.pas[Error] (459:54): Unknown identifier 'f011'
2019-07-21 00:05:17 GS-1 --ReInitializet-- 因为点击NPC失败，重新刷新NPC...
2019-07-21 00:05:17 GS-1 盟重公告牌-3.pas[Error] (459:54): Unknown identifier 'f011'
2019-07-21 00:05:17 GS-1 --ReInitializet-- 因为点击NPC失败，重新刷新NPC...
2019-07-21 00:05:21 GS-1 盟重公告牌-3.pas[Error] (459:54): Unknown identifier 'f011'
2019-07-21 00:05:21 GS-1 --ReInitializet-- 因为点击NPC失败，重新刷新NPC...
2019-07-21 00:05:25 GS-1 盟重公告牌-3.pas[Error] (459:54): Unknown identifier 'f011'
2019-07-21 00:05:25 GS-1 --ReInitializet-- 因为点击NPC失败，重新刷新NPC...
2019-07-21 00:05:29 GS-1 盟重公告牌-3.pas[Error] (459:54): Unknown identifier 'f011'
2019-07-21 00:05:29 GS-1 --ReInitializet-- 因为点击NPC失败，重新刷新NPC...
2019-07-21 00:05:33 GS-1 盟重公告牌-3.pas[Error] (459:54): Unknown identifier 'f011'
2019-07-21 00:05:33 GS-1 --ReInitializet-- 因为点击NPC失败，重新刷新NPC...
2019-07-21 00:05:37 GS-1 盟重公告牌-3.pas[Error] (459:54): Unknown identifier 'f011'
2019-07-21 00:05:37 GS-1 --ReInitializet-- 因为点击NPC失败，重新刷新NPC...
2019-07-21 00:05:42 GS-1 盟重公告牌-3.pas[Error] (459:54): Unknown identifier 'f011'
2019-07-21 00:05:42 GS-1 --ReInitializet-- 因为点击NPC失败，重新刷新NPC...
2019-07-21 00:05:45 GS-1 盟重公告牌-3.pas[Error] (459:54): Unknown identifier 'f011'
2019-07-21 00:05:45 GS-1 --ReInitializet-- 因为点击NPC失败，重新刷新NPC...
2019-07-21 00:05:45 GS-1 盟重公告牌-3.pas[Error] (459:54): Unknown identifier 'f011'
2019-07-21 00:05:45 GS-1 --ReInitializet-- 因为点击NPC失败，重新刷新NPC...
2019-07-21 00:05:45 GS-1 盟重公告牌-3.pas[Error] (459:54): Unknown identifier 'f011'
2019-07-21 00:05:45 GS-1 --ReInitializet-- 因为点击NPC失败，重新刷新NPC...
2019-07-21 00:05:45 GS-1 盟重公告牌-3.pas[Error] (459:54): Unknown identifier 'f011'
2019-07-21 00:05:45 GS-1 --ReInitializet-- 因为点击NPC失败，重新刷新NPC...
2019-07-21 00:05:45 GS-1 盟重公告牌-3.pas[Error] (459:54): Unknown identifier 'f011'
2019-07-21 00:05:45 GS-1 --ReInitializet-- 因为点击NPC失败，重新刷新NPC...
2019-07-21 00:05:45 GS-1 盟重公告牌-3.pas[Error] (459:54): Unknown identifier 'f011'
2019-07-21 00:05:45 GS-1 --ReInitializet-- 因为点击NPC失败，重新刷新NPC...
2019-07-21 00:05:45 GS-1 盟重公告牌-3.pas[Error] (459:54): Unknown identifier 'f011'
2019-07-21 00:05:45 GS-1 --ReInitializet-- 因为点击NPC失败，重新刷新NPC...
2019-07-21 00:05:45 GS-1 盟重公告牌-3.pas[Error] (459:54): Unknown identifier 'f011'
2019-07-21 00:05:45 GS-1 --ReInitializet-- 因为点击NPC失败，重新刷新NPC...
2019-07-21 00:05:46 GS-1 盟重公告牌-3.pas[Error] (459:54): Unknown identifier 'f011'
2019-07-21 00:05:46 GS-1 --ReInitializet-- 因为点击NPC失败，重新刷新NPC...
2019-07-21 00:05:46 GS-1 盟重公告牌-3.pas[Error] (459:54): Unknown identifier 'f011'
2019-07-21 00:05:46 GS-1 --ReInitializet-- 因为点击NPC失败，重新刷新NPC...
2019-07-21 00:05:46 GS-1 盟重公告牌-3.pas[Error] (459:54): Unknown identifier 'f011'
2019-07-21 00:05:46 GS-1 --ReInitializet-- 因为点击NPC失败，重新刷新NPC...
2019-07-21 00:05:46 GS-1 盟重公告牌-3.pas[Error] (459:54): Unknown identifier 'f011'
2019-07-21 00:05:46 GS-1 --ReInitializet-- 因为点击NPC失败，重新刷新NPC...
2019-07-21 00:05:46 GS-1 盟重公告牌-3.pas[Error] (459:54): Unknown identifier 'f011'
2019-07-21 00:05:46 GS-1 --ReInitializet-- 因为点击NPC失败，重新刷新NPC...
2019-07-21 00:05:46 GS-1 盟重公告牌-3.pas[Error] (459:54): Unknown identifier 'f011'
2019-07-21 00:05:46 GS-1 --ReInitializet-- 因为点击NPC失败，重新刷新NPC...
2019-07-21 00:05:46 GS-1 盟重公告牌-3.pas[Error] (459:54): Unknown identifier 'f011'
2019-07-21 00:05:46 GS-1 --ReInitializet-- 因为点击NPC失败，重新刷新NPC...
2019-07-21 00:05:50 GS-1 盟重公告牌-3.pas[Error] (459:54): Unknown identifier 'f011'
2019-07-21 00:05:50 GS-1 --ReInitializet-- 因为点击NPC失败，重新刷新NPC...
2019-07-21 00:05:54 GS-1 盟重公告牌-3.pas[Error] (459:54): Unknown identifier 'f011'
2019-07-21 00:05:54 GS-1 --ReInitializet-- 因为点击NPC失败，重新刷新NPC...
2019-07-21 00:05:59 GS-1 盟重公告牌-3.pas[Error] (459:54): Unknown identifier 'f011'
2019-07-21 00:05:59 GS-1 --ReInitializet-- 因为点击NPC失败，重新刷新NPC...
2019-07-21 00:05:59 GS-1 盟重公告牌-3.pas[Error] (459:54): Unknown identifier 'f011'
2019-07-21 00:05:59 GS-1 --ReInitializet-- 因为点击NPC失败，重新刷新NPC...
2019-07-21 00:05:59 GS-1 盟重公告牌-3.pas[Error] (459:54): Unknown identifier 'f011'
2019-07-21 00:05:59 GS-1 --ReInitializet-- 因为点击NPC失败，重新刷新NPC...
2019-07-21 00:05:59 GS-1 盟重公告牌-3.pas[Error] (459:54): Unknown identifier 'f011'
2019-07-21 00:05:59 GS-1 --ReInitializet-- 因为点击NPC失败，重新刷新NPC...
2019-07-21 00:05:59 GS-1 盟重公告牌-3.pas[Error] (459:54): Unknown identifier 'f011'
2019-07-21 00:05:59 GS-1 --ReInitializet-- 因为点击NPC失败，重新刷新NPC...
2019-07-21 00:05:59 GS-1 盟重公告牌-3.pas[Error] (459:54): Unknown identifier 'f011'
2019-07-21 00:05:59 GS-1 --ReInitializet-- 因为点击NPC失败，重新刷新NPC...
2019-07-21 00:05:59 GS-1 盟重公告牌-3.pas[Error] (459:54): Unknown identifier 'f011'
2019-07-21 00:05:59 GS-1 --ReInitializet-- 因为点击NPC失败，重新刷新NPC...
2019-07-21 00:06:00 GS-1 盟重公告牌-3.pas[Error] (459:54): Unknown identifier 'f011'
2019-07-21 00:06:00 GS-1 --ReInitializet-- 因为点击NPC失败，重新刷新NPC...
2019-07-21 00:06:00 GS-1 盟重公告牌-3.pas[Error] (459:54): Unknown identifier 'f011'
2019-07-21 00:06:00 GS-1 --ReInitializet-- 因为点击NPC失败，重新刷新NPC...
2019-07-21 00:06:03 GS-1 盟重公告牌-3.pas[Error] (459:54): Unknown identifier 'f011'
2019-07-21 00:06:03 GS-1 --ReInitializet-- 因为点击NPC失败，重新刷新NPC...
2019-07-21 00:06:07 GS-1 盟重公告牌-3.pas[Error] (459:54): Unknown identifier 'f011'
2019-07-21 00:06:07 GS-1 --ReInitializet-- 因为点击NPC失败，重新刷新NPC...
2019-07-21 00:06:11 GS-1 盟重公告牌-3.pas[Error] (459:54): Unknown identifier 'f011'
2019-07-21 00:06:11 GS-1 --ReInitializet-- 因为点击NPC失败，重新刷新NPC...
2019-07-21 00:06:13 GS-1 盟重公告牌-3.pas[Error] (459:54): Unknown identifier 'f011'
2019-07-21 00:06:13 GS-1 --ReInitializet-- 因为点击NPC失败，重新刷新NPC...
2019-07-21 00:06:13 GS-1 盟重公告牌-3.pas[Error] (459:54): Unknown identifier 'f011'
2019-07-21 00:06:13 GS-1 --ReInitializet-- 因为点击NPC失败，重新刷新NPC...
2019-07-21 00:06:14 GS-1 盟重公告牌-3.pas[Error] (459:54): Unknown identifier 'f011'
2019-07-21 00:06:14 GS-1 --ReInitializet-- 因为点击NPC失败，重新刷新NPC...
2019-07-21 00:06:14 GS-1 盟重公告牌-3.pas[Error] (459:54): Unknown identifier 'f011'
2019-07-21 00:06:14 GS-1 --ReInitializet-- 因为点击NPC失败，重新刷新NPC...
2019-07-21 00:06:15 GS-1 盟重公告牌-3.pas[Error] (459:54): Unknown identifier 'f011'
2019-07-21 00:06:15 GS-1 --ReInitializet-- 因为点击NPC失败，重新刷新NPC...
2019-07-21 00:06:15 GS-1 盟重公告牌-3.pas[Error] (459:54): Unknown identifier 'f011'
2019-07-21 00:06:15 GS-1 --ReInitializet-- 因为点击NPC失败，重新刷新NPC...
2019-07-21 00:06:15 GS-1 盟重公告牌-3.pas[Error] (459:54): Unknown identifier 'f011'
2019-07-21 00:06:15 GS-1 --ReInitializet-- 因为点击NPC失败，重新刷新NPC...
2019-07-21 00:06:15 GS-1 盟重公告牌-3.pas[Error] (459:54): Unknown identifier 'f011'
2019-07-21 00:06:15 GS-1 --ReInitializet-- 因为点击NPC失败，重新刷新NPC...
2019-07-21 00:06:15 GS-1 盟重公告牌-3.pas[Error] (459:54): Unknown identifier 'f011'
2019-07-21 00:06:15 GS-1 --ReInitializet-- 因为点击NPC失败，重新刷新NPC...
2019-07-21 00:06:15 GS-1 盟重公告牌-3.pas[Error] (459:54): Unknown identifier 'f011'
2019-07-21 00:06:15 GS-1 --ReInitializet-- 因为点击NPC失败，重新刷新NPC...
2019-07-21 00:06:15 GS-1 盟重公告牌-3.pas[Error] (459:54): Unknown identifier 'f011'
2019-07-21 00:06:15 GS-1 --ReInitializet-- 因为点击NPC失败，重新刷新NPC...
2019-07-21 00:06:16 GS-1 盟重公告牌-3.pas[Error] (459:54): Unknown identifier 'f011'
2019-07-21 00:06:16 GS-1 --ReInitializet-- 因为点击NPC失败，重新刷新NPC...
2019-07-21 00:06:17 GS-1 盟重公告牌-3.pas[Error] (459:54): Unknown identifier 'f011'
2019-07-21 00:06:17 GS-1 --ReInitializet-- 因为点击NPC失败，重新刷新NPC...
2019-07-21 00:06:17 GS-1 盟重公告牌-3.pas[Error] (459:54): Unknown identifier 'f011'
2019-07-21 00:06:17 GS-1 --ReInitializet-- 因为点击NPC失败，重新刷新NPC...
2019-07-21 00:06:17 GS-1 盟重公告牌-3.pas[Error] (459:54): Unknown identifier 'f011'
2019-07-21 00:06:17 GS-1 --ReInitializet-- 因为点击NPC失败，重新刷新NPC...
2019-07-21 00:06:17 GS-1 盟重公告牌-3.pas[Error] (459:54): Unknown identifier 'f011'
2019-07-21 00:06:17 GS-1 --ReInitializet-- 因为点击NPC失败，重新刷新NPC...
2019-07-21 00:06:17 GS-1 盟重公告牌-3.pas[Error] (459:54): Unknown identifier 'f011'
2019-07-21 00:06:17 GS-1 --ReInitializet-- 因为点击NPC失败，重新刷新NPC...
2019-07-21 00:06:17 GS-1 盟重公告牌-3.pas[Error] (459:54): Unknown identifier 'f011'
2019-07-21 00:06:17 GS-1 --ReInitializet-- 因为点击NPC失败，重新刷新NPC...
2019-07-21 00:06:17 GS-1 盟重公告牌-3.pas[Error] (459:54): Unknown identifier 'f011'
2019-07-21 00:06:17 GS-1 --ReInitializet-- 因为点击NPC失败，重新刷新NPC...
2019-07-21 00:06:19 GS-1 盟重公告牌-3.pas[Error] (459:54): Unknown identifier 'f011'
2019-07-21 00:06:19 GS-1 --ReInitializet-- 因为点击NPC失败，重新刷新NPC...
2019-07-21 00:06:23 GS-1 盟重公告牌-3.pas[Error] (459:54): Unknown identifier 'f011'
2019-07-21 00:06:23 GS-1 --ReInitializet-- 因为点击NPC失败，重新刷新NPC...
2019-07-21 00:06:28 GS-1 盟重公告牌-3.pas[Error] (459:57): Unknown identifier 'f011'
2019-07-21 00:06:28 GS-1 --ReInitializet-- 因为点击NPC失败，重新刷新NPC...
2019-07-21 00:06:32 GS-1 盟重公告牌-3.pas[Error] (459:57): Unknown identifier 'f011'
2019-07-21 00:06:32 GS-1 --ReInitializet-- 因为点击NPC失败，重新刷新NPC...
2019-07-21 00:06:33 GS-1 盟重公告牌-3.pas[Error] (459:57): Unknown identifier 'f011'
2019-07-21 00:06:33 GS-1 --ReInitializet-- 因为点击NPC失败，重新刷新NPC...
2019-07-21 00:06:33 GS-1 盟重公告牌-3.pas[Error] (459:57): Unknown identifier 'f011'
2019-07-21 00:06:33 GS-1 --ReInitializet-- 因为点击NPC失败，重新刷新NPC...
2019-07-21 00:06:33 GS-1 盟重公告牌-3.pas[Error] (459:57): Unknown identifier 'f011'
2019-07-21 00:06:33 GS-1 --ReInitializet-- 因为点击NPC失败，重新刷新NPC...
2019-07-21 00:06:33 GS-1 盟重公告牌-3.pas[Error] (459:57): Unknown identifier 'f011'
2019-07-21 00:06:33 GS-1 --ReInitializet-- 因为点击NPC失败，重新刷新NPC...
2019-07-21 00:06:33 GS-1 盟重公告牌-3.pas[Error] (459:57): Unknown identifier 'f011'
2019-07-21 00:06:33 GS-1 --ReInitializet-- 因为点击NPC失败，重新刷新NPC...
2019-07-21 00:06:33 GS-1 盟重公告牌-3.pas[Error] (459:57): Unknown identifier 'f011'
2019-07-21 00:06:33 GS-1 --ReInitializet-- 因为点击NPC失败，重新刷新NPC...
2019-07-21 00:06:34 GS-1 盟重公告牌-3.pas[Error] (459:57): Unknown identifier 'f011'
2019-07-21 00:06:34 GS-1 --ReInitializet-- 因为点击NPC失败，重新刷新NPC...
2019-07-21 00:06:34 GS-1 盟重公告牌-3.pas[Error] (459:57): Unknown identifier 'f011'
2019-07-21 00:06:34 GS-1 --ReInitializet-- 因为点击NPC失败，重新刷新NPC...
2019-07-21 00:06:34 GS-1 盟重公告牌-3.pas[Error] (459:57): Unknown identifier 'f011'
2019-07-21 00:06:34 GS-1 --ReInitializet-- 因为点击NPC失败，重新刷新NPC...
2019-07-21 00:06:34 GS-1 盟重公告牌-3.pas[Error] (459:57): Unknown identifier 'f011'
2019-07-21 00:06:34 GS-1 --ReInitializet-- 因为点击NPC失败，重新刷新NPC...
2019-07-21 00:06:34 GS-1 盟重公告牌-3.pas[Error] (459:57): Unknown identifier 'f011'
2019-07-21 00:06:34 GS-1 --ReInitializet-- 因为点击NPC失败，重新刷新NPC...
2019-07-21 00:06:34 GS-1 盟重公告牌-3.pas[Error] (459:57): Unknown identifier 'f011'
2019-07-21 00:06:34 GS-1 --ReInitializet-- 因为点击NPC失败，重新刷新NPC...
2019-07-21 00:06:34 GS-1 盟重公告牌-3.pas[Error] (459:57): Unknown identifier 'f011'
2019-07-21 00:06:34 GS-1 --ReInitializet-- 因为点击NPC失败，重新刷新NPC...
2019-07-21 00:06:34 GS-1 盟重公告牌-3.pas[Error] (459:57): Unknown identifier 'f011'
2019-07-21 00:06:34 GS-1 --ReInitializet-- 因为点击NPC失败，重新刷新NPC...
2019-07-21 00:06:35 GS-1 盟重公告牌-3.pas[Error] (459:57): Unknown identifier 'f011'
2019-07-21 00:06:35 GS-1 --ReInitializet-- 因为点击NPC失败，重新刷新NPC...
2019-07-21 00:06:35 GS-1 盟重公告牌-3.pas[Error] (459:57): Unknown identifier 'f011'
2019-07-21 00:06:35 GS-1 --ReInitializet-- 因为点击NPC失败，重新刷新NPC...
2019-07-21 00:06:36 GS-1 盟重公告牌-3.pas[Error] (459:57): Unknown identifier 'f011'
2019-07-21 00:06:36 GS-1 --ReInitializet-- 因为点击NPC失败，重新刷新NPC...
2019-07-21 00:06:40 GS-1 盟重公告牌-3.pas[Error] (459:57): Unknown identifier 'f011'
2019-07-21 00:06:40 GS-1 --ReInitializet-- 因为点击NPC失败，重新刷新NPC...
2019-07-21 00:06:43 GS-1 --ReInitializet-- 因为点击NPC失败，重新刷新NPC...
2019-07-21 00:07:20 GS-1 -----------------------------------------------------
---[Monster]: Max RunDelay: 1203; Max RunCount 3152
---[Human]: Max RunDelay: 672; [Socket]: Max RunDelay: 188
---[App]: Min PerSecRun: 24; Max RunDelay 0
-----------------------------------------------------
2019-07-21 00:07:31 GS-1 开始大刷NPC
2019-07-21 00:07:45 GS-1 载入商城热销商品列表，共22个。
2019-07-21 00:07:45 GS-1 ==> 加载商城热销榜:5
2019-07-21 00:07:47 GS-1 07-21 00:07:47 User = 1 / 1
2019-07-22 00:00:00 GS-1 载入商城物品列表，共5个类别，36种商品
2019-07-22 00:00:00 GS-1 ==> 加载商城物品 装饰类：11/11
2019-07-22 00:00:00 GS-1 ==> 加载商城物品 补给类：3/3
2019-07-22 00:00:00 GS-1 ==> 加载商城物品 强化类：15/15
2019-07-22 00:00:00 GS-1 ==> 加载商城物品 限量类：5/5
2019-07-22 00:00:00 GS-1 ==> 加载商城物品 好友类：2/2
2019-07-22 00:00:00 GS-1 ==> 加载商城物品 类：0/0
2019-07-22 00:00:00 GS-1 ==> 加载商城物品 类：0/0
2019-07-22 00:00:00 GS-1 ==> 加载商城物品 类：0/0
2019-07-22 00:15:48 GS-1 开始大刷NPC
2019-07-22 00:24:58 GS-1 -----------------------------------------------------
---[Monster]: Max RunDelay: 750; Max RunCount 3195
---[Human]: Max RunDelay: 468; [Socket]: Max RunDelay: 31
---[App]: Min PerSecRun: 37; Max RunDelay 0
-----------------------------------------------------
2019-07-22 00:25:41 GS-1 开始大刷NPC
2019-07-22 00:40:44 GS-1 开始大刷NPC
2019-07-22 00:47:11 GS-1 -----------------------------------------------------
---[Monster]: Max RunDelay: 609; Max RunCount 3198
---[Human]: Max RunDelay: 125; [Socket]: Max RunDelay: 31
---[App]: Min PerSecRun: 43; Max RunDelay 0
-----------------------------------------------------
2019-07-22 00:47:37 GS-1 07-22 00:47:37 User = 1 / 1
2019-07-22 00:49:52 GS-1 00:49:52 Gate 1 (129.28.198.181) 关闭
2019-07-22 00:49:52 GS-1 [Warning]: 与DB 服务器断开连接....
2019-07-22 00:49:57 GS-1 释放--魔龙冰晶升级对象--结束
2019-07-22 00:49:57 GS-1 释放--天赐宝箱1--结束
2019-07-22 00:49:57 GS-1 释放--天赐宝箱2--结束
2019-07-22 00:49:57 GS-1 释放--一点充--结束
2019-07-22 00:49:57 GS-1 释放--事件管理对象--结束
2019-07-22 00:49:57 GS-1 释放--任务管理对象--结束
2019-07-22 00:49:58 GS-1 释放--升级提醒管理对象--结束
2019-07-22 00:49:58 GS-1 释放--GDMsg管理对象--结束
2019-07-22 00:49:58 GS-1 释放--跨地图寻路管理对象--结束
2019-07-22 00:49:59 GS-1 释放--沙巴克管理对象--结束
2019-07-22 00:49:59 GS-1 释放--中央活动服务器客户端--结束
2019-07-22 00:49:59 GS-1 释放--乾坤包--结束
2019-07-22 00:49:59 GS-1 正在清除模块-卧龙英雄管理-的配置表d:\Mud2.0\Mir200\Share\EngineConfig\卧龙英雄管理\Fortress-HERO1.txt
2019-07-22 00:49:59 GS-1 正在清除模块-卧龙英雄管理-的配置表d:\Mud2.0\Mir200\Share\EngineConfig\卧龙英雄管理\Fortress.txt
2019-07-22 00:49:59 GS-1 正在清除模块-游戏元素点阵管理-的配置表d:\Mud2.0\Mir200\Share\EngineConfig\游戏元素点阵管理\GMActEvent.txt
2019-07-22 00:49:59 GS-1 正在清除模块-信用分管理-的配置表d:\Mud2.0\Mir200\Share\EngineConfig\信用分管理\PlayerActivePoint.xml
2019-07-22 00:49:59 GS-1 正在清除模块-信用分管理-的配置表d:\Mud2.0\Mir200\Share\EngineConfig\信用分管理\MapActivePoint.xml
2019-07-22 00:49:59 GS-1 正在清除模块-摆摊交易-的配置表d:\Mud2.0\Mir200\Share\EngineConfig\摆摊交易\摊位基础设置.ini
2019-07-22 00:49:59 GS-1 正在清除模块-元宝商城管理-的配置表d:\Mud2.0\Mir200\Share\EngineConfig\元宝商城管理\YBGoods.sql
2019-07-22 00:49:59 GS-1 正在清除模块-小助手管理-的配置表d:\Mud2.0\Mir200\Share\EngineConfig\小助手管理\小助手.txt
2019-07-22 00:49:59 GS-1 正在清除模块-静态地图管理-的配置表d:\Mud2.0\Mir200\Share\EngineConfig\静态地图管理\MapDropLimitBagItems.xml
2019-07-22 00:50:10 GS-1 正在清除模块-装备合成管理-的配置表d:\Mud2.0\Mir200\Share\EngineConfig\装备合成管理\StrengthenEquip.xml
2019-07-22 00:50:16 GS-1 正在清除模块-藏宝图管理-的配置表d:\Mud2.0\Mir200\Share\EngineConfig\藏宝图管理\修复藏宝图.txt
2019-07-22 00:50:16 GS-1 正在清除模块-藏宝图管理-的配置表d:\Mud2.0\Mir200\Share\EngineConfig\藏宝图管理\魔龙藏宝图合成装备.txt
2019-07-22 00:50:16 GS-1 正在清除模块-衣服升级管理-的配置表d:\Mud2.0\Mir200\Share\EngineConfig\衣服升级管理\UpdateClothes.xml
2019-07-22 00:50:16 GS-1 正在清除模块-道具管理-的配置表d:\Mud2.0\Mir200\Share\EngineConfig\道具管理\宝石配置.txt
2019-07-22 00:50:16 GS-1 正在清除模块-世界暴率管理-的配置表d:\Mud2.0\Mir200\Share\EngineConfig\世界暴率管理\世界爆率文件1.txt
2019-07-22 00:50:16 GS-1 释放--跨GS消息管理对象--结束
2019-07-22 00:50:16 GS-1 释放--gate管理对象--结束
2019-07-22 00:50:16 GS-1 释放--魔法管理对象--结束
2019-07-22 00:50:16 GS-1 释放--套装管理对象--结束
2019-07-22 00:50:16 GS-1 释放--新暴率管理对象--结束
2019-07-22 00:50:16 GS-1 释放--角色信息初始化管理对象--结束
2019-07-22 00:50:16 GS-1 释放--GS本地日志--结束
2019-07-22 00:50:16 GS-1 释放--DBEngn对象--结束
2019-07-22 00:50:16 GS-1 释放--任务列表--结束
2019-07-22 00:50:16 GS-1 释放--buffer管理类--结束
2019-07-22 00:50:16 GS-1 释放--排行榜--结束
2019-07-22 00:50:16 GS-1 释放--免费回收--结束
2019-07-22 00:50:16 GS-1 释放--mysql对象--结束
2019-07-22 00:50:16 GS-1 ================ 服务停止 ==============
