2019-07-02 19:54:04 GS-1 SetForm:hero_lv_exp.txt文件不存在
2019-07-02 19:54:04 GS-1 SetForm:hero_lv_nq.txt文件不存在
2019-07-02 19:54:04 GS-1 -----------------------------------------------------
---[Monster]: Max RunDelay: 0; Max RunCount 0
---[Human]: Max RunDelay: 0; [Socket]: Max RunDelay: 0
---[App]: Min PerSecRun: 100; Max RunDelay 0
-----------------------------------------------------
2019-07-02 19:54:04 GS-1 ================ 服务启动 ==============
2019-07-02 19:54:04 GS-1 TPlayerBody Size - 1616
2019-07-02 19:54:04 GS-1 TPlayerDB Size - 61608
2019-07-02 19:54:04 GS-1 ======== 连接MySQL成功 =======
2019-07-02 19:54:04 GS-1 *** ***Gamelog 的下次清理时间为 : 07月09日03时*** ***
2019-07-02 19:54:04 GS-1 ==加载GM指令定义完成==
2019-07-02 19:54:04 GS-1 与 DB 服务器连接成功
2019-07-02 19:54:04 GS-1 [Error]: 抽取概率错误:赤金天赐->宝箱1:概率7
2019-07-02 19:54:04 GS-1 [Error]: 抽取概率错误:白银天赐->宝箱1:概率7
2019-07-02 19:54:04 GS-1 [Error]: 抽取概率错误:紫铜天赐->宝箱1:概率7
2019-07-02 19:54:04 GS-1 [Error]: 抽取概率错误:神秘天赐->宝箱1:概率7
2019-07-02 19:54:04 GS-1 [Error]: 抽取概率错误:檀木天赐->宝箱1:概率7
2019-07-02 19:54:04 GS-1 [Error]: 抽取概率错误:宝藏天赐 ->宝箱1:概率7
2019-07-02 19:54:04 GS-1 [Error]: StdItems 不存在的天赐：新年天赐
2019-07-02 19:54:04 GS-1 [Error]: StdItems 不存在的钥匙：新年钥匙
2019-07-02 19:54:04 GS-1 [Error]: StdItems 不存在的钥匙：春节钥匙
2019-07-02 19:54:04 GS-1 [Error]: StdItems 不存在的钥匙：节日钥匙
2019-07-02 19:54:04 GS-1 [Error]: StdItems 不存在的天赐：感恩天赐
2019-07-02 19:54:04 GS-1 [Error]: StdItems 不存在的钥匙：感恩钥匙
2019-07-02 19:54:04 GS-1 系统参数初始化完毕
2019-07-02 19:54:04 GS-1 准备加载NPC，共496个
2019-07-02 19:54:04 GS-1 已加载d:\Mud2.0\Mir200\Share\EngineConfig\系统信息管理\RollMsg.txt！
2019-07-02 19:54:04 GS-1 已加载d:\Mud2.0\Mir200\Share\EngineConfig\系统信息管理\掉落物品提示.txt！
2019-07-02 19:54:04 GS-1 已加载d:\Mud2.0\Mir200\Share\EngineConfig\卧龙英雄管理\Fortress.txt！
2019-07-02 19:54:04 GS-1 已加载d:\Mud2.0\Mir200\Share\EngineConfig\游戏元素点阵管理\GMActEvent.txt！
2019-07-02 19:54:04 GS-1    加载邮件信息成功,加载0个玩家的邮件。
2019-07-02 19:54:04 GS-1    加载邮件信息成功,加载0个玩家的邮件。
2019-07-02 19:54:04 GS-1 已加载d:\Mud2.0\Mir200\Share\EngineConfig\摆摊交易\摊位基础设置.ini！
2019-07-02 19:54:04 GS-1 刷新摊位过期将在2:55执行！
2019-07-02 19:54:04 GS-1   加载Stall成功，共加载摊位0个
2019-07-02 19:54:04 GS-1 [Information]: 寄售表创建成功!
2019-07-02 19:54:04 GS-1 [Information]: 寄售历史表创建成功!
2019-07-02 19:54:04 GS-1 [Information]: 更新超时订单成功!
2019-07-02 19:54:04 GS-1 已加载刷新商城时间：00:00:00.
2019-07-02 19:54:04 GS-1 已加载刷新商城时间：06:00:00.
2019-07-02 19:54:04 GS-1 已加载刷新商城时间：12:00:00.
2019-07-02 19:54:04 GS-1 载入商城物品列表，共5个类别，30种商品
2019-07-02 19:54:04 GS-1 ==> 加载商城物品 装饰类：2/2
2019-07-02 19:54:04 GS-1 ==> 加载商城物品 补给类：8/8
2019-07-02 19:54:04 GS-1 ==> 加载商城物品 强化类：15/15
2019-07-02 19:54:04 GS-1 ==> 加载商城物品 好友类：2/2
2019-07-02 19:54:04 GS-1 ==> 加载商城物品 限量类：3/3
2019-07-02 19:54:04 GS-1 ==> 加载商城物品 类：0/0
2019-07-02 19:54:04 GS-1 ==> 加载商城物品 类：0/0
2019-07-02 19:54:04 GS-1 ==> 加载商城物品 类：0/0
2019-07-02 19:54:04 GS-1    [删除错误数据] 删除用户表中不存在的战队成员
2019-07-02 19:54:04 GS-1    [删除错误数据] 清除战队队长不存在的项
2019-07-02 19:54:04 GS-1    [删除错误数据] 不存在战队的成员
2019-07-02 19:54:04 GS-1    正在加载战队...
2019-07-02 19:54:04 GS-1    战队表数量 : 0
2019-07-02 19:54:04 GS-1    加载战队数量:0
2019-07-02 19:54:04 GS-1    正在加载战队成员...
2019-07-02 19:54:04 GS-1    战队成员总数:0 加载成员数:0
2019-07-02 19:54:04 GS-1    正在检测战队数据有效性...
2019-07-02 19:54:04 GS-1    战队数据有效性检测完毕
2019-07-02 19:54:04 GS-1    [删除错误数据] 清除会长战队不存在行会
2019-07-02 19:54:04 GS-1    [删除错误数据] 清除行会不存在的行会成员
2019-07-02 19:54:04 GS-1    [删除错误数据] 清除行会不存在的行会关系ID排列错误的项
2019-07-02 19:54:04 GS-1    [删除错误数据] 清除行会不存在行会关系
2019-07-02 19:54:04 GS-1    [删除错误数据] 清除行会不存在关注行会
2019-07-02 19:54:04 GS-1    加载行会数量 : 0
2019-07-02 19:54:04 GS-1    加载行会成员(战队)数量 : 0
2019-07-02 19:54:04 GS-1    加载行会关系数量 : 0
2019-07-02 19:54:04 GS-1    加载关注行会数量 : 0
2019-07-02 19:54:04 GS-1    加载请求数量:0
2019-07-02 19:54:04 GS-1 [Error]: 小助手 不存在！
2019-07-02 19:54:04 GS-1 D411地图配置在MapInfo.txt 中不是LIMITBAGITEMDROP属性
2019-07-02 19:54:04 GS-1 D415地图配置在MapInfo.txt 中不是LIMITBAGITEMDROP属性
2019-07-02 19:54:04 GS-1 D416地图配置在MapInfo.txt 中不是LIMITBAGITEMDROP属性
2019-07-02 19:54:04 GS-1 信用分验证功能：开
2019-07-02 19:54:04 GS-1 GS脚本版本号：10001
2019-07-02 19:54:04 GS-1 更新排行榜，共计：3 页
2019-07-02 19:54:29 GS-1 载入商城热销商品列表，共6个。
2019-07-02 19:54:29 GS-1 ==> 加载商城热销榜:5
2019-07-02 19:54:36 GS-1 Gate 1 开启
2019-07-02 19:59:06 GS-1 -----------------------------------------------------
---[Monster]: Max RunDelay: 406; Max RunCount 3141
---[Human]: Max RunDelay: 47; [Socket]: Max RunDelay: 32
---[App]: Min PerSecRun: 66; Max RunDelay 0
-----------------------------------------------------
2019-07-02 20:04:07 GS-1 -----------------------------------------------------
---[Monster]: Max RunDelay: 219; Max RunCount 3149
---[Human]: Max RunDelay: 32; [Socket]: Max RunDelay: 0
---[App]: Min PerSecRun: 79; Max RunDelay 0
-----------------------------------------------------
2019-07-02 20:04:28 GS-1 07-02 20:04:28 User = 0 / 0
2019-07-02 20:09:08 GS-1 -----------------------------------------------------
---[Monster]: Max RunDelay: 234; Max RunCount 3151
---[Human]: Max RunDelay: 16; [Socket]: Max RunDelay: 0
---[App]: Min PerSecRun: 80; Max RunDelay 0
-----------------------------------------------------
2019-07-02 20:14:09 GS-1 -----------------------------------------------------
---[Monster]: Max RunDelay: 234; Max RunCount 3105
---[Human]: Max RunDelay: 32; [Socket]: Max RunDelay: 16
---[App]: Min PerSecRun: 78; Max RunDelay 0
-----------------------------------------------------
2019-07-02 20:14:28 GS-1 07-02 20:14:28 User = 0 / 0
2019-07-02 20:19:10 GS-1 -----------------------------------------------------
---[Monster]: Max RunDelay: 219; Max RunCount 3152
---[Human]: Max RunDelay: 16; [Socket]: Max RunDelay: 0
---[App]: Min PerSecRun: 79; Max RunDelay 0
-----------------------------------------------------
2019-07-02 20:24:11 GS-1 -----------------------------------------------------
---[Monster]: Max RunDelay: 204; Max RunCount 3151
---[Human]: Max RunDelay: 31; [Socket]: Max RunDelay: 16
---[App]: Min PerSecRun: 79; Max RunDelay 0
-----------------------------------------------------
2019-07-02 20:24:28 GS-1 07-02 20:24:28 User = 0 / 0
2019-07-02 20:29:12 GS-1 -----------------------------------------------------
---[Monster]: Max RunDelay: 203; Max RunCount 3151
---[Human]: Max RunDelay: 31; [Socket]: Max RunDelay: 16
---[App]: Min PerSecRun: 80; Max RunDelay 0
-----------------------------------------------------
2019-07-02 20:34:13 GS-1 -----------------------------------------------------
---[Monster]: Max RunDelay: 235; Max RunCount 3151
---[Human]: Max RunDelay: 31; [Socket]: Max RunDelay: 16
---[App]: Min PerSecRun: 79; Max RunDelay 0
-----------------------------------------------------
2019-07-02 20:34:28 GS-1 07-02 20:34:28 User = 0 / 0
2019-07-02 20:39:14 GS-1 -----------------------------------------------------
---[Monster]: Max RunDelay: 297; Max RunCount 3152
---[Human]: Max RunDelay: 31; [Socket]: Max RunDelay: 16
---[App]: Min PerSecRun: 73; Max RunDelay 0
-----------------------------------------------------
2019-07-02 20:44:15 GS-1 -----------------------------------------------------
---[Monster]: Max RunDelay: 359; Max RunCount 3151
---[Human]: Max RunDelay: 31; [Socket]: Max RunDelay: 15
---[App]: Min PerSecRun: 66; Max RunDelay 0
-----------------------------------------------------
2019-07-02 20:44:28 GS-1 07-02 20:44:28 User = 0 / 0
2019-07-02 20:49:16 GS-1 -----------------------------------------------------
---[Monster]: Max RunDelay: 234; Max RunCount 3152
---[Human]: Max RunDelay: 15; [Socket]: Max RunDelay: 0
---[App]: Min PerSecRun: 77; Max RunDelay 0
-----------------------------------------------------
2019-07-02 20:54:17 GS-1 -----------------------------------------------------
---[Monster]: Max RunDelay: 313; Max RunCount 3152
---[Human]: Max RunDelay: 32; [Socket]: Max RunDelay: 0
---[App]: Min PerSecRun: 66; Max RunDelay 0
-----------------------------------------------------
2019-07-02 20:54:28 GS-1 07-02 20:54:28 User = 0 / 0
2019-07-02 20:54:29 GS-1 载入商城热销商品列表，共6个。
2019-07-02 20:54:29 GS-1 ==> 加载商城热销榜:5
2019-07-02 20:59:18 GS-1 -----------------------------------------------------
---[Monster]: Max RunDelay: 407; Max RunCount 3152
---[Human]: Max RunDelay: 31; [Socket]: Max RunDelay: 16
---[App]: Min PerSecRun: 67; Max RunDelay 0
-----------------------------------------------------
2019-07-02 21:04:19 GS-1 -----------------------------------------------------
---[Monster]: Max RunDelay: 391; Max RunCount 3152
---[Human]: Max RunDelay: 15; [Socket]: Max RunDelay: 16
---[App]: Min PerSecRun: 58; Max RunDelay 0
-----------------------------------------------------
2019-07-02 21:04:28 GS-1 07-02 21:04:28 User = 1 / 1
2019-07-02 21:09:20 GS-1 -----------------------------------------------------
---[Monster]: Max RunDelay: 250; Max RunCount 3152
---[Human]: Max RunDelay: 15; [Socket]: Max RunDelay: 0
---[App]: Min PerSecRun: 78; Max RunDelay 0
-----------------------------------------------------
2019-07-02 21:14:21 GS-1 -----------------------------------------------------
---[Monster]: Max RunDelay: 203; Max RunCount 3152
---[Human]: Max RunDelay: 15; [Socket]: Max RunDelay: 0
---[App]: Min PerSecRun: 79; Max RunDelay 0
-----------------------------------------------------
2019-07-02 21:14:28 GS-1 07-02 21:14:28 User = 0 / 0
2019-07-02 21:19:22 GS-1 -----------------------------------------------------
---[Monster]: Max RunDelay: 219; Max RunCount 3152
---[Human]: Max RunDelay: 15; [Socket]: Max RunDelay: 0
---[App]: Min PerSecRun: 79; Max RunDelay 0
-----------------------------------------------------
2019-07-02 21:24:23 GS-1 -----------------------------------------------------
---[Monster]: Max RunDelay: 219; Max RunCount 3152
---[Human]: Max RunDelay: 15; [Socket]: Max RunDelay: 16
---[App]: Min PerSecRun: 78; Max RunDelay 0
-----------------------------------------------------
2019-07-02 21:24:28 GS-1 07-02 21:24:28 User = 0 / 0
2019-07-02 21:29:24 GS-1 -----------------------------------------------------
---[Monster]: Max RunDelay: 234; Max RunCount 3139
---[Human]: Max RunDelay: 15; [Socket]: Max RunDelay: 0
---[App]: Min PerSecRun: 79; Max RunDelay 0
-----------------------------------------------------
2019-07-02 21:34:24 GS-1 -----------------------------------------------------
---[Monster]: Max RunDelay: 390; Max RunCount 3152
---[Human]: Max RunDelay: 31; [Socket]: Max RunDelay: 16
---[App]: Min PerSecRun: 55; Max RunDelay 0
-----------------------------------------------------
2019-07-02 21:34:28 GS-1 07-02 21:34:28 User = 1 / 1
2019-07-02 21:39:25 GS-1 -----------------------------------------------------
---[Monster]: Max RunDelay: 484; Max RunCount 3132
---[Human]: Max RunDelay: 31; [Socket]: Max RunDelay: 16
---[App]: Min PerSecRun: 44; Max RunDelay 0
-----------------------------------------------------
2019-07-02 21:44:26 GS-1 -----------------------------------------------------
---[Monster]: Max RunDelay: 437; Max RunCount 3152
---[Human]: Max RunDelay: 110; [Socket]: Max RunDelay: 16
---[App]: Min PerSecRun: 57; Max RunDelay 0
-----------------------------------------------------
2019-07-02 21:44:27 GS-1 07-02 21:44:27 User = 0 / 0
2019-07-02 21:49:27 GS-1 -----------------------------------------------------
---[Monster]: Max RunDelay: 250; Max RunCount 3152
---[Human]: Max RunDelay: 31; [Socket]: Max RunDelay: 15
---[App]: Min PerSecRun: 78; Max RunDelay 0
-----------------------------------------------------
2019-07-02 21:54:27 GS-1 07-02 21:54:27 User = 0 / 0
2019-07-02 21:54:28 GS-1 -----------------------------------------------------
---[Monster]: Max RunDelay: 594; Max RunCount 3140
---[Human]: Max RunDelay: 78; [Socket]: Max RunDelay: 31
---[App]: Min PerSecRun: 55; Max RunDelay 0
-----------------------------------------------------
2019-07-02 21:54:29 GS-1 载入商城热销商品列表，共6个。
2019-07-02 21:54:29 GS-1 ==> 加载商城热销榜:5
2019-07-02 21:59:29 GS-1 -----------------------------------------------------
---[Monster]: Max RunDelay: 235; Max RunCount 3151
---[Human]: Max RunDelay: 15; [Socket]: Max RunDelay: 16
---[App]: Min PerSecRun: 77; Max RunDelay 0
-----------------------------------------------------
2019-07-02 22:04:27 GS-1 07-02 22:04:27 User = 0 / 0
2019-07-02 22:04:30 GS-1 -----------------------------------------------------
---[Monster]: Max RunDelay: 219; Max RunCount 3151
---[Human]: Max RunDelay: 15; [Socket]: Max RunDelay: 16
---[App]: Min PerSecRun: 79; Max RunDelay 0
-----------------------------------------------------
2019-07-02 22:09:31 GS-1 -----------------------------------------------------
---[Monster]: Max RunDelay: 204; Max RunCount 3131
---[Human]: Max RunDelay: 15; [Socket]: Max RunDelay: 16
---[App]: Min PerSecRun: 78; Max RunDelay 0
-----------------------------------------------------
2019-07-02 22:14:27 GS-1 07-02 22:14:27 User = 0 / 0
2019-07-02 22:14:32 GS-1 -----------------------------------------------------
---[Monster]: Max RunDelay: 204; Max RunCount 3131
---[Human]: Max RunDelay: 15; [Socket]: Max RunDelay: 16
---[App]: Min PerSecRun: 78; Max RunDelay 0
-----------------------------------------------------
2019-07-02 22:19:33 GS-1 -----------------------------------------------------
---[Monster]: Max RunDelay: 204; Max RunCount 3096
---[Human]: Max RunDelay: 31; [Socket]: Max RunDelay: 16
---[App]: Min PerSecRun: 79; Max RunDelay 0
-----------------------------------------------------
2019-07-02 22:24:28 GS-1 07-02 22:24:28 User = 0 / 0
2019-07-02 22:24:34 GS-1 -----------------------------------------------------
---[Monster]: Max RunDelay: 203; Max RunCount 3132
---[Human]: Max RunDelay: 16; [Socket]: Max RunDelay: 0
---[App]: Min PerSecRun: 79; Max RunDelay 0
-----------------------------------------------------
2019-07-02 22:29:35 GS-1 -----------------------------------------------------
---[Monster]: Max RunDelay: 219; Max RunCount 3121
---[Human]: Max RunDelay: 16; [Socket]: Max RunDelay: 0
---[App]: Min PerSecRun: 79; Max RunDelay 0
-----------------------------------------------------
2019-07-02 22:34:28 GS-1 07-02 22:34:28 User = 0 / 0
2019-07-02 22:34:36 GS-1 -----------------------------------------------------
---[Monster]: Max RunDelay: 235; Max RunCount 3132
---[Human]: Max RunDelay: 31; [Socket]: Max RunDelay: 0
---[App]: Min PerSecRun: 79; Max RunDelay 0
-----------------------------------------------------
2019-07-02 22:39:37 GS-1 -----------------------------------------------------
---[Monster]: Max RunDelay: 219; Max RunCount 3132
---[Human]: Max RunDelay: 31; [Socket]: Max RunDelay: 16
---[App]: Min PerSecRun: 79; Max RunDelay 0
-----------------------------------------------------
2019-07-02 22:44:28 GS-1 07-02 22:44:28 User = 0 / 0
2019-07-02 22:44:38 GS-1 -----------------------------------------------------
---[Monster]: Max RunDelay: 219; Max RunCount 3132
---[Human]: Max RunDelay: 15; [Socket]: Max RunDelay: 0
---[App]: Min PerSecRun: 79; Max RunDelay 0
-----------------------------------------------------
2019-07-02 22:49:39 GS-1 -----------------------------------------------------
---[Monster]: Max RunDelay: 218; Max RunCount 3132
---[Human]: Max RunDelay: 15; [Socket]: Max RunDelay: 0
---[App]: Min PerSecRun: 79; Max RunDelay 0
-----------------------------------------------------
2019-07-02 22:54:28 GS-1 07-02 22:54:28 User = 0 / 0
2019-07-02 22:54:29 GS-1 载入商城热销商品列表，共6个。
2019-07-02 22:54:29 GS-1 ==> 加载商城热销榜:5
2019-07-02 22:54:40 GS-1 -----------------------------------------------------
---[Monster]: Max RunDelay: 203; Max RunCount 3132
---[Human]: Max RunDelay: 31; [Socket]: Max RunDelay: 15
---[App]: Min PerSecRun: 79; Max RunDelay 0
-----------------------------------------------------
2019-07-02 22:59:41 GS-1 -----------------------------------------------------
---[Monster]: Max RunDelay: 218; Max RunCount 3121
---[Human]: Max RunDelay: 15; [Socket]: Max RunDelay: 15
---[App]: Min PerSecRun: 80; Max RunDelay 0
-----------------------------------------------------
2019-07-02 23:04:28 GS-1 07-02 23:04:28 User = 0 / 0
2019-07-02 23:04:42 GS-1 -----------------------------------------------------
---[Monster]: Max RunDelay: 250; Max RunCount 3132
---[Human]: Max RunDelay: 31; [Socket]: Max RunDelay: 0
---[App]: Min PerSecRun: 78; Max RunDelay 0
-----------------------------------------------------
2019-07-02 23:09:43 GS-1 -----------------------------------------------------
---[Monster]: Max RunDelay: 234; Max RunCount 3132
---[Human]: Max RunDelay: 16; [Socket]: Max RunDelay: 0
---[App]: Min PerSecRun: 79; Max RunDelay 0
-----------------------------------------------------
2019-07-02 23:14:28 GS-1 07-02 23:14:28 User = 0 / 0
2019-07-02 23:14:44 GS-1 -----------------------------------------------------
---[Monster]: Max RunDelay: 219; Max RunCount 3132
---[Human]: Max RunDelay: 16; [Socket]: Max RunDelay: 0
---[App]: Min PerSecRun: 79; Max RunDelay 0
-----------------------------------------------------
2019-07-02 23:19:45 GS-1 -----------------------------------------------------
---[Monster]: Max RunDelay: 250; Max RunCount 3132
---[Human]: Max RunDelay: 31; [Socket]: Max RunDelay: 16
---[App]: Min PerSecRun: 79; Max RunDelay 0
-----------------------------------------------------
2019-07-02 23:24:28 GS-1 07-02 23:24:28 User = 0 / 0
2019-07-02 23:24:46 GS-1 -----------------------------------------------------
---[Monster]: Max RunDelay: 203; Max RunCount 3121
---[Human]: Max RunDelay: 16; [Socket]: Max RunDelay: 0
---[App]: Min PerSecRun: 79; Max RunDelay 0
-----------------------------------------------------
2019-07-02 23:29:47 GS-1 -----------------------------------------------------
---[Monster]: Max RunDelay: 204; Max RunCount 3094
---[Human]: Max RunDelay: 16; [Socket]: Max RunDelay: 0
---[App]: Min PerSecRun: 79; Max RunDelay 0
-----------------------------------------------------
2019-07-02 23:34:28 GS-1 07-02 23:34:28 User = 0 / 0
2019-07-02 23:34:48 GS-1 -----------------------------------------------------
---[Monster]: Max RunDelay: 219; Max RunCount 3132
---[Human]: Max RunDelay: 16; [Socket]: Max RunDelay: 0
---[App]: Min PerSecRun: 79; Max RunDelay 0
-----------------------------------------------------
2019-07-02 23:39:49 GS-1 -----------------------------------------------------
---[Monster]: Max RunDelay: 204; Max RunCount 3132
---[Human]: Max RunDelay: 16; [Socket]: Max RunDelay: 0
---[App]: Min PerSecRun: 79; Max RunDelay 0
-----------------------------------------------------
2019-07-02 23:44:28 GS-1 07-02 23:44:28 User = 0 / 0
2019-07-02 23:44:50 GS-1 -----------------------------------------------------
---[Monster]: Max RunDelay: 250; Max RunCount 3132
---[Human]: Max RunDelay: 16; [Socket]: Max RunDelay: 0
---[App]: Min PerSecRun: 80; Max RunDelay 0
-----------------------------------------------------
2019-07-02 23:49:51 GS-1 -----------------------------------------------------
---[Monster]: Max RunDelay: 204; Max RunCount 3105
---[Human]: Max RunDelay: 16; [Socket]: Max RunDelay: 16
---[App]: Min PerSecRun: 79; Max RunDelay 0
-----------------------------------------------------
2019-07-02 23:54:27 GS-1 07-02 23:54:27 User = 0 / 0
2019-07-02 23:54:29 GS-1 载入商城热销商品列表，共6个。
2019-07-02 23:54:29 GS-1 ==> 加载商城热销榜:5
2019-07-02 23:54:52 GS-1 -----------------------------------------------------
---[Monster]: Max RunDelay: 204; Max RunCount 3132
---[Human]: Max RunDelay: 16; [Socket]: Max RunDelay: 0
---[App]: Min PerSecRun: 79; Max RunDelay 0
-----------------------------------------------------
2019-07-02 23:59:53 GS-1 -----------------------------------------------------
---[Monster]: Max RunDelay: 250; Max RunCount 3132
---[Human]: Max RunDelay: 16; [Socket]: Max RunDelay: 0
---[App]: Min PerSecRun: 79; Max RunDelay 0
-----------------------------------------------------
2019-07-03 00:00:00 GS-1 载入商城物品列表，共5个类别，30种商品
2019-07-03 00:00:00 GS-1 ==> 加载商城物品 装饰类：2/2
2019-07-03 00:00:00 GS-1 ==> 加载商城物品 补给类：8/8
2019-07-03 00:00:00 GS-1 ==> 加载商城物品 强化类：15/15
2019-07-03 00:00:00 GS-1 ==> 加载商城物品 好友类：2/2
2019-07-03 00:00:00 GS-1 ==> 加载商城物品 限量类：3/3
2019-07-03 00:00:00 GS-1 ==> 加载商城物品 类：0/0
2019-07-03 00:00:00 GS-1 ==> 加载商城物品 类：0/0
2019-07-03 00:00:00 GS-1 ==> 加载商城物品 类：0/0
2019-07-03 00:04:27 GS-1 07-03 00:04:27 User = 0 / 0
2019-07-03 00:04:54 GS-1 -----------------------------------------------------
---[Monster]: Max RunDelay: 235; Max RunCount 3132
---[Human]: Max RunDelay: 32; [Socket]: Max RunDelay: 15
---[App]: Min PerSecRun: 78; Max RunDelay 0
-----------------------------------------------------
2019-07-03 00:09:55 GS-1 -----------------------------------------------------
---[Monster]: Max RunDelay: 203; Max RunCount 3132
---[Human]: Max RunDelay: 16; [Socket]: Max RunDelay: 0
---[App]: Min PerSecRun: 79; Max RunDelay 0
-----------------------------------------------------
2019-07-03 00:14:27 GS-1 07-03 00:14:27 User = 0 / 0
2019-07-03 00:14:56 GS-1 -----------------------------------------------------
---[Monster]: Max RunDelay: 235; Max RunCount 3132
---[Human]: Max RunDelay: 16; [Socket]: Max RunDelay: 0
---[App]: Min PerSecRun: 79; Max RunDelay 0
-----------------------------------------------------
2019-07-03 00:19:57 GS-1 -----------------------------------------------------
---[Monster]: Max RunDelay: 234; Max RunCount 3132
---[Human]: Max RunDelay: 16; [Socket]: Max RunDelay: 0
---[App]: Min PerSecRun: 78; Max RunDelay 0
-----------------------------------------------------
2019-07-03 00:24:28 GS-1 07-03 00:24:28 User = 0 / 0
2019-07-03 00:24:58 GS-1 -----------------------------------------------------
---[Monster]: Max RunDelay: 234; Max RunCount 3132
---[Human]: Max RunDelay: 31; [Socket]: Max RunDelay: 15
---[App]: Min PerSecRun: 79; Max RunDelay 0
-----------------------------------------------------
2019-07-03 00:29:59 GS-1 -----------------------------------------------------
---[Monster]: Max RunDelay: 235; Max RunCount 3132
---[Human]: Max RunDelay: 15; [Socket]: Max RunDelay: 0
---[App]: Min PerSecRun: 79; Max RunDelay 0
-----------------------------------------------------
2019-07-03 00:34:28 GS-1 07-03 00:34:28 User = 0 / 0
2019-07-03 00:35:00 GS-1 -----------------------------------------------------
---[Monster]: Max RunDelay: 235; Max RunCount 3132
---[Human]: Max RunDelay: 15; [Socket]: Max RunDelay: 0
---[App]: Min PerSecRun: 80; Max RunDelay 0
-----------------------------------------------------
2019-07-03 00:40:01 GS-1 -----------------------------------------------------
---[Monster]: Max RunDelay: 219; Max RunCount 3125
---[Human]: Max RunDelay: 15; [Socket]: Max RunDelay: 0
---[App]: Min PerSecRun: 80; Max RunDelay 0
-----------------------------------------------------
2019-07-03 00:44:28 GS-1 07-03 00:44:28 User = 0 / 0
2019-07-03 00:45:02 GS-1 -----------------------------------------------------
---[Monster]: Max RunDelay: 219; Max RunCount 3152
---[Human]: Max RunDelay: 15; [Socket]: Max RunDelay: 0
---[App]: Min PerSecRun: 79; Max RunDelay 0
-----------------------------------------------------
2019-07-03 00:50:03 GS-1 -----------------------------------------------------
---[Monster]: Max RunDelay: 219; Max RunCount 3152
---[Human]: Max RunDelay: 15; [Socket]: Max RunDelay: 15
---[App]: Min PerSecRun: 79; Max RunDelay 0
-----------------------------------------------------
2019-07-03 00:54:28 GS-1 07-03 00:54:28 User = 0 / 0
2019-07-03 00:54:29 GS-1 载入商城热销商品列表，共6个。
2019-07-03 00:54:29 GS-1 ==> 加载商城热销榜:5
2019-07-03 00:55:04 GS-1 -----------------------------------------------------
---[Monster]: Max RunDelay: 219; Max RunCount 3141
---[Human]: Max RunDelay: 15; [Socket]: Max RunDelay: 0
---[App]: Min PerSecRun: 79; Max RunDelay 0
-----------------------------------------------------
2019-07-03 01:00:05 GS-1 -----------------------------------------------------
---[Monster]: Max RunDelay: 234; Max RunCount 3152
---[Human]: Max RunDelay: 15; [Socket]: Max RunDelay: 0
---[App]: Min PerSecRun: 79; Max RunDelay 0
-----------------------------------------------------
2019-07-03 01:04:28 GS-1 07-03 01:04:28 User = 0 / 0
2019-07-03 01:05:06 GS-1 -----------------------------------------------------
---[Monster]: Max RunDelay: 204; Max RunCount 3152
---[Human]: Max RunDelay: 15; [Socket]: Max RunDelay: 0
---[App]: Min PerSecRun: 80; Max RunDelay 0
-----------------------------------------------------
2019-07-03 01:10:07 GS-1 -----------------------------------------------------
---[Monster]: Max RunDelay: 204; Max RunCount 3152
---[Human]: Max RunDelay: 15; [Socket]: Max RunDelay: 0
---[App]: Min PerSecRun: 79; Max RunDelay 0
-----------------------------------------------------
2019-07-03 01:14:28 GS-1 07-03 01:14:28 User = 0 / 0
2019-07-03 01:15:08 GS-1 -----------------------------------------------------
---[Monster]: Max RunDelay: 281; Max RunCount 3152
---[Human]: Max RunDelay: 15; [Socket]: Max RunDelay: 0
---[App]: Min PerSecRun: 77; Max RunDelay 0
-----------------------------------------------------
2019-07-03 01:20:09 GS-1 -----------------------------------------------------
---[Monster]: Max RunDelay: 234; Max RunCount 3152
---[Human]: Max RunDelay: 31; [Socket]: Max RunDelay: 15
---[App]: Min PerSecRun: 78; Max RunDelay 0
-----------------------------------------------------
2019-07-03 01:24:28 GS-1 07-03 01:24:28 User = 0 / 0
2019-07-03 01:25:10 GS-1 -----------------------------------------------------
---[Monster]: Max RunDelay: 203; Max RunCount 3152
---[Human]: Max RunDelay: 15; [Socket]: Max RunDelay: 0
---[App]: Min PerSecRun: 80; Max RunDelay 0
-----------------------------------------------------
2019-07-03 01:30:11 GS-1 -----------------------------------------------------
---[Monster]: Max RunDelay: 235; Max RunCount 3151
---[Human]: Max RunDelay: 31; [Socket]: Max RunDelay: 15
---[App]: Min PerSecRun: 79; Max RunDelay 0
-----------------------------------------------------
2019-07-03 01:34:28 GS-1 07-03 01:34:28 User = 0 / 0
2019-07-03 01:35:12 GS-1 -----------------------------------------------------
---[Monster]: Max RunDelay: 219; Max RunCount 3152
---[Human]: Max RunDelay: 31; [Socket]: Max RunDelay: 15
---[App]: Min PerSecRun: 80; Max RunDelay 0
-----------------------------------------------------
2019-07-03 01:40:13 GS-1 -----------------------------------------------------
---[Monster]: Max RunDelay: 219; Max RunCount 3152
---[Human]: Max RunDelay: 31; [Socket]: Max RunDelay: 15
---[App]: Min PerSecRun: 79; Max RunDelay 0
-----------------------------------------------------
2019-07-03 01:44:28 GS-1 07-03 01:44:28 User = 0 / 0
2019-07-03 01:45:14 GS-1 -----------------------------------------------------
---[Monster]: Max RunDelay: 219; Max RunCount 3152
---[Human]: Max RunDelay: 32; [Socket]: Max RunDelay: 0
---[App]: Min PerSecRun: 79; Max RunDelay 0
-----------------------------------------------------
2019-07-03 01:50:15 GS-1 -----------------------------------------------------
---[Monster]: Max RunDelay: 218; Max RunCount 3114
---[Human]: Max RunDelay: 16; [Socket]: Max RunDelay: 0
---[App]: Min PerSecRun: 79; Max RunDelay 0
-----------------------------------------------------
2019-07-03 01:54:28 GS-1 07-03 01:54:28 User = 0 / 0
2019-07-03 01:54:29 GS-1 载入商城热销商品列表，共6个。
2019-07-03 01:54:29 GS-1 ==> 加载商城热销榜:5
2019-07-03 01:55:16 GS-1 -----------------------------------------------------
---[Monster]: Max RunDelay: 219; Max RunCount 3152
---[Human]: Max RunDelay: 16; [Socket]: Max RunDelay: 15
---[App]: Min PerSecRun: 80; Max RunDelay 0
-----------------------------------------------------
2019-07-03 02:00:17 GS-1 -----------------------------------------------------
---[Monster]: Max RunDelay: 234; Max RunCount 3152
---[Human]: Max RunDelay: 16; [Socket]: Max RunDelay: 0
---[App]: Min PerSecRun: 79; Max RunDelay 0
-----------------------------------------------------
2019-07-03 02:04:28 GS-1 07-03 02:04:28 User = 0 / 0
2019-07-03 02:05:18 GS-1 -----------------------------------------------------
---[Monster]: Max RunDelay: 219; Max RunCount 3152
---[Human]: Max RunDelay: 31; [Socket]: Max RunDelay: 0
---[App]: Min PerSecRun: 79; Max RunDelay 0
-----------------------------------------------------
2019-07-03 02:10:19 GS-1 -----------------------------------------------------
---[Monster]: Max RunDelay: 204; Max RunCount 3151
---[Human]: Max RunDelay: 31; [Socket]: Max RunDelay: 0
---[App]: Min PerSecRun: 80; Max RunDelay 0
-----------------------------------------------------
2019-07-03 02:14:28 GS-1 07-03 02:14:28 User = 0 / 0
2019-07-03 02:15:20 GS-1 -----------------------------------------------------
---[Monster]: Max RunDelay: 219; Max RunCount 3152
---[Human]: Max RunDelay: 31; [Socket]: Max RunDelay: 15
---[App]: Min PerSecRun: 79; Max RunDelay 0
-----------------------------------------------------
2019-07-03 02:20:21 GS-1 -----------------------------------------------------
---[Monster]: Max RunDelay: 218; Max RunCount 3152
---[Human]: Max RunDelay: 16; [Socket]: Max RunDelay: 15
---[App]: Min PerSecRun: 79; Max RunDelay 0
-----------------------------------------------------
2019-07-03 02:24:28 GS-1 07-03 02:24:28 User = 0 / 0
2019-07-03 02:25:22 GS-1 -----------------------------------------------------
---[Monster]: Max RunDelay: 203; Max RunCount 3152
---[Human]: Max RunDelay: 16; [Socket]: Max RunDelay: 0
---[App]: Min PerSecRun: 79; Max RunDelay 0
-----------------------------------------------------
2019-07-03 02:30:23 GS-1 -----------------------------------------------------
---[Monster]: Max RunDelay: 218; Max RunCount 3152
---[Human]: Max RunDelay: 16; [Socket]: Max RunDelay: 15
---[App]: Min PerSecRun: 80; Max RunDelay 0
-----------------------------------------------------
2019-07-03 02:34:28 GS-1 07-03 02:34:28 User = 0 / 0
2019-07-03 02:35:24 GS-1 -----------------------------------------------------
---[Monster]: Max RunDelay: 219; Max RunCount 3152
---[Human]: Max RunDelay: 16; [Socket]: Max RunDelay: 0
---[App]: Min PerSecRun: 79; Max RunDelay 0
-----------------------------------------------------
2019-07-03 02:40:25 GS-1 -----------------------------------------------------
---[Monster]: Max RunDelay: 204; Max RunCount 3152
---[Human]: Max RunDelay: 16; [Socket]: Max RunDelay: 0
---[App]: Min PerSecRun: 79; Max RunDelay 0
-----------------------------------------------------
2019-07-03 02:44:28 GS-1 07-03 02:44:28 User = 0 / 0
2019-07-03 02:45:26 GS-1 -----------------------------------------------------
---[Monster]: Max RunDelay: 250; Max RunCount 3152
---[Human]: Max RunDelay: 16; [Socket]: Max RunDelay: 0
---[App]: Min PerSecRun: 79; Max RunDelay 0
-----------------------------------------------------
2019-07-03 02:50:27 GS-1 -----------------------------------------------------
---[Monster]: Max RunDelay: 204; Max RunCount 3152
---[Human]: Max RunDelay: 16; [Socket]: Max RunDelay: 0
---[App]: Min PerSecRun: 79; Max RunDelay 0
-----------------------------------------------------
2019-07-03 02:54:28 GS-1 07-03 02:54:28 User = 0 / 0
2019-07-03 02:54:29 GS-1 载入商城热销商品列表，共6个。
2019-07-03 02:54:29 GS-1 ==> 加载商城热销榜:5
2019-07-03 02:55:28 GS-1 -----------------------------------------------------
---[Monster]: Max RunDelay: 203; Max RunCount 3152
---[Human]: Max RunDelay: 16; [Socket]: Max RunDelay: 16
---[App]: Min PerSecRun: 80; Max RunDelay 0
-----------------------------------------------------
2019-07-03 03:00:29 GS-1 -----------------------------------------------------
---[Monster]: Max RunDelay: 234; Max RunCount 3152
---[Human]: Max RunDelay: 16; [Socket]: Max RunDelay: 16
---[App]: Min PerSecRun: 79; Max RunDelay 0
-----------------------------------------------------
2019-07-03 03:04:28 GS-1 07-03 03:04:28 User = 0 / 0
2019-07-03 03:05:30 GS-1 -----------------------------------------------------
---[Monster]: Max RunDelay: 204; Max RunCount 3152
---[Human]: Max RunDelay: 16; [Socket]: Max RunDelay: 0
---[App]: Min PerSecRun: 80; Max RunDelay 0
-----------------------------------------------------
2019-07-03 03:10:31 GS-1 -----------------------------------------------------
---[Monster]: Max RunDelay: 219; Max RunCount 3141
---[Human]: Max RunDelay: 16; [Socket]: Max RunDelay: 16
---[App]: Min PerSecRun: 79; Max RunDelay 0
-----------------------------------------------------
2019-07-03 03:14:28 GS-1 07-03 03:14:28 User = 0 / 0
2019-07-03 03:15:32 GS-1 -----------------------------------------------------
---[Monster]: Max RunDelay: 234; Max RunCount 3152
---[Human]: Max RunDelay: 16; [Socket]: Max RunDelay: 0
---[App]: Min PerSecRun: 79; Max RunDelay 0
-----------------------------------------------------
2019-07-03 03:20:33 GS-1 -----------------------------------------------------
---[Monster]: Max RunDelay: 219; Max RunCount 3152
---[Human]: Max RunDelay: 31; [Socket]: Max RunDelay: 0
---[App]: Min PerSecRun: 79; Max RunDelay 0
-----------------------------------------------------
2019-07-03 03:24:28 GS-1 07-03 03:24:28 User = 0 / 0
2019-07-03 03:25:34 GS-1 -----------------------------------------------------
---[Monster]: Max RunDelay: 250; Max RunCount 3152
---[Human]: Max RunDelay: 15; [Socket]: Max RunDelay: 16
---[App]: Min PerSecRun: 79; Max RunDelay 0
-----------------------------------------------------
2019-07-03 03:28:09 GS-1 [Error]: GameGate ServerSocketError, ErrorCode=10061
2019-07-03 03:30:35 GS-1 -----------------------------------------------------
---[Monster]: Max RunDelay: 219; Max RunCount 3114
---[Human]: Max RunDelay: 15; [Socket]: Max RunDelay: 16
---[App]: Min PerSecRun: 79; Max RunDelay 0
-----------------------------------------------------
2019-07-03 03:34:28 GS-1 07-03 03:34:28 User = 0 / 0
2019-07-03 03:35:36 GS-1 -----------------------------------------------------
---[Monster]: Max RunDelay: 219; Max RunCount 3152
---[Human]: Max RunDelay: 31; [Socket]: Max RunDelay: 16
---[App]: Min PerSecRun: 79; Max RunDelay 0
-----------------------------------------------------
2019-07-03 03:40:37 GS-1 -----------------------------------------------------
---[Monster]: Max RunDelay: 250; Max RunCount 3152
---[Human]: Max RunDelay: 16; [Socket]: Max RunDelay: 16
---[App]: Min PerSecRun: 80; Max RunDelay 0
-----------------------------------------------------
2019-07-03 03:44:28 GS-1 07-03 03:44:28 User = 0 / 0
2019-07-03 03:45:38 GS-1 -----------------------------------------------------
---[Monster]: Max RunDelay: 234; Max RunCount 3152
---[Human]: Max RunDelay: 16; [Socket]: Max RunDelay: 0
---[App]: Min PerSecRun: 79; Max RunDelay 0
-----------------------------------------------------
2019-07-03 03:50:39 GS-1 -----------------------------------------------------
---[Monster]: Max RunDelay: 235; Max RunCount 3152
---[Human]: Max RunDelay: 16; [Socket]: Max RunDelay: 16
---[App]: Min PerSecRun: 79; Max RunDelay 0
-----------------------------------------------------
2019-07-03 03:54:28 GS-1 07-03 03:54:28 User = 0 / 0
2019-07-03 03:54:29 GS-1 载入商城热销商品列表，共6个。
2019-07-03 03:54:29 GS-1 ==> 加载商城热销榜:5
2019-07-03 03:55:40 GS-1 -----------------------------------------------------
---[Monster]: Max RunDelay: 203; Max RunCount 3152
---[Human]: Max RunDelay: 16; [Socket]: Max RunDelay: 15
---[App]: Min PerSecRun: 79; Max RunDelay 0
-----------------------------------------------------
2019-07-03 04:00:41 GS-1 -----------------------------------------------------
---[Monster]: Max RunDelay: 218; Max RunCount 3152
---[Human]: Max RunDelay: 16; [Socket]: Max RunDelay: 15
---[App]: Min PerSecRun: 79; Max RunDelay 0
-----------------------------------------------------
2019-07-03 04:04:28 GS-1 07-03 04:04:28 User = 0 / 0
2019-07-03 04:05:42 GS-1 -----------------------------------------------------
---[Monster]: Max RunDelay: 203; Max RunCount 3151
---[Human]: Max RunDelay: 16; [Socket]: Max RunDelay: 0
---[App]: Min PerSecRun: 79; Max RunDelay 0
-----------------------------------------------------
2019-07-03 04:10:43 GS-1 -----------------------------------------------------
---[Monster]: Max RunDelay: 219; Max RunCount 3151
---[Human]: Max RunDelay: 16; [Socket]: Max RunDelay: 0
---[App]: Min PerSecRun: 79; Max RunDelay 0
-----------------------------------------------------
2019-07-03 04:14:28 GS-1 07-03 04:14:28 User = 0 / 0
2019-07-03 04:15:44 GS-1 -----------------------------------------------------
---[Monster]: Max RunDelay: 204; Max RunCount 3151
---[Human]: Max RunDelay: 16; [Socket]: Max RunDelay: 0
---[App]: Min PerSecRun: 79; Max RunDelay 0
-----------------------------------------------------
2019-07-03 04:20:45 GS-1 -----------------------------------------------------
---[Monster]: Max RunDelay: 204; Max RunCount 3152
---[Human]: Max RunDelay: 16; [Socket]: Max RunDelay: 15
---[App]: Min PerSecRun: 79; Max RunDelay 0
-----------------------------------------------------
2019-07-03 04:24:28 GS-1 07-03 04:24:28 User = 0 / 0
2019-07-03 04:25:46 GS-1 -----------------------------------------------------
---[Monster]: Max RunDelay: 203; Max RunCount 3152
---[Human]: Max RunDelay: 16; [Socket]: Max RunDelay: 0
---[App]: Min PerSecRun: 79; Max RunDelay 0
-----------------------------------------------------
2019-07-03 04:30:47 GS-1 -----------------------------------------------------
---[Monster]: Max RunDelay: 204; Max RunCount 3114
---[Human]: Max RunDelay: 16; [Socket]: Max RunDelay: 0
---[App]: Min PerSecRun: 79; Max RunDelay 0
-----------------------------------------------------
2019-07-03 04:34:28 GS-1 07-03 04:34:28 User = 0 / 0
2019-07-03 04:35:48 GS-1 -----------------------------------------------------
---[Monster]: Max RunDelay: 250; Max RunCount 3152
---[Human]: Max RunDelay: 16; [Socket]: Max RunDelay: 0
---[App]: Min PerSecRun: 79; Max RunDelay 0
-----------------------------------------------------
2019-07-03 04:37:13 GS-1 [Error]: GameGate ServerSocketError, ErrorCode=10061
2019-07-03 04:40:49 GS-1 -----------------------------------------------------
---[Monster]: Max RunDelay: 204; Max RunCount 3152
---[Human]: Max RunDelay: 32; [Socket]: Max RunDelay: 15
---[App]: Min PerSecRun: 79; Max RunDelay 0
-----------------------------------------------------
2019-07-03 04:44:28 GS-1 07-03 04:44:28 User = 0 / 0
2019-07-03 04:45:50 GS-1 -----------------------------------------------------
---[Monster]: Max RunDelay: 204; Max RunCount 3152
---[Human]: Max RunDelay: 16; [Socket]: Max RunDelay: 0
---[App]: Min PerSecRun: 80; Max RunDelay 0
-----------------------------------------------------
2019-07-03 04:50:51 GS-1 -----------------------------------------------------
---[Monster]: Max RunDelay: 219; Max RunCount 3152
---[Human]: Max RunDelay: 16; [Socket]: Max RunDelay: 15
---[App]: Min PerSecRun: 79; Max RunDelay 0
-----------------------------------------------------
2019-07-03 04:54:28 GS-1 07-03 04:54:28 User = 0 / 0
2019-07-03 04:54:29 GS-1 载入商城热销商品列表，共6个。
2019-07-03 04:54:29 GS-1 ==> 加载商城热销榜:5
2019-07-03 04:55:52 GS-1 -----------------------------------------------------
---[Monster]: Max RunDelay: 234; Max RunCount 3152
---[Human]: Max RunDelay: 31; [Socket]: Max RunDelay: 15
---[App]: Min PerSecRun: 79; Max RunDelay 0
-----------------------------------------------------
2019-07-03 05:00:53 GS-1 -----------------------------------------------------
---[Monster]: Max RunDelay: 204; Max RunCount 3152
---[Human]: Max RunDelay: 15; [Socket]: Max RunDelay: 16
---[App]: Min PerSecRun: 79; Max RunDelay 0
-----------------------------------------------------
2019-07-03 05:04:28 GS-1 07-03 05:04:28 User = 0 / 0
2019-07-03 05:05:54 GS-1 -----------------------------------------------------
---[Monster]: Max RunDelay: 266; Max RunCount 3152
---[Human]: Max RunDelay: 15; [Socket]: Max RunDelay: 0
---[App]: Min PerSecRun: 79; Max RunDelay 0
-----------------------------------------------------
2019-07-03 05:10:55 GS-1 -----------------------------------------------------
---[Monster]: Max RunDelay: 235; Max RunCount 3152
---[Human]: Max RunDelay: 15; [Socket]: Max RunDelay: 0
---[App]: Min PerSecRun: 80; Max RunDelay 0
-----------------------------------------------------
2019-07-03 05:14:28 GS-1 07-03 05:14:28 User = 0 / 0
2019-07-03 05:15:56 GS-1 -----------------------------------------------------
---[Monster]: Max RunDelay: 219; Max RunCount 3152
---[Human]: Max RunDelay: 15; [Socket]: Max RunDelay: 16
---[App]: Min PerSecRun: 80; Max RunDelay 0
-----------------------------------------------------
2019-07-03 05:20:57 GS-1 -----------------------------------------------------
---[Monster]: Max RunDelay: 203; Max RunCount 3152
---[Human]: Max RunDelay: 15; [Socket]: Max RunDelay: 0
---[App]: Min PerSecRun: 79; Max RunDelay 0
-----------------------------------------------------
2019-07-03 05:24:28 GS-1 07-03 05:24:28 User = 0 / 0
2019-07-03 05:25:58 GS-1 -----------------------------------------------------
---[Monster]: Max RunDelay: 204; Max RunCount 3152
---[Human]: Max RunDelay: 15; [Socket]: Max RunDelay: 16
---[App]: Min PerSecRun: 79; Max RunDelay 0
-----------------------------------------------------
2019-07-03 05:30:59 GS-1 -----------------------------------------------------
---[Monster]: Max RunDelay: 265; Max RunCount 3125
---[Human]: Max RunDelay: 31; [Socket]: Max RunDelay: 0
---[App]: Min PerSecRun: 76; Max RunDelay 0
-----------------------------------------------------
2019-07-03 05:34:28 GS-1 07-03 05:34:28 User = 0 / 0
2019-07-03 05:34:55 GS-1 [Error]: GameGate ServerSocketError, ErrorCode=10061
2019-07-03 05:36:00 GS-1 -----------------------------------------------------
---[Monster]: Max RunDelay: 250; Max RunCount 3125
---[Human]: Max RunDelay: 16; [Socket]: Max RunDelay: 0
---[App]: Min PerSecRun: 80; Max RunDelay 0
-----------------------------------------------------
2019-07-03 05:41:00 GS-1 -----------------------------------------------------
---[Monster]: Max RunDelay: 375; Max RunCount 3125
---[Human]: Max RunDelay: 31; [Socket]: Max RunDelay: 0
---[App]: Min PerSecRun: 62; Max RunDelay 0
-----------------------------------------------------
2019-07-03 05:44:28 GS-1 07-03 05:44:28 User = 0 / 0
2019-07-03 05:46:01 GS-1 -----------------------------------------------------
---[Monster]: Max RunDelay: 469; Max RunCount 3152
---[Human]: Max RunDelay: 16; [Socket]: Max RunDelay: 16
---[App]: Min PerSecRun: 54; Max RunDelay 0
-----------------------------------------------------
2019-07-03 05:51:02 GS-1 -----------------------------------------------------
---[Monster]: Max RunDelay: 297; Max RunCount 3132
---[Human]: Max RunDelay: 32; [Socket]: Max RunDelay: 0
---[App]: Min PerSecRun: 76; Max RunDelay 0
-----------------------------------------------------
2019-07-03 05:51:40 GS-1 05:51:41 Gate 1 (106.52.201.110) 关闭
2019-07-03 05:51:40 GS-1 [Warning]: 与DB 服务器断开连接....
2019-07-03 05:51:46 GS-1 释放--魔龙冰晶升级对象--结束
2019-07-03 05:51:46 GS-1 释放--天赐宝箱1--结束
2019-07-03 05:51:46 GS-1 释放--天赐宝箱2--结束
2019-07-03 05:51:46 GS-1 释放--一点充--结束
2019-07-03 05:51:46 GS-1 释放--事件管理对象--结束
2019-07-03 05:51:46 GS-1 释放--任务管理对象--结束
2019-07-03 05:51:46 GS-1 释放--升级提醒管理对象--结束
2019-07-03 05:51:46 GS-1 释放--GDMsg管理对象--结束
2019-07-03 05:51:46 GS-1 释放--跨地图寻路管理对象--结束
2019-07-03 05:51:46 GS-1 释放--沙巴克管理对象--结束
2019-07-03 05:51:46 GS-1 释放--中央活动服务器客户端--结束
2019-07-03 05:51:46 GS-1 释放--乾坤包--结束
2019-07-03 05:51:46 GS-1 正在清除模块-卧龙英雄管理-的配置表d:\Mud2.0\Mir200\Share\EngineConfig\卧龙英雄管理\Fortress-HERO1.txt
2019-07-03 05:51:46 GS-1 正在清除模块-卧龙英雄管理-的配置表d:\Mud2.0\Mir200\Share\EngineConfig\卧龙英雄管理\Fortress.txt
2019-07-03 05:51:46 GS-1 正在清除模块-游戏元素点阵管理-的配置表d:\Mud2.0\Mir200\Share\EngineConfig\游戏元素点阵管理\GMActEvent.txt
2019-07-03 05:51:46 GS-1 正在清除模块-信用分管理-的配置表d:\Mud2.0\Mir200\Share\EngineConfig\信用分管理\PlayerActivePoint.xml
2019-07-03 05:51:46 GS-1 正在清除模块-信用分管理-的配置表d:\Mud2.0\Mir200\Share\EngineConfig\信用分管理\MapActivePoint.xml
2019-07-03 05:51:46 GS-1 正在清除模块-摆摊交易-的配置表d:\Mud2.0\Mir200\Share\EngineConfig\摆摊交易\摊位基础设置.ini
2019-07-03 05:51:46 GS-1 正在清除模块-元宝商城管理-的配置表d:\Mud2.0\Mir200\Share\EngineConfig\元宝商城管理\YBGoods.sql
2019-07-03 05:51:46 GS-1 正在清除模块-小助手管理-的配置表d:\Mud2.0\Mir200\Share\EngineConfig\小助手管理\小助手.txt
2019-07-03 05:51:46 GS-1 正在清除模块-静态地图管理-的配置表d:\Mud2.0\Mir200\Share\EngineConfig\静态地图管理\MapDropLimitBagItems.xml
2019-07-03 05:51:46 GS-1 正在清除模块-装备合成管理-的配置表d:\Mud2.0\Mir200\Share\EngineConfig\装备合成管理\StrengthenEquip.xml
2019-07-03 05:51:46 GS-1 正在清除模块-藏宝图管理-的配置表d:\Mud2.0\Mir200\Share\EngineConfig\藏宝图管理\修复藏宝图.txt
2019-07-03 05:51:46 GS-1 正在清除模块-藏宝图管理-的配置表d:\Mud2.0\Mir200\Share\EngineConfig\藏宝图管理\魔龙藏宝图合成装备.txt
2019-07-03 05:51:46 GS-1 正在清除模块-衣服升级管理-的配置表d:\Mud2.0\Mir200\Share\EngineConfig\衣服升级管理\UpdateClothes.xml
2019-07-03 05:51:46 GS-1 正在清除模块-道具管理-的配置表d:\Mud2.0\Mir200\Share\EngineConfig\道具管理\宝石配置.txt
2019-07-03 05:51:46 GS-1 正在清除模块-世界暴率管理-的配置表d:\Mud2.0\Mir200\Share\EngineConfig\世界暴率管理\世界爆率文件1.txt
2019-07-03 05:51:46 GS-1 释放--跨GS消息管理对象--结束
2019-07-03 05:51:46 GS-1 释放--gate管理对象--结束
2019-07-03 05:51:46 GS-1 释放--魔法管理对象--结束
2019-07-03 05:51:46 GS-1 释放--套装管理对象--结束
2019-07-03 05:51:46 GS-1 释放--新暴率管理对象--结束
2019-07-03 05:51:46 GS-1 释放--角色信息初始化管理对象--结束
2019-07-03 05:51:46 GS-1 释放--GS本地日志--结束
2019-07-03 05:51:46 GS-1 释放--DBEngn对象--结束
2019-07-03 05:51:46 GS-1 释放--任务列表--结束
2019-07-03 05:51:46 GS-1 释放--buffer管理类--结束
2019-07-03 05:51:46 GS-1 释放--排行榜--结束
2019-07-03 05:51:46 GS-1 释放--免费回收--结束
2019-07-03 05:51:46 GS-1 释放--mysql对象--结束
2019-07-03 05:51:46 GS-1 ================ 服务停止 ==============
