2019-09-09 23:57:18 GS-1 -----------------------------------------------------
---[Monster]: Max RunDelay: 0; Max RunCount 0
---[Human]: Max RunDelay: 0; [Socket]: Max RunDelay: 0
---[App]: Min PerSecRun: 100; Max RunDelay 0
-----------------------------------------------------
2019-09-09 23:57:18 GS-1 ================ 服务启动 ==============
2019-09-09 23:57:18 GS-1 TPlayerBody Size - 1616
2019-09-09 23:57:18 GS-1 TPlayerDB Size - 61608
2019-09-09 23:57:18 GS-1 ======== 连接MySQL成功 =======
2019-09-09 23:57:18 GS-1 *** ***Gamelog 的下次清理时间为 : 09月16日03时*** ***
2019-09-09 23:57:18 GS-1 ==加载GM指令定义完成==
2019-09-09 23:57:18 GS-1 与 DB 服务器连接成功
2019-09-09 23:57:18 GS-1 [Error]: 火龙珠奖励配置错误！
2019-09-09 23:57:18 GS-1 [Error]: 抽取概率错误:赤金天赐->宝箱1:概率7
2019-09-09 23:57:18 GS-1 [Error]: 抽取概率错误:白银天赐->宝箱1:概率7
2019-09-09 23:57:18 GS-1 [Error]: 抽取概率错误:紫铜天赐->宝箱1:概率7
2019-09-09 23:57:18 GS-1 [Error]: 抽取概率错误:神秘天赐->宝箱1:概率7
2019-09-09 23:57:18 GS-1 [Error]: 抽取概率错误:檀木天赐->宝箱1:概率7
2019-09-09 23:57:18 GS-1 [Error]: 抽取概率错误:宝藏天赐 ->宝箱1:概率7
2019-09-09 23:57:18 GS-1 [Error]: StdItems 不存在的天赐：新年天赐
2019-09-09 23:57:18 GS-1 [Error]: StdItems 不存在的钥匙：新年钥匙
2019-09-09 23:57:18 GS-1 [Error]: StdItems 不存在的钥匙：春节钥匙
2019-09-09 23:57:18 GS-1 [Error]: StdItems 不存在的钥匙：节日钥匙
2019-09-09 23:57:18 GS-1 [Error]: StdItems 不存在的天赐：感恩天赐
2019-09-09 23:57:18 GS-1 [Error]: StdItems 不存在的钥匙：感恩钥匙
2019-09-09 23:57:18 GS-1 系统参数初始化完毕
2019-09-09 23:57:18 GS-1 准备加载NPC，共530个
2019-09-09 23:57:18 GS-1 已加载d:\Mud2.0\Mir200\Share\EngineConfig\系统信息管理\RollMsg.txt！
2019-09-09 23:57:18 GS-1 已加载d:\Mud2.0\Mir200\Share\EngineConfig\系统信息管理\掉落物品提示.txt！
2019-09-09 23:57:18 GS-1 已加载d:\Mud2.0\Mir200\Share\EngineConfig\卧龙英雄管理\Fortress.txt！
2019-09-09 23:57:18 GS-1 已加载d:\Mud2.0\Mir200\Share\EngineConfig\游戏元素点阵管理\GMActEvent.txt！
2019-09-09 23:57:18 GS-1    加载邮件信息成功,加载14个玩家的邮件。
2019-09-09 23:57:18 GS-1    加载邮件信息成功,加载60个玩家的邮件。
2019-09-09 23:57:18 GS-1 已加载d:\Mud2.0\Mir200\Share\EngineConfig\摆摊交易\摊位基础设置.ini！
2019-09-09 23:57:18 GS-1 刷新摊位过期将在2:55执行！
2019-09-09 23:57:18 GS-1   加载Stall成功，共加载摊位4个
2019-09-09 23:57:18 GS-1 [Information]: 寄售表创建成功!
2019-09-09 23:57:18 GS-1 [Information]: 寄售历史表创建成功!
2019-09-09 23:57:18 GS-1 [Information]: 更新超时订单成功!
2019-09-09 23:57:18 GS-1 已加载刷新商城时间：00:00:00.
2019-09-09 23:57:18 GS-1 已加载刷新商城时间：06:00:00.
2019-09-09 23:57:18 GS-1 已加载刷新商城时间：12:00:00.
2019-09-09 23:57:18 GS-1 载入商城物品列表，共5个类别，41种商品
2019-09-09 23:57:18 GS-1 ==> 加载商城物品 装饰类：11/11
2019-09-09 23:57:18 GS-1 ==> 加载商城物品 补给类：5/5
2019-09-09 23:57:18 GS-1 ==> 加载商城物品 强化类：15/15
2019-09-09 23:57:18 GS-1 ==> 加载商城物品 限量类：8/8
2019-09-09 23:57:18 GS-1 ==> 加载商城物品 好友类：2/2
2019-09-09 23:57:18 GS-1 ==> 加载商城物品 类：0/0
2019-09-09 23:57:18 GS-1 ==> 加载商城物品 类：0/0
2019-09-09 23:57:18 GS-1 ==> 加载商城物品 类：0/0
2019-09-09 23:57:18 GS-1    [删除错误数据] 删除用户表中不存在的战队成员
2019-09-09 23:57:18 GS-1    [删除错误数据] 清除战队队长不存在的项
2019-09-09 23:57:18 GS-1    [删除错误数据] 不存在战队的成员
2019-09-09 23:57:18 GS-1    正在加载战队...
2019-09-09 23:57:18 GS-1    战队表数量 : 3
2019-09-09 23:57:18 GS-1    战队表数量 : 0
2019-09-09 23:57:18 GS-1    加载战队数量:3
2019-09-09 23:57:18 GS-1    正在加载战队成员...
2019-09-09 23:57:18 GS-1    战队成员总数:29 加载成员数:29
2019-09-09 23:57:18 GS-1    正在检测战队数据有效性...
2019-09-09 23:57:18 GS-1    战队数据有效性检测完毕
2019-09-09 23:57:18 GS-1    [删除错误数据] 清除会长战队不存在行会
2019-09-09 23:57:18 GS-1    [删除错误数据] 清除行会不存在的行会成员
2019-09-09 23:57:18 GS-1    [删除错误数据] 清除行会不存在的行会关系ID排列错误的项
2019-09-09 23:57:18 GS-1    [删除错误数据] 清除行会不存在行会关系
2019-09-09 23:57:18 GS-1    [删除错误数据] 清除行会不存在关注行会
2019-09-09 23:57:18 GS-1    加载行会数量 : 3
2019-09-09 23:57:18 GS-1    加载行会成员(战队)数量 : 3
2019-09-09 23:57:18 GS-1    加载行会关系数量 : 0
2019-09-09 23:57:18 GS-1    加载关注行会数量 : 0
2019-09-09 23:57:18 GS-1    加载请求数量:0
2019-09-09 23:57:18 GS-1 [Error]: 小助手 不存在！
2019-09-09 23:57:18 GS-1 D411地图配置在MapInfo.txt 中不是LIMITBAGITEMDROP属性
2019-09-09 23:57:18 GS-1 D415地图配置在MapInfo.txt 中不是LIMITBAGITEMDROP属性
2019-09-09 23:57:18 GS-1 D416地图配置在MapInfo.txt 中不是LIMITBAGITEMDROP属性
2019-09-09 23:57:18 GS-1 信用分验证功能：开
2019-09-09 23:57:18 GS-1 GS脚本版本号：10001
2019-09-09 23:57:18 GS-1 更新排行榜，共计：53 页
2019-09-09 23:57:54 GS-1 Gate 1 开启
2019-09-09 23:59:06 GS-1   玩家： 大黑，邮件Idx:  1089，功加载了 2附件。
2019-09-09 23:59:42 GS-1 [脚本(散财猪.pas)缺函数]: AfterScatterItems
2019-09-09 23:59:51 GS-1 [脚本(散财猪.pas)缺函数]: AfterScatterItems
2019-09-10 00:00:00 GS-1 载入商城物品列表，共5个类别，41种商品
2019-09-10 00:00:00 GS-1 ==> 加载商城物品 装饰类：11/11
2019-09-10 00:00:00 GS-1 ==> 加载商城物品 补给类：5/5
2019-09-10 00:00:00 GS-1 ==> 加载商城物品 强化类：15/15
2019-09-10 00:00:00 GS-1 ==> 加载商城物品 限量类：8/8
2019-09-10 00:00:00 GS-1 ==> 加载商城物品 好友类：2/2
2019-09-10 00:00:00 GS-1 ==> 加载商城物品 类：0/0
2019-09-10 00:00:00 GS-1 ==> 加载商城物品 类：0/0
2019-09-10 00:00:00 GS-1 ==> 加载商城物品 类：0/0
2019-09-10 00:02:19 GS-1 -----------------------------------------------------
---[Monster]: Max RunDelay: 735; Max RunCount 3237
---[Human]: Max RunDelay: 78; [Socket]: Max RunDelay: 16
---[App]: Min PerSecRun: 39; Max RunDelay 0
-----------------------------------------------------
2019-09-10 00:07:20 GS-1 -----------------------------------------------------
---[Monster]: Max RunDelay: 547; Max RunCount 3177
---[Human]: Max RunDelay: 343; [Socket]: Max RunDelay: 16
---[App]: Min PerSecRun: 70; Max RunDelay 78
-----------------------------------------------------
2019-09-10 00:07:48 GS-1 09-10 00:07:48 User = 10 / 10
2019-09-10 00:11:28 GS-1 载入商城热销商品列表，共36个。
2019-09-10 00:11:28 GS-1 ==> 加载商城热销榜:5
2019-09-10 00:12:21 GS-1 -----------------------------------------------------
---[Monster]: Max RunDelay: 1078; Max RunCount 3177
---[Human]: Max RunDelay: 125; [Socket]: Max RunDelay: 47
---[App]: Min PerSecRun: 20; Max RunDelay 47
-----------------------------------------------------
2019-09-10 00:16:04 GS-1   玩家： 印玉龙，邮件Idx:  1090，功加载了 18附件。
2019-09-10 00:17:22 GS-1 -----------------------------------------------------
---[Monster]: Max RunDelay: 313; Max RunCount 3258
---[Human]: Max RunDelay: 94; [Socket]: Max RunDelay: 46
---[App]: Min PerSecRun: 69; Max RunDelay 47
-----------------------------------------------------
2019-09-10 00:17:48 GS-1 09-10 00:17:48 User = 25 / 25
2019-09-10 00:22:23 GS-1 -----------------------------------------------------
---[Monster]: Max RunDelay: 312; Max RunCount 3260
---[Human]: Max RunDelay: 109; [Socket]: Max RunDelay: 15
---[App]: Min PerSecRun: 69; Max RunDelay 31
-----------------------------------------------------
2019-09-10 00:27:24 GS-1 -----------------------------------------------------
---[Monster]: Max RunDelay: 344; Max RunCount 3259
---[Human]: Max RunDelay: 47; [Socket]: Max RunDelay: 15
---[App]: Min PerSecRun: 67; Max RunDelay 47
-----------------------------------------------------
2019-09-10 00:27:48 GS-1 09-10 00:27:48 User = 28 / 28
2019-09-10 00:30:04 GS-1 [脚本(修炼圣地-3.pas)缺函数]: ForgeDiaYB
2019-09-10 00:30:04 GS-1 --ReInitializet-- 因为点击NPC失败，重新刷新NPC...
2019-09-10 00:32:25 GS-1 -----------------------------------------------------
---[Monster]: Max RunDelay: 329; Max RunCount 3270
---[Human]: Max RunDelay: 47; [Socket]: Max RunDelay: 46
---[App]: Min PerSecRun: 71; Max RunDelay 15
-----------------------------------------------------
2019-09-10 00:37:26 GS-1 -----------------------------------------------------
---[Monster]: Max RunDelay: 313; Max RunCount 3293
---[Human]: Max RunDelay: 47; [Socket]: Max RunDelay: 16
---[App]: Min PerSecRun: 68; Max RunDelay 31
-----------------------------------------------------
2019-09-10 00:37:48 GS-1 09-10 00:37:48 User = 28 / 28
2019-09-10 00:42:27 GS-1 -----------------------------------------------------
---[Monster]: Max RunDelay: 500; Max RunCount 3234
---[Human]: Max RunDelay: 406; [Socket]: Max RunDelay: 16
---[App]: Min PerSecRun: 47; Max RunDelay 0
-----------------------------------------------------
2019-09-10 00:47:28 GS-1 -----------------------------------------------------
---[Monster]: Max RunDelay: 266; Max RunCount 3321
---[Human]: Max RunDelay: 47; [Socket]: Max RunDelay: 16
---[App]: Min PerSecRun: 71; Max RunDelay 0
-----------------------------------------------------
2019-09-10 00:47:48 GS-1 09-10 00:47:48 User = 28 / 28
2019-09-10 00:52:29 GS-1 -----------------------------------------------------
---[Monster]: Max RunDelay: 281; Max RunCount 3242
---[Human]: Max RunDelay: 63; [Socket]: Max RunDelay: 16
---[App]: Min PerSecRun: 70; Max RunDelay 16
-----------------------------------------------------
2019-09-10 00:53:37 GS-1 [脚本(修炼圣地-3.pas)缺函数]: ForgeDiaYB
2019-09-10 00:53:37 GS-1 --ReInitializet-- 因为点击NPC失败，重新刷新NPC...
2019-09-10 00:57:30 GS-1 -----------------------------------------------------
---[Monster]: Max RunDelay: 313; Max RunCount 3232
---[Human]: Max RunDelay: 63; [Socket]: Max RunDelay: 16
---[App]: Min PerSecRun: 68; Max RunDelay 0
-----------------------------------------------------
2019-09-10 00:57:49 GS-1 09-10 00:57:49 User = 29 / 29
2019-09-10 01:02:31 GS-1 -----------------------------------------------------
---[Monster]: Max RunDelay: 313; Max RunCount 3327
---[Human]: Max RunDelay: 63; [Socket]: Max RunDelay: 16
---[App]: Min PerSecRun: 66; Max RunDelay 0
-----------------------------------------------------
2019-09-10 01:02:59 GS-1   玩家： 颜箫吟，邮件Idx:  1091，功加载了 1附件。
2019-09-10 01:03:03 GS-1   玩家： 颜箫吟，邮件Idx:  1086，功加载了 1附件。
2019-09-10 01:07:32 GS-1 -----------------------------------------------------
---[Monster]: Max RunDelay: 312; Max RunCount 3278
---[Human]: Max RunDelay: 47; [Socket]: Max RunDelay: 15
---[App]: Min PerSecRun: 68; Max RunDelay 16
-----------------------------------------------------
2019-09-10 01:07:49 GS-1 09-10 01:07:49 User = 28 / 28
2019-09-10 01:11:28 GS-1 载入商城热销商品列表，共36个。
2019-09-10 01:11:28 GS-1 ==> 加载商城热销榜:5
2019-09-10 01:12:33 GS-1 -----------------------------------------------------
---[Monster]: Max RunDelay: 282; Max RunCount 3283
---[Human]: Max RunDelay: 78; [Socket]: Max RunDelay: 16
---[App]: Min PerSecRun: 70; Max RunDelay 16
-----------------------------------------------------
2019-09-10 01:17:34 GS-1 -----------------------------------------------------
---[Monster]: Max RunDelay: 266; Max RunCount 3303
---[Human]: Max RunDelay: 47; [Socket]: Max RunDelay: 16
---[App]: Min PerSecRun: 71; Max RunDelay 16
-----------------------------------------------------
2019-09-10 01:17:49 GS-1 09-10 01:17:49 User = 29 / 29
2019-09-10 01:22:35 GS-1 -----------------------------------------------------
---[Monster]: Max RunDelay: 281; Max RunCount 3325
---[Human]: Max RunDelay: 47; [Socket]: Max RunDelay: 16
---[App]: Min PerSecRun: 70; Max RunDelay 15
-----------------------------------------------------
2019-09-10 01:27:36 GS-1 -----------------------------------------------------
---[Monster]: Max RunDelay: 282; Max RunCount 3324
---[Human]: Max RunDelay: 47; [Socket]: Max RunDelay: 16
---[App]: Min PerSecRun: 71; Max RunDelay 0
-----------------------------------------------------
2019-09-10 01:27:49 GS-1 09-10 01:27:49 User = 28 / 28
2019-09-10 01:32:37 GS-1 -----------------------------------------------------
---[Monster]: Max RunDelay: 328; Max RunCount 3380
---[Human]: Max RunDelay: 47; [Socket]: Max RunDelay: 16
---[App]: Min PerSecRun: 68; Max RunDelay 16
-----------------------------------------------------
2019-09-10 01:37:38 GS-1 -----------------------------------------------------
---[Monster]: Max RunDelay: 187; Max RunCount 3405
---[Human]: Max RunDelay: 63; [Socket]: Max RunDelay: 16
---[App]: Min PerSecRun: 69; Max RunDelay 16
-----------------------------------------------------
2019-09-10 01:37:49 GS-1 09-10 01:37:49 User = 25 / 25
2019-09-10 01:38:10 GS-1 [Error]: ==> YBSocketError, ErrorCode=10060
2019-09-10 01:42:39 GS-1 -----------------------------------------------------
---[Monster]: Max RunDelay: 281; Max RunCount 3453
---[Human]: Max RunDelay: 62; [Socket]: Max RunDelay: 16
---[App]: Min PerSecRun: 68; Max RunDelay 16
-----------------------------------------------------
2019-09-10 01:47:40 GS-1 -----------------------------------------------------
---[Monster]: Max RunDelay: 500; Max RunCount 3405
---[Human]: Max RunDelay: 359; [Socket]: Max RunDelay: 16
---[App]: Min PerSecRun: 67; Max RunDelay 0
-----------------------------------------------------
2019-09-10 01:47:49 GS-1 09-10 01:47:49 User = 25 / 25
2019-09-10 01:52:41 GS-1 -----------------------------------------------------
---[Monster]: Max RunDelay: 281; Max RunCount 3487
---[Human]: Max RunDelay: 47; [Socket]: Max RunDelay: 16
---[App]: Min PerSecRun: 69; Max RunDelay 0
-----------------------------------------------------
2019-09-10 01:57:42 GS-1 -----------------------------------------------------
---[Monster]: Max RunDelay: 312; Max RunCount 3367
---[Human]: Max RunDelay: 47; [Socket]: Max RunDelay: 16
---[App]: Min PerSecRun: 69; Max RunDelay 16
-----------------------------------------------------
2019-09-10 01:57:49 GS-1 09-10 01:57:49 User = 26 / 26
2019-09-10 02:02:43 GS-1 -----------------------------------------------------
---[Monster]: Max RunDelay: 594; Max RunCount 3344
---[Human]: Max RunDelay: 63; [Socket]: Max RunDelay: 16
---[App]: Min PerSecRun: 44; Max RunDelay 0
-----------------------------------------------------
2019-09-10 02:07:44 GS-1 -----------------------------------------------------
---[Monster]: Max RunDelay: 687; Max RunCount 3434
---[Human]: Max RunDelay: 438; [Socket]: Max RunDelay: 16
---[App]: Min PerSecRun: 34; Max RunDelay 16
-----------------------------------------------------
2019-09-10 02:07:49 GS-1 09-10 02:07:49 User = 25 / 25
2019-09-10 02:11:28 GS-1 载入商城热销商品列表，共36个。
2019-09-10 02:11:28 GS-1 ==> 加载商城热销榜:5
2019-09-10 02:12:45 GS-1 -----------------------------------------------------
---[Monster]: Max RunDelay: 438; Max RunCount 3514
---[Human]: Max RunDelay: 359; [Socket]: Max RunDelay: 16
---[App]: Min PerSecRun: 54; Max RunDelay 0
-----------------------------------------------------
2019-09-10 02:17:46 GS-1 -----------------------------------------------------
---[Monster]: Max RunDelay: 282; Max RunCount 3505
---[Human]: Max RunDelay: 47; [Socket]: Max RunDelay: 16
---[App]: Min PerSecRun: 71; Max RunDelay 0
-----------------------------------------------------
2019-09-10 02:17:50 GS-1 09-10 02:17:50 User = 22 / 22
2019-09-10 02:21:31 GS-1 [脚本(修炼圣地-3.pas)缺函数]: ForgeDiaYB
2019-09-10 02:21:31 GS-1 --ReInitializet-- 因为点击NPC失败，重新刷新NPC...
2019-09-10 02:22:47 GS-1 -----------------------------------------------------
---[Monster]: Max RunDelay: 296; Max RunCount 3451
---[Human]: Max RunDelay: 63; [Socket]: Max RunDelay: 16
---[App]: Min PerSecRun: 69; Max RunDelay 0
-----------------------------------------------------
2019-09-10 02:27:48 GS-1 -----------------------------------------------------
---[Monster]: Max RunDelay: 297; Max RunCount 3504
---[Human]: Max RunDelay: 47; [Socket]: Max RunDelay: 16
---[App]: Min PerSecRun: 70; Max RunDelay 15
-----------------------------------------------------
2019-09-10 02:27:50 GS-1 09-10 02:27:50 User = 23 / 23
2019-09-10 02:32:49 GS-1 -----------------------------------------------------
---[Monster]: Max RunDelay: 281; Max RunCount 3414
---[Human]: Max RunDelay: 47; [Socket]: Max RunDelay: 16
---[App]: Min PerSecRun: 70; Max RunDelay 0
-----------------------------------------------------
2019-09-10 02:37:50 GS-1 09-10 02:37:50 User = 24 / 24
2019-09-10 02:37:50 GS-1 -----------------------------------------------------
---[Monster]: Max RunDelay: 281; Max RunCount 3467
---[Human]: Max RunDelay: 63; [Socket]: Max RunDelay: 15
---[App]: Min PerSecRun: 69; Max RunDelay 0
-----------------------------------------------------
2019-09-10 02:42:51 GS-1 -----------------------------------------------------
---[Monster]: Max RunDelay: 265; Max RunCount 3463
---[Human]: Max RunDelay: 47; [Socket]: Max RunDelay: 16
---[App]: Min PerSecRun: 70; Max RunDelay 0
-----------------------------------------------------
2019-09-10 02:47:50 GS-1 09-10 02:47:50 User = 20 / 20
2019-09-10 02:47:52 GS-1 -----------------------------------------------------
---[Monster]: Max RunDelay: 312; Max RunCount 3470
---[Human]: Max RunDelay: 63; [Socket]: Max RunDelay: 15
---[App]: Min PerSecRun: 68; Max RunDelay 16
-----------------------------------------------------
2019-09-10 02:52:53 GS-1 -----------------------------------------------------
---[Monster]: Max RunDelay: 313; Max RunCount 3491
---[Human]: Max RunDelay: 62; [Socket]: Max RunDelay: 16
---[App]: Min PerSecRun: 68; Max RunDelay 16
-----------------------------------------------------
2019-09-10 02:57:50 GS-1 09-10 02:57:50 User = 21 / 21
2019-09-10 02:57:54 GS-1 -----------------------------------------------------
---[Monster]: Max RunDelay: 297; Max RunCount 3301
---[Human]: Max RunDelay: 63; [Socket]: Max RunDelay: 16
---[App]: Min PerSecRun: 69; Max RunDelay 0
-----------------------------------------------------
2019-09-10 03:02:55 GS-1 -----------------------------------------------------
---[Monster]: Max RunDelay: 313; Max RunCount 3387
---[Human]: Max RunDelay: 62; [Socket]: Max RunDelay: 16
---[App]: Min PerSecRun: 69; Max RunDelay 16
-----------------------------------------------------
2019-09-10 03:03:13 GS-1 [脚本(散财猪.pas)缺函数]: AfterScatterItems
2019-09-10 03:07:51 GS-1 09-10 03:07:51 User = 21 / 21
2019-09-10 03:07:57 GS-1 -----------------------------------------------------
---[Monster]: Max RunDelay: 281; Max RunCount 3486
---[Human]: Max RunDelay: 62; [Socket]: Max RunDelay: 16
---[App]: Min PerSecRun: 70; Max RunDelay 16
-----------------------------------------------------
2019-09-10 03:11:29 GS-1 载入商城热销商品列表，共36个。
2019-09-10 03:11:29 GS-1 ==> 加载商城热销榜:5
2019-09-10 03:12:58 GS-1 -----------------------------------------------------
---[Monster]: Max RunDelay: 235; Max RunCount 3469
---[Human]: Max RunDelay: 62; [Socket]: Max RunDelay: 16
---[App]: Min PerSecRun: 71; Max RunDelay 16
-----------------------------------------------------
2019-09-10 03:17:51 GS-1 09-10 03:17:51 User = 21 / 21
2019-09-10 03:17:59 GS-1 -----------------------------------------------------
---[Monster]: Max RunDelay: 297; Max RunCount 3472
---[Human]: Max RunDelay: 62; [Socket]: Max RunDelay: 16
---[App]: Min PerSecRun: 68; Max RunDelay 15
-----------------------------------------------------
2019-09-10 03:23:00 GS-1 -----------------------------------------------------
---[Monster]: Max RunDelay: 437; Max RunCount 3465
---[Human]: Max RunDelay: 63; [Socket]: Max RunDelay: 47
---[App]: Min PerSecRun: 51; Max RunDelay 0
-----------------------------------------------------
2019-09-10 03:27:51 GS-1 09-10 03:27:51 User = 21 / 21
2019-09-10 03:28:01 GS-1 -----------------------------------------------------
---[Monster]: Max RunDelay: 266; Max RunCount 3354
---[Human]: Max RunDelay: 63; [Socket]: Max RunDelay: 16
---[App]: Min PerSecRun: 70; Max RunDelay 16
-----------------------------------------------------
2019-09-10 03:33:02 GS-1 -----------------------------------------------------
---[Monster]: Max RunDelay: 297; Max RunCount 3305
---[Human]: Max RunDelay: 47; [Socket]: Max RunDelay: 16
---[App]: Min PerSecRun: 70; Max RunDelay 0
-----------------------------------------------------
2019-09-10 03:37:51 GS-1 09-10 03:37:51 User = 21 / 21
2019-09-10 03:38:03 GS-1 -----------------------------------------------------
---[Monster]: Max RunDelay: 266; Max RunCount 3365
---[Human]: Max RunDelay: 78; [Socket]: Max RunDelay: 16
---[App]: Min PerSecRun: 71; Max RunDelay 15
-----------------------------------------------------
2019-09-10 03:43:04 GS-1 -----------------------------------------------------
---[Monster]: Max RunDelay: 282; Max RunCount 3411
---[Human]: Max RunDelay: 63; [Socket]: Max RunDelay: 16
---[App]: Min PerSecRun: 69; Max RunDelay 16
-----------------------------------------------------
2019-09-10 03:47:51 GS-1 09-10 03:47:51 User = 21 / 21
2019-09-10 03:48:05 GS-1 -----------------------------------------------------
---[Monster]: Max RunDelay: 235; Max RunCount 3329
---[Human]: Max RunDelay: 47; [Socket]: Max RunDelay: 16
---[App]: Min PerSecRun: 71; Max RunDelay 0
-----------------------------------------------------
2019-09-10 03:53:06 GS-1 -----------------------------------------------------
---[Monster]: Max RunDelay: 204; Max RunCount 3429
---[Human]: Max RunDelay: 47; [Socket]: Max RunDelay: 16
---[App]: Min PerSecRun: 69; Max RunDelay 0
-----------------------------------------------------
2019-09-10 03:57:51 GS-1 09-10 03:57:51 User = 21 / 21
2019-09-10 03:58:07 GS-1 -----------------------------------------------------
---[Monster]: Max RunDelay: 203; Max RunCount 3399
---[Human]: Max RunDelay: 47; [Socket]: Max RunDelay: 16
---[App]: Min PerSecRun: 69; Max RunDelay 0
-----------------------------------------------------
2019-09-10 04:00:29 GS-1 [脚本(散财猪.pas)缺函数]: AfterScatterItems
2019-09-10 04:01:12 GS-1 [脚本(散财猪.pas)缺函数]: AfterScatterItems
2019-09-10 04:03:08 GS-1 -----------------------------------------------------
---[Monster]: Max RunDelay: 282; Max RunCount 3370
---[Human]: Max RunDelay: 63; [Socket]: Max RunDelay: 16
---[App]: Min PerSecRun: 69; Max RunDelay 16
-----------------------------------------------------
2019-09-10 04:07:51 GS-1 09-10 04:07:51 User = 21 / 21
2019-09-10 04:08:09 GS-1 -----------------------------------------------------
---[Monster]: Max RunDelay: 297; Max RunCount 3469
---[Human]: Max RunDelay: 79; [Socket]: Max RunDelay: 16
---[App]: Min PerSecRun: 70; Max RunDelay 0
-----------------------------------------------------
2019-09-10 04:11:29 GS-1 载入商城热销商品列表，共36个。
2019-09-10 04:11:29 GS-1 ==> 加载商城热销榜:5
2019-09-10 04:13:10 GS-1 -----------------------------------------------------
---[Monster]: Max RunDelay: 282; Max RunCount 3411
---[Human]: Max RunDelay: 47; [Socket]: Max RunDelay: 16
---[App]: Min PerSecRun: 71; Max RunDelay 0
-----------------------------------------------------
2019-09-10 04:16:19 GS-1 --ReInitializet-- 因为点击NPC失败，重新刷新NPC...
2019-09-10 04:16:36 GS-1 [Error]: GameGate ServerSocketError, ErrorCode=10061
2019-09-10 04:17:51 GS-1 09-10 04:17:51 User = 22 / 22
2019-09-10 04:18:11 GS-1 -----------------------------------------------------
---[Monster]: Max RunDelay: 312; Max RunCount 3392
---[Human]: Max RunDelay: 62; [Socket]: Max RunDelay: 15
---[App]: Min PerSecRun: 69; Max RunDelay 0
-----------------------------------------------------
2019-09-10 04:23:12 GS-1 -----------------------------------------------------
---[Monster]: Max RunDelay: 281; Max RunCount 3521
---[Human]: Max RunDelay: 47; [Socket]: Max RunDelay: 16
---[App]: Min PerSecRun: 71; Max RunDelay 16
-----------------------------------------------------
2019-09-10 04:27:11 GS-1 [脚本(修炼圣地-3.pas)缺函数]: ForgeDiaYB
2019-09-10 04:27:11 GS-1 --ReInitializet-- 因为点击NPC失败，重新刷新NPC...
2019-09-10 04:27:51 GS-1 09-10 04:27:51 User = 21 / 21
2019-09-10 04:28:13 GS-1 -----------------------------------------------------
---[Monster]: Max RunDelay: 281; Max RunCount 3470
---[Human]: Max RunDelay: 47; [Socket]: Max RunDelay: 16
---[App]: Min PerSecRun: 71; Max RunDelay 16
-----------------------------------------------------
2019-09-10 04:33:14 GS-1 -----------------------------------------------------
---[Monster]: Max RunDelay: 297; Max RunCount 3374
---[Human]: Max RunDelay: 62; [Socket]: Max RunDelay: 16
---[App]: Min PerSecRun: 70; Max RunDelay 16
-----------------------------------------------------
2019-09-10 04:33:55 GS-1 [Error]: GameGate ServerSocketError, ErrorCode=10061
2019-09-10 04:33:56 GS-1 [Error]: GameGate ServerSocketError, ErrorCode=10061
2019-09-10 04:33:57 GS-1 [Error]: GameGate ServerSocketError, ErrorCode=10061
2019-09-10 04:37:51 GS-1 09-10 04:37:51 User = 22 / 22
2019-09-10 04:38:15 GS-1 -----------------------------------------------------
---[Monster]: Max RunDelay: 281; Max RunCount 3467
---[Human]: Max RunDelay: 47; [Socket]: Max RunDelay: 15
---[App]: Min PerSecRun: 70; Max RunDelay 0
-----------------------------------------------------
2019-09-10 04:43:16 GS-1 -----------------------------------------------------
---[Monster]: Max RunDelay: 282; Max RunCount 3513
---[Human]: Max RunDelay: 47; [Socket]: Max RunDelay: 15
---[App]: Min PerSecRun: 66; Max RunDelay 0
-----------------------------------------------------
2019-09-10 04:47:51 GS-1 09-10 04:47:51 User = 21 / 21
2019-09-10 04:48:17 GS-1 -----------------------------------------------------
---[Monster]: Max RunDelay: 281; Max RunCount 3424
---[Human]: Max RunDelay: 47; [Socket]: Max RunDelay: 15
---[App]: Min PerSecRun: 70; Max RunDelay 15
-----------------------------------------------------
2019-09-10 04:49:22 GS-1 [脚本(修炼圣地-3.pas)缺函数]: ForgeDiaYB
2019-09-10 04:49:22 GS-1 --ReInitializet-- 因为点击NPC失败，重新刷新NPC...
2019-09-10 04:53:18 GS-1 -----------------------------------------------------
---[Monster]: Max RunDelay: 281; Max RunCount 3505
---[Human]: Max RunDelay: 47; [Socket]: Max RunDelay: 47
---[App]: Min PerSecRun: 69; Max RunDelay 0
-----------------------------------------------------
2019-09-10 04:57:51 GS-1 09-10 04:57:51 User = 21 / 21
2019-09-10 04:58:19 GS-1 -----------------------------------------------------
---[Monster]: Max RunDelay: 281; Max RunCount 3501
---[Human]: Max RunDelay: 47; [Socket]: Max RunDelay: 16
---[App]: Min PerSecRun: 70; Max RunDelay 0
-----------------------------------------------------
2019-09-10 05:03:20 GS-1 -----------------------------------------------------
---[Monster]: Max RunDelay: 312; Max RunCount 3515
---[Human]: Max RunDelay: 47; [Socket]: Max RunDelay: 16
---[App]: Min PerSecRun: 68; Max RunDelay 0
-----------------------------------------------------
2019-09-10 05:07:51 GS-1 09-10 05:07:51 User = 21 / 21
2019-09-10 05:08:21 GS-1 -----------------------------------------------------
---[Monster]: Max RunDelay: 281; Max RunCount 3347
---[Human]: Max RunDelay: 47; [Socket]: Max RunDelay: 16
---[App]: Min PerSecRun: 71; Max RunDelay 0
-----------------------------------------------------
2019-09-10 05:11:29 GS-1 载入商城热销商品列表，共36个。
2019-09-10 05:11:29 GS-1 ==> 加载商城热销榜:5
2019-09-10 05:13:22 GS-1 -----------------------------------------------------
---[Monster]: Max RunDelay: 266; Max RunCount 3373
---[Human]: Max RunDelay: 47; [Socket]: Max RunDelay: 16
---[App]: Min PerSecRun: 70; Max RunDelay 0
-----------------------------------------------------
2019-09-10 05:17:51 GS-1 09-10 05:17:51 User = 21 / 21
2019-09-10 05:18:23 GS-1 -----------------------------------------------------
---[Monster]: Max RunDelay: 282; Max RunCount 3448
---[Human]: Max RunDelay: 47; [Socket]: Max RunDelay: 16
---[App]: Min PerSecRun: 71; Max RunDelay 0
-----------------------------------------------------
2019-09-10 05:20:11 GS-1 [Error]: GameGate ServerSocketError, ErrorCode=10061
2019-09-10 05:23:24 GS-1 -----------------------------------------------------
---[Monster]: Max RunDelay: 157; Max RunCount 3384
---[Human]: Max RunDelay: 47; [Socket]: Max RunDelay: 16
---[App]: Min PerSecRun: 70; Max RunDelay 0
-----------------------------------------------------
2019-09-10 05:27:51 GS-1 09-10 05:27:51 User = 21 / 21
2019-09-10 05:28:25 GS-1 -----------------------------------------------------
---[Monster]: Max RunDelay: 235; Max RunCount 3522
---[Human]: Max RunDelay: 62; [Socket]: Max RunDelay: 16
---[App]: Min PerSecRun: 67; Max RunDelay 0
-----------------------------------------------------
2019-09-10 05:33:26 GS-1 -----------------------------------------------------
---[Monster]: Max RunDelay: 593; Max RunCount 3577
---[Human]: Max RunDelay: 140; [Socket]: Max RunDelay: 31
---[App]: Min PerSecRun: 48; Max RunDelay 16
-----------------------------------------------------
2019-09-10 05:37:51 GS-1 09-10 05:37:51 User = 21 / 21
2019-09-10 05:38:27 GS-1 -----------------------------------------------------
---[Monster]: Max RunDelay: 282; Max RunCount 3489
---[Human]: Max RunDelay: 47; [Socket]: Max RunDelay: 16
---[App]: Min PerSecRun: 70; Max RunDelay 16
-----------------------------------------------------
2019-09-10 05:43:28 GS-1 -----------------------------------------------------
---[Monster]: Max RunDelay: 266; Max RunCount 3625
---[Human]: Max RunDelay: 47; [Socket]: Max RunDelay: 16
---[App]: Min PerSecRun: 70; Max RunDelay 0
-----------------------------------------------------
2019-09-10 05:47:51 GS-1 09-10 05:47:51 User = 21 / 21
2019-09-10 05:48:28 GS-1 -----------------------------------------------------
---[Monster]: Max RunDelay: 297; Max RunCount 3572
---[Human]: Max RunDelay: 47; [Socket]: Max RunDelay: 16
---[App]: Min PerSecRun: 68; Max RunDelay 0
-----------------------------------------------------
2019-09-10 05:53:29 GS-1 -----------------------------------------------------
---[Monster]: Max RunDelay: 296; Max RunCount 3546
---[Human]: Max RunDelay: 47; [Socket]: Max RunDelay: 16
---[App]: Min PerSecRun: 68; Max RunDelay 0
-----------------------------------------------------
2019-09-10 05:57:51 GS-1 09-10 05:57:51 User = 21 / 21
2019-09-10 05:58:30 GS-1 -----------------------------------------------------
---[Monster]: Max RunDelay: 282; Max RunCount 3481
---[Human]: Max RunDelay: 47; [Socket]: Max RunDelay: 15
---[App]: Min PerSecRun: 69; Max RunDelay 0
-----------------------------------------------------
2019-09-10 06:00:00 GS-1 载入商城物品列表，共5个类别，41种商品
2019-09-10 06:00:00 GS-1 ==> 加载商城物品 装饰类：11/11
2019-09-10 06:00:00 GS-1 ==> 加载商城物品 补给类：5/5
2019-09-10 06:00:00 GS-1 ==> 加载商城物品 强化类：15/15
2019-09-10 06:00:00 GS-1 ==> 加载商城物品 限量类：8/8
2019-09-10 06:00:00 GS-1 ==> 加载商城物品 好友类：2/2
2019-09-10 06:00:00 GS-1 ==> 加载商城物品 类：0/0
2019-09-10 06:00:00 GS-1 ==> 加载商城物品 类：0/0
2019-09-10 06:00:00 GS-1 ==> 加载商城物品 类：0/0
2019-09-10 06:03:31 GS-1 -----------------------------------------------------
---[Monster]: Max RunDelay: 469; Max RunCount 3667
---[Human]: Max RunDelay: 47; [Socket]: Max RunDelay: 16
---[App]: Min PerSecRun: 52; Max RunDelay 0
-----------------------------------------------------
2019-09-10 06:07:52 GS-1 09-10 06:07:52 User = 21 / 21
2019-09-10 06:08:32 GS-1 -----------------------------------------------------
---[Monster]: Max RunDelay: 281; Max RunCount 3638
---[Human]: Max RunDelay: 47; [Socket]: Max RunDelay: 15
---[App]: Min PerSecRun: 70; Max RunDelay 0
-----------------------------------------------------
2019-09-10 06:11:29 GS-1 载入商城热销商品列表，共36个。
2019-09-10 06:11:29 GS-1 ==> 加载商城热销榜:5
2019-09-10 06:13:33 GS-1 -----------------------------------------------------
---[Monster]: Max RunDelay: 297; Max RunCount 3680
---[Human]: Max RunDelay: 78; [Socket]: Max RunDelay: 16
---[App]: Min PerSecRun: 66; Max RunDelay 15
-----------------------------------------------------
2019-09-10 06:17:52 GS-1 09-10 06:17:52 User = 21 / 21
2019-09-10 06:18:34 GS-1 -----------------------------------------------------
---[Monster]: Max RunDelay: 172; Max RunCount 3673
---[Human]: Max RunDelay: 62; [Socket]: Max RunDelay: 16
---[App]: Min PerSecRun: 71; Max RunDelay 0
-----------------------------------------------------
2019-09-10 06:23:35 GS-1 -----------------------------------------------------
---[Monster]: Max RunDelay: 157; Max RunCount 3650
---[Human]: Max RunDelay: 63; [Socket]: Max RunDelay: 16
---[App]: Min PerSecRun: 71; Max RunDelay 16
-----------------------------------------------------
2019-09-10 06:27:30 GS-1 [Error]: ==> YBSocketError, ErrorCode=10060
2019-09-10 06:27:52 GS-1 09-10 06:27:52 User = 22 / 22
2019-09-10 06:28:36 GS-1 -----------------------------------------------------
---[Monster]: Max RunDelay: 282; Max RunCount 3722
---[Human]: Max RunDelay: 63; [Socket]: Max RunDelay: 16
---[App]: Min PerSecRun: 71; Max RunDelay 0
-----------------------------------------------------
2019-09-10 06:31:08 GS-1 [脚本(修炼圣地-3.pas)缺函数]: ForgeDiaYB
2019-09-10 06:31:08 GS-1 --ReInitializet-- 因为点击NPC失败，重新刷新NPC...
2019-09-10 06:33:34 GS-1   玩家： 聆听心雨，邮件Idx:  1092，功加载了 1附件。
2019-09-10 06:33:37 GS-1 -----------------------------------------------------
---[Monster]: Max RunDelay: 297; Max RunCount 3488
---[Human]: Max RunDelay: 62; [Socket]: Max RunDelay: 16
---[App]: Min PerSecRun: 67; Max RunDelay 0
-----------------------------------------------------
2019-09-10 06:37:52 GS-1 09-10 06:37:52 User = 23 / 23
2019-09-10 06:38:38 GS-1 -----------------------------------------------------
---[Monster]: Max RunDelay: 344; Max RunCount 3527
---[Human]: Max RunDelay: 47; [Socket]: Max RunDelay: 16
---[App]: Min PerSecRun: 63; Max RunDelay 16
-----------------------------------------------------
2019-09-10 06:43:39 GS-1 -----------------------------------------------------
---[Monster]: Max RunDelay: 390; Max RunCount 3474
---[Human]: Max RunDelay: 63; [Socket]: Max RunDelay: 15
---[App]: Min PerSecRun: 63; Max RunDelay 16
-----------------------------------------------------
2019-09-10 06:47:52 GS-1 09-10 06:47:52 User = 23 / 23
2019-09-10 06:48:40 GS-1 -----------------------------------------------------
---[Monster]: Max RunDelay: 172; Max RunCount 3576
---[Human]: Max RunDelay: 78; [Socket]: Max RunDelay: 16
---[App]: Min PerSecRun: 67; Max RunDelay 16
-----------------------------------------------------
2019-09-10 06:53:41 GS-1 -----------------------------------------------------
---[Monster]: Max RunDelay: 187; Max RunCount 3592
---[Human]: Max RunDelay: 63; [Socket]: Max RunDelay: 16
---[App]: Min PerSecRun: 68; Max RunDelay 0
-----------------------------------------------------
2019-09-10 06:57:52 GS-1 09-10 06:57:52 User = 25 / 25
2019-09-10 06:58:42 GS-1 -----------------------------------------------------
---[Monster]: Max RunDelay: 219; Max RunCount 3495
---[Human]: Max RunDelay: 62; [Socket]: Max RunDelay: 15
---[App]: Min PerSecRun: 70; Max RunDelay 0
-----------------------------------------------------
2019-09-10 07:00:02 GS-1 更新排行榜，共计：53 页
2019-09-10 07:03:43 GS-1 -----------------------------------------------------
---[Monster]: Max RunDelay: 266; Max RunCount 3541
---[Human]: Max RunDelay: 62; [Socket]: Max RunDelay: 15
---[App]: Min PerSecRun: 70; Max RunDelay 16
-----------------------------------------------------
2019-09-10 07:07:52 GS-1 09-10 07:07:52 User = 26 / 26
2019-09-10 07:08:44 GS-1 -----------------------------------------------------
---[Monster]: Max RunDelay: 281; Max RunCount 3494
---[Human]: Max RunDelay: 63; [Socket]: Max RunDelay: 15
---[App]: Min PerSecRun: 69; Max RunDelay 16
-----------------------------------------------------
2019-09-10 07:11:29 GS-1 载入商城热销商品列表，共36个。
2019-09-10 07:11:29 GS-1 ==> 加载商城热销榜:5
2019-09-10 07:13:45 GS-1 -----------------------------------------------------
---[Monster]: Max RunDelay: 281; Max RunCount 3489
---[Human]: Max RunDelay: 47; [Socket]: Max RunDelay: 15
---[App]: Min PerSecRun: 70; Max RunDelay 0
-----------------------------------------------------
2019-09-10 07:17:52 GS-1 09-10 07:17:52 User = 24 / 24
2019-09-10 07:18:46 GS-1 -----------------------------------------------------
---[Monster]: Max RunDelay: 312; Max RunCount 3489
---[Human]: Max RunDelay: 62; [Socket]: Max RunDelay: 16
---[App]: Min PerSecRun: 68; Max RunDelay 0
-----------------------------------------------------
2019-09-10 07:20:43 GS-1 [脚本(散财猪.pas)缺函数]: AfterScatterItems
2019-09-10 07:23:47 GS-1 -----------------------------------------------------
---[Monster]: Max RunDelay: 297; Max RunCount 3394
---[Human]: Max RunDelay: 78; [Socket]: Max RunDelay: 16
---[App]: Min PerSecRun: 71; Max RunDelay 16
-----------------------------------------------------
2019-09-10 07:24:52 GS-1 [Error]: GameGate ServerSocketError, ErrorCode=10061
2019-09-10 07:27:52 GS-1 09-10 07:27:52 User = 25 / 25
2019-09-10 07:28:48 GS-1 -----------------------------------------------------
---[Monster]: Max RunDelay: 546; Max RunCount 3708
---[Human]: Max RunDelay: 47; [Socket]: Max RunDelay: 16
---[App]: Min PerSecRun: 61; Max RunDelay 16
-----------------------------------------------------
2019-09-10 07:33:49 GS-1 -----------------------------------------------------
---[Monster]: Max RunDelay: 281; Max RunCount 3560
---[Human]: Max RunDelay: 78; [Socket]: Max RunDelay: 16
---[App]: Min PerSecRun: 71; Max RunDelay 16
-----------------------------------------------------
2019-09-10 07:37:52 GS-1 09-10 07:37:52 User = 22 / 22
2019-09-10 07:38:50 GS-1 -----------------------------------------------------
---[Monster]: Max RunDelay: 281; Max RunCount 3550
---[Human]: Max RunDelay: 62; [Socket]: Max RunDelay: 16
---[App]: Min PerSecRun: 71; Max RunDelay 0
-----------------------------------------------------
2019-09-10 07:43:51 GS-1 -----------------------------------------------------
---[Monster]: Max RunDelay: 235; Max RunCount 3409
---[Human]: Max RunDelay: 47; [Socket]: Max RunDelay: 16
---[App]: Min PerSecRun: 71; Max RunDelay 0
-----------------------------------------------------
2019-09-10 07:47:52 GS-1 09-10 07:47:52 User = 23 / 23
2019-09-10 07:48:52 GS-1 -----------------------------------------------------
---[Monster]: Max RunDelay: 266; Max RunCount 3436
---[Human]: Max RunDelay: 78; [Socket]: Max RunDelay: 16
---[App]: Min PerSecRun: 72; Max RunDelay 0
-----------------------------------------------------
2019-09-10 07:53:53 GS-1 -----------------------------------------------------
---[Monster]: Max RunDelay: 297; Max RunCount 3497
---[Human]: Max RunDelay: 63; [Socket]: Max RunDelay: 15
---[App]: Min PerSecRun: 69; Max RunDelay 0
-----------------------------------------------------
2019-09-10 07:54:02 GS-1 [脚本(修炼圣地-3.pas)缺函数]: ForgeDiaYB
2019-09-10 07:54:02 GS-1 --ReInitializet-- 因为点击NPC失败，重新刷新NPC...
2019-09-10 07:54:41 GS-1 [Error]: GameGate ServerSocketError, ErrorCode=10061
2019-09-10 07:57:52 GS-1 09-10 07:57:52 User = 25 / 25
2019-09-10 07:58:54 GS-1 -----------------------------------------------------
---[Monster]: Max RunDelay: 328; Max RunCount 3450
---[Human]: Max RunDelay: 47; [Socket]: Max RunDelay: 16
---[App]: Min PerSecRun: 68; Max RunDelay 0
-----------------------------------------------------
2019-09-10 07:58:57 GS-1 [脚本(散财猪.pas)缺函数]: AfterScatterItems
2019-09-10 07:59:32 GS-1 [脚本(散财猪.pas)缺函数]: AfterScatterItems
2019-09-10 08:03:55 GS-1 -----------------------------------------------------
---[Monster]: Max RunDelay: 281; Max RunCount 3407
---[Human]: Max RunDelay: 62; [Socket]: Max RunDelay: 31
---[App]: Min PerSecRun: 70; Max RunDelay 16
-----------------------------------------------------
2019-09-10 08:07:52 GS-1 09-10 08:07:52 User = 27 / 27
2019-09-10 08:08:56 GS-1 -----------------------------------------------------
---[Monster]: Max RunDelay: 282; Max RunCount 3445
---[Human]: Max RunDelay: 62; [Socket]: Max RunDelay: 16
---[App]: Min PerSecRun: 70; Max RunDelay 15
-----------------------------------------------------
2019-09-10 08:11:29 GS-1 载入商城热销商品列表，共36个。
2019-09-10 08:11:29 GS-1 ==> 加载商城热销榜:5
2019-09-10 08:11:46 GS-1 [脚本(修炼圣地-3.pas)缺函数]: ForgeDiaYB
2019-09-10 08:11:46 GS-1 --ReInitializet-- 因为点击NPC失败，重新刷新NPC...
2019-09-10 08:13:57 GS-1 -----------------------------------------------------
---[Monster]: Max RunDelay: 297; Max RunCount 3510
---[Human]: Max RunDelay: 62; [Socket]: Max RunDelay: 16
---[App]: Min PerSecRun: 67; Max RunDelay 16
-----------------------------------------------------
2019-09-10 08:17:52 GS-1 09-10 08:17:52 User = 26 / 26
2019-09-10 08:18:58 GS-1 -----------------------------------------------------
---[Monster]: Max RunDelay: 266; Max RunCount 3666
---[Human]: Max RunDelay: 47; [Socket]: Max RunDelay: 16
---[App]: Min PerSecRun: 71; Max RunDelay 0
-----------------------------------------------------
2019-09-10 08:23:59 GS-1 -----------------------------------------------------
---[Monster]: Max RunDelay: 297; Max RunCount 3636
---[Human]: Max RunDelay: 62; [Socket]: Max RunDelay: 16
---[App]: Min PerSecRun: 70; Max RunDelay 0
-----------------------------------------------------
2019-09-10 08:25:05 GS-1 [Error]: GameGate ServerSocketError, ErrorCode=10061
2019-09-10 08:27:47 GS-1 [Error]: GameGate ServerSocketError, ErrorCode=10061
2019-09-10 08:27:49 GS-1 [Error]: GameGate ServerSocketError, ErrorCode=10061
2019-09-10 08:27:52 GS-1 09-10 08:27:52 User = 28 / 28
2019-09-10 08:29:00 GS-1 -----------------------------------------------------
---[Monster]: Max RunDelay: 266; Max RunCount 3551
---[Human]: Max RunDelay: 47; [Socket]: Max RunDelay: 16
---[App]: Min PerSecRun: 71; Max RunDelay 16
-----------------------------------------------------
2019-09-10 08:34:01 GS-1 -----------------------------------------------------
---[Monster]: Max RunDelay: 282; Max RunCount 3330
---[Human]: Max RunDelay: 62; [Socket]: Max RunDelay: 16
---[App]: Min PerSecRun: 70; Max RunDelay 16
-----------------------------------------------------
2019-09-10 08:37:52 GS-1 09-10 08:37:52 User = 26 / 26
2019-09-10 08:39:02 GS-1 -----------------------------------------------------
---[Monster]: Max RunDelay: 281; Max RunCount 3552
---[Human]: Max RunDelay: 47; [Socket]: Max RunDelay: 16
---[App]: Min PerSecRun: 70; Max RunDelay 16
-----------------------------------------------------
2019-09-10 08:44:04 GS-1 -----------------------------------------------------
---[Monster]: Max RunDelay: 250; Max RunCount 3513
---[Human]: Max RunDelay: 63; [Socket]: Max RunDelay: 16
---[App]: Min PerSecRun: 72; Max RunDelay 0
-----------------------------------------------------
2019-09-10 08:47:53 GS-1 09-10 08:47:53 User = 27 / 27
2019-09-10 08:49:05 GS-1 -----------------------------------------------------
---[Monster]: Max RunDelay: 313; Max RunCount 3526
---[Human]: Max RunDelay: 78; [Socket]: Max RunDelay: 16
---[App]: Min PerSecRun: 68; Max RunDelay 0
-----------------------------------------------------
2019-09-10 08:54:06 GS-1 -----------------------------------------------------
---[Monster]: Max RunDelay: 359; Max RunCount 3538
---[Human]: Max RunDelay: 78; [Socket]: Max RunDelay: 16
---[App]: Min PerSecRun: 65; Max RunDelay 0
-----------------------------------------------------
2019-09-10 08:55:02 GS-1 [Error]: GameGate ServerSocketError, ErrorCode=10061
2019-09-10 08:57:53 GS-1 09-10 08:57:53 User = 27 / 27
2019-09-10 08:59:07 GS-1 -----------------------------------------------------
---[Monster]: Max RunDelay: 313; Max RunCount 3441
---[Human]: Max RunDelay: 94; [Socket]: Max RunDelay: 16
---[App]: Min PerSecRun: 66; Max RunDelay 16
-----------------------------------------------------
2019-09-10 09:04:08 GS-1 -----------------------------------------------------
---[Monster]: Max RunDelay: 578; Max RunCount 3672
---[Human]: Max RunDelay: 375; [Socket]: Max RunDelay: 16
---[App]: Min PerSecRun: 50; Max RunDelay 0
-----------------------------------------------------
2019-09-10 09:07:53 GS-1 09-10 09:07:53 User = 26 / 26
2019-09-10 09:09:08 GS-1 -----------------------------------------------------
---[Monster]: Max RunDelay: 656; Max RunCount 3721
---[Human]: Max RunDelay: 47; [Socket]: Max RunDelay: 16
---[App]: Min PerSecRun: 44; Max RunDelay 16
-----------------------------------------------------
2019-09-10 09:11:30 GS-1 载入商城热销商品列表，共36个。
2019-09-10 09:11:30 GS-1 ==> 加载商城热销榜:5
2019-09-10 09:14:09 GS-1 -----------------------------------------------------
---[Monster]: Max RunDelay: 703; Max RunCount 3719
---[Human]: Max RunDelay: 47; [Socket]: Max RunDelay: 16
---[App]: Min PerSecRun: 39; Max RunDelay 0
-----------------------------------------------------
2019-09-10 09:17:53 GS-1 09-10 09:17:53 User = 25 / 25
2019-09-10 09:19:10 GS-1 -----------------------------------------------------
---[Monster]: Max RunDelay: 282; Max RunCount 3521
---[Human]: Max RunDelay: 63; [Socket]: Max RunDelay: 16
---[App]: Min PerSecRun: 69; Max RunDelay 16
-----------------------------------------------------
2019-09-10 09:24:11 GS-1 -----------------------------------------------------
---[Monster]: Max RunDelay: 281; Max RunCount 3718
---[Human]: Max RunDelay: 63; [Socket]: Max RunDelay: 16
---[App]: Min PerSecRun: 69; Max RunDelay 0
-----------------------------------------------------
2019-09-10 09:25:44 GS-1 [Error]: GameGate ServerSocketError, ErrorCode=10061
2019-09-10 09:27:16 GS-1 [脚本(修炼圣地-3.pas)缺函数]: ForgeDiaYB
2019-09-10 09:27:16 GS-1 --ReInitializet-- 因为点击NPC失败，重新刷新NPC...
2019-09-10 09:27:53 GS-1 09-10 09:27:53 User = 25 / 25
2019-09-10 09:29:12 GS-1 -----------------------------------------------------
---[Monster]: Max RunDelay: 329; Max RunCount 3737
---[Human]: Max RunDelay: 78; [Socket]: Max RunDelay: 16
---[App]: Min PerSecRun: 70; Max RunDelay 0
-----------------------------------------------------
2019-09-10 09:34:13 GS-1 -----------------------------------------------------
---[Monster]: Max RunDelay: 344; Max RunCount 3630
---[Human]: Max RunDelay: 47; [Socket]: Max RunDelay: 15
---[App]: Min PerSecRun: 65; Max RunDelay 0
-----------------------------------------------------
2019-09-10 09:37:53 GS-1 09-10 09:37:53 User = 25 / 25
2019-09-10 09:39:14 GS-1 -----------------------------------------------------
---[Monster]: Max RunDelay: 328; Max RunCount 3474
---[Human]: Max RunDelay: 47; [Socket]: Max RunDelay: 16
---[App]: Min PerSecRun: 68; Max RunDelay 0
-----------------------------------------------------
2019-09-10 09:44:15 GS-1 -----------------------------------------------------
---[Monster]: Max RunDelay: 266; Max RunCount 3589
---[Human]: Max RunDelay: 78; [Socket]: Max RunDelay: 16
---[App]: Min PerSecRun: 71; Max RunDelay 16
-----------------------------------------------------
2019-09-10 09:47:53 GS-1 09-10 09:47:53 User = 26 / 26
2019-09-10 09:49:16 GS-1 -----------------------------------------------------
---[Monster]: Max RunDelay: 266; Max RunCount 3417
---[Human]: Max RunDelay: 47; [Socket]: Max RunDelay: 16
---[App]: Min PerSecRun: 72; Max RunDelay 0
-----------------------------------------------------
2019-09-10 09:54:17 GS-1 -----------------------------------------------------
---[Monster]: Max RunDelay: 531; Max RunCount 3723
---[Human]: Max RunDelay: 63; [Socket]: Max RunDelay: 16
---[App]: Min PerSecRun: 51; Max RunDelay 0
-----------------------------------------------------
2019-09-10 09:55:09 GS-1 [Error]: GameGate ServerSocketError, ErrorCode=10061
2019-09-10 09:57:53 GS-1 09-10 09:57:53 User = 26 / 26
2019-09-10 09:59:18 GS-1 -----------------------------------------------------
---[Monster]: Max RunDelay: 281; Max RunCount 3665
---[Human]: Max RunDelay: 47; [Socket]: Max RunDelay: 16
---[App]: Min PerSecRun: 67; Max RunDelay 0
-----------------------------------------------------
2019-09-10 10:04:19 GS-1 -----------------------------------------------------
---[Monster]: Max RunDelay: 281; Max RunCount 3537
---[Human]: Max RunDelay: 47; [Socket]: Max RunDelay: 16
---[App]: Min PerSecRun: 71; Max RunDelay 0
-----------------------------------------------------
2019-09-10 10:07:54 GS-1 09-10 10:07:54 User = 25 / 25
2019-09-10 10:09:20 GS-1 -----------------------------------------------------
---[Monster]: Max RunDelay: 250; Max RunCount 3541
---[Human]: Max RunDelay: 78; [Socket]: Max RunDelay: 16
---[App]: Min PerSecRun: 69; Max RunDelay 0
-----------------------------------------------------
2019-09-10 10:11:30 GS-1 载入商城热销商品列表，共36个。
2019-09-10 10:11:30 GS-1 ==> 加载商城热销榜:5
2019-09-10 10:14:21 GS-1 -----------------------------------------------------
---[Monster]: Max RunDelay: 187; Max RunCount 3415
---[Human]: Max RunDelay: 47; [Socket]: Max RunDelay: 16
---[App]: Min PerSecRun: 70; Max RunDelay 16
-----------------------------------------------------
2019-09-10 10:17:54 GS-1 09-10 10:17:54 User = 24 / 24
2019-09-10 10:19:22 GS-1 -----------------------------------------------------
---[Monster]: Max RunDelay: 188; Max RunCount 3424
---[Human]: Max RunDelay: 62; [Socket]: Max RunDelay: 16
---[App]: Min PerSecRun: 69; Max RunDelay 0
-----------------------------------------------------
2019-09-10 10:24:23 GS-1 -----------------------------------------------------
---[Monster]: Max RunDelay: 188; Max RunCount 3432
---[Human]: Max RunDelay: 63; [Socket]: Max RunDelay: 16
---[App]: Min PerSecRun: 70; Max RunDelay 15
-----------------------------------------------------
2019-09-10 10:24:25 GS-1 [Error]: GameGate ServerSocketError, ErrorCode=10061
2019-09-10 10:27:54 GS-1 09-10 10:27:54 User = 23 / 23
2019-09-10 10:29:24 GS-1 -----------------------------------------------------
---[Monster]: Max RunDelay: 187; Max RunCount 3692
---[Human]: Max RunDelay: 62; [Socket]: Max RunDelay: 16
---[App]: Min PerSecRun: 69; Max RunDelay 15
-----------------------------------------------------
2019-09-10 10:34:25 GS-1 -----------------------------------------------------
---[Monster]: Max RunDelay: 453; Max RunCount 3823
---[Human]: Max RunDelay: 63; [Socket]: Max RunDelay: 16
---[App]: Min PerSecRun: 51; Max RunDelay 0
-----------------------------------------------------
2019-09-10 10:37:54 GS-1 09-10 10:37:54 User = 23 / 23
2019-09-10 10:39:26 GS-1 -----------------------------------------------------
---[Monster]: Max RunDelay: 328; Max RunCount 3774
---[Human]: Max RunDelay: 47; [Socket]: Max RunDelay: 16
---[App]: Min PerSecRun: 61; Max RunDelay 15
-----------------------------------------------------
2019-09-10 10:44:27 GS-1 -----------------------------------------------------
---[Monster]: Max RunDelay: 282; Max RunCount 3808
---[Human]: Max RunDelay: 63; [Socket]: Max RunDelay: 16
---[App]: Min PerSecRun: 69; Max RunDelay 0
-----------------------------------------------------
2019-09-10 10:47:54 GS-1 09-10 10:47:54 User = 23 / 23
2019-09-10 10:49:28 GS-1 -----------------------------------------------------
---[Monster]: Max RunDelay: 297; Max RunCount 3610
---[Human]: Max RunDelay: 62; [Socket]: Max RunDelay: 16
---[App]: Min PerSecRun: 68; Max RunDelay 16
-----------------------------------------------------
2019-09-10 10:54:29 GS-1 -----------------------------------------------------
---[Monster]: Max RunDelay: 281; Max RunCount 3631
---[Human]: Max RunDelay: 78; [Socket]: Max RunDelay: 15
---[App]: Min PerSecRun: 69; Max RunDelay 16
-----------------------------------------------------
2019-09-10 10:54:44 GS-1 [Error]: GameGate ServerSocketError, ErrorCode=10061
2019-09-10 10:57:54 GS-1 09-10 10:57:54 User = 22 / 22
2019-09-10 10:59:30 GS-1 -----------------------------------------------------
---[Monster]: Max RunDelay: 281; Max RunCount 3543
---[Human]: Max RunDelay: 78; [Socket]: Max RunDelay: 16
---[App]: Min PerSecRun: 71; Max RunDelay 0
-----------------------------------------------------
2019-09-10 11:04:31 GS-1 -----------------------------------------------------
---[Monster]: Max RunDelay: 297; Max RunCount 3439
---[Human]: Max RunDelay: 63; [Socket]: Max RunDelay: 16
---[App]: Min PerSecRun: 69; Max RunDelay 0
-----------------------------------------------------
2019-09-10 11:07:54 GS-1 09-10 11:07:54 User = 22 / 22
2019-09-10 11:09:32 GS-1 -----------------------------------------------------
---[Monster]: Max RunDelay: 282; Max RunCount 3599
---[Human]: Max RunDelay: 78; [Socket]: Max RunDelay: 16
---[App]: Min PerSecRun: 71; Max RunDelay 0
-----------------------------------------------------
2019-09-10 11:11:30 GS-1 载入商城热销商品列表，共36个。
2019-09-10 11:11:30 GS-1 ==> 加载商城热销榜:5
2019-09-10 11:14:33 GS-1 -----------------------------------------------------
---[Monster]: Max RunDelay: 328; Max RunCount 3738
---[Human]: Max RunDelay: 62; [Socket]: Max RunDelay: 16
---[App]: Min PerSecRun: 67; Max RunDelay 16
-----------------------------------------------------
2019-09-10 11:17:54 GS-1 09-10 11:17:54 User = 27 / 27
2019-09-10 11:19:34 GS-1 -----------------------------------------------------
---[Monster]: Max RunDelay: 282; Max RunCount 3534
---[Human]: Max RunDelay: 47; [Socket]: Max RunDelay: 16
---[App]: Min PerSecRun: 70; Max RunDelay 0
-----------------------------------------------------
2019-09-10 11:24:35 GS-1 -----------------------------------------------------
---[Monster]: Max RunDelay: 344; Max RunCount 3444
---[Human]: Max RunDelay: 63; [Socket]: Max RunDelay: 16
---[App]: Min PerSecRun: 68; Max RunDelay 0
-----------------------------------------------------
2019-09-10 11:25:28 GS-1 [Error]: GameGate ServerSocketError, ErrorCode=10061
2019-09-10 11:27:54 GS-1 09-10 11:27:54 User = 29 / 29
2019-09-10 11:29:36 GS-1 -----------------------------------------------------
---[Monster]: Max RunDelay: 328; Max RunCount 3445
---[Human]: Max RunDelay: 125; [Socket]: Max RunDelay: 16
---[App]: Min PerSecRun: 69; Max RunDelay 16
-----------------------------------------------------
2019-09-10 11:34:38 GS-1 -----------------------------------------------------
---[Monster]: Max RunDelay: 329; Max RunCount 3438
---[Human]: Max RunDelay: 78; [Socket]: Max RunDelay: 16
---[App]: Min PerSecRun: 69; Max RunDelay 0
-----------------------------------------------------
2019-09-10 11:37:55 GS-1 09-10 11:37:55 User = 29 / 29
2019-09-10 11:39:39 GS-1 -----------------------------------------------------
---[Monster]: Max RunDelay: 313; Max RunCount 3496
---[Human]: Max RunDelay: 63; [Socket]: Max RunDelay: 16
---[App]: Min PerSecRun: 64; Max RunDelay 16
-----------------------------------------------------
2019-09-10 11:44:40 GS-1 -----------------------------------------------------
---[Monster]: Max RunDelay: 281; Max RunCount 3597
---[Human]: Max RunDelay: 47; [Socket]: Max RunDelay: 15
---[App]: Min PerSecRun: 70; Max RunDelay 0
-----------------------------------------------------
2019-09-10 11:47:55 GS-1 09-10 11:47:55 User = 29 / 29
2019-09-10 11:49:09 GS-1   玩家： 大圣归来，邮件Idx:  1093，功加载了 7附件。
2019-09-10 11:49:41 GS-1 -----------------------------------------------------
---[Monster]: Max RunDelay: 359; Max RunCount 3410
---[Human]: Max RunDelay: 63; [Socket]: Max RunDelay: 16
---[App]: Min PerSecRun: 69; Max RunDelay 0
-----------------------------------------------------
2019-09-10 11:54:42 GS-1 -----------------------------------------------------
---[Monster]: Max RunDelay: 297; Max RunCount 3413
---[Human]: Max RunDelay: 47; [Socket]: Max RunDelay: 16
---[App]: Min PerSecRun: 69; Max RunDelay 0
-----------------------------------------------------
2019-09-10 11:55:12 GS-1 [Error]: GameGate ServerSocketError, ErrorCode=10061
2019-09-10 11:57:55 GS-1 09-10 11:57:55 User = 30 / 30
2019-09-10 11:59:14 GS-1 [脚本(散财猪.pas)缺函数]: AfterScatterItems
2019-09-10 11:59:21 GS-1 [脚本(散财猪.pas)缺函数]: AfterScatterItems
2019-09-10 11:59:43 GS-1 -----------------------------------------------------
---[Monster]: Max RunDelay: 296; Max RunCount 3410
---[Human]: Max RunDelay: 63; [Socket]: Max RunDelay: 16
---[App]: Min PerSecRun: 69; Max RunDelay 16
-----------------------------------------------------
2019-09-10 12:00:00 GS-1 载入商城物品列表，共5个类别，41种商品
2019-09-10 12:00:00 GS-1 ==> 加载商城物品 装饰类：11/11
2019-09-10 12:00:00 GS-1 ==> 加载商城物品 补给类：5/5
2019-09-10 12:00:00 GS-1 ==> 加载商城物品 强化类：15/15
2019-09-10 12:00:00 GS-1 ==> 加载商城物品 限量类：8/8
2019-09-10 12:00:00 GS-1 ==> 加载商城物品 好友类：2/2
2019-09-10 12:00:00 GS-1 ==> 加载商城物品 类：0/0
2019-09-10 12:00:00 GS-1 ==> 加载商城物品 类：0/0
2019-09-10 12:00:00 GS-1 ==> 加载商城物品 类：0/0
2019-09-10 12:02:51 GS-1 --ReInitializet-- 因为点击NPC失败，重新刷新NPC...
2019-09-10 12:02:53 GS-1 --ReInitializet-- 因为点击NPC失败，重新刷新NPC...
2019-09-10 12:04:44 GS-1 -----------------------------------------------------
---[Monster]: Max RunDelay: 406; Max RunCount 3421
---[Human]: Max RunDelay: 78; [Socket]: Max RunDelay: 16
---[App]: Min PerSecRun: 58; Max RunDelay 0
-----------------------------------------------------
2019-09-10 12:07:26 GS-1 [脚本(修炼圣地-3.pas)缺函数]: ForgeDiaYB
2019-09-10 12:07:26 GS-1 --ReInitializet-- 因为点击NPC失败，重新刷新NPC...
2019-09-10 12:07:55 GS-1 09-10 12:07:55 User = 28 / 28
2019-09-10 12:09:45 GS-1 -----------------------------------------------------
---[Monster]: Max RunDelay: 282; Max RunCount 3437
---[Human]: Max RunDelay: 47; [Socket]: Max RunDelay: 63
---[App]: Min PerSecRun: 69; Max RunDelay 15
-----------------------------------------------------
2019-09-10 12:11:31 GS-1 载入商城热销商品列表，共36个。
2019-09-10 12:11:31 GS-1 ==> 加载商城热销榜:5
2019-09-10 12:14:46 GS-1 -----------------------------------------------------
---[Monster]: Max RunDelay: 313; Max RunCount 3380
---[Human]: Max RunDelay: 47; [Socket]: Max RunDelay: 16
---[App]: Min PerSecRun: 68; Max RunDelay 0
-----------------------------------------------------
2019-09-10 12:15:06 GS-1 [脚本(修炼圣地-3.pas)缺函数]: ForgeDiaYB
2019-09-10 12:15:06 GS-1 --ReInitializet-- 因为点击NPC失败，重新刷新NPC...
2019-09-10 12:17:55 GS-1 09-10 12:17:55 User = 30 / 30
2019-09-10 12:19:47 GS-1 -----------------------------------------------------
---[Monster]: Max RunDelay: 281; Max RunCount 3359
---[Human]: Max RunDelay: 93; [Socket]: Max RunDelay: 16
---[App]: Min PerSecRun: 71; Max RunDelay 16
-----------------------------------------------------
2019-09-10 12:24:48 GS-1 -----------------------------------------------------
---[Monster]: Max RunDelay: 282; Max RunCount 3496
---[Human]: Max RunDelay: 62; [Socket]: Max RunDelay: 16
---[App]: Min PerSecRun: 71; Max RunDelay 15
-----------------------------------------------------
2019-09-10 12:25:53 GS-1 [Error]: GameGate ServerSocketError, ErrorCode=10061
2019-09-10 12:27:55 GS-1 09-10 12:27:55 User = 30 / 30
2019-09-10 12:29:49 GS-1 -----------------------------------------------------
---[Monster]: Max RunDelay: 282; Max RunCount 3494
---[Human]: Max RunDelay: 62; [Socket]: Max RunDelay: 16
---[App]: Min PerSecRun: 70; Max RunDelay 0
-----------------------------------------------------
2019-09-10 12:34:50 GS-1 -----------------------------------------------------
---[Monster]: Max RunDelay: 281; Max RunCount 3613
---[Human]: Max RunDelay: 63; [Socket]: Max RunDelay: 16
---[App]: Min PerSecRun: 70; Max RunDelay 0
-----------------------------------------------------
2019-09-10 12:36:31 GS-1 [Error]: ==> YBSocketError, ErrorCode=10060
2019-09-10 12:37:55 GS-1 09-10 12:37:55 User = 30 / 30
2019-09-10 12:39:51 GS-1 -----------------------------------------------------
---[Monster]: Max RunDelay: 281; Max RunCount 3547
---[Human]: Max RunDelay: 47; [Socket]: Max RunDelay: 16
---[App]: Min PerSecRun: 71; Max RunDelay 16
-----------------------------------------------------
2019-09-10 12:44:52 GS-1 -----------------------------------------------------
---[Monster]: Max RunDelay: 484; Max RunCount 3602
---[Human]: Max RunDelay: 359; [Socket]: Max RunDelay: 16
---[App]: Min PerSecRun: 50; Max RunDelay 0
-----------------------------------------------------
2019-09-10 12:47:55 GS-1 09-10 12:47:55 User = 29 / 29
2019-09-10 12:48:35 GS-1 [Error]: GameGate ServerSocketError, ErrorCode=10061
2019-09-10 12:49:53 GS-1 -----------------------------------------------------
---[Monster]: Max RunDelay: 313; Max RunCount 3605
---[Human]: Max RunDelay: 47; [Socket]: Max RunDelay: 16
---[App]: Min PerSecRun: 69; Max RunDelay 0
-----------------------------------------------------
2019-09-10 12:53:27 GS-1   玩家： 下雨天，邮件Idx:  1095，功加载了 2附件。
2019-09-10 12:54:54 GS-1 -----------------------------------------------------
---[Monster]: Max RunDelay: 312; Max RunCount 3373
---[Human]: Max RunDelay: 62; [Socket]: Max RunDelay: 16
---[App]: Min PerSecRun: 69; Max RunDelay 0
-----------------------------------------------------
2019-09-10 12:57:55 GS-1 09-10 12:57:55 User = 28 / 28
2019-09-10 12:59:55 GS-1 -----------------------------------------------------
---[Monster]: Max RunDelay: 313; Max RunCount 3406
---[Human]: Max RunDelay: 63; [Socket]: Max RunDelay: 16
---[App]: Min PerSecRun: 66; Max RunDelay 16
-----------------------------------------------------
2019-09-10 13:04:51 GS-1 [脚本(修炼圣地-3.pas)缺函数]: ForgeDiaYB
2019-09-10 13:04:51 GS-1 --ReInitializet-- 因为点击NPC失败，重新刷新NPC...
2019-09-10 13:04:56 GS-1 -----------------------------------------------------
---[Monster]: Max RunDelay: 266; Max RunCount 3522
---[Human]: Max RunDelay: 47; [Socket]: Max RunDelay: 16
---[App]: Min PerSecRun: 71; Max RunDelay 0
-----------------------------------------------------
2019-09-10 13:07:55 GS-1 09-10 13:07:55 User = 29 / 29
2019-09-10 13:09:57 GS-1 -----------------------------------------------------
---[Monster]: Max RunDelay: 266; Max RunCount 3595
---[Human]: Max RunDelay: 47; [Socket]: Max RunDelay: 16
---[App]: Min PerSecRun: 71; Max RunDelay 16
-----------------------------------------------------
2019-09-10 13:11:23 GS-1 [Error]: GameGate ServerSocketError, ErrorCode=10061
2019-09-10 13:11:31 GS-1 载入商城热销商品列表，共36个。
2019-09-10 13:11:31 GS-1 ==> 加载商城热销榜:5
2019-09-10 13:14:57 GS-1 -----------------------------------------------------
---[Monster]: Max RunDelay: 296; Max RunCount 3554
---[Human]: Max RunDelay: 47; [Socket]: Max RunDelay: 16
---[App]: Min PerSecRun: 70; Max RunDelay 16
-----------------------------------------------------
2019-09-10 13:17:55 GS-1 09-10 13:17:55 User = 26 / 26
2019-09-10 13:19:58 GS-1 -----------------------------------------------------
---[Monster]: Max RunDelay: 281; Max RunCount 3615
---[Human]: Max RunDelay: 62; [Socket]: Max RunDelay: 15
---[App]: Min PerSecRun: 71; Max RunDelay 16
-----------------------------------------------------
2019-09-10 13:24:59 GS-1 -----------------------------------------------------
---[Monster]: Max RunDelay: 188; Max RunCount 3534
---[Human]: Max RunDelay: 63; [Socket]: Max RunDelay: 15
---[App]: Min PerSecRun: 70; Max RunDelay 16
-----------------------------------------------------
2019-09-10 13:27:55 GS-1 09-10 13:27:55 User = 24 / 24
2019-09-10 13:30:00 GS-1 -----------------------------------------------------
---[Monster]: Max RunDelay: 219; Max RunCount 3432
---[Human]: Max RunDelay: 47; [Socket]: Max RunDelay: 16
---[App]: Min PerSecRun: 70; Max RunDelay 0
-----------------------------------------------------
2019-09-10 13:35:01 GS-1 -----------------------------------------------------
---[Monster]: Max RunDelay: 454; Max RunCount 3859
---[Human]: Max RunDelay: 359; [Socket]: Max RunDelay: 16
---[App]: Min PerSecRun: 60; Max RunDelay 31
-----------------------------------------------------
2019-09-10 13:37:55 GS-1 09-10 13:37:55 User = 25 / 25
2019-09-10 13:40:02 GS-1 -----------------------------------------------------
---[Monster]: Max RunDelay: 516; Max RunCount 3743
---[Human]: Max RunDelay: 62; [Socket]: Max RunDelay: 16
---[App]: Min PerSecRun: 52; Max RunDelay 16
-----------------------------------------------------
2019-09-10 13:45:03 GS-1 -----------------------------------------------------
---[Monster]: Max RunDelay: 406; Max RunCount 3708
---[Human]: Max RunDelay: 47; [Socket]: Max RunDelay: 16
---[App]: Min PerSecRun: 53; Max RunDelay 16
-----------------------------------------------------
2019-09-10 13:47:55 GS-1 09-10 13:47:55 User = 27 / 27
2019-09-10 13:48:20 GS-1 [脚本(修炼圣地-3.pas)缺函数]: ForgeDiaYB
2019-09-10 13:48:20 GS-1 --ReInitializet-- 因为点击NPC失败，重新刷新NPC...
2019-09-10 13:50:04 GS-1 -----------------------------------------------------
---[Monster]: Max RunDelay: 297; Max RunCount 3797
---[Human]: Max RunDelay: 78; [Socket]: Max RunDelay: 16
---[App]: Min PerSecRun: 70; Max RunDelay 0
-----------------------------------------------------
2019-09-10 13:55:05 GS-1 -----------------------------------------------------
---[Monster]: Max RunDelay: 312; Max RunCount 3750
---[Human]: Max RunDelay: 94; [Socket]: Max RunDelay: 16
---[App]: Min PerSecRun: 70; Max RunDelay 15
-----------------------------------------------------
2019-09-10 13:57:55 GS-1 09-10 13:57:55 User = 27 / 27
2019-09-10 14:00:06 GS-1 -----------------------------------------------------
---[Monster]: Max RunDelay: 328; Max RunCount 3495
---[Human]: Max RunDelay: 47; [Socket]: Max RunDelay: 15
---[App]: Min PerSecRun: 68; Max RunDelay 16
-----------------------------------------------------
2019-09-10 14:02:42 GS-1 [脚本(修炼圣地-3.pas)缺函数]: ForgeDiaYB
2019-09-10 14:02:42 GS-1 --ReInitializet-- 因为点击NPC失败，重新刷新NPC...
2019-09-10 14:05:07 GS-1 -----------------------------------------------------
---[Monster]: Max RunDelay: 485; Max RunCount 3679
---[Human]: Max RunDelay: 62; [Socket]: Max RunDelay: 16
---[App]: Min PerSecRun: 51; Max RunDelay 16
-----------------------------------------------------
2019-09-10 14:07:56 GS-1 09-10 14:07:56 User = 26 / 26
2019-09-10 14:10:08 GS-1 -----------------------------------------------------
---[Monster]: Max RunDelay: 297; Max RunCount 3643
---[Human]: Max RunDelay: 62; [Socket]: Max RunDelay: 16
---[App]: Min PerSecRun: 70; Max RunDelay 0
-----------------------------------------------------
2019-09-10 14:11:31 GS-1 载入商城热销商品列表，共36个。
2019-09-10 14:11:31 GS-1 ==> 加载商城热销榜:5
2019-09-10 14:15:09 GS-1 -----------------------------------------------------
---[Monster]: Max RunDelay: 281; Max RunCount 3567
---[Human]: Max RunDelay: 47; [Socket]: Max RunDelay: 16
---[App]: Min PerSecRun: 70; Max RunDelay 15
-----------------------------------------------------
2019-09-10 14:17:56 GS-1 09-10 14:17:56 User = 25 / 25
2019-09-10 14:20:10 GS-1 -----------------------------------------------------
---[Monster]: Max RunDelay: 328; Max RunCount 3558
---[Human]: Max RunDelay: 62; [Socket]: Max RunDelay: 16
---[App]: Min PerSecRun: 67; Max RunDelay 15
-----------------------------------------------------
2019-09-10 14:25:11 GS-1 -----------------------------------------------------
---[Monster]: Max RunDelay: 282; Max RunCount 3486
---[Human]: Max RunDelay: 63; [Socket]: Max RunDelay: 16
---[App]: Min PerSecRun: 70; Max RunDelay 16
-----------------------------------------------------
2019-09-10 14:25:24 GS-1 [脚本(修炼圣地-3.pas)缺函数]: ForgeDiaYB
2019-09-10 14:25:24 GS-1 --ReInitializet-- 因为点击NPC失败，重新刷新NPC...
2019-09-10 14:26:36 GS-1 [脚本(修炼圣地-3.pas)缺函数]: ForgeDiaYB
2019-09-10 14:26:36 GS-1 --ReInitializet-- 因为点击NPC失败，重新刷新NPC...
2019-09-10 14:27:56 GS-1 09-10 14:27:56 User = 26 / 26
2019-09-10 14:30:12 GS-1 -----------------------------------------------------
---[Monster]: Max RunDelay: 282; Max RunCount 3482
---[Human]: Max RunDelay: 47; [Socket]: Max RunDelay: 16
---[App]: Min PerSecRun: 69; Max RunDelay 0
-----------------------------------------------------
2019-09-10 14:35:13 GS-1 -----------------------------------------------------
---[Monster]: Max RunDelay: 312; Max RunCount 3661
---[Human]: Max RunDelay: 47; [Socket]: Max RunDelay: 16
---[App]: Min PerSecRun: 70; Max RunDelay 0
-----------------------------------------------------
2019-09-10 14:37:56 GS-1 09-10 14:37:56 User = 25 / 25
2019-09-10 14:40:14 GS-1 -----------------------------------------------------
---[Monster]: Max RunDelay: 281; Max RunCount 3759
---[Human]: Max RunDelay: 47; [Socket]: Max RunDelay: 16
---[App]: Min PerSecRun: 70; Max RunDelay 0
-----------------------------------------------------
2019-09-10 14:45:15 GS-1 -----------------------------------------------------
---[Monster]: Max RunDelay: 296; Max RunCount 3671
---[Human]: Max RunDelay: 47; [Socket]: Max RunDelay: 16
---[App]: Min PerSecRun: 68; Max RunDelay 15
-----------------------------------------------------
2019-09-10 14:47:56 GS-1 09-10 14:47:56 User = 26 / 26
2019-09-10 14:50:16 GS-1 -----------------------------------------------------
---[Monster]: Max RunDelay: 266; Max RunCount 3482
---[Human]: Max RunDelay: 47; [Socket]: Max RunDelay: 16
---[App]: Min PerSecRun: 66; Max RunDelay 0
-----------------------------------------------------
2019-09-10 14:55:17 GS-1 -----------------------------------------------------
---[Monster]: Max RunDelay: 281; Max RunCount 3586
---[Human]: Max RunDelay: 62; [Socket]: Max RunDelay: 16
---[App]: Min PerSecRun: 70; Max RunDelay 16
-----------------------------------------------------
2019-09-10 14:57:56 GS-1 09-10 14:57:56 User = 25 / 25
2019-09-10 15:00:18 GS-1 -----------------------------------------------------
---[Monster]: Max RunDelay: 282; Max RunCount 3531
---[Human]: Max RunDelay: 62; [Socket]: Max RunDelay: 16
---[App]: Min PerSecRun: 69; Max RunDelay 0
-----------------------------------------------------
2019-09-10 15:05:20 GS-1 -----------------------------------------------------
---[Monster]: Max RunDelay: 312; Max RunCount 3636
---[Human]: Max RunDelay: 63; [Socket]: Max RunDelay: 16
---[App]: Min PerSecRun: 69; Max RunDelay 0
-----------------------------------------------------
2019-09-10 15:07:57 GS-1 09-10 15:07:57 User = 24 / 24
2019-09-10 15:10:21 GS-1 -----------------------------------------------------
---[Monster]: Max RunDelay: 281; Max RunCount 3621
---[Human]: Max RunDelay: 47; [Socket]: Max RunDelay: 16
---[App]: Min PerSecRun: 69; Max RunDelay 0
-----------------------------------------------------
2019-09-10 15:11:32 GS-1 载入商城热销商品列表，共36个。
2019-09-10 15:11:32 GS-1 ==> 加载商城热销榜:5
2019-09-10 15:14:10 GS-1 [脚本(修炼圣地-3.pas)缺函数]: ForgeDiaYB
2019-09-10 15:14:10 GS-1 --ReInitializet-- 因为点击NPC失败，重新刷新NPC...
2019-09-10 15:15:22 GS-1 -----------------------------------------------------
---[Monster]: Max RunDelay: 328; Max RunCount 3621
---[Human]: Max RunDelay: 78; [Socket]: Max RunDelay: 16
---[App]: Min PerSecRun: 68; Max RunDelay 0
-----------------------------------------------------
2019-09-10 15:17:57 GS-1 09-10 15:17:57 User = 24 / 24
2019-09-10 15:20:23 GS-1 -----------------------------------------------------
---[Monster]: Max RunDelay: 297; Max RunCount 3635
---[Human]: Max RunDelay: 47; [Socket]: Max RunDelay: 16
---[App]: Min PerSecRun: 69; Max RunDelay 16
-----------------------------------------------------
2019-09-10 15:25:24 GS-1 -----------------------------------------------------
---[Monster]: Max RunDelay: 516; Max RunCount 3793
---[Human]: Max RunDelay: 78; [Socket]: Max RunDelay: 16
---[App]: Min PerSecRun: 48; Max RunDelay 0
-----------------------------------------------------
2019-09-10 15:26:38 GS-1 [脚本(修炼圣地-3.pas)缺函数]: ForgeDiaYB
2019-09-10 15:26:38 GS-1 --ReInitializet-- 因为点击NPC失败，重新刷新NPC...
2019-09-10 15:27:43 GS-1 [脚本(修炼圣地-3.pas)缺函数]: ForgeDiaYB
2019-09-10 15:27:43 GS-1 --ReInitializet-- 因为点击NPC失败，重新刷新NPC...
2019-09-10 15:27:57 GS-1 09-10 15:27:57 User = 25 / 25
2019-09-10 15:30:25 GS-1 -----------------------------------------------------
---[Monster]: Max RunDelay: 484; Max RunCount 3852
---[Human]: Max RunDelay: 79; [Socket]: Max RunDelay: 16
---[App]: Min PerSecRun: 56; Max RunDelay 16
-----------------------------------------------------
2019-09-10 15:35:26 GS-1 -----------------------------------------------------
---[Monster]: Max RunDelay: 281; Max RunCount 3516
---[Human]: Max RunDelay: 47; [Socket]: Max RunDelay: 16
---[App]: Min PerSecRun: 71; Max RunDelay 0
-----------------------------------------------------
2019-09-10 15:37:57 GS-1 09-10 15:37:57 User = 26 / 26
2019-09-10 15:40:27 GS-1 -----------------------------------------------------
---[Monster]: Max RunDelay: 297; Max RunCount 3562
---[Human]: Max RunDelay: 63; [Socket]: Max RunDelay: 16
---[App]: Min PerSecRun: 71; Max RunDelay 16
-----------------------------------------------------
2019-09-10 15:45:28 GS-1 -----------------------------------------------------
---[Monster]: Max RunDelay: 266; Max RunCount 3517
---[Human]: Max RunDelay: 47; [Socket]: Max RunDelay: 16
---[App]: Min PerSecRun: 71; Max RunDelay 0
-----------------------------------------------------
2019-09-10 15:47:57 GS-1 09-10 15:47:57 User = 26 / 26
2019-09-10 15:49:47 GS-1   玩家： 昌成荫，邮件Idx:  1097，功加载了 1附件。
2019-09-10 15:49:47 GS-1   玩家： 昌成荫，邮件Idx:  1098，功加载了 1附件。
2019-09-10 15:50:29 GS-1 -----------------------------------------------------
---[Monster]: Max RunDelay: 344; Max RunCount 3670
---[Human]: Max RunDelay: 78; [Socket]: Max RunDelay: 16
---[App]: Min PerSecRun: 63; Max RunDelay 15
-----------------------------------------------------
2019-09-10 15:50:34 GS-1   玩家： 贺兰依珊，邮件Idx:  915，功加载了 1附件。
2019-09-10 15:55:30 GS-1 -----------------------------------------------------
---[Monster]: Max RunDelay: 297; Max RunCount 3652
---[Human]: Max RunDelay: 47; [Socket]: Max RunDelay: 16
---[App]: Min PerSecRun: 68; Max RunDelay 16
-----------------------------------------------------
2019-09-10 15:57:57 GS-1 09-10 15:57:57 User = 25 / 25
2019-09-10 15:59:52 GS-1 [脚本(散财猪.pas)缺函数]: AfterScatterItems
2019-09-10 16:00:31 GS-1 -----------------------------------------------------
---[Monster]: Max RunDelay: 281; Max RunCount 3552
---[Human]: Max RunDelay: 62; [Socket]: Max RunDelay: 16
---[App]: Min PerSecRun: 70; Max RunDelay 16
-----------------------------------------------------
2019-09-10 16:00:32 GS-1 [脚本(散财猪.pas)缺函数]: AfterScatterItems
2019-09-10 16:05:32 GS-1 -----------------------------------------------------
---[Monster]: Max RunDelay: 266; Max RunCount 3447
---[Human]: Max RunDelay: 62; [Socket]: Max RunDelay: 16
---[App]: Min PerSecRun: 69; Max RunDelay 0
-----------------------------------------------------
2019-09-10 16:07:57 GS-1 09-10 16:07:57 User = 24 / 24
2019-09-10 16:10:33 GS-1 -----------------------------------------------------
---[Monster]: Max RunDelay: 282; Max RunCount 3442
---[Human]: Max RunDelay: 63; [Socket]: Max RunDelay: 16
---[App]: Min PerSecRun: 71; Max RunDelay 16
-----------------------------------------------------
2019-09-10 16:10:41 GS-1   玩家： 玖伍贰柒，邮件Idx:  1094，功加载了 1附件。
2019-09-10 16:11:32 GS-1 载入商城热销商品列表，共36个。
2019-09-10 16:11:32 GS-1 ==> 加载商城热销榜:5
2019-09-10 16:15:34 GS-1 -----------------------------------------------------
---[Monster]: Max RunDelay: 547; Max RunCount 3694
---[Human]: Max RunDelay: 344; [Socket]: Max RunDelay: 16
---[App]: Min PerSecRun: 51; Max RunDelay 0
-----------------------------------------------------
2019-09-10 16:17:57 GS-1 09-10 16:17:57 User = 25 / 25
2019-09-10 16:20:35 GS-1 -----------------------------------------------------
---[Monster]: Max RunDelay: 547; Max RunCount 3813
---[Human]: Max RunDelay: 78; [Socket]: Max RunDelay: 16
---[App]: Min PerSecRun: 47; Max RunDelay 0
-----------------------------------------------------
2019-09-10 16:25:36 GS-1 -----------------------------------------------------
---[Monster]: Max RunDelay: 500; Max RunCount 3754
---[Human]: Max RunDelay: 47; [Socket]: Max RunDelay: 16
---[App]: Min PerSecRun: 51; Max RunDelay 0
-----------------------------------------------------
2019-09-10 16:27:57 GS-1 09-10 16:27:57 User = 25 / 25
2019-09-10 16:30:37 GS-1 -----------------------------------------------------
---[Monster]: Max RunDelay: 344; Max RunCount 3706
---[Human]: Max RunDelay: 63; [Socket]: Max RunDelay: 16
---[App]: Min PerSecRun: 66; Max RunDelay 16
-----------------------------------------------------
2019-09-10 16:35:38 GS-1 -----------------------------------------------------
---[Monster]: Max RunDelay: 266; Max RunCount 3481
---[Human]: Max RunDelay: 47; [Socket]: Max RunDelay: 16
---[App]: Min PerSecRun: 72; Max RunDelay 0
-----------------------------------------------------
2019-09-10 16:37:57 GS-1 09-10 16:37:57 User = 28 / 28
2019-09-10 16:40:39 GS-1 -----------------------------------------------------
---[Monster]: Max RunDelay: 281; Max RunCount 3728
---[Human]: Max RunDelay: 47; [Socket]: Max RunDelay: 15
---[App]: Min PerSecRun: 71; Max RunDelay 0
-----------------------------------------------------
2019-09-10 16:45:40 GS-1 -----------------------------------------------------
---[Monster]: Max RunDelay: 297; Max RunCount 3739
---[Human]: Max RunDelay: 63; [Socket]: Max RunDelay: 16
---[App]: Min PerSecRun: 67; Max RunDelay 16
-----------------------------------------------------
2019-09-10 16:47:57 GS-1 09-10 16:47:57 User = 26 / 26
2019-09-10 16:50:41 GS-1 -----------------------------------------------------
---[Monster]: Max RunDelay: 266; Max RunCount 3691
---[Human]: Max RunDelay: 62; [Socket]: Max RunDelay: 16
---[App]: Min PerSecRun: 71; Max RunDelay 0
-----------------------------------------------------
2019-09-10 16:53:23 GS-1 [脚本(修炼圣地-3.pas)缺函数]: ForgeDiaYB
2019-09-10 16:53:23 GS-1 --ReInitializet-- 因为点击NPC失败，重新刷新NPC...
2019-09-10 16:55:42 GS-1 -----------------------------------------------------
---[Monster]: Max RunDelay: 438; Max RunCount 3868
---[Human]: Max RunDelay: 78; [Socket]: Max RunDelay: 16
---[App]: Min PerSecRun: 51; Max RunDelay 0
-----------------------------------------------------
2019-09-10 16:57:57 GS-1 09-10 16:57:57 User = 25 / 25
2019-09-10 17:00:43 GS-1 -----------------------------------------------------
---[Monster]: Max RunDelay: 313; Max RunCount 3805
---[Human]: Max RunDelay: 47; [Socket]: Max RunDelay: 15
---[App]: Min PerSecRun: 69; Max RunDelay 0
-----------------------------------------------------
2019-09-10 17:05:43 GS-1 -----------------------------------------------------
---[Monster]: Max RunDelay: 532; Max RunCount 3819
---[Human]: Max RunDelay: 47; [Socket]: Max RunDelay: 16
---[App]: Min PerSecRun: 51; Max RunDelay 16
-----------------------------------------------------
2019-09-10 17:07:58 GS-1 09-10 17:07:58 User = 24 / 24
2019-09-10 17:10:44 GS-1 -----------------------------------------------------
---[Monster]: Max RunDelay: 297; Max RunCount 3728
---[Human]: Max RunDelay: 47; [Socket]: Max RunDelay: 16
---[App]: Min PerSecRun: 68; Max RunDelay 16
-----------------------------------------------------
2019-09-10 17:11:32 GS-1 载入商城热销商品列表，共36个。
2019-09-10 17:11:32 GS-1 ==> 加载商城热销榜:5
2019-09-10 17:15:45 GS-1 -----------------------------------------------------
---[Monster]: Max RunDelay: 297; Max RunCount 3792
---[Human]: Max RunDelay: 63; [Socket]: Max RunDelay: 16
---[App]: Min PerSecRun: 70; Max RunDelay 16
-----------------------------------------------------
2019-09-10 17:17:58 GS-1 09-10 17:17:58 User = 28 / 28
2019-09-10 17:20:46 GS-1 -----------------------------------------------------
---[Monster]: Max RunDelay: 266; Max RunCount 3713
---[Human]: Max RunDelay: 47; [Socket]: Max RunDelay: 15
---[App]: Min PerSecRun: 71; Max RunDelay 0
-----------------------------------------------------
2019-09-10 17:25:46 GS-1 -----------------------------------------------------
---[Monster]: Max RunDelay: 1062; Max RunCount 3847
---[Human]: Max RunDelay: 94; [Socket]: Max RunDelay: 16
---[App]: Min PerSecRun: 12; Max RunDelay 0
-----------------------------------------------------
2019-09-10 17:27:57 GS-1 09-10 17:27:57 User = 26 / 26
