2019-07-11 14:28:37 GS-1 ================ 服务启动 ==============
2019-07-11 14:28:37 GS-1 TPlayerBody Size - 1616
2019-07-11 14:28:37 GS-1 TPlayerDB Size - 61608
2019-07-11 14:28:37 GS-1 -----------------------------------------------------
---[Monster]: Max RunDelay: 0; Max RunCount 0
---[Human]: Max RunDelay: 0; [Socket]: Max RunDelay: 0
---[App]: Min PerSecRun: 100; Max RunDelay 0
-----------------------------------------------------
2019-07-11 14:28:37 GS-1 ======== 连接MySQL成功 =======
2019-07-11 14:28:37 GS-1 *** ***Gamelog 的下次清理时间为 : 07月18日03时*** ***
2019-07-11 14:28:37 GS-1 ==加载GM指令定义完成==
2019-07-11 14:28:37 GS-1 与 DB 服务器连接成功
2019-07-11 14:28:37 GS-1 [Error]: 抽取概率错误:赤金天赐->宝箱1:概率7
2019-07-11 14:28:37 GS-1 [Error]: 抽取概率错误:白银天赐->宝箱1:概率7
2019-07-11 14:28:37 GS-1 [Error]: 抽取概率错误:紫铜天赐->宝箱1:概率7
2019-07-11 14:28:37 GS-1 [Error]: 抽取概率错误:神秘天赐->宝箱1:概率7
2019-07-11 14:28:37 GS-1 [Error]: 抽取概率错误:檀木天赐->宝箱1:概率7
2019-07-11 14:28:37 GS-1 [Error]: 抽取概率错误:宝藏天赐 ->宝箱1:概率7
2019-07-11 14:28:37 GS-1 [Error]: StdItems 不存在的天赐：新年天赐
2019-07-11 14:28:37 GS-1 [Error]: StdItems 不存在的钥匙：新年钥匙
2019-07-11 14:28:37 GS-1 [Error]: StdItems 不存在的钥匙：春节钥匙
2019-07-11 14:28:37 GS-1 [Error]: StdItems 不存在的钥匙：节日钥匙
2019-07-11 14:28:37 GS-1 [Error]: StdItems 不存在的天赐：感恩天赐
2019-07-11 14:28:37 GS-1 [Error]: StdItems 不存在的钥匙：感恩钥匙
2019-07-11 14:28:37 GS-1 系统参数初始化完毕
2019-07-11 14:28:37 GS-1 准备加载NPC，共491个
2019-07-11 14:28:37 GS-1 已加载d:\Mud2.0\Mir200\Share\EngineConfig\系统信息管理\RollMsg.txt！
2019-07-11 14:28:37 GS-1 已加载d:\Mud2.0\Mir200\Share\EngineConfig\系统信息管理\掉落物品提示.txt！
2019-07-11 14:28:37 GS-1 已加载d:\Mud2.0\Mir200\Share\EngineConfig\卧龙英雄管理\Fortress.txt！
2019-07-11 14:28:37 GS-1 已加载d:\Mud2.0\Mir200\Share\EngineConfig\游戏元素点阵管理\GMActEvent.txt！
2019-07-11 14:28:37 GS-1    加载邮件信息成功,加载0个玩家的邮件。
2019-07-11 14:28:37 GS-1    加载邮件信息成功,加载0个玩家的邮件。
2019-07-11 14:28:37 GS-1 已加载d:\Mud2.0\Mir200\Share\EngineConfig\摆摊交易\摊位基础设置.ini！
2019-07-11 14:28:37 GS-1 刷新摊位过期将在2:55执行！
2019-07-11 14:28:37 GS-1   加载Stall成功，共加载摊位0个
2019-07-11 14:28:37 GS-1 [Information]: 寄售表创建成功!
2019-07-11 14:28:37 GS-1 [Information]: 寄售历史表创建成功!
2019-07-11 14:28:37 GS-1 [Information]: 更新超时订单成功!
2019-07-11 14:28:37 GS-1 已加载刷新商城时间：00:00:00.
2019-07-11 14:28:37 GS-1 已加载刷新商城时间：06:00:00.
2019-07-11 14:28:37 GS-1 已加载刷新商城时间：12:00:00.
2019-07-11 14:28:37 GS-1 载入商城物品列表，共5个类别，29种商品
2019-07-11 14:28:37 GS-1 ==> 加载商城物品 装饰类：11/11
2019-07-11 14:28:37 GS-1 ==> 加载商城物品 补给类：1/1
2019-07-11 14:28:37 GS-1 ==> 加载商城物品 强化类：12/12
2019-07-11 14:28:37 GS-1 ==> 加载商城物品 限量类：3/3
2019-07-11 14:28:37 GS-1 ==> 加载商城物品 好友类：2/2
2019-07-11 14:28:37 GS-1 ==> 加载商城物品 类：0/0
2019-07-11 14:28:37 GS-1 ==> 加载商城物品 类：0/0
2019-07-11 14:28:37 GS-1 ==> 加载商城物品 类：0/0
2019-07-11 14:28:37 GS-1    [删除错误数据] 删除用户表中不存在的战队成员
2019-07-11 14:28:37 GS-1    [删除错误数据] 清除战队队长不存在的项
2019-07-11 14:28:37 GS-1    [删除错误数据] 不存在战队的成员
2019-07-11 14:28:37 GS-1    正在加载战队...
2019-07-11 14:28:37 GS-1    战队表数量 : 2
2019-07-11 14:28:37 GS-1    战队表数量 : 0
2019-07-11 14:28:37 GS-1    加载战队数量:2
2019-07-11 14:28:37 GS-1    正在加载战队成员...
2019-07-11 14:28:37 GS-1    战队成员总数:2 加载成员数:2
2019-07-11 14:28:37 GS-1    正在检测战队数据有效性...
2019-07-11 14:28:37 GS-1    战队数据有效性检测完毕
2019-07-11 14:28:37 GS-1    [删除错误数据] 清除会长战队不存在行会
2019-07-11 14:28:37 GS-1    [删除错误数据] 清除行会不存在的行会成员
2019-07-11 14:28:37 GS-1    [删除错误数据] 清除行会不存在的行会关系ID排列错误的项
2019-07-11 14:28:37 GS-1    [删除错误数据] 清除行会不存在行会关系
2019-07-11 14:28:37 GS-1    [删除错误数据] 清除行会不存在关注行会
2019-07-11 14:28:37 GS-1    加载行会数量 : 2
2019-07-11 14:28:37 GS-1    加载行会成员(战队)数量 : 2
2019-07-11 14:28:37 GS-1    加载行会关系数量 : 0
2019-07-11 14:28:37 GS-1    加载关注行会数量 : 0
2019-07-11 14:28:37 GS-1    加载请求数量:1
2019-07-11 14:28:37 GS-1 [Error]: 小助手 不存在！
2019-07-11 14:28:37 GS-1 D411地图配置在MapInfo.txt 中不是LIMITBAGITEMDROP属性
2019-07-11 14:28:37 GS-1 D415地图配置在MapInfo.txt 中不是LIMITBAGITEMDROP属性
2019-07-11 14:28:37 GS-1 D416地图配置在MapInfo.txt 中不是LIMITBAGITEMDROP属性
2019-07-11 14:28:37 GS-1 信用分验证功能：关
2019-07-11 14:28:37 GS-1 GS脚本版本号：10001
2019-07-11 14:28:37 GS-1 更新排行榜，共计：30 页
2019-07-11 14:29:22 GS-1 载入商城热销商品列表，共16个。
2019-07-11 14:29:22 GS-1 ==> 加载商城热销榜:5
2019-07-11 14:29:22 GS-1 [Error]: TFieldHero.FillDBData: 龙纹不存在！
2019-07-11 14:29:29 GS-1 Gate 1 开启
2019-07-11 14:33:38 GS-1 -----------------------------------------------------
---[Monster]: Max RunDelay: 3500; Max RunCount 3158
---[Human]: Max RunDelay: 3500; [Socket]: Max RunDelay: 656
---[App]: Min PerSecRun: 1; Max RunDelay 0
-----------------------------------------------------
2019-07-11 14:38:38 GS-1 -----------------------------------------------------
---[Monster]: Max RunDelay: 1156; Max RunCount 3158
---[Human]: Max RunDelay: 484; [Socket]: Max RunDelay: 109
---[App]: Min PerSecRun: 23; Max RunDelay 0
-----------------------------------------------------
2019-07-11 14:39:22 GS-1 07-11 14:39:22 User = 0 / 0
2019-07-11 14:43:39 GS-1 -----------------------------------------------------
---[Monster]: Max RunDelay: 1063; Max RunCount 3165
---[Human]: Max RunDelay: 500; [Socket]: Max RunDelay: 109
---[App]: Min PerSecRun: 14; Max RunDelay 0
-----------------------------------------------------
2019-07-11 14:48:40 GS-1 -----------------------------------------------------
---[Monster]: Max RunDelay: 1719; Max RunCount 3165
---[Human]: Max RunDelay: 422; [Socket]: Max RunDelay: 32
---[App]: Min PerSecRun: 5; Max RunDelay 0
-----------------------------------------------------
2019-07-11 14:49:22 GS-1 07-11 14:49:22 User = 0 / 0
2019-07-11 14:53:41 GS-1 -----------------------------------------------------
---[Monster]: Max RunDelay: 1047; Max RunCount 3166
---[Human]: Max RunDelay: 719; [Socket]: Max RunDelay: 219
---[App]: Min PerSecRun: 24; Max RunDelay 0
-----------------------------------------------------
2019-07-11 14:58:42 GS-1 -----------------------------------------------------
---[Monster]: Max RunDelay: 657; Max RunCount 3200
---[Human]: Max RunDelay: 172; [Socket]: Max RunDelay: 16
---[App]: Min PerSecRun: 46; Max RunDelay 0
-----------------------------------------------------
2019-07-11 14:59:22 GS-1 07-11 14:59:22 User = 1 / 1
2019-07-11 15:03:43 GS-1 -----------------------------------------------------
---[Monster]: Max RunDelay: 2469; Max RunCount 3137
---[Human]: Max RunDelay: 2297; [Socket]: Max RunDelay: 109
---[App]: Min PerSecRun: 42; Max RunDelay 0
-----------------------------------------------------
2019-07-11 15:08:44 GS-1 -----------------------------------------------------
---[Monster]: Max RunDelay: 703; Max RunCount 3153
---[Human]: Max RunDelay: 453; [Socket]: Max RunDelay: 203
---[App]: Min PerSecRun: 35; Max RunDelay 0
-----------------------------------------------------
2019-07-11 15:09:22 GS-1 07-11 15:09:22 User = 1 / 1
2019-07-11 15:13:44 GS-1 -----------------------------------------------------
---[Monster]: Max RunDelay: 922; Max RunCount 3169
---[Human]: Max RunDelay: 594; [Socket]: Max RunDelay: 203
---[App]: Min PerSecRun: 29; Max RunDelay 0
-----------------------------------------------------
2019-07-11 15:18:46 GS-1 -----------------------------------------------------
---[Monster]: Max RunDelay: 672; Max RunCount 3168
---[Human]: Max RunDelay: 484; [Socket]: Max RunDelay: 203
---[App]: Min PerSecRun: 32; Max RunDelay 0
-----------------------------------------------------
2019-07-11 15:19:22 GS-1 07-11 15:19:22 User = 0 / 0
2019-07-11 15:23:47 GS-1 -----------------------------------------------------
---[Monster]: Max RunDelay: 266; Max RunCount 3121
---[Human]: Max RunDelay: 47; [Socket]: Max RunDelay: 16
---[App]: Min PerSecRun: 73; Max RunDelay 0
-----------------------------------------------------
2019-07-11 15:28:48 GS-1 -----------------------------------------------------
---[Monster]: Max RunDelay: 500; Max RunCount 3122
---[Human]: Max RunDelay: 31; [Socket]: Max RunDelay: 16
---[App]: Min PerSecRun: 58; Max RunDelay 0
-----------------------------------------------------
2019-07-11 15:29:22 GS-1 07-11 15:29:22 User = 0 / 0
2019-07-11 15:29:23 GS-1 载入商城热销商品列表，共16个。
2019-07-11 15:29:23 GS-1 ==> 加载商城热销榜:5
2019-07-11 15:33:49 GS-1 -----------------------------------------------------
---[Monster]: Max RunDelay: 329; Max RunCount 3141
---[Human]: Max RunDelay: 15; [Socket]: Max RunDelay: 16
---[App]: Min PerSecRun: 70; Max RunDelay 0
-----------------------------------------------------
2019-07-11 15:38:49 GS-1 -----------------------------------------------------
---[Monster]: Max RunDelay: 344; Max RunCount 3141
---[Human]: Max RunDelay: 110; [Socket]: Max RunDelay: 16
---[App]: Min PerSecRun: 69; Max RunDelay 0
-----------------------------------------------------
2019-07-11 15:39:22 GS-1 07-11 15:39:22 User = 0 / 0
2019-07-11 15:43:50 GS-1 -----------------------------------------------------
---[Monster]: Max RunDelay: 313; Max RunCount 3141
---[Human]: Max RunDelay: 32; [Socket]: Max RunDelay: 16
---[App]: Min PerSecRun: 72; Max RunDelay 0
-----------------------------------------------------
2019-07-11 15:48:51 GS-1 -----------------------------------------------------
---[Monster]: Max RunDelay: 484; Max RunCount 3122
---[Human]: Max RunDelay: 31; [Socket]: Max RunDelay: 62
---[App]: Min PerSecRun: 57; Max RunDelay 0
-----------------------------------------------------
2019-07-11 15:49:06 GS-1 [Error]: GameGate ServerSocketError, ErrorCode=10061
2019-07-11 15:49:06 GS-1 [Error]: GameGate ServerSocketError, ErrorCode=10061
2019-07-11 15:49:22 GS-1 07-11 15:49:22 User = 0 / 0
2019-07-11 15:53:52 GS-1 -----------------------------------------------------
---[Monster]: Max RunDelay: 282; Max RunCount 3141
---[Human]: Max RunDelay: 16; [Socket]: Max RunDelay: 15
---[App]: Min PerSecRun: 73; Max RunDelay 0
-----------------------------------------------------
2019-07-11 15:58:54 GS-1 -----------------------------------------------------
---[Monster]: Max RunDelay: 343; Max RunCount 3141
---[Human]: Max RunDelay: 16; [Socket]: Max RunDelay: 109
---[App]: Min PerSecRun: 71; Max RunDelay 0
-----------------------------------------------------
2019-07-11 15:59:23 GS-1 07-11 15:59:23 User = 0 / 0
2019-07-11 16:03:55 GS-1 -----------------------------------------------------
---[Monster]: Max RunDelay: 3265; Max RunCount 3141
---[Human]: Max RunDelay: 2969; [Socket]: Max RunDelay: 62
---[App]: Min PerSecRun: 28; Max RunDelay 2938
-----------------------------------------------------
2019-07-11 16:08:56 GS-1 -----------------------------------------------------
---[Monster]: Max RunDelay: 281; Max RunCount 3141
---[Human]: Max RunDelay: 31; [Socket]: Max RunDelay: 15
---[App]: Min PerSecRun: 72; Max RunDelay 0
-----------------------------------------------------
2019-07-11 16:09:23 GS-1 07-11 16:09:23 User = 0 / 0
2019-07-11 16:13:56 GS-1 -----------------------------------------------------
---[Monster]: Max RunDelay: 641; Max RunCount 3141
---[Human]: Max RunDelay: 32; [Socket]: Max RunDelay: 32
---[App]: Min PerSecRun: 47; Max RunDelay 0
-----------------------------------------------------
2019-07-11 16:18:58 GS-1 -----------------------------------------------------
---[Monster]: Max RunDelay: 813; Max RunCount 3141
---[Human]: Max RunDelay: 406; [Socket]: Max RunDelay: 31
---[App]: Min PerSecRun: 28; Max RunDelay 0
-----------------------------------------------------
2019-07-11 16:19:23 GS-1 07-11 16:19:23 User = 0 / 0
2019-07-11 16:23:59 GS-1 -----------------------------------------------------
---[Monster]: Max RunDelay: 890; Max RunCount 3141
---[Human]: Max RunDelay: 625; [Socket]: Max RunDelay: 203
---[App]: Min PerSecRun: 23; Max RunDelay 0
-----------------------------------------------------
2019-07-11 16:29:00 GS-1 -----------------------------------------------------
---[Monster]: Max RunDelay: 828; Max RunCount 3134
---[Human]: Max RunDelay: 609; [Socket]: Max RunDelay: 78
---[App]: Min PerSecRun: 30; Max RunDelay 0
-----------------------------------------------------
2019-07-11 16:29:24 GS-1 载入商城热销商品列表，共16个。
2019-07-11 16:29:24 GS-1 ==> 加载商城热销榜:5
2019-07-11 16:29:24 GS-1 07-11 16:29:24 User = 0 / 0
2019-07-11 16:34:01 GS-1 -----------------------------------------------------
---[Monster]: Max RunDelay: 797; Max RunCount 3114
---[Human]: Max RunDelay: 422; [Socket]: Max RunDelay: 109
---[App]: Min PerSecRun: 33; Max RunDelay 0
-----------------------------------------------------
2019-07-11 16:39:02 GS-1 -----------------------------------------------------
---[Monster]: Max RunDelay: 1000; Max RunCount 3141
---[Human]: Max RunDelay: 406; [Socket]: Max RunDelay: 94
---[App]: Min PerSecRun: 44; Max RunDelay 0
-----------------------------------------------------
2019-07-11 16:39:23 GS-1 07-11 16:39:23 User = 0 / 0
2019-07-11 16:44:03 GS-1 -----------------------------------------------------
---[Monster]: Max RunDelay: 843; Max RunCount 3141
---[Human]: Max RunDelay: 609; [Socket]: Max RunDelay: 172
---[App]: Min PerSecRun: 31; Max RunDelay 0
-----------------------------------------------------
2019-07-11 16:49:03 GS-1 -----------------------------------------------------
---[Monster]: Max RunDelay: 875; Max RunCount 3141
---[Human]: Max RunDelay: 454; [Socket]: Max RunDelay: 31
---[App]: Min PerSecRun: 20; Max RunDelay 0
-----------------------------------------------------
2019-07-11 16:49:24 GS-1 07-11 16:49:24 User = 0 / 0
2019-07-11 16:54:05 GS-1 -----------------------------------------------------
---[Monster]: Max RunDelay: 1156; Max RunCount 3141
---[Human]: Max RunDelay: 625; [Socket]: Max RunDelay: 32
---[App]: Min PerSecRun: 24; Max RunDelay 0
-----------------------------------------------------
2019-07-11 16:59:06 GS-1 -----------------------------------------------------
---[Monster]: Max RunDelay: 1172; Max RunCount 3141
---[Human]: Max RunDelay: 1110; [Socket]: Max RunDelay: 312
---[App]: Min PerSecRun: 16; Max RunDelay 0
-----------------------------------------------------
2019-07-11 16:59:25 GS-1 07-11 16:59:25 User = 0 / 0
2019-07-11 17:04:07 GS-1 -----------------------------------------------------
---[Monster]: Max RunDelay: 1219; Max RunCount 3141
---[Human]: Max RunDelay: 1062; [Socket]: Max RunDelay: 703
---[App]: Min PerSecRun: 11; Max RunDelay 0
-----------------------------------------------------
2019-07-11 17:09:08 GS-1 -----------------------------------------------------
---[Monster]: Max RunDelay: 281; Max RunCount 3141
---[Human]: Max RunDelay: 15; [Socket]: Max RunDelay: 16
---[App]: Min PerSecRun: 72; Max RunDelay 0
-----------------------------------------------------
2019-07-11 17:09:26 GS-1 07-11 17:09:26 User = 0 / 0
2019-07-11 17:14:09 GS-1 -----------------------------------------------------
---[Monster]: Max RunDelay: 266; Max RunCount 3141
---[Human]: Max RunDelay: 15; [Socket]: Max RunDelay: 0
---[App]: Min PerSecRun: 77; Max RunDelay 0
-----------------------------------------------------
2019-07-11 17:19:10 GS-1 -----------------------------------------------------
---[Monster]: Max RunDelay: 297; Max RunCount 3141
---[Human]: Max RunDelay: 15; [Socket]: Max RunDelay: 16
---[App]: Min PerSecRun: 76; Max RunDelay 0
-----------------------------------------------------
2019-07-11 17:19:26 GS-1 07-11 17:19:26 User = 0 / 0
2019-07-11 17:24:11 GS-1 -----------------------------------------------------
---[Monster]: Max RunDelay: 266; Max RunCount 3141
---[Human]: Max RunDelay: 47; [Socket]: Max RunDelay: 16
---[App]: Min PerSecRun: 75; Max RunDelay 0
-----------------------------------------------------
2019-07-11 17:29:12 GS-1 -----------------------------------------------------
---[Monster]: Max RunDelay: 281; Max RunCount 3110
---[Human]: Max RunDelay: 31; [Socket]: Max RunDelay: 16
---[App]: Min PerSecRun: 77; Max RunDelay 0
-----------------------------------------------------
2019-07-11 17:29:25 GS-1 载入商城热销商品列表，共16个。
2019-07-11 17:29:25 GS-1 ==> 加载商城热销榜:5
2019-07-11 17:29:26 GS-1 07-11 17:29:26 User = 0 / 0
2019-07-11 17:34:13 GS-1 -----------------------------------------------------
---[Monster]: Max RunDelay: 1625; Max RunCount 3141
---[Human]: Max RunDelay: 1500; [Socket]: Max RunDelay: 47
---[App]: Min PerSecRun: 18; Max RunDelay 1000
-----------------------------------------------------
2019-07-11 17:39:14 GS-1 -----------------------------------------------------
---[Monster]: Max RunDelay: 297; Max RunCount 3141
---[Human]: Max RunDelay: 32; [Socket]: Max RunDelay: 0
---[App]: Min PerSecRun: 72; Max RunDelay 0
-----------------------------------------------------
2019-07-11 17:39:26 GS-1 07-11 17:39:26 User = 1 / 1
2019-07-11 17:44:15 GS-1 -----------------------------------------------------
---[Monster]: Max RunDelay: 703; Max RunCount 3141
---[Human]: Max RunDelay: 187; [Socket]: Max RunDelay: 110
---[App]: Min PerSecRun: 38; Max RunDelay 0
-----------------------------------------------------
2019-07-11 17:49:16 GS-1 -----------------------------------------------------
---[Monster]: Max RunDelay: 547; Max RunCount 3141
---[Human]: Max RunDelay: 422; [Socket]: Max RunDelay: 15
---[App]: Min PerSecRun: 49; Max RunDelay 0
-----------------------------------------------------
2019-07-11 17:49:27 GS-1 07-11 17:49:27 User = 0 / 0
2019-07-11 17:54:17 GS-1 -----------------------------------------------------
---[Monster]: Max RunDelay: 250; Max RunCount 3110
---[Human]: Max RunDelay: 15; [Socket]: Max RunDelay: 15
---[App]: Min PerSecRun: 76; Max RunDelay 0
-----------------------------------------------------
2019-07-11 17:59:18 GS-1 -----------------------------------------------------
---[Monster]: Max RunDelay: 250; Max RunCount 3110
---[Human]: Max RunDelay: 15; [Socket]: Max RunDelay: 15
---[App]: Min PerSecRun: 76; Max RunDelay 0
-----------------------------------------------------
2019-07-11 17:59:27 GS-1 07-11 17:59:27 User = 0 / 0
2019-07-11 18:04:18 GS-1 -----------------------------------------------------
---[Monster]: Max RunDelay: 328; Max RunCount 3110
---[Human]: Max RunDelay: 47; [Socket]: Max RunDelay: 16
---[App]: Min PerSecRun: 73; Max RunDelay 0
-----------------------------------------------------
2019-07-11 18:09:19 GS-1 -----------------------------------------------------
---[Monster]: Max RunDelay: 312; Max RunCount 3110
---[Human]: Max RunDelay: 16; [Socket]: Max RunDelay: 16
---[App]: Min PerSecRun: 74; Max RunDelay 0
-----------------------------------------------------
2019-07-11 18:09:27 GS-1 07-11 18:09:27 User = 0 / 0
2019-07-11 18:14:21 GS-1 -----------------------------------------------------
---[Monster]: Max RunDelay: 1563; Max RunCount 3141
---[Human]: Max RunDelay: 1141; [Socket]: Max RunDelay: 109
---[App]: Min PerSecRun: 10; Max RunDelay 0
-----------------------------------------------------
2019-07-11 18:19:22 GS-1 -----------------------------------------------------
---[Monster]: Max RunDelay: 281; Max RunCount 3141
---[Human]: Max RunDelay: 31; [Socket]: Max RunDelay: 16
---[App]: Min PerSecRun: 78; Max RunDelay 0
-----------------------------------------------------
2019-07-11 18:19:27 GS-1 07-11 18:19:27 User = 0 / 0
2019-07-11 18:24:23 GS-1 -----------------------------------------------------
---[Monster]: Max RunDelay: 359; Max RunCount 3141
---[Human]: Max RunDelay: 16; [Socket]: Max RunDelay: 16
---[App]: Min PerSecRun: 66; Max RunDelay 0
-----------------------------------------------------
2019-07-11 18:29:24 GS-1 -----------------------------------------------------
---[Monster]: Max RunDelay: 266; Max RunCount 3119
---[Human]: Max RunDelay: 16; [Socket]: Max RunDelay: 16
---[App]: Min PerSecRun: 76; Max RunDelay 0
-----------------------------------------------------
2019-07-11 18:29:25 GS-1 载入商城热销商品列表，共16个。
2019-07-11 18:29:25 GS-1 ==> 加载商城热销榜:5
2019-07-11 18:29:27 GS-1 07-11 18:29:27 User = 0 / 0
2019-07-11 18:34:25 GS-1 -----------------------------------------------------
---[Monster]: Max RunDelay: 282; Max RunCount 3141
---[Human]: Max RunDelay: 32; [Socket]: Max RunDelay: 16
---[App]: Min PerSecRun: 75; Max RunDelay 0
-----------------------------------------------------
2019-07-11 18:39:26 GS-1 -----------------------------------------------------
---[Monster]: Max RunDelay: 250; Max RunCount 3114
---[Human]: Max RunDelay: 16; [Socket]: Max RunDelay: 0
---[App]: Min PerSecRun: 76; Max RunDelay 0
-----------------------------------------------------
2019-07-11 18:39:27 GS-1 07-11 18:39:27 User = 0 / 0
2019-07-11 18:44:27 GS-1 -----------------------------------------------------
---[Monster]: Max RunDelay: 297; Max RunCount 3119
---[Human]: Max RunDelay: 16; [Socket]: Max RunDelay: 15
---[App]: Min PerSecRun: 76; Max RunDelay 0
-----------------------------------------------------
2019-07-11 18:49:27 GS-1 -----------------------------------------------------
---[Monster]: Max RunDelay: 1484; Max RunCount 3141
---[Human]: Max RunDelay: 1110; [Socket]: Max RunDelay: 31
---[App]: Min PerSecRun: 31; Max RunDelay 0
-----------------------------------------------------
2019-07-11 18:49:27 GS-1 07-11 18:49:27 User = 0 / 0
2019-07-11 18:54:28 GS-1 -----------------------------------------------------
---[Monster]: Max RunDelay: 250; Max RunCount 3141
---[Human]: Max RunDelay: 16; [Socket]: Max RunDelay: 0
---[App]: Min PerSecRun: 77; Max RunDelay 0
-----------------------------------------------------
2019-07-11 18:59:27 GS-1 07-11 18:59:27 User = 0 / 0
2019-07-11 18:59:29 GS-1 -----------------------------------------------------
---[Monster]: Max RunDelay: 266; Max RunCount 3141
---[Human]: Max RunDelay: 16; [Socket]: Max RunDelay: 15
---[App]: Min PerSecRun: 74; Max RunDelay 0
-----------------------------------------------------
2019-07-11 19:04:30 GS-1 -----------------------------------------------------
---[Monster]: Max RunDelay: 188; Max RunCount 3140
---[Human]: Max RunDelay: 16; [Socket]: Max RunDelay: 15
---[App]: Min PerSecRun: 76; Max RunDelay 0
-----------------------------------------------------
2019-07-11 19:09:27 GS-1 07-11 19:09:27 User = 1 / 1
2019-07-11 19:09:31 GS-1 -----------------------------------------------------
---[Monster]: Max RunDelay: 187; Max RunCount 3140
---[Human]: Max RunDelay: 16; [Socket]: Max RunDelay: 15
---[App]: Min PerSecRun: 76; Max RunDelay 0
-----------------------------------------------------
2019-07-11 19:14:32 GS-1 -----------------------------------------------------
---[Monster]: Max RunDelay: 188; Max RunCount 3119
---[Human]: Max RunDelay: 32; [Socket]: Max RunDelay: 15
---[App]: Min PerSecRun: 77; Max RunDelay 0
-----------------------------------------------------
2019-07-11 19:19:27 GS-1 07-11 19:19:27 User = 0 / 0
2019-07-11 19:19:33 GS-1 -----------------------------------------------------
---[Monster]: Max RunDelay: 266; Max RunCount 3140
---[Human]: Max RunDelay: 31; [Socket]: Max RunDelay: 16
---[App]: Min PerSecRun: 75; Max RunDelay 0
-----------------------------------------------------
2019-07-11 19:24:34 GS-1 -----------------------------------------------------
---[Monster]: Max RunDelay: 312; Max RunCount 3141
---[Human]: Max RunDelay: 15; [Socket]: Max RunDelay: 0
---[App]: Min PerSecRun: 73; Max RunDelay 0
-----------------------------------------------------
2019-07-11 19:29:25 GS-1 载入商城热销商品列表，共16个。
2019-07-11 19:29:25 GS-1 ==> 加载商城热销榜:5
2019-07-11 19:29:27 GS-1 07-11 19:29:27 User = 0 / 0
2019-07-11 19:29:35 GS-1 -----------------------------------------------------
---[Monster]: Max RunDelay: 266; Max RunCount 3141
---[Human]: Max RunDelay: 15; [Socket]: Max RunDelay: 16
---[App]: Min PerSecRun: 76; Max RunDelay 0
-----------------------------------------------------
2019-07-11 19:34:36 GS-1 -----------------------------------------------------
---[Monster]: Max RunDelay: 265; Max RunCount 3119
---[Human]: Max RunDelay: 31; [Socket]: Max RunDelay: 16
---[App]: Min PerSecRun: 76; Max RunDelay 0
-----------------------------------------------------
2019-07-11 19:39:27 GS-1 07-11 19:39:27 User = 0 / 0
2019-07-11 19:39:37 GS-1 -----------------------------------------------------
---[Monster]: Max RunDelay: 282; Max RunCount 3141
---[Human]: Max RunDelay: 31; [Socket]: Max RunDelay: 0
---[App]: Min PerSecRun: 76; Max RunDelay 0
-----------------------------------------------------
2019-07-11 19:44:38 GS-1 -----------------------------------------------------
---[Monster]: Max RunDelay: 265; Max RunCount 3141
---[Human]: Max RunDelay: 15; [Socket]: Max RunDelay: 0
---[App]: Min PerSecRun: 77; Max RunDelay 0
-----------------------------------------------------
2019-07-11 19:49:27 GS-1 07-11 19:49:27 User = 0 / 0
2019-07-11 19:49:39 GS-1 -----------------------------------------------------
---[Monster]: Max RunDelay: 453; Max RunCount 3141
---[Human]: Max RunDelay: 15; [Socket]: Max RunDelay: 16
---[App]: Min PerSecRun: 64; Max RunDelay 0
-----------------------------------------------------
2019-07-11 19:54:40 GS-1 -----------------------------------------------------
---[Monster]: Max RunDelay: 265; Max RunCount 3141
---[Human]: Max RunDelay: 31; [Socket]: Max RunDelay: 0
---[App]: Min PerSecRun: 75; Max RunDelay 0
-----------------------------------------------------
2019-07-11 19:59:27 GS-1 07-11 19:59:27 User = 0 / 0
2019-07-11 19:59:41 GS-1 -----------------------------------------------------
---[Monster]: Max RunDelay: 250; Max RunCount 3141
---[Human]: Max RunDelay: 15; [Socket]: Max RunDelay: 16
---[App]: Min PerSecRun: 77; Max RunDelay 0
-----------------------------------------------------
2019-07-11 20:04:43 GS-1 -----------------------------------------------------
---[Monster]: Max RunDelay: 1750; Max RunCount 3141
---[Human]: Max RunDelay: 1250; [Socket]: Max RunDelay: 984
---[App]: Min PerSecRun: 3; Max RunDelay 0
-----------------------------------------------------
2019-07-11 20:09:28 GS-1 07-11 20:09:28 User = 0 / 0
2019-07-11 20:09:43 GS-1 -----------------------------------------------------
---[Monster]: Max RunDelay: 1141; Max RunCount 3141
---[Human]: Max RunDelay: 297; [Socket]: Max RunDelay: 63
---[App]: Min PerSecRun: 16; Max RunDelay 0
-----------------------------------------------------
2019-07-11 20:14:44 GS-1 -----------------------------------------------------
---[Monster]: Max RunDelay: 297; Max RunCount 3141
---[Human]: Max RunDelay: 15; [Socket]: Max RunDelay: 31
---[App]: Min PerSecRun: 76; Max RunDelay 0
-----------------------------------------------------
2019-07-11 20:19:29 GS-1 07-11 20:19:29 User = 0 / 0
2019-07-11 20:19:45 GS-1 -----------------------------------------------------
---[Monster]: Max RunDelay: 2282; Max RunCount 3141
---[Human]: Max RunDelay: 2000; [Socket]: Max RunDelay: 78
---[App]: Min PerSecRun: 12; Max RunDelay 1938
-----------------------------------------------------
2019-07-11 20:24:46 GS-1 -----------------------------------------------------
---[Monster]: Max RunDelay: 375; Max RunCount 3141
---[Human]: Max RunDelay: 47; [Socket]: Max RunDelay: 16
---[App]: Min PerSecRun: 60; Max RunDelay 0
-----------------------------------------------------
2019-07-11 20:29:26 GS-1 载入商城热销商品列表，共16个。
2019-07-11 20:29:26 GS-1 ==> 加载商城热销榜:5
2019-07-11 20:29:29 GS-1 07-11 20:29:29 User = 0 / 0
2019-07-11 20:29:47 GS-1 -----------------------------------------------------
---[Monster]: Max RunDelay: 281; Max RunCount 3141
---[Human]: Max RunDelay: 141; [Socket]: Max RunDelay: 16
---[App]: Min PerSecRun: 71; Max RunDelay 0
-----------------------------------------------------
2019-07-11 20:34:48 GS-1 -----------------------------------------------------
---[Monster]: Max RunDelay: 250; Max RunCount 3141
---[Human]: Max RunDelay: 16; [Socket]: Max RunDelay: 0
---[App]: Min PerSecRun: 76; Max RunDelay 0
-----------------------------------------------------
2019-07-11 20:39:28 GS-1 07-11 20:39:28 User = 0 / 0
2019-07-11 20:39:48 GS-1 -----------------------------------------------------
---[Monster]: Max RunDelay: 10046; Max RunCount 3141
---[Human]: Max RunDelay: 8031; [Socket]: Max RunDelay: 7156
---[App]: Min PerSecRun: 1; Max RunDelay 7140
-----------------------------------------------------
2019-07-11 20:44:49 GS-1 -----------------------------------------------------
---[Monster]: Max RunDelay: 328; Max RunCount 3141
---[Human]: Max RunDelay: 32; [Socket]: Max RunDelay: 16
---[App]: Min PerSecRun: 67; Max RunDelay 0
-----------------------------------------------------
2019-07-11 20:49:28 GS-1 07-11 20:49:28 User = 0 / 0
2019-07-11 20:49:50 GS-1 -----------------------------------------------------
---[Monster]: Max RunDelay: 375; Max RunCount 3141
---[Human]: Max RunDelay: 63; [Socket]: Max RunDelay: 16
---[App]: Min PerSecRun: 67; Max RunDelay 0
-----------------------------------------------------
2019-07-11 20:54:51 GS-1 -----------------------------------------------------
---[Monster]: Max RunDelay: 453; Max RunCount 3141
---[Human]: Max RunDelay: 32; [Socket]: Max RunDelay: 16
---[App]: Min PerSecRun: 63; Max RunDelay 0
-----------------------------------------------------
2019-07-11 20:59:28 GS-1 07-11 20:59:28 User = 0 / 0
2019-07-11 20:59:52 GS-1 -----------------------------------------------------
---[Monster]: Max RunDelay: 328; Max RunCount 3141
---[Human]: Max RunDelay: 32; [Socket]: Max RunDelay: 16
---[App]: Min PerSecRun: 66; Max RunDelay 0
-----------------------------------------------------
2019-07-11 21:04:53 GS-1 -----------------------------------------------------
---[Monster]: Max RunDelay: 266; Max RunCount 3119
---[Human]: Max RunDelay: 31; [Socket]: Max RunDelay: 0
---[App]: Min PerSecRun: 75; Max RunDelay 0
-----------------------------------------------------
2019-07-11 21:09:28 GS-1 07-11 21:09:28 User = 0 / 0
2019-07-11 21:09:54 GS-1 -----------------------------------------------------
---[Monster]: Max RunDelay: 390; Max RunCount 3141
---[Human]: Max RunDelay: 46; [Socket]: Max RunDelay: 16
---[App]: Min PerSecRun: 64; Max RunDelay 0
-----------------------------------------------------
2019-07-11 21:14:55 GS-1 -----------------------------------------------------
---[Monster]: Max RunDelay: 375; Max RunCount 3141
---[Human]: Max RunDelay: 156; [Socket]: Max RunDelay: 16
---[App]: Min PerSecRun: 69; Max RunDelay 0
-----------------------------------------------------
2019-07-11 21:19:28 GS-1 07-11 21:19:28 User = 1 / 1
2019-07-11 21:19:56 GS-1 -----------------------------------------------------
---[Monster]: Max RunDelay: 266; Max RunCount 3141
---[Human]: Max RunDelay: 47; [Socket]: Max RunDelay: 0
---[App]: Min PerSecRun: 75; Max RunDelay 0
-----------------------------------------------------
2019-07-11 21:24:57 GS-1 -----------------------------------------------------
---[Monster]: Max RunDelay: 266; Max RunCount 3141
---[Human]: Max RunDelay: 31; [Socket]: Max RunDelay: 15
---[App]: Min PerSecRun: 75; Max RunDelay 0
-----------------------------------------------------
2019-07-11 21:29:26 GS-1 载入商城热销商品列表，共16个。
2019-07-11 21:29:26 GS-1 ==> 加载商城热销榜:5
2019-07-11 21:29:28 GS-1 07-11 21:29:28 User = 0 / 0
2019-07-11 21:29:58 GS-1 -----------------------------------------------------
---[Monster]: Max RunDelay: 312; Max RunCount 3119
---[Human]: Max RunDelay: 46; [Socket]: Max RunDelay: 15
---[App]: Min PerSecRun: 75; Max RunDelay 0
-----------------------------------------------------
2019-07-11 21:34:59 GS-1 -----------------------------------------------------
---[Monster]: Max RunDelay: 422; Max RunCount 3119
---[Human]: Max RunDelay: 46; [Socket]: Max RunDelay: 15
---[App]: Min PerSecRun: 64; Max RunDelay 0
-----------------------------------------------------
2019-07-11 21:39:28 GS-1 07-11 21:39:28 User = 0 / 0
2019-07-11 21:40:00 GS-1 -----------------------------------------------------
---[Monster]: Max RunDelay: 266; Max RunCount 3141
---[Human]: Max RunDelay: 46; [Socket]: Max RunDelay: 15
---[App]: Min PerSecRun: 76; Max RunDelay 0
-----------------------------------------------------
2019-07-11 21:45:01 GS-1 -----------------------------------------------------
---[Monster]: Max RunDelay: 2906; Max RunCount 3141
---[Human]: Max RunDelay: 1687; [Socket]: Max RunDelay: 32
---[App]: Min PerSecRun: 3; Max RunDelay 0
-----------------------------------------------------
2019-07-11 21:45:14 GS-1 [Error]: GameGate ServerSocketError, ErrorCode=10061
2019-07-11 21:49:29 GS-1 07-11 21:49:29 User = 0 / 0
2019-07-11 21:50:02 GS-1 -----------------------------------------------------
---[Monster]: Max RunDelay: 438; Max RunCount 3141
---[Human]: Max RunDelay: 31; [Socket]: Max RunDelay: 16
---[App]: Min PerSecRun: 52; Max RunDelay 16
-----------------------------------------------------
2019-07-11 21:55:03 GS-1 -----------------------------------------------------
---[Monster]: Max RunDelay: 297; Max RunCount 3119
---[Human]: Max RunDelay: 16; [Socket]: Max RunDelay: 16
---[App]: Min PerSecRun: 75; Max RunDelay 0
-----------------------------------------------------
2019-07-11 21:59:30 GS-1 07-11 21:59:30 User = 0 / 0
2019-07-11 22:00:04 GS-1 -----------------------------------------------------
---[Monster]: Max RunDelay: 3375; Max RunCount 3141
---[Human]: Max RunDelay: 3078; [Socket]: Max RunDelay: 93
---[App]: Min PerSecRun: 17; Max RunDelay 0
-----------------------------------------------------
2019-07-11 22:05:06 GS-1 -----------------------------------------------------
---[Monster]: Max RunDelay: 765; Max RunCount 3141
---[Human]: Max RunDelay: 641; [Socket]: Max RunDelay: 16
---[App]: Min PerSecRun: 43; Max RunDelay 0
-----------------------------------------------------
2019-07-11 22:09:31 GS-1 07-11 22:09:31 User = 0 / 0
2019-07-11 22:10:07 GS-1 -----------------------------------------------------
---[Monster]: Max RunDelay: 297; Max RunCount 3119
---[Human]: Max RunDelay: 31; [Socket]: Max RunDelay: 16
---[App]: Min PerSecRun: 75; Max RunDelay 0
-----------------------------------------------------
2019-07-11 22:15:08 GS-1 -----------------------------------------------------
---[Monster]: Max RunDelay: 297; Max RunCount 3119
---[Human]: Max RunDelay: 31; [Socket]: Max RunDelay: 15
---[App]: Min PerSecRun: 74; Max RunDelay 0
-----------------------------------------------------
2019-07-11 22:19:31 GS-1 07-11 22:19:31 User = 0 / 0
2019-07-11 22:20:09 GS-1 -----------------------------------------------------
---[Monster]: Max RunDelay: 531; Max RunCount 3117
---[Human]: Max RunDelay: 31; [Socket]: Max RunDelay: 15
---[App]: Min PerSecRun: 56; Max RunDelay 0
-----------------------------------------------------
2019-07-11 22:25:10 GS-1 -----------------------------------------------------
---[Monster]: Max RunDelay: 265; Max RunCount 3141
---[Human]: Max RunDelay: 16; [Socket]: Max RunDelay: 15
---[App]: Min PerSecRun: 76; Max RunDelay 0
-----------------------------------------------------
2019-07-11 22:29:27 GS-1 载入商城热销商品列表，共16个。
2019-07-11 22:29:27 GS-1 ==> 加载商城热销榜:5
2019-07-11 22:29:31 GS-1 07-11 22:29:31 User = 0 / 0
2019-07-11 22:30:11 GS-1 -----------------------------------------------------
---[Monster]: Max RunDelay: 547; Max RunCount 3141
---[Human]: Max RunDelay: 156; [Socket]: Max RunDelay: 15
---[App]: Min PerSecRun: 63; Max RunDelay 0
-----------------------------------------------------
2019-07-11 22:35:12 GS-1 -----------------------------------------------------
---[Monster]: Max RunDelay: 422; Max RunCount 3141
---[Human]: Max RunDelay: 16; [Socket]: Max RunDelay: 16
---[App]: Min PerSecRun: 67; Max RunDelay 0
-----------------------------------------------------
2019-07-11 22:39:31 GS-1 07-11 22:39:31 User = 0 / 0
2019-07-11 22:40:13 GS-1 -----------------------------------------------------
---[Monster]: Max RunDelay: 250; Max RunCount 3141
---[Human]: Max RunDelay: 16; [Socket]: Max RunDelay: 16
---[App]: Min PerSecRun: 77; Max RunDelay 0
-----------------------------------------------------
2019-07-11 22:45:13 GS-1 -----------------------------------------------------
---[Monster]: Max RunDelay: 235; Max RunCount 3141
---[Human]: Max RunDelay: 16; [Socket]: Max RunDelay: 16
---[App]: Min PerSecRun: 76; Max RunDelay 0
-----------------------------------------------------
2019-07-11 22:49:31 GS-1 07-11 22:49:31 User = 0 / 0
2019-07-11 22:50:14 GS-1 -----------------------------------------------------
---[Monster]: Max RunDelay: 266; Max RunCount 3119
---[Human]: Max RunDelay: 31; [Socket]: Max RunDelay: 16
---[App]: Min PerSecRun: 74; Max RunDelay 0
-----------------------------------------------------
2019-07-11 22:55:15 GS-1 -----------------------------------------------------
---[Monster]: Max RunDelay: 328; Max RunCount 3141
---[Human]: Max RunDelay: 63; [Socket]: Max RunDelay: 32
---[App]: Min PerSecRun: 71; Max RunDelay 0
-----------------------------------------------------
2019-07-11 22:59:31 GS-1 07-11 22:59:31 User = 1 / 1
2019-07-11 23:00:16 GS-1 -----------------------------------------------------
---[Monster]: Max RunDelay: 266; Max RunCount 3141
---[Human]: Max RunDelay: 16; [Socket]: Max RunDelay: 16
---[App]: Min PerSecRun: 76; Max RunDelay 0
-----------------------------------------------------
2019-07-11 23:05:17 GS-1 -----------------------------------------------------
---[Monster]: Max RunDelay: 484; Max RunCount 3119
---[Human]: Max RunDelay: 32; [Socket]: Max RunDelay: 15
---[App]: Min PerSecRun: 61; Max RunDelay 0
-----------------------------------------------------
2019-07-11 23:09:31 GS-1 07-11 23:09:31 User = 0 / 0
2019-07-11 23:10:18 GS-1 -----------------------------------------------------
---[Monster]: Max RunDelay: 282; Max RunCount 3141
---[Human]: Max RunDelay: 16; [Socket]: Max RunDelay: 0
---[App]: Min PerSecRun: 75; Max RunDelay 0
-----------------------------------------------------
2019-07-11 23:15:19 GS-1 -----------------------------------------------------
---[Monster]: Max RunDelay: 328; Max RunCount 3117
---[Human]: Max RunDelay: 31; [Socket]: Max RunDelay: 16
---[App]: Min PerSecRun: 73; Max RunDelay 0
-----------------------------------------------------
2019-07-11 23:19:31 GS-1 07-11 23:19:31 User = 0 / 0
2019-07-11 23:20:20 GS-1 -----------------------------------------------------
---[Monster]: Max RunDelay: 282; Max RunCount 3110
---[Human]: Max RunDelay: 31; [Socket]: Max RunDelay: 16
---[App]: Min PerSecRun: 74; Max RunDelay 0
-----------------------------------------------------
2019-07-11 23:25:21 GS-1 -----------------------------------------------------
---[Monster]: Max RunDelay: 266; Max RunCount 3101
---[Human]: Max RunDelay: 32; [Socket]: Max RunDelay: 16
---[App]: Min PerSecRun: 76; Max RunDelay 0
-----------------------------------------------------
2019-07-11 23:29:27 GS-1 载入商城热销商品列表，共16个。
2019-07-11 23:29:27 GS-1 ==> 加载商城热销榜:5
2019-07-11 23:29:31 GS-1 07-11 23:29:31 User = 0 / 0
2019-07-11 23:30:22 GS-1 -----------------------------------------------------
---[Monster]: Max RunDelay: 281; Max RunCount 3110
---[Human]: Max RunDelay: 16; [Socket]: Max RunDelay: 16
---[App]: Min PerSecRun: 75; Max RunDelay 0
-----------------------------------------------------
2019-07-11 23:35:23 GS-1 -----------------------------------------------------
---[Monster]: Max RunDelay: 437; Max RunCount 3110
---[Human]: Max RunDelay: 203; [Socket]: Max RunDelay: 16
---[App]: Min PerSecRun: 76; Max RunDelay 0
-----------------------------------------------------
2019-07-11 23:39:30 GS-1 07-11 23:39:30 User = 0 / 0
2019-07-11 23:40:24 GS-1 -----------------------------------------------------
---[Monster]: Max RunDelay: 296; Max RunCount 3110
---[Human]: Max RunDelay: 16; [Socket]: Max RunDelay: 15
---[App]: Min PerSecRun: 73; Max RunDelay 0
-----------------------------------------------------
2019-07-11 23:45:25 GS-1 -----------------------------------------------------
---[Monster]: Max RunDelay: 266; Max RunCount 3100
---[Human]: Max RunDelay: 32; [Socket]: Max RunDelay: 15
---[App]: Min PerSecRun: 75; Max RunDelay 0
-----------------------------------------------------
2019-07-11 23:49:30 GS-1 07-11 23:49:30 User = 0 / 0
2019-07-11 23:50:26 GS-1 -----------------------------------------------------
---[Monster]: Max RunDelay: 297; Max RunCount 3100
---[Human]: Max RunDelay: 16; [Socket]: Max RunDelay: 15
---[App]: Min PerSecRun: 75; Max RunDelay 0
-----------------------------------------------------
2019-07-11 23:55:27 GS-1 -----------------------------------------------------
---[Monster]: Max RunDelay: 250; Max RunCount 3088
---[Human]: Max RunDelay: 16; [Socket]: Max RunDelay: 16
---[App]: Min PerSecRun: 76; Max RunDelay 0
-----------------------------------------------------
2019-07-11 23:59:30 GS-1 07-11 23:59:30 User = 0 / 0
2019-07-12 00:00:00 GS-1 载入商城物品列表，共5个类别，29种商品
2019-07-12 00:00:00 GS-1 ==> 加载商城物品 装饰类：11/11
2019-07-12 00:00:00 GS-1 ==> 加载商城物品 补给类：1/1
2019-07-12 00:00:00 GS-1 ==> 加载商城物品 强化类：12/12
2019-07-12 00:00:00 GS-1 ==> 加载商城物品 限量类：3/3
2019-07-12 00:00:00 GS-1 ==> 加载商城物品 好友类：2/2
2019-07-12 00:00:00 GS-1 ==> 加载商城物品 类：0/0
2019-07-12 00:00:00 GS-1 ==> 加载商城物品 类：0/0
2019-07-12 00:00:00 GS-1 ==> 加载商城物品 类：0/0
2019-07-12 00:00:28 GS-1 -----------------------------------------------------
---[Monster]: Max RunDelay: 328; Max RunCount 3109
---[Human]: Max RunDelay: 16; [Socket]: Max RunDelay: 16
---[App]: Min PerSecRun: 70; Max RunDelay 0
-----------------------------------------------------
2019-07-12 00:05:29 GS-1 -----------------------------------------------------
---[Monster]: Max RunDelay: 390; Max RunCount 3099
---[Human]: Max RunDelay: 16; [Socket]: Max RunDelay: 31
---[App]: Min PerSecRun: 60; Max RunDelay 0
-----------------------------------------------------
2019-07-12 00:09:30 GS-1 07-12 00:09:30 User = 0 / 0
2019-07-12 00:10:30 GS-1 -----------------------------------------------------
---[Monster]: Max RunDelay: 437; Max RunCount 3099
---[Human]: Max RunDelay: 172; [Socket]: Max RunDelay: 15
---[App]: Min PerSecRun: 42; Max RunDelay 0
-----------------------------------------------------
2019-07-12 00:15:31 GS-1 -----------------------------------------------------
---[Monster]: Max RunDelay: 266; Max RunCount 3099
---[Human]: Max RunDelay: 32; [Socket]: Max RunDelay: 15
---[App]: Min PerSecRun: 74; Max RunDelay 0
-----------------------------------------------------
2019-07-12 00:19:30 GS-1 07-12 00:19:30 User = 0 / 0
2019-07-12 00:20:32 GS-1 -----------------------------------------------------
---[Monster]: Max RunDelay: 266; Max RunCount 3110
---[Human]: Max RunDelay: 16; [Socket]: Max RunDelay: 16
---[App]: Min PerSecRun: 75; Max RunDelay 0
-----------------------------------------------------
2019-07-12 00:25:33 GS-1 -----------------------------------------------------
---[Monster]: Max RunDelay: 297; Max RunCount 3101
---[Human]: Max RunDelay: 16; [Socket]: Max RunDelay: 0
---[App]: Min PerSecRun: 76; Max RunDelay 0
-----------------------------------------------------
2019-07-12 00:29:27 GS-1 载入商城热销商品列表，共16个。
2019-07-12 00:29:27 GS-1 ==> 加载商城热销榜:5
2019-07-12 00:29:30 GS-1 07-12 00:29:30 User = 0 / 0
2019-07-12 00:30:34 GS-1 -----------------------------------------------------
---[Monster]: Max RunDelay: 250; Max RunCount 3141
---[Human]: Max RunDelay: 16; [Socket]: Max RunDelay: 15
---[App]: Min PerSecRun: 75; Max RunDelay 0
-----------------------------------------------------
2019-07-12 00:35:35 GS-1 -----------------------------------------------------
---[Monster]: Max RunDelay: 375; Max RunCount 3141
---[Human]: Max RunDelay: 125; [Socket]: Max RunDelay: 16
---[App]: Min PerSecRun: 68; Max RunDelay 0
-----------------------------------------------------
2019-07-12 00:39:30 GS-1 07-12 00:39:30 User = 0 / 0
2019-07-12 00:40:36 GS-1 -----------------------------------------------------
---[Monster]: Max RunDelay: 266; Max RunCount 3141
---[Human]: Max RunDelay: 31; [Socket]: Max RunDelay: 16
---[App]: Min PerSecRun: 74; Max RunDelay 0
-----------------------------------------------------
2019-07-12 00:45:37 GS-1 -----------------------------------------------------
---[Monster]: Max RunDelay: 250; Max RunCount 3117
---[Human]: Max RunDelay: 15; [Socket]: Max RunDelay: 16
---[App]: Min PerSecRun: 77; Max RunDelay 0
-----------------------------------------------------
2019-07-12 00:49:30 GS-1 07-12 00:49:30 User = 0 / 0
2019-07-12 00:50:38 GS-1 -----------------------------------------------------
---[Monster]: Max RunDelay: 281; Max RunCount 3141
---[Human]: Max RunDelay: 31; [Socket]: Max RunDelay: 0
---[App]: Min PerSecRun: 77; Max RunDelay 0
-----------------------------------------------------
2019-07-12 00:55:39 GS-1 -----------------------------------------------------
---[Monster]: Max RunDelay: 282; Max RunCount 3141
---[Human]: Max RunDelay: 31; [Socket]: Max RunDelay: 16
---[App]: Min PerSecRun: 75; Max RunDelay 0
-----------------------------------------------------
2019-07-12 00:59:30 GS-1 07-12 00:59:30 User = 0 / 0
2019-07-12 01:00:40 GS-1 -----------------------------------------------------
---[Monster]: Max RunDelay: 282; Max RunCount 3141
---[Human]: Max RunDelay: 31; [Socket]: Max RunDelay: 16
---[App]: Min PerSecRun: 75; Max RunDelay 0
-----------------------------------------------------
2019-07-12 01:05:41 GS-1 -----------------------------------------------------
---[Monster]: Max RunDelay: 469; Max RunCount 3141
---[Human]: Max RunDelay: 15; [Socket]: Max RunDelay: 0
---[App]: Min PerSecRun: 59; Max RunDelay 0
-----------------------------------------------------
2019-07-12 01:09:30 GS-1 07-12 01:09:30 User = 0 / 0
2019-07-12 01:10:42 GS-1 -----------------------------------------------------
---[Monster]: Max RunDelay: 266; Max RunCount 3141
---[Human]: Max RunDelay: 15; [Socket]: Max RunDelay: 16
---[App]: Min PerSecRun: 76; Max RunDelay 0
-----------------------------------------------------
2019-07-12 01:15:43 GS-1 -----------------------------------------------------
---[Monster]: Max RunDelay: 266; Max RunCount 3141
---[Human]: Max RunDelay: 31; [Socket]: Max RunDelay: 16
---[App]: Min PerSecRun: 75; Max RunDelay 0
-----------------------------------------------------
2019-07-12 01:19:30 GS-1 07-12 01:19:30 User = 0 / 0
2019-07-12 01:20:44 GS-1 -----------------------------------------------------
---[Monster]: Max RunDelay: 265; Max RunCount 3140
---[Human]: Max RunDelay: 15; [Socket]: Max RunDelay: 16
---[App]: Min PerSecRun: 75; Max RunDelay 0
-----------------------------------------------------
2019-07-12 01:25:45 GS-1 -----------------------------------------------------
---[Monster]: Max RunDelay: 313; Max RunCount 3140
---[Human]: Max RunDelay: 15; [Socket]: Max RunDelay: 16
---[App]: Min PerSecRun: 74; Max RunDelay 0
-----------------------------------------------------
2019-07-12 01:29:27 GS-1 载入商城热销商品列表，共16个。
2019-07-12 01:29:27 GS-1 ==> 加载商城热销榜:5
2019-07-12 01:29:30 GS-1 07-12 01:29:30 User = 0 / 0
2019-07-12 01:30:46 GS-1 -----------------------------------------------------
---[Monster]: Max RunDelay: 266; Max RunCount 3141
---[Human]: Max RunDelay: 31; [Socket]: Max RunDelay: 16
---[App]: Min PerSecRun: 74; Max RunDelay 0
-----------------------------------------------------
2019-07-12 01:35:47 GS-1 -----------------------------------------------------
---[Monster]: Max RunDelay: 422; Max RunCount 3141
---[Human]: Max RunDelay: 16; [Socket]: Max RunDelay: 16
---[App]: Min PerSecRun: 59; Max RunDelay 0
-----------------------------------------------------
2019-07-12 01:39:30 GS-1 07-12 01:39:30 User = 0 / 0
2019-07-12 01:40:48 GS-1 -----------------------------------------------------
---[Monster]: Max RunDelay: 266; Max RunCount 3141
---[Human]: Max RunDelay: 16; [Socket]: Max RunDelay: 16
---[App]: Min PerSecRun: 77; Max RunDelay 0
-----------------------------------------------------
2019-07-12 01:45:49 GS-1 -----------------------------------------------------
---[Monster]: Max RunDelay: 312; Max RunCount 3141
---[Human]: Max RunDelay: 16; [Socket]: Max RunDelay: 16
---[App]: Min PerSecRun: 72; Max RunDelay 0
-----------------------------------------------------
2019-07-12 01:49:31 GS-1 07-12 01:49:31 User = 0 / 0
2019-07-12 01:50:50 GS-1 -----------------------------------------------------
---[Monster]: Max RunDelay: 266; Max RunCount 3141
---[Human]: Max RunDelay: 32; [Socket]: Max RunDelay: 16
---[App]: Min PerSecRun: 73; Max RunDelay 0
-----------------------------------------------------
2019-07-12 01:55:51 GS-1 -----------------------------------------------------
---[Monster]: Max RunDelay: 313; Max RunCount 3119
---[Human]: Max RunDelay: 16; [Socket]: Max RunDelay: 16
---[App]: Min PerSecRun: 75; Max RunDelay 0
-----------------------------------------------------
2019-07-12 01:59:30 GS-1 07-12 01:59:30 User = 0 / 0
2019-07-12 02:00:52 GS-1 -----------------------------------------------------
---[Monster]: Max RunDelay: 297; Max RunCount 3141
---[Human]: Max RunDelay: 78; [Socket]: Max RunDelay: 15
---[App]: Min PerSecRun: 76; Max RunDelay 0
-----------------------------------------------------
2019-07-12 02:05:53 GS-1 -----------------------------------------------------
---[Monster]: Max RunDelay: 422; Max RunCount 3141
---[Human]: Max RunDelay: 31; [Socket]: Max RunDelay: 15
---[App]: Min PerSecRun: 57; Max RunDelay 0
-----------------------------------------------------
2019-07-12 02:09:31 GS-1 07-12 02:09:31 User = 0 / 0
2019-07-12 02:10:54 GS-1 -----------------------------------------------------
---[Monster]: Max RunDelay: 297; Max RunCount 3141
---[Human]: Max RunDelay: 31; [Socket]: Max RunDelay: 15
---[App]: Min PerSecRun: 75; Max RunDelay 0
-----------------------------------------------------
2019-07-12 02:15:55 GS-1 -----------------------------------------------------
---[Monster]: Max RunDelay: 265; Max RunCount 3141
---[Human]: Max RunDelay: 31; [Socket]: Max RunDelay: 15
---[App]: Min PerSecRun: 73; Max RunDelay 0
-----------------------------------------------------
2019-07-12 02:19:31 GS-1 07-12 02:19:31 User = 0 / 0
2019-07-12 02:20:56 GS-1 -----------------------------------------------------
---[Monster]: Max RunDelay: 235; Max RunCount 3141
---[Human]: Max RunDelay: 32; [Socket]: Max RunDelay: 15
---[App]: Min PerSecRun: 75; Max RunDelay 0
-----------------------------------------------------
2019-07-12 02:25:57 GS-1 -----------------------------------------------------
---[Monster]: Max RunDelay: 266; Max RunCount 3119
---[Human]: Max RunDelay: 32; [Socket]: Max RunDelay: 15
---[App]: Min PerSecRun: 75; Max RunDelay 0
-----------------------------------------------------
2019-07-12 02:29:27 GS-1 载入商城热销商品列表，共16个。
2019-07-12 02:29:27 GS-1 ==> 加载商城热销榜:5
2019-07-12 02:29:31 GS-1 07-12 02:29:31 User = 0 / 0
2019-07-12 02:30:58 GS-1 -----------------------------------------------------
---[Monster]: Max RunDelay: 250; Max RunCount 3141
---[Human]: Max RunDelay: 16; [Socket]: Max RunDelay: 0
---[App]: Min PerSecRun: 77; Max RunDelay 0
-----------------------------------------------------
2019-07-12 02:35:59 GS-1 -----------------------------------------------------
---[Monster]: Max RunDelay: 469; Max RunCount 3141
---[Human]: Max RunDelay: 47; [Socket]: Max RunDelay: 16
---[App]: Min PerSecRun: 60; Max RunDelay 0
-----------------------------------------------------
2019-07-12 02:39:30 GS-1 07-12 02:39:30 User = 0 / 0
2019-07-12 02:41:00 GS-1 -----------------------------------------------------
---[Monster]: Max RunDelay: 375; Max RunCount 3140
---[Human]: Max RunDelay: 31; [Socket]: Max RunDelay: 16
---[App]: Min PerSecRun: 63; Max RunDelay 0
-----------------------------------------------------
2019-07-12 02:46:01 GS-1 -----------------------------------------------------
---[Monster]: Max RunDelay: 313; Max RunCount 3140
---[Human]: Max RunDelay: 31; [Socket]: Max RunDelay: 16
---[App]: Min PerSecRun: 75; Max RunDelay 0
-----------------------------------------------------
2019-07-12 02:49:30 GS-1 07-12 02:49:30 User = 0 / 0
2019-07-12 02:51:02 GS-1 -----------------------------------------------------
---[Monster]: Max RunDelay: 297; Max RunCount 3140
---[Human]: Max RunDelay: 31; [Socket]: Max RunDelay: 16
---[App]: Min PerSecRun: 74; Max RunDelay 0
-----------------------------------------------------
2019-07-12 02:56:03 GS-1 -----------------------------------------------------
---[Monster]: Max RunDelay: 281; Max RunCount 3140
---[Human]: Max RunDelay: 15; [Socket]: Max RunDelay: 16
---[App]: Min PerSecRun: 75; Max RunDelay 0
-----------------------------------------------------
2019-07-12 02:59:30 GS-1 07-12 02:59:30 User = 0 / 0
2019-07-12 03:01:04 GS-1 -----------------------------------------------------
---[Monster]: Max RunDelay: 265; Max RunCount 3140
---[Human]: Max RunDelay: 15; [Socket]: Max RunDelay: 16
---[App]: Min PerSecRun: 76; Max RunDelay 0
-----------------------------------------------------
2019-07-12 03:03:00 GS-1 
 *** *** 删除 加入战队、加入行会、行会联盟 的过期请求 : 1条 *** ***

2019-07-12 03:06:05 GS-1 -----------------------------------------------------
---[Monster]: Max RunDelay: 375; Max RunCount 3140
---[Human]: Max RunDelay: 15; [Socket]: Max RunDelay: 0
---[App]: Min PerSecRun: 60; Max RunDelay 0
-----------------------------------------------------
2019-07-12 03:09:30 GS-1 07-12 03:09:30 User = 0 / 0
2019-07-12 03:11:06 GS-1 -----------------------------------------------------
---[Monster]: Max RunDelay: 313; Max RunCount 3119
---[Human]: Max RunDelay: 31; [Socket]: Max RunDelay: 16
---[App]: Min PerSecRun: 72; Max RunDelay 0
-----------------------------------------------------
2019-07-12 03:16:07 GS-1 -----------------------------------------------------
---[Monster]: Max RunDelay: 250; Max RunCount 3140
---[Human]: Max RunDelay: 32; [Socket]: Max RunDelay: 15
---[App]: Min PerSecRun: 76; Max RunDelay 0
-----------------------------------------------------
2019-07-12 03:19:30 GS-1 07-12 03:19:30 User = 0 / 0
2019-07-12 03:21:08 GS-1 -----------------------------------------------------
---[Monster]: Max RunDelay: 266; Max RunCount 3119
---[Human]: Max RunDelay: 16; [Socket]: Max RunDelay: 15
---[App]: Min PerSecRun: 75; Max RunDelay 0
-----------------------------------------------------
2019-07-12 03:26:09 GS-1 -----------------------------------------------------
---[Monster]: Max RunDelay: 297; Max RunCount 3140
---[Human]: Max RunDelay: 16; [Socket]: Max RunDelay: 16
---[App]: Min PerSecRun: 75; Max RunDelay 0
-----------------------------------------------------
2019-07-12 03:29:27 GS-1 载入商城热销商品列表，共16个。
2019-07-12 03:29:27 GS-1 ==> 加载商城热销榜:5
2019-07-12 03:29:30 GS-1 07-12 03:29:30 User = 0 / 0
2019-07-12 03:31:10 GS-1 -----------------------------------------------------
---[Monster]: Max RunDelay: 266; Max RunCount 3140
---[Human]: Max RunDelay: 16; [Socket]: Max RunDelay: 0
---[App]: Min PerSecRun: 73; Max RunDelay 0
-----------------------------------------------------
2019-07-12 03:36:12 GS-1 -----------------------------------------------------
---[Monster]: Max RunDelay: 375; Max RunCount 3140
---[Human]: Max RunDelay: 31; [Socket]: Max RunDelay: 16
---[App]: Min PerSecRun: 58; Max RunDelay 0
-----------------------------------------------------
2019-07-12 03:39:31 GS-1 07-12 03:39:31 User = 0 / 0
2019-07-12 03:41:13 GS-1 -----------------------------------------------------
---[Monster]: Max RunDelay: 266; Max RunCount 3119
---[Human]: Max RunDelay: 31; [Socket]: Max RunDelay: 16
---[App]: Min PerSecRun: 75; Max RunDelay 0
-----------------------------------------------------
2019-07-12 03:46:14 GS-1 -----------------------------------------------------
---[Monster]: Max RunDelay: 265; Max RunCount 3119
---[Human]: Max RunDelay: 15; [Socket]: Max RunDelay: 15
---[App]: Min PerSecRun: 75; Max RunDelay 0
-----------------------------------------------------
2019-07-12 03:49:31 GS-1 07-12 03:49:31 User = 0 / 0
2019-07-12 03:51:16 GS-1 -----------------------------------------------------
---[Monster]: Max RunDelay: 5031; Max RunCount 3141
---[Human]: Max RunDelay: 4579; [Socket]: Max RunDelay: 16
---[App]: Min PerSecRun: 37; Max RunDelay 0
-----------------------------------------------------
2019-07-12 03:56:17 GS-1 -----------------------------------------------------
---[Monster]: Max RunDelay: 2140; Max RunCount 3141
---[Human]: Max RunDelay: 1437; [Socket]: Max RunDelay: 1593
---[App]: Min PerSecRun: 1; Max RunDelay 1421
-----------------------------------------------------
2019-07-12 03:57:53 GS-1 03:57:53 Gate 1 (129.28.198.181) 关闭
2019-07-12 03:57:53 GS-1 [Warning]: 与DB 服务器断开连接....
2019-07-12 03:57:58 GS-1 释放--魔龙冰晶升级对象--结束
2019-07-12 03:57:58 GS-1 释放--天赐宝箱1--结束
2019-07-12 03:57:58 GS-1 释放--天赐宝箱2--结束
2019-07-12 03:57:58 GS-1 释放--一点充--结束
2019-07-12 03:57:58 GS-1 释放--事件管理对象--结束
2019-07-12 03:57:58 GS-1 [Exception]: doError: SQL Error: Lost connection to MySQL server during query
2019-07-12 03:57:58 GS-1 [Exception]: SQL Error: Lost connection to MySQL server during query Create Table if not Exists gamelog.AccountLog201907(idx int not null AUTO_INCREMENT PRIMARY KEY, UpdateTime DateTime not null, Context_Id Char(32) not null,Order_Id Char(32) not null,UserID bigint(20) NOT NULL default 0,PTID varchar(20) character set latin1 collate latin1_bin NOT NULL default '',ChrName char(15) character set latin1 collate latin1_bin NOT NULL default '',FromWho char(15) character set latin1 collate latin1_bin NOT NULL default '',Pay_Type Enum('ypYBSystem','ypGHomePay','ypConsignment','ypGMModifyAdd','ypGMModifySub','ypStrengthenEquip','ypYBShop','ypStallBuyItem','ypMailGetYb','ypScriptBuy','ypScriptModifyAdd','ypScriptModifySub'),ItemIdx int,ItemNum int,amount int, nResult int,AccountAct Enum('ltRequestAddYB','ltRequestSubYB','ltExecSQLBefore','ltExecSQLFinished','ltGHomePayEnd','ltGHomePayStart','ltGMRequestModify','ltGMModyfyEnd','ltStallSubYbBegin','ltStallSubYbEnd','ltMailAddYbBegin','ltMailAddYbEnd','ltConsignmentbegin','ltRequestSubBuyerYB','ltRequestAddSellerYB','ltGiveItemsSucess','ltGiveItemsFail','ltConsignmentEnd','ltTimeOutBegin','ltRequestSubPlayerYB','ltGetBackItemsSucess','ltGetBackItemsFail','ltTimeOutEnd','ltStrengthenEquipBegin','ltStrengthenEquipEnd','ltYBShopBuyBegin','ltYBShopBuyEnd','ltYBScriptBuyBegin','ltYBScriptBuyEnd','ltScriptRequestModify','ltScriptModyfyEnd'),ActDesc varchar(255) character set latin1 collate latin1_bin NOT NULL default '',index Query1_index(UserID, Pay_Type, nResult, UpdateTime), index Query2_index(Context_Id, Order_Id, Pay_Type, nResult, AccountAct), index Time_Index(UpdateTime)) Max_ROWS=20000000000;
2019-07-12 03:57:58 GS-1 释放--任务管理对象--结束
2019-07-12 03:57:59 GS-1 释放--升级提醒管理对象--结束
2019-07-12 03:57:59 GS-1 释放--GDMsg管理对象--结束
2019-07-12 03:57:59 GS-1 释放--跨地图寻路管理对象--结束
2019-07-12 03:57:59 GS-1 释放--沙巴克管理对象--结束
2019-07-12 03:57:59 GS-1 释放--中央活动服务器客户端--结束
2019-07-12 03:57:59 GS-1 释放--乾坤包--结束
2019-07-12 03:57:59 GS-1 正在清除模块-卧龙英雄管理-的配置表d:\Mud2.0\Mir200\Share\EngineConfig\卧龙英雄管理\Fortress-HERO1.txt
2019-07-12 03:57:59 GS-1 正在清除模块-卧龙英雄管理-的配置表d:\Mud2.0\Mir200\Share\EngineConfig\卧龙英雄管理\Fortress.txt
2019-07-12 03:57:59 GS-1 正在清除模块-游戏元素点阵管理-的配置表d:\Mud2.0\Mir200\Share\EngineConfig\游戏元素点阵管理\GMActEvent.txt
2019-07-12 03:57:59 GS-1 正在清除模块-信用分管理-的配置表d:\Mud2.0\Mir200\Share\EngineConfig\信用分管理\PlayerActivePoint.xml
2019-07-12 03:57:59 GS-1 正在清除模块-信用分管理-的配置表d:\Mud2.0\Mir200\Share\EngineConfig\信用分管理\MapActivePoint.xml
2019-07-12 03:57:59 GS-1 正在清除模块-摆摊交易-的配置表d:\Mud2.0\Mir200\Share\EngineConfig\摆摊交易\摊位基础设置.ini
2019-07-12 03:57:59 GS-1 正在清除模块-元宝商城管理-的配置表d:\Mud2.0\Mir200\Share\EngineConfig\元宝商城管理\YBGoods.sql
2019-07-12 03:57:59 GS-1 正在清除模块-小助手管理-的配置表d:\Mud2.0\Mir200\Share\EngineConfig\小助手管理\小助手.txt
2019-07-12 03:57:59 GS-1 正在清除模块-静态地图管理-的配置表d:\Mud2.0\Mir200\Share\EngineConfig\静态地图管理\MapDropLimitBagItems.xml
2019-07-12 03:58:11 GS-1 正在清除模块-装备合成管理-的配置表d:\Mud2.0\Mir200\Share\EngineConfig\装备合成管理\StrengthenEquip.xml
2019-07-12 03:58:16 GS-1 正在清除模块-藏宝图管理-的配置表d:\Mud2.0\Mir200\Share\EngineConfig\藏宝图管理\修复藏宝图.txt
2019-07-12 03:58:16 GS-1 正在清除模块-藏宝图管理-的配置表d:\Mud2.0\Mir200\Share\EngineConfig\藏宝图管理\魔龙藏宝图合成装备.txt
2019-07-12 03:58:16 GS-1 正在清除模块-衣服升级管理-的配置表d:\Mud2.0\Mir200\Share\EngineConfig\衣服升级管理\UpdateClothes.xml
2019-07-12 03:58:16 GS-1 正在清除模块-道具管理-的配置表d:\Mud2.0\Mir200\Share\EngineConfig\道具管理\宝石配置.txt
2019-07-12 03:58:17 GS-1 正在清除模块-世界暴率管理-的配置表d:\Mud2.0\Mir200\Share\EngineConfig\世界暴率管理\世界爆率文件1.txt
2019-07-12 03:58:17 GS-1 释放--跨GS消息管理对象--结束
2019-07-12 03:58:17 GS-1 释放--gate管理对象--结束
2019-07-12 03:58:17 GS-1 释放--魔法管理对象--结束
2019-07-12 03:58:17 GS-1 释放--套装管理对象--结束
2019-07-12 03:58:17 GS-1 释放--新暴率管理对象--结束
2019-07-12 03:58:17 GS-1 释放--角色信息初始化管理对象--结束
2019-07-12 03:58:17 GS-1 释放--GS本地日志--结束
2019-07-12 03:58:17 GS-1 释放--DBEngn对象--结束
2019-07-12 03:58:17 GS-1 释放--任务列表--结束
2019-07-12 03:58:17 GS-1 释放--buffer管理类--结束
2019-07-12 03:58:17 GS-1 释放--排行榜--结束
2019-07-12 03:58:17 GS-1 释放--免费回收--结束
2019-07-12 03:58:17 GS-1 释放--mysql对象--结束
2019-07-12 03:58:17 GS-1 ================ 服务停止 ==============
