2019-09-19 12:32:28 GS-1 -----------------------------------------------------
---[Monster]: Max RunDelay: 0; Max RunCount 0
---[Human]: Max RunDelay: 0; [Socket]: Max RunDelay: 0
---[App]: Min PerSecRun: 100; Max RunDelay 0
-----------------------------------------------------
2019-09-19 12:32:28 GS-1 ================ 服务启动 ==============
2019-09-19 12:32:28 GS-1 TPlayerBody Size - 1616
2019-09-19 12:32:28 GS-1 TPlayerDB Size - 61608
2019-09-19 12:32:28 GS-1 ======== 连接MySQL成功 =======
2019-09-19 12:32:28 GS-1 *** ***Gamelog 的下次清理时间为 : 09月26日03时*** ***
2019-09-19 12:32:28 GS-1 ==加载GM指令定义完成==
2019-09-19 12:32:28 GS-1 与 DB 服务器连接成功
2019-09-19 12:32:28 GS-1 [Error]: 加载 热血勇士奖励:配置1 出错
2019-09-19 12:32:28 GS-1 [Error]: 加载 热血勇士奖励:配置2 出错
2019-09-19 12:32:28 GS-1 [Error]: 加载 热血勇士奖励:配置3 出错
2019-09-19 12:32:28 GS-1 [Error]: 加载 热血勇士奖励:配置4 出错
2019-09-19 12:32:28 GS-1 [Error]: 加载 热血勇士奖励:配置5 出错
2019-09-19 12:32:28 GS-1 [Error]: 加载 热血勇士奖励:配置6 出错
2019-09-19 12:32:28 GS-1 [Error]: 加载 热血勇士奖励:配置7 出错
2019-09-19 12:32:28 GS-1 [Error]: 加载 热血勇士奖励:配置8 出错
2019-09-19 12:32:28 GS-1 [Error]: 加载 热血勇士奖励:配置9 出错
2019-09-19 12:32:28 GS-1 [Error]: 加载 热血勇士奖励:配置10 出错
2019-09-19 12:32:28 GS-1 [Error]: 火龙珠奖励配置错误！
2019-09-19 12:32:28 GS-1 [Error]: 火龙珠奖励配置错误！
2019-09-19 12:32:28 GS-1 [Error]: 火龙珠奖励配置错误！
2019-09-19 12:32:28 GS-1 [Error]: 抽取概率错误:赤金天赐->宝箱1:概率7
2019-09-19 12:32:28 GS-1 [Error]: 抽取概率错误:白银天赐->宝箱1:概率7
2019-09-19 12:32:28 GS-1 [Error]: 抽取概率错误:紫铜天赐->宝箱1:概率7
2019-09-19 12:32:28 GS-1 [Error]: 抽取概率错误:神秘天赐->宝箱1:概率7
2019-09-19 12:32:28 GS-1 [Error]: 抽取概率错误:檀木天赐->宝箱1:概率7
2019-09-19 12:32:28 GS-1 [Error]: 抽取概率错误:宝藏天赐 ->宝箱1:概率7
2019-09-19 12:32:28 GS-1 [Error]: StdItems 不存在的天赐：新年天赐
2019-09-19 12:32:28 GS-1 [Error]: StdItems 不存在的钥匙：新年钥匙
2019-09-19 12:32:28 GS-1 [Error]: StdItems 不存在的钥匙：春节钥匙
2019-09-19 12:32:28 GS-1 [Error]: StdItems 不存在的钥匙：节日钥匙
2019-09-19 12:32:28 GS-1 [Error]: StdItems 不存在的天赐：感恩天赐
2019-09-19 12:32:28 GS-1 [Error]: StdItems 不存在的钥匙：感恩钥匙
2019-09-19 12:32:28 GS-1 系统参数初始化完毕
2019-09-19 12:32:28 GS-1 准备加载NPC，共518个
2019-09-19 12:32:28 GS-1 已加载d:\Mud2.0\Mir200\Share\EngineConfig\系统信息管理\RollMsg.txt！
2019-09-19 12:32:28 GS-1 已加载d:\Mud2.0\Mir200\Share\EngineConfig\系统信息管理\掉落物品提示.txt！
2019-09-19 12:32:28 GS-1 已加载d:\Mud2.0\Mir200\Share\EngineConfig\卧龙英雄管理\Fortress.txt！
2019-09-19 12:32:28 GS-1 已加载d:\Mud2.0\Mir200\Share\EngineConfig\游戏元素点阵管理\GMActEvent.txt！
2019-09-19 12:32:28 GS-1    加载邮件信息成功,加载0个玩家的邮件。
2019-09-19 12:32:28 GS-1    加载邮件信息成功,加载2个玩家的邮件。
2019-09-19 12:32:28 GS-1 已加载d:\Mud2.0\Mir200\Share\EngineConfig\摆摊交易\摊位基础设置.ini！
2019-09-19 12:32:28 GS-1 刷新摊位过期将在2:55执行！
2019-09-19 12:32:28 GS-1   加载Stall成功，共加载摊位0个
2019-09-19 12:32:28 GS-1 [Information]: 寄售表创建成功!
2019-09-19 12:32:28 GS-1 [Information]: 寄售历史表创建成功!
2019-09-19 12:32:28 GS-1 [Information]: 更新超时订单成功!
2019-09-19 12:32:28 GS-1 已加载刷新商城时间：00:00:00.
2019-09-19 12:32:28 GS-1 已加载刷新商城时间：06:00:00.
2019-09-19 12:32:28 GS-1 已加载刷新商城时间：12:00:00.
2019-09-19 12:32:28 GS-1 载入商城物品列表，共5个类别，40种商品
2019-09-19 12:32:28 GS-1 ==> 加载商城物品 装饰类：11/11
2019-09-19 12:32:28 GS-1 ==> 加载商城物品 补给类：5/5
2019-09-19 12:32:28 GS-1 ==> 加载商城物品 强化类：14/14
2019-09-19 12:32:28 GS-1 ==> 加载商城物品 限量类：8/8
2019-09-19 12:32:28 GS-1 ==> 加载商城物品 好友类：2/2
2019-09-19 12:32:28 GS-1 ==> 加载商城物品 类：0/0
2019-09-19 12:32:28 GS-1 ==> 加载商城物品 类：0/0
2019-09-19 12:32:28 GS-1 ==> 加载商城物品 类：0/0
2019-09-19 12:32:28 GS-1    [删除错误数据] 删除用户表中不存在的战队成员
2019-09-19 12:32:28 GS-1    [删除错误数据] 清除战队队长不存在的项
2019-09-19 12:32:28 GS-1    [删除错误数据] 不存在战队的成员
2019-09-19 12:32:28 GS-1    正在加载战队...
2019-09-19 12:32:28 GS-1    战队表数量 : 0
2019-09-19 12:32:28 GS-1    加载战队数量:0
2019-09-19 12:32:28 GS-1    正在加载战队成员...
2019-09-19 12:32:28 GS-1    战队成员总数:0 加载成员数:0
2019-09-19 12:32:28 GS-1    正在检测战队数据有效性...
2019-09-19 12:32:28 GS-1    战队数据有效性检测完毕
2019-09-19 12:32:28 GS-1    [删除错误数据] 清除会长战队不存在行会
2019-09-19 12:32:28 GS-1    [删除错误数据] 清除行会不存在的行会成员
2019-09-19 12:32:28 GS-1    [删除错误数据] 清除行会不存在的行会关系ID排列错误的项
2019-09-19 12:32:28 GS-1    [删除错误数据] 清除行会不存在行会关系
2019-09-19 12:32:28 GS-1    [删除错误数据] 清除行会不存在关注行会
2019-09-19 12:32:28 GS-1    加载行会数量 : 0
2019-09-19 12:32:28 GS-1    加载行会成员(战队)数量 : 0
2019-09-19 12:32:28 GS-1    加载行会关系数量 : 0
2019-09-19 12:32:28 GS-1    加载关注行会数量 : 0
2019-09-19 12:32:28 GS-1    加载请求数量:0
2019-09-19 12:32:28 GS-1 [Error]: 小助手 不存在！
2019-09-19 12:32:28 GS-1 D411地图配置在MapInfo.txt 中不是LIMITBAGITEMDROP属性
2019-09-19 12:32:28 GS-1 D415地图配置在MapInfo.txt 中不是LIMITBAGITEMDROP属性
2019-09-19 12:32:28 GS-1 D416地图配置在MapInfo.txt 中不是LIMITBAGITEMDROP属性
2019-09-19 12:32:28 GS-1 信用分验证功能：开
2019-09-19 12:32:28 GS-1 GS脚本版本号：10001
2019-09-19 12:32:28 GS-1 更新排行榜，共计：7 页
2019-09-19 12:32:28 GS-1 Gate 1 开启
2019-09-19 12:32:55 GS-1 载入商城热销商品列表，共16个。
2019-09-19 12:32:55 GS-1 ==> 加载商城热销榜:5
2019-09-19 12:37:29 GS-1 -----------------------------------------------------
---[Monster]: Max RunDelay: 625; Max RunCount 3239
---[Human]: Max RunDelay: 375; [Socket]: Max RunDelay: 16
---[App]: Min PerSecRun: 43; Max RunDelay 0
-----------------------------------------------------
2019-09-19 12:42:29 GS-1 -----------------------------------------------------
---[Monster]: Max RunDelay: 406; Max RunCount 3236
---[Human]: Max RunDelay: 31; [Socket]: Max RunDelay: 15
---[App]: Min PerSecRun: 62; Max RunDelay 0
-----------------------------------------------------
2019-09-19 12:42:55 GS-1 09-19 12:42:55 User = 1 / 1
2019-09-19 12:47:28 GS-1 -----------------------------------------------------
---[Monster]: Max RunDelay: 687; Max RunCount 3251
---[Human]: Max RunDelay: 516; [Socket]: Max RunDelay: 16
---[App]: Min PerSecRun: 37; Max RunDelay 0
-----------------------------------------------------
2019-09-19 12:52:29 GS-1 -----------------------------------------------------
---[Monster]: Max RunDelay: 1266; Max RunCount 3152
---[Human]: Max RunDelay: 297; [Socket]: Max RunDelay: 16
---[App]: Min PerSecRun: 13; Max RunDelay 0
-----------------------------------------------------
2019-09-19 12:52:55 GS-1 09-19 12:52:55 User = 1 / 1
2019-09-19 12:57:30 GS-1 -----------------------------------------------------
---[Monster]: Max RunDelay: 1031; Max RunCount 3131
---[Human]: Max RunDelay: 312; [Socket]: Max RunDelay: 62
---[App]: Min PerSecRun: 29; Max RunDelay 0
-----------------------------------------------------
2019-09-19 13:02:30 GS-1 -----------------------------------------------------
---[Monster]: Max RunDelay: 1234; Max RunCount 3159
---[Human]: Max RunDelay: 203; [Socket]: Max RunDelay: 16
---[App]: Min PerSecRun: 10; Max RunDelay 0
-----------------------------------------------------
2019-09-19 13:02:55 GS-1 09-19 13:02:55 User = 2 / 2
2019-09-19 13:07:31 GS-1 -----------------------------------------------------
---[Monster]: Max RunDelay: 266; Max RunCount 3159
---[Human]: Max RunDelay: 47; [Socket]: Max RunDelay: 16
---[App]: Min PerSecRun: 76; Max RunDelay 0
-----------------------------------------------------
2019-09-19 13:12:32 GS-1 -----------------------------------------------------
---[Monster]: Max RunDelay: 1734; Max RunCount 3160
---[Human]: Max RunDelay: 609; [Socket]: Max RunDelay: 15
---[App]: Min PerSecRun: 5; Max RunDelay 0
-----------------------------------------------------
2019-09-19 13:12:56 GS-1 09-19 13:12:56 User = 2 / 2
2019-09-19 13:17:33 GS-1 -----------------------------------------------------
---[Monster]: Max RunDelay: 1484; Max RunCount 3169
---[Human]: Max RunDelay: 406; [Socket]: Max RunDelay: 203
---[App]: Min PerSecRun: 4; Max RunDelay 0
-----------------------------------------------------
2019-09-19 13:22:34 GS-1 -----------------------------------------------------
---[Monster]: Max RunDelay: 312; Max RunCount 3160
---[Human]: Max RunDelay: 32; [Socket]: Max RunDelay: 0
---[App]: Min PerSecRun: 70; Max RunDelay 0
-----------------------------------------------------
2019-09-19 13:22:57 GS-1 09-19 13:22:57 User = 3 / 3
2019-09-19 13:27:35 GS-1 -----------------------------------------------------
---[Monster]: Max RunDelay: 500; Max RunCount 3129
---[Human]: Max RunDelay: 32; [Socket]: Max RunDelay: 15
---[App]: Min PerSecRun: 50; Max RunDelay 0
-----------------------------------------------------
2019-09-19 13:32:36 GS-1 -----------------------------------------------------
---[Monster]: Max RunDelay: 265; Max RunCount 3161
---[Human]: Max RunDelay: 32; [Socket]: Max RunDelay: 15
---[App]: Min PerSecRun: 77; Max RunDelay 0
-----------------------------------------------------
2019-09-19 13:32:56 GS-1 载入商城热销商品列表，共16个。
2019-09-19 13:32:56 GS-1 ==> 加载商城热销榜:5
2019-09-19 13:32:57 GS-1 09-19 13:32:57 User = 2 / 2
2019-09-19 13:37:37 GS-1 -----------------------------------------------------
---[Monster]: Max RunDelay: 782; Max RunCount 3161
---[Human]: Max RunDelay: 47; [Socket]: Max RunDelay: 15
---[App]: Min PerSecRun: 34; Max RunDelay 0
-----------------------------------------------------
2019-09-19 13:42:38 GS-1 -----------------------------------------------------
---[Monster]: Max RunDelay: 734; Max RunCount 3161
---[Human]: Max RunDelay: 187; [Socket]: Max RunDelay: 16
---[App]: Min PerSecRun: 46; Max RunDelay 0
-----------------------------------------------------
2019-09-19 13:42:57 GS-1 09-19 13:42:57 User = 2 / 2
2019-09-19 13:44:44 GS-1 [脚本(散财猪.pas)缺函数]: AfterScatterItems
2019-09-19 13:47:39 GS-1 -----------------------------------------------------
---[Monster]: Max RunDelay: 266; Max RunCount 3161
---[Human]: Max RunDelay: 46; [Socket]: Max RunDelay: 16
---[App]: Min PerSecRun: 76; Max RunDelay 0
-----------------------------------------------------
2019-09-19 13:52:40 GS-1 -----------------------------------------------------
---[Monster]: Max RunDelay: 266; Max RunCount 3133
---[Human]: Max RunDelay: 31; [Socket]: Max RunDelay: 0
---[App]: Min PerSecRun: 77; Max RunDelay 0
-----------------------------------------------------
2019-09-19 13:52:57 GS-1 09-19 13:52:57 User = 2 / 2
2019-09-19 13:57:41 GS-1 -----------------------------------------------------
---[Monster]: Max RunDelay: 360; Max RunCount 3133
---[Human]: Max RunDelay: 47; [Socket]: Max RunDelay: 16
---[App]: Min PerSecRun: 64; Max RunDelay 0
-----------------------------------------------------
2019-09-19 14:02:42 GS-1 -----------------------------------------------------
---[Monster]: Max RunDelay: 60063; Max RunCount 3135
---[Human]: Max RunDelay: 47; [Socket]: Max RunDelay: 16
---[App]: Min PerSecRun: 54; Max RunDelay 0
-----------------------------------------------------
2019-09-19 14:02:57 GS-1 09-19 14:02:57 User = 1 / 1
2019-09-19 14:07:42 GS-1 -----------------------------------------------------
---[Monster]: Max RunDelay: 234; Max RunCount 3151
---[Human]: Max RunDelay: 31; [Socket]: Max RunDelay: 15
---[App]: Min PerSecRun: 77; Max RunDelay 0
-----------------------------------------------------
2019-09-19 14:12:44 GS-1 -----------------------------------------------------
---[Monster]: Max RunDelay: 485; Max RunCount 3162
---[Human]: Max RunDelay: 266; [Socket]: Max RunDelay: 16
---[App]: Min PerSecRun: 58; Max RunDelay 0
-----------------------------------------------------
2019-09-19 14:12:59 GS-1 09-19 14:12:59 User = 1 / 1
2019-09-19 14:17:45 GS-1 -----------------------------------------------------
---[Monster]: Max RunDelay: 344; Max RunCount 3151
---[Human]: Max RunDelay: 32; [Socket]: Max RunDelay: 0
---[App]: Min PerSecRun: 65; Max RunDelay 0
-----------------------------------------------------
2019-09-19 14:22:45 GS-1 -----------------------------------------------------
---[Monster]: Max RunDelay: 265; Max RunCount 3162
---[Human]: Max RunDelay: 32; [Socket]: Max RunDelay: 16
---[App]: Min PerSecRun: 77; Max RunDelay 0
-----------------------------------------------------
2019-09-19 14:22:58 GS-1 09-19 14:22:58 User = 2 / 2
2019-09-19 14:27:46 GS-1 -----------------------------------------------------
---[Monster]: Max RunDelay: 266; Max RunCount 3162
---[Human]: Max RunDelay: 32; [Socket]: Max RunDelay: 0
---[App]: Min PerSecRun: 77; Max RunDelay 0
-----------------------------------------------------
2019-09-19 14:32:47 GS-1 -----------------------------------------------------
---[Monster]: Max RunDelay: 266; Max RunCount 3162
---[Human]: Max RunDelay: 32; [Socket]: Max RunDelay: 16
---[App]: Min PerSecRun: 77; Max RunDelay 0
-----------------------------------------------------
2019-09-19 14:32:56 GS-1 载入商城热销商品列表，共16个。
2019-09-19 14:32:56 GS-1 ==> 加载商城热销榜:5
2019-09-19 14:32:58 GS-1 09-19 14:32:58 User = 2 / 2
2019-09-19 14:37:48 GS-1 -----------------------------------------------------
---[Monster]: Max RunDelay: 266; Max RunCount 3162
---[Human]: Max RunDelay: 32; [Socket]: Max RunDelay: 16
---[App]: Min PerSecRun: 77; Max RunDelay 0
-----------------------------------------------------
2019-09-19 14:42:49 GS-1 -----------------------------------------------------
---[Monster]: Max RunDelay: 328; Max RunCount 3161
---[Human]: Max RunDelay: 32; [Socket]: Max RunDelay: 16
---[App]: Min PerSecRun: 70; Max RunDelay 0
-----------------------------------------------------
2019-09-19 14:42:58 GS-1 09-19 14:42:58 User = 2 / 2
2019-09-19 14:47:50 GS-1 -----------------------------------------------------
---[Monster]: Max RunDelay: 250; Max RunCount 3162
---[Human]: Max RunDelay: 32; [Socket]: Max RunDelay: 0
---[App]: Min PerSecRun: 77; Max RunDelay 0
-----------------------------------------------------
2019-09-19 14:52:51 GS-1 -----------------------------------------------------
---[Monster]: Max RunDelay: 453; Max RunCount 3176
---[Human]: Max RunDelay: 78; [Socket]: Max RunDelay: 32
---[App]: Min PerSecRun: 52; Max RunDelay 0
-----------------------------------------------------
2019-09-19 14:52:58 GS-1 09-19 14:52:58 User = 2 / 2
2019-09-19 14:57:53 GS-1 -----------------------------------------------------
---[Monster]: Max RunDelay: 578; Max RunCount 3176
---[Human]: Max RunDelay: 94; [Socket]: Max RunDelay: 15
---[App]: Min PerSecRun: 33; Max RunDelay 0
-----------------------------------------------------
2019-09-19 15:02:54 GS-1 -----------------------------------------------------
---[Monster]: Max RunDelay: 250; Max RunCount 3166
---[Human]: Max RunDelay: 32; [Socket]: Max RunDelay: 0
---[App]: Min PerSecRun: 77; Max RunDelay 0
-----------------------------------------------------
2019-09-19 15:02:59 GS-1 09-19 15:02:59 User = 2 / 2
2019-09-19 15:07:55 GS-1 -----------------------------------------------------
---[Monster]: Max RunDelay: 250; Max RunCount 3166
---[Human]: Max RunDelay: 32; [Socket]: Max RunDelay: 15
---[App]: Min PerSecRun: 77; Max RunDelay 0
-----------------------------------------------------
2019-09-19 15:12:56 GS-1 -----------------------------------------------------
---[Monster]: Max RunDelay: 250; Max RunCount 3142
---[Human]: Max RunDelay: 31; [Socket]: Max RunDelay: 15
---[App]: Min PerSecRun: 77; Max RunDelay 0
-----------------------------------------------------
2019-09-19 15:12:59 GS-1 09-19 15:12:59 User = 2 / 2
2019-09-19 15:17:56 GS-1 -----------------------------------------------------
---[Monster]: Max RunDelay: 563; Max RunCount 3172
---[Human]: Max RunDelay: 359; [Socket]: Max RunDelay: 31
---[App]: Min PerSecRun: 48; Max RunDelay 0
-----------------------------------------------------
2019-09-19 15:22:57 GS-1 -----------------------------------------------------
---[Monster]: Max RunDelay: 266; Max RunCount 3161
---[Human]: Max RunDelay: 47; [Socket]: Max RunDelay: 16
---[App]: Min PerSecRun: 77; Max RunDelay 0
-----------------------------------------------------
2019-09-19 15:22:59 GS-1 09-19 15:22:59 User = 2 / 2
2019-09-19 15:27:58 GS-1 -----------------------------------------------------
---[Monster]: Max RunDelay: 266; Max RunCount 3172
---[Human]: Max RunDelay: 31; [Socket]: Max RunDelay: 0
---[App]: Min PerSecRun: 77; Max RunDelay 0
-----------------------------------------------------
2019-09-19 15:32:57 GS-1 载入商城热销商品列表，共16个。
2019-09-19 15:32:57 GS-1 ==> 加载商城热销榜:5
2019-09-19 15:32:59 GS-1 -----------------------------------------------------
---[Monster]: Max RunDelay: 422; Max RunCount 3172
---[Human]: Max RunDelay: 188; [Socket]: Max RunDelay: 15
---[App]: Min PerSecRun: 64; Max RunDelay 0
-----------------------------------------------------
2019-09-19 15:32:59 GS-1 09-19 15:32:59 User = 1 / 1
2019-09-19 15:38:00 GS-1 -----------------------------------------------------
---[Monster]: Max RunDelay: 468; Max RunCount 3172
---[Human]: Max RunDelay: 203; [Socket]: Max RunDelay: 16
---[App]: Min PerSecRun: 62; Max RunDelay 0
-----------------------------------------------------
2019-09-19 15:42:59 GS-1 09-19 15:42:59 User = 1 / 1
2019-09-19 15:43:01 GS-1 -----------------------------------------------------
---[Monster]: Max RunDelay: 375; Max RunCount 3161
---[Human]: Max RunDelay: 203; [Socket]: Max RunDelay: 16
---[App]: Min PerSecRun: 62; Max RunDelay 0
-----------------------------------------------------
2019-09-19 15:48:01 GS-1 -----------------------------------------------------
---[Monster]: Max RunDelay: 453; Max RunCount 3172
---[Human]: Max RunDelay: 235; [Socket]: Max RunDelay: 15
---[App]: Min PerSecRun: 61; Max RunDelay 0
-----------------------------------------------------
2019-09-19 15:53:00 GS-1 09-19 15:53:00 User = 1 / 1
2019-09-19 15:53:02 GS-1 -----------------------------------------------------
---[Monster]: Max RunDelay: 797; Max RunCount 3172
---[Human]: Max RunDelay: 203; [Socket]: Max RunDelay: 188
---[App]: Min PerSecRun: 49; Max RunDelay 0
-----------------------------------------------------
2019-09-19 15:58:03 GS-1 -----------------------------------------------------
---[Monster]: Max RunDelay: 266; Max RunCount 3172
---[Human]: Max RunDelay: 31; [Socket]: Max RunDelay: 15
---[App]: Min PerSecRun: 77; Max RunDelay 0
-----------------------------------------------------
2019-09-19 16:03:00 GS-1 09-19 16:03:00 User = 1 / 1
2019-09-19 16:03:04 GS-1 -----------------------------------------------------
---[Monster]: Max RunDelay: 250; Max RunCount 3172
---[Human]: Max RunDelay: 31; [Socket]: Max RunDelay: 15
---[App]: Min PerSecRun: 77; Max RunDelay 0
-----------------------------------------------------
2019-09-19 16:08:05 GS-1 -----------------------------------------------------
---[Monster]: Max RunDelay: 265; Max RunCount 3172
---[Human]: Max RunDelay: 31; [Socket]: Max RunDelay: 15
---[App]: Min PerSecRun: 77; Max RunDelay 0
-----------------------------------------------------
2019-09-19 16:13:00 GS-1 09-19 16:13:00 User = 1 / 1
2019-09-19 16:13:06 GS-1 -----------------------------------------------------
---[Monster]: Max RunDelay: 250; Max RunCount 3172
---[Human]: Max RunDelay: 15; [Socket]: Max RunDelay: 0
---[App]: Min PerSecRun: 77; Max RunDelay 0
-----------------------------------------------------
2019-09-19 16:18:07 GS-1 -----------------------------------------------------
---[Monster]: Max RunDelay: 265; Max RunCount 3172
---[Human]: Max RunDelay: 15; [Socket]: Max RunDelay: 0
---[App]: Min PerSecRun: 77; Max RunDelay 0
-----------------------------------------------------
2019-09-19 16:23:00 GS-1 09-19 16:23:00 User = 1 / 1
2019-09-19 16:23:08 GS-1 -----------------------------------------------------
---[Monster]: Max RunDelay: 250; Max RunCount 3161
---[Human]: Max RunDelay: 15; [Socket]: Max RunDelay: 0
---[App]: Min PerSecRun: 77; Max RunDelay 0
-----------------------------------------------------
2019-09-19 16:28:09 GS-1 -----------------------------------------------------
---[Monster]: Max RunDelay: 235; Max RunCount 3172
---[Human]: Max RunDelay: 15; [Socket]: Max RunDelay: 0
---[App]: Min PerSecRun: 77; Max RunDelay 0
-----------------------------------------------------
2019-09-19 16:32:57 GS-1 载入商城热销商品列表，共16个。
2019-09-19 16:32:57 GS-1 ==> 加载商城热销榜:5
2019-09-19 16:33:00 GS-1 09-19 16:33:00 User = 1 / 1
2019-09-19 16:33:10 GS-1 -----------------------------------------------------
---[Monster]: Max RunDelay: 234; Max RunCount 3172
---[Human]: Max RunDelay: 31; [Socket]: Max RunDelay: 15
---[App]: Min PerSecRun: 77; Max RunDelay 0
-----------------------------------------------------
2019-09-19 16:35:51 GS-1 [脚本(散财猪.pas)缺函数]: AfterScatterItems
2019-09-19 16:38:11 GS-1 -----------------------------------------------------
---[Monster]: Max RunDelay: 266; Max RunCount 3172
---[Human]: Max RunDelay: 31; [Socket]: Max RunDelay: 15
---[App]: Min PerSecRun: 77; Max RunDelay 0
-----------------------------------------------------
2019-09-19 16:43:00 GS-1 09-19 16:43:00 User = 2 / 2
2019-09-19 16:43:12 GS-1 -----------------------------------------------------
---[Monster]: Max RunDelay: 266; Max RunCount 3162
---[Human]: Max RunDelay: 31; [Socket]: Max RunDelay: 0
---[App]: Min PerSecRun: 77; Max RunDelay 0
-----------------------------------------------------
2019-09-19 16:48:13 GS-1 -----------------------------------------------------
---[Monster]: Max RunDelay: 454; Max RunCount 3173
---[Human]: Max RunDelay: 172; [Socket]: Max RunDelay: 15
---[App]: Min PerSecRun: 58; Max RunDelay 0
-----------------------------------------------------
2019-09-19 16:53:00 GS-1 09-19 16:53:00 User = 2 / 2
2019-09-19 16:53:15 GS-1 -----------------------------------------------------
---[Monster]: Max RunDelay: 406; Max RunCount 3173
---[Human]: Max RunDelay: 187; [Socket]: Max RunDelay: 0
---[App]: Min PerSecRun: 64; Max RunDelay 0
-----------------------------------------------------
2019-09-19 16:58:15 GS-1 -----------------------------------------------------
---[Monster]: Max RunDelay: 422; Max RunCount 3173
---[Human]: Max RunDelay: 32; [Socket]: Max RunDelay: 16
---[App]: Min PerSecRun: 62; Max RunDelay 0
-----------------------------------------------------
2019-09-19 17:03:01 GS-1 09-19 17:03:01 User = 2 / 2
2019-09-19 17:03:15 GS-1 -----------------------------------------------------
---[Monster]: Max RunDelay: 438; Max RunCount 3177
---[Human]: Max RunDelay: 172; [Socket]: Max RunDelay: 15
---[App]: Min PerSecRun: 66; Max RunDelay 0
-----------------------------------------------------
2019-09-19 17:08:16 GS-1 -----------------------------------------------------
---[Monster]: Max RunDelay: 265; Max RunCount 3177
---[Human]: Max RunDelay: 32; [Socket]: Max RunDelay: 15
---[App]: Min PerSecRun: 77; Max RunDelay 0
-----------------------------------------------------
2019-09-19 17:13:01 GS-1 09-19 17:13:01 User = 2 / 2
2019-09-19 17:13:17 GS-1 -----------------------------------------------------
---[Monster]: Max RunDelay: 453; Max RunCount 3179
---[Human]: Max RunDelay: 78; [Socket]: Max RunDelay: 16
---[App]: Min PerSecRun: 55; Max RunDelay 0
-----------------------------------------------------
2019-09-19 17:18:18 GS-1 -----------------------------------------------------
---[Monster]: Max RunDelay: 454; Max RunCount 3182
---[Human]: Max RunDelay: 63; [Socket]: Max RunDelay: 16
---[App]: Min PerSecRun: 60; Max RunDelay 0
-----------------------------------------------------
2019-09-19 17:21:23 GS-1 17:21:23 Gate 1 (106.54.52.209) 关闭
2019-09-19 17:21:23 GS-1 [Warning]: 与DB 服务器断开连接....
2019-09-19 17:21:28 GS-1 释放--魔龙冰晶升级对象--结束
2019-09-19 17:21:28 GS-1 释放--天赐宝箱1--结束
2019-09-19 17:21:28 GS-1 释放--天赐宝箱2--结束
2019-09-19 17:21:28 GS-1 释放--一点充--结束
2019-09-19 17:21:28 GS-1 释放--事件管理对象--结束
2019-09-19 17:21:28 GS-1 释放--任务管理对象--结束
2019-09-19 17:21:28 GS-1 释放--升级提醒管理对象--结束
2019-09-19 17:21:28 GS-1 释放--GDMsg管理对象--结束
2019-09-19 17:21:28 GS-1 释放--跨地图寻路管理对象--结束
2019-09-19 17:21:28 GS-1 释放--沙巴克管理对象--结束
2019-09-19 17:21:28 GS-1 释放--中央活动服务器客户端--结束
2019-09-19 17:21:28 GS-1 释放--乾坤包--结束
2019-09-19 17:21:28 GS-1 正在清除模块-卧龙英雄管理-的配置表d:\Mud2.0\Mir200\Share\EngineConfig\卧龙英雄管理\Fortress-HERO1.txt
2019-09-19 17:21:28 GS-1 正在清除模块-卧龙英雄管理-的配置表d:\Mud2.0\Mir200\Share\EngineConfig\卧龙英雄管理\Fortress.txt
2019-09-19 17:21:28 GS-1 正在清除模块-游戏元素点阵管理-的配置表d:\Mud2.0\Mir200\Share\EngineConfig\游戏元素点阵管理\GMActEvent.txt
2019-09-19 17:21:28 GS-1 正在清除模块-信用分管理-的配置表d:\Mud2.0\Mir200\Share\EngineConfig\信用分管理\PlayerActivePoint.xml
2019-09-19 17:21:28 GS-1 正在清除模块-信用分管理-的配置表d:\Mud2.0\Mir200\Share\EngineConfig\信用分管理\MapActivePoint.xml
2019-09-19 17:21:28 GS-1 正在清除模块-摆摊交易-的配置表d:\Mud2.0\Mir200\Share\EngineConfig\摆摊交易\摊位基础设置.ini
2019-09-19 17:21:28 GS-1 正在清除模块-元宝商城管理-的配置表d:\Mud2.0\Mir200\Share\EngineConfig\元宝商城管理\YBGoods.sql
2019-09-19 17:21:28 GS-1 正在清除模块-小助手管理-的配置表d:\Mud2.0\Mir200\Share\EngineConfig\小助手管理\小助手.txt
2019-09-19 17:21:28 GS-1 正在清除模块-静态地图管理-的配置表d:\Mud2.0\Mir200\Share\EngineConfig\静态地图管理\MapDropLimitBagItems.xml
2019-09-19 17:21:28 GS-1 正在清除模块-装备合成管理-的配置表d:\Mud2.0\Mir200\Share\EngineConfig\装备合成管理\StrengthenEquip.xml
2019-09-19 17:21:28 GS-1 正在清除模块-藏宝图管理-的配置表d:\Mud2.0\Mir200\Share\EngineConfig\藏宝图管理\修复藏宝图.txt
2019-09-19 17:21:28 GS-1 正在清除模块-藏宝图管理-的配置表d:\Mud2.0\Mir200\Share\EngineConfig\藏宝图管理\魔龙藏宝图合成装备.txt
2019-09-19 17:21:28 GS-1 正在清除模块-衣服升级管理-的配置表d:\Mud2.0\Mir200\Share\EngineConfig\衣服升级管理\UpdateClothes.xml
2019-09-19 17:21:28 GS-1 正在清除模块-道具管理-的配置表d:\Mud2.0\Mir200\Share\EngineConfig\道具管理\宝石配置.txt
2019-09-19 17:21:28 GS-1 正在清除模块-世界暴率管理-的配置表d:\Mud2.0\Mir200\Share\EngineConfig\世界暴率管理\世界爆率文件1.txt
2019-09-19 17:21:28 GS-1 释放--跨GS消息管理对象--结束
2019-09-19 17:21:28 GS-1 释放--gate管理对象--结束
2019-09-19 17:21:28 GS-1 释放--魔法管理对象--结束
2019-09-19 17:21:28 GS-1 释放--套装管理对象--结束
2019-09-19 17:21:28 GS-1 释放--新暴率管理对象--结束
2019-09-19 17:21:28 GS-1 释放--角色信息初始化管理对象--结束
2019-09-19 17:21:28 GS-1 释放--GS本地日志--结束
2019-09-19 17:21:28 GS-1 释放--DBEngn对象--结束
2019-09-19 17:21:28 GS-1 释放--任务列表--结束
2019-09-19 17:21:28 GS-1 释放--buffer管理类--结束
2019-09-19 17:21:28 GS-1 释放--排行榜--结束
2019-09-19 17:21:28 GS-1 释放--免费回收--结束
2019-09-19 17:21:28 GS-1 释放--mysql对象--结束
2019-09-19 17:21:28 GS-1 ================ 服务停止 ==============
