2019-09-01 15:30:18 GS-1 -----------------------------------------------------
---[Monster]: Max RunDelay: 0; Max RunCount 0
---[Human]: Max RunDelay: 0; [Socket]: Max RunDelay: 0
---[App]: Min PerSecRun: 100; Max RunDelay 0
-----------------------------------------------------
2019-09-01 15:30:18 GS-1 ================ 服务启动 ==============
2019-09-01 15:30:18 GS-1 TPlayerBody Size - 1616
2019-09-01 15:30:18 GS-1 TPlayerDB Size - 61608
2019-09-01 15:30:18 GS-1 ======== 连接MySQL成功 =======
2019-09-01 15:30:18 GS-1 *** ***Gamelog 的下次清理时间为 : 09月08日03时*** ***
2019-09-01 15:30:18 GS-1 ==加载GM指令定义完成==
2019-09-01 15:30:18 GS-1 与 DB 服务器连接成功
2019-09-01 15:30:18 GS-1 [Error]: 火龙珠奖励配置错误！
2019-09-01 15:30:18 GS-1 [Error]: 抽取概率错误:赤金天赐->宝箱1:概率7
2019-09-01 15:30:18 GS-1 [Error]: 抽取概率错误:白银天赐->宝箱1:概率7
2019-09-01 15:30:18 GS-1 [Error]: 抽取概率错误:紫铜天赐->宝箱1:概率7
2019-09-01 15:30:18 GS-1 [Error]: 抽取概率错误:神秘天赐->宝箱1:概率7
2019-09-01 15:30:18 GS-1 [Error]: 抽取概率错误:檀木天赐->宝箱1:概率7
2019-09-01 15:30:18 GS-1 [Error]: 抽取概率错误:宝藏天赐 ->宝箱1:概率7
2019-09-01 15:30:18 GS-1 [Error]: StdItems 不存在的天赐：新年天赐
2019-09-01 15:30:18 GS-1 [Error]: StdItems 不存在的钥匙：新年钥匙
2019-09-01 15:30:18 GS-1 [Error]: StdItems 不存在的钥匙：春节钥匙
2019-09-01 15:30:18 GS-1 [Error]: StdItems 不存在的钥匙：节日钥匙
2019-09-01 15:30:18 GS-1 [Error]: StdItems 不存在的天赐：感恩天赐
2019-09-01 15:30:18 GS-1 [Error]: StdItems 不存在的钥匙：感恩钥匙
2019-09-01 15:30:18 GS-1 系统参数初始化完毕
2019-09-01 15:30:18 GS-1 准备加载NPC，共524个
2019-09-01 15:30:18 GS-1 [加载DB未知道具]: d:\Mud2.0\Mir200\Envir\PsNpcScripts\封魔谷学者-b343.pas - "中秋月饼"
2019-09-01 15:30:18 GS-1 已加载d:\Mud2.0\Mir200\Share\EngineConfig\系统信息管理\RollMsg.txt！
2019-09-01 15:30:18 GS-1 已加载d:\Mud2.0\Mir200\Share\EngineConfig\系统信息管理\掉落物品提示.txt！
2019-09-01 15:30:18 GS-1 已加载d:\Mud2.0\Mir200\Share\EngineConfig\卧龙英雄管理\Fortress.txt！
2019-09-01 15:30:18 GS-1 已加载d:\Mud2.0\Mir200\Share\EngineConfig\游戏元素点阵管理\GMActEvent.txt！
2019-09-01 15:30:18 GS-1    加载邮件信息成功,加载12个玩家的邮件。
2019-09-01 15:30:18 GS-1    加载邮件信息成功,加载51个玩家的邮件。
2019-09-01 15:30:18 GS-1 已加载d:\Mud2.0\Mir200\Share\EngineConfig\摆摊交易\摊位基础设置.ini！
2019-09-01 15:30:18 GS-1 刷新摊位过期将在2:55执行！
2019-09-01 15:30:18 GS-1   加载Stall成功，共加载摊位4个
2019-09-01 15:30:18 GS-1 [Information]: 寄售表创建成功!
2019-09-01 15:30:18 GS-1 [Information]: 寄售历史表创建成功!
2019-09-01 15:30:18 GS-1 [Information]: 更新超时订单成功!
2019-09-01 15:30:18 GS-1 已加载刷新商城时间：00:00:00.
2019-09-01 15:30:18 GS-1 已加载刷新商城时间：06:00:00.
2019-09-01 15:30:18 GS-1 已加载刷新商城时间：12:00:00.
2019-09-01 15:30:18 GS-1 载入商城物品列表，共5个类别，40种商品
2019-09-01 15:30:18 GS-1 ==> 加载商城物品 装饰类：11/11
2019-09-01 15:30:18 GS-1 ==> 加载商城物品 补给类：5/5
2019-09-01 15:30:18 GS-1 ==> 加载商城物品 强化类：15/15
2019-09-01 15:30:18 GS-1 ==> 加载商城物品 限量类：7/7
2019-09-01 15:30:18 GS-1 ==> 加载商城物品 好友类：2/2
2019-09-01 15:30:18 GS-1 ==> 加载商城物品 类：0/0
2019-09-01 15:30:18 GS-1 ==> 加载商城物品 类：0/0
2019-09-01 15:30:18 GS-1 ==> 加载商城物品 类：0/0
2019-09-01 15:30:18 GS-1    [删除错误数据] 删除用户表中不存在的战队成员
2019-09-01 15:30:18 GS-1    [删除错误数据] 清除战队队长不存在的项
2019-09-01 15:30:18 GS-1    [删除错误数据] 不存在战队的成员
2019-09-01 15:30:18 GS-1    正在加载战队...
2019-09-01 15:30:18 GS-1    战队表数量 : 2
2019-09-01 15:30:18 GS-1    战队表数量 : 0
2019-09-01 15:30:18 GS-1    加载战队数量:2
2019-09-01 15:30:18 GS-1    正在加载战队成员...
2019-09-01 15:30:18 GS-1    战队成员总数:8 加载成员数:8
2019-09-01 15:30:18 GS-1    正在检测战队数据有效性...
2019-09-01 15:30:18 GS-1    战队数据有效性检测完毕
2019-09-01 15:30:18 GS-1    [删除错误数据] 清除会长战队不存在行会
2019-09-01 15:30:18 GS-1    [删除错误数据] 清除行会不存在的行会成员
2019-09-01 15:30:18 GS-1    [删除错误数据] 清除行会不存在的行会关系ID排列错误的项
2019-09-01 15:30:18 GS-1    [删除错误数据] 清除行会不存在行会关系
2019-09-01 15:30:18 GS-1    [删除错误数据] 清除行会不存在关注行会
2019-09-01 15:30:18 GS-1    加载行会数量 : 2
2019-09-01 15:30:18 GS-1    加载行会成员(战队)数量 : 2
2019-09-01 15:30:18 GS-1    加载行会关系数量 : 0
2019-09-01 15:30:18 GS-1    加载关注行会数量 : 0
2019-09-01 15:30:18 GS-1    加载请求数量:2
2019-09-01 15:30:18 GS-1 [Error]: 小助手 不存在！
2019-09-01 15:30:18 GS-1 D411地图配置在MapInfo.txt 中不是LIMITBAGITEMDROP属性
2019-09-01 15:30:18 GS-1 D415地图配置在MapInfo.txt 中不是LIMITBAGITEMDROP属性
2019-09-01 15:30:18 GS-1 D416地图配置在MapInfo.txt 中不是LIMITBAGITEMDROP属性
2019-09-01 15:30:18 GS-1 信用分验证功能：开
2019-09-01 15:30:18 GS-1 GS脚本版本号：10001
2019-09-01 15:30:18 GS-1 更新排行榜，共计：37 页
2019-09-01 15:30:52 GS-1 载入商城热销商品列表，共33个。
2019-09-01 15:30:52 GS-1 ==> 加载商城热销榜:5
2019-09-01 15:30:54 GS-1 Gate 1 开启
2019-09-01 15:32:31 GS-1 [脚本(散财猪.pas)缺函数]: AfterScatterItems
2019-09-01 15:35:20 GS-1 -----------------------------------------------------
---[Monster]: Max RunDelay: 547; Max RunCount 3126
---[Human]: Max RunDelay: 219; [Socket]: Max RunDelay: 16
---[App]: Min PerSecRun: 54; Max RunDelay 0
-----------------------------------------------------
2019-09-01 15:40:21 GS-1 -----------------------------------------------------
---[Monster]: Max RunDelay: 782; Max RunCount 3128
---[Human]: Max RunDelay: 250; [Socket]: Max RunDelay: 16
---[App]: Min PerSecRun: 35; Max RunDelay 0
-----------------------------------------------------
2019-09-01 15:40:52 GS-1 09-01 15:40:52 User = 13 / 13
2019-09-01 15:45:22 GS-1 -----------------------------------------------------
---[Monster]: Max RunDelay: 406; Max RunCount 3208
---[Human]: Max RunDelay: 172; [Socket]: Max RunDelay: 16
---[App]: Min PerSecRun: 54; Max RunDelay 0
-----------------------------------------------------
2019-09-01 15:46:34 GS-1 [Error]: ==> YBSocketError, ErrorCode=10060
2019-09-01 15:50:23 GS-1 -----------------------------------------------------
---[Monster]: Max RunDelay: 250; Max RunCount 3188
---[Human]: Max RunDelay: 47; [Socket]: Max RunDelay: 16
---[App]: Min PerSecRun: 69; Max RunDelay 0
-----------------------------------------------------
2019-09-01 15:50:52 GS-1 09-01 15:50:52 User = 16 / 16
2019-09-01 15:55:24 GS-1 -----------------------------------------------------
---[Monster]: Max RunDelay: 547; Max RunCount 3215
---[Human]: Max RunDelay: 47; [Socket]: Max RunDelay: 16
---[App]: Min PerSecRun: 55; Max RunDelay 0
-----------------------------------------------------
2019-09-01 16:00:25 GS-1 -----------------------------------------------------
---[Monster]: Max RunDelay: 297; Max RunCount 3629
---[Human]: Max RunDelay: 63; [Socket]: Max RunDelay: 16
---[App]: Min PerSecRun: 74; Max RunDelay 0
-----------------------------------------------------
2019-09-01 16:00:52 GS-1 09-01 16:00:52 User = 15 / 15
2019-09-01 16:05:25 GS-1 -----------------------------------------------------
---[Monster]: Max RunDelay: 281; Max RunCount 3739
---[Human]: Max RunDelay: 47; [Socket]: Max RunDelay: 16
---[App]: Min PerSecRun: 71; Max RunDelay 0
-----------------------------------------------------
2019-09-01 16:08:05 GS-1 [脚本(修炼圣地-3.pas)缺函数]: ForgeDiaYB
2019-09-01 16:08:05 GS-1 --ReInitializet-- 因为点击NPC失败，重新刷新NPC...
2019-09-01 16:10:26 GS-1 -----------------------------------------------------
---[Monster]: Max RunDelay: 312; Max RunCount 3774
---[Human]: Max RunDelay: 47; [Socket]: Max RunDelay: 16
---[App]: Min PerSecRun: 72; Max RunDelay 0
-----------------------------------------------------
2019-09-01 16:10:52 GS-1 09-01 16:10:52 User = 15 / 15
2019-09-01 16:15:27 GS-1 -----------------------------------------------------
---[Monster]: Max RunDelay: 281; Max RunCount 3604
---[Human]: Max RunDelay: 62; [Socket]: Max RunDelay: 16
---[App]: Min PerSecRun: 71; Max RunDelay 0
-----------------------------------------------------
2019-09-01 16:20:28 GS-1 -----------------------------------------------------
---[Monster]: Max RunDelay: 328; Max RunCount 3674
---[Human]: Max RunDelay: 78; [Socket]: Max RunDelay: 16
---[App]: Min PerSecRun: 67; Max RunDelay 0
-----------------------------------------------------
2019-09-01 16:20:52 GS-1 09-01 16:20:52 User = 15 / 15
2019-09-01 16:25:29 GS-1 -----------------------------------------------------
---[Monster]: Max RunDelay: 282; Max RunCount 4045
---[Human]: Max RunDelay: 47; [Socket]: Max RunDelay: 16
---[App]: Min PerSecRun: 71; Max RunDelay 15
-----------------------------------------------------
2019-09-01 16:29:44 GS-1   玩家： 鲨鱼的一批，邮件Idx:  941，功加载了 1附件。
2019-09-01 16:30:30 GS-1 -----------------------------------------------------
---[Monster]: Max RunDelay: 281; Max RunCount 4180
---[Human]: Max RunDelay: 47; [Socket]: Max RunDelay: 16
---[App]: Min PerSecRun: 72; Max RunDelay 0
-----------------------------------------------------
2019-09-01 16:30:52 GS-1 09-01 16:30:52 User = 14 / 14
2019-09-01 16:30:53 GS-1 载入商城热销商品列表，共33个。
2019-09-01 16:30:53 GS-1 ==> 加载商城热销榜:5
2019-09-01 16:35:31 GS-1 -----------------------------------------------------
---[Monster]: Max RunDelay: 297; Max RunCount 4214
---[Human]: Max RunDelay: 47; [Socket]: Max RunDelay: 16
---[App]: Min PerSecRun: 73; Max RunDelay 0
-----------------------------------------------------
2019-09-01 16:40:32 GS-1 -----------------------------------------------------
---[Monster]: Max RunDelay: 609; Max RunCount 4260
---[Human]: Max RunDelay: 485; [Socket]: Max RunDelay: 15
---[App]: Min PerSecRun: 43; Max RunDelay 16
-----------------------------------------------------
2019-09-01 16:40:52 GS-1 09-01 16:40:52 User = 15 / 15
2019-09-01 16:45:33 GS-1 -----------------------------------------------------
---[Monster]: Max RunDelay: 282; Max RunCount 4288
---[Human]: Max RunDelay: 47; [Socket]: Max RunDelay: 16
---[App]: Min PerSecRun: 72; Max RunDelay 0
-----------------------------------------------------
2019-09-01 16:50:34 GS-1 -----------------------------------------------------
---[Monster]: Max RunDelay: 500; Max RunCount 4318
---[Human]: Max RunDelay: 47; [Socket]: Max RunDelay: 16
---[App]: Min PerSecRun: 53; Max RunDelay 0
-----------------------------------------------------
2019-09-01 16:50:52 GS-1 09-01 16:50:52 User = 15 / 15
2019-09-01 16:55:35 GS-1 -----------------------------------------------------
---[Monster]: Max RunDelay: 313; Max RunCount 4206
---[Human]: Max RunDelay: 62; [Socket]: Max RunDelay: 16
---[App]: Min PerSecRun: 71; Max RunDelay 0
-----------------------------------------------------
2019-09-01 16:59:17 GS-1   玩家： 韦玉泽，邮件Idx:  943，功加载了 1附件。
2019-09-01 17:00:36 GS-1 -----------------------------------------------------
---[Monster]: Max RunDelay: 328; Max RunCount 4244
---[Human]: Max RunDelay: 47; [Socket]: Max RunDelay: 16
---[App]: Min PerSecRun: 72; Max RunDelay 0
-----------------------------------------------------
2019-09-01 17:00:42 GS-1   玩家： 印玉龙，邮件Idx:  944，功加载了 1附件。
2019-09-01 17:00:52 GS-1 09-01 17:00:52 User = 15 / 15
2019-09-01 17:05:37 GS-1 -----------------------------------------------------
---[Monster]: Max RunDelay: 313; Max RunCount 4026
---[Human]: Max RunDelay: 47; [Socket]: Max RunDelay: 16
---[App]: Min PerSecRun: 72; Max RunDelay 0
-----------------------------------------------------
2019-09-01 17:07:00 GS-1   玩家： 易妙思，邮件Idx:  942，功加载了 1附件。
2019-09-01 17:10:38 GS-1 -----------------------------------------------------
---[Monster]: Max RunDelay: 297; Max RunCount 3747
---[Human]: Max RunDelay: 62; [Socket]: Max RunDelay: 15
---[App]: Min PerSecRun: 70; Max RunDelay 0
-----------------------------------------------------
2019-09-01 17:10:52 GS-1 09-01 17:10:52 User = 15 / 15
2019-09-01 17:15:39 GS-1 -----------------------------------------------------
---[Monster]: Max RunDelay: 297; Max RunCount 4199
---[Human]: Max RunDelay: 47; [Socket]: Max RunDelay: 15
---[App]: Min PerSecRun: 73; Max RunDelay 0
-----------------------------------------------------
2019-09-01 17:20:40 GS-1 -----------------------------------------------------
---[Monster]: Max RunDelay: 297; Max RunCount 4180
---[Human]: Max RunDelay: 62; [Socket]: Max RunDelay: 15
---[App]: Min PerSecRun: 72; Max RunDelay 15
-----------------------------------------------------
2019-09-01 17:20:53 GS-1 09-01 17:20:53 User = 15 / 15
2019-09-01 17:25:41 GS-1 -----------------------------------------------------
---[Monster]: Max RunDelay: 266; Max RunCount 3967
---[Human]: Max RunDelay: 47; [Socket]: Max RunDelay: 15
---[App]: Min PerSecRun: 73; Max RunDelay 0
-----------------------------------------------------
2019-09-01 17:30:42 GS-1 -----------------------------------------------------
---[Monster]: Max RunDelay: 266; Max RunCount 3550
---[Human]: Max RunDelay: 47; [Socket]: Max RunDelay: 15
---[App]: Min PerSecRun: 73; Max RunDelay 0
-----------------------------------------------------
2019-09-01 17:30:53 GS-1 载入商城热销商品列表，共33个。
2019-09-01 17:30:53 GS-1 ==> 加载商城热销榜:5
2019-09-01 17:30:53 GS-1 09-01 17:30:53 User = 16 / 16
2019-09-01 17:35:43 GS-1 -----------------------------------------------------
---[Monster]: Max RunDelay: 282; Max RunCount 3834
---[Human]: Max RunDelay: 78; [Socket]: Max RunDelay: 15
---[App]: Min PerSecRun: 74; Max RunDelay 0
-----------------------------------------------------
2019-09-01 17:40:44 GS-1 -----------------------------------------------------
---[Monster]: Max RunDelay: 266; Max RunCount 3809
---[Human]: Max RunDelay: 78; [Socket]: Max RunDelay: 15
---[App]: Min PerSecRun: 66; Max RunDelay 47
-----------------------------------------------------
2019-09-01 17:40:53 GS-1 09-01 17:40:53 User = 16 / 16
2019-09-01 17:45:45 GS-1 -----------------------------------------------------
---[Monster]: Max RunDelay: 281; Max RunCount 4123
---[Human]: Max RunDelay: 62; [Socket]: Max RunDelay: 15
---[App]: Min PerSecRun: 73; Max RunDelay 0
-----------------------------------------------------
2019-09-01 17:50:46 GS-1 -----------------------------------------------------
---[Monster]: Max RunDelay: 312; Max RunCount 4101
---[Human]: Max RunDelay: 63; [Socket]: Max RunDelay: 15
---[App]: Min PerSecRun: 73; Max RunDelay 0
-----------------------------------------------------
2019-09-01 17:50:53 GS-1 09-01 17:50:53 User = 15 / 15
2019-09-01 17:55:47 GS-1 -----------------------------------------------------
---[Monster]: Max RunDelay: 266; Max RunCount 3573
---[Human]: Max RunDelay: 47; [Socket]: Max RunDelay: 16
---[App]: Min PerSecRun: 73; Max RunDelay 0
-----------------------------------------------------
2019-09-01 17:58:19 GS-1 [脚本(修炼圣地-3.pas)缺函数]: ForgeDiaYB
2019-09-01 17:58:19 GS-1 --ReInitializet-- 因为点击NPC失败，重新刷新NPC...
2019-09-01 18:00:48 GS-1 -----------------------------------------------------
---[Monster]: Max RunDelay: 312; Max RunCount 4285
---[Human]: Max RunDelay: 47; [Socket]: Max RunDelay: 16
---[App]: Min PerSecRun: 71; Max RunDelay 15
-----------------------------------------------------
2019-09-01 18:00:53 GS-1 09-01 18:00:53 User = 18 / 18
2019-09-01 18:05:49 GS-1 -----------------------------------------------------
---[Monster]: Max RunDelay: 313; Max RunCount 4196
---[Human]: Max RunDelay: 63; [Socket]: Max RunDelay: 15
---[App]: Min PerSecRun: 72; Max RunDelay 0
-----------------------------------------------------
2019-09-01 18:10:50 GS-1 -----------------------------------------------------
---[Monster]: Max RunDelay: 328; Max RunCount 4053
---[Human]: Max RunDelay: 47; [Socket]: Max RunDelay: 15
---[App]: Min PerSecRun: 69; Max RunDelay 16
-----------------------------------------------------
2019-09-01 18:10:53 GS-1 09-01 18:10:53 User = 16 / 16
2019-09-01 18:15:51 GS-1 -----------------------------------------------------
---[Monster]: Max RunDelay: 266; Max RunCount 4088
---[Human]: Max RunDelay: 47; [Socket]: Max RunDelay: 15
---[App]: Min PerSecRun: 74; Max RunDelay 0
-----------------------------------------------------
2019-09-01 18:20:51 GS-1 -----------------------------------------------------
---[Monster]: Max RunDelay: 578; Max RunCount 4543
---[Human]: Max RunDelay: 375; [Socket]: Max RunDelay: 16
---[App]: Min PerSecRun: 63; Max RunDelay 47
-----------------------------------------------------
2019-09-01 18:20:52 GS-1 09-01 18:20:52 User = 14 / 14
2019-09-01 18:25:52 GS-1 -----------------------------------------------------
---[Monster]: Max RunDelay: 453; Max RunCount 4521
---[Human]: Max RunDelay: 94; [Socket]: Max RunDelay: 63
---[App]: Min PerSecRun: 66; Max RunDelay 0
-----------------------------------------------------
2019-09-01 18:30:53 GS-1 载入商城热销商品列表，共33个。
2019-09-01 18:30:53 GS-1 ==> 加载商城热销榜:5
2019-09-01 18:30:53 GS-1 09-01 18:30:53 User = 17 / 17
2019-09-01 18:30:54 GS-1 -----------------------------------------------------
---[Monster]: Max RunDelay: 454; Max RunCount 4625
---[Human]: Max RunDelay: 94; [Socket]: Max RunDelay: 16
---[App]: Min PerSecRun: 69; Max RunDelay 16
-----------------------------------------------------
2019-09-01 18:31:33 GS-1 [脚本(散财猪.pas)缺函数]: AfterScatterItems
2019-09-01 18:35:54 GS-1 -----------------------------------------------------
---[Monster]: Max RunDelay: 297; Max RunCount 4553
---[Human]: Max RunDelay: 94; [Socket]: Max RunDelay: 16
---[App]: Min PerSecRun: 72; Max RunDelay 0
-----------------------------------------------------
2019-09-01 18:38:12 GS-1 [脚本(修炼圣地-3.pas)缺函数]: ForgeDiaYB
2019-09-01 18:38:12 GS-1 --ReInitializet-- 因为点击NPC失败，重新刷新NPC...
2019-09-01 18:40:54 GS-1 09-01 18:40:54 User = 17 / 17
2019-09-01 18:40:55 GS-1 -----------------------------------------------------
---[Monster]: Max RunDelay: 297; Max RunCount 4028
---[Human]: Max RunDelay: 47; [Socket]: Max RunDelay: 16
---[App]: Min PerSecRun: 72; Max RunDelay 0
-----------------------------------------------------
2019-09-01 18:45:56 GS-1 -----------------------------------------------------
---[Monster]: Max RunDelay: 343; Max RunCount 4551
---[Human]: Max RunDelay: 47; [Socket]: Max RunDelay: 16
---[App]: Min PerSecRun: 68; Max RunDelay 0
-----------------------------------------------------
2019-09-01 18:48:51 GS-1   玩家： 颜箫吟，邮件Idx:  945，功加载了 1附件。
2019-09-01 18:50:53 GS-1 09-01 18:50:53 User = 9 / 9
2019-09-01 18:50:57 GS-1 -----------------------------------------------------
---[Monster]: Max RunDelay: 297; Max RunCount 4659
---[Human]: Max RunDelay: 47; [Socket]: Max RunDelay: 16
---[App]: Min PerSecRun: 71; Max RunDelay 0
-----------------------------------------------------
2019-09-01 18:55:58 GS-1 -----------------------------------------------------
---[Monster]: Max RunDelay: 297; Max RunCount 4646
---[Human]: Max RunDelay: 47; [Socket]: Max RunDelay: 16
---[App]: Min PerSecRun: 72; Max RunDelay 0
-----------------------------------------------------
2019-09-01 19:00:54 GS-1 09-01 19:00:54 User = 18 / 18
2019-09-01 19:00:59 GS-1 -----------------------------------------------------
---[Monster]: Max RunDelay: 438; Max RunCount 5409
---[Human]: Max RunDelay: 203; [Socket]: Max RunDelay: 172
---[App]: Min PerSecRun: 59; Max RunDelay 0
-----------------------------------------------------
2019-09-01 19:06:00 GS-1 -----------------------------------------------------
---[Monster]: Max RunDelay: 969; Max RunCount 5395
---[Human]: Max RunDelay: 469; [Socket]: Max RunDelay: 32
---[App]: Min PerSecRun: 30; Max RunDelay 0
-----------------------------------------------------
2019-09-01 19:10:55 GS-1 09-01 19:10:55 User = 21 / 21
2019-09-01 19:11:02 GS-1 -----------------------------------------------------
---[Monster]: Max RunDelay: 438; Max RunCount 5122
---[Human]: Max RunDelay: 63; [Socket]: Max RunDelay: 16
---[App]: Min PerSecRun: 60; Max RunDelay 0
-----------------------------------------------------
2019-09-01 19:16:02 GS-1 -----------------------------------------------------
---[Monster]: Max RunDelay: 1391; Max RunCount 5496
---[Human]: Max RunDelay: 250; [Socket]: Max RunDelay: 16
---[App]: Min PerSecRun: 5; Max RunDelay 16
-----------------------------------------------------
2019-09-01 19:20:55 GS-1 09-01 19:20:55 User = 20 / 20
2019-09-01 19:21:04 GS-1 -----------------------------------------------------
---[Monster]: Max RunDelay: 453; Max RunCount 5391
---[Human]: Max RunDelay: 156; [Socket]: Max RunDelay: 16
---[App]: Min PerSecRun: 63; Max RunDelay 16
-----------------------------------------------------
2019-09-01 19:26:05 GS-1 -----------------------------------------------------
---[Monster]: Max RunDelay: 438; Max RunCount 5415
---[Human]: Max RunDelay: 125; [Socket]: Max RunDelay: 16
---[App]: Min PerSecRun: 57; Max RunDelay 0
-----------------------------------------------------
2019-09-01 19:30:53 GS-1 载入商城热销商品列表，共33个。
2019-09-01 19:30:53 GS-1 ==> 加载商城热销榜:5
2019-09-01 19:30:54 GS-1 09-01 19:30:54 User = 20 / 20
2019-09-01 19:31:05 GS-1 -----------------------------------------------------
---[Monster]: Max RunDelay: 812; Max RunCount 4991
---[Human]: Max RunDelay: 625; [Socket]: Max RunDelay: 219
---[App]: Min PerSecRun: 31; Max RunDelay 0
-----------------------------------------------------
2019-09-01 19:36:07 GS-1 -----------------------------------------------------
---[Monster]: Max RunDelay: 953; Max RunCount 5460
---[Human]: Max RunDelay: 625; [Socket]: Max RunDelay: 16
---[App]: Min PerSecRun: 22; Max RunDelay 16
-----------------------------------------------------
2019-09-01 19:40:55 GS-1 09-01 19:40:55 User = 20 / 20
2019-09-01 19:41:08 GS-1 -----------------------------------------------------
---[Monster]: Max RunDelay: 297; Max RunCount 5259
---[Human]: Max RunDelay: 47; [Socket]: Max RunDelay: 16
---[App]: Min PerSecRun: 71; Max RunDelay 0
-----------------------------------------------------
2019-09-01 19:46:09 GS-1 -----------------------------------------------------
---[Monster]: Max RunDelay: 282; Max RunCount 4642
---[Human]: Max RunDelay: 63; [Socket]: Max RunDelay: 16
---[App]: Min PerSecRun: 72; Max RunDelay 16
-----------------------------------------------------
2019-09-01 19:50:55 GS-1 09-01 19:50:55 User = 21 / 21
2019-09-01 19:51:10 GS-1 -----------------------------------------------------
---[Monster]: Max RunDelay: 297; Max RunCount 4362
---[Human]: Max RunDelay: 63; [Socket]: Max RunDelay: 16
---[App]: Min PerSecRun: 71; Max RunDelay 0
-----------------------------------------------------
2019-09-01 19:56:11 GS-1 -----------------------------------------------------
---[Monster]: Max RunDelay: 297; Max RunCount 4408
---[Human]: Max RunDelay: 78; [Socket]: Max RunDelay: 16
---[App]: Min PerSecRun: 71; Max RunDelay 16
-----------------------------------------------------
2019-09-01 20:00:55 GS-1 09-01 20:00:55 User = 8 / 8
2019-09-01 20:01:11 GS-1 -----------------------------------------------------
---[Monster]: Max RunDelay: 281; Max RunCount 3981
---[Human]: Max RunDelay: 62; [Socket]: Max RunDelay: 16
---[App]: Min PerSecRun: 73; Max RunDelay 0
-----------------------------------------------------
2019-09-01 20:06:12 GS-1 -----------------------------------------------------
---[Monster]: Max RunDelay: 344; Max RunCount 4101
---[Human]: Max RunDelay: 47; [Socket]: Max RunDelay: 16
---[App]: Min PerSecRun: 69; Max RunDelay 0
-----------------------------------------------------
2019-09-01 20:10:55 GS-1 09-01 20:10:55 User = 7 / 7
2019-09-01 20:11:13 GS-1 -----------------------------------------------------
---[Monster]: Max RunDelay: 297; Max RunCount 4311
---[Human]: Max RunDelay: 63; [Socket]: Max RunDelay: 16
---[App]: Min PerSecRun: 73; Max RunDelay 0
-----------------------------------------------------
2019-09-01 20:16:14 GS-1 -----------------------------------------------------
---[Monster]: Max RunDelay: 297; Max RunCount 4280
---[Human]: Max RunDelay: 47; [Socket]: Max RunDelay: 16
---[App]: Min PerSecRun: 70; Max RunDelay 16
-----------------------------------------------------
2019-09-01 20:20:55 GS-1 09-01 20:20:55 User = 14 / 14
2019-09-01 20:21:15 GS-1 -----------------------------------------------------
---[Monster]: Max RunDelay: 641; Max RunCount 5416
---[Human]: Max RunDelay: 47; [Socket]: Max RunDelay: 15
---[App]: Min PerSecRun: 43; Max RunDelay 16
-----------------------------------------------------
2019-09-01 20:26:16 GS-1 -----------------------------------------------------
---[Monster]: Max RunDelay: 312; Max RunCount 4888
---[Human]: Max RunDelay: 78; [Socket]: Max RunDelay: 63
---[App]: Min PerSecRun: 71; Max RunDelay 0
-----------------------------------------------------
2019-09-01 20:30:54 GS-1 载入商城热销商品列表，共33个。
2019-09-01 20:30:54 GS-1 ==> 加载商城热销榜:5
2019-09-01 20:30:55 GS-1 09-01 20:30:55 User = 14 / 14
2019-09-01 20:31:17 GS-1 -----------------------------------------------------
---[Monster]: Max RunDelay: 297; Max RunCount 5048
---[Human]: Max RunDelay: 78; [Socket]: Max RunDelay: 47
---[App]: Min PerSecRun: 71; Max RunDelay 16
-----------------------------------------------------
2019-09-01 20:31:33 GS-1 [Error]: GameGate ServerSocketError, ErrorCode=10061
2019-09-01 20:36:18 GS-1 -----------------------------------------------------
---[Monster]: Max RunDelay: 437; Max RunCount 4788
---[Human]: Max RunDelay: 62; [Socket]: Max RunDelay: 32
---[App]: Min PerSecRun: 58; Max RunDelay 0
-----------------------------------------------------
2019-09-01 20:40:55 GS-1 09-01 20:40:55 User = 14 / 14
2019-09-01 20:41:19 GS-1 -----------------------------------------------------
---[Monster]: Max RunDelay: 282; Max RunCount 4716
---[Human]: Max RunDelay: 62; [Socket]: Max RunDelay: 16
---[App]: Min PerSecRun: 73; Max RunDelay 0
-----------------------------------------------------
2019-09-01 20:46:20 GS-1 -----------------------------------------------------
---[Monster]: Max RunDelay: 297; Max RunCount 4803
---[Human]: Max RunDelay: 47; [Socket]: Max RunDelay: 16
---[App]: Min PerSecRun: 72; Max RunDelay 0
-----------------------------------------------------
2019-09-01 20:50:55 GS-1 09-01 20:50:55 User = 14 / 14
2019-09-01 20:51:21 GS-1 -----------------------------------------------------
---[Monster]: Max RunDelay: 297; Max RunCount 4234
---[Human]: Max RunDelay: 63; [Socket]: Max RunDelay: 15
---[App]: Min PerSecRun: 73; Max RunDelay 0
-----------------------------------------------------
2019-09-01 20:56:22 GS-1 -----------------------------------------------------
---[Monster]: Max RunDelay: 390; Max RunCount 4536
---[Human]: Max RunDelay: 47; [Socket]: Max RunDelay: 15
---[App]: Min PerSecRun: 65; Max RunDelay 0
-----------------------------------------------------
2019-09-01 21:00:56 GS-1 09-01 21:00:56 User = 14 / 14
2019-09-01 21:01:23 GS-1 -----------------------------------------------------
---[Monster]: Max RunDelay: 516; Max RunCount 5508
---[Human]: Max RunDelay: 47; [Socket]: Max RunDelay: 15
---[App]: Min PerSecRun: 46; Max RunDelay 0
-----------------------------------------------------
2019-09-01 21:06:24 GS-1 -----------------------------------------------------
---[Monster]: Max RunDelay: 281; Max RunCount 5101
---[Human]: Max RunDelay: 78; [Socket]: Max RunDelay: 15
---[App]: Min PerSecRun: 72; Max RunDelay 0
-----------------------------------------------------
2019-09-01 21:10:56 GS-1 09-01 21:10:56 User = 16 / 16
2019-09-01 21:11:25 GS-1 -----------------------------------------------------
---[Monster]: Max RunDelay: 281; Max RunCount 5094
---[Human]: Max RunDelay: 47; [Socket]: Max RunDelay: 15
---[App]: Min PerSecRun: 73; Max RunDelay 0
-----------------------------------------------------
2019-09-01 21:15:46 GS-1 [脚本(散财猪.pas)缺函数]: AfterScatterItems
2019-09-01 21:16:26 GS-1 -----------------------------------------------------
---[Monster]: Max RunDelay: 312; Max RunCount 5062
---[Human]: Max RunDelay: 78; [Socket]: Max RunDelay: 15
---[App]: Min PerSecRun: 70; Max RunDelay 47
-----------------------------------------------------
2019-09-01 21:20:56 GS-1 09-01 21:20:56 User = 17 / 17
2019-09-01 21:21:27 GS-1 -----------------------------------------------------
---[Monster]: Max RunDelay: 296; Max RunCount 4345
---[Human]: Max RunDelay: 47; [Socket]: Max RunDelay: 15
---[App]: Min PerSecRun: 70; Max RunDelay 0
-----------------------------------------------------
2019-09-01 21:26:28 GS-1 -----------------------------------------------------
---[Monster]: Max RunDelay: 297; Max RunCount 4087
---[Human]: Max RunDelay: 47; [Socket]: Max RunDelay: 15
---[App]: Min PerSecRun: 73; Max RunDelay 16
-----------------------------------------------------
2019-09-01 21:30:54 GS-1 载入商城热销商品列表，共33个。
2019-09-01 21:30:54 GS-1 ==> 加载商城热销榜:5
2019-09-01 21:30:56 GS-1 09-01 21:30:56 User = 18 / 18
2019-09-01 21:31:29 GS-1 -----------------------------------------------------
---[Monster]: Max RunDelay: 328; Max RunCount 4491
---[Human]: Max RunDelay: 47; [Socket]: Max RunDelay: 16
---[App]: Min PerSecRun: 70; Max RunDelay 0
-----------------------------------------------------
2019-09-01 21:33:29 GS-1 [脚本(散财猪.pas)缺函数]: AfterScatterItems
2019-09-01 21:33:34 GS-1 [Error]: ==> YBSocketError, ErrorCode=10060
2019-09-01 21:33:50 GS-1   玩家： 印玉龙，邮件Idx:  949，功加载了 5附件。
2019-09-01 21:36:29 GS-1 -----------------------------------------------------
---[Monster]: Max RunDelay: 891; Max RunCount 5476
---[Human]: Max RunDelay: 469; [Socket]: Max RunDelay: 16
---[App]: Min PerSecRun: 9; Max RunDelay 15
-----------------------------------------------------
2019-09-01 21:40:56 GS-1 09-01 21:40:56 User = 15 / 15
2019-09-01 21:41:31 GS-1 -----------------------------------------------------
---[Monster]: Max RunDelay: 2047; Max RunCount 5555
---[Human]: Max RunDelay: 610; [Socket]: Max RunDelay: 16
---[App]: Min PerSecRun: 5; Max RunDelay 0
-----------------------------------------------------
2019-09-01 21:45:42 GS-1 [脚本(散财猪.pas)缺函数]: AfterScatterItems
2019-09-01 21:46:31 GS-1 -----------------------------------------------------
---[Monster]: Max RunDelay: 515; Max RunCount 5601
---[Human]: Max RunDelay: 47; [Socket]: Max RunDelay: 15
---[App]: Min PerSecRun: 62; Max RunDelay 16
-----------------------------------------------------
2019-09-01 21:50:56 GS-1 09-01 21:50:56 User = 15 / 15
2019-09-01 21:51:32 GS-1 -----------------------------------------------------
---[Monster]: Max RunDelay: 313; Max RunCount 5355
---[Human]: Max RunDelay: 78; [Socket]: Max RunDelay: 16
---[App]: Min PerSecRun: 71; Max RunDelay 0
-----------------------------------------------------
2019-09-01 21:56:33 GS-1 -----------------------------------------------------
---[Monster]: Max RunDelay: 312; Max RunCount 4901
---[Human]: Max RunDelay: 47; [Socket]: Max RunDelay: 16
---[App]: Min PerSecRun: 71; Max RunDelay 0
-----------------------------------------------------
2019-09-01 22:00:56 GS-1 09-01 22:00:56 User = 17 / 17
2019-09-01 22:01:34 GS-1 -----------------------------------------------------
---[Monster]: Max RunDelay: 297; Max RunCount 4585
---[Human]: Max RunDelay: 47; [Socket]: Max RunDelay: 16
---[App]: Min PerSecRun: 71; Max RunDelay 0
-----------------------------------------------------
2019-09-01 22:02:02 GS-1 [脚本(散财猪.pas)缺函数]: AfterScatterItems
2019-09-01 22:06:35 GS-1 -----------------------------------------------------
---[Monster]: Max RunDelay: 328; Max RunCount 4625
---[Human]: Max RunDelay: 78; [Socket]: Max RunDelay: 15
---[App]: Min PerSecRun: 65; Max RunDelay 0
-----------------------------------------------------
2019-09-01 22:10:56 GS-1 09-01 22:10:56 User = 16 / 16
2019-09-01 22:11:36 GS-1 -----------------------------------------------------
---[Monster]: Max RunDelay: 297; Max RunCount 4613
---[Human]: Max RunDelay: 62; [Socket]: Max RunDelay: 16
---[App]: Min PerSecRun: 72; Max RunDelay 15
-----------------------------------------------------
2019-09-01 22:16:37 GS-1 -----------------------------------------------------
---[Monster]: Max RunDelay: 282; Max RunCount 4474
---[Human]: Max RunDelay: 62; [Socket]: Max RunDelay: 16
---[App]: Min PerSecRun: 72; Max RunDelay 0
-----------------------------------------------------
2019-09-01 22:20:56 GS-1 09-01 22:20:56 User = 17 / 17
2019-09-01 22:21:38 GS-1 -----------------------------------------------------
---[Monster]: Max RunDelay: 313; Max RunCount 4685
---[Human]: Max RunDelay: 47; [Socket]: Max RunDelay: 47
---[App]: Min PerSecRun: 70; Max RunDelay 0
-----------------------------------------------------
2019-09-01 22:26:38 GS-1 -----------------------------------------------------
---[Monster]: Max RunDelay: 719; Max RunCount 5545
---[Human]: Max RunDelay: 250; [Socket]: Max RunDelay: 78
---[App]: Min PerSecRun: 34; Max RunDelay 0
-----------------------------------------------------
2019-09-01 22:30:54 GS-1 载入商城热销商品列表，共33个。
2019-09-01 22:30:54 GS-1 ==> 加载商城热销榜:5
2019-09-01 22:30:56 GS-1 09-01 22:30:56 User = 16 / 16
2019-09-01 22:31:39 GS-1 -----------------------------------------------------
---[Monster]: Max RunDelay: 390; Max RunCount 4918
---[Human]: Max RunDelay: 78; [Socket]: Max RunDelay: 16
---[App]: Min PerSecRun: 52; Max RunDelay 0
-----------------------------------------------------
2019-09-01 22:36:39 GS-1 -----------------------------------------------------
---[Monster]: Max RunDelay: 3266; Max RunCount 5506
---[Human]: Max RunDelay: 625; [Socket]: Max RunDelay: 16
---[App]: Min PerSecRun: 49; Max RunDelay 2594
-----------------------------------------------------
2019-09-01 22:40:57 GS-1 09-01 22:40:57 User = 16 / 16
2019-09-01 22:41:41 GS-1 -----------------------------------------------------
---[Monster]: Max RunDelay: 578; Max RunCount 5610
---[Human]: Max RunDelay: 94; [Socket]: Max RunDelay: 47
---[App]: Min PerSecRun: 48; Max RunDelay 0
-----------------------------------------------------
2019-09-01 22:46:42 GS-1 -----------------------------------------------------
---[Monster]: Max RunDelay: 578; Max RunCount 5560
---[Human]: Max RunDelay: 125; [Socket]: Max RunDelay: 47
---[App]: Min PerSecRun: 49; Max RunDelay 16
-----------------------------------------------------
2019-09-01 22:50:57 GS-1 09-01 22:50:57 User = 17 / 17
2019-09-01 22:51:43 GS-1 -----------------------------------------------------
---[Monster]: Max RunDelay: 954; Max RunCount 5584
---[Human]: Max RunDelay: 890; [Socket]: Max RunDelay: 47
---[App]: Min PerSecRun: 19; Max RunDelay 16
-----------------------------------------------------
2019-09-01 22:56:44 GS-1 -----------------------------------------------------
---[Monster]: Max RunDelay: 390; Max RunCount 4841
---[Human]: Max RunDelay: 203; [Socket]: Max RunDelay: 47
---[App]: Min PerSecRun: 60; Max RunDelay 0
-----------------------------------------------------
2019-09-01 23:00:58 GS-1 09-01 23:00:58 User = 16 / 16
2019-09-01 23:01:45 GS-1 -----------------------------------------------------
---[Monster]: Max RunDelay: 609; Max RunCount 5547
---[Human]: Max RunDelay: 79; [Socket]: Max RunDelay: 47
---[App]: Min PerSecRun: 60; Max RunDelay 15
-----------------------------------------------------
2019-09-01 23:06:45 GS-1 -----------------------------------------------------
---[Monster]: Max RunDelay: 500; Max RunCount 5211
---[Human]: Max RunDelay: 94; [Socket]: Max RunDelay: 16
---[App]: Min PerSecRun: 58; Max RunDelay 0
-----------------------------------------------------
2019-09-01 23:10:58 GS-1 09-01 23:10:58 User = 17 / 17
2019-09-01 23:11:46 GS-1 -----------------------------------------------------
---[Monster]: Max RunDelay: 516; Max RunCount 5564
---[Human]: Max RunDelay: 78; [Socket]: Max RunDelay: 16
---[App]: Min PerSecRun: 58; Max RunDelay 0
-----------------------------------------------------
2019-09-01 23:16:47 GS-1 -----------------------------------------------------
---[Monster]: Max RunDelay: 360; Max RunCount 4546
---[Human]: Max RunDelay: 94; [Socket]: Max RunDelay: 16
---[App]: Min PerSecRun: 67; Max RunDelay 0
-----------------------------------------------------
2019-09-01 23:20:58 GS-1 09-01 23:20:58 User = 18 / 18
2019-09-01 23:21:41 GS-1 [脚本(散财猪.pas)缺函数]: AfterScatterItems
2019-09-01 23:21:48 GS-1 -----------------------------------------------------
---[Monster]: Max RunDelay: 531; Max RunCount 5445
---[Human]: Max RunDelay: 47; [Socket]: Max RunDelay: 16
---[App]: Min PerSecRun: 54; Max RunDelay 16
-----------------------------------------------------
2019-09-01 23:26:49 GS-1 -----------------------------------------------------
---[Monster]: Max RunDelay: 312; Max RunCount 5489
---[Human]: Max RunDelay: 62; [Socket]: Max RunDelay: 47
---[App]: Min PerSecRun: 71; Max RunDelay 0
-----------------------------------------------------
2019-09-01 23:27:35 GS-1   玩家： 易妙思，邮件Idx:  950，功加载了 4附件。
2019-09-01 23:30:55 GS-1 载入商城热销商品列表，共33个。
2019-09-01 23:30:55 GS-1 ==> 加载商城热销榜:5
2019-09-01 23:30:58 GS-1 09-01 23:30:58 User = 17 / 17
2019-09-01 23:31:50 GS-1 -----------------------------------------------------
---[Monster]: Max RunDelay: 313; Max RunCount 4416
---[Human]: Max RunDelay: 94; [Socket]: Max RunDelay: 16
---[App]: Min PerSecRun: 70; Max RunDelay 0
-----------------------------------------------------
2019-09-01 23:36:51 GS-1 -----------------------------------------------------
---[Monster]: Max RunDelay: 281; Max RunCount 4725
---[Human]: Max RunDelay: 62; [Socket]: Max RunDelay: 16
---[App]: Min PerSecRun: 72; Max RunDelay 0
-----------------------------------------------------
2019-09-01 23:40:58 GS-1 09-01 23:40:58 User = 11 / 11
2019-09-01 23:41:52 GS-1 -----------------------------------------------------
---[Monster]: Max RunDelay: 297; Max RunCount 4266
---[Human]: Max RunDelay: 47; [Socket]: Max RunDelay: 16
---[App]: Min PerSecRun: 72; Max RunDelay 15
-----------------------------------------------------
2019-09-01 23:46:53 GS-1 -----------------------------------------------------
---[Monster]: Max RunDelay: 625; Max RunCount 5578
---[Human]: Max RunDelay: 47; [Socket]: Max RunDelay: 16
---[App]: Min PerSecRun: 57; Max RunDelay 0
-----------------------------------------------------
2019-09-01 23:50:58 GS-1 09-01 23:50:58 User = 12 / 12
2019-09-01 23:51:54 GS-1 -----------------------------------------------------
---[Monster]: Max RunDelay: 531; Max RunCount 5571
---[Human]: Max RunDelay: 47; [Socket]: Max RunDelay: 16
---[App]: Min PerSecRun: 52; Max RunDelay 16
-----------------------------------------------------
2019-09-01 23:56:55 GS-1 -----------------------------------------------------
---[Monster]: Max RunDelay: 297; Max RunCount 5098
---[Human]: Max RunDelay: 47; [Socket]: Max RunDelay: 16
---[App]: Min PerSecRun: 71; Max RunDelay 0
-----------------------------------------------------
2019-09-02 00:00:00 GS-1 载入商城物品列表，共5个类别，40种商品
2019-09-02 00:00:00 GS-1 ==> 加载商城物品 装饰类：11/11
2019-09-02 00:00:00 GS-1 ==> 加载商城物品 补给类：5/5
2019-09-02 00:00:00 GS-1 ==> 加载商城物品 强化类：15/15
2019-09-02 00:00:00 GS-1 ==> 加载商城物品 限量类：7/7
2019-09-02 00:00:00 GS-1 ==> 加载商城物品 好友类：2/2
2019-09-02 00:00:00 GS-1 ==> 加载商城物品 类：0/0
2019-09-02 00:00:00 GS-1 ==> 加载商城物品 类：0/0
2019-09-02 00:00:00 GS-1 ==> 加载商城物品 类：0/0
2019-09-02 00:00:58 GS-1 09-02 00:00:58 User = 12 / 12
2019-09-02 00:01:55 GS-1 -----------------------------------------------------
---[Monster]: Max RunDelay: 735; Max RunCount 5203
---[Human]: Max RunDelay: 172; [Socket]: Max RunDelay: 16
---[App]: Min PerSecRun: 33; Max RunDelay 0
-----------------------------------------------------
2019-09-02 00:06:56 GS-1 -----------------------------------------------------
---[Monster]: Max RunDelay: 547; Max RunCount 5533
---[Human]: Max RunDelay: 343; [Socket]: Max RunDelay: 16
---[App]: Min PerSecRun: 52; Max RunDelay 0
-----------------------------------------------------
2019-09-02 00:10:58 GS-1 09-02 00:10:58 User = 10 / 10
2019-09-02 00:11:57 GS-1 -----------------------------------------------------
---[Monster]: Max RunDelay: 594; Max RunCount 5586
---[Human]: Max RunDelay: 63; [Socket]: Max RunDelay: 16
---[App]: Min PerSecRun: 64; Max RunDelay 46
-----------------------------------------------------
2019-09-02 00:16:58 GS-1 -----------------------------------------------------
---[Monster]: Max RunDelay: 282; Max RunCount 4366
---[Human]: Max RunDelay: 47; [Socket]: Max RunDelay: 16
---[App]: Min PerSecRun: 72; Max RunDelay 0
-----------------------------------------------------
2019-09-02 00:20:58 GS-1 09-02 00:20:58 User = 11 / 11
2019-09-02 00:21:59 GS-1 -----------------------------------------------------
---[Monster]: Max RunDelay: 282; Max RunCount 5028
---[Human]: Max RunDelay: 47; [Socket]: Max RunDelay: 16
---[App]: Min PerSecRun: 70; Max RunDelay 0
-----------------------------------------------------
2019-09-02 00:24:59 GS-1 [脚本(散财猪.pas)缺函数]: AfterScatterItems
2019-09-02 00:27:01 GS-1 -----------------------------------------------------
---[Monster]: Max RunDelay: 296; Max RunCount 4386
---[Human]: Max RunDelay: 63; [Socket]: Max RunDelay: 16
---[App]: Min PerSecRun: 70; Max RunDelay 0
-----------------------------------------------------
2019-09-02 00:30:56 GS-1 载入商城热销商品列表，共33个。
2019-09-02 00:30:56 GS-1 ==> 加载商城热销榜:5
2019-09-02 00:30:59 GS-1 09-02 00:30:59 User = 10 / 10
2019-09-02 00:32:02 GS-1 -----------------------------------------------------
---[Monster]: Max RunDelay: 562; Max RunCount 5528
---[Human]: Max RunDelay: 359; [Socket]: Max RunDelay: 16
---[App]: Min PerSecRun: 53; Max RunDelay 0
-----------------------------------------------------
2019-09-02 00:32:49 GS-1 [脚本(散财猪.pas)缺函数]: AfterScatterItems
2019-09-02 00:34:29 GS-1 [ChgLv] 呵呵哒 : 1->45 by 张小哥
2019-09-02 00:37:03 GS-1 -----------------------------------------------------
---[Monster]: Max RunDelay: 297; Max RunCount 4739
---[Human]: Max RunDelay: 47; [Socket]: Max RunDelay: 16
---[App]: Min PerSecRun: 69; Max RunDelay 16
-----------------------------------------------------
2019-09-02 00:40:59 GS-1 09-02 00:40:59 User = 12 / 12
2019-09-02 00:42:04 GS-1 -----------------------------------------------------
---[Monster]: Max RunDelay: 281; Max RunCount 4337
---[Human]: Max RunDelay: 78; [Socket]: Max RunDelay: 16
---[App]: Min PerSecRun: 71; Max RunDelay 0
-----------------------------------------------------
2019-09-02 00:47:05 GS-1 -----------------------------------------------------
---[Monster]: Max RunDelay: 312; Max RunCount 4730
---[Human]: Max RunDelay: 78; [Socket]: Max RunDelay: 16
---[App]: Min PerSecRun: 71; Max RunDelay 0
-----------------------------------------------------
2019-09-02 00:50:59 GS-1 09-02 00:50:59 User = 11 / 11
2019-09-02 00:52:06 GS-1 -----------------------------------------------------
---[Monster]: Max RunDelay: 562; Max RunCount 5613
---[Human]: Max RunDelay: 47; [Socket]: Max RunDelay: 16
---[App]: Min PerSecRun: 49; Max RunDelay 0
-----------------------------------------------------
2019-09-02 00:57:07 GS-1 -----------------------------------------------------
---[Monster]: Max RunDelay: 313; Max RunCount 4988
---[Human]: Max RunDelay: 78; [Socket]: Max RunDelay: 16
---[App]: Min PerSecRun: 71; Max RunDelay 0
-----------------------------------------------------
2019-09-02 01:00:59 GS-1 09-02 01:00:59 User = 11 / 11
2019-09-02 01:02:08 GS-1 -----------------------------------------------------
---[Monster]: Max RunDelay: 360; Max RunCount 5354
---[Human]: Max RunDelay: 47; [Socket]: Max RunDelay: 16
---[App]: Min PerSecRun: 66; Max RunDelay 16
-----------------------------------------------------
2019-09-02 01:07:09 GS-1 -----------------------------------------------------
---[Monster]: Max RunDelay: 313; Max RunCount 5424
---[Human]: Max RunDelay: 110; [Socket]: Max RunDelay: 15
---[App]: Min PerSecRun: 71; Max RunDelay 46
-----------------------------------------------------
2019-09-02 01:10:59 GS-1 09-02 01:10:59 User = 10 / 10
2019-09-02 01:12:10 GS-1 -----------------------------------------------------
---[Monster]: Max RunDelay: 282; Max RunCount 5114
---[Human]: Max RunDelay: 47; [Socket]: Max RunDelay: 15
---[App]: Min PerSecRun: 73; Max RunDelay 0
-----------------------------------------------------
2019-09-02 01:17:11 GS-1 -----------------------------------------------------
---[Monster]: Max RunDelay: 282; Max RunCount 4442
---[Human]: Max RunDelay: 47; [Socket]: Max RunDelay: 15
---[App]: Min PerSecRun: 73; Max RunDelay 0
-----------------------------------------------------
2019-09-02 01:20:59 GS-1 09-02 01:20:59 User = 9 / 9
2019-09-02 01:22:12 GS-1 -----------------------------------------------------
---[Monster]: Max RunDelay: 282; Max RunCount 4303
---[Human]: Max RunDelay: 47; [Socket]: Max RunDelay: 16
---[App]: Min PerSecRun: 72; Max RunDelay 0
-----------------------------------------------------
2019-09-02 01:27:13 GS-1 -----------------------------------------------------
---[Monster]: Max RunDelay: 281; Max RunCount 4099
---[Human]: Max RunDelay: 47; [Socket]: Max RunDelay: 16
---[App]: Min PerSecRun: 73; Max RunDelay 0
-----------------------------------------------------
2019-09-02 01:30:56 GS-1 载入商城热销商品列表，共33个。
2019-09-02 01:30:56 GS-1 ==> 加载商城热销榜:5
2019-09-02 01:30:59 GS-1 09-02 01:30:59 User = 11 / 11
2019-09-02 01:32:14 GS-1 -----------------------------------------------------
---[Monster]: Max RunDelay: 297; Max RunCount 4278
---[Human]: Max RunDelay: 94; [Socket]: Max RunDelay: 16
---[App]: Min PerSecRun: 72; Max RunDelay 0
-----------------------------------------------------
2019-09-02 01:37:15 GS-1 -----------------------------------------------------
---[Monster]: Max RunDelay: 313; Max RunCount 5204
---[Human]: Max RunDelay: 47; [Socket]: Max RunDelay: 47
---[App]: Min PerSecRun: 67; Max RunDelay 0
-----------------------------------------------------
2019-09-02 01:40:59 GS-1 09-02 01:40:59 User = 10 / 10
2019-09-02 01:42:16 GS-1 -----------------------------------------------------
---[Monster]: Max RunDelay: 281; Max RunCount 4819
---[Human]: Max RunDelay: 62; [Socket]: Max RunDelay: 15
---[App]: Min PerSecRun: 71; Max RunDelay 0
-----------------------------------------------------
2019-09-02 01:47:17 GS-1 -----------------------------------------------------
---[Monster]: Max RunDelay: 281; Max RunCount 4454
---[Human]: Max RunDelay: 47; [Socket]: Max RunDelay: 15
---[App]: Min PerSecRun: 72; Max RunDelay 0
-----------------------------------------------------
2019-09-02 01:50:59 GS-1 09-02 01:50:59 User = 9 / 9
2019-09-02 01:52:18 GS-1 -----------------------------------------------------
---[Monster]: Max RunDelay: 296; Max RunCount 4814
---[Human]: Max RunDelay: 156; [Socket]: Max RunDelay: 15
---[App]: Min PerSecRun: 66; Max RunDelay 0
-----------------------------------------------------
2019-09-02 01:57:19 GS-1 -----------------------------------------------------
---[Monster]: Max RunDelay: 266; Max RunCount 4659
---[Human]: Max RunDelay: 32; [Socket]: Max RunDelay: 15
---[App]: Min PerSecRun: 73; Max RunDelay 0
-----------------------------------------------------
2019-09-02 02:00:59 GS-1 09-02 02:00:59 User = 9 / 9
2019-09-02 02:02:20 GS-1 -----------------------------------------------------
---[Monster]: Max RunDelay: 282; Max RunCount 4263
---[Human]: Max RunDelay: 32; [Socket]: Max RunDelay: 16
---[App]: Min PerSecRun: 73; Max RunDelay 0
-----------------------------------------------------
2019-09-02 02:04:31 GS-1   玩家： 下雨天，邮件Idx:  938，功加载了 1附件。
2019-09-02 02:07:21 GS-1 -----------------------------------------------------
---[Monster]: Max RunDelay: 344; Max RunCount 4566
---[Human]: Max RunDelay: 47; [Socket]: Max RunDelay: 16
---[App]: Min PerSecRun: 62; Max RunDelay 0
-----------------------------------------------------
2019-09-02 02:10:59 GS-1 09-02 02:10:59 User = 8 / 8
2019-09-02 02:12:22 GS-1 -----------------------------------------------------
---[Monster]: Max RunDelay: 391; Max RunCount 4761
---[Human]: Max RunDelay: 109; [Socket]: Max RunDelay: 16
---[App]: Min PerSecRun: 62; Max RunDelay 0
-----------------------------------------------------
2019-09-02 02:17:23 GS-1 -----------------------------------------------------
---[Monster]: Max RunDelay: 375; Max RunCount 4268
---[Human]: Max RunDelay: 125; [Socket]: Max RunDelay: 16
---[App]: Min PerSecRun: 63; Max RunDelay 0
-----------------------------------------------------
2019-09-02 02:20:59 GS-1 09-02 02:20:59 User = 8 / 8
2019-09-02 02:22:24 GS-1 -----------------------------------------------------
---[Monster]: Max RunDelay: 391; Max RunCount 4966
---[Human]: Max RunDelay: 62; [Socket]: Max RunDelay: 16
---[App]: Min PerSecRun: 64; Max RunDelay 0
-----------------------------------------------------
2019-09-02 02:27:25 GS-1 -----------------------------------------------------
---[Monster]: Max RunDelay: 407; Max RunCount 4418
---[Human]: Max RunDelay: 62; [Socket]: Max RunDelay: 16
---[App]: Min PerSecRun: 63; Max RunDelay 0
-----------------------------------------------------
2019-09-02 02:30:19 GS-1 [脚本(修炼圣地-3.pas)缺函数]: ForgeDiaYB
2019-09-02 02:30:19 GS-1 --ReInitializet-- 因为点击NPC失败，重新刷新NPC...
2019-09-02 02:30:56 GS-1 载入商城热销商品列表，共33个。
2019-09-02 02:30:56 GS-1 ==> 加载商城热销榜:5
2019-09-02 02:30:59 GS-1 09-02 02:30:59 User = 9 / 9
2019-09-02 02:32:26 GS-1 -----------------------------------------------------
---[Monster]: Max RunDelay: 297; Max RunCount 4758
---[Human]: Max RunDelay: 47; [Socket]: Max RunDelay: 16
---[App]: Min PerSecRun: 73; Max RunDelay 0
-----------------------------------------------------
2019-09-02 02:37:27 GS-1 -----------------------------------------------------
---[Monster]: Max RunDelay: 282; Max RunCount 4493
---[Human]: Max RunDelay: 47; [Socket]: Max RunDelay: 15
---[App]: Min PerSecRun: 73; Max RunDelay 0
-----------------------------------------------------
2019-09-02 02:40:59 GS-1 09-02 02:40:59 User = 7 / 7
2019-09-02 02:41:19 GS-1 [脚本(修炼圣地-3.pas)缺函数]: ForgeDiaYB
2019-09-02 02:41:19 GS-1 --ReInitializet-- 因为点击NPC失败，重新刷新NPC...
2019-09-02 02:42:28 GS-1 -----------------------------------------------------
---[Monster]: Max RunDelay: 625; Max RunCount 5678
---[Human]: Max RunDelay: 62; [Socket]: Max RunDelay: 15
---[App]: Min PerSecRun: 48; Max RunDelay 0
-----------------------------------------------------
2019-09-02 02:47:29 GS-1 -----------------------------------------------------
---[Monster]: Max RunDelay: 266; Max RunCount 4935
---[Human]: Max RunDelay: 32; [Socket]: Max RunDelay: 15
---[App]: Min PerSecRun: 72; Max RunDelay 0
-----------------------------------------------------
2019-09-02 02:50:59 GS-1 09-02 02:50:59 User = 7 / 7
2019-09-02 02:52:30 GS-1 -----------------------------------------------------
---[Monster]: Max RunDelay: 172; Max RunCount 4264
---[Human]: Max RunDelay: 32; [Socket]: Max RunDelay: 16
---[App]: Min PerSecRun: 73; Max RunDelay 0
-----------------------------------------------------
2019-09-02 02:57:31 GS-1 -----------------------------------------------------
---[Monster]: Max RunDelay: 188; Max RunCount 4989
---[Human]: Max RunDelay: 47; [Socket]: Max RunDelay: 15
---[App]: Min PerSecRun: 72; Max RunDelay 0
-----------------------------------------------------
2019-09-02 03:00:59 GS-1 09-02 03:00:59 User = 7 / 7
2019-09-02 03:02:32 GS-1 -----------------------------------------------------
---[Monster]: Max RunDelay: 297; Max RunCount 5089
---[Human]: Max RunDelay: 94; [Socket]: Max RunDelay: 16
---[App]: Min PerSecRun: 64; Max RunDelay 0
-----------------------------------------------------
2019-09-02 03:07:33 GS-1 -----------------------------------------------------
---[Monster]: Max RunDelay: 281; Max RunCount 4878
---[Human]: Max RunDelay: 32; [Socket]: Max RunDelay: 16
---[App]: Min PerSecRun: 73; Max RunDelay 0
-----------------------------------------------------
2019-09-02 03:10:59 GS-1 09-02 03:10:59 User = 7 / 7
2019-09-02 03:12:34 GS-1 -----------------------------------------------------
---[Monster]: Max RunDelay: 266; Max RunCount 4155
---[Human]: Max RunDelay: 47; [Socket]: Max RunDelay: 16
---[App]: Min PerSecRun: 74; Max RunDelay 0
-----------------------------------------------------
2019-09-02 03:17:35 GS-1 -----------------------------------------------------
---[Monster]: Max RunDelay: 281; Max RunCount 4274
---[Human]: Max RunDelay: 62; [Socket]: Max RunDelay: 15
---[App]: Min PerSecRun: 73; Max RunDelay 0
-----------------------------------------------------
2019-09-02 03:20:59 GS-1 09-02 03:20:59 User = 7 / 7
2019-09-02 03:22:36 GS-1 -----------------------------------------------------
---[Monster]: Max RunDelay: 343; Max RunCount 4124
---[Human]: Max RunDelay: 32; [Socket]: Max RunDelay: 15
---[App]: Min PerSecRun: 66; Max RunDelay 0
-----------------------------------------------------
2019-09-02 03:27:37 GS-1 -----------------------------------------------------
---[Monster]: Max RunDelay: 282; Max RunCount 3970
---[Human]: Max RunDelay: 47; [Socket]: Max RunDelay: 16
---[App]: Min PerSecRun: 73; Max RunDelay 0
-----------------------------------------------------
2019-09-02 03:30:56 GS-1 载入商城热销商品列表，共33个。
2019-09-02 03:30:56 GS-1 ==> 加载商城热销榜:5
2019-09-02 03:30:59 GS-1 09-02 03:30:59 User = 7 / 7
2019-09-02 03:32:38 GS-1 -----------------------------------------------------
---[Monster]: Max RunDelay: 406; Max RunCount 5652
---[Human]: Max RunDelay: 47; [Socket]: Max RunDelay: 16
---[App]: Min PerSecRun: 52; Max RunDelay 0
-----------------------------------------------------
2019-09-02 03:37:39 GS-1 -----------------------------------------------------
---[Monster]: Max RunDelay: 281; Max RunCount 4645
---[Human]: Max RunDelay: 31; [Socket]: Max RunDelay: 16
---[App]: Min PerSecRun: 73; Max RunDelay 15
-----------------------------------------------------
2019-09-02 03:40:59 GS-1 09-02 03:40:59 User = 7 / 7
2019-09-02 03:42:40 GS-1 -----------------------------------------------------
---[Monster]: Max RunDelay: 281; Max RunCount 4799
---[Human]: Max RunDelay: 32; [Socket]: Max RunDelay: 16
---[App]: Min PerSecRun: 73; Max RunDelay 0
-----------------------------------------------------
2019-09-02 03:47:41 GS-1 -----------------------------------------------------
---[Monster]: Max RunDelay: 281; Max RunCount 4902
---[Human]: Max RunDelay: 47; [Socket]: Max RunDelay: 16
---[App]: Min PerSecRun: 73; Max RunDelay 0
-----------------------------------------------------
2019-09-02 03:50:59 GS-1 09-02 03:50:59 User = 7 / 7
2019-09-02 03:52:42 GS-1 -----------------------------------------------------
---[Monster]: Max RunDelay: 297; Max RunCount 4925
---[Human]: Max RunDelay: 32; [Socket]: Max RunDelay: 16
---[App]: Min PerSecRun: 72; Max RunDelay 0
-----------------------------------------------------
2019-09-02 03:57:43 GS-1 -----------------------------------------------------
---[Monster]: Max RunDelay: 297; Max RunCount 4312
---[Human]: Max RunDelay: 31; [Socket]: Max RunDelay: 16
---[App]: Min PerSecRun: 72; Max RunDelay 0
-----------------------------------------------------
2019-09-02 04:00:59 GS-1 09-02 04:00:59 User = 7 / 7
2019-09-02 04:02:44 GS-1 -----------------------------------------------------
---[Monster]: Max RunDelay: 281; Max RunCount 4426
---[Human]: Max RunDelay: 46; [Socket]: Max RunDelay: 15
---[App]: Min PerSecRun: 73; Max RunDelay 0
-----------------------------------------------------
2019-09-02 04:07:45 GS-1 -----------------------------------------------------
---[Monster]: Max RunDelay: 516; Max RunCount 5650
---[Human]: Max RunDelay: 31; [Socket]: Max RunDelay: 15
---[App]: Min PerSecRun: 47; Max RunDelay 0
-----------------------------------------------------
2019-09-02 04:10:59 GS-1 09-02 04:10:59 User = 7 / 7
2019-09-02 04:12:46 GS-1 -----------------------------------------------------
---[Monster]: Max RunDelay: 281; Max RunCount 4482
---[Human]: Max RunDelay: 32; [Socket]: Max RunDelay: 15
---[App]: Min PerSecRun: 73; Max RunDelay 0
-----------------------------------------------------
2019-09-02 04:17:47 GS-1 -----------------------------------------------------
---[Monster]: Max RunDelay: 281; Max RunCount 4420
---[Human]: Max RunDelay: 47; [Socket]: Max RunDelay: 15
---[App]: Min PerSecRun: 73; Max RunDelay 0
-----------------------------------------------------
2019-09-02 04:20:59 GS-1 09-02 04:20:59 User = 7 / 7
2019-09-02 04:22:48 GS-1 -----------------------------------------------------
---[Monster]: Max RunDelay: 547; Max RunCount 5641
---[Human]: Max RunDelay: 32; [Socket]: Max RunDelay: 15
---[App]: Min PerSecRun: 53; Max RunDelay 0
-----------------------------------------------------
2019-09-02 04:27:49 GS-1 -----------------------------------------------------
---[Monster]: Max RunDelay: 281; Max RunCount 5284
---[Human]: Max RunDelay: 31; [Socket]: Max RunDelay: 15
---[App]: Min PerSecRun: 73; Max RunDelay 0
-----------------------------------------------------
2019-09-02 04:30:56 GS-1 载入商城热销商品列表，共34个。
2019-09-02 04:30:56 GS-1 ==> 加载商城热销榜:5
2019-09-02 04:30:59 GS-1 09-02 04:30:59 User = 7 / 7
2019-09-02 04:32:50 GS-1 -----------------------------------------------------
---[Monster]: Max RunDelay: 281; Max RunCount 4510
---[Human]: Max RunDelay: 31; [Socket]: Max RunDelay: 15
---[App]: Min PerSecRun: 73; Max RunDelay 0
-----------------------------------------------------
2019-09-02 04:37:51 GS-1 -----------------------------------------------------
---[Monster]: Max RunDelay: 281; Max RunCount 4362
---[Human]: Max RunDelay: 32; [Socket]: Max RunDelay: 16
---[App]: Min PerSecRun: 73; Max RunDelay 0
-----------------------------------------------------
2019-09-02 04:40:59 GS-1 09-02 04:40:59 User = 7 / 7
2019-09-02 04:42:52 GS-1 -----------------------------------------------------
---[Monster]: Max RunDelay: 281; Max RunCount 4469
---[Human]: Max RunDelay: 32; [Socket]: Max RunDelay: 16
---[App]: Min PerSecRun: 73; Max RunDelay 0
-----------------------------------------------------
2019-09-02 04:43:04 GS-1 [Error]: ==> YBSocketError, ErrorCode=10060
2019-09-02 04:47:53 GS-1 -----------------------------------------------------
---[Monster]: Max RunDelay: 281; Max RunCount 4477
---[Human]: Max RunDelay: 47; [Socket]: Max RunDelay: 16
---[App]: Min PerSecRun: 72; Max RunDelay 0
-----------------------------------------------------
2019-09-02 04:51:00 GS-1 09-02 04:51:00 User = 7 / 7
2019-09-02 04:52:53 GS-1 -----------------------------------------------------
---[Monster]: Max RunDelay: 281; Max RunCount 4226
---[Human]: Max RunDelay: 47; [Socket]: Max RunDelay: 16
---[App]: Min PerSecRun: 73; Max RunDelay 0
-----------------------------------------------------
2019-09-02 04:57:54 GS-1 -----------------------------------------------------
---[Monster]: Max RunDelay: 281; Max RunCount 4122
---[Human]: Max RunDelay: 32; [Socket]: Max RunDelay: 16
---[App]: Min PerSecRun: 72; Max RunDelay 0
-----------------------------------------------------
2019-09-02 05:01:00 GS-1 09-02 05:01:00 User = 7 / 7
2019-09-02 05:02:55 GS-1 -----------------------------------------------------
---[Monster]: Max RunDelay: 297; Max RunCount 4958
---[Human]: Max RunDelay: 47; [Socket]: Max RunDelay: 16
---[App]: Min PerSecRun: 71; Max RunDelay 0
-----------------------------------------------------
2019-09-02 05:07:57 GS-1 -----------------------------------------------------
---[Monster]: Max RunDelay: 469; Max RunCount 5645
---[Human]: Max RunDelay: 32; [Socket]: Max RunDelay: 15
---[App]: Min PerSecRun: 69; Max RunDelay 0
-----------------------------------------------------
2019-09-02 05:11:00 GS-1 09-02 05:11:00 User = 7 / 7
2019-09-02 05:12:58 GS-1 -----------------------------------------------------
---[Monster]: Max RunDelay: 282; Max RunCount 4046
---[Human]: Max RunDelay: 31; [Socket]: Max RunDelay: 15
---[App]: Min PerSecRun: 72; Max RunDelay 0
-----------------------------------------------------
2019-09-02 05:17:59 GS-1 -----------------------------------------------------
---[Monster]: Max RunDelay: 281; Max RunCount 4032
---[Human]: Max RunDelay: 47; [Socket]: Max RunDelay: 15
---[App]: Min PerSecRun: 72; Max RunDelay 0
-----------------------------------------------------
2019-09-02 05:21:01 GS-1 09-02 05:21:01 User = 7 / 7
2019-09-02 05:23:00 GS-1 -----------------------------------------------------
---[Monster]: Max RunDelay: 266; Max RunCount 4581
---[Human]: Max RunDelay: 47; [Socket]: Max RunDelay: 15
---[App]: Min PerSecRun: 72; Max RunDelay 0
-----------------------------------------------------
2019-09-02 05:28:01 GS-1 -----------------------------------------------------
---[Monster]: Max RunDelay: 281; Max RunCount 4441
---[Human]: Max RunDelay: 32; [Socket]: Max RunDelay: 15
---[App]: Min PerSecRun: 73; Max RunDelay 0
-----------------------------------------------------
2019-09-02 05:30:57 GS-1 载入商城热销商品列表，共34个。
2019-09-02 05:30:57 GS-1 ==> 加载商城热销榜:5
2019-09-02 05:31:01 GS-1 09-02 05:31:01 User = 7 / 7
2019-09-02 05:33:02 GS-1 -----------------------------------------------------
---[Monster]: Max RunDelay: 516; Max RunCount 5505
---[Human]: Max RunDelay: 47; [Socket]: Max RunDelay: 47
---[App]: Min PerSecRun: 51; Max RunDelay 0
-----------------------------------------------------
2019-09-02 05:38:03 GS-1 -----------------------------------------------------
---[Monster]: Max RunDelay: 282; Max RunCount 5513
---[Human]: Max RunDelay: 32; [Socket]: Max RunDelay: 16
---[App]: Min PerSecRun: 73; Max RunDelay 0
-----------------------------------------------------
2019-09-02 05:41:01 GS-1 09-02 05:41:01 User = 7 / 7
2019-09-02 05:43:03 GS-1 -----------------------------------------------------
---[Monster]: Max RunDelay: 282; Max RunCount 5066
---[Human]: Max RunDelay: 47; [Socket]: Max RunDelay: 16
---[App]: Min PerSecRun: 72; Max RunDelay 0
-----------------------------------------------------
2019-09-02 05:48:05 GS-1 -----------------------------------------------------
---[Monster]: Max RunDelay: 297; Max RunCount 4446
---[Human]: Max RunDelay: 32; [Socket]: Max RunDelay: 16
---[App]: Min PerSecRun: 73; Max RunDelay 0
-----------------------------------------------------
2019-09-02 05:51:01 GS-1 09-02 05:51:01 User = 7 / 7
2019-09-02 05:53:06 GS-1 -----------------------------------------------------
---[Monster]: Max RunDelay: 359; Max RunCount 4101
---[Human]: Max RunDelay: 32; [Socket]: Max RunDelay: 16
---[App]: Min PerSecRun: 64; Max RunDelay 0
-----------------------------------------------------
2019-09-02 05:58:07 GS-1 -----------------------------------------------------
---[Monster]: Max RunDelay: 266; Max RunCount 4352
---[Human]: Max RunDelay: 47; [Socket]: Max RunDelay: 15
---[App]: Min PerSecRun: 72; Max RunDelay 0
-----------------------------------------------------
2019-09-02 06:00:00 GS-1 载入商城物品列表，共5个类别，40种商品
2019-09-02 06:00:00 GS-1 ==> 加载商城物品 装饰类：11/11
2019-09-02 06:00:00 GS-1 ==> 加载商城物品 补给类：5/5
2019-09-02 06:00:00 GS-1 ==> 加载商城物品 强化类：15/15
2019-09-02 06:00:00 GS-1 ==> 加载商城物品 限量类：7/7
2019-09-02 06:00:00 GS-1 ==> 加载商城物品 好友类：2/2
2019-09-02 06:00:00 GS-1 ==> 加载商城物品 类：0/0
2019-09-02 06:00:00 GS-1 ==> 加载商城物品 类：0/0
2019-09-02 06:00:00 GS-1 ==> 加载商城物品 类：0/0
2019-09-02 06:01:01 GS-1 09-02 06:01:01 User = 7 / 7
2019-09-02 06:03:08 GS-1 -----------------------------------------------------
---[Monster]: Max RunDelay: 422; Max RunCount 4491
---[Human]: Max RunDelay: 63; [Socket]: Max RunDelay: 15
---[App]: Min PerSecRun: 60; Max RunDelay 0
-----------------------------------------------------
2019-09-02 06:08:09 GS-1 -----------------------------------------------------
---[Monster]: Max RunDelay: 297; Max RunCount 4433
---[Human]: Max RunDelay: 31; [Socket]: Max RunDelay: 15
---[App]: Min PerSecRun: 71; Max RunDelay 0
-----------------------------------------------------
2019-09-02 06:11:01 GS-1 09-02 06:11:01 User = 6 / 6
2019-09-02 06:13:10 GS-1 -----------------------------------------------------
---[Monster]: Max RunDelay: 282; Max RunCount 4233
---[Human]: Max RunDelay: 31; [Socket]: Max RunDelay: 15
---[App]: Min PerSecRun: 72; Max RunDelay 0
-----------------------------------------------------
2019-09-02 06:18:11 GS-1 -----------------------------------------------------
---[Monster]: Max RunDelay: 421; Max RunCount 5707
---[Human]: Max RunDelay: 31; [Socket]: Max RunDelay: 15
---[App]: Min PerSecRun: 51; Max RunDelay 0
-----------------------------------------------------
2019-09-02 06:21:01 GS-1 09-02 06:21:01 User = 6 / 6
2019-09-02 06:23:12 GS-1 -----------------------------------------------------
---[Monster]: Max RunDelay: 297; Max RunCount 5659
---[Human]: Max RunDelay: 31; [Socket]: Max RunDelay: 15
---[App]: Min PerSecRun: 72; Max RunDelay 0
-----------------------------------------------------
2019-09-02 06:28:13 GS-1 -----------------------------------------------------
---[Monster]: Max RunDelay: 297; Max RunCount 4676
---[Human]: Max RunDelay: 32; [Socket]: Max RunDelay: 15
---[App]: Min PerSecRun: 72; Max RunDelay 0
-----------------------------------------------------
2019-09-02 06:30:57 GS-1 载入商城热销商品列表，共34个。
2019-09-02 06:30:57 GS-1 ==> 加载商城热销榜:5
2019-09-02 06:31:01 GS-1 09-02 06:31:01 User = 6 / 6
2019-09-02 06:33:14 GS-1 -----------------------------------------------------
---[Monster]: Max RunDelay: 344; Max RunCount 4884
---[Human]: Max RunDelay: 32; [Socket]: Max RunDelay: 16
---[App]: Min PerSecRun: 65; Max RunDelay 0
-----------------------------------------------------
2019-09-02 06:38:15 GS-1 -----------------------------------------------------
---[Monster]: Max RunDelay: 266; Max RunCount 4774
---[Human]: Max RunDelay: 32; [Socket]: Max RunDelay: 16
---[App]: Min PerSecRun: 73; Max RunDelay 0
-----------------------------------------------------
2019-09-02 06:41:01 GS-1 09-02 06:41:01 User = 6 / 6
2019-09-02 06:43:16 GS-1 -----------------------------------------------------
---[Monster]: Max RunDelay: 297; Max RunCount 4547
---[Human]: Max RunDelay: 47; [Socket]: Max RunDelay: 16
---[App]: Min PerSecRun: 73; Max RunDelay 0
-----------------------------------------------------
2019-09-02 06:46:05 GS-1 [Error]: ==> YBSocketError, ErrorCode=10060
2019-09-02 06:48:17 GS-1 -----------------------------------------------------
---[Monster]: Max RunDelay: 266; Max RunCount 4144
---[Human]: Max RunDelay: 32; [Socket]: Max RunDelay: 16
---[App]: Min PerSecRun: 73; Max RunDelay 0
-----------------------------------------------------
2019-09-02 06:51:01 GS-1 09-02 06:51:01 User = 6 / 6
2019-09-02 06:53:18 GS-1 -----------------------------------------------------
---[Monster]: Max RunDelay: 297; Max RunCount 4862
---[Human]: Max RunDelay: 47; [Socket]: Max RunDelay: 16
---[App]: Min PerSecRun: 72; Max RunDelay 0
-----------------------------------------------------
2019-09-02 06:58:19 GS-1 -----------------------------------------------------
---[Monster]: Max RunDelay: 297; Max RunCount 5112
---[Human]: Max RunDelay: 62; [Socket]: Max RunDelay: 16
---[App]: Min PerSecRun: 72; Max RunDelay 0
-----------------------------------------------------
2019-09-02 07:00:02 GS-1 更新排行榜，共计：38 页
2019-09-02 07:01:01 GS-1 09-02 07:01:01 User = 7 / 7
2019-09-02 07:03:20 GS-1 -----------------------------------------------------
---[Monster]: Max RunDelay: 282; Max RunCount 4524
---[Human]: Max RunDelay: 32; [Socket]: Max RunDelay: 16
---[App]: Min PerSecRun: 73; Max RunDelay 0
-----------------------------------------------------
2019-09-02 07:08:21 GS-1 -----------------------------------------------------
---[Monster]: Max RunDelay: 281; Max RunCount 4546
---[Human]: Max RunDelay: 63; [Socket]: Max RunDelay: 15
---[App]: Min PerSecRun: 73; Max RunDelay 0
-----------------------------------------------------
2019-09-02 07:11:01 GS-1 09-02 07:11:01 User = 13 / 13
2019-09-02 07:13:22 GS-1 -----------------------------------------------------
---[Monster]: Max RunDelay: 297; Max RunCount 4328
---[Human]: Max RunDelay: 47; [Socket]: Max RunDelay: 15
---[App]: Min PerSecRun: 70; Max RunDelay 0
-----------------------------------------------------
2019-09-02 07:18:23 GS-1 -----------------------------------------------------
---[Monster]: Max RunDelay: 328; Max RunCount 4416
---[Human]: Max RunDelay: 62; [Socket]: Max RunDelay: 15
---[App]: Min PerSecRun: 70; Max RunDelay 15
-----------------------------------------------------
2019-09-02 07:21:01 GS-1 09-02 07:21:01 User = 14 / 14
2019-09-02 07:21:29 GS-1   玩家： 韦玉泽，邮件Idx:  954，功加载了 2附件。
2019-09-02 07:23:24 GS-1 -----------------------------------------------------
---[Monster]: Max RunDelay: 282; Max RunCount 4765
---[Human]: Max RunDelay: 47; [Socket]: Max RunDelay: 15
---[App]: Min PerSecRun: 66; Max RunDelay 0
-----------------------------------------------------
2019-09-02 07:24:12 GS-1   玩家： 聆听心雨，邮件Idx:  953，功加载了 15附件。
2019-09-02 07:28:25 GS-1 -----------------------------------------------------
---[Monster]: Max RunDelay: 328; Max RunCount 4925
---[Human]: Max RunDelay: 47; [Socket]: Max RunDelay: 15
---[App]: Min PerSecRun: 69; Max RunDelay 0
-----------------------------------------------------
2019-09-02 07:30:57 GS-1 载入商城热销商品列表，共34个。
2019-09-02 07:30:57 GS-1 ==> 加载商城热销榜:5
2019-09-02 07:31:01 GS-1 09-02 07:31:01 User = 14 / 14
2019-09-02 07:33:26 GS-1 -----------------------------------------------------
---[Monster]: Max RunDelay: 297; Max RunCount 4013
---[Human]: Max RunDelay: 47; [Socket]: Max RunDelay: 15
---[App]: Min PerSecRun: 71; Max RunDelay 0
-----------------------------------------------------
2019-09-02 07:38:27 GS-1 -----------------------------------------------------
---[Monster]: Max RunDelay: 282; Max RunCount 4073
---[Human]: Max RunDelay: 47; [Socket]: Max RunDelay: 15
---[App]: Min PerSecRun: 72; Max RunDelay 0
-----------------------------------------------------
2019-09-02 07:41:01 GS-1 09-02 07:41:01 User = 13 / 13
2019-09-02 07:41:20 GS-1   玩家： 聆听心雨，邮件Idx:  898，功加载了 1附件。
2019-09-02 07:41:20 GS-1   玩家： 聆听心雨，邮件Idx:  920，功加载了 1附件。
2019-09-02 07:43:28 GS-1 -----------------------------------------------------
---[Monster]: Max RunDelay: 297; Max RunCount 4633
---[Human]: Max RunDelay: 47; [Socket]: Max RunDelay: 15
---[App]: Min PerSecRun: 72; Max RunDelay 0
-----------------------------------------------------
2019-09-02 07:46:20 GS-1 [脚本(散财猪.pas)缺函数]: AfterScatterItems
2019-09-02 07:48:29 GS-1 -----------------------------------------------------
---[Monster]: Max RunDelay: 359; Max RunCount 4494
---[Human]: Max RunDelay: 47; [Socket]: Max RunDelay: 15
---[App]: Min PerSecRun: 68; Max RunDelay 0
-----------------------------------------------------
2019-09-02 07:51:01 GS-1 09-02 07:51:01 User = 13 / 13
2019-09-02 07:53:30 GS-1 -----------------------------------------------------
---[Monster]: Max RunDelay: 297; Max RunCount 4349
---[Human]: Max RunDelay: 47; [Socket]: Max RunDelay: 16
---[App]: Min PerSecRun: 72; Max RunDelay 0
-----------------------------------------------------
2019-09-02 07:58:31 GS-1 -----------------------------------------------------
---[Monster]: Max RunDelay: 297; Max RunCount 4188
---[Human]: Max RunDelay: 47; [Socket]: Max RunDelay: 16
---[App]: Min PerSecRun: 68; Max RunDelay 0
-----------------------------------------------------
2019-09-02 08:01:01 GS-1 09-02 08:01:01 User = 13 / 13
2019-09-02 08:03:32 GS-1 -----------------------------------------------------
---[Monster]: Max RunDelay: 282; Max RunCount 3979
---[Human]: Max RunDelay: 63; [Socket]: Max RunDelay: 16
---[App]: Min PerSecRun: 70; Max RunDelay 0
-----------------------------------------------------
2019-09-02 08:07:45 GS-1 08:07:46 Gate 1 (49.234.26.20) 关闭
2019-09-02 08:07:45 GS-1 [Warning]: 与DB 服务器断开连接....
2019-09-02 08:07:51 GS-1 释放--魔龙冰晶升级对象--结束
2019-09-02 08:07:51 GS-1 释放--天赐宝箱1--结束
2019-09-02 08:07:51 GS-1 释放--天赐宝箱2--结束
2019-09-02 08:07:51 GS-1 释放--一点充--结束
2019-09-02 08:07:51 GS-1 释放--事件管理对象--结束
2019-09-02 08:07:51 GS-1 释放--任务管理对象--结束
2019-09-02 08:07:51 GS-1 释放--升级提醒管理对象--结束
2019-09-02 08:07:51 GS-1 释放--GDMsg管理对象--结束
2019-09-02 08:07:51 GS-1 释放--跨地图寻路管理对象--结束
2019-09-02 08:07:51 GS-1 释放--沙巴克管理对象--结束
2019-09-02 08:07:51 GS-1 释放--中央活动服务器客户端--结束
2019-09-02 08:07:51 GS-1 释放--乾坤包--结束
2019-09-02 08:07:51 GS-1 正在清除模块-卧龙英雄管理-的配置表d:\Mud2.0\Mir200\Share\EngineConfig\卧龙英雄管理\Fortress-HERO1.txt
2019-09-02 08:07:51 GS-1 正在清除模块-卧龙英雄管理-的配置表d:\Mud2.0\Mir200\Share\EngineConfig\卧龙英雄管理\Fortress.txt
2019-09-02 08:07:51 GS-1 正在清除模块-游戏元素点阵管理-的配置表d:\Mud2.0\Mir200\Share\EngineConfig\游戏元素点阵管理\GMActEvent.txt
2019-09-02 08:07:51 GS-1 正在清除模块-信用分管理-的配置表d:\Mud2.0\Mir200\Share\EngineConfig\信用分管理\PlayerActivePoint.xml
2019-09-02 08:07:51 GS-1 正在清除模块-信用分管理-的配置表d:\Mud2.0\Mir200\Share\EngineConfig\信用分管理\MapActivePoint.xml
2019-09-02 08:07:51 GS-1 正在清除模块-摆摊交易-的配置表d:\Mud2.0\Mir200\Share\EngineConfig\摆摊交易\摊位基础设置.ini
2019-09-02 08:07:51 GS-1 正在清除模块-元宝商城管理-的配置表d:\Mud2.0\Mir200\Share\EngineConfig\元宝商城管理\YBGoods.sql
2019-09-02 08:07:51 GS-1 正在清除模块-小助手管理-的配置表d:\Mud2.0\Mir200\Share\EngineConfig\小助手管理\小助手.txt
2019-09-02 08:07:51 GS-1 正在清除模块-静态地图管理-的配置表d:\Mud2.0\Mir200\Share\EngineConfig\静态地图管理\MapDropLimitBagItems.xml
2019-09-02 08:07:51 GS-1 正在清除模块-装备合成管理-的配置表d:\Mud2.0\Mir200\Share\EngineConfig\装备合成管理\StrengthenEquip.xml
2019-09-02 08:07:51 GS-1 正在清除模块-藏宝图管理-的配置表d:\Mud2.0\Mir200\Share\EngineConfig\藏宝图管理\修复藏宝图.txt
2019-09-02 08:07:51 GS-1 正在清除模块-藏宝图管理-的配置表d:\Mud2.0\Mir200\Share\EngineConfig\藏宝图管理\魔龙藏宝图合成装备.txt
2019-09-02 08:07:51 GS-1 正在清除模块-衣服升级管理-的配置表d:\Mud2.0\Mir200\Share\EngineConfig\衣服升级管理\UpdateClothes.xml
2019-09-02 08:07:51 GS-1 正在清除模块-道具管理-的配置表d:\Mud2.0\Mir200\Share\EngineConfig\道具管理\宝石配置.txt
2019-09-02 08:07:51 GS-1 正在清除模块-世界暴率管理-的配置表d:\Mud2.0\Mir200\Share\EngineConfig\世界暴率管理\世界爆率文件1.txt
2019-09-02 08:07:51 GS-1 释放--跨GS消息管理对象--结束
2019-09-02 08:07:51 GS-1 释放--gate管理对象--结束
2019-09-02 08:07:51 GS-1 释放--魔法管理对象--结束
2019-09-02 08:07:51 GS-1 释放--套装管理对象--结束
2019-09-02 08:07:51 GS-1 释放--新暴率管理对象--结束
2019-09-02 08:07:51 GS-1 释放--角色信息初始化管理对象--结束
2019-09-02 08:07:51 GS-1 释放--GS本地日志--结束
2019-09-02 08:07:51 GS-1 释放--DBEngn对象--结束
2019-09-02 08:07:51 GS-1 释放--任务列表--结束
2019-09-02 08:07:51 GS-1 释放--buffer管理类--结束
2019-09-02 08:07:51 GS-1 释放--排行榜--结束
2019-09-02 08:07:51 GS-1 释放--免费回收--结束
2019-09-02 08:07:51 GS-1 释放--mysql对象--结束
2019-09-02 08:07:51 GS-1 ================ 服务停止 ==============
