2019-11-08 21:32:01 GS-1 -----------------------------------------------------
---[Monster]: Max RunDelay: 0; Max RunCount 0
---[Human]: Max RunDelay: 0; [Socket]: Max RunDelay: 0
---[App]: Min PerSecRun: 100; Max RunDelay 0
-----------------------------------------------------
2019-11-08 21:32:01 GS-1 ================ 服务启动 ==============
2019-11-08 21:32:01 GS-1 TPlayerBody Size - 1616
2019-11-08 21:32:01 GS-1 TPlayerDB Size - 61608
2019-11-08 21:32:01 GS-1 ======== 连接MySQL成功 =======
2019-11-08 21:32:01 GS-1 *** ***Gamelog 的下次清理时间为 : 11月15日03时*** ***
2019-11-08 21:32:01 GS-1 ==加载GM指令定义完成==
2019-11-08 21:32:01 GS-1 与 DB 服务器连接成功
2019-11-08 21:32:01 GS-1 [Error]: 加载 热血勇士奖励:配置1 出错
2019-11-08 21:32:01 GS-1 [Error]: 加载 热血勇士奖励:配置2 出错
2019-11-08 21:32:01 GS-1 [Error]: 加载 热血勇士奖励:配置3 出错
2019-11-08 21:32:01 GS-1 [Error]: 加载 热血勇士奖励:配置4 出错
2019-11-08 21:32:01 GS-1 [Error]: 加载 热血勇士奖励:配置5 出错
2019-11-08 21:32:01 GS-1 [Error]: 加载 热血勇士奖励:配置6 出错
2019-11-08 21:32:01 GS-1 [Error]: 加载 热血勇士奖励:配置7 出错
2019-11-08 21:32:01 GS-1 [Error]: 加载 热血勇士奖励:配置8 出错
2019-11-08 21:32:01 GS-1 [Error]: 加载 热血勇士奖励:配置9 出错
2019-11-08 21:32:01 GS-1 [Error]: 加载 热血勇士奖励:配置10 出错
2019-11-08 21:32:01 GS-1 [Error]: 火龙珠奖励配置错误！
2019-11-08 21:32:01 GS-1 [Error]: 火龙珠奖励配置错误！
2019-11-08 21:32:01 GS-1 [Error]: 火龙珠奖励配置错误！
2019-11-08 21:32:01 GS-1 [Error]: 抽取概率错误:赤金天赐->宝箱1:概率7
2019-11-08 21:32:01 GS-1 [Error]: 抽取概率错误:白银天赐->宝箱1:概率7
2019-11-08 21:32:01 GS-1 [Error]: 抽取概率错误:紫铜天赐->宝箱1:概率7
2019-11-08 21:32:01 GS-1 [Error]: 抽取概率错误:神秘天赐->宝箱1:概率7
2019-11-08 21:32:01 GS-1 [Error]: 抽取概率错误:檀木天赐->宝箱1:概率7
2019-11-08 21:32:01 GS-1 [Error]: 抽取概率错误:宝藏天赐 ->宝箱1:概率7
2019-11-08 21:32:01 GS-1 [Error]: StdItems 不存在的天赐：新年天赐
2019-11-08 21:32:01 GS-1 [Error]: StdItems 不存在的钥匙：新年钥匙
2019-11-08 21:32:01 GS-1 [Error]: StdItems 不存在的钥匙：春节钥匙
2019-11-08 21:32:01 GS-1 [Error]: StdItems 不存在的钥匙：节日钥匙
2019-11-08 21:32:01 GS-1 [Error]: StdItems 不存在的天赐：感恩天赐
2019-11-08 21:32:01 GS-1 [Error]: StdItems 不存在的钥匙：感恩钥匙
2019-11-08 21:32:01 GS-1 系统参数初始化完毕
2019-11-08 21:32:01 GS-1 准备加载NPC，共519个
2019-11-08 21:32:01 GS-1 已加载d:\Mud2.0\Mir200\Share\EngineConfig\系统信息管理\RollMsg.txt！
2019-11-08 21:32:01 GS-1 已加载d:\Mud2.0\Mir200\Share\EngineConfig\系统信息管理\掉落物品提示.txt！
2019-11-08 21:32:01 GS-1 已加载d:\Mud2.0\Mir200\Share\EngineConfig\卧龙英雄管理\Fortress.txt！
2019-11-08 21:32:01 GS-1 已加载d:\Mud2.0\Mir200\Share\EngineConfig\游戏元素点阵管理\GMActEvent.txt！
2019-11-08 21:32:01 GS-1    加载邮件信息成功,加载0个玩家的邮件。
2019-11-08 21:32:01 GS-1    加载邮件信息成功,加载0个玩家的邮件。
2019-11-08 21:32:01 GS-1 已加载d:\Mud2.0\Mir200\Share\EngineConfig\摆摊交易\摊位基础设置.ini！
2019-11-08 21:32:01 GS-1 刷新摊位过期将在2:55执行！
2019-11-08 21:32:01 GS-1   加载Stall成功，共加载摊位0个
2019-11-08 21:32:01 GS-1 [Information]: 寄售表创建成功!
2019-11-08 21:32:01 GS-1 [Information]: 寄售历史表创建成功!
2019-11-08 21:32:01 GS-1 [Information]: 更新超时订单成功!
2019-11-08 21:32:01 GS-1 已加载刷新商城时间：00:00:00.
2019-11-08 21:32:01 GS-1 已加载刷新商城时间：06:00:00.
2019-11-08 21:32:01 GS-1 已加载刷新商城时间：12:00:00.
2019-11-08 21:32:01 GS-1 载入商城物品列表，共5个类别，40种商品
2019-11-08 21:32:01 GS-1 [商城]5声望包为脚本自定义物品
2019-11-08 21:32:01 GS-1 [商城]10声望包为脚本自定义物品
2019-11-08 21:32:01 GS-1 [商城]20声望包为脚本自定义物品
2019-11-08 21:32:01 GS-1 [商城]50声望包为脚本自定义物品
2019-11-08 21:32:01 GS-1 [商城]100声望包为脚本自定义物品
2019-11-08 21:32:01 GS-1 [商城]50金刚石为脚本自定义物品
2019-11-08 21:32:01 GS-1 [商城]100金刚石为脚本自定义物品
2019-11-08 21:32:01 GS-1 [商城]200金刚石为脚本自定义物品
2019-11-08 21:32:01 GS-1 [商城]500金刚石为脚本自定义物品
2019-11-08 21:32:01 GS-1 [商城]1000元宝为脚本自定义物品
2019-11-08 21:32:01 GS-1 ==> 加载商城物品 装饰类：11/11
2019-11-08 21:32:01 GS-1 ==> 加载商城物品 补给类：5/5
2019-11-08 21:32:01 GS-1 ==> 加载商城物品 强化类：14/14
2019-11-08 21:32:01 GS-1 ==> 加载商城物品 限量类：8/8
2019-11-08 21:32:01 GS-1 ==> 加载商城物品 好友类：2/2
2019-11-08 21:32:01 GS-1 ==> 加载商城物品 类：0/0
2019-11-08 21:32:01 GS-1 ==> 加载商城物品 类：0/0
2019-11-08 21:32:01 GS-1 ==> 加载商城物品 类：0/0
2019-11-08 21:32:01 GS-1    [删除错误数据] 删除用户表中不存在的战队成员
2019-11-08 21:32:01 GS-1    [删除错误数据] 清除战队队长不存在的项
2019-11-08 21:32:01 GS-1    [删除错误数据] 不存在战队的成员
2019-11-08 21:32:01 GS-1    正在加载战队...
2019-11-08 21:32:01 GS-1    战队表数量 : 0
2019-11-08 21:32:01 GS-1    加载战队数量:0
2019-11-08 21:32:01 GS-1    正在加载战队成员...
2019-11-08 21:32:01 GS-1    战队成员总数:0 加载成员数:0
2019-11-08 21:32:01 GS-1    正在检测战队数据有效性...
2019-11-08 21:32:01 GS-1    战队数据有效性检测完毕
2019-11-08 21:32:01 GS-1    [删除错误数据] 清除会长战队不存在行会
2019-11-08 21:32:01 GS-1    [删除错误数据] 清除行会不存在的行会成员
2019-11-08 21:32:01 GS-1    [删除错误数据] 清除行会不存在的行会关系ID排列错误的项
2019-11-08 21:32:01 GS-1    [删除错误数据] 清除行会不存在行会关系
2019-11-08 21:32:01 GS-1    [删除错误数据] 清除行会不存在关注行会
2019-11-08 21:32:01 GS-1    加载行会数量 : 0
2019-11-08 21:32:01 GS-1    加载行会成员(战队)数量 : 0
2019-11-08 21:32:01 GS-1    加载行会关系数量 : 0
2019-11-08 21:32:01 GS-1    加载关注行会数量 : 0
2019-11-08 21:32:01 GS-1    加载请求数量:0
2019-11-08 21:32:01 GS-1 [Error]: 小助手 不存在！
2019-11-08 21:32:01 GS-1 D411地图配置在MapInfo.txt 中不是LIMITBAGITEMDROP属性
2019-11-08 21:32:01 GS-1 D415地图配置在MapInfo.txt 中不是LIMITBAGITEMDROP属性
2019-11-08 21:32:01 GS-1 D416地图配置在MapInfo.txt 中不是LIMITBAGITEMDROP属性
2019-11-08 21:32:01 GS-1 信用分验证功能：开
2019-11-08 21:32:01 GS-1 GS脚本版本号：10001
2019-11-08 21:32:01 GS-1 更新排行榜，共计：0 页
2019-11-08 21:32:01 GS-1 Gate 1 开启
2019-11-08 21:37:02 GS-1 -----------------------------------------------------
---[Monster]: Max RunDelay: 454; Max RunCount 3236
---[Human]: Max RunDelay: 78; [Socket]: Max RunDelay: 16
---[App]: Min PerSecRun: 47; Max RunDelay 0
-----------------------------------------------------
2019-11-08 21:42:03 GS-1 -----------------------------------------------------
---[Monster]: Max RunDelay: 781; Max RunCount 3241
---[Human]: Max RunDelay: 79; [Socket]: Max RunDelay: 31
---[App]: Min PerSecRun: 27; Max RunDelay 0
-----------------------------------------------------
2019-11-08 21:43:50 GS-1 11-08 21:43:50 User = 0 / 0
2019-11-08 21:47:05 GS-1 -----------------------------------------------------
---[Monster]: Max RunDelay: 1094; Max RunCount 3247
---[Human]: Max RunDelay: 140; [Socket]: Max RunDelay: 47
---[App]: Min PerSecRun: 32; Max RunDelay 0
-----------------------------------------------------
2019-11-08 21:52:05 GS-1 -----------------------------------------------------
---[Monster]: Max RunDelay: 1016; Max RunCount 3247
---[Human]: Max RunDelay: 141; [Socket]: Max RunDelay: 63
---[App]: Min PerSecRun: 18; Max RunDelay 0
-----------------------------------------------------
2019-11-08 21:52:52 GS-1 载入商城热销商品列表，共0个。
2019-11-08 21:52:52 GS-1 ==> 加载商城热销榜:0
2019-11-08 21:53:50 GS-1 11-08 21:53:50 User = 1 / 1
2019-11-08 21:57:06 GS-1 -----------------------------------------------------
---[Monster]: Max RunDelay: 406; Max RunCount 3248
---[Human]: Max RunDelay: 62; [Socket]: Max RunDelay: 16
---[App]: Min PerSecRun: 52; Max RunDelay 0
-----------------------------------------------------
2019-11-08 22:02:07 GS-1 -----------------------------------------------------
---[Monster]: Max RunDelay: 469; Max RunCount 3250
---[Human]: Max RunDelay: 62; [Socket]: Max RunDelay: 16
---[App]: Min PerSecRun: 48; Max RunDelay 0
-----------------------------------------------------
2019-11-08 22:03:50 GS-1 11-08 22:03:50 User = 1 / 1
2019-11-08 22:07:08 GS-1 -----------------------------------------------------
---[Monster]: Max RunDelay: 469; Max RunCount 3182
---[Human]: Max RunDelay: 109; [Socket]: Max RunDelay: 47
---[App]: Min PerSecRun: 45; Max RunDelay 0
-----------------------------------------------------
2019-11-08 22:12:14 GS-1 -----------------------------------------------------
---[Monster]: Max RunDelay: 1094; Max RunCount 3160
---[Human]: Max RunDelay: 94; [Socket]: Max RunDelay: 63
---[App]: Min PerSecRun: 18; Max RunDelay 0
-----------------------------------------------------
2019-11-08 22:13:56 GS-1 11-08 22:13:56 User = 0 / 0
2019-11-08 22:17:15 GS-1 -----------------------------------------------------
---[Monster]: Max RunDelay: 594; Max RunCount 3160
---[Human]: Max RunDelay: 47; [Socket]: Max RunDelay: 32
---[App]: Min PerSecRun: 48; Max RunDelay 0
-----------------------------------------------------
2019-11-08 22:22:16 GS-1 -----------------------------------------------------
---[Monster]: Max RunDelay: 532; Max RunCount 3161
---[Human]: Max RunDelay: 141; [Socket]: Max RunDelay: 31
---[App]: Min PerSecRun: 35; Max RunDelay 0
-----------------------------------------------------
2019-11-08 22:23:55 GS-1 11-08 22:23:55 User = 0 / 0
2019-11-08 22:27:17 GS-1 -----------------------------------------------------
---[Monster]: Max RunDelay: 391; Max RunCount 3161
---[Human]: Max RunDelay: 32; [Socket]: Max RunDelay: 16
---[App]: Min PerSecRun: 65; Max RunDelay 0
-----------------------------------------------------
2019-11-08 22:32:17 GS-1 -----------------------------------------------------
---[Monster]: Max RunDelay: 1140; Max RunCount 3161
---[Human]: Max RunDelay: 172; [Socket]: Max RunDelay: 125
---[App]: Min PerSecRun: 36; Max RunDelay 0
-----------------------------------------------------
2019-11-08 22:33:55 GS-1 11-08 22:33:55 User = 0 / 0
2019-11-08 22:37:18 GS-1 -----------------------------------------------------
---[Monster]: Max RunDelay: 375; Max RunCount 3161
---[Human]: Max RunDelay: 47; [Socket]: Max RunDelay: 47
---[App]: Min PerSecRun: 63; Max RunDelay 0
-----------------------------------------------------
2019-11-08 22:42:19 GS-1 -----------------------------------------------------
---[Monster]: Max RunDelay: 922; Max RunCount 3161
---[Human]: Max RunDelay: 219; [Socket]: Max RunDelay: 140
---[App]: Min PerSecRun: 33; Max RunDelay 0
-----------------------------------------------------
2019-11-08 22:43:55 GS-1 11-08 22:43:55 User = 1 / 1
2019-11-08 22:47:20 GS-1 -----------------------------------------------------
---[Monster]: Max RunDelay: 921; Max RunCount 3161
---[Human]: Max RunDelay: 500; [Socket]: Max RunDelay: 344
---[App]: Min PerSecRun: 22; Max RunDelay 0
-----------------------------------------------------
2019-11-08 22:52:21 GS-1 -----------------------------------------------------
---[Monster]: Max RunDelay: 468; Max RunCount 3161
---[Human]: Max RunDelay: 156; [Socket]: Max RunDelay: 16
---[App]: Min PerSecRun: 48; Max RunDelay 0
-----------------------------------------------------
2019-11-08 22:52:57 GS-1 载入商城热销商品列表，共0个。
2019-11-08 22:52:57 GS-1 ==> 加载商城热销榜:0
2019-11-08 22:53:57 GS-1 11-08 22:53:57 User = 0 / 0
2019-11-08 22:57:22 GS-1 -----------------------------------------------------
---[Monster]: Max RunDelay: 875; Max RunCount 3161
---[Human]: Max RunDelay: 157; [Socket]: Max RunDelay: 46
---[App]: Min PerSecRun: 24; Max RunDelay 0
-----------------------------------------------------
2019-11-08 23:02:23 GS-1 -----------------------------------------------------
---[Monster]: Max RunDelay: 437; Max RunCount 3161
---[Human]: Max RunDelay: 47; [Socket]: Max RunDelay: 62
---[App]: Min PerSecRun: 55; Max RunDelay 0
-----------------------------------------------------
2019-11-08 23:03:57 GS-1 11-08 23:03:57 User = 0 / 0
2019-11-08 23:07:24 GS-1 -----------------------------------------------------
---[Monster]: Max RunDelay: 360; Max RunCount 3161
---[Human]: Max RunDelay: 63; [Socket]: Max RunDelay: 16
---[App]: Min PerSecRun: 63; Max RunDelay 0
-----------------------------------------------------
2019-11-08 23:12:25 GS-1 -----------------------------------------------------
---[Monster]: Max RunDelay: 390; Max RunCount 3161
---[Human]: Max RunDelay: 31; [Socket]: Max RunDelay: 16
---[App]: Min PerSecRun: 62; Max RunDelay 0
-----------------------------------------------------
2019-11-08 23:13:57 GS-1 11-08 23:13:57 User = 0 / 0
2019-11-08 23:17:26 GS-1 -----------------------------------------------------
---[Monster]: Max RunDelay: 406; Max RunCount 3153
---[Human]: Max RunDelay: 156; [Socket]: Max RunDelay: 31
---[App]: Min PerSecRun: 56; Max RunDelay 0
-----------------------------------------------------
2019-11-08 23:22:27 GS-1 -----------------------------------------------------
---[Monster]: Max RunDelay: 453; Max RunCount 3153
---[Human]: Max RunDelay: 31; [Socket]: Max RunDelay: 16
---[App]: Min PerSecRun: 60; Max RunDelay 0
-----------------------------------------------------
2019-11-08 23:23:57 GS-1 11-08 23:23:57 User = 0 / 0
2019-11-08 23:27:28 GS-1 -----------------------------------------------------
---[Monster]: Max RunDelay: 469; Max RunCount 3150
---[Human]: Max RunDelay: 62; [Socket]: Max RunDelay: 16
---[App]: Min PerSecRun: 52; Max RunDelay 0
-----------------------------------------------------
2019-11-08 23:32:30 GS-1 -----------------------------------------------------
---[Monster]: Max RunDelay: 344; Max RunCount 3161
---[Human]: Max RunDelay: 109; [Socket]: Max RunDelay: 16
---[App]: Min PerSecRun: 65; Max RunDelay 0
-----------------------------------------------------
2019-11-08 23:33:58 GS-1 11-08 23:33:58 User = 0 / 0
2019-11-08 23:37:30 GS-1 -----------------------------------------------------
---[Monster]: Max RunDelay: 469; Max RunCount 3161
---[Human]: Max RunDelay: 93; [Socket]: Max RunDelay: 16
---[App]: Min PerSecRun: 48; Max RunDelay 0
-----------------------------------------------------
2019-11-08 23:42:31 GS-1 -----------------------------------------------------
---[Monster]: Max RunDelay: 1594; Max RunCount 3150
---[Human]: Max RunDelay: 453; [Socket]: Max RunDelay: 344
---[App]: Min PerSecRun: 18; Max RunDelay 0
-----------------------------------------------------
2019-11-08 23:43:58 GS-1 11-08 23:43:58 User = 0 / 0
2019-11-08 23:47:32 GS-1 -----------------------------------------------------
---[Monster]: Max RunDelay: 282; Max RunCount 3161
---[Human]: Max RunDelay: 32; [Socket]: Max RunDelay: 16
---[App]: Min PerSecRun: 69; Max RunDelay 0
-----------------------------------------------------
2019-11-08 23:52:33 GS-1 -----------------------------------------------------
---[Monster]: Max RunDelay: 266; Max RunCount 3161
---[Human]: Max RunDelay: 32; [Socket]: Max RunDelay: 16
---[App]: Min PerSecRun: 71; Max RunDelay 0
-----------------------------------------------------
2019-11-08 23:52:57 GS-1 载入商城热销商品列表，共0个。
2019-11-08 23:52:57 GS-1 ==> 加载商城热销榜:0
2019-11-08 23:53:58 GS-1 11-08 23:53:58 User = 0 / 0
2019-11-08 23:57:34 GS-1 -----------------------------------------------------
---[Monster]: Max RunDelay: 1641; Max RunCount 3161
---[Human]: Max RunDelay: 265; [Socket]: Max RunDelay: 93
---[App]: Min PerSecRun: 7; Max RunDelay 0
-----------------------------------------------------
2019-11-09 00:00:00 GS-1 载入商城物品列表，共5个类别，40种商品
2019-11-09 00:00:00 GS-1 [商城]5声望包为脚本自定义物品
2019-11-09 00:00:00 GS-1 [商城]10声望包为脚本自定义物品
2019-11-09 00:00:00 GS-1 [商城]20声望包为脚本自定义物品
2019-11-09 00:00:00 GS-1 [商城]50声望包为脚本自定义物品
2019-11-09 00:00:00 GS-1 [商城]100声望包为脚本自定义物品
2019-11-09 00:00:00 GS-1 [商城]50金刚石为脚本自定义物品
2019-11-09 00:00:00 GS-1 [商城]100金刚石为脚本自定义物品
2019-11-09 00:00:00 GS-1 [商城]200金刚石为脚本自定义物品
2019-11-09 00:00:00 GS-1 [商城]500金刚石为脚本自定义物品
2019-11-09 00:00:00 GS-1 [商城]1000元宝为脚本自定义物品
2019-11-09 00:00:00 GS-1 ==> 加载商城物品 装饰类：11/11
2019-11-09 00:00:00 GS-1 ==> 加载商城物品 补给类：5/5
2019-11-09 00:00:00 GS-1 ==> 加载商城物品 强化类：14/14
2019-11-09 00:00:00 GS-1 ==> 加载商城物品 限量类：8/8
2019-11-09 00:00:00 GS-1 ==> 加载商城物品 好友类：2/2
2019-11-09 00:00:00 GS-1 ==> 加载商城物品 类：0/0
2019-11-09 00:00:00 GS-1 ==> 加载商城物品 类：0/0
2019-11-09 00:00:00 GS-1 ==> 加载商城物品 类：0/0
2019-11-09 00:02:35 GS-1 -----------------------------------------------------
---[Monster]: Max RunDelay: 437; Max RunCount 3161
---[Human]: Max RunDelay: 94; [Socket]: Max RunDelay: 15
---[App]: Min PerSecRun: 60; Max RunDelay 0
-----------------------------------------------------
2019-11-09 00:03:59 GS-1 11-09 00:03:59 User = 0 / 0
2019-11-09 00:07:36 GS-1 -----------------------------------------------------
---[Monster]: Max RunDelay: 297; Max RunCount 3161
---[Human]: Max RunDelay: 31; [Socket]: Max RunDelay: 15
---[App]: Min PerSecRun: 63; Max RunDelay 0
-----------------------------------------------------
2019-11-09 00:12:37 GS-1 -----------------------------------------------------
---[Monster]: Max RunDelay: 453; Max RunCount 3161
---[Human]: Max RunDelay: 31; [Socket]: Max RunDelay: 16
---[App]: Min PerSecRun: 58; Max RunDelay 0
-----------------------------------------------------
2019-11-09 00:13:58 GS-1 11-09 00:13:58 User = 0 / 0
2019-11-09 00:17:38 GS-1 -----------------------------------------------------
---[Monster]: Max RunDelay: 390; Max RunCount 3161
---[Human]: Max RunDelay: 32; [Socket]: Max RunDelay: 16
---[App]: Min PerSecRun: 61; Max RunDelay 0
-----------------------------------------------------
2019-11-09 00:22:39 GS-1 -----------------------------------------------------
---[Monster]: Max RunDelay: 891; Max RunCount 3161
---[Human]: Max RunDelay: 312; [Socket]: Max RunDelay: 16
---[App]: Min PerSecRun: 20; Max RunDelay 0
-----------------------------------------------------
2019-11-09 00:23:59 GS-1 11-09 00:23:59 User = 0 / 0
2019-11-09 00:27:40 GS-1 -----------------------------------------------------
---[Monster]: Max RunDelay: 375; Max RunCount 3110
---[Human]: Max RunDelay: 31; [Socket]: Max RunDelay: 16
---[App]: Min PerSecRun: 58; Max RunDelay 0
-----------------------------------------------------
2019-11-09 00:32:41 GS-1 -----------------------------------------------------
---[Monster]: Max RunDelay: 422; Max RunCount 3153
---[Human]: Max RunDelay: 32; [Socket]: Max RunDelay: 32
---[App]: Min PerSecRun: 54; Max RunDelay 0
-----------------------------------------------------
2019-11-09 00:33:59 GS-1 11-09 00:33:59 User = 0 / 0
2019-11-09 00:37:42 GS-1 -----------------------------------------------------
---[Monster]: Max RunDelay: 313; Max RunCount 3161
---[Human]: Max RunDelay: 32; [Socket]: Max RunDelay: 16
---[App]: Min PerSecRun: 63; Max RunDelay 0
-----------------------------------------------------
2019-11-09 00:42:43 GS-1 -----------------------------------------------------
---[Monster]: Max RunDelay: 313; Max RunCount 3161
---[Human]: Max RunDelay: 32; [Socket]: Max RunDelay: 16
---[App]: Min PerSecRun: 61; Max RunDelay 0
-----------------------------------------------------
2019-11-09 00:43:59 GS-1 11-09 00:43:59 User = 0 / 0
2019-11-09 00:47:44 GS-1 -----------------------------------------------------
---[Monster]: Max RunDelay: 312; Max RunCount 3161
---[Human]: Max RunDelay: 32; [Socket]: Max RunDelay: 15
---[App]: Min PerSecRun: 67; Max RunDelay 0
-----------------------------------------------------
2019-11-09 00:52:46 GS-1 -----------------------------------------------------
---[Monster]: Max RunDelay: 297; Max RunCount 3150
---[Human]: Max RunDelay: 46; [Socket]: Max RunDelay: 16
---[App]: Min PerSecRun: 69; Max RunDelay 0
-----------------------------------------------------
2019-11-09 00:52:57 GS-1 载入商城热销商品列表，共0个。
2019-11-09 00:52:57 GS-1 ==> 加载商城热销榜:0
2019-11-09 00:54:00 GS-1 11-09 00:54:00 User = 0 / 0
2019-11-09 00:57:47 GS-1 -----------------------------------------------------
---[Monster]: Max RunDelay: 359; Max RunCount 3161
---[Human]: Max RunDelay: 110; [Socket]: Max RunDelay: 16
---[App]: Min PerSecRun: 57; Max RunDelay 0
-----------------------------------------------------
2019-11-09 01:02:47 GS-1 -----------------------------------------------------
---[Monster]: Max RunDelay: 1140; Max RunCount 3161
---[Human]: Max RunDelay: 406; [Socket]: Max RunDelay: 172
---[App]: Min PerSecRun: 23; Max RunDelay 0
-----------------------------------------------------
2019-11-09 01:04:00 GS-1 11-09 01:04:00 User = 0 / 0
2019-11-09 01:07:48 GS-1 -----------------------------------------------------
---[Monster]: Max RunDelay: 1297; Max RunCount 3181
---[Human]: Max RunDelay: 375; [Socket]: Max RunDelay: 156
---[App]: Min PerSecRun: 12; Max RunDelay 0
-----------------------------------------------------
2019-11-09 01:12:49 GS-1 -----------------------------------------------------
---[Monster]: Max RunDelay: 390; Max RunCount 3161
---[Human]: Max RunDelay: 32; [Socket]: Max RunDelay: 16
---[App]: Min PerSecRun: 60; Max RunDelay 0
-----------------------------------------------------
2019-11-09 01:14:01 GS-1 11-09 01:14:01 User = 0 / 0
2019-11-09 01:17:50 GS-1 -----------------------------------------------------
---[Monster]: Max RunDelay: 500; Max RunCount 3161
---[Human]: Max RunDelay: 32; [Socket]: Max RunDelay: 16
---[App]: Min PerSecRun: 46; Max RunDelay 0
-----------------------------------------------------
2019-11-09 01:22:51 GS-1 -----------------------------------------------------
---[Monster]: Max RunDelay: 641; Max RunCount 3161
---[Human]: Max RunDelay: 78; [Socket]: Max RunDelay: 78
---[App]: Min PerSecRun: 34; Max RunDelay 0
-----------------------------------------------------
2019-11-09 01:24:00 GS-1 11-09 01:24:00 User = 0 / 0
2019-11-09 01:27:51 GS-1 -----------------------------------------------------
---[Monster]: Max RunDelay: 2391; Max RunCount 3161
---[Human]: Max RunDelay: 2016; [Socket]: Max RunDelay: 47
---[App]: Min PerSecRun: 35; Max RunDelay 0
-----------------------------------------------------
2019-11-09 01:32:52 GS-1 -----------------------------------------------------
---[Monster]: Max RunDelay: 329; Max RunCount 3161
---[Human]: Max RunDelay: 32; [Socket]: Max RunDelay: 16
---[App]: Min PerSecRun: 62; Max RunDelay 0
-----------------------------------------------------
2019-11-09 01:34:00 GS-1 11-09 01:34:00 User = 0 / 0
2019-11-09 01:37:53 GS-1 -----------------------------------------------------
---[Monster]: Max RunDelay: 406; Max RunCount 3161
---[Human]: Max RunDelay: 78; [Socket]: Max RunDelay: 32
---[App]: Min PerSecRun: 55; Max RunDelay 0
-----------------------------------------------------
2019-11-09 01:42:55 GS-1 -----------------------------------------------------
---[Monster]: Max RunDelay: 562; Max RunCount 3161
---[Human]: Max RunDelay: 47; [Socket]: Max RunDelay: 16
---[App]: Min PerSecRun: 40; Max RunDelay 0
-----------------------------------------------------
2019-11-09 01:44:02 GS-1 11-09 01:44:02 User = 0 / 0
2019-11-09 01:47:56 GS-1 -----------------------------------------------------
---[Monster]: Max RunDelay: 468; Max RunCount 3161
---[Human]: Max RunDelay: 63; [Socket]: Max RunDelay: 31
---[App]: Min PerSecRun: 47; Max RunDelay 0
-----------------------------------------------------
2019-11-09 01:52:57 GS-1 -----------------------------------------------------
---[Monster]: Max RunDelay: 453; Max RunCount 3161
---[Human]: Max RunDelay: 47; [Socket]: Max RunDelay: 47
---[App]: Min PerSecRun: 44; Max RunDelay 0
-----------------------------------------------------
2019-11-09 01:52:57 GS-1 载入商城热销商品列表，共0个。
2019-11-09 01:52:57 GS-1 ==> 加载商城热销榜:0
2019-11-09 01:54:02 GS-1 11-09 01:54:02 User = 0 / 0
2019-11-09 01:57:57 GS-1 -----------------------------------------------------
---[Monster]: Max RunDelay: 562; Max RunCount 3161
---[Human]: Max RunDelay: 78; [Socket]: Max RunDelay: 47
---[App]: Min PerSecRun: 38; Max RunDelay 0
-----------------------------------------------------
2019-11-09 02:02:59 GS-1 -----------------------------------------------------
---[Monster]: Max RunDelay: 484; Max RunCount 3161
---[Human]: Max RunDelay: 63; [Socket]: Max RunDelay: 78
---[App]: Min PerSecRun: 44; Max RunDelay 0
-----------------------------------------------------
2019-11-09 02:04:02 GS-1 11-09 02:04:02 User = 0 / 0
2019-11-09 02:08:00 GS-1 -----------------------------------------------------
---[Monster]: Max RunDelay: 438; Max RunCount 3161
---[Human]: Max RunDelay: 47; [Socket]: Max RunDelay: 125
---[App]: Min PerSecRun: 47; Max RunDelay 0
-----------------------------------------------------
2019-11-09 02:13:00 GS-1 -----------------------------------------------------
---[Monster]: Max RunDelay: 453; Max RunCount 3161
---[Human]: Max RunDelay: 78; [Socket]: Max RunDelay: 62
---[App]: Min PerSecRun: 48; Max RunDelay 0
-----------------------------------------------------
2019-11-09 02:14:03 GS-1 11-09 02:14:03 User = 0 / 0
2019-11-09 02:18:01 GS-1 -----------------------------------------------------
---[Monster]: Max RunDelay: 516; Max RunCount 3161
---[Human]: Max RunDelay: 94; [Socket]: Max RunDelay: 32
---[App]: Min PerSecRun: 42; Max RunDelay 0
-----------------------------------------------------
2019-11-09 02:23:03 GS-1 -----------------------------------------------------
---[Monster]: Max RunDelay: 938; Max RunCount 3161
---[Human]: Max RunDelay: 94; [Socket]: Max RunDelay: 109
---[App]: Min PerSecRun: 31; Max RunDelay 0
-----------------------------------------------------
2019-11-09 02:24:03 GS-1 11-09 02:24:03 User = 0 / 0
2019-11-09 02:28:03 GS-1 -----------------------------------------------------
---[Monster]: Max RunDelay: 610; Max RunCount 3150
---[Human]: Max RunDelay: 78; [Socket]: Max RunDelay: 32
---[App]: Min PerSecRun: 39; Max RunDelay 0
-----------------------------------------------------
2019-11-09 02:33:05 GS-1 -----------------------------------------------------
---[Monster]: Max RunDelay: 485; Max RunCount 3150
---[Human]: Max RunDelay: 78; [Socket]: Max RunDelay: 31
---[App]: Min PerSecRun: 48; Max RunDelay 0
-----------------------------------------------------
2019-11-09 02:34:03 GS-1 11-09 02:34:03 User = 0 / 0
2019-11-09 02:37:21 GS-1 [Warning]: 与DB 服务器断开连接....
