2019-06-29 06:06:10 GS-1 -----------------------------------------------------
---[Monster]: Max RunDelay: 313; Max RunCount 3200
---[Human]: Max RunDelay: 32; [Socket]: Max RunDelay: 0
---[App]: Min PerSecRun: 67; Max RunDelay 0
-----------------------------------------------------
2019-06-29 06:09:53 GS-1 06-29 06:09:53 User = 1 / 1
2019-06-29 06:11:11 GS-1 -----------------------------------------------------
---[Monster]: Max RunDelay: 297; Max RunCount 3200
---[Human]: Max RunDelay: 15; [Socket]: Max RunDelay: 16
---[App]: Min PerSecRun: 65; Max RunDelay 0
-----------------------------------------------------
2019-06-29 06:16:13 GS-1 -----------------------------------------------------
---[Monster]: Max RunDelay: 375; Max RunCount 3134
---[Human]: Max RunDelay: 47; [Socket]: Max RunDelay: 16
---[App]: Min PerSecRun: 61; Max RunDelay 0
-----------------------------------------------------
2019-06-29 06:19:54 GS-1 06-29 06:19:54 User = 1 / 1
2019-06-29 06:21:14 GS-1 -----------------------------------------------------
---[Monster]: Max RunDelay: 156; Max RunCount 3189
---[Human]: Max RunDelay: 31; [Socket]: Max RunDelay: 16
---[App]: Min PerSecRun: 78; Max RunDelay 0
-----------------------------------------------------
2019-06-29 06:26:15 GS-1 -----------------------------------------------------
---[Monster]: Max RunDelay: 125; Max RunCount 3200
---[Human]: Max RunDelay: 16; [Socket]: Max RunDelay: 16
---[App]: Min PerSecRun: 79; Max RunDelay 0
-----------------------------------------------------
2019-06-29 06:29:54 GS-1 06-29 06:29:54 User = 1 / 1
2019-06-29 06:29:55 GS-1 载入商城热销商品列表，共0个。
2019-06-29 06:29:55 GS-1 ==> 加载商城热销榜:0
2019-06-29 06:31:16 GS-1 -----------------------------------------------------
---[Monster]: Max RunDelay: 360; Max RunCount 3200
---[Human]: Max RunDelay: 31; [Socket]: Max RunDelay: 0
---[App]: Min PerSecRun: 54; Max RunDelay 0
-----------------------------------------------------
2019-06-29 06:36:17 GS-1 -----------------------------------------------------
---[Monster]: Max RunDelay: 235; Max RunCount 3134
---[Human]: Max RunDelay: 31; [Socket]: Max RunDelay: 16
---[App]: Min PerSecRun: 77; Max RunDelay 0
-----------------------------------------------------
2019-06-29 06:39:54 GS-1 06-29 06:39:54 User = 1 / 1
2019-06-29 06:40:27 GS-1 ==加载GM指令定义完成==
2019-06-29 06:40:28 GS-1 06:40:29 Gate 1 (106.52.201.110) 关闭
2019-06-29 06:40:28 GS-1 [Warning]: 与DB 服务器断开连接....
2019-06-29 06:40:34 GS-1 释放--魔龙冰晶升级对象--结束
2019-06-29 06:40:34 GS-1 释放--天赐宝箱1--结束
2019-06-29 06:40:34 GS-1 释放--天赐宝箱2--结束
2019-06-29 06:40:34 GS-1 释放--一点充--结束
2019-06-29 06:40:34 GS-1 释放--事件管理对象--结束
2019-06-29 06:40:34 GS-1 释放--任务管理对象--结束
2019-06-29 06:40:34 GS-1 释放--升级提醒管理对象--结束
2019-06-29 06:40:34 GS-1 释放--GDMsg管理对象--结束
2019-06-29 06:40:34 GS-1 释放--跨地图寻路管理对象--结束
2019-06-29 06:40:34 GS-1 释放--沙巴克管理对象--结束
2019-06-29 06:40:34 GS-1 释放--中央活动服务器客户端--结束
2019-06-29 06:40:34 GS-1 释放--乾坤包--结束
2019-06-29 06:40:34 GS-1 正在清除模块-卧龙英雄管理-的配置表d:\Mud2.0\Mir200\Share\EngineConfig\卧龙英雄管理\Fortress-HERO1.txt
2019-06-29 06:40:34 GS-1 正在清除模块-卧龙英雄管理-的配置表d:\Mud2.0\Mir200\Share\EngineConfig\卧龙英雄管理\Fortress.txt
2019-06-29 06:40:34 GS-1 正在清除模块-游戏元素点阵管理-的配置表d:\Mud2.0\Mir200\Share\EngineConfig\游戏元素点阵管理\GMActEvent.txt
2019-06-29 06:40:34 GS-1 正在清除模块-信用分管理-的配置表d:\Mud2.0\Mir200\Share\EngineConfig\信用分管理\PlayerActivePoint.xml
2019-06-29 06:40:34 GS-1 正在清除模块-信用分管理-的配置表d:\Mud2.0\Mir200\Share\EngineConfig\信用分管理\MapActivePoint.xml
2019-06-29 06:40:34 GS-1 正在清除模块-摆摊交易-的配置表d:\Mud2.0\Mir200\Share\EngineConfig\摆摊交易\摊位基础设置.ini
2019-06-29 06:40:34 GS-1 正在清除模块-元宝商城管理-的配置表d:\Mud2.0\Mir200\Share\EngineConfig\元宝商城管理\YBGoods.sql
2019-06-29 06:40:35 GS-1 正在清除模块-小助手管理-的配置表d:\Mud2.0\Mir200\Share\EngineConfig\小助手管理\小助手.txt
2019-06-29 06:40:35 GS-1 正在清除模块-静态地图管理-的配置表d:\Mud2.0\Mir200\Share\EngineConfig\静态地图管理\MapDropLimitBagItems.xml
2019-06-29 06:40:35 GS-1 正在清除模块-装备合成管理-的配置表d:\Mud2.0\Mir200\Share\EngineConfig\装备合成管理\StrengthenEquip.xml
2019-06-29 06:40:35 GS-1 正在清除模块-藏宝图管理-的配置表d:\Mud2.0\Mir200\Share\EngineConfig\藏宝图管理\修复藏宝图.txt
2019-06-29 06:40:35 GS-1 正在清除模块-藏宝图管理-的配置表d:\Mud2.0\Mir200\Share\EngineConfig\藏宝图管理\魔龙藏宝图合成装备.txt
2019-06-29 06:40:35 GS-1 正在清除模块-衣服升级管理-的配置表d:\Mud2.0\Mir200\Share\EngineConfig\衣服升级管理\UpdateClothes.xml
2019-06-29 06:40:35 GS-1 正在清除模块-道具管理-的配置表d:\Mud2.0\Mir200\Share\EngineConfig\道具管理\宝石配置.txt
2019-06-29 06:40:35 GS-1 正在清除模块-世界暴率管理-的配置表d:\Mud2.0\Mir200\Share\EngineConfig\世界暴率管理\世界爆率文件1.txt
2019-06-29 06:40:35 GS-1 释放--跨GS消息管理对象--结束
2019-06-29 06:40:35 GS-1 释放--gate管理对象--结束
2019-06-29 06:40:35 GS-1 释放--魔法管理对象--结束
2019-06-29 06:40:35 GS-1 释放--套装管理对象--结束
2019-06-29 06:40:35 GS-1 释放--新暴率管理对象--结束
2019-06-29 06:40:35 GS-1 释放--角色信息初始化管理对象--结束
2019-06-29 06:40:35 GS-1 释放--GS本地日志--结束
2019-06-29 06:40:35 GS-1 释放--DBEngn对象--结束
2019-06-29 06:40:35 GS-1 释放--任务列表--结束
2019-06-29 06:40:35 GS-1 释放--buffer管理类--结束
2019-06-29 06:40:35 GS-1 释放--排行榜--结束
2019-06-29 06:40:35 GS-1 释放--免费回收--结束
2019-06-29 06:40:35 GS-1 释放--mysql对象--结束
2019-06-29 06:40:35 GS-1 ================ 服务停止 ==============
