2019-09-09 18:53:05 GS-1 -----------------------------------------------------
---[Monster]: Max RunDelay: 0; Max RunCount 0
---[Human]: Max RunDelay: 0; [Socket]: Max RunDelay: 0
---[App]: Min PerSecRun: 100; Max RunDelay 0
-----------------------------------------------------
2019-09-09 18:53:05 GS-1 ================ 服务启动 ==============
2019-09-09 18:53:05 GS-1 TPlayerBody Size - 1616
2019-09-09 18:53:05 GS-1 TPlayerDB Size - 61608
2019-09-09 18:53:05 GS-1 ======== 连接MySQL成功 =======
2019-09-09 18:53:05 GS-1 *** ***Gamelog 的下次清理时间为 : 09月16日03时*** ***
2019-09-09 18:53:05 GS-1 ==加载GM指令定义完成==
2019-09-09 18:53:05 GS-1 与 DB 服务器连接成功
2019-09-09 18:53:05 GS-1 [Error]: 火龙珠奖励配置错误！
2019-09-09 18:53:05 GS-1 [Error]: 抽取概率错误:赤金天赐->宝箱1:概率7
2019-09-09 18:53:05 GS-1 [Error]: 抽取概率错误:白银天赐->宝箱1:概率7
2019-09-09 18:53:05 GS-1 [Error]: 抽取概率错误:紫铜天赐->宝箱1:概率7
2019-09-09 18:53:05 GS-1 [Error]: 抽取概率错误:神秘天赐->宝箱1:概率7
2019-09-09 18:53:05 GS-1 [Error]: 抽取概率错误:檀木天赐->宝箱1:概率7
2019-09-09 18:53:05 GS-1 [Error]: 抽取概率错误:宝藏天赐 ->宝箱1:概率7
2019-09-09 18:53:05 GS-1 [Error]: StdItems 不存在的天赐：新年天赐
2019-09-09 18:53:05 GS-1 [Error]: StdItems 不存在的钥匙：新年钥匙
2019-09-09 18:53:05 GS-1 [Error]: StdItems 不存在的钥匙：春节钥匙
2019-09-09 18:53:05 GS-1 [Error]: StdItems 不存在的钥匙：节日钥匙
2019-09-09 18:53:05 GS-1 [Error]: StdItems 不存在的天赐：感恩天赐
2019-09-09 18:53:05 GS-1 [Error]: StdItems 不存在的钥匙：感恩钥匙
2019-09-09 18:53:05 GS-1 系统参数初始化完毕
2019-09-09 18:53:05 GS-1 准备加载NPC，共530个
2019-09-09 18:53:05 GS-1 已加载d:\Mud2.0\Mir200\Share\EngineConfig\系统信息管理\RollMsg.txt！
2019-09-09 18:53:05 GS-1 已加载d:\Mud2.0\Mir200\Share\EngineConfig\系统信息管理\掉落物品提示.txt！
2019-09-09 18:53:05 GS-1 已加载d:\Mud2.0\Mir200\Share\EngineConfig\卧龙英雄管理\Fortress.txt！
2019-09-09 18:53:05 GS-1 已加载d:\Mud2.0\Mir200\Share\EngineConfig\游戏元素点阵管理\GMActEvent.txt！
2019-09-09 18:53:05 GS-1    加载邮件信息成功,加载13个玩家的邮件。
2019-09-09 18:53:05 GS-1    加载邮件信息成功,加载60个玩家的邮件。
2019-09-09 18:53:05 GS-1 已加载d:\Mud2.0\Mir200\Share\EngineConfig\摆摊交易\摊位基础设置.ini！
2019-09-09 18:53:05 GS-1 刷新摊位过期将在2:55执行！
2019-09-09 18:53:05 GS-1   加载Stall成功，共加载摊位5个
2019-09-09 18:53:05 GS-1 [Information]: 寄售表创建成功!
2019-09-09 18:53:05 GS-1 [Information]: 寄售历史表创建成功!
2019-09-09 18:53:05 GS-1 [Information]: 更新超时订单成功!
2019-09-09 18:53:05 GS-1 已加载刷新商城时间：00:00:00.
2019-09-09 18:53:05 GS-1 已加载刷新商城时间：06:00:00.
2019-09-09 18:53:05 GS-1 已加载刷新商城时间：12:00:00.
2019-09-09 18:53:05 GS-1 载入商城物品列表，共5个类别，41种商品
2019-09-09 18:53:05 GS-1 ==> 加载商城物品 装饰类：11/11
2019-09-09 18:53:05 GS-1 ==> 加载商城物品 补给类：5/5
2019-09-09 18:53:05 GS-1 ==> 加载商城物品 强化类：15/15
2019-09-09 18:53:05 GS-1 ==> 加载商城物品 限量类：8/8
2019-09-09 18:53:05 GS-1 ==> 加载商城物品 好友类：2/2
2019-09-09 18:53:05 GS-1 ==> 加载商城物品 类：0/0
2019-09-09 18:53:05 GS-1 ==> 加载商城物品 类：0/0
2019-09-09 18:53:05 GS-1 ==> 加载商城物品 类：0/0
2019-09-09 18:53:05 GS-1    [删除错误数据] 删除用户表中不存在的战队成员
2019-09-09 18:53:05 GS-1    [删除错误数据] 清除战队队长不存在的项
2019-09-09 18:53:05 GS-1    [删除错误数据] 不存在战队的成员
2019-09-09 18:53:05 GS-1    正在加载战队...
2019-09-09 18:53:05 GS-1    战队表数量 : 3
2019-09-09 18:53:05 GS-1    战队表数量 : 0
2019-09-09 18:53:05 GS-1    加载战队数量:3
2019-09-09 18:53:05 GS-1    正在加载战队成员...
2019-09-09 18:53:05 GS-1    战队成员总数:29 加载成员数:29
2019-09-09 18:53:05 GS-1    正在检测战队数据有效性...
2019-09-09 18:53:05 GS-1    战队数据有效性检测完毕
2019-09-09 18:53:05 GS-1    [删除错误数据] 清除会长战队不存在行会
2019-09-09 18:53:05 GS-1    [删除错误数据] 清除行会不存在的行会成员
2019-09-09 18:53:05 GS-1    [删除错误数据] 清除行会不存在的行会关系ID排列错误的项
2019-09-09 18:53:05 GS-1    [删除错误数据] 清除行会不存在行会关系
2019-09-09 18:53:05 GS-1    [删除错误数据] 清除行会不存在关注行会
2019-09-09 18:53:05 GS-1    加载行会数量 : 3
2019-09-09 18:53:05 GS-1    加载行会成员(战队)数量 : 3
2019-09-09 18:53:05 GS-1    加载行会关系数量 : 0
2019-09-09 18:53:05 GS-1    加载关注行会数量 : 0
2019-09-09 18:53:05 GS-1    加载请求数量:0
2019-09-09 18:53:05 GS-1 [Error]: 小助手 不存在！
2019-09-09 18:53:05 GS-1 D411地图配置在MapInfo.txt 中不是LIMITBAGITEMDROP属性
2019-09-09 18:53:05 GS-1 D415地图配置在MapInfo.txt 中不是LIMITBAGITEMDROP属性
2019-09-09 18:53:05 GS-1 D416地图配置在MapInfo.txt 中不是LIMITBAGITEMDROP属性
2019-09-09 18:53:05 GS-1 信用分验证功能：开
2019-09-09 18:53:05 GS-1 GS脚本版本号：10001
2019-09-09 18:53:05 GS-1 更新排行榜，共计：53 页
2019-09-09 18:53:44 GS-1 载入商城热销商品列表，共36个。
2019-09-09 18:53:44 GS-1 ==> 加载商城热销榜:5
2019-09-09 18:53:50 GS-1 Gate 1 开启
2019-09-09 18:55:32 GS-1 [脚本(散财猪.pas)缺函数]: AfterScatterItems
2019-09-09 18:56:04 GS-1 [脚本(散财猪.pas)缺函数]: AfterScatterItems
2019-09-09 18:58:07 GS-1 -----------------------------------------------------
---[Monster]: Max RunDelay: 313; Max RunCount 3232
---[Human]: Max RunDelay: 63; [Socket]: Max RunDelay: 32
---[App]: Min PerSecRun: 65; Max RunDelay 0
-----------------------------------------------------
2019-09-09 19:03:08 GS-1 -----------------------------------------------------
---[Monster]: Max RunDelay: 422; Max RunCount 3253
---[Human]: Max RunDelay: 47; [Socket]: Max RunDelay: 16
---[App]: Min PerSecRun: 52; Max RunDelay 0
-----------------------------------------------------
2019-09-09 19:03:43 GS-1 09-09 19:03:43 User = 22 / 22
2019-09-09 19:08:09 GS-1 -----------------------------------------------------
---[Monster]: Max RunDelay: 312; Max RunCount 3184
---[Human]: Max RunDelay: 78; [Socket]: Max RunDelay: 16
---[App]: Min PerSecRun: 70; Max RunDelay 15
-----------------------------------------------------
2019-09-09 19:12:30 GS-1 --ReInitializet-- 因为点击NPC失败，重新刷新NPC...
2019-09-09 19:13:10 GS-1 -----------------------------------------------------
---[Monster]: Max RunDelay: 266; Max RunCount 3186
---[Human]: Max RunDelay: 47; [Socket]: Max RunDelay: 16
---[App]: Min PerSecRun: 71; Max RunDelay 0
-----------------------------------------------------
2019-09-09 19:13:43 GS-1 09-09 19:13:43 User = 26 / 26
2019-09-09 19:18:11 GS-1 -----------------------------------------------------
---[Monster]: Max RunDelay: 234; Max RunCount 3186
---[Human]: Max RunDelay: 62; [Socket]: Max RunDelay: 16
---[App]: Min PerSecRun: 70; Max RunDelay 0
-----------------------------------------------------
2019-09-09 19:23:12 GS-1 -----------------------------------------------------
---[Monster]: Max RunDelay: 344; Max RunCount 3229
---[Human]: Max RunDelay: 63; [Socket]: Max RunDelay: 16
---[App]: Min PerSecRun: 69; Max RunDelay 0
-----------------------------------------------------
2019-09-09 19:23:43 GS-1 09-09 19:23:43 User = 24 / 24
2019-09-09 19:28:13 GS-1 -----------------------------------------------------
---[Monster]: Max RunDelay: 312; Max RunCount 3339
---[Human]: Max RunDelay: 63; [Socket]: Max RunDelay: 16
---[App]: Min PerSecRun: 70; Max RunDelay 15
-----------------------------------------------------
2019-09-09 19:28:20 GS-1 [脚本(修炼圣地-3.pas)缺函数]: ForgeDiaYB
2019-09-09 19:28:20 GS-1 --ReInitializet-- 因为点击NPC失败，重新刷新NPC...
2019-09-09 19:33:14 GS-1 -----------------------------------------------------
---[Monster]: Max RunDelay: 297; Max RunCount 3309
---[Human]: Max RunDelay: 62; [Socket]: Max RunDelay: 16
---[App]: Min PerSecRun: 68; Max RunDelay 16
-----------------------------------------------------
2019-09-09 19:33:43 GS-1 09-09 19:33:43 User = 27 / 27
2019-09-09 19:38:15 GS-1 -----------------------------------------------------
---[Monster]: Max RunDelay: 282; Max RunCount 3358
---[Human]: Max RunDelay: 63; [Socket]: Max RunDelay: 16
---[App]: Min PerSecRun: 70; Max RunDelay 0
-----------------------------------------------------
2019-09-09 19:43:17 GS-1 -----------------------------------------------------
---[Monster]: Max RunDelay: 266; Max RunCount 3374
---[Human]: Max RunDelay: 63; [Socket]: Max RunDelay: 16
---[App]: Min PerSecRun: 68; Max RunDelay 15
-----------------------------------------------------
2019-09-09 19:43:44 GS-1 09-09 19:43:44 User = 26 / 26
2019-09-09 19:48:18 GS-1 -----------------------------------------------------
---[Monster]: Max RunDelay: 282; Max RunCount 3362
---[Human]: Max RunDelay: 63; [Socket]: Max RunDelay: 16
---[App]: Min PerSecRun: 69; Max RunDelay 16
-----------------------------------------------------
2019-09-09 19:53:19 GS-1 -----------------------------------------------------
---[Monster]: Max RunDelay: 281; Max RunCount 3376
---[Human]: Max RunDelay: 63; [Socket]: Max RunDelay: 16
---[App]: Min PerSecRun: 69; Max RunDelay 0
-----------------------------------------------------
2019-09-09 19:53:44 GS-1 09-09 19:53:44 User = 26 / 26
2019-09-09 19:53:45 GS-1 载入商城热销商品列表，共36个。
2019-09-09 19:53:45 GS-1 ==> 加载商城热销榜:5
2019-09-09 19:58:20 GS-1 -----------------------------------------------------
---[Monster]: Max RunDelay: 313; Max RunCount 3379
---[Human]: Max RunDelay: 63; [Socket]: Max RunDelay: 16
---[App]: Min PerSecRun: 68; Max RunDelay 0
-----------------------------------------------------
2019-09-09 20:01:22 GS-1 --ReInitializet-- 因为点击NPC失败，重新刷新NPC...
2019-09-09 20:03:21 GS-1 -----------------------------------------------------
---[Monster]: Max RunDelay: 297; Max RunCount 3323
---[Human]: Max RunDelay: 62; [Socket]: Max RunDelay: 15
---[App]: Min PerSecRun: 69; Max RunDelay 0
-----------------------------------------------------
2019-09-09 20:03:44 GS-1 09-09 20:03:44 User = 25 / 25
2019-09-09 20:05:25 GS-1   玩家： 印玉龙，邮件Idx:  1087，功加载了 1附件。
2019-09-09 20:05:45 GS-1   玩家： 颜箫吟，邮件Idx:  1086，功加载了 1附件。
2019-09-09 20:08:22 GS-1 -----------------------------------------------------
---[Monster]: Max RunDelay: 328; Max RunCount 3311
---[Human]: Max RunDelay: 110; [Socket]: Max RunDelay: 15
---[App]: Min PerSecRun: 68; Max RunDelay 47
-----------------------------------------------------
2019-09-09 20:10:29 GS-1 [脚本(修炼圣地-3.pas)缺函数]: ForgeDiaYB
2019-09-09 20:10:29 GS-1 --ReInitializet-- 因为点击NPC失败，重新刷新NPC...
2019-09-09 20:10:39 GS-1 --ReInitializet-- 因为点击NPC失败，重新刷新NPC...
2019-09-09 20:10:43 GS-1 --ReInitializet-- 因为点击NPC失败，重新刷新NPC...
2019-09-09 20:13:23 GS-1 -----------------------------------------------------
---[Monster]: Max RunDelay: 281; Max RunCount 3333
---[Human]: Max RunDelay: 63; [Socket]: Max RunDelay: 16
---[App]: Min PerSecRun: 71; Max RunDelay 0
-----------------------------------------------------
2019-09-09 20:13:34 GS-1 [脚本(修炼圣地-3.pas)缺函数]: ForgeDiaYB
2019-09-09 20:13:34 GS-1 --ReInitializet-- 因为点击NPC失败，重新刷新NPC...
2019-09-09 20:13:44 GS-1 09-09 20:13:44 User = 25 / 25
2019-09-09 20:18:24 GS-1 -----------------------------------------------------
---[Monster]: Max RunDelay: 281; Max RunCount 3319
---[Human]: Max RunDelay: 78; [Socket]: Max RunDelay: 16
---[App]: Min PerSecRun: 70; Max RunDelay 0
-----------------------------------------------------
2019-09-09 20:23:25 GS-1 -----------------------------------------------------
---[Monster]: Max RunDelay: 250; Max RunCount 3324
---[Human]: Max RunDelay: 47; [Socket]: Max RunDelay: 16
---[App]: Min PerSecRun: 70; Max RunDelay 15
-----------------------------------------------------
2019-09-09 20:23:44 GS-1 09-09 20:23:44 User = 21 / 21
2019-09-09 20:28:26 GS-1 -----------------------------------------------------
---[Monster]: Max RunDelay: 266; Max RunCount 3275
---[Human]: Max RunDelay: 63; [Socket]: Max RunDelay: 16
---[App]: Min PerSecRun: 71; Max RunDelay 15
-----------------------------------------------------
2019-09-09 20:33:27 GS-1 -----------------------------------------------------
---[Monster]: Max RunDelay: 282; Max RunCount 3264
---[Human]: Max RunDelay: 63; [Socket]: Max RunDelay: 16
---[App]: Min PerSecRun: 71; Max RunDelay 16
-----------------------------------------------------
2019-09-09 20:33:44 GS-1 09-09 20:33:44 User = 20 / 20
2019-09-09 20:34:25 GS-1   玩家： 大圣归来，邮件Idx:  1088，功加载了 7附件。
2019-09-09 20:38:28 GS-1 -----------------------------------------------------
---[Monster]: Max RunDelay: 328; Max RunCount 3356
---[Human]: Max RunDelay: 109; [Socket]: Max RunDelay: 16
---[App]: Min PerSecRun: 68; Max RunDelay 16
-----------------------------------------------------
2019-09-09 20:43:29 GS-1 -----------------------------------------------------
---[Monster]: Max RunDelay: 282; Max RunCount 3356
---[Human]: Max RunDelay: 63; [Socket]: Max RunDelay: 16
---[App]: Min PerSecRun: 71; Max RunDelay 0
-----------------------------------------------------
2019-09-09 20:43:44 GS-1 09-09 20:43:44 User = 21 / 21
2019-09-09 20:48:30 GS-1 -----------------------------------------------------
---[Monster]: Max RunDelay: 547; Max RunCount 3346
---[Human]: Max RunDelay: 344; [Socket]: Max RunDelay: 16
---[App]: Min PerSecRun: 52; Max RunDelay 0
-----------------------------------------------------
2019-09-09 20:52:26 GS-1 [Error]: ==> YBSocketError, ErrorCode=10060
2019-09-09 20:53:31 GS-1 -----------------------------------------------------
---[Monster]: Max RunDelay: 688; Max RunCount 3346
---[Human]: Max RunDelay: 203; [Socket]: Max RunDelay: 16
---[App]: Min PerSecRun: 35; Max RunDelay 15
-----------------------------------------------------
2019-09-09 20:53:44 GS-1 09-09 20:53:44 User = 22 / 22
2019-09-09 20:53:45 GS-1 载入商城热销商品列表，共36个。
2019-09-09 20:53:45 GS-1 ==> 加载商城热销榜:5
2019-09-09 20:58:32 GS-1 -----------------------------------------------------
---[Monster]: Max RunDelay: 422; Max RunCount 3391
---[Human]: Max RunDelay: 234; [Socket]: Max RunDelay: 16
---[App]: Min PerSecRun: 60; Max RunDelay 0
-----------------------------------------------------
2019-09-09 21:03:32 GS-1 -----------------------------------------------------
---[Monster]: Max RunDelay: 453; Max RunCount 3405
---[Human]: Max RunDelay: 297; [Socket]: Max RunDelay: 16
---[App]: Min PerSecRun: 55; Max RunDelay 15
-----------------------------------------------------
2019-09-09 21:03:46 GS-1 09-09 21:03:46 User = 24 / 24
2019-09-09 21:06:30 GS-1 [Error]: GameGate ServerSocketError, ErrorCode=10061
2019-09-09 21:08:33 GS-1 -----------------------------------------------------
---[Monster]: Max RunDelay: 453; Max RunCount 3407
---[Human]: Max RunDelay: 94; [Socket]: Max RunDelay: 47
---[App]: Min PerSecRun: 59; Max RunDelay 0
-----------------------------------------------------
2019-09-09 21:10:56 GS-1 [Error]: ==> YBSocketError, ErrorCode=10060
2019-09-09 21:13:34 GS-1 -----------------------------------------------------
---[Monster]: Max RunDelay: 312; Max RunCount 3404
---[Human]: Max RunDelay: 63; [Socket]: Max RunDelay: 15
---[App]: Min PerSecRun: 70; Max RunDelay 0
-----------------------------------------------------
2019-09-09 21:13:46 GS-1 09-09 21:13:46 User = 25 / 25
2019-09-09 21:18:35 GS-1 -----------------------------------------------------
---[Monster]: Max RunDelay: 500; Max RunCount 3406
---[Human]: Max RunDelay: 78; [Socket]: Max RunDelay: 16
---[App]: Min PerSecRun: 41; Max RunDelay 0
-----------------------------------------------------
2019-09-09 21:23:36 GS-1 -----------------------------------------------------
---[Monster]: Max RunDelay: 266; Max RunCount 3403
---[Human]: Max RunDelay: 63; [Socket]: Max RunDelay: 16
---[App]: Min PerSecRun: 72; Max RunDelay 0
-----------------------------------------------------
2019-09-09 21:23:45 GS-1 09-09 21:23:45 User = 24 / 24
2019-09-09 21:28:36 GS-1 -----------------------------------------------------
---[Monster]: Max RunDelay: 844; Max RunCount 3404
---[Human]: Max RunDelay: 406; [Socket]: Max RunDelay: 16
---[App]: Min PerSecRun: 29; Max RunDelay 0
-----------------------------------------------------
2019-09-09 21:28:49 GS-1 21:28:50 Gate 1 (49.234.26.20) 关闭
2019-09-09 21:28:49 GS-1 [Warning]: 与DB 服务器断开连接....
2019-09-09 21:28:55 GS-1 释放--魔龙冰晶升级对象--结束
2019-09-09 21:28:55 GS-1 释放--天赐宝箱1--结束
2019-09-09 21:28:55 GS-1 释放--天赐宝箱2--结束
2019-09-09 21:28:55 GS-1 释放--一点充--结束
2019-09-09 21:28:55 GS-1 释放--事件管理对象--结束
2019-09-09 21:28:55 GS-1 释放--任务管理对象--结束
2019-09-09 21:28:55 GS-1 释放--升级提醒管理对象--结束
2019-09-09 21:28:55 GS-1 释放--GDMsg管理对象--结束
2019-09-09 21:28:55 GS-1 释放--跨地图寻路管理对象--结束
2019-09-09 21:28:55 GS-1 释放--沙巴克管理对象--结束
2019-09-09 21:28:55 GS-1 释放--中央活动服务器客户端--结束
2019-09-09 21:28:55 GS-1 释放--乾坤包--结束
2019-09-09 21:28:55 GS-1 正在清除模块-卧龙英雄管理-的配置表d:\Mud2.0\Mir200\Share\EngineConfig\卧龙英雄管理\Fortress-HERO1.txt
2019-09-09 21:28:55 GS-1 正在清除模块-卧龙英雄管理-的配置表d:\Mud2.0\Mir200\Share\EngineConfig\卧龙英雄管理\Fortress.txt
2019-09-09 21:28:55 GS-1 正在清除模块-游戏元素点阵管理-的配置表d:\Mud2.0\Mir200\Share\EngineConfig\游戏元素点阵管理\GMActEvent.txt
2019-09-09 21:28:55 GS-1 正在清除模块-信用分管理-的配置表d:\Mud2.0\Mir200\Share\EngineConfig\信用分管理\PlayerActivePoint.xml
2019-09-09 21:28:55 GS-1 正在清除模块-信用分管理-的配置表d:\Mud2.0\Mir200\Share\EngineConfig\信用分管理\MapActivePoint.xml
2019-09-09 21:28:55 GS-1 正在清除模块-摆摊交易-的配置表d:\Mud2.0\Mir200\Share\EngineConfig\摆摊交易\摊位基础设置.ini
2019-09-09 21:28:55 GS-1 正在清除模块-元宝商城管理-的配置表d:\Mud2.0\Mir200\Share\EngineConfig\元宝商城管理\YBGoods.sql
2019-09-09 21:28:55 GS-1 正在清除模块-小助手管理-的配置表d:\Mud2.0\Mir200\Share\EngineConfig\小助手管理\小助手.txt
2019-09-09 21:28:55 GS-1 正在清除模块-静态地图管理-的配置表d:\Mud2.0\Mir200\Share\EngineConfig\静态地图管理\MapDropLimitBagItems.xml
2019-09-09 21:28:55 GS-1 正在清除模块-装备合成管理-的配置表d:\Mud2.0\Mir200\Share\EngineConfig\装备合成管理\StrengthenEquip.xml
2019-09-09 21:28:55 GS-1 正在清除模块-藏宝图管理-的配置表d:\Mud2.0\Mir200\Share\EngineConfig\藏宝图管理\修复藏宝图.txt
2019-09-09 21:28:55 GS-1 正在清除模块-藏宝图管理-的配置表d:\Mud2.0\Mir200\Share\EngineConfig\藏宝图管理\魔龙藏宝图合成装备.txt
2019-09-09 21:28:55 GS-1 正在清除模块-衣服升级管理-的配置表d:\Mud2.0\Mir200\Share\EngineConfig\衣服升级管理\UpdateClothes.xml
2019-09-09 21:28:55 GS-1 正在清除模块-道具管理-的配置表d:\Mud2.0\Mir200\Share\EngineConfig\道具管理\宝石配置.txt
2019-09-09 21:28:55 GS-1 正在清除模块-世界暴率管理-的配置表d:\Mud2.0\Mir200\Share\EngineConfig\世界暴率管理\世界爆率文件1.txt
2019-09-09 21:28:55 GS-1 释放--跨GS消息管理对象--结束
2019-09-09 21:28:55 GS-1 释放--gate管理对象--结束
2019-09-09 21:28:55 GS-1 释放--魔法管理对象--结束
2019-09-09 21:28:55 GS-1 释放--套装管理对象--结束
2019-09-09 21:28:55 GS-1 释放--新暴率管理对象--结束
2019-09-09 21:28:55 GS-1 释放--角色信息初始化管理对象--结束
2019-09-09 21:28:55 GS-1 释放--GS本地日志--结束
2019-09-09 21:28:55 GS-1 释放--DBEngn对象--结束
2019-09-09 21:28:55 GS-1 释放--任务列表--结束
2019-09-09 21:28:55 GS-1 释放--buffer管理类--结束
2019-09-09 21:28:55 GS-1 释放--排行榜--结束
2019-09-09 21:28:55 GS-1 释放--免费回收--结束
2019-09-09 21:28:55 GS-1 释放--mysql对象--结束
2019-09-09 21:28:55 GS-1 ================ 服务停止 ==============
