2019-07-16 21:42:49 GS-1 -----------------------------------------------------
---[Monster]: Max RunDelay: 0; Max RunCount 0
---[Human]: Max RunDelay: 0; [Socket]: Max RunDelay: 0
---[App]: Min PerSecRun: 100; Max RunDelay 0
-----------------------------------------------------
2019-07-16 21:42:49 GS-1 ================ 服务启动 ==============
2019-07-16 21:42:49 GS-1 TPlayerBody Size - 1616
2019-07-16 21:42:49 GS-1 TPlayerDB Size - 61608
2019-07-16 21:42:49 GS-1 ======== 连接MySQL成功 =======
2019-07-16 21:42:49 GS-1 *** ***Gamelog 的下次清理时间为 : 07月23日03时*** ***
2019-07-16 21:42:49 GS-1 ==加载GM指令定义完成==
2019-07-16 21:42:49 GS-1 与 DB 服务器连接成功
2019-07-16 21:42:49 GS-1 [Error]: 火龙珠奖励配置错误！
2019-07-16 21:42:49 GS-1 [Error]: 抽取概率错误:赤金天赐->宝箱1:概率7
2019-07-16 21:42:49 GS-1 [Error]: 抽取概率错误:白银天赐->宝箱1:概率7
2019-07-16 21:42:49 GS-1 [Error]: 抽取概率错误:紫铜天赐->宝箱1:概率7
2019-07-16 21:42:49 GS-1 [Error]: 抽取概率错误:神秘天赐->宝箱1:概率7
2019-07-16 21:42:49 GS-1 [Error]: 抽取概率错误:檀木天赐->宝箱1:概率7
2019-07-16 21:42:49 GS-1 [Error]: 抽取概率错误:宝藏天赐 ->宝箱1:概率7
2019-07-16 21:42:49 GS-1 [Error]: StdItems 不存在的天赐：新年天赐
2019-07-16 21:42:49 GS-1 [Error]: StdItems 不存在的钥匙：新年钥匙
2019-07-16 21:42:49 GS-1 [Error]: StdItems 不存在的钥匙：春节钥匙
2019-07-16 21:42:49 GS-1 [Error]: StdItems 不存在的钥匙：节日钥匙
2019-07-16 21:42:49 GS-1 [Error]: StdItems 不存在的天赐：感恩天赐
2019-07-16 21:42:49 GS-1 [Error]: StdItems 不存在的钥匙：感恩钥匙
2019-07-16 21:42:49 GS-1 系统参数初始化完毕
2019-07-16 21:42:49 GS-1 准备加载NPC，共493个
2019-07-16 21:42:49 GS-1 已加载d:\Mud2.0\Mir200\Share\EngineConfig\系统信息管理\RollMsg.txt！
2019-07-16 21:42:49 GS-1 已加载d:\Mud2.0\Mir200\Share\EngineConfig\系统信息管理\掉落物品提示.txt！
2019-07-16 21:42:49 GS-1 已加载d:\Mud2.0\Mir200\Share\EngineConfig\卧龙英雄管理\Fortress.txt！
2019-07-16 21:42:49 GS-1 已加载d:\Mud2.0\Mir200\Share\EngineConfig\游戏元素点阵管理\GMActEvent.txt！
2019-07-16 21:42:49 GS-1    加载邮件信息成功,加载0个玩家的邮件。
2019-07-16 21:42:49 GS-1    加载邮件信息成功,加载0个玩家的邮件。
2019-07-16 21:42:49 GS-1 已加载d:\Mud2.0\Mir200\Share\EngineConfig\摆摊交易\摊位基础设置.ini！
2019-07-16 21:42:49 GS-1 刷新摊位过期将在2:55执行！
2019-07-16 21:42:49 GS-1   加载Stall成功，共加载摊位0个
2019-07-16 21:42:49 GS-1 [Information]: 寄售表创建成功!
2019-07-16 21:42:49 GS-1 [Information]: 寄售历史表创建成功!
2019-07-16 21:42:49 GS-1 [Information]: 更新超时订单成功!
2019-07-16 21:42:49 GS-1 已加载刷新商城时间：00:00:00.
2019-07-16 21:42:49 GS-1 已加载刷新商城时间：06:00:00.
2019-07-16 21:42:49 GS-1 已加载刷新商城时间：12:00:00.
2019-07-16 21:42:49 GS-1 载入商城物品列表，共5个类别，33种商品
2019-07-16 21:42:49 GS-1 [商城]会员宝典为脚本自定义物品
2019-07-16 21:42:49 GS-1 ==> 加载商城物品 装饰类：11/11
2019-07-16 21:42:49 GS-1 ==> 加载商城物品 补给类：2/2
2019-07-16 21:42:49 GS-1 ==> 加载商城物品 强化类：15/15
2019-07-16 21:42:49 GS-1 ==> 加载商城物品 限量类：3/3
2019-07-16 21:42:49 GS-1 ==> 加载商城物品 好友类：2/2
2019-07-16 21:42:49 GS-1 ==> 加载商城物品 类：0/0
2019-07-16 21:42:49 GS-1 ==> 加载商城物品 类：0/0
2019-07-16 21:42:49 GS-1 ==> 加载商城物品 类：0/0
2019-07-16 21:42:49 GS-1    [删除错误数据] 删除用户表中不存在的战队成员
2019-07-16 21:42:49 GS-1    [删除错误数据] 清除战队队长不存在的项
2019-07-16 21:42:49 GS-1    [删除错误数据] 不存在战队的成员
2019-07-16 21:42:49 GS-1    正在加载战队...
2019-07-16 21:42:49 GS-1    战队表数量 : 0
2019-07-16 21:42:49 GS-1    加载战队数量:0
2019-07-16 21:42:49 GS-1    正在加载战队成员...
2019-07-16 21:42:49 GS-1    战队成员总数:0 加载成员数:0
2019-07-16 21:42:49 GS-1    正在检测战队数据有效性...
2019-07-16 21:42:49 GS-1    战队数据有效性检测完毕
2019-07-16 21:42:49 GS-1    [删除错误数据] 清除会长战队不存在行会
2019-07-16 21:42:49 GS-1    [删除错误数据] 清除行会不存在的行会成员
2019-07-16 21:42:49 GS-1    [删除错误数据] 清除行会不存在的行会关系ID排列错误的项
2019-07-16 21:42:49 GS-1    [删除错误数据] 清除行会不存在行会关系
2019-07-16 21:42:49 GS-1    [删除错误数据] 清除行会不存在关注行会
2019-07-16 21:42:49 GS-1    加载行会数量 : 0
2019-07-16 21:42:49 GS-1    加载行会成员(战队)数量 : 0
2019-07-16 21:42:49 GS-1    加载行会关系数量 : 0
2019-07-16 21:42:49 GS-1    加载关注行会数量 : 0
2019-07-16 21:42:49 GS-1    加载请求数量:0
2019-07-16 21:42:49 GS-1 [Error]: 小助手 不存在！
2019-07-16 21:42:49 GS-1 D411地图配置在MapInfo.txt 中不是LIMITBAGITEMDROP属性
2019-07-16 21:42:49 GS-1 D415地图配置在MapInfo.txt 中不是LIMITBAGITEMDROP属性
2019-07-16 21:42:49 GS-1 D416地图配置在MapInfo.txt 中不是LIMITBAGITEMDROP属性
2019-07-16 21:42:49 GS-1 信用分验证功能：开
2019-07-16 21:42:49 GS-1 GS脚本版本号：10001
2019-07-16 21:42:49 GS-1 更新排行榜，共计：15 页
2019-07-16 21:43:23 GS-1 载入商城热销商品列表，共21个。
2019-07-16 21:43:23 GS-1 ==> 加载商城热销榜:5
2019-07-16 21:43:23 GS-1 [Error]: TFieldHero.FillDBData: 龙纹不存在！
2019-07-16 21:43:27 GS-1 Gate 1 开启
2019-07-16 21:47:49 GS-1 -----------------------------------------------------
---[Monster]: Max RunDelay: 719; Max RunCount 3150
---[Human]: Max RunDelay: 531; [Socket]: Max RunDelay: 125
---[App]: Min PerSecRun: 33; Max RunDelay 0
-----------------------------------------------------
2019-07-16 21:50:34 GS-1 开始大刷NPC
2019-07-16 21:52:50 GS-1 -----------------------------------------------------
---[Monster]: Max RunDelay: 1547; Max RunCount 3162
---[Human]: Max RunDelay: 1093; [Socket]: Max RunDelay: 328
---[App]: Min PerSecRun: 6; Max RunDelay 0
-----------------------------------------------------
2019-07-16 21:53:23 GS-1 07-16 21:53:23 User = 1 / 1
2019-07-16 21:57:52 GS-1 -----------------------------------------------------
---[Monster]: Max RunDelay: 1047; Max RunCount 3157
---[Human]: Max RunDelay: 797; [Socket]: Max RunDelay: 203
---[App]: Min PerSecRun: 34; Max RunDelay 0
-----------------------------------------------------
2019-07-16 21:58:32 GS-1 开始大刷NPC
2019-07-16 22:02:53 GS-1 -----------------------------------------------------
---[Monster]: Max RunDelay: 391; Max RunCount 3137
---[Human]: Max RunDelay: 235; [Socket]: Max RunDelay: 16
---[App]: Min PerSecRun: 59; Max RunDelay 0
-----------------------------------------------------
2019-07-16 22:03:23 GS-1 07-16 22:03:23 User = 1 / 1
2019-07-16 22:05:11 GS-1 开始大刷NPC
2019-07-16 22:05:11 GS-1 卧龙笔记-3.pas[Error] (35:10): Identifier expected
2019-07-16 22:05:13 GS-1 卧龙笔记-3.pas[Error] (35:10): Identifier expected
2019-07-16 22:05:13 GS-1 --ReInitializet-- 因为点击NPC失败，重新刷新NPC...
2019-07-16 22:05:14 GS-1 卧龙笔记-3.pas[Error] (35:10): Identifier expected
2019-07-16 22:05:14 GS-1 --ReInitializet-- 因为点击NPC失败，重新刷新NPC...
2019-07-16 22:05:14 GS-1 卧龙笔记-3.pas[Error] (35:10): Identifier expected
2019-07-16 22:05:14 GS-1 --ReInitializet-- 因为点击NPC失败，重新刷新NPC...
2019-07-16 22:05:16 GS-1 卧龙笔记-3.pas[Error] (35:10): Identifier expected
2019-07-16 22:05:16 GS-1 --ReInitializet-- 因为点击NPC失败，重新刷新NPC...
2019-07-16 22:05:25 GS-1 --ReInitializet-- 因为点击NPC失败，重新刷新NPC...
2019-07-16 22:06:19 GS-1 开始大刷NPC
2019-07-16 22:06:19 GS-1 卧龙笔记-3.pas[Error] (36:13): Identifier expected
2019-07-16 22:06:20 GS-1 卧龙笔记-3.pas[Error] (36:13): Identifier expected
2019-07-16 22:06:20 GS-1 --ReInitializet-- 因为点击NPC失败，重新刷新NPC...
2019-07-16 22:06:21 GS-1 卧龙笔记-3.pas[Error] (36:13): Identifier expected
2019-07-16 22:06:21 GS-1 --ReInitializet-- 因为点击NPC失败，重新刷新NPC...
2019-07-16 22:06:21 GS-1 卧龙笔记-3.pas[Error] (36:13): Identifier expected
2019-07-16 22:06:21 GS-1 --ReInitializet-- 因为点击NPC失败，重新刷新NPC...
2019-07-16 22:06:21 GS-1 卧龙笔记-3.pas[Error] (36:13): Identifier expected
2019-07-16 22:06:21 GS-1 --ReInitializet-- 因为点击NPC失败，重新刷新NPC...
2019-07-16 22:06:21 GS-1 卧龙笔记-3.pas[Error] (36:13): Identifier expected
2019-07-16 22:06:21 GS-1 --ReInitializet-- 因为点击NPC失败，重新刷新NPC...
2019-07-16 22:06:22 GS-1 卧龙笔记-3.pas[Error] (36:13): Identifier expected
2019-07-16 22:06:22 GS-1 --ReInitializet-- 因为点击NPC失败，重新刷新NPC...
2019-07-16 22:06:22 GS-1 卧龙笔记-3.pas[Error] (36:13): Identifier expected
2019-07-16 22:06:22 GS-1 --ReInitializet-- 因为点击NPC失败，重新刷新NPC...
2019-07-16 22:06:22 GS-1 卧龙笔记-3.pas[Error] (36:13): Identifier expected
2019-07-16 22:06:22 GS-1 --ReInitializet-- 因为点击NPC失败，重新刷新NPC...
2019-07-16 22:06:22 GS-1 卧龙笔记-3.pas[Error] (36:13): Identifier expected
2019-07-16 22:06:22 GS-1 --ReInitializet-- 因为点击NPC失败，重新刷新NPC...
2019-07-16 22:06:22 GS-1 卧龙笔记-3.pas[Error] (36:13): Identifier expected
2019-07-16 22:06:22 GS-1 --ReInitializet-- 因为点击NPC失败，重新刷新NPC...
2019-07-16 22:06:25 GS-1 卧龙笔记-3.pas[Error] (36:13): Identifier expected
2019-07-16 22:06:25 GS-1 --ReInitializet-- 因为点击NPC失败，重新刷新NPC...
2019-07-16 22:06:25 GS-1 卧龙笔记-3.pas[Error] (36:13): Identifier expected
2019-07-16 22:06:25 GS-1 --ReInitializet-- 因为点击NPC失败，重新刷新NPC...
2019-07-16 22:06:25 GS-1 卧龙笔记-3.pas[Error] (36:13): Identifier expected
2019-07-16 22:06:25 GS-1 --ReInitializet-- 因为点击NPC失败，重新刷新NPC...
2019-07-16 22:06:25 GS-1 卧龙笔记-3.pas[Error] (36:13): Identifier expected
2019-07-16 22:06:25 GS-1 --ReInitializet-- 因为点击NPC失败，重新刷新NPC...
2019-07-16 22:06:26 GS-1 卧龙笔记-3.pas[Error] (36:13): Identifier expected
2019-07-16 22:06:26 GS-1 --ReInitializet-- 因为点击NPC失败，重新刷新NPC...
2019-07-16 22:07:54 GS-1 -----------------------------------------------------
---[Monster]: Max RunDelay: 391; Max RunCount 3159
---[Human]: Max RunDelay: 47; [Socket]: Max RunDelay: 16
---[App]: Min PerSecRun: 67; Max RunDelay 0
-----------------------------------------------------
2019-07-16 22:09:40 GS-1 --ReInitializet-- 因为点击NPC失败，重新刷新NPC...
2019-07-16 22:10:14 GS-1 开始大刷NPC
2019-07-16 22:12:26 GS-1 开始大刷NPC
2019-07-16 22:12:26 GS-1 卧龙笔记-3.pas[Error] (29:14): Identifier expected
2019-07-16 22:12:27 GS-1 卧龙笔记-3.pas[Error] (29:14): Identifier expected
2019-07-16 22:12:27 GS-1 --ReInitializet-- 因为点击NPC失败，重新刷新NPC...
2019-07-16 22:12:29 GS-1 卧龙笔记-3.pas[Error] (29:14): Identifier expected
2019-07-16 22:12:29 GS-1 --ReInitializet-- 因为点击NPC失败，重新刷新NPC...
2019-07-16 22:12:30 GS-1 卧龙笔记-3.pas[Error] (29:14): Identifier expected
2019-07-16 22:12:30 GS-1 --ReInitializet-- 因为点击NPC失败，重新刷新NPC...
2019-07-16 22:12:30 GS-1 卧龙笔记-3.pas[Error] (29:14): Identifier expected
2019-07-16 22:12:30 GS-1 --ReInitializet-- 因为点击NPC失败，重新刷新NPC...
2019-07-16 22:12:30 GS-1 卧龙笔记-3.pas[Error] (29:14): Identifier expected
2019-07-16 22:12:30 GS-1 --ReInitializet-- 因为点击NPC失败，重新刷新NPC...
2019-07-16 22:12:30 GS-1 卧龙笔记-3.pas[Error] (29:14): Identifier expected
2019-07-16 22:12:30 GS-1 --ReInitializet-- 因为点击NPC失败，重新刷新NPC...
2019-07-16 22:12:42 GS-1 卧龙笔记-3.pas[Error] (29:14): Identifier expected
2019-07-16 22:12:42 GS-1 --ReInitializet-- 因为点击NPC失败，重新刷新NPC...
2019-07-16 22:12:42 GS-1 卧龙笔记-3.pas[Error] (29:14): Identifier expected
2019-07-16 22:12:42 GS-1 --ReInitializet-- 因为点击NPC失败，重新刷新NPC...
2019-07-16 22:12:43 GS-1 卧龙笔记-3.pas[Error] (29:14): Identifier expected
2019-07-16 22:12:43 GS-1 --ReInitializet-- 因为点击NPC失败，重新刷新NPC...
2019-07-16 22:12:44 GS-1 卧龙笔记-3.pas[Error] (29:14): Identifier expected
2019-07-16 22:12:44 GS-1 --ReInitializet-- 因为点击NPC失败，重新刷新NPC...
2019-07-16 22:12:44 GS-1 卧龙笔记-3.pas[Error] (29:14): Identifier expected
2019-07-16 22:12:44 GS-1 --ReInitializet-- 因为点击NPC失败，重新刷新NPC...
2019-07-16 22:12:45 GS-1 卧龙笔记-3.pas[Error] (29:14): Identifier expected
2019-07-16 22:12:45 GS-1 --ReInitializet-- 因为点击NPC失败，重新刷新NPC...
2019-07-16 22:12:45 GS-1 卧龙笔记-3.pas[Error] (29:14): Identifier expected
2019-07-16 22:12:45 GS-1 --ReInitializet-- 因为点击NPC失败，重新刷新NPC...
2019-07-16 22:12:46 GS-1 卧龙笔记-3.pas[Error] (29:14): Identifier expected
2019-07-16 22:12:46 GS-1 --ReInitializet-- 因为点击NPC失败，重新刷新NPC...
2019-07-16 22:12:47 GS-1 卧龙笔记-3.pas[Error] (29:14): Identifier expected
2019-07-16 22:12:47 GS-1 --ReInitializet-- 因为点击NPC失败，重新刷新NPC...
2019-07-16 22:12:47 GS-1 卧龙笔记-3.pas[Error] (29:14): Identifier expected
2019-07-16 22:12:47 GS-1 --ReInitializet-- 因为点击NPC失败，重新刷新NPC...
2019-07-16 22:12:48 GS-1 卧龙笔记-3.pas[Error] (29:14): Identifier expected
2019-07-16 22:12:48 GS-1 --ReInitializet-- 因为点击NPC失败，重新刷新NPC...
2019-07-16 22:12:49 GS-1 卧龙笔记-3.pas[Error] (29:14): Identifier expected
2019-07-16 22:12:49 GS-1 --ReInitializet-- 因为点击NPC失败，重新刷新NPC...
2019-07-16 22:12:49 GS-1 卧龙笔记-3.pas[Error] (29:14): Identifier expected
2019-07-16 22:12:49 GS-1 --ReInitializet-- 因为点击NPC失败，重新刷新NPC...
2019-07-16 22:12:55 GS-1 -----------------------------------------------------
---[Monster]: Max RunDelay: 266; Max RunCount 3106
---[Human]: Max RunDelay: 31; [Socket]: Max RunDelay: 15
---[App]: Min PerSecRun: 71; Max RunDelay 0
-----------------------------------------------------
2019-07-16 22:13:23 GS-1 07-16 22:13:23 User = 1 / 1
2019-07-16 22:14:02 GS-1 --ReInitializet-- 因为点击NPC失败，重新刷新NPC...
2019-07-16 22:15:01 GS-1 开始大刷NPC
2019-07-16 22:17:55 GS-1 -----------------------------------------------------
---[Monster]: Max RunDelay: 2032; Max RunCount 3159
---[Human]: Max RunDelay: 750; [Socket]: Max RunDelay: 32
---[App]: Min PerSecRun: 6; Max RunDelay 0
-----------------------------------------------------
2019-07-16 22:20:37 GS-1 开始大刷NPC
2019-07-16 22:22:34 GS-1 开始大刷NPC
2019-07-16 22:22:34 GS-1 加信用分-3.pas[Error] (49:30): Unknown identifier 'getXYstr'
2019-07-16 22:22:36 GS-1 加信用分-3.pas[Error] (49:30): Unknown identifier 'getXYstr'
2019-07-16 22:22:36 GS-1 --ReInitializet-- 因为点击NPC失败，重新刷新NPC...
2019-07-16 22:22:37 GS-1 加信用分-3.pas[Error] (49:30): Unknown identifier 'getXYstr'
2019-07-16 22:22:37 GS-1 --ReInitializet-- 因为点击NPC失败，重新刷新NPC...
2019-07-16 22:22:38 GS-1 加信用分-3.pas[Error] (49:30): Unknown identifier 'getXYstr'
2019-07-16 22:22:38 GS-1 --ReInitializet-- 因为点击NPC失败，重新刷新NPC...
2019-07-16 22:22:38 GS-1 加信用分-3.pas[Error] (49:30): Unknown identifier 'getXYstr'
2019-07-16 22:22:38 GS-1 --ReInitializet-- 因为点击NPC失败，重新刷新NPC...
2019-07-16 22:22:38 GS-1 加信用分-3.pas[Error] (49:30): Unknown identifier 'getXYstr'
2019-07-16 22:22:38 GS-1 --ReInitializet-- 因为点击NPC失败，重新刷新NPC...
2019-07-16 22:22:38 GS-1 加信用分-3.pas[Error] (49:30): Unknown identifier 'getXYstr'
2019-07-16 22:22:38 GS-1 --ReInitializet-- 因为点击NPC失败，重新刷新NPC...
2019-07-16 22:22:38 GS-1 加信用分-3.pas[Error] (49:30): Unknown identifier 'getXYstr'
2019-07-16 22:22:38 GS-1 --ReInitializet-- 因为点击NPC失败，重新刷新NPC...
2019-07-16 22:22:56 GS-1 -----------------------------------------------------
---[Monster]: Max RunDelay: 1312; Max RunCount 3172
---[Human]: Max RunDelay: 891; [Socket]: Max RunDelay: 859
---[App]: Min PerSecRun: 12; Max RunDelay 0
-----------------------------------------------------
2019-07-16 22:23:22 GS-1 07-16 22:23:22 User = 3 / 3
2019-07-16 22:23:53 GS-1 开始大刷NPC
2019-07-16 22:27:56 GS-1 -----------------------------------------------------
---[Monster]: Max RunDelay: 1500; Max RunCount 3153
---[Human]: Max RunDelay: 1031; [Socket]: Max RunDelay: 547
---[App]: Min PerSecRun: 4; Max RunDelay 16
-----------------------------------------------------
2019-07-16 22:32:58 GS-1 -----------------------------------------------------
---[Monster]: Max RunDelay: 1422; Max RunCount 3172
---[Human]: Max RunDelay: 875; [Socket]: Max RunDelay: 578
---[App]: Min PerSecRun: 10; Max RunDelay 16
-----------------------------------------------------
2019-07-16 22:33:24 GS-1 07-16 22:33:24 User = 3 / 3
2019-07-16 22:33:36 GS-1 开始大刷NPC
2019-07-16 22:37:58 GS-1 -----------------------------------------------------
---[Monster]: Max RunDelay: 734; Max RunCount 3188
---[Human]: Max RunDelay: 234; [Socket]: Max RunDelay: 140
---[App]: Min PerSecRun: 38; Max RunDelay 0
-----------------------------------------------------
2019-07-16 22:42:59 GS-1 -----------------------------------------------------
---[Monster]: Max RunDelay: 594; Max RunCount 3202
---[Human]: Max RunDelay: 437; [Socket]: Max RunDelay: 16
---[App]: Min PerSecRun: 43; Max RunDelay 0
-----------------------------------------------------
2019-07-16 22:43:23 GS-1 载入商城热销商品列表，共21个。
2019-07-16 22:43:23 GS-1 ==> 加载商城热销榜:5
2019-07-16 22:43:23 GS-1 07-16 22:43:23 User = 1 / 1
2019-07-16 22:48:00 GS-1 -----------------------------------------------------
---[Monster]: Max RunDelay: 1063; Max RunCount 3202
---[Human]: Max RunDelay: 984; [Socket]: Max RunDelay: 188
---[App]: Min PerSecRun: 21; Max RunDelay 0
-----------------------------------------------------
2019-07-16 22:53:01 GS-1 -----------------------------------------------------
---[Monster]: Max RunDelay: 406; Max RunCount 3156
---[Human]: Max RunDelay: 32; [Socket]: Max RunDelay: 16
---[App]: Min PerSecRun: 62; Max RunDelay 0
-----------------------------------------------------
2019-07-16 22:53:24 GS-1 07-16 22:53:24 User = 1 / 1
2019-07-16 22:58:02 GS-1 -----------------------------------------------------
---[Monster]: Max RunDelay: 266; Max RunCount 3163
---[Human]: Max RunDelay: 31; [Socket]: Max RunDelay: 0
---[App]: Min PerSecRun: 75; Max RunDelay 0
-----------------------------------------------------
2019-07-16 23:03:03 GS-1 -----------------------------------------------------
---[Monster]: Max RunDelay: 297; Max RunCount 3165
---[Human]: Max RunDelay: 32; [Socket]: Max RunDelay: 16
---[App]: Min PerSecRun: 68; Max RunDelay 0
-----------------------------------------------------
2019-07-16 23:03:24 GS-1 07-16 23:03:24 User = 0 / 0
2019-07-16 23:08:04 GS-1 -----------------------------------------------------
---[Monster]: Max RunDelay: 281; Max RunCount 3183
---[Human]: Max RunDelay: 31; [Socket]: Max RunDelay: 16
---[App]: Min PerSecRun: 75; Max RunDelay 0
-----------------------------------------------------
2019-07-16 23:13:05 GS-1 -----------------------------------------------------
---[Monster]: Max RunDelay: 390; Max RunCount 3137
---[Human]: Max RunDelay: 125; [Socket]: Max RunDelay: 16
---[App]: Min PerSecRun: 70; Max RunDelay 0
-----------------------------------------------------
2019-07-16 23:13:23 GS-1 07-16 23:13:23 User = 1 / 1
2019-07-16 23:18:06 GS-1 -----------------------------------------------------
---[Monster]: Max RunDelay: 390; Max RunCount 3174
---[Human]: Max RunDelay: 31; [Socket]: Max RunDelay: 15
---[App]: Min PerSecRun: 65; Max RunDelay 0
-----------------------------------------------------
2019-07-16 23:23:07 GS-1 -----------------------------------------------------
---[Monster]: Max RunDelay: 469; Max RunCount 3204
---[Human]: Max RunDelay: 16; [Socket]: Max RunDelay: 15
---[App]: Min PerSecRun: 59; Max RunDelay 0
-----------------------------------------------------
2019-07-16 23:23:24 GS-1 07-16 23:23:24 User = 0 / 0
2019-07-16 23:28:08 GS-1 -----------------------------------------------------
---[Monster]: Max RunDelay: 297; Max RunCount 3210
---[Human]: Max RunDelay: 16; [Socket]: Max RunDelay: 15
---[App]: Min PerSecRun: 72; Max RunDelay 0
-----------------------------------------------------
2019-07-16 23:33:09 GS-1 -----------------------------------------------------
---[Monster]: Max RunDelay: 266; Max RunCount 3214
---[Human]: Max RunDelay: 16; [Socket]: Max RunDelay: 15
---[App]: Min PerSecRun: 73; Max RunDelay 0
-----------------------------------------------------
2019-07-16 23:33:24 GS-1 07-16 23:33:24 User = 0 / 0
2019-07-16 23:38:10 GS-1 -----------------------------------------------------
---[Monster]: Max RunDelay: 282; Max RunCount 3214
---[Human]: Max RunDelay: 32; [Socket]: Max RunDelay: 0
---[App]: Min PerSecRun: 71; Max RunDelay 0
-----------------------------------------------------
2019-07-16 23:43:11 GS-1 -----------------------------------------------------
---[Monster]: Max RunDelay: 281; Max RunCount 3214
---[Human]: Max RunDelay: 47; [Socket]: Max RunDelay: 15
---[App]: Min PerSecRun: 73; Max RunDelay 0
-----------------------------------------------------
2019-07-16 23:43:24 GS-1 载入商城热销商品列表，共21个。
2019-07-16 23:43:24 GS-1 ==> 加载商城热销榜:5
2019-07-16 23:43:24 GS-1 07-16 23:43:24 User = 0 / 0
2019-07-16 23:48:12 GS-1 -----------------------------------------------------
---[Monster]: Max RunDelay: 313; Max RunCount 3141
---[Human]: Max RunDelay: 94; [Socket]: Max RunDelay: 16
---[App]: Min PerSecRun: 71; Max RunDelay 0
-----------------------------------------------------
2019-07-16 23:53:13 GS-1 -----------------------------------------------------
---[Monster]: Max RunDelay: 359; Max RunCount 3214
---[Human]: Max RunDelay: 31; [Socket]: Max RunDelay: 16
---[App]: Min PerSecRun: 57; Max RunDelay 0
-----------------------------------------------------
2019-07-16 23:53:24 GS-1 07-16 23:53:24 User = 0 / 0
2019-07-16 23:58:14 GS-1 -----------------------------------------------------
---[Monster]: Max RunDelay: 282; Max RunCount 3149
---[Human]: Max RunDelay: 16; [Socket]: Max RunDelay: 16
---[App]: Min PerSecRun: 71; Max RunDelay 0
-----------------------------------------------------
2019-07-17 00:00:00 GS-1 载入商城物品列表，共5个类别，33种商品
2019-07-17 00:00:00 GS-1 [商城]会员宝典为脚本自定义物品
2019-07-17 00:00:00 GS-1 ==> 加载商城物品 装饰类：11/11
2019-07-17 00:00:00 GS-1 ==> 加载商城物品 补给类：2/2
2019-07-17 00:00:00 GS-1 ==> 加载商城物品 强化类：15/15
2019-07-17 00:00:00 GS-1 ==> 加载商城物品 限量类：3/3
2019-07-17 00:00:00 GS-1 ==> 加载商城物品 好友类：2/2
2019-07-17 00:00:00 GS-1 ==> 加载商城物品 类：0/0
2019-07-17 00:00:00 GS-1 ==> 加载商城物品 类：0/0
2019-07-17 00:00:00 GS-1 ==> 加载商城物品 类：0/0
2019-07-17 00:03:15 GS-1 -----------------------------------------------------
---[Monster]: Max RunDelay: 281; Max RunCount 3214
---[Human]: Max RunDelay: 109; [Socket]: Max RunDelay: 47
---[App]: Min PerSecRun: 67; Max RunDelay 0
-----------------------------------------------------
2019-07-17 00:03:24 GS-1 07-17 00:03:24 User = 0 / 0
2019-07-17 00:08:16 GS-1 -----------------------------------------------------
---[Monster]: Max RunDelay: 297; Max RunCount 3214
---[Human]: Max RunDelay: 31; [Socket]: Max RunDelay: 16
---[App]: Min PerSecRun: 69; Max RunDelay 0
-----------------------------------------------------
2019-07-17 00:13:17 GS-1 -----------------------------------------------------
---[Monster]: Max RunDelay: 266; Max RunCount 3214
---[Human]: Max RunDelay: 16; [Socket]: Max RunDelay: 16
---[App]: Min PerSecRun: 73; Max RunDelay 0
-----------------------------------------------------
2019-07-17 00:13:24 GS-1 07-17 00:13:24 User = 0 / 0
2019-07-17 00:18:18 GS-1 -----------------------------------------------------
---[Monster]: Max RunDelay: 281; Max RunCount 3216
---[Human]: Max RunDelay: 62; [Socket]: Max RunDelay: 16
---[App]: Min PerSecRun: 73; Max RunDelay 0
-----------------------------------------------------
2019-07-17 00:23:19 GS-1 -----------------------------------------------------
---[Monster]: Max RunDelay: 391; Max RunCount 3216
---[Human]: Max RunDelay: 32; [Socket]: Max RunDelay: 16
---[App]: Min PerSecRun: 62; Max RunDelay 0
-----------------------------------------------------
2019-07-17 00:23:24 GS-1 07-17 00:23:24 User = 0 / 0
2019-07-17 00:28:20 GS-1 -----------------------------------------------------
---[Monster]: Max RunDelay: 281; Max RunCount 3216
---[Human]: Max RunDelay: 16; [Socket]: Max RunDelay: 16
---[App]: Min PerSecRun: 71; Max RunDelay 0
-----------------------------------------------------
2019-07-17 00:33:21 GS-1 -----------------------------------------------------
---[Monster]: Max RunDelay: 312; Max RunCount 3146
---[Human]: Max RunDelay: 16; [Socket]: Max RunDelay: 16
---[App]: Min PerSecRun: 72; Max RunDelay 0
-----------------------------------------------------
2019-07-17 00:33:24 GS-1 07-17 00:33:24 User = 0 / 0
2019-07-17 00:38:22 GS-1 -----------------------------------------------------
---[Monster]: Max RunDelay: 312; Max RunCount 3216
---[Human]: Max RunDelay: 16; [Socket]: Max RunDelay: 16
---[App]: Min PerSecRun: 73; Max RunDelay 0
-----------------------------------------------------
2019-07-17 00:43:23 GS-1 -----------------------------------------------------
---[Monster]: Max RunDelay: 282; Max RunCount 3216
---[Human]: Max RunDelay: 16; [Socket]: Max RunDelay: 15
---[App]: Min PerSecRun: 74; Max RunDelay 0
-----------------------------------------------------
2019-07-17 00:43:24 GS-1 载入商城热销商品列表，共21个。
2019-07-17 00:43:24 GS-1 ==> 加载商城热销榜:5
2019-07-17 00:43:24 GS-1 07-17 00:43:24 User = 0 / 0
2019-07-17 00:48:24 GS-1 -----------------------------------------------------
---[Monster]: Max RunDelay: 266; Max RunCount 3216
---[Human]: Max RunDelay: 16; [Socket]: Max RunDelay: 15
---[App]: Min PerSecRun: 74; Max RunDelay 0
-----------------------------------------------------
2019-07-17 00:53:24 GS-1 07-17 00:53:24 User = 0 / 0
2019-07-17 00:53:25 GS-1 -----------------------------------------------------
---[Monster]: Max RunDelay: 469; Max RunCount 3216
---[Human]: Max RunDelay: 16; [Socket]: Max RunDelay: 15
---[App]: Min PerSecRun: 58; Max RunDelay 0
-----------------------------------------------------
2019-07-17 00:58:26 GS-1 -----------------------------------------------------
---[Monster]: Max RunDelay: 266; Max RunCount 3143
---[Human]: Max RunDelay: 16; [Socket]: Max RunDelay: 16
---[App]: Min PerSecRun: 74; Max RunDelay 0
-----------------------------------------------------
2019-07-17 01:03:24 GS-1 07-17 01:03:24 User = 0 / 0
2019-07-17 01:03:27 GS-1 -----------------------------------------------------
---[Monster]: Max RunDelay: 282; Max RunCount 3216
---[Human]: Max RunDelay: 31; [Socket]: Max RunDelay: 16
---[App]: Min PerSecRun: 74; Max RunDelay 0
-----------------------------------------------------
2019-07-17 01:08:28 GS-1 -----------------------------------------------------
---[Monster]: Max RunDelay: 297; Max RunCount 3218
---[Human]: Max RunDelay: 31; [Socket]: Max RunDelay: 16
---[App]: Min PerSecRun: 71; Max RunDelay 0
-----------------------------------------------------
2019-07-17 01:13:24 GS-1 07-17 01:13:24 User = 0 / 0
2019-07-17 01:13:29 GS-1 -----------------------------------------------------
---[Monster]: Max RunDelay: 281; Max RunCount 3218
---[Human]: Max RunDelay: 31; [Socket]: Max RunDelay: 16
---[App]: Min PerSecRun: 73; Max RunDelay 0
-----------------------------------------------------
2019-07-17 01:18:30 GS-1 -----------------------------------------------------
---[Monster]: Max RunDelay: 282; Max RunCount 3218
---[Human]: Max RunDelay: 15; [Socket]: Max RunDelay: 16
---[App]: Min PerSecRun: 73; Max RunDelay 0
-----------------------------------------------------
2019-07-17 01:23:25 GS-1 07-17 01:23:25 User = 0 / 0
2019-07-17 01:23:32 GS-1 -----------------------------------------------------
---[Monster]: Max RunDelay: 516; Max RunCount 3145
---[Human]: Max RunDelay: 31; [Socket]: Max RunDelay: 16
---[App]: Min PerSecRun: 56; Max RunDelay 0
-----------------------------------------------------
2019-07-17 01:28:33 GS-1 -----------------------------------------------------
---[Monster]: Max RunDelay: 282; Max RunCount 3218
---[Human]: Max RunDelay: 15; [Socket]: Max RunDelay: 16
---[App]: Min PerSecRun: 71; Max RunDelay 0
-----------------------------------------------------
2019-07-17 01:33:25 GS-1 07-17 01:33:25 User = 0 / 0
2019-07-17 01:33:34 GS-1 -----------------------------------------------------
---[Monster]: Max RunDelay: 312; Max RunCount 3218
---[Human]: Max RunDelay: 31; [Socket]: Max RunDelay: 16
---[App]: Min PerSecRun: 72; Max RunDelay 0
-----------------------------------------------------
2019-07-17 01:38:34 GS-1 -----------------------------------------------------
---[Monster]: Max RunDelay: 297; Max RunCount 3218
---[Human]: Max RunDelay: 31; [Socket]: Max RunDelay: 16
---[App]: Min PerSecRun: 71; Max RunDelay 0
-----------------------------------------------------
2019-07-17 01:43:25 GS-1 载入商城热销商品列表，共21个。
2019-07-17 01:43:25 GS-1 ==> 加载商城热销榜:5
2019-07-17 01:43:25 GS-1 07-17 01:43:25 User = 0 / 0
2019-07-17 01:43:36 GS-1 -----------------------------------------------------
---[Monster]: Max RunDelay: 281; Max RunCount 3145
---[Human]: Max RunDelay: 31; [Socket]: Max RunDelay: 16
---[App]: Min PerSecRun: 73; Max RunDelay 0
-----------------------------------------------------
2019-07-17 01:48:37 GS-1 -----------------------------------------------------
---[Monster]: Max RunDelay: 312; Max RunCount 3218
---[Human]: Max RunDelay: 15; [Socket]: Max RunDelay: 16
---[App]: Min PerSecRun: 72; Max RunDelay 0
-----------------------------------------------------
2019-07-17 01:53:24 GS-1 07-17 01:53:24 User = 0 / 0
2019-07-17 01:53:38 GS-1 -----------------------------------------------------
---[Monster]: Max RunDelay: 515; Max RunCount 3218
---[Human]: Max RunDelay: 15; [Socket]: Max RunDelay: 16
---[App]: Min PerSecRun: 56; Max RunDelay 0
-----------------------------------------------------
2019-07-17 01:58:39 GS-1 -----------------------------------------------------
---[Monster]: Max RunDelay: 312; Max RunCount 3219
---[Human]: Max RunDelay: 94; [Socket]: Max RunDelay: 16
---[App]: Min PerSecRun: 73; Max RunDelay 0
-----------------------------------------------------
2019-07-17 02:03:24 GS-1 07-17 02:03:24 User = 0 / 0
2019-07-17 02:03:40 GS-1 -----------------------------------------------------
---[Monster]: Max RunDelay: 312; Max RunCount 3146
---[Human]: Max RunDelay: 31; [Socket]: Max RunDelay: 16
---[App]: Min PerSecRun: 73; Max RunDelay 0
-----------------------------------------------------
2019-07-17 02:08:41 GS-1 -----------------------------------------------------
---[Monster]: Max RunDelay: 282; Max RunCount 3219
---[Human]: Max RunDelay: 15; [Socket]: Max RunDelay: 16
---[App]: Min PerSecRun: 72; Max RunDelay 0
-----------------------------------------------------
2019-07-17 02:13:24 GS-1 07-17 02:13:24 User = 0 / 0
2019-07-17 02:13:41 GS-1 -----------------------------------------------------
---[Monster]: Max RunDelay: 281; Max RunCount 3219
---[Human]: Max RunDelay: 15; [Socket]: Max RunDelay: 16
---[App]: Min PerSecRun: 72; Max RunDelay 0
-----------------------------------------------------
2019-07-17 02:18:42 GS-1 -----------------------------------------------------
---[Monster]: Max RunDelay: 282; Max RunCount 3219
---[Human]: Max RunDelay: 15; [Socket]: Max RunDelay: 16
---[App]: Min PerSecRun: 72; Max RunDelay 0
-----------------------------------------------------
2019-07-17 02:23:24 GS-1 07-17 02:23:24 User = 0 / 0
2019-07-17 02:23:44 GS-1 -----------------------------------------------------
---[Monster]: Max RunDelay: 422; Max RunCount 3219
---[Human]: Max RunDelay: 15; [Socket]: Max RunDelay: 16
---[App]: Min PerSecRun: 55; Max RunDelay 0
-----------------------------------------------------
2019-07-17 02:28:45 GS-1 -----------------------------------------------------
---[Monster]: Max RunDelay: 281; Max RunCount 3219
---[Human]: Max RunDelay: 31; [Socket]: Max RunDelay: 16
---[App]: Min PerSecRun: 73; Max RunDelay 0
-----------------------------------------------------
2019-07-17 02:33:25 GS-1 07-17 02:33:25 User = 0 / 0
2019-07-17 02:33:46 GS-1 -----------------------------------------------------
---[Monster]: Max RunDelay: 266; Max RunCount 3219
---[Human]: Max RunDelay: 31; [Socket]: Max RunDelay: 16
---[App]: Min PerSecRun: 72; Max RunDelay 0
-----------------------------------------------------
2019-07-17 02:38:47 GS-1 -----------------------------------------------------
---[Monster]: Max RunDelay: 297; Max RunCount 3219
---[Human]: Max RunDelay: 47; [Socket]: Max RunDelay: 0
---[App]: Min PerSecRun: 74; Max RunDelay 0
-----------------------------------------------------
2019-07-17 02:43:25 GS-1 载入商城热销商品列表，共21个。
2019-07-17 02:43:25 GS-1 ==> 加载商城热销榜:5
2019-07-17 02:43:25 GS-1 07-17 02:43:25 User = 0 / 0
2019-07-17 02:43:48 GS-1 -----------------------------------------------------
---[Monster]: Max RunDelay: 266; Max RunCount 3199
---[Human]: Max RunDelay: 16; [Socket]: Max RunDelay: 16
---[App]: Min PerSecRun: 74; Max RunDelay 0
-----------------------------------------------------
2019-07-17 02:48:49 GS-1 -----------------------------------------------------
---[Monster]: Max RunDelay: 281; Max RunCount 3219
---[Human]: Max RunDelay: 32; [Socket]: Max RunDelay: 16
---[App]: Min PerSecRun: 71; Max RunDelay 0
-----------------------------------------------------
2019-07-17 02:53:25 GS-1 07-17 02:53:25 User = 0 / 0
2019-07-17 02:53:50 GS-1 -----------------------------------------------------
---[Monster]: Max RunDelay: 406; Max RunCount 3219
---[Human]: Max RunDelay: 31; [Socket]: Max RunDelay: 16
---[App]: Min PerSecRun: 59; Max RunDelay 0
-----------------------------------------------------
2019-07-17 02:58:51 GS-1 -----------------------------------------------------
---[Monster]: Max RunDelay: 297; Max RunCount 3219
---[Human]: Max RunDelay: 15; [Socket]: Max RunDelay: 16
---[App]: Min PerSecRun: 73; Max RunDelay 0
-----------------------------------------------------
2019-07-17 03:03:25 GS-1 07-17 03:03:25 User = 0 / 0
2019-07-17 03:03:52 GS-1 -----------------------------------------------------
---[Monster]: Max RunDelay: 266; Max RunCount 3219
---[Human]: Max RunDelay: 31; [Socket]: Max RunDelay: 16
---[App]: Min PerSecRun: 72; Max RunDelay 0
-----------------------------------------------------
2019-07-17 03:08:53 GS-1 -----------------------------------------------------
---[Monster]: Max RunDelay: 281; Max RunCount 3218
---[Human]: Max RunDelay: 31; [Socket]: Max RunDelay: 16
---[App]: Min PerSecRun: 73; Max RunDelay 0
-----------------------------------------------------
2019-07-17 03:13:25 GS-1 07-17 03:13:25 User = 0 / 0
2019-07-17 03:13:54 GS-1 -----------------------------------------------------
---[Monster]: Max RunDelay: 282; Max RunCount 3186
---[Human]: Max RunDelay: 32; [Socket]: Max RunDelay: 16
---[App]: Min PerSecRun: 72; Max RunDelay 0
-----------------------------------------------------
2019-07-17 03:18:55 GS-1 -----------------------------------------------------
---[Monster]: Max RunDelay: 281; Max RunCount 3186
---[Human]: Max RunDelay: 31; [Socket]: Max RunDelay: 16
---[App]: Min PerSecRun: 71; Max RunDelay 0
-----------------------------------------------------
2019-07-17 03:23:25 GS-1 07-17 03:23:25 User = 0 / 0
2019-07-17 03:23:56 GS-1 -----------------------------------------------------
---[Monster]: Max RunDelay: 453; Max RunCount 3219
---[Human]: Max RunDelay: 62; [Socket]: Max RunDelay: 16
---[App]: Min PerSecRun: 56; Max RunDelay 0
-----------------------------------------------------
2019-07-17 03:28:57 GS-1 -----------------------------------------------------
---[Monster]: Max RunDelay: 281; Max RunCount 3219
---[Human]: Max RunDelay: 16; [Socket]: Max RunDelay: 16
---[App]: Min PerSecRun: 73; Max RunDelay 0
-----------------------------------------------------
2019-07-17 03:33:25 GS-1 07-17 03:33:25 User = 0 / 0
2019-07-17 03:33:58 GS-1 -----------------------------------------------------
---[Monster]: Max RunDelay: 281; Max RunCount 3219
---[Human]: Max RunDelay: 16; [Socket]: Max RunDelay: 16
---[App]: Min PerSecRun: 72; Max RunDelay 0
-----------------------------------------------------
2019-07-17 03:38:59 GS-1 -----------------------------------------------------
---[Monster]: Max RunDelay: 266; Max RunCount 3219
---[Human]: Max RunDelay: 16; [Socket]: Max RunDelay: 16
---[App]: Min PerSecRun: 73; Max RunDelay 0
-----------------------------------------------------
2019-07-17 03:43:25 GS-1 载入商城热销商品列表，共21个。
2019-07-17 03:43:25 GS-1 ==> 加载商城热销榜:5
2019-07-17 03:43:25 GS-1 07-17 03:43:25 User = 0 / 0
2019-07-17 03:44:00 GS-1 -----------------------------------------------------
---[Monster]: Max RunDelay: 328; Max RunCount 3206
---[Human]: Max RunDelay: 16; [Socket]: Max RunDelay: 15
---[App]: Min PerSecRun: 73; Max RunDelay 0
-----------------------------------------------------
2019-07-17 03:49:01 GS-1 -----------------------------------------------------
---[Monster]: Max RunDelay: 312; Max RunCount 3206
---[Human]: Max RunDelay: 78; [Socket]: Max RunDelay: 15
---[App]: Min PerSecRun: 73; Max RunDelay 0
-----------------------------------------------------
2019-07-17 03:53:25 GS-1 07-17 03:53:25 User = 0 / 0
2019-07-17 03:54:02 GS-1 -----------------------------------------------------
---[Monster]: Max RunDelay: 500; Max RunCount 3219
---[Human]: Max RunDelay: 234; [Socket]: Max RunDelay: 15
---[App]: Min PerSecRun: 55; Max RunDelay 0
-----------------------------------------------------
2019-07-17 03:59:03 GS-1 -----------------------------------------------------
---[Monster]: Max RunDelay: 297; Max RunCount 3219
---[Human]: Max RunDelay: 47; [Socket]: Max RunDelay: 15
---[App]: Min PerSecRun: 73; Max RunDelay 0
-----------------------------------------------------
2019-07-17 04:03:25 GS-1 07-17 04:03:25 User = 0 / 0
2019-07-17 04:04:04 GS-1 -----------------------------------------------------
---[Monster]: Max RunDelay: 282; Max RunCount 3186
---[Human]: Max RunDelay: 31; [Socket]: Max RunDelay: 15
---[App]: Min PerSecRun: 74; Max RunDelay 0
-----------------------------------------------------
2019-07-17 04:09:05 GS-1 -----------------------------------------------------
---[Monster]: Max RunDelay: 282; Max RunCount 3179
---[Human]: Max RunDelay: 32; [Socket]: Max RunDelay: 15
---[App]: Min PerSecRun: 74; Max RunDelay 0
-----------------------------------------------------
2019-07-17 04:13:25 GS-1 07-17 04:13:25 User = 0 / 0
2019-07-17 04:14:06 GS-1 -----------------------------------------------------
---[Monster]: Max RunDelay: 281; Max RunCount 3199
---[Human]: Max RunDelay: 32; [Socket]: Max RunDelay: 16
---[App]: Min PerSecRun: 74; Max RunDelay 0
-----------------------------------------------------
2019-07-17 04:19:07 GS-1 -----------------------------------------------------
---[Monster]: Max RunDelay: 282; Max RunCount 3199
---[Human]: Max RunDelay: 32; [Socket]: Max RunDelay: 16
---[App]: Min PerSecRun: 73; Max RunDelay 0
-----------------------------------------------------
2019-07-17 04:23:25 GS-1 07-17 04:23:25 User = 0 / 0
2019-07-17 04:24:08 GS-1 -----------------------------------------------------
---[Monster]: Max RunDelay: 516; Max RunCount 3199
---[Human]: Max RunDelay: 32; [Socket]: Max RunDelay: 16
---[App]: Min PerSecRun: 56; Max RunDelay 0
-----------------------------------------------------
2019-07-17 04:29:09 GS-1 -----------------------------------------------------
---[Monster]: Max RunDelay: 281; Max RunCount 3219
---[Human]: Max RunDelay: 31; [Socket]: Max RunDelay: 15
---[App]: Min PerSecRun: 73; Max RunDelay 0
-----------------------------------------------------
2019-07-17 04:33:25 GS-1 07-17 04:33:25 User = 0 / 0
2019-07-17 04:34:10 GS-1 -----------------------------------------------------
---[Monster]: Max RunDelay: 297; Max RunCount 3219
---[Human]: Max RunDelay: 31; [Socket]: Max RunDelay: 15
---[App]: Min PerSecRun: 71; Max RunDelay 0
-----------------------------------------------------
2019-07-17 04:39:11 GS-1 -----------------------------------------------------
---[Monster]: Max RunDelay: 312; Max RunCount 3219
---[Human]: Max RunDelay: 31; [Socket]: Max RunDelay: 15
---[App]: Min PerSecRun: 71; Max RunDelay 0
-----------------------------------------------------
2019-07-17 04:43:25 GS-1 载入商城热销商品列表，共21个。
2019-07-17 04:43:25 GS-1 ==> 加载商城热销榜:5
2019-07-17 04:43:25 GS-1 07-17 04:43:25 User = 0 / 0
2019-07-17 04:44:12 GS-1 -----------------------------------------------------
---[Monster]: Max RunDelay: 281; Max RunCount 3206
---[Human]: Max RunDelay: 15; [Socket]: Max RunDelay: 15
---[App]: Min PerSecRun: 69; Max RunDelay 0
-----------------------------------------------------
2019-07-17 04:49:13 GS-1 -----------------------------------------------------
---[Monster]: Max RunDelay: 297; Max RunCount 3186
---[Human]: Max RunDelay: 15; [Socket]: Max RunDelay: 15
---[App]: Min PerSecRun: 73; Max RunDelay 0
-----------------------------------------------------
2019-07-17 04:53:25 GS-1 07-17 04:53:25 User = 0 / 0
2019-07-17 04:54:14 GS-1 -----------------------------------------------------
---[Monster]: Max RunDelay: 485; Max RunCount 3219
---[Human]: Max RunDelay: 31; [Socket]: Max RunDelay: 15
---[App]: Min PerSecRun: 58; Max RunDelay 0
-----------------------------------------------------
2019-07-17 04:59:15 GS-1 -----------------------------------------------------
---[Monster]: Max RunDelay: 282; Max RunCount 3219
---[Human]: Max RunDelay: 16; [Socket]: Max RunDelay: 15
---[App]: Min PerSecRun: 71; Max RunDelay 0
-----------------------------------------------------
2019-07-17 05:03:25 GS-1 07-17 05:03:25 User = 0 / 0
2019-07-17 05:04:16 GS-1 -----------------------------------------------------
---[Monster]: Max RunDelay: 297; Max RunCount 3219
---[Human]: Max RunDelay: 31; [Socket]: Max RunDelay: 15
---[App]: Min PerSecRun: 72; Max RunDelay 0
-----------------------------------------------------
2019-07-17 05:09:17 GS-1 -----------------------------------------------------
---[Monster]: Max RunDelay: 297; Max RunCount 3219
---[Human]: Max RunDelay: 78; [Socket]: Max RunDelay: 15
---[App]: Min PerSecRun: 69; Max RunDelay 0
-----------------------------------------------------
2019-07-17 05:13:25 GS-1 07-17 05:13:25 User = 0 / 0
2019-07-17 05:14:18 GS-1 -----------------------------------------------------
---[Monster]: Max RunDelay: 313; Max RunCount 3146
---[Human]: Max RunDelay: 15; [Socket]: Max RunDelay: 15
---[App]: Min PerSecRun: 72; Max RunDelay 0
-----------------------------------------------------
2019-07-17 05:19:19 GS-1 -----------------------------------------------------
---[Monster]: Max RunDelay: 282; Max RunCount 3219
---[Human]: Max RunDelay: 15; [Socket]: Max RunDelay: 16
---[App]: Min PerSecRun: 72; Max RunDelay 0
-----------------------------------------------------
2019-07-17 05:23:25 GS-1 07-17 05:23:25 User = 0 / 0
2019-07-17 05:24:20 GS-1 -----------------------------------------------------
---[Monster]: Max RunDelay: 453; Max RunCount 3219
---[Human]: Max RunDelay: 31; [Socket]: Max RunDelay: 16
---[App]: Min PerSecRun: 58; Max RunDelay 0
-----------------------------------------------------
2019-07-17 05:29:21 GS-1 -----------------------------------------------------
---[Monster]: Max RunDelay: 266; Max RunCount 3219
---[Human]: Max RunDelay: 31; [Socket]: Max RunDelay: 16
---[App]: Min PerSecRun: 74; Max RunDelay 0
-----------------------------------------------------
2019-07-17 05:33:25 GS-1 07-17 05:33:25 User = 0 / 0
2019-07-17 05:34:22 GS-1 -----------------------------------------------------
---[Monster]: Max RunDelay: 344; Max RunCount 3146
---[Human]: Max RunDelay: 32; [Socket]: Max RunDelay: 16
---[App]: Min PerSecRun: 63; Max RunDelay 0
-----------------------------------------------------
2019-07-17 05:39:23 GS-1 -----------------------------------------------------
---[Monster]: Max RunDelay: 281; Max RunCount 3219
---[Human]: Max RunDelay: 32; [Socket]: Max RunDelay: 16
---[App]: Min PerSecRun: 71; Max RunDelay 0
-----------------------------------------------------
2019-07-17 05:43:25 GS-1 载入商城热销商品列表，共21个。
2019-07-17 05:43:25 GS-1 ==> 加载商城热销榜:5
2019-07-17 05:43:25 GS-1 07-17 05:43:25 User = 0 / 0
2019-07-17 05:44:24 GS-1 -----------------------------------------------------
---[Monster]: Max RunDelay: 281; Max RunCount 3219
---[Human]: Max RunDelay: 32; [Socket]: Max RunDelay: 16
---[App]: Min PerSecRun: 73; Max RunDelay 0
-----------------------------------------------------
2019-07-17 05:49:25 GS-1 -----------------------------------------------------
---[Monster]: Max RunDelay: 281; Max RunCount 3219
---[Human]: Max RunDelay: 31; [Socket]: Max RunDelay: 16
---[App]: Min PerSecRun: 71; Max RunDelay 0
-----------------------------------------------------
2019-07-17 05:53:25 GS-1 07-17 05:53:25 User = 0 / 0
2019-07-17 05:54:26 GS-1 -----------------------------------------------------
---[Monster]: Max RunDelay: 422; Max RunCount 3219
---[Human]: Max RunDelay: 16; [Socket]: Max RunDelay: 16
---[App]: Min PerSecRun: 65; Max RunDelay 0
-----------------------------------------------------
2019-07-17 05:59:27 GS-1 -----------------------------------------------------
---[Monster]: Max RunDelay: 297; Max RunCount 3219
---[Human]: Max RunDelay: 31; [Socket]: Max RunDelay: 16
---[App]: Min PerSecRun: 71; Max RunDelay 0
-----------------------------------------------------
2019-07-17 06:00:00 GS-1 载入商城物品列表，共5个类别，33种商品
2019-07-17 06:00:00 GS-1 [商城]会员宝典为脚本自定义物品
2019-07-17 06:00:00 GS-1 ==> 加载商城物品 装饰类：11/11
2019-07-17 06:00:00 GS-1 ==> 加载商城物品 补给类：2/2
2019-07-17 06:00:00 GS-1 ==> 加载商城物品 强化类：15/15
2019-07-17 06:00:00 GS-1 ==> 加载商城物品 限量类：3/3
2019-07-17 06:00:00 GS-1 ==> 加载商城物品 好友类：2/2
2019-07-17 06:00:00 GS-1 ==> 加载商城物品 类：0/0
2019-07-17 06:00:00 GS-1 ==> 加载商城物品 类：0/0
2019-07-17 06:00:00 GS-1 ==> 加载商城物品 类：0/0
2019-07-17 06:03:25 GS-1 07-17 06:03:25 User = 0 / 0
2019-07-17 06:04:28 GS-1 -----------------------------------------------------
---[Monster]: Max RunDelay: 297; Max RunCount 3219
---[Human]: Max RunDelay: 31; [Socket]: Max RunDelay: 16
---[App]: Min PerSecRun: 74; Max RunDelay 0
-----------------------------------------------------
2019-07-17 06:09:29 GS-1 -----------------------------------------------------
---[Monster]: Max RunDelay: 344; Max RunCount 3219
---[Human]: Max RunDelay: 15; [Socket]: Max RunDelay: 16
---[App]: Min PerSecRun: 70; Max RunDelay 0
-----------------------------------------------------
2019-07-17 06:13:25 GS-1 07-17 06:13:25 User = 1 / 1
2019-07-17 06:14:30 GS-1 -----------------------------------------------------
---[Monster]: Max RunDelay: 297; Max RunCount 3186
---[Human]: Max RunDelay: 78; [Socket]: Max RunDelay: 16
---[App]: Min PerSecRun: 73; Max RunDelay 0
-----------------------------------------------------
2019-07-17 06:19:30 GS-1 -----------------------------------------------------
---[Monster]: Max RunDelay: 3187; Max RunCount 3186
---[Human]: Max RunDelay: 1984; [Socket]: Max RunDelay: 485
---[App]: Min PerSecRun: 1; Max RunDelay 16
-----------------------------------------------------
2019-07-17 06:23:25 GS-1 07-17 06:23:25 User = 2 / 2
2019-07-17 06:24:31 GS-1 -----------------------------------------------------
---[Monster]: Max RunDelay: 1609; Max RunCount 3146
---[Human]: Max RunDelay: 703; [Socket]: Max RunDelay: 47
---[App]: Min PerSecRun: 3; Max RunDelay 0
-----------------------------------------------------
2019-07-17 06:29:32 GS-1 -----------------------------------------------------
---[Monster]: Max RunDelay: 968; Max RunCount 3210
---[Human]: Max RunDelay: 422; [Socket]: Max RunDelay: 78
---[App]: Min PerSecRun: 19; Max RunDelay 0
-----------------------------------------------------
2019-07-17 06:33:26 GS-1 07-17 06:33:26 User = 1 / 1
2019-07-17 06:34:33 GS-1 -----------------------------------------------------
---[Monster]: Max RunDelay: 656; Max RunCount 3185
---[Human]: Max RunDelay: 203; [Socket]: Max RunDelay: 16
---[App]: Min PerSecRun: 34; Max RunDelay 0
-----------------------------------------------------
2019-07-17 06:39:34 GS-1 -----------------------------------------------------
---[Monster]: Max RunDelay: 1438; Max RunCount 3218
---[Human]: Max RunDelay: 1047; [Socket]: Max RunDelay: 641
---[App]: Min PerSecRun: 19; Max RunDelay 0
-----------------------------------------------------
2019-07-17 06:43:25 GS-1 载入商城热销商品列表，共21个。
2019-07-17 06:43:25 GS-1 ==> 加载商城热销榜:5
2019-07-17 06:43:26 GS-1 07-17 06:43:26 User = 1 / 1
2019-07-17 06:44:35 GS-1 -----------------------------------------------------
---[Monster]: Max RunDelay: 266; Max RunCount 3198
---[Human]: Max RunDelay: 16; [Socket]: Max RunDelay: 16
---[App]: Min PerSecRun: 71; Max RunDelay 0
-----------------------------------------------------
2019-07-17 06:49:36 GS-1 -----------------------------------------------------
---[Monster]: Max RunDelay: 329; Max RunCount 3199
---[Human]: Max RunDelay: 16; [Socket]: Max RunDelay: 16
---[App]: Min PerSecRun: 70; Max RunDelay 0
-----------------------------------------------------
2019-07-17 06:50:49 GS-1 开始大刷NPC
2019-07-17 06:53:26 GS-1 07-17 06:53:26 User = 1 / 1
2019-07-17 06:54:37 GS-1 -----------------------------------------------------
---[Monster]: Max RunDelay: 703; Max RunCount 3146
---[Human]: Max RunDelay: 453; [Socket]: Max RunDelay: 31
---[App]: Min PerSecRun: 37; Max RunDelay 0
-----------------------------------------------------
2019-07-17 06:59:38 GS-1 -----------------------------------------------------
---[Monster]: Max RunDelay: 281; Max RunCount 3219
---[Human]: Max RunDelay: 32; [Socket]: Max RunDelay: 16
---[App]: Min PerSecRun: 72; Max RunDelay 0
-----------------------------------------------------
2019-07-17 07:00:02 GS-1 更新排行榜，共计：17 页
2019-07-17 07:03:26 GS-1 07-17 07:03:26 User = 0 / 0
2019-07-17 07:04:39 GS-1 -----------------------------------------------------
---[Monster]: Max RunDelay: 313; Max RunCount 3219
---[Human]: Max RunDelay: 31; [Socket]: Max RunDelay: 16
---[App]: Min PerSecRun: 66; Max RunDelay 0
-----------------------------------------------------
2019-07-17 07:09:40 GS-1 -----------------------------------------------------
---[Monster]: Max RunDelay: 1437; Max RunCount 3219
---[Human]: Max RunDelay: 672; [Socket]: Max RunDelay: 313
---[App]: Min PerSecRun: 13; Max RunDelay 0
-----------------------------------------------------
2019-07-17 07:13:28 GS-1 07-17 07:13:28 User = 1 / 1
2019-07-17 07:13:30 GS-1 开始大刷NPC
2019-07-17 07:14:41 GS-1 -----------------------------------------------------
---[Monster]: Max RunDelay: 1579; Max RunCount 3219
---[Human]: Max RunDelay: 750; [Socket]: Max RunDelay: 172
---[App]: Min PerSecRun: 11; Max RunDelay 16
-----------------------------------------------------
2019-07-17 07:19:42 GS-1 -----------------------------------------------------
---[Monster]: Max RunDelay: 1031; Max RunCount 3219
---[Human]: Max RunDelay: 500; [Socket]: Max RunDelay: 31
---[App]: Min PerSecRun: 18; Max RunDelay 0
-----------------------------------------------------
2019-07-17 07:23:28 GS-1 07-17 07:23:28 User = 1 / 1
2019-07-17 07:24:43 GS-1 -----------------------------------------------------
---[Monster]: Max RunDelay: 1266; Max RunCount 3242
---[Human]: Max RunDelay: 1078; [Socket]: Max RunDelay: 516
---[App]: Min PerSecRun: 12; Max RunDelay 0
-----------------------------------------------------
2019-07-17 07:29:44 GS-1 -----------------------------------------------------
---[Monster]: Max RunDelay: 1359; Max RunCount 3242
---[Human]: Max RunDelay: 484; [Socket]: Max RunDelay: 344
---[App]: Min PerSecRun: 19; Max RunDelay 0
-----------------------------------------------------
2019-07-17 07:29:58 GS-1 开始大刷NPC
2019-07-17 07:30:25 GS-1 开始大刷NPC
2019-07-17 07:33:27 GS-1 07-17 07:33:27 User = 1 / 1
2019-07-17 07:33:35 GS-1 --ReInitializet-- 因为点击NPC失败，重新刷新NPC...
2019-07-17 07:33:36 GS-1 --ReInitializet-- 因为点击NPC失败，重新刷新NPC...
2019-07-17 07:33:37 GS-1 --ReInitializet-- 因为点击NPC失败，重新刷新NPC...
2019-07-17 07:33:38 GS-1 --ReInitializet-- 因为点击NPC失败，重新刷新NPC...
2019-07-17 07:33:38 GS-1 --ReInitializet-- 因为点击NPC失败，重新刷新NPC...
2019-07-17 07:33:39 GS-1 --ReInitializet-- 因为点击NPC失败，重新刷新NPC...
2019-07-17 07:33:39 GS-1 --ReInitializet-- 因为点击NPC失败，重新刷新NPC...
2019-07-17 07:33:40 GS-1 --ReInitializet-- 因为点击NPC失败，重新刷新NPC...
2019-07-17 07:33:41 GS-1 --ReInitializet-- 因为点击NPC失败，重新刷新NPC...
2019-07-17 07:33:41 GS-1 --ReInitializet-- 因为点击NPC失败，重新刷新NPC...
2019-07-17 07:34:44 GS-1 -----------------------------------------------------
---[Monster]: Max RunDelay: 922; Max RunCount 3166
---[Human]: Max RunDelay: 640; [Socket]: Max RunDelay: 31
---[App]: Min PerSecRun: 25; Max RunDelay 16
-----------------------------------------------------
2019-07-17 07:39:45 GS-1 -----------------------------------------------------
---[Monster]: Max RunDelay: 2032; Max RunCount 3190
---[Human]: Max RunDelay: 1047; [Socket]: Max RunDelay: 469
---[App]: Min PerSecRun: 4; Max RunDelay 0
-----------------------------------------------------
2019-07-17 07:43:26 GS-1 载入商城热销商品列表，共21个。
2019-07-17 07:43:26 GS-1 ==> 加载商城热销榜:5
2019-07-17 07:43:29 GS-1 07-17 07:43:29 User = 1 / 1
2019-07-17 07:44:47 GS-1 -----------------------------------------------------
---[Monster]: Max RunDelay: 1813; Max RunCount 3242
---[Human]: Max RunDelay: 672; [Socket]: Max RunDelay: 266
---[App]: Min PerSecRun: 3; Max RunDelay 0
-----------------------------------------------------
2019-07-17 07:49:16 GS-1 07:49:17 Gate 1 (129.28.198.181) 关闭
2019-07-17 07:49:16 GS-1 [Warning]: 与DB 服务器断开连接....
2019-07-17 07:49:22 GS-1 释放--魔龙冰晶升级对象--结束
2019-07-17 07:49:22 GS-1 释放--天赐宝箱1--结束
2019-07-17 07:49:22 GS-1 释放--天赐宝箱2--结束
2019-07-17 07:49:22 GS-1 释放--一点充--结束
2019-07-17 07:49:22 GS-1 释放--事件管理对象--结束
2019-07-17 07:49:22 GS-1 释放--任务管理对象--结束
2019-07-17 07:49:23 GS-1 释放--升级提醒管理对象--结束
2019-07-17 07:49:23 GS-1 释放--GDMsg管理对象--结束
2019-07-17 07:49:23 GS-1 释放--跨地图寻路管理对象--结束
2019-07-17 07:49:23 GS-1 释放--沙巴克管理对象--结束
2019-07-17 07:49:23 GS-1 释放--中央活动服务器客户端--结束
2019-07-17 07:49:23 GS-1 释放--乾坤包--结束
2019-07-17 07:49:23 GS-1 正在清除模块-卧龙英雄管理-的配置表d:\Mud2.0\Mir200\Share\EngineConfig\卧龙英雄管理\Fortress-HERO1.txt
2019-07-17 07:49:23 GS-1 正在清除模块-卧龙英雄管理-的配置表d:\Mud2.0\Mir200\Share\EngineConfig\卧龙英雄管理\Fortress.txt
2019-07-17 07:49:23 GS-1 正在清除模块-游戏元素点阵管理-的配置表d:\Mud2.0\Mir200\Share\EngineConfig\游戏元素点阵管理\GMActEvent.txt
2019-07-17 07:49:23 GS-1 正在清除模块-信用分管理-的配置表d:\Mud2.0\Mir200\Share\EngineConfig\信用分管理\PlayerActivePoint.xml
2019-07-17 07:49:23 GS-1 正在清除模块-信用分管理-的配置表d:\Mud2.0\Mir200\Share\EngineConfig\信用分管理\MapActivePoint.xml
2019-07-17 07:49:23 GS-1 正在清除模块-摆摊交易-的配置表d:\Mud2.0\Mir200\Share\EngineConfig\摆摊交易\摊位基础设置.ini
2019-07-17 07:49:23 GS-1 正在清除模块-元宝商城管理-的配置表d:\Mud2.0\Mir200\Share\EngineConfig\元宝商城管理\YBGoods.sql
2019-07-17 07:49:23 GS-1 正在清除模块-小助手管理-的配置表d:\Mud2.0\Mir200\Share\EngineConfig\小助手管理\小助手.txt
2019-07-17 07:49:23 GS-1 正在清除模块-静态地图管理-的配置表d:\Mud2.0\Mir200\Share\EngineConfig\静态地图管理\MapDropLimitBagItems.xml
2019-07-17 07:49:35 GS-1 正在清除模块-装备合成管理-的配置表d:\Mud2.0\Mir200\Share\EngineConfig\装备合成管理\StrengthenEquip.xml
2019-07-17 07:49:41 GS-1 正在清除模块-藏宝图管理-的配置表d:\Mud2.0\Mir200\Share\EngineConfig\藏宝图管理\修复藏宝图.txt
2019-07-17 07:49:41 GS-1 正在清除模块-藏宝图管理-的配置表d:\Mud2.0\Mir200\Share\EngineConfig\藏宝图管理\魔龙藏宝图合成装备.txt
2019-07-17 07:49:41 GS-1 正在清除模块-衣服升级管理-的配置表d:\Mud2.0\Mir200\Share\EngineConfig\衣服升级管理\UpdateClothes.xml
2019-07-17 07:49:41 GS-1 正在清除模块-道具管理-的配置表d:\Mud2.0\Mir200\Share\EngineConfig\道具管理\宝石配置.txt
2019-07-17 07:49:41 GS-1 正在清除模块-世界暴率管理-的配置表d:\Mud2.0\Mir200\Share\EngineConfig\世界暴率管理\世界爆率文件1.txt
2019-07-17 07:49:41 GS-1 释放--跨GS消息管理对象--结束
2019-07-17 07:49:41 GS-1 释放--gate管理对象--结束
2019-07-17 07:49:41 GS-1 释放--魔法管理对象--结束
2019-07-17 07:49:41 GS-1 释放--套装管理对象--结束
2019-07-17 07:49:41 GS-1 释放--新暴率管理对象--结束
2019-07-17 07:49:41 GS-1 释放--角色信息初始化管理对象--结束
2019-07-17 07:49:41 GS-1 释放--GS本地日志--结束
2019-07-17 07:49:41 GS-1 释放--DBEngn对象--结束
2019-07-17 07:49:41 GS-1 释放--任务列表--结束
2019-07-17 07:49:41 GS-1 释放--buffer管理类--结束
2019-07-17 07:49:41 GS-1 释放--排行榜--结束
2019-07-17 07:49:41 GS-1 释放--免费回收--结束
2019-07-17 07:49:41 GS-1 释放--mysql对象--结束
2019-07-17 07:49:41 GS-1 ================ 服务停止 ==============
