2019-07-07 07:13:00 GS-1 -----------------------------------------------------
---[Monster]: Max RunDelay: 0; Max RunCount 0
---[Human]: Max RunDelay: 0; [Socket]: Max RunDelay: 0
---[App]: Min PerSecRun: 100; Max RunDelay 0
-----------------------------------------------------
2019-07-07 07:13:00 GS-1 ================ 服务启动 ==============
2019-07-07 07:13:00 GS-1 TPlayerBody Size - 1616
2019-07-07 07:13:00 GS-1 TPlayerDB Size - 61608
2019-07-07 07:13:00 GS-1 ======== 连接MySQL成功 =======
2019-07-07 07:13:00 GS-1 *** ***Gamelog 的下次清理时间为 : 07月14日03时*** ***
2019-07-07 07:13:00 GS-1 ==加载GM指令定义完成==
2019-07-07 07:13:00 GS-1 与 DB 服务器连接成功
2019-07-07 07:13:00 GS-1 [Error]: 抽取概率错误:赤金天赐->宝箱1:概率7
2019-07-07 07:13:00 GS-1 [Error]: 抽取概率错误:白银天赐->宝箱1:概率7
2019-07-07 07:13:00 GS-1 [Error]: 抽取概率错误:紫铜天赐->宝箱1:概率7
2019-07-07 07:13:00 GS-1 [Error]: 抽取概率错误:神秘天赐->宝箱1:概率7
2019-07-07 07:13:00 GS-1 [Error]: 抽取概率错误:檀木天赐->宝箱1:概率7
2019-07-07 07:13:00 GS-1 [Error]: 抽取概率错误:宝藏天赐 ->宝箱1:概率7
2019-07-07 07:13:00 GS-1 [Error]: 天赐抽奖配置文件: d:\Mud2.0\Mir200\Share\Config\春节天赐2.ini 不存在！
2019-07-07 07:13:00 GS-1 [Error]: 天赐抽奖配置文件: d:\Mud2.0\Mir200\Share\Config\感恩天赐2.ini 不存在！
2019-07-07 07:13:00 GS-1 [Error]: StdItems 不存在的天赐：新年天赐
2019-07-07 07:13:00 GS-1 [Error]: StdItems 不存在的钥匙：新年钥匙
2019-07-07 07:13:00 GS-1 [Error]: StdItems 不存在的钥匙：春节钥匙
2019-07-07 07:13:00 GS-1 [Error]: StdItems 不存在的钥匙：节日钥匙
2019-07-07 07:13:00 GS-1 [Error]: StdItems 不存在的天赐：感恩天赐
2019-07-07 07:13:00 GS-1 [Error]: StdItems 不存在的钥匙：感恩钥匙
2019-07-07 07:13:00 GS-1 系统参数初始化完毕
2019-07-07 07:13:00 GS-1 准备加载NPC，共495个
2019-07-07 07:13:00 GS-1 已加载d:\Mud2.0\Mir200\Share\EngineConfig\系统信息管理\RollMsg.txt！
2019-07-07 07:13:00 GS-1 已加载d:\Mud2.0\Mir200\Share\EngineConfig\系统信息管理\掉落物品提示.txt！
2019-07-07 07:13:00 GS-1 已加载d:\Mud2.0\Mir200\Share\EngineConfig\卧龙英雄管理\Fortress.txt！
2019-07-07 07:13:00 GS-1 已加载d:\Mud2.0\Mir200\Share\EngineConfig\游戏元素点阵管理\GMActEvent.txt！
2019-07-07 07:13:00 GS-1    加载邮件信息成功,加载0个玩家的邮件。
2019-07-07 07:13:00 GS-1    加载邮件信息成功,加载0个玩家的邮件。
2019-07-07 07:13:00 GS-1 已加载d:\Mud2.0\Mir200\Share\EngineConfig\摆摊交易\摊位基础设置.ini！
2019-07-07 07:13:00 GS-1 刷新摊位过期将在2:55执行！
2019-07-07 07:13:00 GS-1   加载Stall成功，共加载摊位0个
2019-07-07 07:13:00 GS-1 [Information]: 寄售表创建成功!
2019-07-07 07:13:00 GS-1 [Information]: 寄售历史表创建成功!
2019-07-07 07:13:00 GS-1 [Information]: 更新超时订单成功!
2019-07-07 07:13:00 GS-1 已加载刷新商城时间：00:00:00.
2019-07-07 07:13:00 GS-1 已加载刷新商城时间：06:00:00.
2019-07-07 07:13:00 GS-1 已加载刷新商城时间：12:00:00.
2019-07-07 07:13:00 GS-1 载入商城物品列表，共5个类别，39种商品
2019-07-07 07:13:00 GS-1 ==> 加载商城物品 装饰类：11/11
2019-07-07 07:13:00 GS-1 ==> 加载商城物品 补给类：8/8
2019-07-07 07:13:00 GS-1 ==> 加载商城物品 强化类：15/15
2019-07-07 07:13:00 GS-1 ==> 加载商城物品 好友类：2/2
2019-07-07 07:13:00 GS-1 ==> 加载商城物品 限量类：3/3
2019-07-07 07:13:00 GS-1 ==> 加载商城物品 类：0/0
2019-07-07 07:13:00 GS-1 ==> 加载商城物品 类：0/0
2019-07-07 07:13:00 GS-1 ==> 加载商城物品 类：0/0
2019-07-07 07:13:00 GS-1    [删除错误数据] 删除用户表中不存在的战队成员
2019-07-07 07:13:00 GS-1    [删除错误数据] 清除战队队长不存在的项
2019-07-07 07:13:00 GS-1    [删除错误数据] 不存在战队的成员
2019-07-07 07:13:00 GS-1    正在加载战队...
2019-07-07 07:13:00 GS-1    战队表数量 : 0
2019-07-07 07:13:00 GS-1    加载战队数量:0
2019-07-07 07:13:00 GS-1    正在加载战队成员...
2019-07-07 07:13:00 GS-1    战队成员总数:0 加载成员数:0
2019-07-07 07:13:00 GS-1    正在检测战队数据有效性...
2019-07-07 07:13:00 GS-1    战队数据有效性检测完毕
2019-07-07 07:13:00 GS-1    [删除错误数据] 清除会长战队不存在行会
2019-07-07 07:13:00 GS-1    [删除错误数据] 清除行会不存在的行会成员
2019-07-07 07:13:00 GS-1    [删除错误数据] 清除行会不存在的行会关系ID排列错误的项
2019-07-07 07:13:00 GS-1    [删除错误数据] 清除行会不存在行会关系
2019-07-07 07:13:00 GS-1    [删除错误数据] 清除行会不存在关注行会
2019-07-07 07:13:00 GS-1    加载行会数量 : 0
2019-07-07 07:13:00 GS-1    加载行会成员(战队)数量 : 0
2019-07-07 07:13:00 GS-1    加载行会关系数量 : 0
2019-07-07 07:13:00 GS-1    加载关注行会数量 : 0
2019-07-07 07:13:00 GS-1    加载请求数量:0
2019-07-07 07:13:00 GS-1 [Error]: 小助手 不存在！
2019-07-07 07:13:00 GS-1 D411地图配置在MapInfo.txt 中不是LIMITBAGITEMDROP属性
2019-07-07 07:13:00 GS-1 D415地图配置在MapInfo.txt 中不是LIMITBAGITEMDROP属性
2019-07-07 07:13:00 GS-1 D416地图配置在MapInfo.txt 中不是LIMITBAGITEMDROP属性
2019-07-07 07:13:00 GS-1 信用分验证功能：关
2019-07-07 07:13:00 GS-1 GS脚本版本号：10001
2019-07-07 07:13:00 GS-1 更新排行榜，共计：4 页
2019-07-07 07:13:27 GS-1 载入商城热销商品列表，共8个。
2019-07-07 07:13:27 GS-1 ==> 加载商城热销榜:5
2019-07-07 07:13:29 GS-1 Gate 1 开启
2019-07-07 07:18:01 GS-1 -----------------------------------------------------
---[Monster]: Max RunDelay: 547; Max RunCount 3138
---[Human]: Max RunDelay: 156; [Socket]: Max RunDelay: 125
---[App]: Min PerSecRun: 38; Max RunDelay 0
-----------------------------------------------------
2019-07-07 07:23:02 GS-1 -----------------------------------------------------
---[Monster]: Max RunDelay: 563; Max RunCount 3116
---[Human]: Max RunDelay: 94; [Socket]: Max RunDelay: 0
---[App]: Min PerSecRun: 36; Max RunDelay 0
-----------------------------------------------------
2019-07-07 07:23:26 GS-1 07-07 07:23:26 User = 0 / 0
2019-07-07 07:28:03 GS-1 -----------------------------------------------------
---[Monster]: Max RunDelay: 641; Max RunCount 3148
---[Human]: Max RunDelay: 63; [Socket]: Max RunDelay: 16
---[App]: Min PerSecRun: 42; Max RunDelay 0
-----------------------------------------------------
2019-07-07 07:33:05 GS-1 -----------------------------------------------------
---[Monster]: Max RunDelay: 360; Max RunCount 3150
---[Human]: Max RunDelay: 31; [Socket]: Max RunDelay: 0
---[App]: Min PerSecRun: 69; Max RunDelay 0
-----------------------------------------------------
2019-07-07 07:33:26 GS-1 07-07 07:33:26 User = 0 / 0
2019-07-07 07:38:05 GS-1 -----------------------------------------------------
---[Monster]: Max RunDelay: 625; Max RunCount 3150
---[Human]: Max RunDelay: 156; [Socket]: Max RunDelay: 16
---[App]: Min PerSecRun: 46; Max RunDelay 0
-----------------------------------------------------
2019-07-07 07:43:07 GS-1 -----------------------------------------------------
---[Monster]: Max RunDelay: 813; Max RunCount 3155
---[Human]: Max RunDelay: 172; [Socket]: Max RunDelay: 16
---[App]: Min PerSecRun: 28; Max RunDelay 0
-----------------------------------------------------
2019-07-07 07:43:27 GS-1 07-07 07:43:27 User = 1 / 1
2019-07-07 07:48:08 GS-1 -----------------------------------------------------
---[Monster]: Max RunDelay: 516; Max RunCount 3151
---[Human]: Max RunDelay: 125; [Socket]: Max RunDelay: 93
---[App]: Min PerSecRun: 50; Max RunDelay 0
-----------------------------------------------------
2019-07-07 07:53:09 GS-1 -----------------------------------------------------
---[Monster]: Max RunDelay: 235; Max RunCount 3151
---[Human]: Max RunDelay: 31; [Socket]: Max RunDelay: 15
---[App]: Min PerSecRun: 78; Max RunDelay 0
-----------------------------------------------------
2019-07-07 07:53:27 GS-1 07-07 07:53:27 User = 0 / 0
2019-07-07 07:58:10 GS-1 -----------------------------------------------------
---[Monster]: Max RunDelay: 235; Max RunCount 3151
---[Human]: Max RunDelay: 31; [Socket]: Max RunDelay: 16
---[App]: Min PerSecRun: 78; Max RunDelay 0
-----------------------------------------------------
2019-07-07 08:03:11 GS-1 -----------------------------------------------------
---[Monster]: Max RunDelay: 219; Max RunCount 3151
---[Human]: Max RunDelay: 31; [Socket]: Max RunDelay: 16
---[App]: Min PerSecRun: 79; Max RunDelay 0
-----------------------------------------------------
2019-07-07 08:03:27 GS-1 07-07 08:03:27 User = 0 / 0
2019-07-07 08:08:12 GS-1 -----------------------------------------------------
---[Monster]: Max RunDelay: 219; Max RunCount 3144
---[Human]: Max RunDelay: 15; [Socket]: Max RunDelay: 16
---[App]: Min PerSecRun: 78; Max RunDelay 0
-----------------------------------------------------
2019-07-07 08:13:13 GS-1 -----------------------------------------------------
---[Monster]: Max RunDelay: 313; Max RunCount 3129
---[Human]: Max RunDelay: 15; [Socket]: Max RunDelay: 0
---[App]: Min PerSecRun: 64; Max RunDelay 0
-----------------------------------------------------
2019-07-07 08:13:27 GS-1 07-07 08:13:27 User = 0 / 0
2019-07-07 08:13:28 GS-1 载入商城热销商品列表，共8个。
2019-07-07 08:13:28 GS-1 ==> 加载商城热销榜:5
2019-07-07 08:18:14 GS-1 -----------------------------------------------------
---[Monster]: Max RunDelay: 359; Max RunCount 3152
---[Human]: Max RunDelay: 31; [Socket]: Max RunDelay: 16
---[App]: Min PerSecRun: 65; Max RunDelay 0
-----------------------------------------------------
2019-07-07 08:23:15 GS-1 -----------------------------------------------------
---[Monster]: Max RunDelay: 219; Max RunCount 3152
---[Human]: Max RunDelay: 32; [Socket]: Max RunDelay: 0
---[App]: Min PerSecRun: 75; Max RunDelay 0
-----------------------------------------------------
2019-07-07 08:23:27 GS-1 07-07 08:23:27 User = 0 / 0
2019-07-07 08:28:15 GS-1 -----------------------------------------------------
---[Monster]: Max RunDelay: 562; Max RunCount 3152
---[Human]: Max RunDelay: 31; [Socket]: Max RunDelay: 16
---[App]: Min PerSecRun: 45; Max RunDelay 0
-----------------------------------------------------
2019-07-07 08:33:16 GS-1 -----------------------------------------------------
---[Monster]: Max RunDelay: 266; Max RunCount 3152
---[Human]: Max RunDelay: 15; [Socket]: Max RunDelay: 0
---[App]: Min PerSecRun: 77; Max RunDelay 0
-----------------------------------------------------
2019-07-07 08:33:27 GS-1 07-07 08:33:27 User = 0 / 0
2019-07-07 08:38:17 GS-1 -----------------------------------------------------
---[Monster]: Max RunDelay: 265; Max RunCount 3138
---[Human]: Max RunDelay: 31; [Socket]: Max RunDelay: 0
---[App]: Min PerSecRun: 77; Max RunDelay 0
-----------------------------------------------------
2019-07-07 08:43:18 GS-1 -----------------------------------------------------
---[Monster]: Max RunDelay: 454; Max RunCount 3152
---[Human]: Max RunDelay: 15; [Socket]: Max RunDelay: 16
---[App]: Min PerSecRun: 56; Max RunDelay 0
-----------------------------------------------------
2019-07-07 08:43:27 GS-1 07-07 08:43:27 User = 0 / 0
2019-07-07 08:48:19 GS-1 -----------------------------------------------------
---[Monster]: Max RunDelay: 235; Max RunCount 3152
---[Human]: Max RunDelay: 31; [Socket]: Max RunDelay: 0
---[App]: Min PerSecRun: 79; Max RunDelay 0
-----------------------------------------------------
2019-07-07 08:53:20 GS-1 -----------------------------------------------------
---[Monster]: Max RunDelay: 250; Max RunCount 3152
---[Human]: Max RunDelay: 15; [Socket]: Max RunDelay: 0
---[App]: Min PerSecRun: 78; Max RunDelay 0
-----------------------------------------------------
2019-07-07 08:53:27 GS-1 07-07 08:53:27 User = 0 / 0
2019-07-07 08:58:21 GS-1 -----------------------------------------------------
---[Monster]: Max RunDelay: 516; Max RunCount 3152
---[Human]: Max RunDelay: 31; [Socket]: Max RunDelay: 15
---[App]: Min PerSecRun: 58; Max RunDelay 0
-----------------------------------------------------
2019-07-07 09:03:22 GS-1 -----------------------------------------------------
---[Monster]: Max RunDelay: 547; Max RunCount 3152
---[Human]: Max RunDelay: 16; [Socket]: Max RunDelay: 15
---[App]: Min PerSecRun: 40; Max RunDelay 0
-----------------------------------------------------
2019-07-07 09:03:27 GS-1 07-07 09:03:27 User = 0 / 0
2019-07-07 09:08:23 GS-1 -----------------------------------------------------
---[Monster]: Max RunDelay: 219; Max RunCount 3152
---[Human]: Max RunDelay: 31; [Socket]: Max RunDelay: 0
---[App]: Min PerSecRun: 78; Max RunDelay 0
-----------------------------------------------------
2019-07-07 09:13:24 GS-1 -----------------------------------------------------
---[Monster]: Max RunDelay: 281; Max RunCount 3152
---[Human]: Max RunDelay: 16; [Socket]: Max RunDelay: 15
---[App]: Min PerSecRun: 78; Max RunDelay 0
-----------------------------------------------------
2019-07-07 09:13:27 GS-1 07-07 09:13:27 User = 0 / 0
2019-07-07 09:13:28 GS-1 载入商城热销商品列表，共8个。
2019-07-07 09:13:28 GS-1 ==> 加载商城热销榜:5
2019-07-07 09:18:25 GS-1 -----------------------------------------------------
---[Monster]: Max RunDelay: 234; Max RunCount 3152
---[Human]: Max RunDelay: 16; [Socket]: Max RunDelay: 15
---[App]: Min PerSecRun: 79; Max RunDelay 0
-----------------------------------------------------
2019-07-07 09:23:26 GS-1 -----------------------------------------------------
---[Monster]: Max RunDelay: 219; Max RunCount 3152
---[Human]: Max RunDelay: 16; [Socket]: Max RunDelay: 15
---[App]: Min PerSecRun: 79; Max RunDelay 0
-----------------------------------------------------
2019-07-07 09:23:27 GS-1 07-07 09:23:27 User = 0 / 0
2019-07-07 09:28:27 GS-1 -----------------------------------------------------
---[Monster]: Max RunDelay: 234; Max RunCount 3140
---[Human]: Max RunDelay: 16; [Socket]: Max RunDelay: 0
---[App]: Min PerSecRun: 79; Max RunDelay 0
-----------------------------------------------------
2019-07-07 09:33:27 GS-1 07-07 09:33:27 User = 0 / 0
2019-07-07 09:33:28 GS-1 -----------------------------------------------------
---[Monster]: Max RunDelay: 422; Max RunCount 3152
---[Human]: Max RunDelay: 156; [Socket]: Max RunDelay: 16
---[App]: Min PerSecRun: 56; Max RunDelay 0
-----------------------------------------------------
2019-07-07 09:38:29 GS-1 -----------------------------------------------------
---[Monster]: Max RunDelay: 594; Max RunCount 3152
---[Human]: Max RunDelay: 94; [Socket]: Max RunDelay: 31
---[App]: Min PerSecRun: 41; Max RunDelay 0
-----------------------------------------------------
2019-07-07 09:43:27 GS-1 07-07 09:43:27 User = 0 / 0
2019-07-07 09:43:30 GS-1 -----------------------------------------------------
---[Monster]: Max RunDelay: 454; Max RunCount 3152
---[Human]: Max RunDelay: 109; [Socket]: Max RunDelay: 31
---[App]: Min PerSecRun: 47; Max RunDelay 0
-----------------------------------------------------
2019-07-07 09:48:31 GS-1 -----------------------------------------------------
---[Monster]: Max RunDelay: 266; Max RunCount 3132
---[Human]: Max RunDelay: 16; [Socket]: Max RunDelay: 0
---[App]: Min PerSecRun: 79; Max RunDelay 0
-----------------------------------------------------
2019-07-07 09:53:27 GS-1 07-07 09:53:27 User = 0 / 0
2019-07-07 09:53:32 GS-1 -----------------------------------------------------
---[Monster]: Max RunDelay: 219; Max RunCount 3132
---[Human]: Max RunDelay: 31; [Socket]: Max RunDelay: 15
---[App]: Min PerSecRun: 78; Max RunDelay 0
-----------------------------------------------------
2019-07-07 09:58:33 GS-1 -----------------------------------------------------
---[Monster]: Max RunDelay: 328; Max RunCount 3132
---[Human]: Max RunDelay: 31; [Socket]: Max RunDelay: 15
---[App]: Min PerSecRun: 57; Max RunDelay 0
-----------------------------------------------------
2019-07-07 10:03:27 GS-1 07-07 10:03:27 User = 0 / 0
2019-07-07 10:03:34 GS-1 -----------------------------------------------------
---[Monster]: Max RunDelay: 421; Max RunCount 3141
---[Human]: Max RunDelay: 31; [Socket]: Max RunDelay: 0
---[App]: Min PerSecRun: 63; Max RunDelay 0
-----------------------------------------------------
2019-07-07 10:08:35 GS-1 -----------------------------------------------------
---[Monster]: Max RunDelay: 266; Max RunCount 3152
---[Human]: Max RunDelay: 31; [Socket]: Max RunDelay: 16
---[App]: Min PerSecRun: 77; Max RunDelay 0
-----------------------------------------------------
2019-07-07 10:13:27 GS-1 07-07 10:13:27 User = 0 / 0
2019-07-07 10:13:28 GS-1 载入商城热销商品列表，共8个。
2019-07-07 10:13:28 GS-1 ==> 加载商城热销榜:5
2019-07-07 10:13:36 GS-1 -----------------------------------------------------
---[Monster]: Max RunDelay: 453; Max RunCount 3152
---[Human]: Max RunDelay: 78; [Socket]: Max RunDelay: 16
---[App]: Min PerSecRun: 58; Max RunDelay 0
-----------------------------------------------------
2019-07-07 10:18:37 GS-1 -----------------------------------------------------
---[Monster]: Max RunDelay: 282; Max RunCount 3152
---[Human]: Max RunDelay: 47; [Socket]: Max RunDelay: 16
---[App]: Min PerSecRun: 75; Max RunDelay 0
-----------------------------------------------------
2019-07-07 10:23:27 GS-1 07-07 10:23:27 User = 0 / 0
2019-07-07 10:23:38 GS-1 -----------------------------------------------------
---[Monster]: Max RunDelay: 563; Max RunCount 3152
---[Human]: Max RunDelay: 32; [Socket]: Max RunDelay: 0
---[App]: Min PerSecRun: 47; Max RunDelay 0
-----------------------------------------------------
2019-07-07 10:28:39 GS-1 -----------------------------------------------------
---[Monster]: Max RunDelay: 594; Max RunCount 3152
---[Human]: Max RunDelay: 31; [Socket]: Max RunDelay: 16
---[App]: Min PerSecRun: 37; Max RunDelay 0
-----------------------------------------------------
2019-07-07 10:33:27 GS-1 07-07 10:33:27 User = 0 / 0
2019-07-07 10:33:40 GS-1 -----------------------------------------------------
---[Monster]: Max RunDelay: 219; Max RunCount 3151
---[Human]: Max RunDelay: 32; [Socket]: Max RunDelay: 0
---[App]: Min PerSecRun: 78; Max RunDelay 0
-----------------------------------------------------
2019-07-07 10:38:41 GS-1 -----------------------------------------------------
---[Monster]: Max RunDelay: 437; Max RunCount 3151
---[Human]: Max RunDelay: 32; [Socket]: Max RunDelay: 15
---[App]: Min PerSecRun: 52; Max RunDelay 16
-----------------------------------------------------
2019-07-07 10:43:27 GS-1 07-07 10:43:27 User = 0 / 0
2019-07-07 10:43:42 GS-1 -----------------------------------------------------
---[Monster]: Max RunDelay: 235; Max RunCount 3141
---[Human]: Max RunDelay: 32; [Socket]: Max RunDelay: 0
---[App]: Min PerSecRun: 78; Max RunDelay 0
-----------------------------------------------------
2019-07-07 10:48:43 GS-1 -----------------------------------------------------
---[Monster]: Max RunDelay: 250; Max RunCount 3132
---[Human]: Max RunDelay: 32; [Socket]: Max RunDelay: 16
---[App]: Min PerSecRun: 76; Max RunDelay 0
-----------------------------------------------------
2019-07-07 10:53:27 GS-1 07-07 10:53:27 User = 0 / 0
2019-07-07 10:53:44 GS-1 -----------------------------------------------------
---[Monster]: Max RunDelay: 250; Max RunCount 3121
---[Human]: Max RunDelay: 15; [Socket]: Max RunDelay: 16
---[App]: Min PerSecRun: 78; Max RunDelay 0
-----------------------------------------------------
2019-07-07 10:58:45 GS-1 -----------------------------------------------------
---[Monster]: Max RunDelay: 219; Max RunCount 3132
---[Human]: Max RunDelay: 15; [Socket]: Max RunDelay: 0
---[App]: Min PerSecRun: 78; Max RunDelay 0
-----------------------------------------------------
2019-07-07 11:03:27 GS-1 07-07 11:03:27 User = 0 / 0
2019-07-07 11:03:46 GS-1 -----------------------------------------------------
---[Monster]: Max RunDelay: 250; Max RunCount 3132
---[Human]: Max RunDelay: 15; [Socket]: Max RunDelay: 16
---[App]: Min PerSecRun: 78; Max RunDelay 0
-----------------------------------------------------
2019-07-07 11:08:47 GS-1 -----------------------------------------------------
---[Monster]: Max RunDelay: 250; Max RunCount 3132
---[Human]: Max RunDelay: 15; [Socket]: Max RunDelay: 0
---[App]: Min PerSecRun: 78; Max RunDelay 0
-----------------------------------------------------
2019-07-07 11:13:27 GS-1 07-07 11:13:27 User = 0 / 0
2019-07-07 11:13:28 GS-1 载入商城热销商品列表，共8个。
2019-07-07 11:13:28 GS-1 ==> 加载商城热销榜:5
2019-07-07 11:13:48 GS-1 -----------------------------------------------------
---[Monster]: Max RunDelay: 234; Max RunCount 3132
---[Human]: Max RunDelay: 15; [Socket]: Max RunDelay: 0
---[App]: Min PerSecRun: 77; Max RunDelay 0
-----------------------------------------------------
2019-07-07 11:18:49 GS-1 -----------------------------------------------------
---[Monster]: Max RunDelay: 265; Max RunCount 3132
---[Human]: Max RunDelay: 15; [Socket]: Max RunDelay: 0
---[App]: Min PerSecRun: 77; Max RunDelay 0
-----------------------------------------------------
2019-07-07 11:23:27 GS-1 07-07 11:23:27 User = 0 / 0
2019-07-07 11:23:50 GS-1 -----------------------------------------------------
---[Monster]: Max RunDelay: 250; Max RunCount 3132
---[Human]: Max RunDelay: 31; [Socket]: Max RunDelay: 0
---[App]: Min PerSecRun: 78; Max RunDelay 0
-----------------------------------------------------
2019-07-07 11:28:51 GS-1 -----------------------------------------------------
---[Monster]: Max RunDelay: 219; Max RunCount 3132
---[Human]: Max RunDelay: 31; [Socket]: Max RunDelay: 0
---[App]: Min PerSecRun: 78; Max RunDelay 0
-----------------------------------------------------
2019-07-07 11:33:27 GS-1 07-07 11:33:27 User = 0 / 0
2019-07-07 11:33:52 GS-1 -----------------------------------------------------
---[Monster]: Max RunDelay: 235; Max RunCount 3121
---[Human]: Max RunDelay: 16; [Socket]: Max RunDelay: 0
---[App]: Min PerSecRun: 78; Max RunDelay 0
-----------------------------------------------------
2019-07-07 11:38:53 GS-1 -----------------------------------------------------
---[Monster]: Max RunDelay: 563; Max RunCount 3152
---[Human]: Max RunDelay: 109; [Socket]: Max RunDelay: 0
---[App]: Min PerSecRun: 55; Max RunDelay 0
-----------------------------------------------------
2019-07-07 11:43:27 GS-1 07-07 11:43:27 User = 0 / 0
2019-07-07 11:43:54 GS-1 -----------------------------------------------------
---[Monster]: Max RunDelay: 578; Max RunCount 3152
---[Human]: Max RunDelay: 110; [Socket]: Max RunDelay: 16
---[App]: Min PerSecRun: 43; Max RunDelay 0
-----------------------------------------------------
2019-07-07 11:46:55 GS-1 [Exception]: ExecuteQuery: Select AwardCodeType,ActiveParam,ScriptParam1,ScriptParam2,OwnerPlayerID,OwnerChrName from gamedata.awardcodes where AwardCode like '孩子气';: SQL Error: Unknown column 'AwardCode' in 'where clause'
2019-07-07 11:46:55 GS-1 The Used Time of TMySQLDB.ExecuteQuery = 3875 Sql语句=Select AwardCodeType,ActiveParam,ScriptParam1,ScriptParam2,OwnerPlayerID,OwnerChrName from gamedata.awardcodes where AwardCode like '孩子气';
2019-07-07 11:47:03 GS-1 [Exception]: ExecuteQuery: Select AwardCodeType,ActiveParam,ScriptParam1,ScriptParam2,OwnerPlayerID,OwnerChrName from gamedata.awardcodes where AwardCode like '孩子气';: SQL Error: Unknown column 'AwardCode' in 'where clause'
2019-07-07 11:47:11 GS-1 [Exception]: ExecuteQuery: Select AwardCodeType,ActiveParam,ScriptParam1,ScriptParam2,OwnerPlayerID,OwnerChrName from gamedata.awardcodes where AwardCode like '孩子气';: SQL Error: Unknown column 'AwardCode' in 'where clause'
2019-07-07 11:48:55 GS-1 -----------------------------------------------------
---[Monster]: Max RunDelay: 3937; Max RunCount 3152
---[Human]: Max RunDelay: 3890; [Socket]: Max RunDelay: 31
---[App]: Min PerSecRun: 1; Max RunDelay 0
-----------------------------------------------------
2019-07-07 11:53:27 GS-1 07-07 11:53:27 User = 1 / 1
2019-07-07 11:53:56 GS-1 -----------------------------------------------------
---[Monster]: Max RunDelay: 250; Max RunCount 3152
---[Human]: Max RunDelay: 46; [Socket]: Max RunDelay: 16
---[App]: Min PerSecRun: 73; Max RunDelay 0
-----------------------------------------------------
2019-07-07 11:58:57 GS-1 -----------------------------------------------------
---[Monster]: Max RunDelay: 390; Max RunCount 3132
---[Human]: Max RunDelay: 78; [Socket]: Max RunDelay: 31
---[App]: Min PerSecRun: 57; Max RunDelay 0
-----------------------------------------------------
2019-07-07 12:00:00 GS-1 载入商城物品列表，共5个类别，39种商品
2019-07-07 12:00:00 GS-1 ==> 加载商城物品 装饰类：11/11
2019-07-07 12:00:00 GS-1 ==> 加载商城物品 补给类：8/8
2019-07-07 12:00:00 GS-1 ==> 加载商城物品 强化类：15/15
2019-07-07 12:00:00 GS-1 ==> 加载商城物品 好友类：2/2
2019-07-07 12:00:00 GS-1 ==> 加载商城物品 限量类：3/3
2019-07-07 12:00:00 GS-1 ==> 加载商城物品 类：0/0
2019-07-07 12:00:00 GS-1 ==> 加载商城物品 类：0/0
2019-07-07 12:00:00 GS-1 ==> 加载商城物品 类：0/0
2019-07-07 12:03:28 GS-1 07-07 12:03:28 User = 1 / 1
2019-07-07 12:03:58 GS-1 -----------------------------------------------------
---[Monster]: Max RunDelay: 296; Max RunCount 3152
---[Human]: Max RunDelay: 62; [Socket]: Max RunDelay: 31
---[App]: Min PerSecRun: 73; Max RunDelay 0
-----------------------------------------------------
2019-07-07 12:08:59 GS-1 -----------------------------------------------------
---[Monster]: Max RunDelay: 266; Max RunCount 3141
---[Human]: Max RunDelay: 31; [Socket]: Max RunDelay: 16
---[App]: Min PerSecRun: 77; Max RunDelay 16
-----------------------------------------------------
2019-07-07 12:13:28 GS-1 载入商城热销商品列表，共8个。
2019-07-07 12:13:28 GS-1 ==> 加载商城热销榜:5
2019-07-07 12:13:28 GS-1 07-07 12:13:28 User = 1 / 1
2019-07-07 12:14:00 GS-1 -----------------------------------------------------
---[Monster]: Max RunDelay: 296; Max RunCount 3152
---[Human]: Max RunDelay: 16; [Socket]: Max RunDelay: 0
---[App]: Min PerSecRun: 76; Max RunDelay 0
-----------------------------------------------------
2019-07-07 12:18:04 GS-1 12:18:05 Gate 1 (106.52.201.110) 关闭
2019-07-07 12:18:04 GS-1 [Warning]: 与DB 服务器断开连接....
2019-07-07 12:18:10 GS-1 释放--魔龙冰晶升级对象--结束
2019-07-07 12:18:10 GS-1 释放--天赐宝箱1--结束
2019-07-07 12:18:10 GS-1 释放--天赐宝箱2--结束
2019-07-07 12:18:10 GS-1 释放--一点充--结束
2019-07-07 12:18:10 GS-1 释放--事件管理对象--结束
2019-07-07 12:18:10 GS-1 释放--任务管理对象--结束
2019-07-07 12:18:10 GS-1 释放--升级提醒管理对象--结束
2019-07-07 12:18:10 GS-1 释放--GDMsg管理对象--结束
2019-07-07 12:18:10 GS-1 释放--跨地图寻路管理对象--结束
2019-07-07 12:18:10 GS-1 释放--沙巴克管理对象--结束
2019-07-07 12:18:10 GS-1 释放--中央活动服务器客户端--结束
2019-07-07 12:18:10 GS-1 释放--乾坤包--结束
2019-07-07 12:18:10 GS-1 正在清除模块-卧龙英雄管理-的配置表d:\Mud2.0\Mir200\Share\EngineConfig\卧龙英雄管理\Fortress-HERO1.txt
2019-07-07 12:18:10 GS-1 正在清除模块-卧龙英雄管理-的配置表d:\Mud2.0\Mir200\Share\EngineConfig\卧龙英雄管理\Fortress.txt
2019-07-07 12:18:10 GS-1 正在清除模块-游戏元素点阵管理-的配置表d:\Mud2.0\Mir200\Share\EngineConfig\游戏元素点阵管理\GMActEvent.txt
2019-07-07 12:18:10 GS-1 正在清除模块-信用分管理-的配置表d:\Mud2.0\Mir200\Share\EngineConfig\信用分管理\PlayerActivePoint.xml
2019-07-07 12:18:10 GS-1 正在清除模块-信用分管理-的配置表d:\Mud2.0\Mir200\Share\EngineConfig\信用分管理\MapActivePoint.xml
2019-07-07 12:18:11 GS-1 正在清除模块-摆摊交易-的配置表d:\Mud2.0\Mir200\Share\EngineConfig\摆摊交易\摊位基础设置.ini
2019-07-07 12:18:11 GS-1 正在清除模块-元宝商城管理-的配置表d:\Mud2.0\Mir200\Share\EngineConfig\元宝商城管理\YBGoods.sql
2019-07-07 12:18:11 GS-1 正在清除模块-小助手管理-的配置表d:\Mud2.0\Mir200\Share\EngineConfig\小助手管理\小助手.txt
2019-07-07 12:18:11 GS-1 正在清除模块-静态地图管理-的配置表d:\Mud2.0\Mir200\Share\EngineConfig\静态地图管理\MapDropLimitBagItems.xml
2019-07-07 12:18:16 GS-1 正在清除模块-装备合成管理-的配置表d:\Mud2.0\Mir200\Share\EngineConfig\装备合成管理\StrengthenEquip.xml
2019-07-07 12:18:18 GS-1 正在清除模块-藏宝图管理-的配置表d:\Mud2.0\Mir200\Share\EngineConfig\藏宝图管理\修复藏宝图.txt
2019-07-07 12:18:18 GS-1 正在清除模块-藏宝图管理-的配置表d:\Mud2.0\Mir200\Share\EngineConfig\藏宝图管理\魔龙藏宝图合成装备.txt
2019-07-07 12:18:18 GS-1 正在清除模块-衣服升级管理-的配置表d:\Mud2.0\Mir200\Share\EngineConfig\衣服升级管理\UpdateClothes.xml
2019-07-07 12:18:18 GS-1 正在清除模块-道具管理-的配置表d:\Mud2.0\Mir200\Share\EngineConfig\道具管理\宝石配置.txt
2019-07-07 12:18:18 GS-1 正在清除模块-世界暴率管理-的配置表d:\Mud2.0\Mir200\Share\EngineConfig\世界暴率管理\世界爆率文件1.txt
2019-07-07 12:18:18 GS-1 释放--跨GS消息管理对象--结束
2019-07-07 12:18:18 GS-1 释放--gate管理对象--结束
2019-07-07 12:18:18 GS-1 释放--魔法管理对象--结束
2019-07-07 12:18:18 GS-1 释放--套装管理对象--结束
2019-07-07 12:18:18 GS-1 释放--新暴率管理对象--结束
2019-07-07 12:18:18 GS-1 释放--角色信息初始化管理对象--结束
2019-07-07 12:18:18 GS-1 释放--GS本地日志--结束
2019-07-07 12:18:18 GS-1 释放--DBEngn对象--结束
2019-07-07 12:18:18 GS-1 释放--任务列表--结束
2019-07-07 12:18:18 GS-1 释放--buffer管理类--结束
2019-07-07 12:18:18 GS-1 释放--排行榜--结束
2019-07-07 12:18:18 GS-1 释放--免费回收--结束
2019-07-07 12:18:18 GS-1 释放--mysql对象--结束
2019-07-07 12:18:18 GS-1 ================ 服务停止 ==============
