2019-06-29 09:56:18 GS-1 SetForm:hero_lv_exp.txt文件不存在
2019-06-29 09:56:18 GS-1 SetForm:hero_lv_nq.txt文件不存在
2019-06-29 09:56:18 GS-1 -----------------------------------------------------
---[Monster]: Max RunDelay: 0; Max RunCount 0
---[Human]: Max RunDelay: 0; [Socket]: Max RunDelay: 0
---[App]: Min PerSecRun: 100; Max RunDelay 0
-----------------------------------------------------
2019-06-29 09:56:18 GS-1 ================ 服务启动 ==============
2019-06-29 09:56:18 GS-1 TPlayerBody Size - 1616
2019-06-29 09:56:18 GS-1 TPlayerDB Size - 61608
2019-06-29 09:56:18 GS-1 ======== 连接MySQL成功 =======
2019-06-29 09:56:18 GS-1 *** ***Gamelog 的下次清理时间为 : 07月06日03时*** ***
2019-06-29 09:56:18 GS-1 ==加载GM指令定义完成==
2019-06-29 09:56:18 GS-1 与 DB 服务器连接成功
2019-06-29 09:56:18 GS-1 [Error]: 抽取概率错误:赤金天赐->宝箱1:概率7
2019-06-29 09:56:18 GS-1 [Error]: 抽取概率错误:白银天赐->宝箱1:概率7
2019-06-29 09:56:18 GS-1 [Error]: 抽取概率错误:紫铜天赐->宝箱1:概率7
2019-06-29 09:56:18 GS-1 [Error]: 抽取概率错误:神秘天赐->宝箱1:概率7
2019-06-29 09:56:18 GS-1 [Error]: 抽取概率错误:檀木天赐->宝箱1:概率7
2019-06-29 09:56:18 GS-1 [Error]: 抽取概率错误:宝藏天赐 ->宝箱1:概率7
2019-06-29 09:56:18 GS-1 [Error]: StdItems 不存在的天赐：新年天赐
2019-06-29 09:56:18 GS-1 [Error]: StdItems 不存在的钥匙：新年钥匙
2019-06-29 09:56:18 GS-1 [Error]: StdItems 不存在的钥匙：春节钥匙
2019-06-29 09:56:18 GS-1 [Error]: StdItems 不存在的钥匙：节日钥匙
2019-06-29 09:56:18 GS-1 [Error]: StdItems 不存在的天赐：感恩天赐
2019-06-29 09:56:18 GS-1 [Error]: StdItems 不存在的钥匙：感恩钥匙
2019-06-29 09:56:18 GS-1 系统参数初始化完毕
2019-06-29 09:56:18 GS-1 准备加载NPC，共490个
2019-06-29 09:56:18 GS-1 已加载d:\Mud2.0\Mir200\Share\EngineConfig\系统信息管理\RollMsg.txt！
2019-06-29 09:56:18 GS-1 已加载d:\Mud2.0\Mir200\Share\EngineConfig\系统信息管理\掉落物品提示.txt！
2019-06-29 09:56:18 GS-1 已加载d:\Mud2.0\Mir200\Share\EngineConfig\卧龙英雄管理\Fortress.txt！
2019-06-29 09:56:18 GS-1 已加载d:\Mud2.0\Mir200\Share\EngineConfig\游戏元素点阵管理\GMActEvent.txt！
2019-06-29 09:56:18 GS-1    加载邮件信息成功,加载0个玩家的邮件。
2019-06-29 09:56:18 GS-1    加载邮件信息成功,加载0个玩家的邮件。
2019-06-29 09:56:18 GS-1 已加载d:\Mud2.0\Mir200\Share\EngineConfig\摆摊交易\摊位基础设置.ini！
2019-06-29 09:56:18 GS-1 刷新摊位过期将在2:55执行！
2019-06-29 09:56:18 GS-1   加载Stall成功，共加载摊位0个
2019-06-29 09:56:18 GS-1 [Information]: 寄售表创建成功!
2019-06-29 09:56:18 GS-1 [Information]: 寄售历史表创建成功!
2019-06-29 09:56:18 GS-1 [Information]: 更新超时订单成功!
2019-06-29 09:56:18 GS-1 已加载刷新商城时间：00:00:00.
2019-06-29 09:56:18 GS-1 已加载刷新商城时间：06:00:00.
2019-06-29 09:56:18 GS-1 已加载刷新商城时间：12:00:00.
2019-06-29 09:56:18 GS-1 载入商城物品列表，共5个类别，30种商品
2019-06-29 09:56:18 GS-1 ==> 加载商城物品 装饰类：2/2
2019-06-29 09:56:18 GS-1 ==> 加载商城物品 补给类：8/8
2019-06-29 09:56:18 GS-1 ==> 加载商城物品 强化类：15/15
2019-06-29 09:56:18 GS-1 ==> 加载商城物品 好友类：2/2
2019-06-29 09:56:18 GS-1 ==> 加载商城物品 限量类：3/3
2019-06-29 09:56:18 GS-1 ==> 加载商城物品 类：0/0
2019-06-29 09:56:18 GS-1 ==> 加载商城物品 类：0/0
2019-06-29 09:56:18 GS-1 ==> 加载商城物品 类：0/0
2019-06-29 09:56:18 GS-1    [删除错误数据] 删除用户表中不存在的战队成员
2019-06-29 09:56:18 GS-1    [删除错误数据] 清除战队队长不存在的项
2019-06-29 09:56:18 GS-1    [删除错误数据] 不存在战队的成员
2019-06-29 09:56:18 GS-1    正在加载战队...
2019-06-29 09:56:18 GS-1    战队表数量 : 0
2019-06-29 09:56:18 GS-1    加载战队数量:0
2019-06-29 09:56:18 GS-1    正在加载战队成员...
2019-06-29 09:56:18 GS-1    战队成员总数:0 加载成员数:0
2019-06-29 09:56:18 GS-1    正在检测战队数据有效性...
2019-06-29 09:56:18 GS-1    战队数据有效性检测完毕
2019-06-29 09:56:18 GS-1    [删除错误数据] 清除会长战队不存在行会
2019-06-29 09:56:18 GS-1    [删除错误数据] 清除行会不存在的行会成员
2019-06-29 09:56:18 GS-1    [删除错误数据] 清除行会不存在的行会关系ID排列错误的项
2019-06-29 09:56:18 GS-1    [删除错误数据] 清除行会不存在行会关系
2019-06-29 09:56:18 GS-1    [删除错误数据] 清除行会不存在关注行会
2019-06-29 09:56:18 GS-1    加载行会数量 : 0
2019-06-29 09:56:18 GS-1    加载行会成员(战队)数量 : 0
2019-06-29 09:56:18 GS-1    加载行会关系数量 : 0
2019-06-29 09:56:18 GS-1    加载关注行会数量 : 0
2019-06-29 09:56:18 GS-1    加载请求数量:0
2019-06-29 09:56:18 GS-1 [Error]: 小助手 不存在！
2019-06-29 09:56:18 GS-1 D411地图配置在MapInfo.txt 中不是LIMITBAGITEMDROP属性
2019-06-29 09:56:18 GS-1 D415地图配置在MapInfo.txt 中不是LIMITBAGITEMDROP属性
2019-06-29 09:56:18 GS-1 D416地图配置在MapInfo.txt 中不是LIMITBAGITEMDROP属性
2019-06-29 09:56:18 GS-1 信用分验证功能：关
2019-06-29 09:56:18 GS-1 GS脚本版本号：10001
2019-06-29 09:56:18 GS-1 更新排行榜，共计：2 页
2019-06-29 09:56:18 GS-1 Gate 1 开启
2019-06-29 09:56:42 GS-1 载入商城热销商品列表，共0个。
2019-06-29 09:56:42 GS-1 ==> 加载商城热销榜:0
2019-06-29 10:01:20 GS-1 -----------------------------------------------------
---[Monster]: Max RunDelay: 375; Max RunCount 3145
---[Human]: Max RunDelay: 156; [Socket]: Max RunDelay: 16
---[App]: Min PerSecRun: 61; Max RunDelay 0
-----------------------------------------------------
2019-06-29 10:06:21 GS-1 -----------------------------------------------------
---[Monster]: Max RunDelay: 281; Max RunCount 3149
---[Human]: Max RunDelay: 47; [Socket]: Max RunDelay: 16
---[App]: Min PerSecRun: 71; Max RunDelay 0
-----------------------------------------------------
2019-06-29 10:06:41 GS-1 06-29 10:06:41 User = 1 / 1
2019-06-29 10:11:21 GS-1 -----------------------------------------------------
---[Monster]: Max RunDelay: 328; Max RunCount 3148
---[Human]: Max RunDelay: 31; [Socket]: Max RunDelay: 0
---[App]: Min PerSecRun: 68; Max RunDelay 0
-----------------------------------------------------
2019-06-29 10:16:22 GS-1 -----------------------------------------------------
---[Monster]: Max RunDelay: 313; Max RunCount 3149
---[Human]: Max RunDelay: 16; [Socket]: Max RunDelay: 16
---[App]: Min PerSecRun: 70; Max RunDelay 0
-----------------------------------------------------
2019-06-29 10:16:41 GS-1 06-29 10:16:41 User = 1 / 1
2019-06-29 10:21:23 GS-1 -----------------------------------------------------
---[Monster]: Max RunDelay: 328; Max RunCount 3155
---[Human]: Max RunDelay: 47; [Socket]: Max RunDelay: 0
---[App]: Min PerSecRun: 66; Max RunDelay 0
-----------------------------------------------------
2019-06-29 10:26:23 GS-1 -----------------------------------------------------
---[Monster]: Max RunDelay: 1984; Max RunCount 3155
---[Human]: Max RunDelay: 1203; [Socket]: Max RunDelay: 141
---[App]: Min PerSecRun: 8; Max RunDelay 0
-----------------------------------------------------
2019-06-29 10:26:42 GS-1 06-29 10:26:42 User = 1 / 1
2019-06-29 10:31:24 GS-1 -----------------------------------------------------
---[Monster]: Max RunDelay: 343; Max RunCount 3137
---[Human]: Max RunDelay: 62; [Socket]: Max RunDelay: 16
---[App]: Min PerSecRun: 66; Max RunDelay 0
-----------------------------------------------------
2019-06-29 10:36:26 GS-1 -----------------------------------------------------
---[Monster]: Max RunDelay: 235; Max RunCount 3151
---[Human]: Max RunDelay: 31; [Socket]: Max RunDelay: 16
---[App]: Min PerSecRun: 76; Max RunDelay 0
-----------------------------------------------------
2019-06-29 10:36:43 GS-1 06-29 10:36:43 User = 1 / 1
2019-06-29 10:41:27 GS-1 -----------------------------------------------------
---[Monster]: Max RunDelay: 235; Max RunCount 3151
---[Human]: Max RunDelay: 15; [Socket]: Max RunDelay: 16
---[App]: Min PerSecRun: 75; Max RunDelay 0
-----------------------------------------------------
2019-06-29 10:46:28 GS-1 -----------------------------------------------------
---[Monster]: Max RunDelay: 329; Max RunCount 3151
---[Human]: Max RunDelay: 78; [Socket]: Max RunDelay: 16
---[App]: Min PerSecRun: 66; Max RunDelay 15
-----------------------------------------------------
2019-06-29 10:46:43 GS-1 06-29 10:46:43 User = 0 / 0
2019-06-29 10:51:28 GS-1 -----------------------------------------------------
---[Monster]: Max RunDelay: 188; Max RunCount 3151
---[Human]: Max RunDelay: 15; [Socket]: Max RunDelay: 16
---[App]: Min PerSecRun: 79; Max RunDelay 0
-----------------------------------------------------
2019-06-29 10:56:29 GS-1 -----------------------------------------------------
---[Monster]: Max RunDelay: 157; Max RunCount 3131
---[Human]: Max RunDelay: 15; [Socket]: Max RunDelay: 16
---[App]: Min PerSecRun: 79; Max RunDelay 0
-----------------------------------------------------
2019-06-29 10:56:43 GS-1 载入商城热销商品列表，共0个。
2019-06-29 10:56:43 GS-1 ==> 加载商城热销榜:0
2019-06-29 10:56:43 GS-1 06-29 10:56:43 User = 0 / 0
2019-06-29 11:01:31 GS-1 -----------------------------------------------------
---[Monster]: Max RunDelay: 390; Max RunCount 3132
---[Human]: Max RunDelay: 94; [Socket]: Max RunDelay: 16
---[App]: Min PerSecRun: 60; Max RunDelay 0
-----------------------------------------------------
2019-06-29 11:06:31 GS-1 -----------------------------------------------------
---[Monster]: Max RunDelay: 219; Max RunCount 3132
---[Human]: Max RunDelay: 16; [Socket]: Max RunDelay: 16
---[App]: Min PerSecRun: 77; Max RunDelay 0
-----------------------------------------------------
2019-06-29 11:06:42 GS-1 06-29 11:06:42 User = 0 / 0
2019-06-29 11:11:32 GS-1 -----------------------------------------------------
---[Monster]: Max RunDelay: 172; Max RunCount 3133
---[Human]: Max RunDelay: 16; [Socket]: Max RunDelay: 16
---[App]: Min PerSecRun: 79; Max RunDelay 0
-----------------------------------------------------
2019-06-29 11:16:34 GS-1 -----------------------------------------------------
---[Monster]: Max RunDelay: 297; Max RunCount 3133
---[Human]: Max RunDelay: 31; [Socket]: Max RunDelay: 15
---[App]: Min PerSecRun: 71; Max RunDelay 15
-----------------------------------------------------
2019-06-29 11:16:43 GS-1 06-29 11:16:43 User = 0 / 0
2019-06-29 11:21:35 GS-1 -----------------------------------------------------
---[Monster]: Max RunDelay: 172; Max RunCount 3133
---[Human]: Max RunDelay: 15; [Socket]: Max RunDelay: 0
---[App]: Min PerSecRun: 79; Max RunDelay 0
-----------------------------------------------------
2019-06-29 11:26:36 GS-1 -----------------------------------------------------
---[Monster]: Max RunDelay: 157; Max RunCount 3133
---[Human]: Max RunDelay: 31; [Socket]: Max RunDelay: 16
---[App]: Min PerSecRun: 79; Max RunDelay 0
-----------------------------------------------------
2019-06-29 11:26:43 GS-1 06-29 11:26:43 User = 0 / 0
2019-06-29 11:31:37 GS-1 -----------------------------------------------------
---[Monster]: Max RunDelay: 172; Max RunCount 3153
---[Human]: Max RunDelay: 15; [Socket]: Max RunDelay: 16
---[App]: Min PerSecRun: 78; Max RunDelay 0
-----------------------------------------------------
2019-06-29 11:36:38 GS-1 -----------------------------------------------------
---[Monster]: Max RunDelay: 172; Max RunCount 3153
---[Human]: Max RunDelay: 15; [Socket]: Max RunDelay: 16
---[App]: Min PerSecRun: 79; Max RunDelay 0
-----------------------------------------------------
2019-06-29 11:36:43 GS-1 06-29 11:36:43 User = 0 / 0
2019-06-29 11:41:39 GS-1 -----------------------------------------------------
---[Monster]: Max RunDelay: 187; Max RunCount 3153
---[Human]: Max RunDelay: 31; [Socket]: Max RunDelay: 0
---[App]: Min PerSecRun: 79; Max RunDelay 0
-----------------------------------------------------
2019-06-29 11:46:40 GS-1 -----------------------------------------------------
---[Monster]: Max RunDelay: 329; Max RunCount 3153
---[Human]: Max RunDelay: 32; [Socket]: Max RunDelay: 0
---[App]: Min PerSecRun: 69; Max RunDelay 0
-----------------------------------------------------
2019-06-29 11:46:43 GS-1 06-29 11:46:43 User = 0 / 0
2019-06-29 11:51:41 GS-1 -----------------------------------------------------
---[Monster]: Max RunDelay: 203; Max RunCount 3151
---[Human]: Max RunDelay: 16; [Socket]: Max RunDelay: 0
---[App]: Min PerSecRun: 79; Max RunDelay 0
-----------------------------------------------------
2019-06-29 11:56:42 GS-1 -----------------------------------------------------
---[Monster]: Max RunDelay: 156; Max RunCount 3133
---[Human]: Max RunDelay: 16; [Socket]: Max RunDelay: 0
---[App]: Min PerSecRun: 79; Max RunDelay 0
-----------------------------------------------------
2019-06-29 11:56:43 GS-1 载入商城热销商品列表，共0个。
2019-06-29 11:56:43 GS-1 ==> 加载商城热销榜:0
2019-06-29 11:56:43 GS-1 06-29 11:56:43 User = 0 / 0
2019-06-29 12:00:00 GS-1 载入商城物品列表，共5个类别，30种商品
2019-06-29 12:00:00 GS-1 ==> 加载商城物品 装饰类：2/2
2019-06-29 12:00:00 GS-1 ==> 加载商城物品 补给类：8/8
2019-06-29 12:00:00 GS-1 ==> 加载商城物品 强化类：15/15
2019-06-29 12:00:00 GS-1 ==> 加载商城物品 好友类：2/2
2019-06-29 12:00:00 GS-1 ==> 加载商城物品 限量类：3/3
2019-06-29 12:00:00 GS-1 ==> 加载商城物品 类：0/0
2019-06-29 12:00:00 GS-1 ==> 加载商城物品 类：0/0
2019-06-29 12:00:00 GS-1 ==> 加载商城物品 类：0/0
2019-06-29 12:01:43 GS-1 -----------------------------------------------------
---[Monster]: Max RunDelay: 219; Max RunCount 3153
---[Human]: Max RunDelay: 32; [Socket]: Max RunDelay: 16
---[App]: Min PerSecRun: 78; Max RunDelay 0
-----------------------------------------------------
2019-06-29 12:06:43 GS-1 06-29 12:06:43 User = 0 / 0
2019-06-29 12:06:44 GS-1 -----------------------------------------------------
---[Monster]: Max RunDelay: 188; Max RunCount 3153
---[Human]: Max RunDelay: 15; [Socket]: Max RunDelay: 0
---[App]: Min PerSecRun: 79; Max RunDelay 0
-----------------------------------------------------
2019-06-29 12:11:45 GS-1 -----------------------------------------------------
---[Monster]: Max RunDelay: 203; Max RunCount 3153
---[Human]: Max RunDelay: 15; [Socket]: Max RunDelay: 0
---[App]: Min PerSecRun: 79; Max RunDelay 0
-----------------------------------------------------
2019-06-29 12:16:43 GS-1 06-29 12:16:43 User = 0 / 0
2019-06-29 12:16:46 GS-1 -----------------------------------------------------
---[Monster]: Max RunDelay: 265; Max RunCount 3153
---[Human]: Max RunDelay: 31; [Socket]: Max RunDelay: 16
---[App]: Min PerSecRun: 70; Max RunDelay 0
-----------------------------------------------------
2019-06-29 12:21:47 GS-1 -----------------------------------------------------
---[Monster]: Max RunDelay: 172; Max RunCount 3152
---[Human]: Max RunDelay: 15; [Socket]: Max RunDelay: 0
---[App]: Min PerSecRun: 79; Max RunDelay 0
-----------------------------------------------------
2019-06-29 12:26:43 GS-1 06-29 12:26:43 User = 0 / 0
2019-06-29 12:26:48 GS-1 -----------------------------------------------------
---[Monster]: Max RunDelay: 188; Max RunCount 3152
---[Human]: Max RunDelay: 15; [Socket]: Max RunDelay: 16
---[App]: Min PerSecRun: 79; Max RunDelay 0
-----------------------------------------------------
2019-06-29 12:31:49 GS-1 -----------------------------------------------------
---[Monster]: Max RunDelay: 172; Max RunCount 3152
---[Human]: Max RunDelay: 15; [Socket]: Max RunDelay: 0
---[App]: Min PerSecRun: 79; Max RunDelay 0
-----------------------------------------------------
2019-06-29 12:36:43 GS-1 06-29 12:36:43 User = 0 / 0
2019-06-29 12:36:50 GS-1 -----------------------------------------------------
---[Monster]: Max RunDelay: 141; Max RunCount 3152
---[Human]: Max RunDelay: 31; [Socket]: Max RunDelay: 0
---[App]: Min PerSecRun: 79; Max RunDelay 0
-----------------------------------------------------
2019-06-29 12:41:51 GS-1 -----------------------------------------------------
---[Monster]: Max RunDelay: 203; Max RunCount 3152
---[Human]: Max RunDelay: 31; [Socket]: Max RunDelay: 15
---[App]: Min PerSecRun: 79; Max RunDelay 0
-----------------------------------------------------
2019-06-29 12:46:43 GS-1 06-29 12:46:43 User = 0 / 0
2019-06-29 12:46:52 GS-1 -----------------------------------------------------
---[Monster]: Max RunDelay: 266; Max RunCount 3152
---[Human]: Max RunDelay: 16; [Socket]: Max RunDelay: 0
---[App]: Min PerSecRun: 71; Max RunDelay 0
-----------------------------------------------------
2019-06-29 12:51:53 GS-1 -----------------------------------------------------
---[Monster]: Max RunDelay: 188; Max RunCount 3152
---[Human]: Max RunDelay: 16; [Socket]: Max RunDelay: 15
---[App]: Min PerSecRun: 80; Max RunDelay 0
-----------------------------------------------------
2019-06-29 12:56:43 GS-1 载入商城热销商品列表，共0个。
2019-06-29 12:56:43 GS-1 ==> 加载商城热销榜:0
2019-06-29 12:56:43 GS-1 06-29 12:56:43 User = 0 / 0
2019-06-29 12:56:54 GS-1 -----------------------------------------------------
---[Monster]: Max RunDelay: 172; Max RunCount 3152
---[Human]: Max RunDelay: 16; [Socket]: Max RunDelay: 0
---[App]: Min PerSecRun: 79; Max RunDelay 0
-----------------------------------------------------
2019-06-29 13:01:55 GS-1 -----------------------------------------------------
---[Monster]: Max RunDelay: 172; Max RunCount 3152
---[Human]: Max RunDelay: 16; [Socket]: Max RunDelay: 0
---[App]: Min PerSecRun: 79; Max RunDelay 0
-----------------------------------------------------
2019-06-29 13:06:43 GS-1 06-29 13:06:43 User = 0 / 0
2019-06-29 13:06:56 GS-1 -----------------------------------------------------
---[Monster]: Max RunDelay: 250; Max RunCount 3141
---[Human]: Max RunDelay: 16; [Socket]: Max RunDelay: 0
---[App]: Min PerSecRun: 77; Max RunDelay 0
-----------------------------------------------------
2019-06-29 13:11:57 GS-1 -----------------------------------------------------
---[Monster]: Max RunDelay: 187; Max RunCount 3152
---[Human]: Max RunDelay: 31; [Socket]: Max RunDelay: 0
---[App]: Min PerSecRun: 79; Max RunDelay 0
-----------------------------------------------------
2019-06-29 13:16:43 GS-1 06-29 13:16:43 User = 0 / 0
2019-06-29 13:16:58 GS-1 -----------------------------------------------------
---[Monster]: Max RunDelay: 297; Max RunCount 3151
---[Human]: Max RunDelay: 16; [Socket]: Max RunDelay: 0
---[App]: Min PerSecRun: 74; Max RunDelay 0
-----------------------------------------------------
2019-06-29 13:21:59 GS-1 -----------------------------------------------------
---[Monster]: Max RunDelay: 172; Max RunCount 3151
---[Human]: Max RunDelay: 16; [Socket]: Max RunDelay: 15
---[App]: Min PerSecRun: 80; Max RunDelay 0
-----------------------------------------------------
2019-06-29 13:26:43 GS-1 06-29 13:26:43 User = 0 / 0
2019-06-29 13:27:00 GS-1 -----------------------------------------------------
---[Monster]: Max RunDelay: 172; Max RunCount 3150
---[Human]: Max RunDelay: 47; [Socket]: Max RunDelay: 15
---[App]: Min PerSecRun: 79; Max RunDelay 0
-----------------------------------------------------
2019-06-29 13:32:01 GS-1 -----------------------------------------------------
---[Monster]: Max RunDelay: 187; Max RunCount 3123
---[Human]: Max RunDelay: 16; [Socket]: Max RunDelay: 15
---[App]: Min PerSecRun: 78; Max RunDelay 0
-----------------------------------------------------
2019-06-29 13:36:43 GS-1 06-29 13:36:43 User = 0 / 0
2019-06-29 13:37:02 GS-1 -----------------------------------------------------
---[Monster]: Max RunDelay: 188; Max RunCount 3114
---[Human]: Max RunDelay: 16; [Socket]: Max RunDelay: 15
---[App]: Min PerSecRun: 79; Max RunDelay 0
-----------------------------------------------------
2019-06-29 13:42:03 GS-1 -----------------------------------------------------
---[Monster]: Max RunDelay: 219; Max RunCount 3124
---[Human]: Max RunDelay: 16; [Socket]: Max RunDelay: 0
---[App]: Min PerSecRun: 79; Max RunDelay 0
-----------------------------------------------------
2019-06-29 13:46:43 GS-1 06-29 13:46:43 User = 0 / 0
2019-06-29 13:47:04 GS-1 -----------------------------------------------------
---[Monster]: Max RunDelay: 282; Max RunCount 3151
---[Human]: Max RunDelay: 16; [Socket]: Max RunDelay: 0
---[App]: Min PerSecRun: 69; Max RunDelay 0
-----------------------------------------------------
2019-06-29 13:52:05 GS-1 -----------------------------------------------------
---[Monster]: Max RunDelay: 157; Max RunCount 3151
---[Human]: Max RunDelay: 16; [Socket]: Max RunDelay: 0
---[App]: Min PerSecRun: 80; Max RunDelay 0
-----------------------------------------------------
2019-06-29 13:56:43 GS-1 载入商城热销商品列表，共0个。
2019-06-29 13:56:43 GS-1 ==> 加载商城热销榜:0
2019-06-29 13:56:43 GS-1 06-29 13:56:43 User = 0 / 0
2019-06-29 13:57:06 GS-1 -----------------------------------------------------
---[Monster]: Max RunDelay: 172; Max RunCount 3151
---[Human]: Max RunDelay: 16; [Socket]: Max RunDelay: 15
---[App]: Min PerSecRun: 79; Max RunDelay 0
-----------------------------------------------------
2019-06-29 14:02:07 GS-1 -----------------------------------------------------
---[Monster]: Max RunDelay: 157; Max RunCount 3141
---[Human]: Max RunDelay: 16; [Socket]: Max RunDelay: 0
---[App]: Min PerSecRun: 79; Max RunDelay 0
-----------------------------------------------------
2019-06-29 14:05:19 GS-1 [Error]: GameGate ServerSocketError, ErrorCode=10061
2019-06-29 14:05:22 GS-1 [Error]: GameGate ServerSocketError, ErrorCode=10061
2019-06-29 14:05:27 GS-1 [Error]: GameGate ServerSocketError, ErrorCode=10061
2019-06-29 14:05:30 GS-1 [Error]: GameGate ServerSocketError, ErrorCode=10061
2019-06-29 14:05:33 GS-1 [Error]: GameGate ServerSocketError, ErrorCode=10061
2019-06-29 14:05:37 GS-1 [Error]: GameGate ServerSocketError, ErrorCode=10061
2019-06-29 14:05:41 GS-1 [Error]: GameGate ServerSocketError, ErrorCode=10061
2019-06-29 14:05:44 GS-1 [Error]: GameGate ServerSocketError, ErrorCode=10061
2019-06-29 14:06:43 GS-1 06-29 14:06:43 User = 0 / 0
2019-06-29 14:07:08 GS-1 -----------------------------------------------------
---[Monster]: Max RunDelay: 157; Max RunCount 3151
---[Human]: Max RunDelay: 16; [Socket]: Max RunDelay: 15
---[App]: Min PerSecRun: 79; Max RunDelay 0
-----------------------------------------------------
2019-06-29 14:12:09 GS-1 -----------------------------------------------------
---[Monster]: Max RunDelay: 172; Max RunCount 3151
---[Human]: Max RunDelay: 16; [Socket]: Max RunDelay: 0
---[App]: Min PerSecRun: 79; Max RunDelay 0
-----------------------------------------------------
2019-06-29 14:16:43 GS-1 06-29 14:16:43 User = 0 / 0
2019-06-29 14:17:10 GS-1 -----------------------------------------------------
---[Monster]: Max RunDelay: 297; Max RunCount 3151
---[Human]: Max RunDelay: 31; [Socket]: Max RunDelay: 0
---[App]: Min PerSecRun: 75; Max RunDelay 0
-----------------------------------------------------
2019-06-29 14:22:11 GS-1 -----------------------------------------------------
---[Monster]: Max RunDelay: 187; Max RunCount 3152
---[Human]: Max RunDelay: 16; [Socket]: Max RunDelay: 15
---[App]: Min PerSecRun: 79; Max RunDelay 0
-----------------------------------------------------
2019-06-29 14:26:43 GS-1 06-29 14:26:43 User = 0 / 0
2019-06-29 14:27:12 GS-1 -----------------------------------------------------
---[Monster]: Max RunDelay: 172; Max RunCount 3152
---[Human]: Max RunDelay: 32; [Socket]: Max RunDelay: 15
---[App]: Min PerSecRun: 78; Max RunDelay 0
-----------------------------------------------------
2019-06-29 14:32:13 GS-1 -----------------------------------------------------
---[Monster]: Max RunDelay: 157; Max RunCount 3141
---[Human]: Max RunDelay: 32; [Socket]: Max RunDelay: 0
---[App]: Min PerSecRun: 79; Max RunDelay 0
-----------------------------------------------------
2019-06-29 14:36:43 GS-1 06-29 14:36:43 User = 0 / 0
2019-06-29 14:37:14 GS-1 -----------------------------------------------------
---[Monster]: Max RunDelay: 141; Max RunCount 3152
---[Human]: Max RunDelay: 16; [Socket]: Max RunDelay: 15
---[App]: Min PerSecRun: 79; Max RunDelay 0
-----------------------------------------------------
2019-06-29 14:42:15 GS-1 -----------------------------------------------------
---[Monster]: Max RunDelay: 188; Max RunCount 3152
---[Human]: Max RunDelay: 32; [Socket]: Max RunDelay: 0
---[App]: Min PerSecRun: 79; Max RunDelay 0
-----------------------------------------------------
2019-06-29 14:46:43 GS-1 06-29 14:46:43 User = 0 / 0
2019-06-29 14:47:16 GS-1 -----------------------------------------------------
---[Monster]: Max RunDelay: 281; Max RunCount 3152
---[Human]: Max RunDelay: 31; [Socket]: Max RunDelay: 0
---[App]: Min PerSecRun: 73; Max RunDelay 0
-----------------------------------------------------
2019-06-29 14:52:17 GS-1 -----------------------------------------------------
---[Monster]: Max RunDelay: 188; Max RunCount 3125
---[Human]: Max RunDelay: 31; [Socket]: Max RunDelay: 0
---[App]: Min PerSecRun: 79; Max RunDelay 0
-----------------------------------------------------
2019-06-29 14:56:43 GS-1 载入商城热销商品列表，共0个。
2019-06-29 14:56:43 GS-1 ==> 加载商城热销榜:0
2019-06-29 14:56:43 GS-1 06-29 14:56:43 User = 0 / 0
2019-06-29 14:57:18 GS-1 -----------------------------------------------------
---[Monster]: Max RunDelay: 187; Max RunCount 3125
---[Human]: Max RunDelay: 16; [Socket]: Max RunDelay: 0
---[App]: Min PerSecRun: 79; Max RunDelay 0
-----------------------------------------------------
2019-06-29 15:02:19 GS-1 -----------------------------------------------------
---[Monster]: Max RunDelay: 219; Max RunCount 3125
---[Human]: Max RunDelay: 16; [Socket]: Max RunDelay: 15
---[App]: Min PerSecRun: 78; Max RunDelay 0
-----------------------------------------------------
2019-06-29 15:06:43 GS-1 06-29 15:06:43 User = 0 / 0
2019-06-29 15:07:20 GS-1 -----------------------------------------------------
---[Monster]: Max RunDelay: 266; Max RunCount 3125
---[Human]: Max RunDelay: 16; [Socket]: Max RunDelay: 15
---[App]: Min PerSecRun: 75; Max RunDelay 0
-----------------------------------------------------
2019-06-29 15:12:21 GS-1 -----------------------------------------------------
---[Monster]: Max RunDelay: 187; Max RunCount 3125
---[Human]: Max RunDelay: 32; [Socket]: Max RunDelay: 15
---[App]: Min PerSecRun: 79; Max RunDelay 0
-----------------------------------------------------
2019-06-29 15:16:43 GS-1 06-29 15:16:43 User = 0 / 0
2019-06-29 15:17:22 GS-1 -----------------------------------------------------
---[Monster]: Max RunDelay: 250; Max RunCount 3123
---[Human]: Max RunDelay: 31; [Socket]: Max RunDelay: 0
---[App]: Min PerSecRun: 71; Max RunDelay 0
-----------------------------------------------------
2019-06-29 15:22:23 GS-1 -----------------------------------------------------
---[Monster]: Max RunDelay: 188; Max RunCount 3114
---[Human]: Max RunDelay: 15; [Socket]: Max RunDelay: 15
---[App]: Min PerSecRun: 79; Max RunDelay 0
-----------------------------------------------------
2019-06-29 15:26:43 GS-1 06-29 15:26:43 User = 0 / 0
2019-06-29 15:27:24 GS-1 -----------------------------------------------------
---[Monster]: Max RunDelay: 203; Max RunCount 3124
---[Human]: Max RunDelay: 15; [Socket]: Max RunDelay: 15
---[App]: Min PerSecRun: 79; Max RunDelay 0
-----------------------------------------------------
2019-06-29 15:32:25 GS-1 -----------------------------------------------------
---[Monster]: Max RunDelay: 172; Max RunCount 3124
---[Human]: Max RunDelay: 31; [Socket]: Max RunDelay: 0
---[App]: Min PerSecRun: 79; Max RunDelay 0
-----------------------------------------------------
2019-06-29 15:36:43 GS-1 06-29 15:36:43 User = 0 / 0
2019-06-29 15:37:26 GS-1 -----------------------------------------------------
---[Monster]: Max RunDelay: 203; Max RunCount 3124
---[Human]: Max RunDelay: 31; [Socket]: Max RunDelay: 16
---[App]: Min PerSecRun: 79; Max RunDelay 0
-----------------------------------------------------
2019-06-29 15:42:27 GS-1 -----------------------------------------------------
---[Monster]: Max RunDelay: 204; Max RunCount 3124
---[Human]: Max RunDelay: 31; [Socket]: Max RunDelay: 16
---[App]: Min PerSecRun: 79; Max RunDelay 0
-----------------------------------------------------
2019-06-29 15:46:43 GS-1 06-29 15:46:43 User = 0 / 0
2019-06-29 15:47:28 GS-1 -----------------------------------------------------
---[Monster]: Max RunDelay: 250; Max RunCount 3152
---[Human]: Max RunDelay: 31; [Socket]: Max RunDelay: 16
---[App]: Min PerSecRun: 67; Max RunDelay 0
-----------------------------------------------------
2019-06-29 15:52:29 GS-1 -----------------------------------------------------
---[Monster]: Max RunDelay: 172; Max RunCount 3152
---[Human]: Max RunDelay: 16; [Socket]: Max RunDelay: 16
---[App]: Min PerSecRun: 79; Max RunDelay 0
-----------------------------------------------------
2019-06-29 15:56:43 GS-1 载入商城热销商品列表，共0个。
2019-06-29 15:56:43 GS-1 ==> 加载商城热销榜:0
2019-06-29 15:56:43 GS-1 06-29 15:56:43 User = 0 / 0
2019-06-29 15:57:30 GS-1 -----------------------------------------------------
---[Monster]: Max RunDelay: 203; Max RunCount 3141
---[Human]: Max RunDelay: 31; [Socket]: Max RunDelay: 0
---[App]: Min PerSecRun: 79; Max RunDelay 0
-----------------------------------------------------
2019-06-29 16:02:31 GS-1 -----------------------------------------------------
---[Monster]: Max RunDelay: 188; Max RunCount 3152
---[Human]: Max RunDelay: 16; [Socket]: Max RunDelay: 16
---[App]: Min PerSecRun: 78; Max RunDelay 0
-----------------------------------------------------
2019-06-29 16:06:43 GS-1 06-29 16:06:43 User = 0 / 0
2019-06-29 16:07:32 GS-1 -----------------------------------------------------
---[Monster]: Max RunDelay: 188; Max RunCount 3152
---[Human]: Max RunDelay: 16; [Socket]: Max RunDelay: 0
---[App]: Min PerSecRun: 79; Max RunDelay 0
-----------------------------------------------------
2019-06-29 16:12:33 GS-1 -----------------------------------------------------
---[Monster]: Max RunDelay: 187; Max RunCount 3152
---[Human]: Max RunDelay: 31; [Socket]: Max RunDelay: 0
---[App]: Min PerSecRun: 79; Max RunDelay 0
-----------------------------------------------------
2019-06-29 16:16:43 GS-1 06-29 16:16:43 User = 0 / 0
2019-06-29 16:17:34 GS-1 -----------------------------------------------------
---[Monster]: Max RunDelay: 328; Max RunCount 3152
---[Human]: Max RunDelay: 16; [Socket]: Max RunDelay: 0
---[App]: Min PerSecRun: 71; Max RunDelay 0
-----------------------------------------------------
2019-06-29 16:22:35 GS-1 -----------------------------------------------------
---[Monster]: Max RunDelay: 188; Max RunCount 3152
---[Human]: Max RunDelay: 16; [Socket]: Max RunDelay: 0
---[App]: Min PerSecRun: 79; Max RunDelay 0
-----------------------------------------------------
2019-06-29 16:26:43 GS-1 06-29 16:26:43 User = 0 / 0
2019-06-29 16:27:36 GS-1 -----------------------------------------------------
---[Monster]: Max RunDelay: 187; Max RunCount 3141
---[Human]: Max RunDelay: 16; [Socket]: Max RunDelay: 0
---[App]: Min PerSecRun: 78; Max RunDelay 0
-----------------------------------------------------
2019-06-29 16:32:37 GS-1 -----------------------------------------------------
---[Monster]: Max RunDelay: 219; Max RunCount 3152
---[Human]: Max RunDelay: 31; [Socket]: Max RunDelay: 15
---[App]: Min PerSecRun: 79; Max RunDelay 0
-----------------------------------------------------
2019-06-29 16:36:43 GS-1 06-29 16:36:43 User = 0 / 0
2019-06-29 16:37:38 GS-1 -----------------------------------------------------
---[Monster]: Max RunDelay: 172; Max RunCount 3141
---[Human]: Max RunDelay: 16; [Socket]: Max RunDelay: 15
---[App]: Min PerSecRun: 79; Max RunDelay 0
-----------------------------------------------------
2019-06-29 16:42:39 GS-1 -----------------------------------------------------
---[Monster]: Max RunDelay: 172; Max RunCount 3152
---[Human]: Max RunDelay: 16; [Socket]: Max RunDelay: 15
---[App]: Min PerSecRun: 79; Max RunDelay 0
-----------------------------------------------------
2019-06-29 16:46:43 GS-1 06-29 16:46:43 User = 0 / 0
2019-06-29 16:47:40 GS-1 -----------------------------------------------------
---[Monster]: Max RunDelay: 266; Max RunCount 3152
---[Human]: Max RunDelay: 16; [Socket]: Max RunDelay: 0
---[App]: Min PerSecRun: 73; Max RunDelay 0
-----------------------------------------------------
2019-06-29 16:52:41 GS-1 -----------------------------------------------------
---[Monster]: Max RunDelay: 188; Max RunCount 3152
---[Human]: Max RunDelay: 31; [Socket]: Max RunDelay: 0
---[App]: Min PerSecRun: 79; Max RunDelay 0
-----------------------------------------------------
2019-06-29 16:56:43 GS-1 载入商城热销商品列表，共0个。
2019-06-29 16:56:43 GS-1 ==> 加载商城热销榜:0
2019-06-29 16:56:43 GS-1 06-29 16:56:43 User = 0 / 0
2019-06-29 16:57:42 GS-1 -----------------------------------------------------
---[Monster]: Max RunDelay: 172; Max RunCount 3152
---[Human]: Max RunDelay: 15; [Socket]: Max RunDelay: 0
---[App]: Min PerSecRun: 78; Max RunDelay 0
-----------------------------------------------------
2019-06-29 17:02:43 GS-1 -----------------------------------------------------
---[Monster]: Max RunDelay: 172; Max RunCount 3152
---[Human]: Max RunDelay: 15; [Socket]: Max RunDelay: 0
---[App]: Min PerSecRun: 79; Max RunDelay 0
-----------------------------------------------------
2019-06-29 17:06:43 GS-1 06-29 17:06:43 User = 0 / 0
2019-06-29 17:07:44 GS-1 -----------------------------------------------------
---[Monster]: Max RunDelay: 188; Max RunCount 3141
---[Human]: Max RunDelay: 15; [Socket]: Max RunDelay: 15
---[App]: Min PerSecRun: 79; Max RunDelay 0
-----------------------------------------------------
2019-06-29 17:12:45 GS-1 -----------------------------------------------------
---[Monster]: Max RunDelay: 204; Max RunCount 3152
---[Human]: Max RunDelay: 31; [Socket]: Max RunDelay: 15
---[App]: Min PerSecRun: 78; Max RunDelay 0
-----------------------------------------------------
2019-06-29 17:16:43 GS-1 06-29 17:16:43 User = 0 / 0
2019-06-29 17:17:46 GS-1 -----------------------------------------------------
---[Monster]: Max RunDelay: 375; Max RunCount 3141
---[Human]: Max RunDelay: 31; [Socket]: Max RunDelay: 15
---[App]: Min PerSecRun: 69; Max RunDelay 0
-----------------------------------------------------
2019-06-29 17:22:47 GS-1 -----------------------------------------------------
---[Monster]: Max RunDelay: 563; Max RunCount 3141
---[Human]: Max RunDelay: 32; [Socket]: Max RunDelay: 0
---[App]: Min PerSecRun: 49; Max RunDelay 0
-----------------------------------------------------
2019-06-29 17:26:43 GS-1 06-29 17:26:43 User = 0 / 0
2019-06-29 17:27:47 GS-1 -----------------------------------------------------
---[Monster]: Max RunDelay: 578; Max RunCount 3152
---[Human]: Max RunDelay: 203; [Socket]: Max RunDelay: 16
---[App]: Min PerSecRun: 65; Max RunDelay 0
-----------------------------------------------------
2019-06-29 17:32:48 GS-1 -----------------------------------------------------
---[Monster]: Max RunDelay: 188; Max RunCount 3152
---[Human]: Max RunDelay: 32; [Socket]: Max RunDelay: 16
---[App]: Min PerSecRun: 79; Max RunDelay 0
-----------------------------------------------------
2019-06-29 17:36:43 GS-1 06-29 17:36:43 User = 0 / 0
2019-06-29 17:37:49 GS-1 -----------------------------------------------------
---[Monster]: Max RunDelay: 188; Max RunCount 3152
---[Human]: Max RunDelay: 16; [Socket]: Max RunDelay: 0
---[App]: Min PerSecRun: 79; Max RunDelay 0
-----------------------------------------------------
2019-06-29 17:42:50 GS-1 -----------------------------------------------------
---[Monster]: Max RunDelay: 204; Max RunCount 3152
---[Human]: Max RunDelay: 16; [Socket]: Max RunDelay: 0
---[App]: Min PerSecRun: 79; Max RunDelay 0
-----------------------------------------------------
2019-06-29 17:46:43 GS-1 06-29 17:46:43 User = 0 / 0
2019-06-29 17:47:51 GS-1 -----------------------------------------------------
---[Monster]: Max RunDelay: 328; Max RunCount 3152
---[Human]: Max RunDelay: 16; [Socket]: Max RunDelay: 0
---[App]: Min PerSecRun: 70; Max RunDelay 0
-----------------------------------------------------
2019-06-29 17:52:52 GS-1 -----------------------------------------------------
---[Monster]: Max RunDelay: 203; Max RunCount 3152
---[Human]: Max RunDelay: 16; [Socket]: Max RunDelay: 15
---[App]: Min PerSecRun: 78; Max RunDelay 0
-----------------------------------------------------
2019-06-29 17:56:43 GS-1 载入商城热销商品列表，共0个。
2019-06-29 17:56:43 GS-1 ==> 加载商城热销榜:0
2019-06-29 17:56:43 GS-1 06-29 17:56:43 User = 0 / 0
2019-06-29 17:57:53 GS-1 -----------------------------------------------------
---[Monster]: Max RunDelay: 219; Max RunCount 3152
---[Human]: Max RunDelay: 16; [Socket]: Max RunDelay: 0
---[App]: Min PerSecRun: 79; Max RunDelay 0
-----------------------------------------------------
2019-06-29 18:02:54 GS-1 -----------------------------------------------------
---[Monster]: Max RunDelay: 203; Max RunCount 3132
---[Human]: Max RunDelay: 32; [Socket]: Max RunDelay: 0
---[App]: Min PerSecRun: 78; Max RunDelay 0
-----------------------------------------------------
2019-06-29 18:06:43 GS-1 06-29 18:06:43 User = 0 / 0
2019-06-29 18:07:55 GS-1 -----------------------------------------------------
---[Monster]: Max RunDelay: 203; Max RunCount 3152
---[Human]: Max RunDelay: 16; [Socket]: Max RunDelay: 15
---[App]: Min PerSecRun: 79; Max RunDelay 0
-----------------------------------------------------
2019-06-29 18:12:56 GS-1 -----------------------------------------------------
---[Monster]: Max RunDelay: 234; Max RunCount 3152
---[Human]: Max RunDelay: 16; [Socket]: Max RunDelay: 15
---[App]: Min PerSecRun: 78; Max RunDelay 0
-----------------------------------------------------
2019-06-29 18:16:43 GS-1 06-29 18:16:43 User = 0 / 0
2019-06-29 18:17:57 GS-1 -----------------------------------------------------
---[Monster]: Max RunDelay: 328; Max RunCount 3152
---[Human]: Max RunDelay: 16; [Socket]: Max RunDelay: 0
---[App]: Min PerSecRun: 67; Max RunDelay 0
-----------------------------------------------------
2019-06-29 18:22:58 GS-1 -----------------------------------------------------
---[Monster]: Max RunDelay: 219; Max RunCount 3152
---[Human]: Max RunDelay: 16; [Socket]: Max RunDelay: 15
---[App]: Min PerSecRun: 78; Max RunDelay 0
-----------------------------------------------------
2019-06-29 18:26:43 GS-1 06-29 18:26:43 User = 0 / 0
2019-06-29 18:27:59 GS-1 -----------------------------------------------------
---[Monster]: Max RunDelay: 204; Max RunCount 3145
---[Human]: Max RunDelay: 16; [Socket]: Max RunDelay: 0
---[App]: Min PerSecRun: 78; Max RunDelay 0
-----------------------------------------------------
2019-06-29 18:33:00 GS-1 -----------------------------------------------------
---[Monster]: Max RunDelay: 234; Max RunCount 3145
---[Human]: Max RunDelay: 16; [Socket]: Max RunDelay: 0
---[App]: Min PerSecRun: 77; Max RunDelay 0
-----------------------------------------------------
2019-06-29 18:36:43 GS-1 06-29 18:36:43 User = 0 / 0
2019-06-29 18:38:01 GS-1 -----------------------------------------------------
---[Monster]: Max RunDelay: 188; Max RunCount 3145
---[Human]: Max RunDelay: 31; [Socket]: Max RunDelay: 0
---[App]: Min PerSecRun: 78; Max RunDelay 0
-----------------------------------------------------
2019-06-29 18:43:02 GS-1 -----------------------------------------------------
---[Monster]: Max RunDelay: 281; Max RunCount 3145
---[Human]: Max RunDelay: 15; [Socket]: Max RunDelay: 0
---[App]: Min PerSecRun: 69; Max RunDelay 0
-----------------------------------------------------
2019-06-29 18:46:43 GS-1 06-29 18:46:43 User = 0 / 0
2019-06-29 18:48:03 GS-1 -----------------------------------------------------
---[Monster]: Max RunDelay: 250; Max RunCount 3145
---[Human]: Max RunDelay: 15; [Socket]: Max RunDelay: 0
---[App]: Min PerSecRun: 78; Max RunDelay 0
-----------------------------------------------------
2019-06-29 18:53:04 GS-1 -----------------------------------------------------
---[Monster]: Max RunDelay: 219; Max RunCount 3145
---[Human]: Max RunDelay: 15; [Socket]: Max RunDelay: 0
---[App]: Min PerSecRun: 78; Max RunDelay 0
-----------------------------------------------------
2019-06-29 18:56:43 GS-1 载入商城热销商品列表，共0个。
2019-06-29 18:56:43 GS-1 ==> 加载商城热销榜:0
2019-06-29 18:56:43 GS-1 06-29 18:56:43 User = 0 / 0
2019-06-29 18:58:05 GS-1 -----------------------------------------------------
---[Monster]: Max RunDelay: 234; Max RunCount 3145
---[Human]: Max RunDelay: 31; [Socket]: Max RunDelay: 16
---[App]: Min PerSecRun: 78; Max RunDelay 0
-----------------------------------------------------
2019-06-29 19:03:06 GS-1 -----------------------------------------------------
---[Monster]: Max RunDelay: 235; Max RunCount 3145
---[Human]: Max RunDelay: 15; [Socket]: Max RunDelay: 16
---[App]: Min PerSecRun: 78; Max RunDelay 0
-----------------------------------------------------
2019-06-29 19:06:43 GS-1 06-29 19:06:43 User = 0 / 0
2019-06-29 19:08:07 GS-1 -----------------------------------------------------
---[Monster]: Max RunDelay: 250; Max RunCount 3145
---[Human]: Max RunDelay: 15; [Socket]: Max RunDelay: 0
---[App]: Min PerSecRun: 78; Max RunDelay 0
-----------------------------------------------------
2019-06-29 19:13:08 GS-1 -----------------------------------------------------
---[Monster]: Max RunDelay: 281; Max RunCount 3134
---[Human]: Max RunDelay: 15; [Socket]: Max RunDelay: 16
---[App]: Min PerSecRun: 72; Max RunDelay 0
-----------------------------------------------------
2019-06-29 19:16:43 GS-1 06-29 19:16:43 User = 0 / 0
2019-06-29 19:18:09 GS-1 -----------------------------------------------------
---[Monster]: Max RunDelay: 219; Max RunCount 3125
---[Human]: Max RunDelay: 15; [Socket]: Max RunDelay: 16
---[App]: Min PerSecRun: 78; Max RunDelay 0
-----------------------------------------------------
2019-06-29 19:23:10 GS-1 -----------------------------------------------------
---[Monster]: Max RunDelay: 219; Max RunCount 3125
---[Human]: Max RunDelay: 31; [Socket]: Max RunDelay: 0
---[App]: Min PerSecRun: 78; Max RunDelay 0
-----------------------------------------------------
2019-06-29 19:26:43 GS-1 06-29 19:26:43 User = 0 / 0
2019-06-29 19:28:11 GS-1 -----------------------------------------------------
---[Monster]: Max RunDelay: 235; Max RunCount 3141
---[Human]: Max RunDelay: 16; [Socket]: Max RunDelay: 0
---[App]: Min PerSecRun: 78; Max RunDelay 0
-----------------------------------------------------
2019-06-29 19:33:12 GS-1 -----------------------------------------------------
---[Monster]: Max RunDelay: 250; Max RunCount 3152
---[Human]: Max RunDelay: 16; [Socket]: Max RunDelay: 0
---[App]: Min PerSecRun: 79; Max RunDelay 0
-----------------------------------------------------
2019-06-29 19:36:43 GS-1 06-29 19:36:43 User = 0 / 0
2019-06-29 19:38:13 GS-1 -----------------------------------------------------
---[Monster]: Max RunDelay: 250; Max RunCount 3152
---[Human]: Max RunDelay: 16; [Socket]: Max RunDelay: 0
---[App]: Min PerSecRun: 78; Max RunDelay 0
-----------------------------------------------------
2019-06-29 19:43:14 GS-1 -----------------------------------------------------
---[Monster]: Max RunDelay: 266; Max RunCount 3152
---[Human]: Max RunDelay: 16; [Socket]: Max RunDelay: 16
---[App]: Min PerSecRun: 74; Max RunDelay 0
-----------------------------------------------------
2019-06-29 19:46:43 GS-1 06-29 19:46:43 User = 0 / 0
2019-06-29 19:48:15 GS-1 -----------------------------------------------------
---[Monster]: Max RunDelay: 250; Max RunCount 3152
---[Human]: Max RunDelay: 16; [Socket]: Max RunDelay: 0
---[App]: Min PerSecRun: 79; Max RunDelay 0
-----------------------------------------------------
2019-06-29 19:53:16 GS-1 -----------------------------------------------------
---[Monster]: Max RunDelay: 250; Max RunCount 3152
---[Human]: Max RunDelay: 16; [Socket]: Max RunDelay: 0
---[App]: Min PerSecRun: 74; Max RunDelay 0
-----------------------------------------------------
2019-06-29 19:56:43 GS-1 载入商城热销商品列表，共0个。
2019-06-29 19:56:43 GS-1 ==> 加载商城热销榜:0
2019-06-29 19:56:43 GS-1 06-29 19:56:43 User = 0 / 0
2019-06-29 19:58:17 GS-1 -----------------------------------------------------
---[Monster]: Max RunDelay: 250; Max RunCount 3152
---[Human]: Max RunDelay: 31; [Socket]: Max RunDelay: 16
---[App]: Min PerSecRun: 78; Max RunDelay 0
-----------------------------------------------------
2019-06-29 20:03:18 GS-1 -----------------------------------------------------
---[Monster]: Max RunDelay: 250; Max RunCount 3152
---[Human]: Max RunDelay: 15; [Socket]: Max RunDelay: 0
---[App]: Min PerSecRun: 77; Max RunDelay 0
-----------------------------------------------------
2019-06-29 20:06:43 GS-1 06-29 20:06:43 User = 0 / 0
2019-06-29 20:08:19 GS-1 -----------------------------------------------------
---[Monster]: Max RunDelay: 265; Max RunCount 3152
---[Human]: Max RunDelay: 15; [Socket]: Max RunDelay: 0
---[App]: Min PerSecRun: 77; Max RunDelay 0
-----------------------------------------------------
2019-06-29 20:13:20 GS-1 -----------------------------------------------------
---[Monster]: Max RunDelay: 312; Max RunCount 3152
---[Human]: Max RunDelay: 15; [Socket]: Max RunDelay: 0
---[App]: Min PerSecRun: 72; Max RunDelay 0
-----------------------------------------------------
2019-06-29 20:16:43 GS-1 06-29 20:16:43 User = 0 / 0
2019-06-29 20:18:21 GS-1 -----------------------------------------------------
---[Monster]: Max RunDelay: 235; Max RunCount 3152
---[Human]: Max RunDelay: 31; [Socket]: Max RunDelay: 16
---[App]: Min PerSecRun: 77; Max RunDelay 0
-----------------------------------------------------
2019-06-29 20:23:22 GS-1 -----------------------------------------------------
---[Monster]: Max RunDelay: 250; Max RunCount 3152
---[Human]: Max RunDelay: 31; [Socket]: Max RunDelay: 0
---[App]: Min PerSecRun: 78; Max RunDelay 0
-----------------------------------------------------
2019-06-29 20:26:43 GS-1 06-29 20:26:43 User = 0 / 0
2019-06-29 20:28:23 GS-1 -----------------------------------------------------
---[Monster]: Max RunDelay: 266; Max RunCount 3152
---[Human]: Max RunDelay: 31; [Socket]: Max RunDelay: 0
---[App]: Min PerSecRun: 77; Max RunDelay 0
-----------------------------------------------------
2019-06-29 20:33:24 GS-1 -----------------------------------------------------
---[Monster]: Max RunDelay: 250; Max RunCount 3152
---[Human]: Max RunDelay: 32; [Socket]: Max RunDelay: 16
---[App]: Min PerSecRun: 77; Max RunDelay 0
-----------------------------------------------------
2019-06-29 20:36:43 GS-1 06-29 20:36:43 User = 0 / 0
2019-06-29 20:38:25 GS-1 -----------------------------------------------------
---[Monster]: Max RunDelay: 250; Max RunCount 3152
---[Human]: Max RunDelay: 16; [Socket]: Max RunDelay: 0
---[App]: Min PerSecRun: 78; Max RunDelay 0
-----------------------------------------------------
2019-06-29 20:43:26 GS-1 -----------------------------------------------------
---[Monster]: Max RunDelay: 250; Max RunCount 3125
---[Human]: Max RunDelay: 32; [Socket]: Max RunDelay: 16
---[App]: Min PerSecRun: 78; Max RunDelay 0
-----------------------------------------------------
2019-06-29 20:46:43 GS-1 06-29 20:46:43 User = 0 / 0
2019-06-29 20:48:27 GS-1 -----------------------------------------------------
---[Monster]: Max RunDelay: 250; Max RunCount 3141
---[Human]: Max RunDelay: 16; [Socket]: Max RunDelay: 16
---[App]: Min PerSecRun: 77; Max RunDelay 0
-----------------------------------------------------
2019-06-29 20:53:28 GS-1 -----------------------------------------------------
---[Monster]: Max RunDelay: 266; Max RunCount 3152
---[Human]: Max RunDelay: 16; [Socket]: Max RunDelay: 16
---[App]: Min PerSecRun: 77; Max RunDelay 0
-----------------------------------------------------
2019-06-29 20:56:43 GS-1 载入商城热销商品列表，共0个。
2019-06-29 20:56:43 GS-1 ==> 加载商城热销榜:0
2019-06-29 20:56:43 GS-1 06-29 20:56:43 User = 0 / 0
2019-06-29 20:58:29 GS-1 -----------------------------------------------------
---[Monster]: Max RunDelay: 266; Max RunCount 3152
---[Human]: Max RunDelay: 16; [Socket]: Max RunDelay: 0
---[App]: Min PerSecRun: 77; Max RunDelay 0
-----------------------------------------------------
2019-06-29 21:03:30 GS-1 -----------------------------------------------------
---[Monster]: Max RunDelay: 422; Max RunCount 3152
---[Human]: Max RunDelay: 47; [Socket]: Max RunDelay: 0
---[App]: Min PerSecRun: 53; Max RunDelay 0
-----------------------------------------------------
2019-06-29 21:06:43 GS-1 06-29 21:06:43 User = 0 / 0
2019-06-29 21:08:31 GS-1 -----------------------------------------------------
---[Monster]: Max RunDelay: 250; Max RunCount 3152
---[Human]: Max RunDelay: 16; [Socket]: Max RunDelay: 16
---[App]: Min PerSecRun: 77; Max RunDelay 0
-----------------------------------------------------
2019-06-29 21:13:32 GS-1 -----------------------------------------------------
---[Monster]: Max RunDelay: 328; Max RunCount 3141
---[Human]: Max RunDelay: 16; [Socket]: Max RunDelay: 0
---[App]: Min PerSecRun: 73; Max RunDelay 0
-----------------------------------------------------
2019-06-29 21:16:43 GS-1 06-29 21:16:43 User = 0 / 0
2019-06-29 21:18:33 GS-1 -----------------------------------------------------
---[Monster]: Max RunDelay: 266; Max RunCount 3152
---[Human]: Max RunDelay: 16; [Socket]: Max RunDelay: 16
---[App]: Min PerSecRun: 77; Max RunDelay 0
-----------------------------------------------------
2019-06-29 21:23:34 GS-1 -----------------------------------------------------
---[Monster]: Max RunDelay: 234; Max RunCount 3152
---[Human]: Max RunDelay: 16; [Socket]: Max RunDelay: 0
---[App]: Min PerSecRun: 77; Max RunDelay 0
-----------------------------------------------------
2019-06-29 21:26:43 GS-1 06-29 21:26:43 User = 0 / 0
2019-06-29 21:28:35 GS-1 -----------------------------------------------------
---[Monster]: Max RunDelay: 250; Max RunCount 3132
---[Human]: Max RunDelay: 31; [Socket]: Max RunDelay: 0
---[App]: Min PerSecRun: 78; Max RunDelay 0
-----------------------------------------------------
2019-06-29 21:33:36 GS-1 -----------------------------------------------------
---[Monster]: Max RunDelay: 203; Max RunCount 3141
---[Human]: Max RunDelay: 16; [Socket]: Max RunDelay: 16
---[App]: Min PerSecRun: 77; Max RunDelay 0
-----------------------------------------------------
2019-06-29 21:36:43 GS-1 06-29 21:36:43 User = 0 / 0
2019-06-29 21:38:37 GS-1 -----------------------------------------------------
---[Monster]: Max RunDelay: 157; Max RunCount 3152
---[Human]: Max RunDelay: 16; [Socket]: Max RunDelay: 0
---[App]: Min PerSecRun: 77; Max RunDelay 0
-----------------------------------------------------
2019-06-29 21:43:38 GS-1 -----------------------------------------------------
---[Monster]: Max RunDelay: 343; Max RunCount 3152
---[Human]: Max RunDelay: 16; [Socket]: Max RunDelay: 0
---[App]: Min PerSecRun: 68; Max RunDelay 0
-----------------------------------------------------
2019-06-29 21:46:43 GS-1 06-29 21:46:43 User = 0 / 0
2019-06-29 21:48:39 GS-1 -----------------------------------------------------
---[Monster]: Max RunDelay: 265; Max RunCount 3152
---[Human]: Max RunDelay: 16; [Socket]: Max RunDelay: 0
---[App]: Min PerSecRun: 76; Max RunDelay 0
-----------------------------------------------------
2019-06-29 21:53:40 GS-1 -----------------------------------------------------
---[Monster]: Max RunDelay: 266; Max RunCount 3152
---[Human]: Max RunDelay: 16; [Socket]: Max RunDelay: 0
---[App]: Min PerSecRun: 75; Max RunDelay 0
-----------------------------------------------------
2019-06-29 21:56:43 GS-1 载入商城热销商品列表，共0个。
2019-06-29 21:56:43 GS-1 ==> 加载商城热销榜:0
2019-06-29 21:56:43 GS-1 06-29 21:56:43 User = 0 / 0
2019-06-29 21:58:41 GS-1 -----------------------------------------------------
---[Monster]: Max RunDelay: 266; Max RunCount 3152
---[Human]: Max RunDelay: 16; [Socket]: Max RunDelay: 16
---[App]: Min PerSecRun: 77; Max RunDelay 0
-----------------------------------------------------
2019-06-29 22:03:42 GS-1 -----------------------------------------------------
---[Monster]: Max RunDelay: 407; Max RunCount 3152
---[Human]: Max RunDelay: 94; [Socket]: Max RunDelay: 16
---[App]: Min PerSecRun: 52; Max RunDelay 0
-----------------------------------------------------
2019-06-29 22:06:43 GS-1 06-29 22:06:43 User = 0 / 0
2019-06-29 22:08:43 GS-1 -----------------------------------------------------
---[Monster]: Max RunDelay: 438; Max RunCount 3114
---[Human]: Max RunDelay: 110; [Socket]: Max RunDelay: 0
---[App]: Min PerSecRun: 55; Max RunDelay 0
-----------------------------------------------------
2019-06-29 22:13:44 GS-1 -----------------------------------------------------
---[Monster]: Max RunDelay: 343; Max RunCount 3152
---[Human]: Max RunDelay: 47; [Socket]: Max RunDelay: 0
---[App]: Min PerSecRun: 57; Max RunDelay 0
-----------------------------------------------------
2019-06-29 22:16:43 GS-1 06-29 22:16:43 User = 0 / 0
2019-06-29 22:18:45 GS-1 -----------------------------------------------------
---[Monster]: Max RunDelay: 313; Max RunCount 3141
---[Human]: Max RunDelay: 31; [Socket]: Max RunDelay: 16
---[App]: Min PerSecRun: 64; Max RunDelay 0
-----------------------------------------------------
2019-06-29 22:23:46 GS-1 -----------------------------------------------------
---[Monster]: Max RunDelay: 390; Max RunCount 3152
---[Human]: Max RunDelay: 47; [Socket]: Max RunDelay: 31
---[App]: Min PerSecRun: 58; Max RunDelay 0
-----------------------------------------------------
2019-06-29 22:26:43 GS-1 06-29 22:26:43 User = 0 / 0
2019-06-29 22:28:47 GS-1 -----------------------------------------------------
---[Monster]: Max RunDelay: 250; Max RunCount 3152
---[Human]: Max RunDelay: 47; [Socket]: Max RunDelay: 16
---[App]: Min PerSecRun: 70; Max RunDelay 0
-----------------------------------------------------
2019-06-29 22:33:48 GS-1 -----------------------------------------------------
---[Monster]: Max RunDelay: 266; Max RunCount 3152
---[Human]: Max RunDelay: 31; [Socket]: Max RunDelay: 16
---[App]: Min PerSecRun: 76; Max RunDelay 0
-----------------------------------------------------
2019-06-29 22:36:43 GS-1 06-29 22:36:43 User = 0 / 0
2019-06-29 22:38:49 GS-1 -----------------------------------------------------
---[Monster]: Max RunDelay: 359; Max RunCount 3152
---[Human]: Max RunDelay: 15; [Socket]: Max RunDelay: 16
---[App]: Min PerSecRun: 59; Max RunDelay 0
-----------------------------------------------------
2019-06-29 22:43:50 GS-1 -----------------------------------------------------
---[Monster]: Max RunDelay: 343; Max RunCount 3152
---[Human]: Max RunDelay: 15; [Socket]: Max RunDelay: 16
---[App]: Min PerSecRun: 71; Max RunDelay 0
-----------------------------------------------------
2019-06-29 22:46:43 GS-1 06-29 22:46:43 User = 0 / 0
2019-06-29 22:48:51 GS-1 -----------------------------------------------------
---[Monster]: Max RunDelay: 266; Max RunCount 3152
---[Human]: Max RunDelay: 15; [Socket]: Max RunDelay: 16
---[App]: Min PerSecRun: 77; Max RunDelay 0
-----------------------------------------------------
2019-06-29 22:53:52 GS-1 -----------------------------------------------------
---[Monster]: Max RunDelay: 266; Max RunCount 3141
---[Human]: Max RunDelay: 47; [Socket]: Max RunDelay: 15
---[App]: Min PerSecRun: 75; Max RunDelay 0
-----------------------------------------------------
2019-06-29 22:56:43 GS-1 载入商城热销商品列表，共0个。
2019-06-29 22:56:43 GS-1 ==> 加载商城热销榜:0
2019-06-29 22:56:43 GS-1 06-29 22:56:43 User = 0 / 0
2019-06-29 22:58:53 GS-1 -----------------------------------------------------
---[Monster]: Max RunDelay: 281; Max RunCount 3141
---[Human]: Max RunDelay: 63; [Socket]: Max RunDelay: 15
---[App]: Min PerSecRun: 75; Max RunDelay 0
-----------------------------------------------------
2019-06-29 23:03:54 GS-1 -----------------------------------------------------
---[Monster]: Max RunDelay: 266; Max RunCount 3141
---[Human]: Max RunDelay: 32; [Socket]: Max RunDelay: 0
---[App]: Min PerSecRun: 74; Max RunDelay 0
-----------------------------------------------------
2019-06-29 23:06:43 GS-1 06-29 23:06:43 User = 0 / 0
2019-06-29 23:08:55 GS-1 -----------------------------------------------------
---[Monster]: Max RunDelay: 266; Max RunCount 3152
---[Human]: Max RunDelay: 15; [Socket]: Max RunDelay: 16
---[App]: Min PerSecRun: 75; Max RunDelay 0
-----------------------------------------------------
2019-06-29 23:13:56 GS-1 -----------------------------------------------------
---[Monster]: Max RunDelay: 313; Max RunCount 3141
---[Human]: Max RunDelay: 47; [Socket]: Max RunDelay: 15
---[App]: Min PerSecRun: 71; Max RunDelay 0
-----------------------------------------------------
2019-06-29 23:16:43 GS-1 06-29 23:16:43 User = 0 / 0
2019-06-29 23:18:57 GS-1 -----------------------------------------------------
---[Monster]: Max RunDelay: 282; Max RunCount 3132
---[Human]: Max RunDelay: 63; [Socket]: Max RunDelay: 15
---[App]: Min PerSecRun: 75; Max RunDelay 0
-----------------------------------------------------
2019-06-29 23:23:58 GS-1 -----------------------------------------------------
---[Monster]: Max RunDelay: 281; Max RunCount 3152
---[Human]: Max RunDelay: 16; [Socket]: Max RunDelay: 16
---[App]: Min PerSecRun: 74; Max RunDelay 0
-----------------------------------------------------
2019-06-29 23:26:43 GS-1 06-29 23:26:43 User = 0 / 0
2019-06-29 23:28:59 GS-1 -----------------------------------------------------
---[Monster]: Max RunDelay: 282; Max RunCount 3152
---[Human]: Max RunDelay: 47; [Socket]: Max RunDelay: 15
---[App]: Min PerSecRun: 75; Max RunDelay 0
-----------------------------------------------------
2019-06-29 23:34:00 GS-1 -----------------------------------------------------
---[Monster]: Max RunDelay: 281; Max RunCount 3152
---[Human]: Max RunDelay: 63; [Socket]: Max RunDelay: 16
---[App]: Min PerSecRun: 75; Max RunDelay 0
-----------------------------------------------------
2019-06-29 23:36:43 GS-1 06-29 23:36:43 User = 0 / 0
2019-06-29 23:39:02 GS-1 -----------------------------------------------------
---[Monster]: Max RunDelay: 282; Max RunCount 3152
---[Human]: Max RunDelay: 16; [Socket]: Max RunDelay: 16
---[App]: Min PerSecRun: 73; Max RunDelay 0
-----------------------------------------------------
2019-06-29 23:44:03 GS-1 -----------------------------------------------------
---[Monster]: Max RunDelay: 282; Max RunCount 3152
---[Human]: Max RunDelay: 47; [Socket]: Max RunDelay: 16
---[App]: Min PerSecRun: 73; Max RunDelay 0
-----------------------------------------------------
2019-06-29 23:46:44 GS-1 06-29 23:46:44 User = 0 / 0
2019-06-29 23:49:04 GS-1 -----------------------------------------------------
---[Monster]: Max RunDelay: 281; Max RunCount 3151
---[Human]: Max RunDelay: 31; [Socket]: Max RunDelay: 16
---[App]: Min PerSecRun: 76; Max RunDelay 0
-----------------------------------------------------
2019-06-29 23:54:04 GS-1 -----------------------------------------------------
---[Monster]: Max RunDelay: 281; Max RunCount 3151
---[Human]: Max RunDelay: 31; [Socket]: Max RunDelay: 15
---[App]: Min PerSecRun: 74; Max RunDelay 0
-----------------------------------------------------
2019-06-29 23:56:44 GS-1 载入商城热销商品列表，共0个。
2019-06-29 23:56:44 GS-1 ==> 加载商城热销榜:0
2019-06-29 23:56:44 GS-1 06-29 23:56:44 User = 0 / 0
2019-06-29 23:59:05 GS-1 -----------------------------------------------------
---[Monster]: Max RunDelay: 282; Max RunCount 3151
---[Human]: Max RunDelay: 47; [Socket]: Max RunDelay: 16
---[App]: Min PerSecRun: 75; Max RunDelay 0
-----------------------------------------------------
2019-06-30 00:00:00 GS-1 载入商城物品列表，共5个类别，30种商品
2019-06-30 00:00:00 GS-1 ==> 加载商城物品 装饰类：2/2
2019-06-30 00:00:00 GS-1 ==> 加载商城物品 补给类：8/8
2019-06-30 00:00:00 GS-1 ==> 加载商城物品 强化类：15/15
2019-06-30 00:00:00 GS-1 ==> 加载商城物品 好友类：2/2
2019-06-30 00:00:00 GS-1 ==> 加载商城物品 限量类：3/3
2019-06-30 00:00:00 GS-1 ==> 加载商城物品 类：0/0
2019-06-30 00:00:00 GS-1 ==> 加载商城物品 类：0/0
2019-06-30 00:00:00 GS-1 ==> 加载商城物品 类：0/0
2019-06-30 00:04:06 GS-1 -----------------------------------------------------
---[Monster]: Max RunDelay: 282; Max RunCount 3152
---[Human]: Max RunDelay: 47; [Socket]: Max RunDelay: 32
---[App]: Min PerSecRun: 76; Max RunDelay 0
-----------------------------------------------------
2019-06-30 00:06:44 GS-1 06-30 00:06:44 User = 0 / 0
2019-06-30 00:09:07 GS-1 -----------------------------------------------------
---[Monster]: Max RunDelay: 282; Max RunCount 3152
---[Human]: Max RunDelay: 47; [Socket]: Max RunDelay: 16
---[App]: Min PerSecRun: 75; Max RunDelay 0
-----------------------------------------------------
2019-06-30 00:14:08 GS-1 -----------------------------------------------------
---[Monster]: Max RunDelay: 344; Max RunCount 3152
---[Human]: Max RunDelay: 63; [Socket]: Max RunDelay: 15
---[App]: Min PerSecRun: 69; Max RunDelay 0
-----------------------------------------------------
2019-06-30 00:16:44 GS-1 06-30 00:16:44 User = 0 / 0
2019-06-30 00:19:09 GS-1 -----------------------------------------------------
---[Monster]: Max RunDelay: 297; Max RunCount 3152
---[Human]: Max RunDelay: 63; [Socket]: Max RunDelay: 0
---[App]: Min PerSecRun: 75; Max RunDelay 0
-----------------------------------------------------
2019-06-30 00:24:10 GS-1 -----------------------------------------------------
---[Monster]: Max RunDelay: 281; Max RunCount 3152
---[Human]: Max RunDelay: 47; [Socket]: Max RunDelay: 16
---[App]: Min PerSecRun: 73; Max RunDelay 0
-----------------------------------------------------
2019-06-30 00:26:44 GS-1 06-30 00:26:44 User = 0 / 0
2019-06-30 00:29:11 GS-1 -----------------------------------------------------
---[Monster]: Max RunDelay: 297; Max RunCount 3141
---[Human]: Max RunDelay: 47; [Socket]: Max RunDelay: 0
---[App]: Min PerSecRun: 75; Max RunDelay 0
-----------------------------------------------------
2019-06-30 00:34:12 GS-1 -----------------------------------------------------
---[Monster]: Max RunDelay: 297; Max RunCount 3141
---[Human]: Max RunDelay: 47; [Socket]: Max RunDelay: 16
---[App]: Min PerSecRun: 74; Max RunDelay 0
-----------------------------------------------------
2019-06-30 00:36:44 GS-1 06-30 00:36:44 User = 0 / 0
2019-06-30 00:39:13 GS-1 -----------------------------------------------------
---[Monster]: Max RunDelay: 312; Max RunCount 3152
---[Human]: Max RunDelay: 46; [Socket]: Max RunDelay: 16
---[App]: Min PerSecRun: 74; Max RunDelay 0
-----------------------------------------------------
2019-06-30 00:44:14 GS-1 -----------------------------------------------------
---[Monster]: Max RunDelay: 359; Max RunCount 3152
---[Human]: Max RunDelay: 47; [Socket]: Max RunDelay: 16
---[App]: Min PerSecRun: 73; Max RunDelay 0
-----------------------------------------------------
2019-06-30 00:46:44 GS-1 06-30 00:46:44 User = 0 / 0
2019-06-30 00:49:15 GS-1 -----------------------------------------------------
---[Monster]: Max RunDelay: 297; Max RunCount 3152
---[Human]: Max RunDelay: 47; [Socket]: Max RunDelay: 16
---[App]: Min PerSecRun: 72; Max RunDelay 0
-----------------------------------------------------
2019-06-30 00:54:17 GS-1 -----------------------------------------------------
---[Monster]: Max RunDelay: 282; Max RunCount 3141
---[Human]: Max RunDelay: 47; [Socket]: Max RunDelay: 16
---[App]: Min PerSecRun: 74; Max RunDelay 0
-----------------------------------------------------
2019-06-30 00:56:44 GS-1 载入商城热销商品列表，共0个。
2019-06-30 00:56:44 GS-1 ==> 加载商城热销榜:0
2019-06-30 00:56:44 GS-1 06-30 00:56:44 User = 0 / 0
2019-06-30 00:59:17 GS-1 -----------------------------------------------------
---[Monster]: Max RunDelay: 297; Max RunCount 3152
---[Human]: Max RunDelay: 63; [Socket]: Max RunDelay: 16
---[App]: Min PerSecRun: 73; Max RunDelay 0
-----------------------------------------------------
2019-06-30 01:04:18 GS-1 -----------------------------------------------------
---[Monster]: Max RunDelay: 297; Max RunCount 3152
---[Human]: Max RunDelay: 62; [Socket]: Max RunDelay: 16
---[App]: Min PerSecRun: 73; Max RunDelay 0
-----------------------------------------------------
2019-06-30 01:06:44 GS-1 06-30 01:06:44 User = 0 / 0
2019-06-30 01:09:19 GS-1 -----------------------------------------------------
---[Monster]: Max RunDelay: 297; Max RunCount 3152
---[Human]: Max RunDelay: 63; [Socket]: Max RunDelay: 0
---[App]: Min PerSecRun: 72; Max RunDelay 0
-----------------------------------------------------
2019-06-30 01:14:21 GS-1 -----------------------------------------------------
---[Monster]: Max RunDelay: 312; Max RunCount 3145
---[Human]: Max RunDelay: 47; [Socket]: Max RunDelay: 16
---[App]: Min PerSecRun: 69; Max RunDelay 0
-----------------------------------------------------
2019-06-30 01:16:45 GS-1 06-30 01:16:45 User = 0 / 0
2019-06-30 01:19:22 GS-1 -----------------------------------------------------
---[Monster]: Max RunDelay: 281; Max RunCount 3145
---[Human]: Max RunDelay: 47; [Socket]: Max RunDelay: 15
---[App]: Min PerSecRun: 73; Max RunDelay 0
-----------------------------------------------------
2019-06-30 01:24:22 GS-1 -----------------------------------------------------
---[Monster]: Max RunDelay: 297; Max RunCount 3152
---[Human]: Max RunDelay: 62; [Socket]: Max RunDelay: 15
---[App]: Min PerSecRun: 74; Max RunDelay 0
-----------------------------------------------------
2019-06-30 01:26:45 GS-1 06-30 01:26:45 User = 0 / 0
2019-06-30 01:29:23 GS-1 -----------------------------------------------------
---[Monster]: Max RunDelay: 297; Max RunCount 3152
---[Human]: Max RunDelay: 78; [Socket]: Max RunDelay: 16
---[App]: Min PerSecRun: 73; Max RunDelay 0
-----------------------------------------------------
2019-06-30 01:34:24 GS-1 -----------------------------------------------------
---[Monster]: Max RunDelay: 297; Max RunCount 3152
---[Human]: Max RunDelay: 78; [Socket]: Max RunDelay: 0
---[App]: Min PerSecRun: 73; Max RunDelay 0
-----------------------------------------------------
2019-06-30 01:36:45 GS-1 06-30 01:36:45 User = 0 / 0
2019-06-30 01:39:25 GS-1 -----------------------------------------------------
---[Monster]: Max RunDelay: 297; Max RunCount 3141
---[Human]: Max RunDelay: 78; [Socket]: Max RunDelay: 16
---[App]: Min PerSecRun: 70; Max RunDelay 0
-----------------------------------------------------
2019-06-30 01:44:26 GS-1 -----------------------------------------------------
---[Monster]: Max RunDelay: 312; Max RunCount 3152
---[Human]: Max RunDelay: 47; [Socket]: Max RunDelay: 16
---[App]: Min PerSecRun: 71; Max RunDelay 0
-----------------------------------------------------
2019-06-30 01:46:45 GS-1 06-30 01:46:45 User = 0 / 0
2019-06-30 01:49:27 GS-1 -----------------------------------------------------
---[Monster]: Max RunDelay: 297; Max RunCount 3152
---[Human]: Max RunDelay: 63; [Socket]: Max RunDelay: 15
---[App]: Min PerSecRun: 70; Max RunDelay 0
-----------------------------------------------------
2019-06-30 01:54:28 GS-1 -----------------------------------------------------
---[Monster]: Max RunDelay: 297; Max RunCount 3152
---[Human]: Max RunDelay: 79; [Socket]: Max RunDelay: 16
---[App]: Min PerSecRun: 71; Max RunDelay 0
-----------------------------------------------------
2019-06-30 01:56:45 GS-1 载入商城热销商品列表，共0个。
2019-06-30 01:56:45 GS-1 ==> 加载商城热销榜:0
2019-06-30 01:56:46 GS-1 06-30 01:56:46 User = 0 / 0
2019-06-30 01:59:30 GS-1 -----------------------------------------------------
---[Monster]: Max RunDelay: 313; Max RunCount 3152
---[Human]: Max RunDelay: 78; [Socket]: Max RunDelay: 16
---[App]: Min PerSecRun: 70; Max RunDelay 0
-----------------------------------------------------
2019-06-30 02:04:30 GS-1 -----------------------------------------------------
---[Monster]: Max RunDelay: 312; Max RunCount 3152
---[Human]: Max RunDelay: 62; [Socket]: Max RunDelay: 16
---[App]: Min PerSecRun: 71; Max RunDelay 0
-----------------------------------------------------
2019-06-30 02:06:46 GS-1 06-30 02:06:46 User = 0 / 0
2019-06-30 02:09:31 GS-1 -----------------------------------------------------
---[Monster]: Max RunDelay: 313; Max RunCount 3152
---[Human]: Max RunDelay: 78; [Socket]: Max RunDelay: 0
---[App]: Min PerSecRun: 73; Max RunDelay 0
-----------------------------------------------------
2019-06-30 02:14:32 GS-1 -----------------------------------------------------
---[Monster]: Max RunDelay: 344; Max RunCount 3152
---[Human]: Max RunDelay: 62; [Socket]: Max RunDelay: 16
---[App]: Min PerSecRun: 70; Max RunDelay 0
-----------------------------------------------------
2019-06-30 02:16:46 GS-1 06-30 02:16:46 User = 0 / 0
2019-06-30 02:19:33 GS-1 -----------------------------------------------------
---[Monster]: Max RunDelay: 313; Max RunCount 3152
---[Human]: Max RunDelay: 94; [Socket]: Max RunDelay: 15
---[App]: Min PerSecRun: 71; Max RunDelay 0
-----------------------------------------------------
2019-06-30 02:24:34 GS-1 -----------------------------------------------------
---[Monster]: Max RunDelay: 313; Max RunCount 3152
---[Human]: Max RunDelay: 78; [Socket]: Max RunDelay: 16
---[App]: Min PerSecRun: 71; Max RunDelay 16
-----------------------------------------------------
2019-06-30 02:26:45 GS-1 06-30 02:26:45 User = 0 / 0
2019-06-30 02:29:35 GS-1 -----------------------------------------------------
---[Monster]: Max RunDelay: 328; Max RunCount 3152
---[Human]: Max RunDelay: 78; [Socket]: Max RunDelay: 0
---[App]: Min PerSecRun: 70; Max RunDelay 0
-----------------------------------------------------
2019-06-30 02:34:36 GS-1 -----------------------------------------------------
---[Monster]: Max RunDelay: 329; Max RunCount 3152
---[Human]: Max RunDelay: 78; [Socket]: Max RunDelay: 16
---[App]: Min PerSecRun: 71; Max RunDelay 0
-----------------------------------------------------
2019-06-30 02:36:46 GS-1 06-30 02:36:46 User = 0 / 0
2019-06-30 02:39:38 GS-1 -----------------------------------------------------
---[Monster]: Max RunDelay: 328; Max RunCount 3152
---[Human]: Max RunDelay: 79; [Socket]: Max RunDelay: 16
---[App]: Min PerSecRun: 68; Max RunDelay 0
-----------------------------------------------------
2019-06-30 02:44:39 GS-1 -----------------------------------------------------
---[Monster]: Max RunDelay: 359; Max RunCount 3152
---[Human]: Max RunDelay: 78; [Socket]: Max RunDelay: 0
---[App]: Min PerSecRun: 69; Max RunDelay 0
-----------------------------------------------------
2019-06-30 02:46:47 GS-1 06-30 02:46:47 User = 0 / 0
2019-06-30 02:49:40 GS-1 -----------------------------------------------------
---[Monster]: Max RunDelay: 313; Max RunCount 3152
---[Human]: Max RunDelay: 63; [Socket]: Max RunDelay: 16
---[App]: Min PerSecRun: 71; Max RunDelay 0
-----------------------------------------------------
2019-06-30 02:54:40 GS-1 -----------------------------------------------------
---[Monster]: Max RunDelay: 328; Max RunCount 3152
---[Human]: Max RunDelay: 78; [Socket]: Max RunDelay: 16
---[App]: Min PerSecRun: 69; Max RunDelay 0
-----------------------------------------------------
2019-06-30 02:56:45 GS-1 载入商城热销商品列表，共0个。
2019-06-30 02:56:45 GS-1 ==> 加载商城热销榜:0
2019-06-30 02:56:47 GS-1 06-30 02:56:47 User = 0 / 0
2019-06-30 02:59:41 GS-1 -----------------------------------------------------
---[Monster]: Max RunDelay: 328; Max RunCount 3152
---[Human]: Max RunDelay: 94; [Socket]: Max RunDelay: 16
---[App]: Min PerSecRun: 69; Max RunDelay 0
-----------------------------------------------------
2019-06-30 03:04:42 GS-1 -----------------------------------------------------
---[Monster]: Max RunDelay: 328; Max RunCount 3152
---[Human]: Max RunDelay: 93; [Socket]: Max RunDelay: 0
---[App]: Min PerSecRun: 69; Max RunDelay 0
-----------------------------------------------------
2019-06-30 03:06:47 GS-1 06-30 03:06:47 User = 0 / 0
2019-06-30 03:09:43 GS-1 -----------------------------------------------------
---[Monster]: Max RunDelay: 328; Max RunCount 3152
---[Human]: Max RunDelay: 94; [Socket]: Max RunDelay: 16
---[App]: Min PerSecRun: 70; Max RunDelay 0
-----------------------------------------------------
2019-06-30 03:14:44 GS-1 -----------------------------------------------------
---[Monster]: Max RunDelay: 360; Max RunCount 3152
---[Human]: Max RunDelay: 94; [Socket]: Max RunDelay: 16
---[App]: Min PerSecRun: 69; Max RunDelay 0
-----------------------------------------------------
2019-06-30 03:14:47 GS-1 [Error]: GameGate ServerSocketError, ErrorCode=10061
2019-06-30 03:16:47 GS-1 06-30 03:16:47 User = 0 / 0
2019-06-30 03:19:46 GS-1 -----------------------------------------------------
---[Monster]: Max RunDelay: 328; Max RunCount 3152
---[Human]: Max RunDelay: 93; [Socket]: Max RunDelay: 16
---[App]: Min PerSecRun: 69; Max RunDelay 0
-----------------------------------------------------
2019-06-30 03:24:47 GS-1 -----------------------------------------------------
---[Monster]: Max RunDelay: 313; Max RunCount 3141
---[Human]: Max RunDelay: 94; [Socket]: Max RunDelay: 16
---[App]: Min PerSecRun: 68; Max RunDelay 0
-----------------------------------------------------
2019-06-30 03:26:48 GS-1 06-30 03:26:48 User = 0 / 0
2019-06-30 03:29:47 GS-1 -----------------------------------------------------
---[Monster]: Max RunDelay: 328; Max RunCount 3152
---[Human]: Max RunDelay: 93; [Socket]: Max RunDelay: 16
---[App]: Min PerSecRun: 70; Max RunDelay 0
-----------------------------------------------------
2019-06-30 03:34:48 GS-1 -----------------------------------------------------
---[Monster]: Max RunDelay: 328; Max RunCount 3152
---[Human]: Max RunDelay: 94; [Socket]: Max RunDelay: 15
---[App]: Min PerSecRun: 70; Max RunDelay 0
-----------------------------------------------------
2019-06-30 03:36:48 GS-1 06-30 03:36:48 User = 0 / 0
2019-06-30 03:39:49 GS-1 -----------------------------------------------------
---[Monster]: Max RunDelay: 329; Max RunCount 3152
---[Human]: Max RunDelay: 78; [Socket]: Max RunDelay: 16
---[App]: Min PerSecRun: 71; Max RunDelay 0
-----------------------------------------------------
2019-06-30 03:44:50 GS-1 -----------------------------------------------------
---[Monster]: Max RunDelay: 313; Max RunCount 3152
---[Human]: Max RunDelay: 93; [Socket]: Max RunDelay: 0
---[App]: Min PerSecRun: 69; Max RunDelay 0
-----------------------------------------------------
2019-06-30 03:46:48 GS-1 06-30 03:46:48 User = 0 / 0
2019-06-30 03:49:51 GS-1 -----------------------------------------------------
---[Monster]: Max RunDelay: 344; Max RunCount 3152
---[Human]: Max RunDelay: 94; [Socket]: Max RunDelay: 15
---[App]: Min PerSecRun: 68; Max RunDelay 0
-----------------------------------------------------
2019-06-30 03:54:52 GS-1 -----------------------------------------------------
---[Monster]: Max RunDelay: 313; Max RunCount 3152
---[Human]: Max RunDelay: 94; [Socket]: Max RunDelay: 16
---[App]: Min PerSecRun: 68; Max RunDelay 0
-----------------------------------------------------
2019-06-30 03:56:45 GS-1 载入商城热销商品列表，共0个。
2019-06-30 03:56:45 GS-1 ==> 加载商城热销榜:0
2019-06-30 03:56:49 GS-1 06-30 03:56:49 User = 0 / 0
2019-06-30 03:59:54 GS-1 -----------------------------------------------------
---[Monster]: Max RunDelay: 328; Max RunCount 3152
---[Human]: Max RunDelay: 78; [Socket]: Max RunDelay: 16
---[App]: Min PerSecRun: 71; Max RunDelay 0
-----------------------------------------------------
2019-06-30 04:04:55 GS-1 -----------------------------------------------------
---[Monster]: Max RunDelay: 329; Max RunCount 3152
---[Human]: Max RunDelay: 125; [Socket]: Max RunDelay: 16
---[App]: Min PerSecRun: 66; Max RunDelay 0
-----------------------------------------------------
2019-06-30 04:06:49 GS-1 06-30 04:06:49 User = 0 / 0
2019-06-30 04:09:56 GS-1 -----------------------------------------------------
---[Monster]: Max RunDelay: 328; Max RunCount 3152
---[Human]: Max RunDelay: 94; [Socket]: Max RunDelay: 16
---[App]: Min PerSecRun: 69; Max RunDelay 0
-----------------------------------------------------
2019-06-30 04:14:57 GS-1 -----------------------------------------------------
---[Monster]: Max RunDelay: 359; Max RunCount 3152
---[Human]: Max RunDelay: 93; [Socket]: Max RunDelay: 16
---[App]: Min PerSecRun: 68; Max RunDelay 0
-----------------------------------------------------
2019-06-30 04:16:50 GS-1 06-30 04:16:50 User = 0 / 0
2019-06-30 04:19:57 GS-1 -----------------------------------------------------
---[Monster]: Max RunDelay: 328; Max RunCount 3141
---[Human]: Max RunDelay: 62; [Socket]: Max RunDelay: 16
---[App]: Min PerSecRun: 68; Max RunDelay 0
-----------------------------------------------------
2019-06-30 04:24:58 GS-1 -----------------------------------------------------
---[Monster]: Max RunDelay: 328; Max RunCount 3114
---[Human]: Max RunDelay: 109; [Socket]: Max RunDelay: 0
---[App]: Min PerSecRun: 69; Max RunDelay 0
-----------------------------------------------------
2019-06-30 04:26:50 GS-1 06-30 04:26:50 User = 0 / 0
2019-06-30 04:29:59 GS-1 -----------------------------------------------------
---[Monster]: Max RunDelay: 344; Max RunCount 3152
---[Human]: Max RunDelay: 94; [Socket]: Max RunDelay: 16
---[App]: Min PerSecRun: 65; Max RunDelay 0
-----------------------------------------------------
2019-06-30 04:35:00 GS-1 -----------------------------------------------------
---[Monster]: Max RunDelay: 344; Max RunCount 3152
---[Human]: Max RunDelay: 109; [Socket]: Max RunDelay: 16
---[App]: Min PerSecRun: 66; Max RunDelay 0
-----------------------------------------------------
2019-06-30 04:36:50 GS-1 06-30 04:36:50 User = 0 / 0
2019-06-30 04:40:02 GS-1 -----------------------------------------------------
---[Monster]: Max RunDelay: 360; Max RunCount 3152
---[Human]: Max RunDelay: 110; [Socket]: Max RunDelay: 16
---[App]: Min PerSecRun: 67; Max RunDelay 0
-----------------------------------------------------
2019-06-30 04:45:03 GS-1 -----------------------------------------------------
---[Monster]: Max RunDelay: 359; Max RunCount 3152
---[Human]: Max RunDelay: 110; [Socket]: Max RunDelay: 16
---[App]: Min PerSecRun: 65; Max RunDelay 0
-----------------------------------------------------
2019-06-30 04:46:51 GS-1 06-30 04:46:51 User = 0 / 0
2019-06-30 04:50:03 GS-1 -----------------------------------------------------
---[Monster]: Max RunDelay: 344; Max RunCount 3141
---[Human]: Max RunDelay: 125; [Socket]: Max RunDelay: 16
---[App]: Min PerSecRun: 66; Max RunDelay 0
-----------------------------------------------------
2019-06-30 04:55:04 GS-1 -----------------------------------------------------
---[Monster]: Max RunDelay: 360; Max RunCount 3152
---[Human]: Max RunDelay: 78; [Socket]: Max RunDelay: 16
---[App]: Min PerSecRun: 65; Max RunDelay 0
-----------------------------------------------------
2019-06-30 04:56:46 GS-1 载入商城热销商品列表，共0个。
2019-06-30 04:56:46 GS-1 ==> 加载商城热销榜:0
2019-06-30 04:56:51 GS-1 06-30 04:56:51 User = 0 / 0
2019-06-30 05:00:05 GS-1 -----------------------------------------------------
---[Monster]: Max RunDelay: 375; Max RunCount 3152
---[Human]: Max RunDelay: 109; [Socket]: Max RunDelay: 15
---[App]: Min PerSecRun: 64; Max RunDelay 0
-----------------------------------------------------
2019-06-30 05:05:06 GS-1 -----------------------------------------------------
---[Monster]: Max RunDelay: 344; Max RunCount 3141
---[Human]: Max RunDelay: 125; [Socket]: Max RunDelay: 16
---[App]: Min PerSecRun: 63; Max RunDelay 0
-----------------------------------------------------
2019-06-30 05:06:52 GS-1 06-30 05:06:52 User = 0 / 0
2019-06-30 05:10:08 GS-1 -----------------------------------------------------
---[Monster]: Max RunDelay: 344; Max RunCount 3151
---[Human]: Max RunDelay: 125; [Socket]: Max RunDelay: 16
---[App]: Min PerSecRun: 64; Max RunDelay 0
-----------------------------------------------------
2019-06-30 05:15:08 GS-1 -----------------------------------------------------
---[Monster]: Max RunDelay: 375; Max RunCount 3151
---[Human]: Max RunDelay: 125; [Socket]: Max RunDelay: 16
---[App]: Min PerSecRun: 64; Max RunDelay 0
-----------------------------------------------------
2019-06-30 05:16:51 GS-1 06-30 05:16:51 User = 0 / 0
2019-06-30 05:20:10 GS-1 -----------------------------------------------------
---[Monster]: Max RunDelay: 375; Max RunCount 3152
---[Human]: Max RunDelay: 125; [Socket]: Max RunDelay: 16
---[App]: Min PerSecRun: 67; Max RunDelay 0
-----------------------------------------------------
2019-06-30 05:25:10 GS-1 -----------------------------------------------------
---[Monster]: Max RunDelay: 359; Max RunCount 3152
---[Human]: Max RunDelay: 140; [Socket]: Max RunDelay: 16
---[App]: Min PerSecRun: 62; Max RunDelay 0
-----------------------------------------------------
2019-06-30 05:26:52 GS-1 06-30 05:26:52 User = 0 / 0
2019-06-30 05:30:11 GS-1 -----------------------------------------------------
---[Monster]: Max RunDelay: 360; Max RunCount 3152
---[Human]: Max RunDelay: 125; [Socket]: Max RunDelay: 15
---[App]: Min PerSecRun: 64; Max RunDelay 0
-----------------------------------------------------
2019-06-30 05:35:13 GS-1 -----------------------------------------------------
---[Monster]: Max RunDelay: 360; Max RunCount 3152
---[Human]: Max RunDelay: 125; [Socket]: Max RunDelay: 0
---[App]: Min PerSecRun: 63; Max RunDelay 0
-----------------------------------------------------
2019-06-30 05:36:53 GS-1 06-30 05:36:53 User = 0 / 0
2019-06-30 05:40:13 GS-1 -----------------------------------------------------
---[Monster]: Max RunDelay: 375; Max RunCount 3152
---[Human]: Max RunDelay: 125; [Socket]: Max RunDelay: 16
---[App]: Min PerSecRun: 62; Max RunDelay 0
-----------------------------------------------------
2019-06-30 05:45:14 GS-1 -----------------------------------------------------
---[Monster]: Max RunDelay: 375; Max RunCount 3152
---[Human]: Max RunDelay: 140; [Socket]: Max RunDelay: 16
---[App]: Min PerSecRun: 65; Max RunDelay 0
-----------------------------------------------------
2019-06-30 05:46:53 GS-1 06-30 05:46:53 User = 0 / 0
2019-06-30 05:50:15 GS-1 -----------------------------------------------------
---[Monster]: Max RunDelay: 375; Max RunCount 3152
---[Human]: Max RunDelay: 140; [Socket]: Max RunDelay: 0
---[App]: Min PerSecRun: 61; Max RunDelay 0
-----------------------------------------------------
2019-06-30 05:55:16 GS-1 -----------------------------------------------------
---[Monster]: Max RunDelay: 360; Max RunCount 3114
---[Human]: Max RunDelay: 109; [Socket]: Max RunDelay: 16
---[App]: Min PerSecRun: 64; Max RunDelay 0
-----------------------------------------------------
2019-06-30 05:56:47 GS-1 载入商城热销商品列表，共0个。
2019-06-30 05:56:47 GS-1 ==> 加载商城热销榜:0
2019-06-30 05:56:54 GS-1 06-30 05:56:54 User = 0 / 0
2019-06-30 06:00:00 GS-1 载入商城物品列表，共5个类别，30种商品
2019-06-30 06:00:00 GS-1 ==> 加载商城物品 装饰类：2/2
2019-06-30 06:00:00 GS-1 ==> 加载商城物品 补给类：8/8
2019-06-30 06:00:00 GS-1 ==> 加载商城物品 强化类：15/15
2019-06-30 06:00:00 GS-1 ==> 加载商城物品 好友类：2/2
2019-06-30 06:00:00 GS-1 ==> 加载商城物品 限量类：3/3
2019-06-30 06:00:00 GS-1 ==> 加载商城物品 类：0/0
2019-06-30 06:00:00 GS-1 ==> 加载商城物品 类：0/0
2019-06-30 06:00:00 GS-1 ==> 加载商城物品 类：0/0
2019-06-30 06:00:17 GS-1 -----------------------------------------------------
---[Monster]: Max RunDelay: 375; Max RunCount 3141
---[Human]: Max RunDelay: 141; [Socket]: Max RunDelay: 15
---[App]: Min PerSecRun: 65; Max RunDelay 0
-----------------------------------------------------
2019-06-30 06:05:18 GS-1 -----------------------------------------------------
---[Monster]: Max RunDelay: 360; Max RunCount 3152
---[Human]: Max RunDelay: 140; [Socket]: Max RunDelay: 16
---[App]: Min PerSecRun: 63; Max RunDelay 0
-----------------------------------------------------
2019-06-30 06:06:54 GS-1 06-30 06:06:54 User = 0 / 0
2019-06-30 06:10:19 GS-1 -----------------------------------------------------
---[Monster]: Max RunDelay: 359; Max RunCount 3141
---[Human]: Max RunDelay: 125; [Socket]: Max RunDelay: 0
---[App]: Min PerSecRun: 61; Max RunDelay 0
-----------------------------------------------------
2019-06-30 06:15:20 GS-1 -----------------------------------------------------
---[Monster]: Max RunDelay: 375; Max RunCount 3152
---[Human]: Max RunDelay: 125; [Socket]: Max RunDelay: 16
---[App]: Min PerSecRun: 64; Max RunDelay 0
-----------------------------------------------------
2019-06-30 06:16:54 GS-1 06-30 06:16:54 User = 0 / 0
2019-06-30 06:20:21 GS-1 -----------------------------------------------------
---[Monster]: Max RunDelay: 375; Max RunCount 3141
---[Human]: Max RunDelay: 141; [Socket]: Max RunDelay: 16
---[App]: Min PerSecRun: 64; Max RunDelay 0
-----------------------------------------------------
2019-06-30 06:25:22 GS-1 -----------------------------------------------------
---[Monster]: Max RunDelay: 375; Max RunCount 3152
---[Human]: Max RunDelay: 141; [Socket]: Max RunDelay: 0
---[App]: Min PerSecRun: 57; Max RunDelay 0
-----------------------------------------------------
2019-06-30 06:26:55 GS-1 06-30 06:26:55 User = 0 / 0
2019-06-30 06:30:23 GS-1 -----------------------------------------------------
---[Monster]: Max RunDelay: 578; Max RunCount 3152
---[Human]: Max RunDelay: 94; [Socket]: Max RunDelay: 16
---[App]: Min PerSecRun: 33; Max RunDelay 0
-----------------------------------------------------
2019-06-30 06:35:24 GS-1 -----------------------------------------------------
---[Monster]: Max RunDelay: 218; Max RunCount 3152
---[Human]: Max RunDelay: 31; [Socket]: Max RunDelay: 16
---[App]: Min PerSecRun: 78; Max RunDelay 0
-----------------------------------------------------
2019-06-30 06:36:55 GS-1 06-30 06:36:55 User = 0 / 0
2019-06-30 06:37:45 GS-1 [Warning]: 与DB 服务器断开连接....
2019-06-30 06:37:46 GS-1 06:37:47 Gate 1 (106.52.201.110) 关闭
2019-06-30 06:37:52 GS-1 释放--魔龙冰晶升级对象--结束
2019-06-30 06:37:52 GS-1 释放--天赐宝箱1--结束
2019-06-30 06:37:52 GS-1 释放--天赐宝箱2--结束
2019-06-30 06:37:52 GS-1 释放--一点充--结束
2019-06-30 06:37:52 GS-1 释放--事件管理对象--结束
2019-06-30 06:37:52 GS-1 释放--任务管理对象--结束
2019-06-30 06:37:53 GS-1 释放--升级提醒管理对象--结束
2019-06-30 06:37:53 GS-1 释放--GDMsg管理对象--结束
2019-06-30 06:37:53 GS-1 释放--跨地图寻路管理对象--结束
2019-06-30 06:37:53 GS-1 释放--沙巴克管理对象--结束
2019-06-30 06:37:53 GS-1 释放--中央活动服务器客户端--结束
2019-06-30 06:37:53 GS-1 释放--乾坤包--结束
2019-06-30 06:37:53 GS-1 正在清除模块-卧龙英雄管理-的配置表d:\Mud2.0\Mir200\Share\EngineConfig\卧龙英雄管理\Fortress-HERO1.txt
2019-06-30 06:37:53 GS-1 正在清除模块-卧龙英雄管理-的配置表d:\Mud2.0\Mir200\Share\EngineConfig\卧龙英雄管理\Fortress.txt
2019-06-30 06:37:53 GS-1 正在清除模块-游戏元素点阵管理-的配置表d:\Mud2.0\Mir200\Share\EngineConfig\游戏元素点阵管理\GMActEvent.txt
2019-06-30 06:37:53 GS-1 正在清除模块-信用分管理-的配置表d:\Mud2.0\Mir200\Share\EngineConfig\信用分管理\PlayerActivePoint.xml
2019-06-30 06:37:53 GS-1 正在清除模块-信用分管理-的配置表d:\Mud2.0\Mir200\Share\EngineConfig\信用分管理\MapActivePoint.xml
2019-06-30 06:37:53 GS-1 正在清除模块-摆摊交易-的配置表d:\Mud2.0\Mir200\Share\EngineConfig\摆摊交易\摊位基础设置.ini
2019-06-30 06:37:53 GS-1 正在清除模块-元宝商城管理-的配置表d:\Mud2.0\Mir200\Share\EngineConfig\元宝商城管理\YBGoods.sql
2019-06-30 06:37:53 GS-1 正在清除模块-小助手管理-的配置表d:\Mud2.0\Mir200\Share\EngineConfig\小助手管理\小助手.txt
2019-06-30 06:37:53 GS-1 正在清除模块-静态地图管理-的配置表d:\Mud2.0\Mir200\Share\EngineConfig\静态地图管理\MapDropLimitBagItems.xml
2019-06-30 06:37:59 GS-1 正在清除模块-装备合成管理-的配置表d:\Mud2.0\Mir200\Share\EngineConfig\装备合成管理\StrengthenEquip.xml
2019-06-30 06:38:02 GS-1 正在清除模块-藏宝图管理-的配置表d:\Mud2.0\Mir200\Share\EngineConfig\藏宝图管理\修复藏宝图.txt
2019-06-30 06:38:02 GS-1 正在清除模块-藏宝图管理-的配置表d:\Mud2.0\Mir200\Share\EngineConfig\藏宝图管理\魔龙藏宝图合成装备.txt
2019-06-30 06:38:02 GS-1 正在清除模块-衣服升级管理-的配置表d:\Mud2.0\Mir200\Share\EngineConfig\衣服升级管理\UpdateClothes.xml
2019-06-30 06:38:02 GS-1 正在清除模块-道具管理-的配置表d:\Mud2.0\Mir200\Share\EngineConfig\道具管理\宝石配置.txt
2019-06-30 06:38:02 GS-1 正在清除模块-世界暴率管理-的配置表d:\Mud2.0\Mir200\Share\EngineConfig\世界暴率管理\世界爆率文件1.txt
2019-06-30 06:38:02 GS-1 释放--跨GS消息管理对象--结束
2019-06-30 06:38:02 GS-1 释放--gate管理对象--结束
2019-06-30 06:38:02 GS-1 释放--魔法管理对象--结束
2019-06-30 06:38:02 GS-1 释放--套装管理对象--结束
2019-06-30 06:38:02 GS-1 释放--新暴率管理对象--结束
2019-06-30 06:38:02 GS-1 释放--角色信息初始化管理对象--结束
2019-06-30 06:38:02 GS-1 释放--GS本地日志--结束
2019-06-30 06:38:03 GS-1 释放--DBEngn对象--结束
2019-06-30 06:38:03 GS-1 释放--任务列表--结束
2019-06-30 06:38:03 GS-1 释放--buffer管理类--结束
2019-06-30 06:38:03 GS-1 释放--排行榜--结束
2019-06-30 06:38:03 GS-1 释放--免费回收--结束
2019-06-30 06:38:03 GS-1 释放--mysql对象--结束
2019-06-30 06:38:03 GS-1 ================ 服务停止 ==============
