2019-08-03 15:30:42 GS-1 -----------------------------------------------------
---[Monster]: Max RunDelay: 0; Max RunCount 0
---[Human]: Max RunDelay: 0; [Socket]: Max RunDelay: 0
---[App]: Min PerSecRun: 100; Max RunDelay 0
-----------------------------------------------------
2019-08-03 15:30:42 GS-1 ================ 服务启动 ==============
2019-08-03 15:30:42 GS-1 TPlayerBody Size - 1616
2019-08-03 15:30:42 GS-1 TPlayerDB Size - 61608
2019-08-03 15:30:42 GS-1 ======== 连接MySQL成功 =======
2019-08-03 15:30:42 GS-1 *** ***Gamelog 的下次清理时间为 : 08月10日03时*** ***
2019-08-03 15:30:42 GS-1 ==加载GM指令定义完成==
2019-08-03 15:30:42 GS-1 与 DB 服务器连接成功
2019-08-03 15:30:42 GS-1 [Error]: 火龙珠奖励配置错误！
2019-08-03 15:30:42 GS-1 [Error]: 抽取概率错误:赤金天赐->宝箱1:概率7
2019-08-03 15:30:42 GS-1 [Error]: 抽取概率错误:白银天赐->宝箱1:概率7
2019-08-03 15:30:42 GS-1 [Error]: 抽取概率错误:紫铜天赐->宝箱1:概率7
2019-08-03 15:30:42 GS-1 [Error]: 抽取概率错误:神秘天赐->宝箱1:概率7
2019-08-03 15:30:42 GS-1 [Error]: 抽取概率错误:檀木天赐->宝箱1:概率7
2019-08-03 15:30:42 GS-1 [Error]: 抽取概率错误:宝藏天赐 ->宝箱1:概率7
2019-08-03 15:30:42 GS-1 [Error]: StdItems 不存在的天赐：新年天赐
2019-08-03 15:30:42 GS-1 [Error]: StdItems 不存在的钥匙：新年钥匙
2019-08-03 15:30:42 GS-1 [Error]: StdItems 不存在的钥匙：春节钥匙
2019-08-03 15:30:42 GS-1 [Error]: StdItems 不存在的钥匙：节日钥匙
2019-08-03 15:30:42 GS-1 [Error]: StdItems 不存在的天赐：感恩天赐
2019-08-03 15:30:42 GS-1 [Error]: StdItems 不存在的钥匙：感恩钥匙
2019-08-03 15:30:42 GS-1 系统参数初始化完毕
2019-08-03 15:30:42 GS-1 准备加载NPC，共489个
2019-08-03 15:30:42 GS-1 已加载d:\Mud2.0\Mir200\Share\EngineConfig\系统信息管理\RollMsg.txt！
2019-08-03 15:30:42 GS-1 已加载d:\Mud2.0\Mir200\Share\EngineConfig\系统信息管理\掉落物品提示.txt！
2019-08-03 15:30:42 GS-1 已加载d:\Mud2.0\Mir200\Share\EngineConfig\卧龙英雄管理\Fortress.txt！
2019-08-03 15:30:42 GS-1 已加载d:\Mud2.0\Mir200\Share\EngineConfig\游戏元素点阵管理\GMActEvent.txt！
2019-08-03 15:30:42 GS-1    加载邮件信息成功,加载0个玩家的邮件。
2019-08-03 15:30:42 GS-1    加载邮件信息成功,加载0个玩家的邮件。
2019-08-03 15:30:42 GS-1 已加载d:\Mud2.0\Mir200\Share\EngineConfig\摆摊交易\摊位基础设置.ini！
2019-08-03 15:30:42 GS-1 刷新摊位过期将在2:55执行！
2019-08-03 15:30:42 GS-1   加载Stall成功，共加载摊位0个
2019-08-03 15:30:42 GS-1 [Information]: 寄售表创建成功!
2019-08-03 15:30:42 GS-1 [Information]: 寄售历史表创建成功!
2019-08-03 15:30:42 GS-1 [Information]: 更新超时订单成功!
2019-08-03 15:30:42 GS-1 已加载刷新商城时间：00:00:00.
2019-08-03 15:30:42 GS-1 已加载刷新商城时间：06:00:00.
2019-08-03 15:30:42 GS-1 已加载刷新商城时间：12:00:00.
2019-08-03 15:30:42 GS-1 载入商城物品列表，共5个类别，32种商品
2019-08-03 15:30:42 GS-1 ==> 加载商城物品 装饰类：11/11
2019-08-03 15:30:42 GS-1 ==> 加载商城物品 补给类：2/2
2019-08-03 15:30:42 GS-1 ==> 加载商城物品 强化类：14/14
2019-08-03 15:30:42 GS-1 ==> 加载商城物品 限量类：3/3
2019-08-03 15:30:42 GS-1 ==> 加载商城物品 好友类：2/2
2019-08-03 15:30:42 GS-1 ==> 加载商城物品 类：0/0
2019-08-03 15:30:42 GS-1 ==> 加载商城物品 类：0/0
2019-08-03 15:30:42 GS-1 ==> 加载商城物品 类：0/0
2019-08-03 15:30:42 GS-1    [删除错误数据] 删除用户表中不存在的战队成员
2019-08-03 15:30:42 GS-1    [删除错误数据] 清除战队队长不存在的项
2019-08-03 15:30:42 GS-1    [删除错误数据] 不存在战队的成员
2019-08-03 15:30:42 GS-1    正在加载战队...
2019-08-03 15:30:42 GS-1    战队表数量 : 0
2019-08-03 15:30:42 GS-1    加载战队数量:0
2019-08-03 15:30:42 GS-1    正在加载战队成员...
2019-08-03 15:30:42 GS-1    战队成员总数:0 加载成员数:0
2019-08-03 15:30:42 GS-1    正在检测战队数据有效性...
2019-08-03 15:30:42 GS-1    战队数据有效性检测完毕
2019-08-03 15:30:42 GS-1    [删除错误数据] 清除会长战队不存在行会
2019-08-03 15:30:42 GS-1    [删除错误数据] 清除行会不存在的行会成员
2019-08-03 15:30:42 GS-1    [删除错误数据] 清除行会不存在的行会关系ID排列错误的项
2019-08-03 15:30:42 GS-1    [删除错误数据] 清除行会不存在行会关系
2019-08-03 15:30:42 GS-1    [删除错误数据] 清除行会不存在关注行会
2019-08-03 15:30:42 GS-1    加载行会数量 : 0
2019-08-03 15:30:42 GS-1    加载行会成员(战队)数量 : 0
2019-08-03 15:30:42 GS-1    加载行会关系数量 : 0
2019-08-03 15:30:42 GS-1    加载关注行会数量 : 0
2019-08-03 15:30:42 GS-1    加载请求数量:0
2019-08-03 15:30:42 GS-1 [Error]: 小助手 不存在！
2019-08-03 15:30:42 GS-1 D411地图配置在MapInfo.txt 中不是LIMITBAGITEMDROP属性
2019-08-03 15:30:42 GS-1 D415地图配置在MapInfo.txt 中不是LIMITBAGITEMDROP属性
2019-08-03 15:30:42 GS-1 D416地图配置在MapInfo.txt 中不是LIMITBAGITEMDROP属性
2019-08-03 15:30:42 GS-1 信用分验证功能：开
2019-08-03 15:30:42 GS-1 GS脚本版本号：10001
2019-08-03 15:30:42 GS-1 更新排行榜，共计：7 页
2019-08-03 15:31:27 GS-1 载入商城热销商品列表，共2个。
2019-08-03 15:31:27 GS-1 ==> 加载商城热销榜:2
2019-08-03 15:31:27 GS-1 [Error]: TFieldHero.FillDBData: 龙纹不存在！
2019-08-03 15:31:28 GS-1 Gate 1 开启
2019-08-03 15:35:43 GS-1 -----------------------------------------------------
---[Monster]: Max RunDelay: 719; Max RunCount 3155
---[Human]: Max RunDelay: 94; [Socket]: Max RunDelay: 62
---[App]: Min PerSecRun: 37; Max RunDelay 0
-----------------------------------------------------
2019-08-03 15:40:44 GS-1 -----------------------------------------------------
---[Monster]: Max RunDelay: 703; Max RunCount 3165
---[Human]: Max RunDelay: 406; [Socket]: Max RunDelay: 203
---[App]: Min PerSecRun: 40; Max RunDelay 0
-----------------------------------------------------
2019-08-03 15:41:27 GS-1 08-03 15:41:27 User = 2 / 2
2019-08-03 15:45:45 GS-1 -----------------------------------------------------
---[Monster]: Max RunDelay: 906; Max RunCount 3165
---[Human]: Max RunDelay: 250; [Socket]: Max RunDelay: 32
---[App]: Min PerSecRun: 28; Max RunDelay 0
-----------------------------------------------------
2019-08-03 15:50:45 GS-1 -----------------------------------------------------
---[Monster]: Max RunDelay: 953; Max RunCount 3148
---[Human]: Max RunDelay: 375; [Socket]: Max RunDelay: 203
---[App]: Min PerSecRun: 20; Max RunDelay 0
-----------------------------------------------------
2019-08-03 15:51:28 GS-1 08-03 15:51:28 User = 2 / 2
2019-08-03 15:55:47 GS-1 -----------------------------------------------------
---[Monster]: Max RunDelay: 2344; Max RunCount 3145
---[Human]: Max RunDelay: 625; [Socket]: Max RunDelay: 203
---[App]: Min PerSecRun: 8; Max RunDelay 0
-----------------------------------------------------
2019-08-03 16:00:48 GS-1 -----------------------------------------------------
---[Monster]: Max RunDelay: 1250; Max RunCount 3645
---[Human]: Max RunDelay: 641; [Socket]: Max RunDelay: 422
---[App]: Min PerSecRun: 18; Max RunDelay 0
-----------------------------------------------------
2019-08-03 16:01:28 GS-1 08-03 16:01:28 User = 1 / 1
2019-08-03 16:05:49 GS-1 -----------------------------------------------------
---[Monster]: Max RunDelay: 1063; Max RunCount 4165
---[Human]: Max RunDelay: 407; [Socket]: Max RunDelay: 219
---[App]: Min PerSecRun: 15; Max RunDelay 0
-----------------------------------------------------
2019-08-03 16:10:50 GS-1 -----------------------------------------------------
---[Monster]: Max RunDelay: 313; Max RunCount 4167
---[Human]: Max RunDelay: 78; [Socket]: Max RunDelay: 16
---[App]: Min PerSecRun: 70; Max RunDelay 0
-----------------------------------------------------
2019-08-03 16:11:27 GS-1 08-03 16:11:27 User = 1 / 1
2019-08-03 16:15:51 GS-1 -----------------------------------------------------
---[Monster]: Max RunDelay: 312; Max RunCount 4167
---[Human]: Max RunDelay: 31; [Socket]: Max RunDelay: 16
---[App]: Min PerSecRun: 65; Max RunDelay 0
-----------------------------------------------------
2019-08-03 16:20:52 GS-1 -----------------------------------------------------
---[Monster]: Max RunDelay: 375; Max RunCount 4167
---[Human]: Max RunDelay: 16; [Socket]: Max RunDelay: 16
---[App]: Min PerSecRun: 67; Max RunDelay 0
-----------------------------------------------------
2019-08-03 16:21:27 GS-1 08-03 16:21:27 User = 0 / 0
2019-08-03 16:25:53 GS-1 -----------------------------------------------------
---[Monster]: Max RunDelay: 922; Max RunCount 4195
---[Human]: Max RunDelay: 422; [Socket]: Max RunDelay: 63
---[App]: Min PerSecRun: 34; Max RunDelay 0
-----------------------------------------------------
2019-08-03 16:30:54 GS-1 -----------------------------------------------------
---[Monster]: Max RunDelay: 437; Max RunCount 4104
---[Human]: Max RunDelay: 140; [Socket]: Max RunDelay: 141
---[App]: Min PerSecRun: 60; Max RunDelay 0
-----------------------------------------------------
2019-08-03 16:31:28 GS-1 载入商城热销商品列表，共2个。
2019-08-03 16:31:28 GS-1 ==> 加载商城热销榜:2
2019-08-03 16:31:29 GS-1 08-03 16:31:29 User = 0 / 0
2019-08-03 16:35:55 GS-1 -----------------------------------------------------
---[Monster]: Max RunDelay: 391; Max RunCount 4175
---[Human]: Max RunDelay: 141; [Socket]: Max RunDelay: 16
---[App]: Min PerSecRun: 66; Max RunDelay 0
-----------------------------------------------------
2019-08-03 16:40:56 GS-1 -----------------------------------------------------
---[Monster]: Max RunDelay: 391; Max RunCount 4092
---[Human]: Max RunDelay: 140; [Socket]: Max RunDelay: 15
---[App]: Min PerSecRun: 56; Max RunDelay 0
-----------------------------------------------------
2019-08-03 16:41:29 GS-1 08-03 16:41:29 User = 0 / 0
2019-08-03 16:45:57 GS-1 -----------------------------------------------------
---[Monster]: Max RunDelay: 407; Max RunCount 4195
---[Human]: Max RunDelay: 15; [Socket]: Max RunDelay: 16
---[App]: Min PerSecRun: 58; Max RunDelay 0
-----------------------------------------------------
2019-08-03 16:50:58 GS-1 -----------------------------------------------------
---[Monster]: Max RunDelay: 375; Max RunCount 4114
---[Human]: Max RunDelay: 63; [Socket]: Max RunDelay: 15
---[App]: Min PerSecRun: 68; Max RunDelay 0
-----------------------------------------------------
2019-08-03 16:51:29 GS-1 08-03 16:51:29 User = 0 / 0
2019-08-03 16:55:59 GS-1 -----------------------------------------------------
---[Monster]: Max RunDelay: 891; Max RunCount 4134
---[Human]: Max RunDelay: 78; [Socket]: Max RunDelay: 15
---[App]: Min PerSecRun: 37; Max RunDelay 0
-----------------------------------------------------
2019-08-03 17:01:00 GS-1 -----------------------------------------------------
---[Monster]: Max RunDelay: 406; Max RunCount 4117
---[Human]: Max RunDelay: 63; [Socket]: Max RunDelay: 16
---[App]: Min PerSecRun: 64; Max RunDelay 0
-----------------------------------------------------
2019-08-03 17:01:29 GS-1 08-03 17:01:29 User = 0 / 0
2019-08-03 17:06:01 GS-1 -----------------------------------------------------
---[Monster]: Max RunDelay: 485; Max RunCount 4196
---[Human]: Max RunDelay: 63; [Socket]: Max RunDelay: 16
---[App]: Min PerSecRun: 57; Max RunDelay 0
-----------------------------------------------------
2019-08-03 17:11:02 GS-1 -----------------------------------------------------
---[Monster]: Max RunDelay: 484; Max RunCount 4163
---[Human]: Max RunDelay: 157; [Socket]: Max RunDelay: 16
---[App]: Min PerSecRun: 59; Max RunDelay 0
-----------------------------------------------------
2019-08-03 17:11:29 GS-1 08-03 17:11:29 User = 2 / 2
2019-08-03 17:16:03 GS-1 -----------------------------------------------------
---[Monster]: Max RunDelay: 672; Max RunCount 4086
---[Human]: Max RunDelay: 422; [Socket]: Max RunDelay: 16
---[App]: Min PerSecRun: 43; Max RunDelay 0
-----------------------------------------------------
2019-08-03 17:17:05 GS-1 17:17:06 Gate 1 (129.28.198.181) 关闭
2019-08-03 17:17:05 GS-1 [Warning]: 与DB 服务器断开连接....
2019-08-03 17:17:11 GS-1 释放--魔龙冰晶升级对象--结束
2019-08-03 17:17:11 GS-1 释放--天赐宝箱1--结束
2019-08-03 17:17:11 GS-1 释放--天赐宝箱2--结束
2019-08-03 17:17:11 GS-1 释放--一点充--结束
2019-08-03 17:17:11 GS-1 释放--事件管理对象--结束
2019-08-03 17:17:11 GS-1 释放--任务管理对象--结束
2019-08-03 17:17:12 GS-1 释放--升级提醒管理对象--结束
2019-08-03 17:17:12 GS-1 释放--GDMsg管理对象--结束
2019-08-03 17:17:12 GS-1 释放--跨地图寻路管理对象--结束
2019-08-03 17:17:13 GS-1 释放--沙巴克管理对象--结束
2019-08-03 17:17:13 GS-1 释放--中央活动服务器客户端--结束
2019-08-03 17:17:13 GS-1 释放--乾坤包--结束
2019-08-03 17:17:13 GS-1 正在清除模块-卧龙英雄管理-的配置表d:\Mud2.0\Mir200\Share\EngineConfig\卧龙英雄管理\Fortress-HERO1.txt
2019-08-03 17:17:13 GS-1 正在清除模块-卧龙英雄管理-的配置表d:\Mud2.0\Mir200\Share\EngineConfig\卧龙英雄管理\Fortress.txt
2019-08-03 17:17:13 GS-1 正在清除模块-游戏元素点阵管理-的配置表d:\Mud2.0\Mir200\Share\EngineConfig\游戏元素点阵管理\GMActEvent.txt
2019-08-03 17:17:13 GS-1 正在清除模块-信用分管理-的配置表d:\Mud2.0\Mir200\Share\EngineConfig\信用分管理\PlayerActivePoint.xml
2019-08-03 17:17:13 GS-1 正在清除模块-信用分管理-的配置表d:\Mud2.0\Mir200\Share\EngineConfig\信用分管理\MapActivePoint.xml
2019-08-03 17:17:13 GS-1 正在清除模块-摆摊交易-的配置表d:\Mud2.0\Mir200\Share\EngineConfig\摆摊交易\摊位基础设置.ini
2019-08-03 17:17:13 GS-1 正在清除模块-元宝商城管理-的配置表d:\Mud2.0\Mir200\Share\EngineConfig\元宝商城管理\YBGoods.sql
2019-08-03 17:17:13 GS-1 正在清除模块-小助手管理-的配置表d:\Mud2.0\Mir200\Share\EngineConfig\小助手管理\小助手.txt
2019-08-03 17:17:13 GS-1 正在清除模块-静态地图管理-的配置表d:\Mud2.0\Mir200\Share\EngineConfig\静态地图管理\MapDropLimitBagItems.xml
2019-08-03 17:17:23 GS-1 正在清除模块-装备合成管理-的配置表d:\Mud2.0\Mir200\Share\EngineConfig\装备合成管理\StrengthenEquip.xml
2019-08-03 17:17:29 GS-1 正在清除模块-藏宝图管理-的配置表d:\Mud2.0\Mir200\Share\EngineConfig\藏宝图管理\修复藏宝图.txt
2019-08-03 17:17:29 GS-1 正在清除模块-藏宝图管理-的配置表d:\Mud2.0\Mir200\Share\EngineConfig\藏宝图管理\魔龙藏宝图合成装备.txt
2019-08-03 17:17:29 GS-1 正在清除模块-衣服升级管理-的配置表d:\Mud2.0\Mir200\Share\EngineConfig\衣服升级管理\UpdateClothes.xml
2019-08-03 17:17:29 GS-1 正在清除模块-道具管理-的配置表d:\Mud2.0\Mir200\Share\EngineConfig\道具管理\宝石配置.txt
2019-08-03 17:17:29 GS-1 正在清除模块-世界暴率管理-的配置表d:\Mud2.0\Mir200\Share\EngineConfig\世界暴率管理\世界爆率文件1.txt
2019-08-03 17:17:29 GS-1 释放--跨GS消息管理对象--结束
2019-08-03 17:17:29 GS-1 释放--gate管理对象--结束
2019-08-03 17:17:29 GS-1 释放--魔法管理对象--结束
2019-08-03 17:17:29 GS-1 释放--套装管理对象--结束
2019-08-03 17:17:29 GS-1 释放--新暴率管理对象--结束
2019-08-03 17:17:29 GS-1 释放--角色信息初始化管理对象--结束
2019-08-03 17:17:29 GS-1 释放--GS本地日志--结束
2019-08-03 17:17:29 GS-1 释放--DBEngn对象--结束
2019-08-03 17:17:29 GS-1 释放--任务列表--结束
2019-08-03 17:17:29 GS-1 释放--buffer管理类--结束
2019-08-03 17:17:29 GS-1 释放--排行榜--结束
2019-08-03 17:17:29 GS-1 释放--免费回收--结束
2019-08-03 17:17:29 GS-1 释放--mysql对象--结束
2019-08-03 17:17:29 GS-1 ================ 服务停止 ==============
