2019-07-22 06:21:09 GS-1 -----------------------------------------------------
---[Monster]: Max RunDelay: 0; Max RunCount 0
---[Human]: Max RunDelay: 0; [Socket]: Max RunDelay: 0
---[App]: Min PerSecRun: 100; Max RunDelay 0
-----------------------------------------------------
2019-07-22 06:21:09 GS-1 ================ 服务启动 ==============
2019-07-22 06:21:09 GS-1 TPlayerBody Size - 1616
2019-07-22 06:21:09 GS-1 TPlayerDB Size - 61608
2019-07-22 06:21:09 GS-1 ======== 连接MySQL成功 =======
2019-07-22 06:21:09 GS-1 *** ***Gamelog 的下次清理时间为 : 07月29日03时*** ***
2019-07-22 06:21:09 GS-1 ==加载GM指令定义完成==
2019-07-22 06:21:09 GS-1 与 DB 服务器连接成功
2019-07-22 06:21:09 GS-1 [Error]: 火龙珠奖励配置错误！
2019-07-22 06:21:09 GS-1 [Error]: 抽取概率错误:赤金天赐->宝箱1:概率7
2019-07-22 06:21:09 GS-1 [Error]: 抽取概率错误:白银天赐->宝箱1:概率7
2019-07-22 06:21:09 GS-1 [Error]: 抽取概率错误:紫铜天赐->宝箱1:概率7
2019-07-22 06:21:09 GS-1 [Error]: 抽取概率错误:神秘天赐->宝箱1:概率7
2019-07-22 06:21:09 GS-1 [Error]: 抽取概率错误:檀木天赐->宝箱1:概率7
2019-07-22 06:21:09 GS-1 [Error]: 抽取概率错误:宝藏天赐 ->宝箱1:概率7
2019-07-22 06:21:09 GS-1 [Error]: StdItems 不存在的天赐：新年天赐
2019-07-22 06:21:09 GS-1 [Error]: StdItems 不存在的钥匙：新年钥匙
2019-07-22 06:21:09 GS-1 [Error]: StdItems 不存在的钥匙：春节钥匙
2019-07-22 06:21:09 GS-1 [Error]: StdItems 不存在的钥匙：节日钥匙
2019-07-22 06:21:09 GS-1 [Error]: StdItems 不存在的天赐：感恩天赐
2019-07-22 06:21:09 GS-1 [Error]: StdItems 不存在的钥匙：感恩钥匙
2019-07-22 06:21:09 GS-1 系统参数初始化完毕
2019-07-22 06:21:09 GS-1 准备加载NPC，共505个
2019-07-22 06:21:09 GS-1 九层妖塔顶层-0150~9.pas[Error] (20:48): Invalid number of parameters
2019-07-22 06:21:09 GS-1 已加载d:\Mud2.0\Mir200\Share\EngineConfig\系统信息管理\RollMsg.txt！
2019-07-22 06:21:09 GS-1 已加载d:\Mud2.0\Mir200\Share\EngineConfig\系统信息管理\掉落物品提示.txt！
2019-07-22 06:21:09 GS-1 已加载d:\Mud2.0\Mir200\Share\EngineConfig\卧龙英雄管理\Fortress.txt！
2019-07-22 06:21:09 GS-1 已加载d:\Mud2.0\Mir200\Share\EngineConfig\游戏元素点阵管理\GMActEvent.txt！
2019-07-22 06:21:09 GS-1    加载邮件信息成功,加载0个玩家的邮件。
2019-07-22 06:21:09 GS-1    加载邮件信息成功,加载0个玩家的邮件。
2019-07-22 06:21:09 GS-1 已加载d:\Mud2.0\Mir200\Share\EngineConfig\摆摊交易\摊位基础设置.ini！
2019-07-22 06:21:09 GS-1 刷新摊位过期将在2:55执行！
2019-07-22 06:21:09 GS-1   加载Stall成功，共加载摊位0个
2019-07-22 06:21:09 GS-1 [Information]: 寄售表创建成功!
2019-07-22 06:21:09 GS-1 [Information]: 寄售历史表创建成功!
2019-07-22 06:21:09 GS-1 [Information]: 更新超时订单成功!
2019-07-22 06:21:09 GS-1 已加载刷新商城时间：00:00:00.
2019-07-22 06:21:09 GS-1 已加载刷新商城时间：06:00:00.
2019-07-22 06:21:09 GS-1 已加载刷新商城时间：12:00:00.
2019-07-22 06:21:09 GS-1 载入商城物品列表，共5个类别，36种商品
2019-07-22 06:21:09 GS-1 ==> 加载商城物品 装饰类：11/11
2019-07-22 06:21:09 GS-1 ==> 加载商城物品 补给类：3/3
2019-07-22 06:21:09 GS-1 ==> 加载商城物品 强化类：15/15
2019-07-22 06:21:09 GS-1 ==> 加载商城物品 限量类：5/5
2019-07-22 06:21:09 GS-1 ==> 加载商城物品 好友类：2/2
2019-07-22 06:21:09 GS-1 ==> 加载商城物品 类：0/0
2019-07-22 06:21:09 GS-1 ==> 加载商城物品 类：0/0
2019-07-22 06:21:09 GS-1 ==> 加载商城物品 类：0/0
2019-07-22 06:21:09 GS-1    [删除错误数据] 删除用户表中不存在的战队成员
2019-07-22 06:21:09 GS-1    [删除错误数据] 清除战队队长不存在的项
2019-07-22 06:21:09 GS-1    [删除错误数据] 不存在战队的成员
2019-07-22 06:21:09 GS-1    正在加载战队...
2019-07-22 06:21:09 GS-1    战队表数量 : 2
2019-07-22 06:21:09 GS-1    战队表数量 : 0
2019-07-22 06:21:09 GS-1    加载战队数量:2
2019-07-22 06:21:09 GS-1    正在加载战队成员...
2019-07-22 06:21:09 GS-1    战队成员总数:3 加载成员数:3
2019-07-22 06:21:09 GS-1    正在检测战队数据有效性...
2019-07-22 06:21:09 GS-1    战队数据有效性检测完毕
2019-07-22 06:21:09 GS-1    [删除错误数据] 清除会长战队不存在行会
2019-07-22 06:21:09 GS-1    [删除错误数据] 清除行会不存在的行会成员
2019-07-22 06:21:09 GS-1    [删除错误数据] 清除行会不存在的行会关系ID排列错误的项
2019-07-22 06:21:09 GS-1    [删除错误数据] 清除行会不存在行会关系
2019-07-22 06:21:09 GS-1    [删除错误数据] 清除行会不存在关注行会
2019-07-22 06:21:09 GS-1    加载行会数量 : 2
2019-07-22 06:21:09 GS-1    加载行会成员(战队)数量 : 2
2019-07-22 06:21:09 GS-1    加载行会关系数量 : 0
2019-07-22 06:21:09 GS-1    加载关注行会数量 : 0
2019-07-22 06:21:09 GS-1    加载请求数量:1
2019-07-22 06:21:09 GS-1 [Error]: 小助手 不存在！
2019-07-22 06:21:09 GS-1 D411地图配置在MapInfo.txt 中不是LIMITBAGITEMDROP属性
2019-07-22 06:21:09 GS-1 D415地图配置在MapInfo.txt 中不是LIMITBAGITEMDROP属性
2019-07-22 06:21:09 GS-1 D416地图配置在MapInfo.txt 中不是LIMITBAGITEMDROP属性
2019-07-22 06:21:09 GS-1 信用分验证功能：开
2019-07-22 06:21:09 GS-1 GS脚本版本号：10001
2019-07-22 06:21:09 GS-1 更新排行榜，共计：25 页
2019-07-22 06:21:54 GS-1 载入商城热销商品列表，共22个。
2019-07-22 06:21:54 GS-1 ==> 加载商城热销榜:5
2019-07-22 06:21:54 GS-1 Gate 1 开启
2019-07-22 06:21:54 GS-1 [Error]: TFieldHero.FillDBData: 龙纹不存在！
2019-07-22 06:23:33 GS-1 [脚本(武器升级-GA0.pas)缺函数]: ForgeDiaYB
2019-07-22 06:23:33 GS-1 --ReInitializet-- 因为点击NPC失败，重新刷新NPC...
2019-07-22 06:23:40 GS-1 [脚本(武器升级-GA0.pas)缺函数]: ForgeDiaYB
2019-07-22 06:23:40 GS-1 --ReInitializet-- 因为点击NPC失败，重新刷新NPC...
2019-07-22 06:23:45 GS-1 [脚本(武器升级-GA0.pas)缺函数]: ForgeDiaYB
2019-07-22 06:23:45 GS-1 --ReInitializet-- 因为点击NPC失败，重新刷新NPC...
2019-07-22 06:23:54 GS-1 [脚本(武器升级-GA0.pas)缺函数]: ForgeDiaYB
2019-07-22 06:23:54 GS-1 --ReInitializet-- 因为点击NPC失败，重新刷新NPC...
2019-07-22 06:23:59 GS-1 [脚本(武器升级-GA0.pas)缺函数]: ForgeDiaYB
2019-07-22 06:23:59 GS-1 --ReInitializet-- 因为点击NPC失败，重新刷新NPC...
2019-07-22 06:24:05 GS-1 [脚本(武器升级-GA0.pas)缺函数]: ForgeDiaYB
2019-07-22 06:24:05 GS-1 --ReInitializet-- 因为点击NPC失败，重新刷新NPC...
2019-07-22 06:24:11 GS-1 [脚本(武器升级-GA0.pas)缺函数]: ForgeDiaYB
2019-07-22 06:24:11 GS-1 --ReInitializet-- 因为点击NPC失败，重新刷新NPC...
2019-07-22 06:24:17 GS-1 [脚本(武器升级-GA0.pas)缺函数]: ForgeDiaYB
2019-07-22 06:24:17 GS-1 --ReInitializet-- 因为点击NPC失败，重新刷新NPC...
2019-07-22 06:24:22 GS-1 [脚本(武器升级-GA0.pas)缺函数]: ForgeDiaYB
2019-07-22 06:24:22 GS-1 --ReInitializet-- 因为点击NPC失败，重新刷新NPC...
2019-07-22 06:24:29 GS-1 [脚本(武器升级-GA0.pas)缺函数]: ForgeDiaYB
2019-07-22 06:24:29 GS-1 --ReInitializet-- 因为点击NPC失败，重新刷新NPC...
2019-07-22 06:24:35 GS-1 [脚本(武器升级-GA0.pas)缺函数]: ForgeDiaYB
2019-07-22 06:24:35 GS-1 --ReInitializet-- 因为点击NPC失败，重新刷新NPC...
2019-07-22 06:24:40 GS-1 [脚本(武器升级-GA0.pas)缺函数]: ForgeDiaYB
2019-07-22 06:24:40 GS-1 --ReInitializet-- 因为点击NPC失败，重新刷新NPC...
2019-07-22 06:25:44 GS-1 [脚本(云游的鉴宝师-GA0.pas)缺函数]: ForgeDiaYB
2019-07-22 06:25:44 GS-1 --ReInitializet-- 因为点击NPC失败，重新刷新NPC...
2019-07-22 06:25:50 GS-1 [脚本(云游的鉴宝师-GA0.pas)缺函数]: ForgeDiaYB
2019-07-22 06:25:50 GS-1 --ReInitializet-- 因为点击NPC失败，重新刷新NPC...
2019-07-22 06:25:55 GS-1 [脚本(云游的鉴宝师-GA0.pas)缺函数]: ForgeDiaYB
2019-07-22 06:25:55 GS-1 --ReInitializet-- 因为点击NPC失败，重新刷新NPC...
2019-07-22 06:26:00 GS-1 [脚本(云游的鉴宝师-GA0.pas)缺函数]: ForgeDiaYB
2019-07-22 06:26:00 GS-1 --ReInitializet-- 因为点击NPC失败，重新刷新NPC...
2019-07-22 06:26:06 GS-1 [脚本(云游的鉴宝师-GA0.pas)缺函数]: ForgeDiaYB
2019-07-22 06:26:06 GS-1 --ReInitializet-- 因为点击NPC失败，重新刷新NPC...
2019-07-22 06:26:10 GS-1 -----------------------------------------------------
---[Monster]: Max RunDelay: 453; Max RunCount 3180
---[Human]: Max RunDelay: 188; [Socket]: Max RunDelay: 16
---[App]: Min PerSecRun: 61; Max RunDelay 0
-----------------------------------------------------
2019-07-22 06:26:11 GS-1 [脚本(云游的鉴宝师-GA0.pas)缺函数]: ForgeDiaYB
2019-07-22 06:26:11 GS-1 --ReInitializet-- 因为点击NPC失败，重新刷新NPC...
2019-07-22 06:26:17 GS-1 [脚本(云游的鉴宝师-GA0.pas)缺函数]: ForgeDiaYB
2019-07-22 06:26:17 GS-1 --ReInitializet-- 因为点击NPC失败，重新刷新NPC...
2019-07-22 06:26:23 GS-1 [脚本(云游的鉴宝师-GA0.pas)缺函数]: ForgeDiaYB
2019-07-22 06:26:23 GS-1 --ReInitializet-- 因为点击NPC失败，重新刷新NPC...
2019-07-22 06:26:29 GS-1 [脚本(云游的鉴宝师-GA0.pas)缺函数]: ForgeDiaYB
2019-07-22 06:26:29 GS-1 --ReInitializet-- 因为点击NPC失败，重新刷新NPC...
2019-07-22 06:26:35 GS-1 [脚本(云游的鉴宝师-GA0.pas)缺函数]: ForgeDiaYB
2019-07-22 06:26:35 GS-1 --ReInitializet-- 因为点击NPC失败，重新刷新NPC...
2019-07-22 06:26:40 GS-1 [脚本(云游的鉴宝师-GA0.pas)缺函数]: ForgeDiaYB
2019-07-22 06:26:40 GS-1 --ReInitializet-- 因为点击NPC失败，重新刷新NPC...
2019-07-22 06:27:45 GS-1 开始大刷NPC
2019-07-22 06:31:09 GS-1 -----------------------------------------------------
---[Monster]: Max RunDelay: 937; Max RunCount 3161
---[Human]: Max RunDelay: 344; [Socket]: Max RunDelay: 219
---[App]: Min PerSecRun: 14; Max RunDelay 0
-----------------------------------------------------
2019-07-22 06:31:53 GS-1 07-22 06:31:53 User = 2 / 2
2019-07-22 06:35:18 GS-1 开始大刷NPC
2019-07-22 06:35:18 GS-1 九层妖塔三层-0150~3.pas[Error] (33:7): Identifier expected
2019-07-22 06:35:21 GS-1 九层妖塔三层-0150~3.pas[Error] (33:7): Identifier expected
2019-07-22 06:35:21 GS-1 --ReInitializet-- 因为点击NPC失败，重新刷新NPC...
2019-07-22 06:35:22 GS-1 九层妖塔三层-0150~3.pas[Error] (33:7): Identifier expected
2019-07-22 06:35:22 GS-1 --ReInitializet-- 因为点击NPC失败，重新刷新NPC...
2019-07-22 06:35:23 GS-1 九层妖塔三层-0150~3.pas[Error] (33:7): Identifier expected
2019-07-22 06:35:23 GS-1 --ReInitializet-- 因为点击NPC失败，重新刷新NPC...
2019-07-22 06:35:23 GS-1 九层妖塔三层-0150~3.pas[Error] (33:7): Identifier expected
2019-07-22 06:35:23 GS-1 --ReInitializet-- 因为点击NPC失败，重新刷新NPC...
2019-07-22 06:35:24 GS-1 九层妖塔三层-0150~3.pas[Error] (33:7): Identifier expected
2019-07-22 06:35:24 GS-1 --ReInitializet-- 因为点击NPC失败，重新刷新NPC...
2019-07-22 06:35:25 GS-1 九层妖塔三层-0150~3.pas[Error] (33:7): Identifier expected
2019-07-22 06:35:25 GS-1 --ReInitializet-- 因为点击NPC失败，重新刷新NPC...
2019-07-22 06:35:25 GS-1 九层妖塔三层-0150~3.pas[Error] (33:7): Identifier expected
2019-07-22 06:35:25 GS-1 --ReInitializet-- 因为点击NPC失败，重新刷新NPC...
2019-07-22 06:35:25 GS-1 九层妖塔三层-0150~3.pas[Error] (33:7): Identifier expected
2019-07-22 06:35:25 GS-1 --ReInitializet-- 因为点击NPC失败，重新刷新NPC...
2019-07-22 06:35:25 GS-1 九层妖塔三层-0150~3.pas[Error] (33:7): Identifier expected
2019-07-22 06:35:25 GS-1 --ReInitializet-- 因为点击NPC失败，重新刷新NPC...
2019-07-22 06:35:42 GS-1 开始大刷NPC
2019-07-22 06:36:10 GS-1 -----------------------------------------------------
---[Monster]: Max RunDelay: 578; Max RunCount 3182
---[Human]: Max RunDelay: 46; [Socket]: Max RunDelay: 94
---[App]: Min PerSecRun: 46; Max RunDelay 0
-----------------------------------------------------
2019-07-22 06:39:43 GS-1 开始大刷NPC
2019-07-22 06:41:11 GS-1 -----------------------------------------------------
---[Monster]: Max RunDelay: 297; Max RunCount 3201
---[Human]: Max RunDelay: 31; [Socket]: Max RunDelay: 15
---[App]: Min PerSecRun: 70; Max RunDelay 0
-----------------------------------------------------
2019-07-22 06:41:53 GS-1 07-22 06:41:53 User = 2 / 2
2019-07-22 06:46:12 GS-1 -----------------------------------------------------
---[Monster]: Max RunDelay: 859; Max RunCount 3171
---[Human]: Max RunDelay: 156; [Socket]: Max RunDelay: 16
---[App]: Min PerSecRun: 13; Max RunDelay 0
-----------------------------------------------------
2019-07-22 06:51:13 GS-1 -----------------------------------------------------
---[Monster]: Max RunDelay: 1109; Max RunCount 3211
---[Human]: Max RunDelay: 438; [Socket]: Max RunDelay: 16
---[App]: Min PerSecRun: 33; Max RunDelay 0
-----------------------------------------------------
2019-07-22 06:51:54 GS-1 07-22 06:51:54 User = 2 / 2
2019-07-22 06:56:14 GS-1 -----------------------------------------------------
---[Monster]: Max RunDelay: 641; Max RunCount 3211
---[Human]: Max RunDelay: 437; [Socket]: Max RunDelay: 16
---[App]: Min PerSecRun: 45; Max RunDelay 0
-----------------------------------------------------
2019-07-22 06:58:26 GS-1 开始大刷NPC
2019-07-22 07:01:15 GS-1 -----------------------------------------------------
---[Monster]: Max RunDelay: 297; Max RunCount 3212
---[Human]: Max RunDelay: 47; [Socket]: Max RunDelay: 16
---[App]: Min PerSecRun: 72; Max RunDelay 0
-----------------------------------------------------
2019-07-22 07:01:53 GS-1 07-22 07:01:53 User = 2 / 2
2019-07-22 07:03:35 GS-1 开始大刷NPC
2019-07-22 07:04:47 GS-1 开始大刷NPC
2019-07-22 07:05:22 GS-1 开始大刷NPC
2019-07-22 07:06:16 GS-1 -----------------------------------------------------
---[Monster]: Max RunDelay: 312; Max RunCount 3214
---[Human]: Max RunDelay: 31; [Socket]: Max RunDelay: 16
---[App]: Min PerSecRun: 72; Max RunDelay 0
-----------------------------------------------------
2019-07-22 07:11:17 GS-1 -----------------------------------------------------
---[Monster]: Max RunDelay: 312; Max RunCount 3218
---[Human]: Max RunDelay: 32; [Socket]: Max RunDelay: 15
---[App]: Min PerSecRun: 70; Max RunDelay 0
-----------------------------------------------------
2019-07-22 07:11:54 GS-1 07-22 07:11:54 User = 2 / 2
2019-07-22 07:13:51 GS-1 开始大刷NPC
2019-07-22 07:16:18 GS-1 -----------------------------------------------------
---[Monster]: Max RunDelay: 297; Max RunCount 3222
---[Human]: Max RunDelay: 47; [Socket]: Max RunDelay: 16
---[App]: Min PerSecRun: 68; Max RunDelay 0
-----------------------------------------------------
2019-07-22 07:17:10 GS-1 开始大刷NPC
2019-07-22 07:19:36 GS-1 开始大刷NPC
2019-07-22 07:20:07 GS-1 开始大刷NPC
2019-07-22 07:21:19 GS-1 -----------------------------------------------------
---[Monster]: Max RunDelay: 344; Max RunCount 3228
---[Human]: Max RunDelay: 94; [Socket]: Max RunDelay: 47
---[App]: Min PerSecRun: 61; Max RunDelay 15
-----------------------------------------------------
2019-07-22 07:21:55 GS-1 载入商城热销商品列表，共22个。
2019-07-22 07:21:55 GS-1 ==> 加载商城热销榜:5
2019-07-22 07:21:55 GS-1 07-22 07:21:55 User = 2 / 2
2019-07-22 07:22:03 GS-1 开始大刷NPC
2019-07-22 07:22:03 GS-1 九层妖塔三层-0150~3.pas[Error] (37:7): Identifier expected
2019-07-22 07:22:04 GS-1 九层妖塔三层-0150~3.pas[Error] (37:7): Identifier expected
2019-07-22 07:22:04 GS-1 --ReInitializet-- 因为点击NPC失败，重新刷新NPC...
2019-07-22 07:22:06 GS-1 九层妖塔三层-0150~3.pas[Error] (37:7): Identifier expected
2019-07-22 07:22:06 GS-1 --ReInitializet-- 因为点击NPC失败，重新刷新NPC...
2019-07-22 07:22:06 GS-1 九层妖塔三层-0150~3.pas[Error] (37:7): Identifier expected
2019-07-22 07:22:06 GS-1 --ReInitializet-- 因为点击NPC失败，重新刷新NPC...
2019-07-22 07:22:06 GS-1 九层妖塔三层-0150~3.pas[Error] (37:7): Identifier expected
2019-07-22 07:22:06 GS-1 --ReInitializet-- 因为点击NPC失败，重新刷新NPC...
2019-07-22 07:22:40 GS-1 --ReInitializet-- 因为点击NPC失败，重新刷新NPC...
2019-07-22 07:23:08 GS-1 开始大刷NPC
2019-07-22 07:23:58 GS-1 开始大刷NPC
2019-07-22 07:24:20 GS-1 开始大刷NPC
2019-07-22 07:25:02 GS-1 开始大刷NPC
2019-07-22 07:26:20 GS-1 -----------------------------------------------------
---[Monster]: Max RunDelay: 500; Max RunCount 3219
---[Human]: Max RunDelay: 109; [Socket]: Max RunDelay: 46
---[App]: Min PerSecRun: 70; Max RunDelay 16
-----------------------------------------------------
2019-07-22 07:27:51 GS-1 开始大刷NPC
2019-07-22 07:28:45 GS-1 开始大刷NPC
2019-07-22 07:31:21 GS-1 -----------------------------------------------------
---[Monster]: Max RunDelay: 296; Max RunCount 3228
---[Human]: Max RunDelay: 47; [Socket]: Max RunDelay: 16
---[App]: Min PerSecRun: 73; Max RunDelay 0
-----------------------------------------------------
2019-07-22 07:31:55 GS-1 07-22 07:31:55 User = 2 / 2
2019-07-22 07:36:22 GS-1 -----------------------------------------------------
---[Monster]: Max RunDelay: 312; Max RunCount 3224
---[Human]: Max RunDelay: 32; [Socket]: Max RunDelay: 16
---[App]: Min PerSecRun: 72; Max RunDelay 0
-----------------------------------------------------
2019-07-22 07:41:23 GS-1 -----------------------------------------------------
---[Monster]: Max RunDelay: 312; Max RunCount 3218
---[Human]: Max RunDelay: 78; [Socket]: Max RunDelay: 16
---[App]: Min PerSecRun: 70; Max RunDelay 0
-----------------------------------------------------
2019-07-22 07:41:55 GS-1 07-22 07:41:55 User = 2 / 2
2019-07-22 07:45:23 GS-1 开始大刷NPC
2019-07-22 07:46:24 GS-1 -----------------------------------------------------
---[Monster]: Max RunDelay: 453; Max RunCount 3256
---[Human]: Max RunDelay: 250; [Socket]: Max RunDelay: 47
---[App]: Min PerSecRun: 36; Max RunDelay 0
-----------------------------------------------------
2019-07-22 07:50:01 GS-1 开始大刷NPC
2019-07-22 07:51:25 GS-1 -----------------------------------------------------
---[Monster]: Max RunDelay: 422; Max RunCount 3218
---[Human]: Max RunDelay: 203; [Socket]: Max RunDelay: 47
---[App]: Min PerSecRun: 50; Max RunDelay 0
-----------------------------------------------------
2019-07-22 07:51:55 GS-1 07-22 07:51:55 User = 2 / 2
2019-07-22 07:51:58 GS-1 开始大刷NPC
2019-07-22 07:54:08 GS-1 开始大刷NPC
2019-07-22 07:55:49 GS-1 开始大刷NPC
2019-07-22 07:56:26 GS-1 -----------------------------------------------------
---[Monster]: Max RunDelay: 375; Max RunCount 3247
---[Human]: Max RunDelay: 79; [Socket]: Max RunDelay: 47
---[App]: Min PerSecRun: 66; Max RunDelay 0
-----------------------------------------------------
2019-07-22 07:59:14 GS-1 开始大刷NPC
2019-07-22 08:01:27 GS-1 -----------------------------------------------------
---[Monster]: Max RunDelay: 297; Max RunCount 3245
---[Human]: Max RunDelay: 94; [Socket]: Max RunDelay: 63
---[App]: Min PerSecRun: 73; Max RunDelay 0
-----------------------------------------------------
2019-07-22 08:01:56 GS-1 07-22 08:01:56 User = 2 / 2
2019-07-22 08:02:17 GS-1 开始大刷NPC
2019-07-22 08:06:29 GS-1 -----------------------------------------------------
---[Monster]: Max RunDelay: 360; Max RunCount 3252
---[Human]: Max RunDelay: 79; [Socket]: Max RunDelay: 47
---[App]: Min PerSecRun: 66; Max RunDelay 0
-----------------------------------------------------
2019-07-22 08:08:43 GS-1 开始大刷NPC
2019-07-22 08:11:29 GS-1 -----------------------------------------------------
---[Monster]: Max RunDelay: 1657; Max RunCount 3202
---[Human]: Max RunDelay: 656; [Socket]: Max RunDelay: 281
---[App]: Min PerSecRun: 5; Max RunDelay 0
-----------------------------------------------------
2019-07-22 08:11:57 GS-1 07-22 08:11:57 User = 2 / 2
2019-07-22 08:16:30 GS-1 -----------------------------------------------------
---[Monster]: Max RunDelay: 703; Max RunCount 3201
---[Human]: Max RunDelay: 437; [Socket]: Max RunDelay: 63
---[App]: Min PerSecRun: 44; Max RunDelay 47
-----------------------------------------------------
2019-07-22 08:18:43 GS-1 开始大刷NPC
2019-07-22 08:21:31 GS-1 -----------------------------------------------------
---[Monster]: Max RunDelay: 797; Max RunCount 3213
---[Human]: Max RunDelay: 422; [Socket]: Max RunDelay: 78
---[App]: Min PerSecRun: 45; Max RunDelay 47
-----------------------------------------------------
2019-07-22 08:21:55 GS-1 载入商城热销商品列表，共22个。
2019-07-22 08:21:55 GS-1 ==> 加载商城热销榜:5
2019-07-22 08:21:57 GS-1 07-22 08:21:57 User = 2 / 2
2019-07-22 08:23:28 GS-1 开始大刷NPC
2019-07-22 08:26:32 GS-1 -----------------------------------------------------
---[Monster]: Max RunDelay: 750; Max RunCount 3171
---[Human]: Max RunDelay: 437; [Socket]: Max RunDelay: 110
---[App]: Min PerSecRun: 42; Max RunDelay 16
-----------------------------------------------------
2019-07-22 08:31:33 GS-1 -----------------------------------------------------
---[Monster]: Max RunDelay: 1109; Max RunCount 3181
---[Human]: Max RunDelay: 687; [Socket]: Max RunDelay: 140
---[App]: Min PerSecRun: 29; Max RunDelay 0
-----------------------------------------------------
2019-07-22 08:31:58 GS-1 07-22 08:31:58 User = 3 / 3
2019-07-22 08:36:34 GS-1 -----------------------------------------------------
---[Monster]: Max RunDelay: 281; Max RunCount 3180
---[Human]: Max RunDelay: 63; [Socket]: Max RunDelay: 16
---[App]: Min PerSecRun: 72; Max RunDelay 0
-----------------------------------------------------
2019-07-22 08:41:35 GS-1 -----------------------------------------------------
---[Monster]: Max RunDelay: 266; Max RunCount 3179
---[Human]: Max RunDelay: 32; [Socket]: Max RunDelay: 15
---[App]: Min PerSecRun: 74; Max RunDelay 0
-----------------------------------------------------
2019-07-22 08:41:57 GS-1 07-22 08:41:57 User = 2 / 2
2019-07-22 08:46:36 GS-1 -----------------------------------------------------
---[Monster]: Max RunDelay: 1282; Max RunCount 3194
---[Human]: Max RunDelay: 1047; [Socket]: Max RunDelay: 47
---[App]: Min PerSecRun: 6; Max RunDelay 0
-----------------------------------------------------
2019-07-22 08:51:37 GS-1 -----------------------------------------------------
---[Monster]: Max RunDelay: 282; Max RunCount 3180
---[Human]: Max RunDelay: 31; [Socket]: Max RunDelay: 15
---[App]: Min PerSecRun: 73; Max RunDelay 0
-----------------------------------------------------
2019-07-22 08:51:57 GS-1 07-22 08:51:57 User = 1 / 1
2019-07-22 08:56:38 GS-1 -----------------------------------------------------
---[Monster]: Max RunDelay: 281; Max RunCount 3180
---[Human]: Max RunDelay: 31; [Socket]: Max RunDelay: 16
---[App]: Min PerSecRun: 71; Max RunDelay 0
-----------------------------------------------------
2019-07-22 09:01:39 GS-1 -----------------------------------------------------
---[Monster]: Max RunDelay: 328; Max RunCount 3182
---[Human]: Max RunDelay: 16; [Socket]: Max RunDelay: 16
---[App]: Min PerSecRun: 70; Max RunDelay 0
-----------------------------------------------------
2019-07-22 09:01:57 GS-1 07-22 09:01:57 User = 1 / 1
2019-07-22 09:06:40 GS-1 -----------------------------------------------------
---[Monster]: Max RunDelay: 390; Max RunCount 3131
---[Human]: Max RunDelay: 62; [Socket]: Max RunDelay: 47
---[App]: Min PerSecRun: 63; Max RunDelay 0
-----------------------------------------------------
2019-07-22 09:11:41 GS-1 -----------------------------------------------------
---[Monster]: Max RunDelay: 297; Max RunCount 3181
---[Human]: Max RunDelay: 46; [Socket]: Max RunDelay: 16
---[App]: Min PerSecRun: 68; Max RunDelay 0
-----------------------------------------------------
2019-07-22 09:11:57 GS-1 07-22 09:11:57 User = 2 / 2
2019-07-22 09:16:42 GS-1 -----------------------------------------------------
---[Monster]: Max RunDelay: 329; Max RunCount 3181
---[Human]: Max RunDelay: 93; [Socket]: Max RunDelay: 16
---[App]: Min PerSecRun: 61; Max RunDelay 0
-----------------------------------------------------
2019-07-22 09:21:43 GS-1 -----------------------------------------------------
---[Monster]: Max RunDelay: 328; Max RunCount 3183
---[Human]: Max RunDelay: 31; [Socket]: Max RunDelay: 16
---[App]: Min PerSecRun: 71; Max RunDelay 0
-----------------------------------------------------
2019-07-22 09:21:55 GS-1 载入商城热销商品列表，共22个。
2019-07-22 09:21:55 GS-1 ==> 加载商城热销榜:5
2019-07-22 09:21:57 GS-1 07-22 09:21:57 User = 2 / 2
2019-07-22 09:26:44 GS-1 -----------------------------------------------------
---[Monster]: Max RunDelay: 688; Max RunCount 3183
---[Human]: Max RunDelay: 266; [Socket]: Max RunDelay: 46
---[App]: Min PerSecRun: 39; Max RunDelay 0
-----------------------------------------------------
2019-07-22 09:31:46 GS-1 -----------------------------------------------------
---[Monster]: Max RunDelay: 313; Max RunCount 3183
---[Human]: Max RunDelay: 94; [Socket]: Max RunDelay: 47
---[App]: Min PerSecRun: 70; Max RunDelay 0
-----------------------------------------------------
2019-07-22 09:31:58 GS-1 07-22 09:31:58 User = 2 / 2
2019-07-22 09:36:46 GS-1 -----------------------------------------------------
---[Monster]: Max RunDelay: 485; Max RunCount 3183
---[Human]: Max RunDelay: 157; [Socket]: Max RunDelay: 47
---[App]: Min PerSecRun: 58; Max RunDelay 0
-----------------------------------------------------
2019-07-22 09:41:47 GS-1 -----------------------------------------------------
---[Monster]: Max RunDelay: 484; Max RunCount 3185
---[Human]: Max RunDelay: 250; [Socket]: Max RunDelay: 47
---[App]: Min PerSecRun: 57; Max RunDelay 0
-----------------------------------------------------
2019-07-22 09:41:58 GS-1 07-22 09:41:58 User = 3 / 3
2019-07-22 09:46:47 GS-1 -----------------------------------------------------
---[Monster]: Max RunDelay: 4110; Max RunCount 3186
---[Human]: Max RunDelay: 157; [Socket]: Max RunDelay: 156
---[App]: Min PerSecRun: 37; Max RunDelay 0
-----------------------------------------------------
2019-07-22 09:51:48 GS-1 -----------------------------------------------------
---[Monster]: Max RunDelay: 610; Max RunCount 3183
---[Human]: Max RunDelay: 250; [Socket]: Max RunDelay: 187
---[App]: Min PerSecRun: 39; Max RunDelay 0
-----------------------------------------------------
2019-07-22 09:51:58 GS-1 07-22 09:51:58 User = 3 / 3
2019-07-22 09:55:05 GS-1 09:55:05 Gate 1 (129.28.198.181) 关闭
2019-07-22 09:55:05 GS-1 [Warning]: 与DB 服务器断开连接....
2019-07-22 09:55:10 GS-1 释放--魔龙冰晶升级对象--结束
2019-07-22 09:55:10 GS-1 释放--天赐宝箱1--结束
2019-07-22 09:55:10 GS-1 释放--天赐宝箱2--结束
2019-07-22 09:55:10 GS-1 释放--一点充--结束
2019-07-22 09:55:10 GS-1 释放--事件管理对象--结束
2019-07-22 09:55:10 GS-1 释放--任务管理对象--结束
2019-07-22 09:55:11 GS-1 释放--升级提醒管理对象--结束
2019-07-22 09:55:11 GS-1 释放--GDMsg管理对象--结束
2019-07-22 09:55:11 GS-1 释放--跨地图寻路管理对象--结束
2019-07-22 09:55:12 GS-1 释放--沙巴克管理对象--结束
2019-07-22 09:55:12 GS-1 释放--中央活动服务器客户端--结束
2019-07-22 09:55:12 GS-1 释放--乾坤包--结束
2019-07-22 09:55:12 GS-1 正在清除模块-卧龙英雄管理-的配置表d:\Mud2.0\Mir200\Share\EngineConfig\卧龙英雄管理\Fortress-HERO1.txt
2019-07-22 09:55:12 GS-1 正在清除模块-卧龙英雄管理-的配置表d:\Mud2.0\Mir200\Share\EngineConfig\卧龙英雄管理\Fortress.txt
2019-07-22 09:55:12 GS-1 正在清除模块-游戏元素点阵管理-的配置表d:\Mud2.0\Mir200\Share\EngineConfig\游戏元素点阵管理\GMActEvent.txt
2019-07-22 09:55:12 GS-1 正在清除模块-信用分管理-的配置表d:\Mud2.0\Mir200\Share\EngineConfig\信用分管理\PlayerActivePoint.xml
2019-07-22 09:55:12 GS-1 正在清除模块-信用分管理-的配置表d:\Mud2.0\Mir200\Share\EngineConfig\信用分管理\MapActivePoint.xml
2019-07-22 09:55:12 GS-1 正在清除模块-摆摊交易-的配置表d:\Mud2.0\Mir200\Share\EngineConfig\摆摊交易\摊位基础设置.ini
2019-07-22 09:55:12 GS-1 正在清除模块-元宝商城管理-的配置表d:\Mud2.0\Mir200\Share\EngineConfig\元宝商城管理\YBGoods.sql
2019-07-22 09:55:12 GS-1 正在清除模块-小助手管理-的配置表d:\Mud2.0\Mir200\Share\EngineConfig\小助手管理\小助手.txt
2019-07-22 09:55:12 GS-1 正在清除模块-静态地图管理-的配置表d:\Mud2.0\Mir200\Share\EngineConfig\静态地图管理\MapDropLimitBagItems.xml
2019-07-22 09:55:23 GS-1 正在清除模块-装备合成管理-的配置表d:\Mud2.0\Mir200\Share\EngineConfig\装备合成管理\StrengthenEquip.xml
2019-07-22 09:55:28 GS-1 正在清除模块-藏宝图管理-的配置表d:\Mud2.0\Mir200\Share\EngineConfig\藏宝图管理\修复藏宝图.txt
2019-07-22 09:55:28 GS-1 正在清除模块-藏宝图管理-的配置表d:\Mud2.0\Mir200\Share\EngineConfig\藏宝图管理\魔龙藏宝图合成装备.txt
2019-07-22 09:55:28 GS-1 正在清除模块-衣服升级管理-的配置表d:\Mud2.0\Mir200\Share\EngineConfig\衣服升级管理\UpdateClothes.xml
2019-07-22 09:55:28 GS-1 正在清除模块-道具管理-的配置表d:\Mud2.0\Mir200\Share\EngineConfig\道具管理\宝石配置.txt
2019-07-22 09:55:28 GS-1 正在清除模块-世界暴率管理-的配置表d:\Mud2.0\Mir200\Share\EngineConfig\世界暴率管理\世界爆率文件1.txt
2019-07-22 09:55:28 GS-1 释放--跨GS消息管理对象--结束
2019-07-22 09:55:28 GS-1 释放--gate管理对象--结束
2019-07-22 09:55:28 GS-1 释放--魔法管理对象--结束
2019-07-22 09:55:28 GS-1 释放--套装管理对象--结束
2019-07-22 09:55:28 GS-1 释放--新暴率管理对象--结束
2019-07-22 09:55:28 GS-1 释放--角色信息初始化管理对象--结束
2019-07-22 09:55:28 GS-1 释放--GS本地日志--结束
2019-07-22 09:55:29 GS-1 释放--DBEngn对象--结束
2019-07-22 09:55:29 GS-1 释放--任务列表--结束
2019-07-22 09:55:29 GS-1 释放--buffer管理类--结束
2019-07-22 09:55:29 GS-1 释放--排行榜--结束
2019-07-22 09:55:29 GS-1 释放--免费回收--结束
2019-07-22 09:55:29 GS-1 释放--mysql对象--结束
2019-07-22 09:55:29 GS-1 ================ 服务停止 ==============
