2019-07-11 09:02:10 GS-1 -----------------------------------------------------
---[Monster]: Max RunDelay: 0; Max RunCount 0
---[Human]: Max RunDelay: 0; [Socket]: Max RunDelay: 0
---[App]: Min PerSecRun: 100; Max RunDelay 0
-----------------------------------------------------
2019-07-11 09:02:10 GS-1 ================ 服务启动 ==============
2019-07-11 09:02:10 GS-1 TPlayerBody Size - 1616
2019-07-11 09:02:10 GS-1 TPlayerDB Size - 61608
2019-07-11 09:02:10 GS-1 ======== 连接MySQL成功 =======
2019-07-11 09:02:10 GS-1 *** ***Gamelog 的下次清理时间为 : 07月18日03时*** ***
2019-07-11 09:02:10 GS-1 ==加载GM指令定义完成==
2019-07-11 09:02:10 GS-1 与 DB 服务器连接成功
2019-07-11 09:02:10 GS-1 [Error]: 抽取概率错误:赤金天赐->宝箱1:概率7
2019-07-11 09:02:10 GS-1 [Error]: 抽取概率错误:白银天赐->宝箱1:概率7
2019-07-11 09:02:10 GS-1 [Error]: 抽取概率错误:紫铜天赐->宝箱1:概率7
2019-07-11 09:02:10 GS-1 [Error]: 抽取概率错误:神秘天赐->宝箱1:概率7
2019-07-11 09:02:10 GS-1 [Error]: 抽取概率错误:檀木天赐->宝箱1:概率7
2019-07-11 09:02:10 GS-1 [Error]: 抽取概率错误:宝藏天赐 ->宝箱1:概率7
2019-07-11 09:02:10 GS-1 [Error]: StdItems 不存在的天赐：新年天赐
2019-07-11 09:02:10 GS-1 [Error]: StdItems 不存在的钥匙：新年钥匙
2019-07-11 09:02:10 GS-1 [Error]: StdItems 不存在的钥匙：春节钥匙
2019-07-11 09:02:10 GS-1 [Error]: StdItems 不存在的钥匙：节日钥匙
2019-07-11 09:02:10 GS-1 [Error]: StdItems 不存在的天赐：感恩天赐
2019-07-11 09:02:10 GS-1 [Error]: StdItems 不存在的钥匙：感恩钥匙
2019-07-11 09:02:10 GS-1 系统参数初始化完毕
2019-07-11 09:02:10 GS-1 准备加载NPC，共491个
2019-07-11 09:02:10 GS-1 已加载d:\Mud2.0\Mir200\Share\EngineConfig\系统信息管理\RollMsg.txt！
2019-07-11 09:02:10 GS-1 已加载d:\Mud2.0\Mir200\Share\EngineConfig\系统信息管理\掉落物品提示.txt！
2019-07-11 09:02:10 GS-1 已加载d:\Mud2.0\Mir200\Share\EngineConfig\卧龙英雄管理\Fortress.txt！
2019-07-11 09:02:10 GS-1 已加载d:\Mud2.0\Mir200\Share\EngineConfig\游戏元素点阵管理\GMActEvent.txt！
2019-07-11 09:02:10 GS-1    加载邮件信息成功,加载0个玩家的邮件。
2019-07-11 09:02:10 GS-1    加载邮件信息成功,加载0个玩家的邮件。
2019-07-11 09:02:10 GS-1 已加载d:\Mud2.0\Mir200\Share\EngineConfig\摆摊交易\摊位基础设置.ini！
2019-07-11 09:02:10 GS-1 刷新摊位过期将在2:55执行！
2019-07-11 09:02:10 GS-1   加载Stall成功，共加载摊位0个
2019-07-11 09:02:10 GS-1 [Information]: 寄售表创建成功!
2019-07-11 09:02:10 GS-1 [Information]: 寄售历史表创建成功!
2019-07-11 09:02:10 GS-1 [Information]: 更新超时订单成功!
2019-07-11 09:02:10 GS-1 已加载刷新商城时间：00:00:00.
2019-07-11 09:02:10 GS-1 已加载刷新商城时间：06:00:00.
2019-07-11 09:02:10 GS-1 已加载刷新商城时间：12:00:00.
2019-07-11 09:02:10 GS-1 载入商城物品列表，共5个类别，29种商品
2019-07-11 09:02:10 GS-1 ==> 加载商城物品 装饰类：11/11
2019-07-11 09:02:10 GS-1 ==> 加载商城物品 补给类：1/1
2019-07-11 09:02:10 GS-1 ==> 加载商城物品 强化类：12/12
2019-07-11 09:02:10 GS-1 ==> 加载商城物品 限量类：3/3
2019-07-11 09:02:10 GS-1 ==> 加载商城物品 好友类：2/2
2019-07-11 09:02:10 GS-1 ==> 加载商城物品 类：0/0
2019-07-11 09:02:10 GS-1 ==> 加载商城物品 类：0/0
2019-07-11 09:02:10 GS-1 ==> 加载商城物品 类：0/0
2019-07-11 09:02:10 GS-1    [删除错误数据] 删除用户表中不存在的战队成员
2019-07-11 09:02:10 GS-1    [删除错误数据] 清除战队队长不存在的项
2019-07-11 09:02:10 GS-1    [删除错误数据] 不存在战队的成员
2019-07-11 09:02:10 GS-1    正在加载战队...
2019-07-11 09:02:10 GS-1    战队表数量 : 2
2019-07-11 09:02:10 GS-1    战队表数量 : 0
2019-07-11 09:02:10 GS-1    加载战队数量:2
2019-07-11 09:02:10 GS-1    正在加载战队成员...
2019-07-11 09:02:10 GS-1    战队成员总数:2 加载成员数:2
2019-07-11 09:02:10 GS-1    正在检测战队数据有效性...
2019-07-11 09:02:10 GS-1    战队数据有效性检测完毕
2019-07-11 09:02:10 GS-1    [删除错误数据] 清除会长战队不存在行会
2019-07-11 09:02:10 GS-1    [删除错误数据] 清除行会不存在的行会成员
2019-07-11 09:02:10 GS-1    [删除错误数据] 清除行会不存在的行会关系ID排列错误的项
2019-07-11 09:02:10 GS-1    [删除错误数据] 清除行会不存在行会关系
2019-07-11 09:02:10 GS-1    [删除错误数据] 清除行会不存在关注行会
2019-07-11 09:02:10 GS-1    加载行会数量 : 2
2019-07-11 09:02:10 GS-1    加载行会成员(战队)数量 : 2
2019-07-11 09:02:10 GS-1    加载行会关系数量 : 0
2019-07-11 09:02:10 GS-1    加载关注行会数量 : 0
2019-07-11 09:02:10 GS-1    加载请求数量:1
2019-07-11 09:02:10 GS-1 [Error]: 小助手 不存在！
2019-07-11 09:02:10 GS-1 D411地图配置在MapInfo.txt 中不是LIMITBAGITEMDROP属性
2019-07-11 09:02:10 GS-1 D415地图配置在MapInfo.txt 中不是LIMITBAGITEMDROP属性
2019-07-11 09:02:10 GS-1 D416地图配置在MapInfo.txt 中不是LIMITBAGITEMDROP属性
2019-07-11 09:02:10 GS-1 信用分验证功能：关
2019-07-11 09:02:10 GS-1 GS脚本版本号：10001
2019-07-11 09:02:10 GS-1 更新排行榜，共计：30 页
2019-07-11 09:02:44 GS-1 载入商城热销商品列表，共16个。
2019-07-11 09:02:44 GS-1 ==> 加载商城热销榜:5
2019-07-11 09:02:44 GS-1 [Error]: TFieldHero.FillDBData: 龙纹不存在！
2019-07-11 09:02:51 GS-1 Gate 1 开启
2019-07-11 09:07:10 GS-1 -----------------------------------------------------
---[Monster]: Max RunDelay: 500; Max RunCount 3161
---[Human]: Max RunDelay: 141; [Socket]: Max RunDelay: 16
---[App]: Min PerSecRun: 63; Max RunDelay 0
-----------------------------------------------------
2019-07-11 09:12:11 GS-1 -----------------------------------------------------
---[Monster]: Max RunDelay: 282; Max RunCount 3161
---[Human]: Max RunDelay: 32; [Socket]: Max RunDelay: 16
---[App]: Min PerSecRun: 71; Max RunDelay 0
-----------------------------------------------------
2019-07-11 09:12:43 GS-1 07-11 09:12:43 User = 0 / 0
2019-07-11 09:17:12 GS-1 -----------------------------------------------------
---[Monster]: Max RunDelay: 281; Max RunCount 3162
---[Human]: Max RunDelay: 31; [Socket]: Max RunDelay: 16
---[App]: Min PerSecRun: 72; Max RunDelay 0
-----------------------------------------------------
2019-07-11 09:22:13 GS-1 -----------------------------------------------------
---[Monster]: Max RunDelay: 281; Max RunCount 3165
---[Human]: Max RunDelay: 31; [Socket]: Max RunDelay: 16
---[App]: Min PerSecRun: 74; Max RunDelay 0
-----------------------------------------------------
2019-07-11 09:22:43 GS-1 07-11 09:22:43 User = 0 / 0
2019-07-11 09:27:14 GS-1 -----------------------------------------------------
---[Monster]: Max RunDelay: 469; Max RunCount 3164
---[Human]: Max RunDelay: 31; [Socket]: Max RunDelay: 16
---[App]: Min PerSecRun: 55; Max RunDelay 0
-----------------------------------------------------
2019-07-11 09:32:15 GS-1 -----------------------------------------------------
---[Monster]: Max RunDelay: 282; Max RunCount 3155
---[Human]: Max RunDelay: 31; [Socket]: Max RunDelay: 16
---[App]: Min PerSecRun: 72; Max RunDelay 0
-----------------------------------------------------
2019-07-11 09:32:43 GS-1 07-11 09:32:43 User = 0 / 0
2019-07-11 09:37:16 GS-1 -----------------------------------------------------
---[Monster]: Max RunDelay: 312; Max RunCount 3164
---[Human]: Max RunDelay: 16; [Socket]: Max RunDelay: 16
---[App]: Min PerSecRun: 70; Max RunDelay 0
-----------------------------------------------------
2019-07-11 09:42:17 GS-1 -----------------------------------------------------
---[Monster]: Max RunDelay: 281; Max RunCount 3137
---[Human]: Max RunDelay: 31; [Socket]: Max RunDelay: 16
---[App]: Min PerSecRun: 73; Max RunDelay 0
-----------------------------------------------------
2019-07-11 09:42:43 GS-1 07-11 09:42:43 User = 0 / 0
2019-07-11 09:47:19 GS-1 -----------------------------------------------------
---[Monster]: Max RunDelay: 1140; Max RunCount 3155
---[Human]: Max RunDelay: 797; [Socket]: Max RunDelay: 32
---[App]: Min PerSecRun: 39; Max RunDelay 0
-----------------------------------------------------
2019-07-11 09:52:20 GS-1 -----------------------------------------------------
---[Monster]: Max RunDelay: 281; Max RunCount 3155
---[Human]: Max RunDelay: 16; [Socket]: Max RunDelay: 16
---[App]: Min PerSecRun: 72; Max RunDelay 0
-----------------------------------------------------
2019-07-11 09:52:43 GS-1 07-11 09:52:43 User = 0 / 0
2019-07-11 09:57:21 GS-1 -----------------------------------------------------
---[Monster]: Max RunDelay: 406; Max RunCount 3121
---[Human]: Max RunDelay: 32; [Socket]: Max RunDelay: 16
---[App]: Min PerSecRun: 62; Max RunDelay 0
-----------------------------------------------------
2019-07-11 10:02:22 GS-1 -----------------------------------------------------
---[Monster]: Max RunDelay: 266; Max RunCount 3137
---[Human]: Max RunDelay: 16; [Socket]: Max RunDelay: 16
---[App]: Min PerSecRun: 74; Max RunDelay 0
-----------------------------------------------------
2019-07-11 10:02:43 GS-1 07-11 10:02:43 User = 0 / 0
2019-07-11 10:02:45 GS-1 载入商城热销商品列表，共16个。
2019-07-11 10:02:45 GS-1 ==> 加载商城热销榜:5
2019-07-11 10:07:23 GS-1 -----------------------------------------------------
---[Monster]: Max RunDelay: 281; Max RunCount 3137
---[Human]: Max RunDelay: 16; [Socket]: Max RunDelay: 16
---[App]: Min PerSecRun: 70; Max RunDelay 0
-----------------------------------------------------
2019-07-11 10:12:24 GS-1 -----------------------------------------------------
---[Monster]: Max RunDelay: 281; Max RunCount 3137
---[Human]: Max RunDelay: 16; [Socket]: Max RunDelay: 16
---[App]: Min PerSecRun: 74; Max RunDelay 0
-----------------------------------------------------
2019-07-11 10:12:43 GS-1 07-11 10:12:43 User = 0 / 0
2019-07-11 10:17:25 GS-1 -----------------------------------------------------
---[Monster]: Max RunDelay: 312; Max RunCount 3137
---[Human]: Max RunDelay: 31; [Socket]: Max RunDelay: 16
---[App]: Min PerSecRun: 74; Max RunDelay 0
-----------------------------------------------------
2019-07-11 10:22:26 GS-1 -----------------------------------------------------
---[Monster]: Max RunDelay: 313; Max RunCount 3137
---[Human]: Max RunDelay: 15; [Socket]: Max RunDelay: 15
---[App]: Min PerSecRun: 69; Max RunDelay 0
-----------------------------------------------------
2019-07-11 10:22:43 GS-1 07-11 10:22:43 User = 0 / 0
2019-07-11 10:27:27 GS-1 -----------------------------------------------------
---[Monster]: Max RunDelay: 438; Max RunCount 3118
---[Human]: Max RunDelay: 15; [Socket]: Max RunDelay: 15
---[App]: Min PerSecRun: 60; Max RunDelay 0
-----------------------------------------------------
2019-07-11 10:32:28 GS-1 -----------------------------------------------------
---[Monster]: Max RunDelay: 266; Max RunCount 3137
---[Human]: Max RunDelay: 15; [Socket]: Max RunDelay: 15
---[App]: Min PerSecRun: 75; Max RunDelay 0
-----------------------------------------------------
2019-07-11 10:32:43 GS-1 07-11 10:32:43 User = 0 / 0
2019-07-11 10:37:29 GS-1 -----------------------------------------------------
---[Monster]: Max RunDelay: 297; Max RunCount 3137
---[Human]: Max RunDelay: 15; [Socket]: Max RunDelay: 16
---[App]: Min PerSecRun: 73; Max RunDelay 0
-----------------------------------------------------
2019-07-11 10:42:30 GS-1 -----------------------------------------------------
---[Monster]: Max RunDelay: 266; Max RunCount 3130
---[Human]: Max RunDelay: 15; [Socket]: Max RunDelay: 16
---[App]: Min PerSecRun: 74; Max RunDelay 0
-----------------------------------------------------
2019-07-11 10:42:43 GS-1 07-11 10:42:43 User = 0 / 0
2019-07-11 10:47:31 GS-1 -----------------------------------------------------
---[Monster]: Max RunDelay: 297; Max RunCount 3117
---[Human]: Max RunDelay: 15; [Socket]: Max RunDelay: 16
---[App]: Min PerSecRun: 73; Max RunDelay 0
-----------------------------------------------------
2019-07-11 10:52:32 GS-1 -----------------------------------------------------
---[Monster]: Max RunDelay: 266; Max RunCount 3117
---[Human]: Max RunDelay: 15; [Socket]: Max RunDelay: 16
---[App]: Min PerSecRun: 73; Max RunDelay 0
-----------------------------------------------------
2019-07-11 10:52:43 GS-1 07-11 10:52:43 User = 0 / 0
2019-07-11 10:57:33 GS-1 -----------------------------------------------------
---[Monster]: Max RunDelay: 453; Max RunCount 3103
---[Human]: Max RunDelay: 15; [Socket]: Max RunDelay: 16
---[App]: Min PerSecRun: 60; Max RunDelay 0
-----------------------------------------------------
2019-07-11 11:02:34 GS-1 -----------------------------------------------------
---[Monster]: Max RunDelay: 281; Max RunCount 3137
---[Human]: Max RunDelay: 31; [Socket]: Max RunDelay: 16
---[App]: Min PerSecRun: 73; Max RunDelay 0
-----------------------------------------------------
2019-07-11 11:02:43 GS-1 07-11 11:02:43 User = 0 / 0
2019-07-11 11:02:45 GS-1 载入商城热销商品列表，共16个。
2019-07-11 11:02:45 GS-1 ==> 加载商城热销榜:5
2019-07-11 11:07:35 GS-1 -----------------------------------------------------
---[Monster]: Max RunDelay: 297; Max RunCount 3110
---[Human]: Max RunDelay: 16; [Socket]: Max RunDelay: 16
---[App]: Min PerSecRun: 72; Max RunDelay 0
-----------------------------------------------------
2019-07-11 11:12:36 GS-1 -----------------------------------------------------
---[Monster]: Max RunDelay: 282; Max RunCount 3096
---[Human]: Max RunDelay: 16; [Socket]: Max RunDelay: 16
---[App]: Min PerSecRun: 75; Max RunDelay 0
-----------------------------------------------------
2019-07-11 11:12:43 GS-1 07-11 11:12:43 User = 0 / 0
2019-07-11 11:17:37 GS-1 -----------------------------------------------------
---[Monster]: Max RunDelay: 266; Max RunCount 3130
---[Human]: Max RunDelay: 32; [Socket]: Max RunDelay: 15
---[App]: Min PerSecRun: 73; Max RunDelay 0
-----------------------------------------------------
2019-07-11 11:22:38 GS-1 -----------------------------------------------------
---[Monster]: Max RunDelay: 313; Max RunCount 3130
---[Human]: Max RunDelay: 78; [Socket]: Max RunDelay: 15
---[App]: Min PerSecRun: 73; Max RunDelay 0
-----------------------------------------------------
2019-07-11 11:22:43 GS-1 07-11 11:22:43 User = 0 / 0
2019-07-11 11:27:39 GS-1 -----------------------------------------------------
---[Monster]: Max RunDelay: 406; Max RunCount 3137
---[Human]: Max RunDelay: 47; [Socket]: Max RunDelay: 15
---[App]: Min PerSecRun: 61; Max RunDelay 0
-----------------------------------------------------
2019-07-11 11:32:40 GS-1 -----------------------------------------------------
---[Monster]: Max RunDelay: 266; Max RunCount 3137
---[Human]: Max RunDelay: 32; [Socket]: Max RunDelay: 15
---[App]: Min PerSecRun: 72; Max RunDelay 0
-----------------------------------------------------
2019-07-11 11:32:44 GS-1 07-11 11:32:44 User = 0 / 0
2019-07-11 11:37:41 GS-1 -----------------------------------------------------
---[Monster]: Max RunDelay: 282; Max RunCount 3137
---[Human]: Max RunDelay: 47; [Socket]: Max RunDelay: 31
---[App]: Min PerSecRun: 72; Max RunDelay 0
-----------------------------------------------------
2019-07-11 11:42:42 GS-1 -----------------------------------------------------
---[Monster]: Max RunDelay: 297; Max RunCount 3137
---[Human]: Max RunDelay: 32; [Socket]: Max RunDelay: 15
---[App]: Min PerSecRun: 74; Max RunDelay 0
-----------------------------------------------------
2019-07-11 11:42:44 GS-1 07-11 11:42:44 User = 0 / 0
2019-07-11 11:47:41 GS-1 -----------------------------------------------------
---[Monster]: Max RunDelay: 3750; Max RunCount 3137
---[Human]: Max RunDelay: 3453; [Socket]: Max RunDelay: 359
---[App]: Min PerSecRun: 31; Max RunDelay 0
-----------------------------------------------------
2019-07-11 11:52:42 GS-1 -----------------------------------------------------
---[Monster]: Max RunDelay: 1515; Max RunCount 3114
---[Human]: Max RunDelay: 1454; [Socket]: Max RunDelay: 547
---[App]: Min PerSecRun: 9; Max RunDelay 0
-----------------------------------------------------
2019-07-11 11:52:44 GS-1 07-11 11:52:44 User = 0 / 0
2019-07-11 11:57:43 GS-1 -----------------------------------------------------
---[Monster]: Max RunDelay: 297; Max RunCount 3137
---[Human]: Max RunDelay: 125; [Socket]: Max RunDelay: 109
---[App]: Min PerSecRun: 63; Max RunDelay 0
-----------------------------------------------------
2019-07-11 12:00:00 GS-1 载入商城物品列表，共5个类别，29种商品
2019-07-11 12:00:00 GS-1 ==> 加载商城物品 装饰类：11/11
2019-07-11 12:00:00 GS-1 ==> 加载商城物品 补给类：1/1
2019-07-11 12:00:00 GS-1 ==> 加载商城物品 强化类：12/12
2019-07-11 12:00:00 GS-1 ==> 加载商城物品 限量类：3/3
2019-07-11 12:00:00 GS-1 ==> 加载商城物品 好友类：2/2
2019-07-11 12:00:00 GS-1 ==> 加载商城物品 类：0/0
2019-07-11 12:00:00 GS-1 ==> 加载商城物品 类：0/0
2019-07-11 12:00:00 GS-1 ==> 加载商城物品 类：0/0
2019-07-11 12:02:44 GS-1 07-11 12:02:44 User = 0 / 0
2019-07-11 12:02:44 GS-1 -----------------------------------------------------
---[Monster]: Max RunDelay: 297; Max RunCount 3137
---[Human]: Max RunDelay: 125; [Socket]: Max RunDelay: 16
---[App]: Min PerSecRun: 69; Max RunDelay 0
-----------------------------------------------------
2019-07-11 12:02:45 GS-1 载入商城热销商品列表，共16个。
2019-07-11 12:02:45 GS-1 ==> 加载商城热销榜:5
2019-07-11 12:07:45 GS-1 -----------------------------------------------------
---[Monster]: Max RunDelay: 1265; Max RunCount 3136
---[Human]: Max RunDelay: 937; [Socket]: Max RunDelay: 63
---[App]: Min PerSecRun: 58; Max RunDelay 0
-----------------------------------------------------
2019-07-11 12:12:45 GS-1 07-11 12:12:45 User = 0 / 0
2019-07-11 12:12:46 GS-1 -----------------------------------------------------
---[Monster]: Max RunDelay: 312; Max RunCount 3114
---[Human]: Max RunDelay: 32; [Socket]: Max RunDelay: 0
---[App]: Min PerSecRun: 72; Max RunDelay 0
-----------------------------------------------------
2019-07-11 12:17:47 GS-1 -----------------------------------------------------
---[Monster]: Max RunDelay: 1594; Max RunCount 3114
---[Human]: Max RunDelay: 1422; [Socket]: Max RunDelay: 15
---[App]: Min PerSecRun: 64; Max RunDelay 0
-----------------------------------------------------
2019-07-11 12:22:44 GS-1 07-11 12:22:44 User = 0 / 0
2019-07-11 12:22:48 GS-1 -----------------------------------------------------
---[Monster]: Max RunDelay: 297; Max RunCount 3114
---[Human]: Max RunDelay: 16; [Socket]: Max RunDelay: 16
---[App]: Min PerSecRun: 72; Max RunDelay 0
-----------------------------------------------------
2019-07-11 12:27:49 GS-1 -----------------------------------------------------
---[Monster]: Max RunDelay: 469; Max RunCount 3110
---[Human]: Max RunDelay: 31; [Socket]: Max RunDelay: 16
---[App]: Min PerSecRun: 60; Max RunDelay 0
-----------------------------------------------------
2019-07-11 12:32:45 GS-1 07-11 12:32:45 User = 0 / 0
2019-07-11 12:32:50 GS-1 -----------------------------------------------------
---[Monster]: Max RunDelay: 281; Max RunCount 3110
---[Human]: Max RunDelay: 32; [Socket]: Max RunDelay: 16
---[App]: Min PerSecRun: 74; Max RunDelay 0
-----------------------------------------------------
2019-07-11 12:37:51 GS-1 -----------------------------------------------------
---[Monster]: Max RunDelay: 313; Max RunCount 3110
---[Human]: Max RunDelay: 31; [Socket]: Max RunDelay: 15
---[App]: Min PerSecRun: 71; Max RunDelay 0
-----------------------------------------------------
2019-07-11 12:42:44 GS-1 07-11 12:42:44 User = 0 / 0
2019-07-11 12:42:52 GS-1 -----------------------------------------------------
---[Monster]: Max RunDelay: 687; Max RunCount 3137
---[Human]: Max RunDelay: 547; [Socket]: Max RunDelay: 16
---[App]: Min PerSecRun: 40; Max RunDelay 0
-----------------------------------------------------
2019-07-11 12:47:53 GS-1 -----------------------------------------------------
---[Monster]: Max RunDelay: 1906; Max RunCount 3114
---[Human]: Max RunDelay: 1734; [Socket]: Max RunDelay: 94
---[App]: Min PerSecRun: 8; Max RunDelay 0
-----------------------------------------------------
2019-07-11 12:52:46 GS-1 07-11 12:52:46 User = 0 / 0
2019-07-11 12:52:55 GS-1 -----------------------------------------------------
---[Monster]: Max RunDelay: 1719; Max RunCount 3137
---[Human]: Max RunDelay: 1641; [Socket]: Max RunDelay: 1359
---[App]: Min PerSecRun: 1; Max RunDelay 0
-----------------------------------------------------
2019-07-11 12:57:56 GS-1 -----------------------------------------------------
---[Monster]: Max RunDelay: 1297; Max RunCount 3137
---[Human]: Max RunDelay: 641; [Socket]: Max RunDelay: 375
---[App]: Min PerSecRun: 22; Max RunDelay 0
-----------------------------------------------------
2019-07-11 13:02:45 GS-1 07-11 13:02:45 User = 0 / 0
2019-07-11 13:02:46 GS-1 载入商城热销商品列表，共16个。
2019-07-11 13:02:46 GS-1 ==> 加载商城热销榜:5
2019-07-11 13:02:56 GS-1 -----------------------------------------------------
---[Monster]: Max RunDelay: 3703; Max RunCount 3114
---[Human]: Max RunDelay: 3156; [Socket]: Max RunDelay: 78
---[App]: Min PerSecRun: 23; Max RunDelay 0
-----------------------------------------------------
2019-07-11 13:07:57 GS-1 -----------------------------------------------------
---[Monster]: Max RunDelay: 344; Max RunCount 3137
---[Human]: Max RunDelay: 47; [Socket]: Max RunDelay: 15
---[App]: Min PerSecRun: 70; Max RunDelay 0
-----------------------------------------------------
2019-07-11 13:12:45 GS-1 07-11 13:12:45 User = 0 / 0
2019-07-11 13:12:58 GS-1 -----------------------------------------------------
---[Monster]: Max RunDelay: 297; Max RunCount 3137
---[Human]: Max RunDelay: 32; [Socket]: Max RunDelay: 16
---[App]: Min PerSecRun: 72; Max RunDelay 0
-----------------------------------------------------
2019-07-11 13:18:00 GS-1 -----------------------------------------------------
---[Monster]: Max RunDelay: 1266; Max RunCount 3137
---[Human]: Max RunDelay: 1204; [Socket]: Max RunDelay: 47
---[App]: Min PerSecRun: 29; Max RunDelay 0
-----------------------------------------------------
2019-07-11 13:22:45 GS-1 07-11 13:22:45 User = 0 / 0
2019-07-11 13:23:00 GS-1 -----------------------------------------------------
---[Monster]: Max RunDelay: 860; Max RunCount 3114
---[Human]: Max RunDelay: 422; [Socket]: Max RunDelay: 78
---[App]: Min PerSecRun: 43; Max RunDelay 0
-----------------------------------------------------
2019-07-11 13:28:01 GS-1 -----------------------------------------------------
---[Monster]: Max RunDelay: 766; Max RunCount 3137
---[Human]: Max RunDelay: 516; [Socket]: Max RunDelay: 94
---[App]: Min PerSecRun: 45; Max RunDelay 0
-----------------------------------------------------
2019-07-11 13:32:47 GS-1 07-11 13:32:47 User = 0 / 0
2019-07-11 13:33:02 GS-1 -----------------------------------------------------
---[Monster]: Max RunDelay: 281; Max RunCount 3137
---[Human]: Max RunDelay: 32; [Socket]: Max RunDelay: 16
---[App]: Min PerSecRun: 73; Max RunDelay 0
-----------------------------------------------------
2019-07-11 13:38:03 GS-1 -----------------------------------------------------
---[Monster]: Max RunDelay: 515; Max RunCount 3114
---[Human]: Max RunDelay: 297; [Socket]: Max RunDelay: 16
---[App]: Min PerSecRun: 50; Max RunDelay 0
-----------------------------------------------------
2019-07-11 13:42:47 GS-1 07-11 13:42:47 User = 0 / 0
2019-07-11 13:43:05 GS-1 -----------------------------------------------------
---[Monster]: Max RunDelay: 1437; Max RunCount 3133
---[Human]: Max RunDelay: 734; [Socket]: Max RunDelay: 188
---[App]: Min PerSecRun: 2; Max RunDelay 0
-----------------------------------------------------
2019-07-11 13:48:05 GS-1 -----------------------------------------------------
---[Monster]: Max RunDelay: 2969; Max RunCount 3137
---[Human]: Max RunDelay: 2656; [Socket]: Max RunDelay: 109
---[App]: Min PerSecRun: 9; Max RunDelay 0
-----------------------------------------------------
2019-07-11 13:52:48 GS-1 07-11 13:52:48 User = 0 / 0
2019-07-11 13:53:05 GS-1 -----------------------------------------------------
---[Monster]: Max RunDelay: 625; Max RunCount 3113
---[Human]: Max RunDelay: 234; [Socket]: Max RunDelay: 156
---[App]: Min PerSecRun: 32; Max RunDelay 0
-----------------------------------------------------
2019-07-11 13:58:07 GS-1 -----------------------------------------------------
---[Monster]: Max RunDelay: 1000; Max RunCount 3137
---[Human]: Max RunDelay: 515; [Socket]: Max RunDelay: 204
---[App]: Min PerSecRun: 19; Max RunDelay 0
-----------------------------------------------------
2019-07-11 14:02:47 GS-1 载入商城热销商品列表，共16个。
2019-07-11 14:02:47 GS-1 ==> 加载商城热销榜:5
2019-07-11 14:02:49 GS-1 07-11 14:02:49 User = 0 / 0
2019-07-11 14:03:08 GS-1 -----------------------------------------------------
---[Monster]: Max RunDelay: 1406; Max RunCount 3137
---[Human]: Max RunDelay: 844; [Socket]: Max RunDelay: 750
---[App]: Min PerSecRun: 15; Max RunDelay 0
-----------------------------------------------------
2019-07-11 14:08:09 GS-1 -----------------------------------------------------
---[Monster]: Max RunDelay: 547; Max RunCount 3137
---[Human]: Max RunDelay: 63; [Socket]: Max RunDelay: 16
---[App]: Min PerSecRun: 62; Max RunDelay 0
-----------------------------------------------------
2019-07-11 14:12:49 GS-1 07-11 14:12:49 User = 0 / 0
2019-07-11 14:13:09 GS-1 -----------------------------------------------------
---[Monster]: Max RunDelay: 593; Max RunCount 3137
---[Human]: Max RunDelay: 31; [Socket]: Max RunDelay: 31
---[App]: Min PerSecRun: 51; Max RunDelay 0
-----------------------------------------------------
2019-07-11 14:18:10 GS-1 -----------------------------------------------------
---[Monster]: Max RunDelay: 750; Max RunCount 3137
---[Human]: Max RunDelay: 375; [Socket]: Max RunDelay: 203
---[App]: Min PerSecRun: 31; Max RunDelay 0
-----------------------------------------------------
2019-07-11 14:22:49 GS-1 07-11 14:22:49 User = 1 / 1
2019-07-11 14:23:11 GS-1 -----------------------------------------------------
---[Monster]: Max RunDelay: 921; Max RunCount 3137
---[Human]: Max RunDelay: 469; [Socket]: Max RunDelay: 281
---[App]: Min PerSecRun: 18; Max RunDelay 0
-----------------------------------------------------
2019-07-11 14:27:20 GS-1 14:27:20 Gate 1 (129.28.198.181) 关闭
2019-07-11 14:27:20 GS-1 [Warning]: 与DB 服务器断开连接....
2019-07-11 14:27:25 GS-1 释放--魔龙冰晶升级对象--结束
2019-07-11 14:27:25 GS-1 释放--天赐宝箱1--结束
2019-07-11 14:27:25 GS-1 释放--天赐宝箱2--结束
2019-07-11 14:27:25 GS-1 释放--一点充--结束
2019-07-11 14:27:25 GS-1 释放--事件管理对象--结束
2019-07-11 14:27:25 GS-1 释放--任务管理对象--结束
2019-07-11 14:27:27 GS-1 释放--升级提醒管理对象--结束
2019-07-11 14:27:27 GS-1 释放--GDMsg管理对象--结束
2019-07-11 14:27:27 GS-1 释放--跨地图寻路管理对象--结束
2019-07-11 14:27:27 GS-1 释放--沙巴克管理对象--结束
2019-07-11 14:27:27 GS-1 释放--中央活动服务器客户端--结束
2019-07-11 14:27:27 GS-1 释放--乾坤包--结束
2019-07-11 14:27:27 GS-1 正在清除模块-卧龙英雄管理-的配置表d:\Mud2.0\Mir200\Share\EngineConfig\卧龙英雄管理\Fortress-HERO1.txt
2019-07-11 14:27:27 GS-1 正在清除模块-卧龙英雄管理-的配置表d:\Mud2.0\Mir200\Share\EngineConfig\卧龙英雄管理\Fortress.txt
2019-07-11 14:27:27 GS-1 正在清除模块-游戏元素点阵管理-的配置表d:\Mud2.0\Mir200\Share\EngineConfig\游戏元素点阵管理\GMActEvent.txt
2019-07-11 14:27:27 GS-1 正在清除模块-信用分管理-的配置表d:\Mud2.0\Mir200\Share\EngineConfig\信用分管理\PlayerActivePoint.xml
2019-07-11 14:27:27 GS-1 正在清除模块-信用分管理-的配置表d:\Mud2.0\Mir200\Share\EngineConfig\信用分管理\MapActivePoint.xml
2019-07-11 14:27:27 GS-1 正在清除模块-摆摊交易-的配置表d:\Mud2.0\Mir200\Share\EngineConfig\摆摊交易\摊位基础设置.ini
2019-07-11 14:27:27 GS-1 正在清除模块-元宝商城管理-的配置表d:\Mud2.0\Mir200\Share\EngineConfig\元宝商城管理\YBGoods.sql
2019-07-11 14:27:27 GS-1 正在清除模块-小助手管理-的配置表d:\Mud2.0\Mir200\Share\EngineConfig\小助手管理\小助手.txt
2019-07-11 14:27:27 GS-1 正在清除模块-静态地图管理-的配置表d:\Mud2.0\Mir200\Share\EngineConfig\静态地图管理\MapDropLimitBagItems.xml
2019-07-11 14:27:42 GS-1 正在清除模块-装备合成管理-的配置表d:\Mud2.0\Mir200\Share\EngineConfig\装备合成管理\StrengthenEquip.xml
2019-07-11 14:27:49 GS-1 正在清除模块-藏宝图管理-的配置表d:\Mud2.0\Mir200\Share\EngineConfig\藏宝图管理\修复藏宝图.txt
2019-07-11 14:27:49 GS-1 正在清除模块-藏宝图管理-的配置表d:\Mud2.0\Mir200\Share\EngineConfig\藏宝图管理\魔龙藏宝图合成装备.txt
2019-07-11 14:27:49 GS-1 正在清除模块-衣服升级管理-的配置表d:\Mud2.0\Mir200\Share\EngineConfig\衣服升级管理\UpdateClothes.xml
2019-07-11 14:27:49 GS-1 正在清除模块-道具管理-的配置表d:\Mud2.0\Mir200\Share\EngineConfig\道具管理\宝石配置.txt
2019-07-11 14:27:49 GS-1 正在清除模块-世界暴率管理-的配置表d:\Mud2.0\Mir200\Share\EngineConfig\世界暴率管理\世界爆率文件1.txt
2019-07-11 14:27:49 GS-1 释放--跨GS消息管理对象--结束
2019-07-11 14:27:49 GS-1 释放--gate管理对象--结束
2019-07-11 14:27:49 GS-1 释放--魔法管理对象--结束
2019-07-11 14:27:49 GS-1 释放--套装管理对象--结束
2019-07-11 14:27:49 GS-1 释放--新暴率管理对象--结束
2019-07-11 14:27:49 GS-1 释放--角色信息初始化管理对象--结束
2019-07-11 14:27:49 GS-1 释放--GS本地日志--结束
2019-07-11 14:27:49 GS-1 释放--DBEngn对象--结束
2019-07-11 14:27:49 GS-1 释放--任务列表--结束
2019-07-11 14:27:49 GS-1 释放--buffer管理类--结束
2019-07-11 14:27:49 GS-1 释放--排行榜--结束
2019-07-11 14:27:49 GS-1 释放--免费回收--结束
2019-07-11 14:27:49 GS-1 释放--mysql对象--结束
2019-07-11 14:27:49 GS-1 ================ 服务停止 ==============
