2019-09-14 23:43:37 GS-1 -----------------------------------------------------
---[Monster]: Max RunDelay: 0; Max RunCount 0
---[Human]: Max RunDelay: 0; [Socket]: Max RunDelay: 0
---[App]: Min PerSecRun: 100; Max RunDelay 0
-----------------------------------------------------
2019-09-14 23:43:37 GS-1 ================ 服务启动 ==============
2019-09-14 23:43:37 GS-1 TPlayerBody Size - 1616
2019-09-14 23:43:37 GS-1 TPlayerDB Size - 61608
2019-09-14 23:43:37 GS-1 ======== 连接MySQL成功 =======
2019-09-14 23:43:37 GS-1 *** ***Gamelog 的下次清理时间为 : 09月21日03时*** ***
2019-09-14 23:43:37 GS-1 ==加载GM指令定义完成==
2019-09-14 23:43:37 GS-1 与 DB 服务器连接成功
2019-09-14 23:43:37 GS-1 [Error]: 加载 热血勇士奖励:配置1 出错
2019-09-14 23:43:37 GS-1 [Error]: 加载 热血勇士奖励:配置2 出错
2019-09-14 23:43:37 GS-1 [Error]: 加载 热血勇士奖励:配置3 出错
2019-09-14 23:43:37 GS-1 [Error]: 加载 热血勇士奖励:配置4 出错
2019-09-14 23:43:37 GS-1 [Error]: 加载 热血勇士奖励:配置5 出错
2019-09-14 23:43:37 GS-1 [Error]: 加载 热血勇士奖励:配置6 出错
2019-09-14 23:43:37 GS-1 [Error]: 加载 热血勇士奖励:配置7 出错
2019-09-14 23:43:37 GS-1 [Error]: 加载 热血勇士奖励:配置8 出错
2019-09-14 23:43:37 GS-1 [Error]: 加载 热血勇士奖励:配置9 出错
2019-09-14 23:43:37 GS-1 [Error]: 加载 热血勇士奖励:配置10 出错
2019-09-14 23:43:37 GS-1 [Error]: 火龙珠奖励配置错误！
2019-09-14 23:43:37 GS-1 [Error]: 火龙珠奖励配置错误！
2019-09-14 23:43:37 GS-1 [Error]: 火龙珠奖励配置错误！
2019-09-14 23:43:37 GS-1 [Error]: 抽取概率错误:赤金天赐->宝箱1:概率7
2019-09-14 23:43:37 GS-1 [Error]: 抽取概率错误:白银天赐->宝箱1:概率7
2019-09-14 23:43:37 GS-1 [Error]: 抽取概率错误:紫铜天赐->宝箱1:概率7
2019-09-14 23:43:37 GS-1 [Error]: 抽取概率错误:神秘天赐->宝箱1:概率7
2019-09-14 23:43:37 GS-1 [Error]: 抽取概率错误:檀木天赐->宝箱1:概率7
2019-09-14 23:43:37 GS-1 [Error]: 抽取概率错误:宝藏天赐 ->宝箱1:概率7
2019-09-14 23:43:37 GS-1 [Error]: StdItems 不存在的天赐：新年天赐
2019-09-14 23:43:37 GS-1 [Error]: StdItems 不存在的钥匙：新年钥匙
2019-09-14 23:43:37 GS-1 [Error]: StdItems 不存在的钥匙：春节钥匙
2019-09-14 23:43:37 GS-1 [Error]: StdItems 不存在的钥匙：节日钥匙
2019-09-14 23:43:37 GS-1 [Error]: StdItems 不存在的天赐：感恩天赐
2019-09-14 23:43:37 GS-1 [Error]: StdItems 不存在的钥匙：感恩钥匙
2019-09-14 23:43:37 GS-1 系统参数初始化完毕
2019-09-14 23:43:37 GS-1 准备加载NPC，共520个
2019-09-14 23:43:37 GS-1 已加载d:\Mud2.0\Mir200\Share\EngineConfig\系统信息管理\RollMsg.txt！
2019-09-14 23:43:37 GS-1 已加载d:\Mud2.0\Mir200\Share\EngineConfig\系统信息管理\掉落物品提示.txt！
2019-09-14 23:43:37 GS-1 已加载d:\Mud2.0\Mir200\Share\EngineConfig\卧龙英雄管理\Fortress.txt！
2019-09-14 23:43:37 GS-1 已加载d:\Mud2.0\Mir200\Share\EngineConfig\游戏元素点阵管理\GMActEvent.txt！
2019-09-14 23:43:37 GS-1    加载邮件信息成功,加载0个玩家的邮件。
2019-09-14 23:43:37 GS-1    加载邮件信息成功,加载0个玩家的邮件。
2019-09-14 23:43:37 GS-1 已加载d:\Mud2.0\Mir200\Share\EngineConfig\摆摊交易\摊位基础设置.ini！
2019-09-14 23:43:37 GS-1 刷新摊位过期将在2:55执行！
2019-09-14 23:43:37 GS-1   加载Stall成功，共加载摊位0个
2019-09-14 23:43:37 GS-1 [Information]: 寄售表创建成功!
2019-09-14 23:43:37 GS-1 [Information]: 寄售历史表创建成功!
2019-09-14 23:43:37 GS-1 [Information]: 更新超时订单成功!
2019-09-14 23:43:37 GS-1 已加载刷新商城时间：00:00:00.
2019-09-14 23:43:37 GS-1 已加载刷新商城时间：06:00:00.
2019-09-14 23:43:37 GS-1 已加载刷新商城时间：12:00:00.
2019-09-14 23:43:37 GS-1 载入商城物品列表，共5个类别，40种商品
2019-09-14 23:43:37 GS-1 ==> 加载商城物品 装饰类：11/11
2019-09-14 23:43:37 GS-1 ==> 加载商城物品 补给类：5/5
2019-09-14 23:43:37 GS-1 ==> 加载商城物品 强化类：14/14
2019-09-14 23:43:37 GS-1 ==> 加载商城物品 限量类：8/8
2019-09-14 23:43:37 GS-1 ==> 加载商城物品 好友类：2/2
2019-09-14 23:43:37 GS-1 ==> 加载商城物品 类：0/0
2019-09-14 23:43:37 GS-1 ==> 加载商城物品 类：0/0
2019-09-14 23:43:37 GS-1 ==> 加载商城物品 类：0/0
2019-09-14 23:43:37 GS-1    [删除错误数据] 删除用户表中不存在的战队成员
2019-09-14 23:43:37 GS-1    [删除错误数据] 清除战队队长不存在的项
2019-09-14 23:43:37 GS-1    [删除错误数据] 不存在战队的成员
2019-09-14 23:43:37 GS-1    正在加载战队...
2019-09-14 23:43:37 GS-1    战队表数量 : 0
2019-09-14 23:43:37 GS-1    加载战队数量:0
2019-09-14 23:43:37 GS-1    正在加载战队成员...
2019-09-14 23:43:37 GS-1    战队成员总数:0 加载成员数:0
2019-09-14 23:43:37 GS-1    正在检测战队数据有效性...
2019-09-14 23:43:37 GS-1    战队数据有效性检测完毕
2019-09-14 23:43:37 GS-1    [删除错误数据] 清除会长战队不存在行会
2019-09-14 23:43:37 GS-1    [删除错误数据] 清除行会不存在的行会成员
2019-09-14 23:43:37 GS-1    [删除错误数据] 清除行会不存在的行会关系ID排列错误的项
2019-09-14 23:43:37 GS-1    [删除错误数据] 清除行会不存在行会关系
2019-09-14 23:43:37 GS-1    [删除错误数据] 清除行会不存在关注行会
2019-09-14 23:43:37 GS-1    加载行会数量 : 0
2019-09-14 23:43:37 GS-1    加载行会成员(战队)数量 : 0
2019-09-14 23:43:37 GS-1    加载行会关系数量 : 0
2019-09-14 23:43:37 GS-1    加载关注行会数量 : 0
2019-09-14 23:43:37 GS-1    加载请求数量:0
2019-09-14 23:43:37 GS-1 [Error]: 小助手 不存在！
2019-09-14 23:43:37 GS-1 D411地图配置在MapInfo.txt 中不是LIMITBAGITEMDROP属性
2019-09-14 23:43:37 GS-1 D415地图配置在MapInfo.txt 中不是LIMITBAGITEMDROP属性
2019-09-14 23:43:37 GS-1 D416地图配置在MapInfo.txt 中不是LIMITBAGITEMDROP属性
2019-09-14 23:43:37 GS-1 信用分验证功能：开
2019-09-14 23:43:37 GS-1 GS脚本版本号：10001
2019-09-14 23:43:37 GS-1 更新排行榜，共计：3 页
2019-09-14 23:43:37 GS-1 Gate 1 开启
2019-09-14 23:44:03 GS-1 载入商城热销商品列表，共7个。
2019-09-14 23:44:03 GS-1 ==> 加载商城热销榜:5
2019-09-14 23:48:37 GS-1 -----------------------------------------------------
---[Monster]: Max RunDelay: 250; Max RunCount 3231
---[Human]: Max RunDelay: 16; [Socket]: Max RunDelay: 0
---[App]: Min PerSecRun: 66; Max RunDelay 0
-----------------------------------------------------
2019-09-14 23:53:39 GS-1 -----------------------------------------------------
---[Monster]: Max RunDelay: 156; Max RunCount 3237
---[Human]: Max RunDelay: 16; [Socket]: Max RunDelay: 15
---[App]: Min PerSecRun: 76; Max RunDelay 0
-----------------------------------------------------
2019-09-14 23:54:02 GS-1 09-14 23:54:02 User = 0 / 0
2019-09-14 23:58:40 GS-1 -----------------------------------------------------
---[Monster]: Max RunDelay: 219; Max RunCount 3242
---[Human]: Max RunDelay: 16; [Socket]: Max RunDelay: 15
---[App]: Min PerSecRun: 76; Max RunDelay 0
-----------------------------------------------------
2019-09-15 00:00:00 GS-1 载入商城物品列表，共5个类别，40种商品
2019-09-15 00:00:00 GS-1 ==> 加载商城物品 装饰类：11/11
2019-09-15 00:00:00 GS-1 ==> 加载商城物品 补给类：5/5
2019-09-15 00:00:00 GS-1 ==> 加载商城物品 强化类：14/14
2019-09-15 00:00:00 GS-1 ==> 加载商城物品 限量类：8/8
2019-09-15 00:00:00 GS-1 ==> 加载商城物品 好友类：2/2
2019-09-15 00:00:00 GS-1 ==> 加载商城物品 类：0/0
2019-09-15 00:00:00 GS-1 ==> 加载商城物品 类：0/0
2019-09-15 00:00:00 GS-1 ==> 加载商城物品 类：0/0
2019-09-15 00:03:41 GS-1 -----------------------------------------------------
---[Monster]: Max RunDelay: 204; Max RunCount 3249
---[Human]: Max RunDelay: 16; [Socket]: Max RunDelay: 15
---[App]: Min PerSecRun: 76; Max RunDelay 0
-----------------------------------------------------
2019-09-15 00:04:02 GS-1 09-15 00:04:02 User = 0 / 0
2019-09-15 00:08:42 GS-1 -----------------------------------------------------
---[Monster]: Max RunDelay: 203; Max RunCount 3184
---[Human]: Max RunDelay: 31; [Socket]: Max RunDelay: 16
---[App]: Min PerSecRun: 76; Max RunDelay 0
-----------------------------------------------------
2019-09-15 00:13:22 GS-1 [脚本(散财猪.pas)缺函数]: AfterScatterItems
2019-09-15 00:13:43 GS-1 -----------------------------------------------------
---[Monster]: Max RunDelay: 265; Max RunCount 3184
---[Human]: Max RunDelay: 16; [Socket]: Max RunDelay: 16
---[App]: Min PerSecRun: 69; Max RunDelay 0
-----------------------------------------------------
2019-09-15 00:14:03 GS-1 09-15 00:14:03 User = 1 / 1
2019-09-15 00:14:25 GS-1 [脚本(散财猪.pas)缺函数]: AfterScatterItems
2019-09-15 00:18:44 GS-1 -----------------------------------------------------
---[Monster]: Max RunDelay: 281; Max RunCount 3251
---[Human]: Max RunDelay: 16; [Socket]: Max RunDelay: 16
---[App]: Min PerSecRun: 70; Max RunDelay 0
-----------------------------------------------------
2019-09-15 00:23:45 GS-1 -----------------------------------------------------
---[Monster]: Max RunDelay: 281; Max RunCount 3160
---[Human]: Max RunDelay: 32; [Socket]: Max RunDelay: 16
---[App]: Min PerSecRun: 74; Max RunDelay 0
-----------------------------------------------------
2019-09-15 00:24:03 GS-1 09-15 00:24:03 User = 1 / 1
2019-09-15 00:28:46 GS-1 -----------------------------------------------------
---[Monster]: Max RunDelay: 281; Max RunCount 3160
---[Human]: Max RunDelay: 16; [Socket]: Max RunDelay: 16
---[App]: Min PerSecRun: 73; Max RunDelay 0
-----------------------------------------------------
2019-09-15 00:33:47 GS-1 -----------------------------------------------------
---[Monster]: Max RunDelay: 282; Max RunCount 3160
---[Human]: Max RunDelay: 16; [Socket]: Max RunDelay: 16
---[App]: Min PerSecRun: 73; Max RunDelay 0
-----------------------------------------------------
2019-09-15 00:34:03 GS-1 09-15 00:34:03 User = 1 / 1
2019-09-15 00:38:48 GS-1 -----------------------------------------------------
---[Monster]: Max RunDelay: 282; Max RunCount 3160
---[Human]: Max RunDelay: 32; [Socket]: Max RunDelay: 16
---[App]: Min PerSecRun: 74; Max RunDelay 0
-----------------------------------------------------
2019-09-15 00:43:49 GS-1 -----------------------------------------------------
---[Monster]: Max RunDelay: 297; Max RunCount 3160
---[Human]: Max RunDelay: 16; [Socket]: Max RunDelay: 0
---[App]: Min PerSecRun: 69; Max RunDelay 0
-----------------------------------------------------
2019-09-15 00:44:02 GS-1 09-15 00:44:02 User = 1 / 1
2019-09-15 00:44:04 GS-1 载入商城热销商品列表，共7个。
2019-09-15 00:44:04 GS-1 ==> 加载商城热销榜:5
2019-09-15 00:48:50 GS-1 -----------------------------------------------------
---[Monster]: Max RunDelay: 281; Max RunCount 3160
---[Human]: Max RunDelay: 32; [Socket]: Max RunDelay: 15
---[App]: Min PerSecRun: 75; Max RunDelay 0
-----------------------------------------------------
2019-09-15 00:53:51 GS-1 -----------------------------------------------------
---[Monster]: Max RunDelay: 282; Max RunCount 3161
---[Human]: Max RunDelay: 16; [Socket]: Max RunDelay: 15
---[App]: Min PerSecRun: 71; Max RunDelay 0
-----------------------------------------------------
2019-09-15 00:54:02 GS-1 09-15 00:54:02 User = 1 / 1
2019-09-15 00:58:52 GS-1 -----------------------------------------------------
---[Monster]: Max RunDelay: 281; Max RunCount 3161
---[Human]: Max RunDelay: 32; [Socket]: Max RunDelay: 15
---[App]: Min PerSecRun: 71; Max RunDelay 0
-----------------------------------------------------
2019-09-15 01:03:53 GS-1 -----------------------------------------------------
---[Monster]: Max RunDelay: 281; Max RunCount 3161
---[Human]: Max RunDelay: 16; [Socket]: Max RunDelay: 0
---[App]: Min PerSecRun: 74; Max RunDelay 0
-----------------------------------------------------
2019-09-15 01:04:02 GS-1 09-15 01:04:02 User = 1 / 1
2019-09-15 01:08:54 GS-1 -----------------------------------------------------
---[Monster]: Max RunDelay: 282; Max RunCount 3161
---[Human]: Max RunDelay: 16; [Socket]: Max RunDelay: 0
---[App]: Min PerSecRun: 74; Max RunDelay 0
-----------------------------------------------------
2019-09-15 01:13:55 GS-1 -----------------------------------------------------
---[Monster]: Max RunDelay: 282; Max RunCount 3162
---[Human]: Max RunDelay: 32; [Socket]: Max RunDelay: 15
---[App]: Min PerSecRun: 73; Max RunDelay 0
-----------------------------------------------------
2019-09-15 01:14:02 GS-1 09-15 01:14:02 User = 1 / 1
2019-09-15 01:18:56 GS-1 -----------------------------------------------------
---[Monster]: Max RunDelay: 297; Max RunCount 3162
---[Human]: Max RunDelay: 32; [Socket]: Max RunDelay: 16
---[App]: Min PerSecRun: 72; Max RunDelay 0
-----------------------------------------------------
2019-09-15 01:23:57 GS-1 -----------------------------------------------------
---[Monster]: Max RunDelay: 281; Max RunCount 3164
---[Human]: Max RunDelay: 32; [Socket]: Max RunDelay: 16
---[App]: Min PerSecRun: 71; Max RunDelay 0
-----------------------------------------------------
2019-09-15 01:24:02 GS-1 09-15 01:24:02 User = 1 / 1
2019-09-15 01:28:58 GS-1 -----------------------------------------------------
---[Monster]: Max RunDelay: 282; Max RunCount 3161
---[Human]: Max RunDelay: 32; [Socket]: Max RunDelay: 16
---[App]: Min PerSecRun: 72; Max RunDelay 0
-----------------------------------------------------
2019-09-15 01:33:59 GS-1 -----------------------------------------------------
---[Monster]: Max RunDelay: 266; Max RunCount 3161
---[Human]: Max RunDelay: 16; [Socket]: Max RunDelay: 0
---[App]: Min PerSecRun: 76; Max RunDelay 0
-----------------------------------------------------
2019-09-15 01:34:02 GS-1 09-15 01:34:02 User = 0 / 0
2019-09-15 01:39:00 GS-1 -----------------------------------------------------
---[Monster]: Max RunDelay: 281; Max RunCount 3161
---[Human]: Max RunDelay: 16; [Socket]: Max RunDelay: 0
---[App]: Min PerSecRun: 70; Max RunDelay 0
-----------------------------------------------------
2019-09-15 01:44:01 GS-1 -----------------------------------------------------
---[Monster]: Max RunDelay: 250; Max RunCount 3161
---[Human]: Max RunDelay: 16; [Socket]: Max RunDelay: 0
---[App]: Min PerSecRun: 77; Max RunDelay 0
-----------------------------------------------------
2019-09-15 01:44:02 GS-1 09-15 01:44:02 User = 0 / 0
2019-09-15 01:44:04 GS-1 载入商城热销商品列表，共7个。
2019-09-15 01:44:04 GS-1 ==> 加载商城热销榜:5
2019-09-15 01:49:02 GS-1 -----------------------------------------------------
---[Monster]: Max RunDelay: 281; Max RunCount 3152
---[Human]: Max RunDelay: 16; [Socket]: Max RunDelay: 15
---[App]: Min PerSecRun: 72; Max RunDelay 0
-----------------------------------------------------
2019-09-15 01:54:02 GS-1 09-15 01:54:02 User = 0 / 0
2019-09-15 01:54:03 GS-1 -----------------------------------------------------
---[Monster]: Max RunDelay: 266; Max RunCount 3163
---[Human]: Max RunDelay: 16; [Socket]: Max RunDelay: 0
---[App]: Min PerSecRun: 77; Max RunDelay 0
-----------------------------------------------------
2019-09-15 01:59:04 GS-1 -----------------------------------------------------
---[Monster]: Max RunDelay: 234; Max RunCount 3152
---[Human]: Max RunDelay: 16; [Socket]: Max RunDelay: 0
---[App]: Min PerSecRun: 77; Max RunDelay 0
-----------------------------------------------------
2019-09-15 02:04:02 GS-1 09-15 02:04:02 User = 0 / 0
2019-09-15 02:04:05 GS-1 -----------------------------------------------------
---[Monster]: Max RunDelay: 235; Max RunCount 3153
---[Human]: Max RunDelay: 16; [Socket]: Max RunDelay: 15
---[App]: Min PerSecRun: 78; Max RunDelay 0
-----------------------------------------------------
2019-09-15 02:09:06 GS-1 -----------------------------------------------------
---[Monster]: Max RunDelay: 234; Max RunCount 3142
---[Human]: Max RunDelay: 16; [Socket]: Max RunDelay: 15
---[App]: Min PerSecRun: 78; Max RunDelay 0
-----------------------------------------------------
2019-09-15 02:14:02 GS-1 09-15 02:14:02 User = 0 / 0
2019-09-15 02:14:07 GS-1 -----------------------------------------------------
---[Monster]: Max RunDelay: 266; Max RunCount 3153
---[Human]: Max RunDelay: 32; [Socket]: Max RunDelay: 0
---[App]: Min PerSecRun: 77; Max RunDelay 0
-----------------------------------------------------
2019-09-15 02:19:08 GS-1 -----------------------------------------------------
---[Monster]: Max RunDelay: 266; Max RunCount 3153
---[Human]: Max RunDelay: 16; [Socket]: Max RunDelay: 0
---[App]: Min PerSecRun: 77; Max RunDelay 0
-----------------------------------------------------
2019-09-15 02:24:02 GS-1 09-15 02:24:02 User = 0 / 0
2019-09-15 02:24:09 GS-1 -----------------------------------------------------
---[Monster]: Max RunDelay: 282; Max RunCount 3153
---[Human]: Max RunDelay: 16; [Socket]: Max RunDelay: 16
---[App]: Min PerSecRun: 73; Max RunDelay 0
-----------------------------------------------------
2019-09-15 02:29:10 GS-1 -----------------------------------------------------
---[Monster]: Max RunDelay: 266; Max RunCount 3142
---[Human]: Max RunDelay: 31; [Socket]: Max RunDelay: 0
---[App]: Min PerSecRun: 77; Max RunDelay 0
-----------------------------------------------------
2019-09-15 02:34:02 GS-1 09-15 02:34:02 User = 0 / 0
2019-09-15 02:34:11 GS-1 -----------------------------------------------------
---[Monster]: Max RunDelay: 265; Max RunCount 3133
---[Human]: Max RunDelay: 31; [Socket]: Max RunDelay: 16
---[App]: Min PerSecRun: 77; Max RunDelay 0
-----------------------------------------------------
2019-09-15 02:39:12 GS-1 -----------------------------------------------------
---[Monster]: Max RunDelay: 235; Max RunCount 3133
---[Human]: Max RunDelay: 15; [Socket]: Max RunDelay: 0
---[App]: Min PerSecRun: 76; Max RunDelay 0
-----------------------------------------------------
2019-09-15 02:44:02 GS-1 09-15 02:44:02 User = 0 / 0
2019-09-15 02:44:04 GS-1 载入商城热销商品列表，共7个。
2019-09-15 02:44:04 GS-1 ==> 加载商城热销榜:5
2019-09-15 02:44:13 GS-1 -----------------------------------------------------
---[Monster]: Max RunDelay: 250; Max RunCount 3133
---[Human]: Max RunDelay: 15; [Socket]: Max RunDelay: 16
---[App]: Min PerSecRun: 77; Max RunDelay 0
-----------------------------------------------------
2019-09-15 02:49:14 GS-1 -----------------------------------------------------
---[Monster]: Max RunDelay: 265; Max RunCount 3133
---[Human]: Max RunDelay: 31; [Socket]: Max RunDelay: 16
---[App]: Min PerSecRun: 77; Max RunDelay 0
-----------------------------------------------------
2019-09-15 02:54:02 GS-1 09-15 02:54:02 User = 0 / 0
2019-09-15 02:54:15 GS-1 -----------------------------------------------------
---[Monster]: Max RunDelay: 250; Max RunCount 3133
---[Human]: Max RunDelay: 16; [Socket]: Max RunDelay: 0
---[App]: Min PerSecRun: 77; Max RunDelay 0
-----------------------------------------------------
2019-09-15 02:59:16 GS-1 -----------------------------------------------------
---[Monster]: Max RunDelay: 281; Max RunCount 3128
---[Human]: Max RunDelay: 16; [Socket]: Max RunDelay: 0
---[App]: Min PerSecRun: 75; Max RunDelay 0
-----------------------------------------------------
2019-09-15 03:04:02 GS-1 09-15 03:04:02 User = 0 / 0
2019-09-15 03:04:17 GS-1 -----------------------------------------------------
---[Monster]: Max RunDelay: 281; Max RunCount 3133
---[Human]: Max RunDelay: 31; [Socket]: Max RunDelay: 16
---[App]: Min PerSecRun: 77; Max RunDelay 0
-----------------------------------------------------
2019-09-15 03:09:18 GS-1 -----------------------------------------------------
---[Monster]: Max RunDelay: 266; Max RunCount 3133
---[Human]: Max RunDelay: 16; [Socket]: Max RunDelay: 16
---[App]: Min PerSecRun: 77; Max RunDelay 0
-----------------------------------------------------
2019-09-15 03:14:02 GS-1 09-15 03:14:02 User = 0 / 0
2019-09-15 03:14:19 GS-1 -----------------------------------------------------
---[Monster]: Max RunDelay: 234; Max RunCount 3133
---[Human]: Max RunDelay: 32; [Socket]: Max RunDelay: 0
---[App]: Min PerSecRun: 77; Max RunDelay 0
-----------------------------------------------------
2019-09-15 03:19:20 GS-1 -----------------------------------------------------
---[Monster]: Max RunDelay: 281; Max RunCount 3133
---[Human]: Max RunDelay: 16; [Socket]: Max RunDelay: 0
---[App]: Min PerSecRun: 77; Max RunDelay 0
-----------------------------------------------------
2019-09-15 03:24:02 GS-1 09-15 03:24:02 User = 0 / 0
2019-09-15 03:24:21 GS-1 -----------------------------------------------------
---[Monster]: Max RunDelay: 265; Max RunCount 3122
---[Human]: Max RunDelay: 16; [Socket]: Max RunDelay: 0
---[App]: Min PerSecRun: 77; Max RunDelay 0
-----------------------------------------------------
2019-09-15 03:29:22 GS-1 -----------------------------------------------------
---[Monster]: Max RunDelay: 250; Max RunCount 3133
---[Human]: Max RunDelay: 32; [Socket]: Max RunDelay: 0
---[App]: Min PerSecRun: 77; Max RunDelay 0
-----------------------------------------------------
2019-09-15 03:34:02 GS-1 09-15 03:34:02 User = 0 / 0
2019-09-15 03:34:23 GS-1 -----------------------------------------------------
---[Monster]: Max RunDelay: 266; Max RunCount 3133
---[Human]: Max RunDelay: 16; [Socket]: Max RunDelay: 16
---[App]: Min PerSecRun: 78; Max RunDelay 0
-----------------------------------------------------
2019-09-15 03:39:24 GS-1 -----------------------------------------------------
---[Monster]: Max RunDelay: 265; Max RunCount 3133
---[Human]: Max RunDelay: 16; [Socket]: Max RunDelay: 16
---[App]: Min PerSecRun: 77; Max RunDelay 0
-----------------------------------------------------
2019-09-15 03:44:02 GS-1 09-15 03:44:02 User = 0 / 0
2019-09-15 03:44:04 GS-1 载入商城热销商品列表，共7个。
2019-09-15 03:44:04 GS-1 ==> 加载商城热销榜:5
2019-09-15 03:44:25 GS-1 -----------------------------------------------------
---[Monster]: Max RunDelay: 234; Max RunCount 3133
---[Human]: Max RunDelay: 16; [Socket]: Max RunDelay: 16
---[App]: Min PerSecRun: 77; Max RunDelay 0
-----------------------------------------------------
2019-09-15 03:49:26 GS-1 -----------------------------------------------------
---[Monster]: Max RunDelay: 250; Max RunCount 3122
---[Human]: Max RunDelay: 32; [Socket]: Max RunDelay: 0
---[App]: Min PerSecRun: 77; Max RunDelay 0
-----------------------------------------------------
2019-09-15 03:54:02 GS-1 09-15 03:54:02 User = 0 / 0
2019-09-15 03:54:27 GS-1 -----------------------------------------------------
---[Monster]: Max RunDelay: 250; Max RunCount 3133
---[Human]: Max RunDelay: 16; [Socket]: Max RunDelay: 0
---[App]: Min PerSecRun: 77; Max RunDelay 0
-----------------------------------------------------
2019-09-15 03:59:28 GS-1 -----------------------------------------------------
---[Monster]: Max RunDelay: 282; Max RunCount 3133
---[Human]: Max RunDelay: 32; [Socket]: Max RunDelay: 16
---[App]: Min PerSecRun: 76; Max RunDelay 0
-----------------------------------------------------
2019-09-15 04:04:02 GS-1 09-15 04:04:02 User = 0 / 0
2019-09-15 04:04:29 GS-1 -----------------------------------------------------
---[Monster]: Max RunDelay: 250; Max RunCount 3122
---[Human]: Max RunDelay: 15; [Socket]: Max RunDelay: 16
---[App]: Min PerSecRun: 77; Max RunDelay 0
-----------------------------------------------------
2019-09-15 04:09:30 GS-1 -----------------------------------------------------
---[Monster]: Max RunDelay: 266; Max RunCount 3133
---[Human]: Max RunDelay: 15; [Socket]: Max RunDelay: 0
---[App]: Min PerSecRun: 76; Max RunDelay 0
-----------------------------------------------------
2019-09-15 04:14:02 GS-1 09-15 04:14:02 User = 0 / 0
2019-09-15 04:14:31 GS-1 -----------------------------------------------------
---[Monster]: Max RunDelay: 266; Max RunCount 3133
---[Human]: Max RunDelay: 31; [Socket]: Max RunDelay: 0
---[App]: Min PerSecRun: 77; Max RunDelay 0
-----------------------------------------------------
2019-09-15 04:19:32 GS-1 -----------------------------------------------------
---[Monster]: Max RunDelay: 266; Max RunCount 3142
---[Human]: Max RunDelay: 16; [Socket]: Max RunDelay: 16
---[App]: Min PerSecRun: 76; Max RunDelay 0
-----------------------------------------------------
2019-09-15 04:24:02 GS-1 09-15 04:24:02 User = 0 / 0
2019-09-15 04:24:33 GS-1 -----------------------------------------------------
---[Monster]: Max RunDelay: 266; Max RunCount 3153
---[Human]: Max RunDelay: 16; [Socket]: Max RunDelay: 16
---[App]: Min PerSecRun: 77; Max RunDelay 0
-----------------------------------------------------
2019-09-15 04:29:34 GS-1 -----------------------------------------------------
---[Monster]: Max RunDelay: 266; Max RunCount 3153
---[Human]: Max RunDelay: 16; [Socket]: Max RunDelay: 16
---[App]: Min PerSecRun: 77; Max RunDelay 0
-----------------------------------------------------
2019-09-15 04:34:02 GS-1 09-15 04:34:02 User = 0 / 0
2019-09-15 04:34:35 GS-1 -----------------------------------------------------
---[Monster]: Max RunDelay: 234; Max RunCount 3142
---[Human]: Max RunDelay: 16; [Socket]: Max RunDelay: 16
---[App]: Min PerSecRun: 77; Max RunDelay 0
-----------------------------------------------------
2019-09-15 04:39:37 GS-1 -----------------------------------------------------
---[Monster]: Max RunDelay: 250; Max RunCount 3153
---[Human]: Max RunDelay: 32; [Socket]: Max RunDelay: 15
---[App]: Min PerSecRun: 77; Max RunDelay 0
-----------------------------------------------------
2019-09-15 04:44:03 GS-1 09-15 04:44:03 User = 0 / 0
2019-09-15 04:44:04 GS-1 载入商城热销商品列表，共7个。
2019-09-15 04:44:04 GS-1 ==> 加载商城热销榜:5
2019-09-15 04:44:37 GS-1 -----------------------------------------------------
---[Monster]: Max RunDelay: 250; Max RunCount 3153
---[Human]: Max RunDelay: 31; [Socket]: Max RunDelay: 15
---[App]: Min PerSecRun: 77; Max RunDelay 0
-----------------------------------------------------
2019-09-15 04:49:38 GS-1 -----------------------------------------------------
---[Monster]: Max RunDelay: 250; Max RunCount 3162
---[Human]: Max RunDelay: 31; [Socket]: Max RunDelay: 15
---[App]: Min PerSecRun: 76; Max RunDelay 0
-----------------------------------------------------
2019-09-15 04:54:03 GS-1 09-15 04:54:03 User = 0 / 0
2019-09-15 04:54:39 GS-1 -----------------------------------------------------
---[Monster]: Max RunDelay: 266; Max RunCount 3162
---[Human]: Max RunDelay: 31; [Socket]: Max RunDelay: 0
---[App]: Min PerSecRun: 77; Max RunDelay 0
-----------------------------------------------------
2019-09-15 04:59:40 GS-1 -----------------------------------------------------
---[Monster]: Max RunDelay: 250; Max RunCount 3162
---[Human]: Max RunDelay: 15; [Socket]: Max RunDelay: 15
---[App]: Min PerSecRun: 77; Max RunDelay 0
-----------------------------------------------------
2019-09-15 05:04:03 GS-1 09-15 05:04:03 User = 0 / 0
2019-09-15 05:04:40 GS-1 -----------------------------------------------------
---[Monster]: Max RunDelay: 375; Max RunCount 3153
---[Human]: Max RunDelay: 47; [Socket]: Max RunDelay: 15
---[App]: Min PerSecRun: 68; Max RunDelay 0
-----------------------------------------------------
2019-09-15 05:09:40 GS-1 -----------------------------------------------------
---[Monster]: Max RunDelay: 359; Max RunCount 3182
---[Human]: Max RunDelay: 47; [Socket]: Max RunDelay: 15
---[App]: Min PerSecRun: 66; Max RunDelay 0
-----------------------------------------------------
2019-09-15 05:14:04 GS-1 09-15 05:14:04 User = 0 / 0
2019-09-15 05:14:41 GS-1 -----------------------------------------------------
---[Monster]: Max RunDelay: 360; Max RunCount 3182
---[Human]: Max RunDelay: 32; [Socket]: Max RunDelay: 15
---[App]: Min PerSecRun: 69; Max RunDelay 0
-----------------------------------------------------
2019-09-15 05:19:42 GS-1 -----------------------------------------------------
---[Monster]: Max RunDelay: 266; Max RunCount 3182
---[Human]: Max RunDelay: 32; [Socket]: Max RunDelay: 16
---[App]: Min PerSecRun: 77; Max RunDelay 0
-----------------------------------------------------
2019-09-15 05:24:04 GS-1 09-15 05:24:04 User = 0 / 0
2019-09-15 05:24:42 GS-1 -----------------------------------------------------
---[Monster]: Max RunDelay: 266; Max RunCount 3173
---[Human]: Max RunDelay: 31; [Socket]: Max RunDelay: 16
---[App]: Min PerSecRun: 77; Max RunDelay 0
-----------------------------------------------------
2019-09-15 05:29:43 GS-1 -----------------------------------------------------
---[Monster]: Max RunDelay: 281; Max RunCount 3173
---[Human]: Max RunDelay: 15; [Socket]: Max RunDelay: 16
---[App]: Min PerSecRun: 72; Max RunDelay 0
-----------------------------------------------------
2019-09-15 05:34:03 GS-1 09-15 05:34:03 User = 0 / 0
2019-09-15 05:34:43 GS-1 -----------------------------------------------------
---[Monster]: Max RunDelay: 250; Max RunCount 3182
---[Human]: Max RunDelay: 15; [Socket]: Max RunDelay: 0
---[App]: Min PerSecRun: 77; Max RunDelay 0
-----------------------------------------------------
2019-09-15 05:39:43 GS-1 -----------------------------------------------------
---[Monster]: Max RunDelay: 265; Max RunCount 3182
---[Human]: Max RunDelay: 31; [Socket]: Max RunDelay: 0
---[App]: Min PerSecRun: 77; Max RunDelay 0
-----------------------------------------------------
2019-09-15 05:44:03 GS-1 09-15 05:44:03 User = 0 / 0
2019-09-15 05:44:04 GS-1 载入商城热销商品列表，共7个。
2019-09-15 05:44:04 GS-1 ==> 加载商城热销榜:5
2019-09-15 05:44:44 GS-1 -----------------------------------------------------
---[Monster]: Max RunDelay: 265; Max RunCount 3182
---[Human]: Max RunDelay: 31; [Socket]: Max RunDelay: 0
---[App]: Min PerSecRun: 77; Max RunDelay 0
-----------------------------------------------------
2019-09-15 05:49:46 GS-1 -----------------------------------------------------
---[Monster]: Max RunDelay: 265; Max RunCount 3182
---[Human]: Max RunDelay: 31; [Socket]: Max RunDelay: 15
---[App]: Min PerSecRun: 76; Max RunDelay 0
-----------------------------------------------------
2019-09-15 05:54:04 GS-1 09-15 05:54:04 User = 0 / 0
2019-09-15 05:54:47 GS-1 -----------------------------------------------------
---[Monster]: Max RunDelay: 266; Max RunCount 3182
---[Human]: Max RunDelay: 16; [Socket]: Max RunDelay: 0
---[App]: Min PerSecRun: 77; Max RunDelay 0
-----------------------------------------------------
2019-09-15 05:59:48 GS-1 -----------------------------------------------------
---[Monster]: Max RunDelay: 266; Max RunCount 3183
---[Human]: Max RunDelay: 16; [Socket]: Max RunDelay: 0
---[App]: Min PerSecRun: 77; Max RunDelay 0
-----------------------------------------------------
2019-09-15 06:00:00 GS-1 载入商城物品列表，共5个类别，40种商品
2019-09-15 06:00:00 GS-1 ==> 加载商城物品 装饰类：11/11
2019-09-15 06:00:00 GS-1 ==> 加载商城物品 补给类：5/5
2019-09-15 06:00:00 GS-1 ==> 加载商城物品 强化类：14/14
2019-09-15 06:00:00 GS-1 ==> 加载商城物品 限量类：8/8
2019-09-15 06:00:00 GS-1 ==> 加载商城物品 好友类：2/2
2019-09-15 06:00:00 GS-1 ==> 加载商城物品 类：0/0
2019-09-15 06:00:00 GS-1 ==> 加载商城物品 类：0/0
2019-09-15 06:00:00 GS-1 ==> 加载商城物品 类：0/0
2019-09-15 06:04:04 GS-1 09-15 06:04:04 User = 0 / 0
2019-09-15 06:04:49 GS-1 -----------------------------------------------------
---[Monster]: Max RunDelay: 265; Max RunCount 3183
---[Human]: Max RunDelay: 32; [Socket]: Max RunDelay: 15
---[App]: Min PerSecRun: 76; Max RunDelay 0
-----------------------------------------------------
2019-09-15 06:09:50 GS-1 -----------------------------------------------------
---[Monster]: Max RunDelay: 266; Max RunCount 3174
---[Human]: Max RunDelay: 16; [Socket]: Max RunDelay: 0
---[App]: Min PerSecRun: 77; Max RunDelay 0
-----------------------------------------------------
2019-09-15 06:14:04 GS-1 09-15 06:14:04 User = 0 / 0
2019-09-15 06:14:51 GS-1 -----------------------------------------------------
---[Monster]: Max RunDelay: 265; Max RunCount 3174
---[Human]: Max RunDelay: 16; [Socket]: Max RunDelay: 15
---[App]: Min PerSecRun: 77; Max RunDelay 0
-----------------------------------------------------
2019-09-15 06:19:52 GS-1 -----------------------------------------------------
---[Monster]: Max RunDelay: 266; Max RunCount 3183
---[Human]: Max RunDelay: 31; [Socket]: Max RunDelay: 15
---[App]: Min PerSecRun: 77; Max RunDelay 0
-----------------------------------------------------
2019-09-15 06:24:04 GS-1 09-15 06:24:04 User = 0 / 0
2019-09-15 06:24:53 GS-1 -----------------------------------------------------
---[Monster]: Max RunDelay: 265; Max RunCount 3183
---[Human]: Max RunDelay: 15; [Socket]: Max RunDelay: 0
---[App]: Min PerSecRun: 77; Max RunDelay 0
-----------------------------------------------------
2019-09-15 06:29:54 GS-1 -----------------------------------------------------
---[Monster]: Max RunDelay: 266; Max RunCount 3183
---[Human]: Max RunDelay: 15; [Socket]: Max RunDelay: 15
---[App]: Min PerSecRun: 77; Max RunDelay 0
-----------------------------------------------------
2019-09-15 06:34:04 GS-1 09-15 06:34:04 User = 0 / 0
2019-09-15 06:34:55 GS-1 -----------------------------------------------------
---[Monster]: Max RunDelay: 266; Max RunCount 3183
---[Human]: Max RunDelay: 31; [Socket]: Max RunDelay: 0
---[App]: Min PerSecRun: 77; Max RunDelay 0
-----------------------------------------------------
2019-09-15 06:39:56 GS-1 -----------------------------------------------------
---[Monster]: Max RunDelay: 266; Max RunCount 3183
---[Human]: Max RunDelay: 16; [Socket]: Max RunDelay: 15
---[App]: Min PerSecRun: 77; Max RunDelay 0
-----------------------------------------------------
2019-09-15 06:44:04 GS-1 09-15 06:44:04 User = 0 / 0
2019-09-15 06:44:05 GS-1 载入商城热销商品列表，共7个。
2019-09-15 06:44:05 GS-1 ==> 加载商城热销榜:5
2019-09-15 06:44:57 GS-1 -----------------------------------------------------
---[Monster]: Max RunDelay: 250; Max RunCount 3183
---[Human]: Max RunDelay: 16; [Socket]: Max RunDelay: 0
---[App]: Min PerSecRun: 77; Max RunDelay 0
-----------------------------------------------------
2019-09-15 06:49:58 GS-1 -----------------------------------------------------
---[Monster]: Max RunDelay: 265; Max RunCount 3174
---[Human]: Max RunDelay: 16; [Socket]: Max RunDelay: 15
---[App]: Min PerSecRun: 77; Max RunDelay 0
-----------------------------------------------------
2019-09-15 06:54:04 GS-1 09-15 06:54:04 User = 0 / 0
2019-09-15 06:54:59 GS-1 -----------------------------------------------------
---[Monster]: Max RunDelay: 265; Max RunCount 3183
---[Human]: Max RunDelay: 31; [Socket]: Max RunDelay: 0
---[App]: Min PerSecRun: 77; Max RunDelay 0
-----------------------------------------------------
2019-09-15 07:00:00 GS-1 -----------------------------------------------------
---[Monster]: Max RunDelay: 282; Max RunCount 3125
---[Human]: Max RunDelay: 15; [Socket]: Max RunDelay: 0
---[App]: Min PerSecRun: 76; Max RunDelay 0
-----------------------------------------------------
2019-09-15 07:00:02 GS-1 更新排行榜，共计：3 页
2019-09-15 07:04:04 GS-1 09-15 07:04:04 User = 0 / 0
2019-09-15 07:05:01 GS-1 -----------------------------------------------------
---[Monster]: Max RunDelay: 266; Max RunCount 3183
---[Human]: Max RunDelay: 15; [Socket]: Max RunDelay: 0
---[App]: Min PerSecRun: 76; Max RunDelay 0
-----------------------------------------------------
2019-09-15 07:10:02 GS-1 -----------------------------------------------------
---[Monster]: Max RunDelay: 266; Max RunCount 3163
---[Human]: Max RunDelay: 31; [Socket]: Max RunDelay: 0
---[App]: Min PerSecRun: 77; Max RunDelay 0
-----------------------------------------------------
2019-09-15 07:14:04 GS-1 09-15 07:14:04 User = 0 / 0
2019-09-15 07:15:03 GS-1 -----------------------------------------------------
---[Monster]: Max RunDelay: 266; Max RunCount 3183
---[Human]: Max RunDelay: 15; [Socket]: Max RunDelay: 16
---[App]: Min PerSecRun: 77; Max RunDelay 0
-----------------------------------------------------
2019-09-15 07:20:04 GS-1 -----------------------------------------------------
---[Monster]: Max RunDelay: 266; Max RunCount 3163
---[Human]: Max RunDelay: 31; [Socket]: Max RunDelay: 0
---[App]: Min PerSecRun: 77; Max RunDelay 0
-----------------------------------------------------
2019-09-15 07:24:04 GS-1 09-15 07:24:04 User = 0 / 0
2019-09-15 07:25:05 GS-1 -----------------------------------------------------
---[Monster]: Max RunDelay: 250; Max RunCount 3163
---[Human]: Max RunDelay: 15; [Socket]: Max RunDelay: 16
---[App]: Min PerSecRun: 77; Max RunDelay 0
-----------------------------------------------------
2019-09-15 07:30:06 GS-1 -----------------------------------------------------
---[Monster]: Max RunDelay: 266; Max RunCount 3163
---[Human]: Max RunDelay: 15; [Socket]: Max RunDelay: 16
---[App]: Min PerSecRun: 74; Max RunDelay 0
-----------------------------------------------------
2019-09-15 07:34:04 GS-1 09-15 07:34:04 User = 0 / 0
2019-09-15 07:35:07 GS-1 -----------------------------------------------------
---[Monster]: Max RunDelay: 266; Max RunCount 3164
---[Human]: Max RunDelay: 15; [Socket]: Max RunDelay: 0
---[App]: Min PerSecRun: 77; Max RunDelay 0
-----------------------------------------------------
2019-09-15 07:40:08 GS-1 -----------------------------------------------------
---[Monster]: Max RunDelay: 266; Max RunCount 3163
---[Human]: Max RunDelay: 15; [Socket]: Max RunDelay: 16
---[App]: Min PerSecRun: 77; Max RunDelay 0
-----------------------------------------------------
2019-09-15 07:44:04 GS-1 09-15 07:44:04 User = 0 / 0
2019-09-15 07:44:05 GS-1 载入商城热销商品列表，共7个。
2019-09-15 07:44:05 GS-1 ==> 加载商城热销榜:5
2019-09-15 07:45:08 GS-1 -----------------------------------------------------
---[Monster]: Max RunDelay: 437; Max RunCount 3163
---[Human]: Max RunDelay: 15; [Socket]: Max RunDelay: 16
---[App]: Min PerSecRun: 49; Max RunDelay 0
-----------------------------------------------------
2019-09-15 07:50:09 GS-1 -----------------------------------------------------
---[Monster]: Max RunDelay: 266; Max RunCount 3154
---[Human]: Max RunDelay: 15; [Socket]: Max RunDelay: 0
---[App]: Min PerSecRun: 77; Max RunDelay 0
-----------------------------------------------------
2019-09-15 07:54:04 GS-1 09-15 07:54:04 User = 0 / 0
2019-09-15 07:55:10 GS-1 -----------------------------------------------------
---[Monster]: Max RunDelay: 265; Max RunCount 3163
---[Human]: Max RunDelay: 31; [Socket]: Max RunDelay: 16
---[App]: Min PerSecRun: 77; Max RunDelay 0
-----------------------------------------------------
2019-09-15 08:00:11 GS-1 -----------------------------------------------------
---[Monster]: Max RunDelay: 250; Max RunCount 3163
---[Human]: Max RunDelay: 32; [Socket]: Max RunDelay: 0
---[App]: Min PerSecRun: 76; Max RunDelay 0
-----------------------------------------------------
2019-09-15 08:04:04 GS-1 09-15 08:04:04 User = 0 / 0
2019-09-15 08:05:12 GS-1 -----------------------------------------------------
---[Monster]: Max RunDelay: 266; Max RunCount 3163
---[Human]: Max RunDelay: 31; [Socket]: Max RunDelay: 0
---[App]: Min PerSecRun: 77; Max RunDelay 0
-----------------------------------------------------
2019-09-15 08:10:13 GS-1 -----------------------------------------------------
---[Monster]: Max RunDelay: 250; Max RunCount 3133
---[Human]: Max RunDelay: 31; [Socket]: Max RunDelay: 15
---[App]: Min PerSecRun: 77; Max RunDelay 0
-----------------------------------------------------
2019-09-15 08:14:04 GS-1 09-15 08:14:04 User = 0 / 0
2019-09-15 08:15:14 GS-1 -----------------------------------------------------
---[Monster]: Max RunDelay: 266; Max RunCount 3142
---[Human]: Max RunDelay: 15; [Socket]: Max RunDelay: 15
---[App]: Min PerSecRun: 77; Max RunDelay 0
-----------------------------------------------------
2019-09-15 08:20:15 GS-1 -----------------------------------------------------
---[Monster]: Max RunDelay: 281; Max RunCount 3142
---[Human]: Max RunDelay: 31; [Socket]: Max RunDelay: 15
---[App]: Min PerSecRun: 73; Max RunDelay 0
-----------------------------------------------------
2019-09-15 08:24:04 GS-1 09-15 08:24:04 User = 1 / 1
2019-09-15 08:25:16 GS-1 -----------------------------------------------------
---[Monster]: Max RunDelay: 266; Max RunCount 3144
---[Human]: Max RunDelay: 16; [Socket]: Max RunDelay: 15
---[App]: Min PerSecRun: 76; Max RunDelay 0
-----------------------------------------------------
2019-09-15 08:29:03 GS-1 [脚本(散财猪.pas)缺函数]: AfterScatterItems
2019-09-15 08:30:17 GS-1 -----------------------------------------------------
---[Monster]: Max RunDelay: 281; Max RunCount 3142
---[Human]: Max RunDelay: 31; [Socket]: Max RunDelay: 15
---[App]: Min PerSecRun: 72; Max RunDelay 0
-----------------------------------------------------
2019-09-15 08:34:04 GS-1 09-15 08:34:04 User = 1 / 1
2019-09-15 08:35:18 GS-1 -----------------------------------------------------
---[Monster]: Max RunDelay: 282; Max RunCount 3162
---[Human]: Max RunDelay: 16; [Socket]: Max RunDelay: 0
---[App]: Min PerSecRun: 72; Max RunDelay 0
-----------------------------------------------------
2019-09-15 08:40:19 GS-1 -----------------------------------------------------
---[Monster]: Max RunDelay: 266; Max RunCount 3162
---[Human]: Max RunDelay: 31; [Socket]: Max RunDelay: 0
---[App]: Min PerSecRun: 74; Max RunDelay 0
-----------------------------------------------------
2019-09-15 08:44:04 GS-1 09-15 08:44:04 User = 1 / 1
2019-09-15 08:44:05 GS-1 载入商城热销商品列表，共7个。
2019-09-15 08:44:05 GS-1 ==> 加载商城热销榜:5
2019-09-15 08:45:20 GS-1 -----------------------------------------------------
---[Monster]: Max RunDelay: 281; Max RunCount 3164
---[Human]: Max RunDelay: 16; [Socket]: Max RunDelay: 16
---[App]: Min PerSecRun: 73; Max RunDelay 0
-----------------------------------------------------
2019-09-15 08:50:21 GS-1 -----------------------------------------------------
---[Monster]: Max RunDelay: 313; Max RunCount 3163
---[Human]: Max RunDelay: 16; [Socket]: Max RunDelay: 0
---[App]: Min PerSecRun: 69; Max RunDelay 0
-----------------------------------------------------
2019-09-15 08:54:04 GS-1 09-15 08:54:04 User = 1 / 1
2019-09-15 08:55:22 GS-1 -----------------------------------------------------
---[Monster]: Max RunDelay: 266; Max RunCount 3163
---[Human]: Max RunDelay: 16; [Socket]: Max RunDelay: 0
---[App]: Min PerSecRun: 72; Max RunDelay 0
-----------------------------------------------------
2019-09-15 09:00:23 GS-1 -----------------------------------------------------
---[Monster]: Max RunDelay: 250; Max RunCount 3166
---[Human]: Max RunDelay: 16; [Socket]: Max RunDelay: 15
---[App]: Min PerSecRun: 77; Max RunDelay 0
-----------------------------------------------------
2019-09-15 09:04:04 GS-1 09-15 09:04:04 User = 0 / 0
2019-09-15 09:05:24 GS-1 -----------------------------------------------------
---[Monster]: Max RunDelay: 250; Max RunCount 3158
---[Human]: Max RunDelay: 16; [Socket]: Max RunDelay: 15
---[App]: Min PerSecRun: 77; Max RunDelay 0
-----------------------------------------------------
2019-09-15 09:10:25 GS-1 -----------------------------------------------------
---[Monster]: Max RunDelay: 265; Max RunCount 3171
---[Human]: Max RunDelay: 16; [Socket]: Max RunDelay: 15
---[App]: Min PerSecRun: 77; Max RunDelay 0
-----------------------------------------------------
2019-09-15 09:14:04 GS-1 09-15 09:14:04 User = 0 / 0
2019-09-15 09:15:26 GS-1 -----------------------------------------------------
---[Monster]: Max RunDelay: 265; Max RunCount 3171
---[Human]: Max RunDelay: 31; [Socket]: Max RunDelay: 15
---[App]: Min PerSecRun: 76; Max RunDelay 0
-----------------------------------------------------
2019-09-15 09:20:27 GS-1 -----------------------------------------------------
---[Monster]: Max RunDelay: 266; Max RunCount 3171
---[Human]: Max RunDelay: 16; [Socket]: Max RunDelay: 0
---[App]: Min PerSecRun: 77; Max RunDelay 0
-----------------------------------------------------
2019-09-15 09:24:04 GS-1 09-15 09:24:04 User = 0 / 0
2019-09-15 09:25:28 GS-1 -----------------------------------------------------
---[Monster]: Max RunDelay: 250; Max RunCount 3171
---[Human]: Max RunDelay: 16; [Socket]: Max RunDelay: 0
---[App]: Min PerSecRun: 76; Max RunDelay 0
-----------------------------------------------------
2019-09-15 09:30:29 GS-1 -----------------------------------------------------
---[Monster]: Max RunDelay: 265; Max RunCount 3171
---[Human]: Max RunDelay: 16; [Socket]: Max RunDelay: 15
---[App]: Min PerSecRun: 77; Max RunDelay 0
-----------------------------------------------------
2019-09-15 09:34:04 GS-1 09-15 09:34:04 User = 0 / 0
2019-09-15 09:35:30 GS-1 -----------------------------------------------------
---[Monster]: Max RunDelay: 266; Max RunCount 3171
---[Human]: Max RunDelay: 32; [Socket]: Max RunDelay: 0
---[App]: Min PerSecRun: 77; Max RunDelay 0
-----------------------------------------------------
2019-09-15 09:40:31 GS-1 -----------------------------------------------------
---[Monster]: Max RunDelay: 250; Max RunCount 3171
---[Human]: Max RunDelay: 31; [Socket]: Max RunDelay: 0
---[App]: Min PerSecRun: 77; Max RunDelay 0
-----------------------------------------------------
2019-09-15 09:44:04 GS-1 09-15 09:44:04 User = 0 / 0
2019-09-15 09:44:05 GS-1 载入商城热销商品列表，共7个。
2019-09-15 09:44:05 GS-1 ==> 加载商城热销榜:5
2019-09-15 09:45:32 GS-1 -----------------------------------------------------
---[Monster]: Max RunDelay: 265; Max RunCount 3171
---[Human]: Max RunDelay: 31; [Socket]: Max RunDelay: 0
---[App]: Min PerSecRun: 77; Max RunDelay 0
-----------------------------------------------------
2019-09-15 09:50:33 GS-1 -----------------------------------------------------
---[Monster]: Max RunDelay: 266; Max RunCount 3171
---[Human]: Max RunDelay: 16; [Socket]: Max RunDelay: 0
---[App]: Min PerSecRun: 72; Max RunDelay 0
-----------------------------------------------------
2019-09-15 09:54:04 GS-1 09-15 09:54:04 User = 0 / 0
2019-09-15 09:55:34 GS-1 -----------------------------------------------------
---[Monster]: Max RunDelay: 266; Max RunCount 3171
---[Human]: Max RunDelay: 16; [Socket]: Max RunDelay: 15
---[App]: Min PerSecRun: 76; Max RunDelay 0
-----------------------------------------------------
2019-09-15 10:00:35 GS-1 -----------------------------------------------------
---[Monster]: Max RunDelay: 282; Max RunCount 3162
---[Human]: Max RunDelay: 31; [Socket]: Max RunDelay: 0
---[App]: Min PerSecRun: 76; Max RunDelay 0
-----------------------------------------------------
2019-09-15 10:04:04 GS-1 09-15 10:04:04 User = 0 / 0
2019-09-15 10:05:36 GS-1 -----------------------------------------------------
---[Monster]: Max RunDelay: 266; Max RunCount 3162
---[Human]: Max RunDelay: 31; [Socket]: Max RunDelay: 0
---[App]: Min PerSecRun: 77; Max RunDelay 0
-----------------------------------------------------
2019-09-15 10:10:37 GS-1 -----------------------------------------------------
---[Monster]: Max RunDelay: 250; Max RunCount 3171
---[Human]: Max RunDelay: 31; [Socket]: Max RunDelay: 15
---[App]: Min PerSecRun: 77; Max RunDelay 0
-----------------------------------------------------
2019-09-15 10:14:04 GS-1 09-15 10:14:04 User = 0 / 0
2019-09-15 10:15:38 GS-1 -----------------------------------------------------
---[Monster]: Max RunDelay: 234; Max RunCount 3142
---[Human]: Max RunDelay: 16; [Socket]: Max RunDelay: 15
---[App]: Min PerSecRun: 77; Max RunDelay 0
-----------------------------------------------------
2019-09-15 10:20:39 GS-1 -----------------------------------------------------
---[Monster]: Max RunDelay: 265; Max RunCount 3171
---[Human]: Max RunDelay: 16; [Socket]: Max RunDelay: 15
---[App]: Min PerSecRun: 77; Max RunDelay 0
-----------------------------------------------------
2019-09-15 10:24:04 GS-1 09-15 10:24:04 User = 0 / 0
2019-09-15 10:25:40 GS-1 -----------------------------------------------------
---[Monster]: Max RunDelay: 266; Max RunCount 3172
---[Human]: Max RunDelay: 16; [Socket]: Max RunDelay: 0
---[App]: Min PerSecRun: 76; Max RunDelay 0
-----------------------------------------------------
2019-09-15 10:30:41 GS-1 -----------------------------------------------------
---[Monster]: Max RunDelay: 266; Max RunCount 3172
---[Human]: Max RunDelay: 16; [Socket]: Max RunDelay: 0
---[App]: Min PerSecRun: 76; Max RunDelay 0
-----------------------------------------------------
2019-09-15 10:34:04 GS-1 09-15 10:34:04 User = 0 / 0
2019-09-15 10:35:42 GS-1 -----------------------------------------------------
---[Monster]: Max RunDelay: 265; Max RunCount 3172
---[Human]: Max RunDelay: 32; [Socket]: Max RunDelay: 0
---[App]: Min PerSecRun: 77; Max RunDelay 0
-----------------------------------------------------
2019-09-15 10:40:43 GS-1 -----------------------------------------------------
---[Monster]: Max RunDelay: 265; Max RunCount 3152
---[Human]: Max RunDelay: 16; [Socket]: Max RunDelay: 16
---[App]: Min PerSecRun: 77; Max RunDelay 0
-----------------------------------------------------
2019-09-15 10:44:04 GS-1 09-15 10:44:04 User = 0 / 0
2019-09-15 10:44:05 GS-1 载入商城热销商品列表，共7个。
2019-09-15 10:44:05 GS-1 ==> 加载商城热销榜:5
2019-09-15 10:45:44 GS-1 -----------------------------------------------------
---[Monster]: Max RunDelay: 250; Max RunCount 3152
---[Human]: Max RunDelay: 16; [Socket]: Max RunDelay: 0
---[App]: Min PerSecRun: 76; Max RunDelay 0
-----------------------------------------------------
2019-09-15 10:50:45 GS-1 -----------------------------------------------------
---[Monster]: Max RunDelay: 266; Max RunCount 3152
---[Human]: Max RunDelay: 16; [Socket]: Max RunDelay: 16
---[App]: Min PerSecRun: 77; Max RunDelay 0
-----------------------------------------------------
2019-09-15 10:54:04 GS-1 09-15 10:54:04 User = 0 / 0
2019-09-15 10:55:46 GS-1 -----------------------------------------------------
---[Monster]: Max RunDelay: 265; Max RunCount 3152
---[Human]: Max RunDelay: 31; [Socket]: Max RunDelay: 16
---[App]: Min PerSecRun: 76; Max RunDelay 0
-----------------------------------------------------
2019-09-15 11:00:47 GS-1 -----------------------------------------------------
---[Monster]: Max RunDelay: 282; Max RunCount 3152
---[Human]: Max RunDelay: 15; [Socket]: Max RunDelay: 16
---[App]: Min PerSecRun: 76; Max RunDelay 0
-----------------------------------------------------
2019-09-15 11:04:04 GS-1 09-15 11:04:04 User = 0 / 0
2019-09-15 11:05:48 GS-1 -----------------------------------------------------
---[Monster]: Max RunDelay: 281; Max RunCount 3148
---[Human]: Max RunDelay: 31; [Socket]: Max RunDelay: 16
---[App]: Min PerSecRun: 71; Max RunDelay 0
-----------------------------------------------------
2019-09-15 11:10:49 GS-1 -----------------------------------------------------
---[Monster]: Max RunDelay: 281; Max RunCount 3152
---[Human]: Max RunDelay: 32; [Socket]: Max RunDelay: 16
---[App]: Min PerSecRun: 76; Max RunDelay 0
-----------------------------------------------------
2019-09-15 11:14:04 GS-1 09-15 11:14:04 User = 0 / 0
2019-09-15 11:15:50 GS-1 -----------------------------------------------------
---[Monster]: Max RunDelay: 265; Max RunCount 3152
---[Human]: Max RunDelay: 16; [Socket]: Max RunDelay: 16
---[App]: Min PerSecRun: 76; Max RunDelay 0
-----------------------------------------------------
2019-09-15 11:20:51 GS-1 -----------------------------------------------------
---[Monster]: Max RunDelay: 266; Max RunCount 3152
---[Human]: Max RunDelay: 31; [Socket]: Max RunDelay: 15
---[App]: Min PerSecRun: 77; Max RunDelay 0
-----------------------------------------------------
2019-09-15 11:24:04 GS-1 09-15 11:24:04 User = 0 / 0
2019-09-15 11:25:52 GS-1 -----------------------------------------------------
---[Monster]: Max RunDelay: 359; Max RunCount 3152
---[Human]: Max RunDelay: 16; [Socket]: Max RunDelay: 15
---[App]: Min PerSecRun: 65; Max RunDelay 0
-----------------------------------------------------
2019-09-15 11:30:53 GS-1 -----------------------------------------------------
---[Monster]: Max RunDelay: 266; Max RunCount 3152
---[Human]: Max RunDelay: 31; [Socket]: Max RunDelay: 15
---[App]: Min PerSecRun: 77; Max RunDelay 0
-----------------------------------------------------
2019-09-15 11:34:04 GS-1 09-15 11:34:04 User = 0 / 0
2019-09-15 11:35:54 GS-1 -----------------------------------------------------
---[Monster]: Max RunDelay: 266; Max RunCount 3148
---[Human]: Max RunDelay: 31; [Socket]: Max RunDelay: 15
---[App]: Min PerSecRun: 77; Max RunDelay 0
-----------------------------------------------------
2019-09-15 11:40:55 GS-1 -----------------------------------------------------
---[Monster]: Max RunDelay: 266; Max RunCount 3148
---[Human]: Max RunDelay: 16; [Socket]: Max RunDelay: 15
---[App]: Min PerSecRun: 77; Max RunDelay 0
-----------------------------------------------------
2019-09-15 11:44:04 GS-1 09-15 11:44:04 User = 0 / 0
2019-09-15 11:44:05 GS-1 载入商城热销商品列表，共7个。
2019-09-15 11:44:05 GS-1 ==> 加载商城热销榜:5
2019-09-15 11:45:56 GS-1 -----------------------------------------------------
---[Monster]: Max RunDelay: 266; Max RunCount 3152
---[Human]: Max RunDelay: 32; [Socket]: Max RunDelay: 15
---[App]: Min PerSecRun: 77; Max RunDelay 0
-----------------------------------------------------
2019-09-15 11:50:57 GS-1 -----------------------------------------------------
---[Monster]: Max RunDelay: 250; Max RunCount 3189
---[Human]: Max RunDelay: 15; [Socket]: Max RunDelay: 0
---[App]: Min PerSecRun: 77; Max RunDelay 0
-----------------------------------------------------
2019-09-15 11:54:04 GS-1 09-15 11:54:04 User = 0 / 0
2019-09-15 11:55:58 GS-1 -----------------------------------------------------
---[Monster]: Max RunDelay: 266; Max RunCount 3198
---[Human]: Max RunDelay: 15; [Socket]: Max RunDelay: 15
---[App]: Min PerSecRun: 77; Max RunDelay 0
-----------------------------------------------------
2019-09-15 12:00:00 GS-1 载入商城物品列表，共5个类别，40种商品
2019-09-15 12:00:00 GS-1 ==> 加载商城物品 装饰类：11/11
2019-09-15 12:00:00 GS-1 ==> 加载商城物品 补给类：5/5
2019-09-15 12:00:00 GS-1 ==> 加载商城物品 强化类：14/14
2019-09-15 12:00:00 GS-1 ==> 加载商城物品 限量类：8/8
2019-09-15 12:00:00 GS-1 ==> 加载商城物品 好友类：2/2
2019-09-15 12:00:00 GS-1 ==> 加载商城物品 类：0/0
2019-09-15 12:00:00 GS-1 ==> 加载商城物品 类：0/0
2019-09-15 12:00:00 GS-1 ==> 加载商城物品 类：0/0
2019-09-15 12:00:59 GS-1 -----------------------------------------------------
---[Monster]: Max RunDelay: 266; Max RunCount 3189
---[Human]: Max RunDelay: 31; [Socket]: Max RunDelay: 15
---[App]: Min PerSecRun: 77; Max RunDelay 0
-----------------------------------------------------
2019-09-15 12:04:04 GS-1 09-15 12:04:04 User = 0 / 0
2019-09-15 12:06:00 GS-1 -----------------------------------------------------
---[Monster]: Max RunDelay: 266; Max RunCount 3198
---[Human]: Max RunDelay: 31; [Socket]: Max RunDelay: 15
---[App]: Min PerSecRun: 77; Max RunDelay 0
-----------------------------------------------------
2019-09-15 12:11:01 GS-1 -----------------------------------------------------
---[Monster]: Max RunDelay: 266; Max RunCount 3199
---[Human]: Max RunDelay: 15; [Socket]: Max RunDelay: 15
---[App]: Min PerSecRun: 77; Max RunDelay 0
-----------------------------------------------------
2019-09-15 12:13:08 GS-1 [Error]: GameGate ServerSocketError, ErrorCode=10061
2019-09-15 12:14:04 GS-1 09-15 12:14:04 User = 0 / 0
2019-09-15 12:16:02 GS-1 -----------------------------------------------------
---[Monster]: Max RunDelay: 282; Max RunCount 3190
---[Human]: Max RunDelay: 31; [Socket]: Max RunDelay: 16
---[App]: Min PerSecRun: 69; Max RunDelay 0
-----------------------------------------------------
2019-09-15 12:21:03 GS-1 -----------------------------------------------------
---[Monster]: Max RunDelay: 266; Max RunCount 3199
---[Human]: Max RunDelay: 32; [Socket]: Max RunDelay: 16
---[App]: Min PerSecRun: 76; Max RunDelay 0
-----------------------------------------------------
2019-09-15 12:24:04 GS-1 09-15 12:24:04 User = 0 / 0
2019-09-15 12:26:04 GS-1 -----------------------------------------------------
---[Monster]: Max RunDelay: 266; Max RunCount 3199
---[Human]: Max RunDelay: 16; [Socket]: Max RunDelay: 16
---[App]: Min PerSecRun: 77; Max RunDelay 0
-----------------------------------------------------
2019-09-15 12:31:05 GS-1 -----------------------------------------------------
---[Monster]: Max RunDelay: 281; Max RunCount 3199
---[Human]: Max RunDelay: 16; [Socket]: Max RunDelay: 0
---[App]: Min PerSecRun: 71; Max RunDelay 0
-----------------------------------------------------
2019-09-15 12:34:04 GS-1 09-15 12:34:04 User = 1 / 1
2019-09-15 12:36:06 GS-1 -----------------------------------------------------
---[Monster]: Max RunDelay: 282; Max RunCount 3199
---[Human]: Max RunDelay: 16; [Socket]: Max RunDelay: 16
---[App]: Min PerSecRun: 71; Max RunDelay 0
-----------------------------------------------------
2019-09-15 12:41:07 GS-1 -----------------------------------------------------
---[Monster]: Max RunDelay: 281; Max RunCount 3199
---[Human]: Max RunDelay: 32; [Socket]: Max RunDelay: 16
---[App]: Min PerSecRun: 71; Max RunDelay 0
-----------------------------------------------------
2019-09-15 12:44:04 GS-1 09-15 12:44:04 User = 2 / 2
2019-09-15 12:44:05 GS-1 载入商城热销商品列表，共7个。
2019-09-15 12:44:05 GS-1 ==> 加载商城热销榜:5
2019-09-15 12:46:08 GS-1 -----------------------------------------------------
---[Monster]: Max RunDelay: 282; Max RunCount 3199
---[Human]: Max RunDelay: 32; [Socket]: Max RunDelay: 16
---[App]: Min PerSecRun: 68; Max RunDelay 0
-----------------------------------------------------
2019-09-15 12:51:09 GS-1 -----------------------------------------------------
---[Monster]: Max RunDelay: 282; Max RunCount 3199
---[Human]: Max RunDelay: 31; [Socket]: Max RunDelay: 16
---[App]: Min PerSecRun: 74; Max RunDelay 0
-----------------------------------------------------
2019-09-15 12:54:04 GS-1 09-15 12:54:04 User = 2 / 2
2019-09-15 12:56:10 GS-1 -----------------------------------------------------
---[Monster]: Max RunDelay: 204; Max RunCount 3200
---[Human]: Max RunDelay: 32; [Socket]: Max RunDelay: 16
---[App]: Min PerSecRun: 70; Max RunDelay 0
-----------------------------------------------------
2019-09-15 13:01:11 GS-1 -----------------------------------------------------
---[Monster]: Max RunDelay: 157; Max RunCount 3200
---[Human]: Max RunDelay: 31; [Socket]: Max RunDelay: 16
---[App]: Min PerSecRun: 69; Max RunDelay 0
-----------------------------------------------------
2019-09-15 13:04:04 GS-1 09-15 13:04:04 User = 0 / 0
2019-09-15 13:06:12 GS-1 -----------------------------------------------------
---[Monster]: Max RunDelay: 172; Max RunCount 3205
---[Human]: Max RunDelay: 16; [Socket]: Max RunDelay: 16
---[App]: Min PerSecRun: 68; Max RunDelay 0
-----------------------------------------------------
2019-09-15 13:11:13 GS-1 -----------------------------------------------------
---[Monster]: Max RunDelay: 282; Max RunCount 3205
---[Human]: Max RunDelay: 16; [Socket]: Max RunDelay: 16
---[App]: Min PerSecRun: 70; Max RunDelay 0
-----------------------------------------------------
2019-09-15 13:14:04 GS-1 09-15 13:14:04 User = 1 / 1
2019-09-15 13:16:14 GS-1 -----------------------------------------------------
---[Monster]: Max RunDelay: 266; Max RunCount 3205
---[Human]: Max RunDelay: 31; [Socket]: Max RunDelay: 16
---[App]: Min PerSecRun: 74; Max RunDelay 0
-----------------------------------------------------
2019-09-15 13:21:15 GS-1 -----------------------------------------------------
---[Monster]: Max RunDelay: 266; Max RunCount 3165
---[Human]: Max RunDelay: 31; [Socket]: Max RunDelay: 16
---[App]: Min PerSecRun: 77; Max RunDelay 0
-----------------------------------------------------
2019-09-15 13:24:04 GS-1 09-15 13:24:04 User = 1 / 1
2019-09-15 13:26:16 GS-1 -----------------------------------------------------
---[Monster]: Max RunDelay: 282; Max RunCount 3156
---[Human]: Max RunDelay: 31; [Socket]: Max RunDelay: 16
---[App]: Min PerSecRun: 69; Max RunDelay 0
-----------------------------------------------------
2019-09-15 13:31:17 GS-1 -----------------------------------------------------
---[Monster]: Max RunDelay: 282; Max RunCount 3156
---[Human]: Max RunDelay: 31; [Socket]: Max RunDelay: 16
---[App]: Min PerSecRun: 76; Max RunDelay 0
-----------------------------------------------------
2019-09-15 13:34:04 GS-1 09-15 13:34:04 User = 1 / 1
2019-09-15 13:36:18 GS-1 -----------------------------------------------------
---[Monster]: Max RunDelay: 281; Max RunCount 3163
---[Human]: Max RunDelay: 15; [Socket]: Max RunDelay: 16
---[App]: Min PerSecRun: 73; Max RunDelay 0
-----------------------------------------------------
2019-09-15 13:41:19 GS-1 -----------------------------------------------------
---[Monster]: Max RunDelay: 281; Max RunCount 3160
---[Human]: Max RunDelay: 31; [Socket]: Max RunDelay: 16
---[App]: Min PerSecRun: 76; Max RunDelay 0
-----------------------------------------------------
2019-09-15 13:44:04 GS-1 09-15 13:44:04 User = 1 / 1
2019-09-15 13:44:05 GS-1 载入商城热销商品列表，共7个。
2019-09-15 13:44:05 GS-1 ==> 加载商城热销榜:5
2019-09-15 13:46:20 GS-1 -----------------------------------------------------
---[Monster]: Max RunDelay: 281; Max RunCount 3160
---[Human]: Max RunDelay: 16; [Socket]: Max RunDelay: 16
---[App]: Min PerSecRun: 76; Max RunDelay 0
-----------------------------------------------------
2019-09-15 13:51:21 GS-1 -----------------------------------------------------
---[Monster]: Max RunDelay: 266; Max RunCount 3200
---[Human]: Max RunDelay: 16; [Socket]: Max RunDelay: 16
---[App]: Min PerSecRun: 76; Max RunDelay 0
-----------------------------------------------------
2019-09-15 13:54:04 GS-1 09-15 13:54:04 User = 1 / 1
2019-09-15 13:56:22 GS-1 -----------------------------------------------------
---[Monster]: Max RunDelay: 296; Max RunCount 3200
---[Human]: Max RunDelay: 32; [Socket]: Max RunDelay: 16
---[App]: Min PerSecRun: 70; Max RunDelay 0
-----------------------------------------------------
2019-09-15 14:01:23 GS-1 -----------------------------------------------------
---[Monster]: Max RunDelay: 282; Max RunCount 3200
---[Human]: Max RunDelay: 16; [Socket]: Max RunDelay: 0
---[App]: Min PerSecRun: 69; Max RunDelay 0
-----------------------------------------------------
2019-09-15 14:04:04 GS-1 09-15 14:04:04 User = 1 / 1
2019-09-15 14:06:24 GS-1 -----------------------------------------------------
---[Monster]: Max RunDelay: 250; Max RunCount 3160
---[Human]: Max RunDelay: 31; [Socket]: Max RunDelay: 0
---[App]: Min PerSecRun: 76; Max RunDelay 0
-----------------------------------------------------
2019-09-15 14:11:25 GS-1 -----------------------------------------------------
---[Monster]: Max RunDelay: 265; Max RunCount 3161
---[Human]: Max RunDelay: 15; [Socket]: Max RunDelay: 0
---[App]: Min PerSecRun: 75; Max RunDelay 0
-----------------------------------------------------
2019-09-15 14:14:04 GS-1 09-15 14:14:04 User = 0 / 0
2019-09-15 14:16:26 GS-1 -----------------------------------------------------
---[Monster]: Max RunDelay: 265; Max RunCount 3161
---[Human]: Max RunDelay: 15; [Socket]: Max RunDelay: 16
---[App]: Min PerSecRun: 76; Max RunDelay 0
-----------------------------------------------------
2019-09-15 14:21:27 GS-1 -----------------------------------------------------
---[Monster]: Max RunDelay: 250; Max RunCount 3201
---[Human]: Max RunDelay: 31; [Socket]: Max RunDelay: 16
---[App]: Min PerSecRun: 76; Max RunDelay 0
-----------------------------------------------------
2019-09-15 14:24:04 GS-1 09-15 14:24:04 User = 0 / 0
2019-09-15 14:26:28 GS-1 -----------------------------------------------------
---[Monster]: Max RunDelay: 281; Max RunCount 3143
---[Human]: Max RunDelay: 16; [Socket]: Max RunDelay: 0
---[App]: Min PerSecRun: 71; Max RunDelay 0
-----------------------------------------------------
2019-09-15 14:31:29 GS-1 -----------------------------------------------------
---[Monster]: Max RunDelay: 266; Max RunCount 3201
---[Human]: Max RunDelay: 31; [Socket]: Max RunDelay: 16
---[App]: Min PerSecRun: 76; Max RunDelay 0
-----------------------------------------------------
2019-09-15 14:34:04 GS-1 09-15 14:34:04 User = 0 / 0
2019-09-15 14:36:30 GS-1 -----------------------------------------------------
---[Monster]: Max RunDelay: 266; Max RunCount 3162
---[Human]: Max RunDelay: 32; [Socket]: Max RunDelay: 16
---[App]: Min PerSecRun: 77; Max RunDelay 0
-----------------------------------------------------
2019-09-15 14:41:31 GS-1 -----------------------------------------------------
---[Monster]: Max RunDelay: 281; Max RunCount 3162
---[Human]: Max RunDelay: 16; [Socket]: Max RunDelay: 16
---[App]: Min PerSecRun: 73; Max RunDelay 0
-----------------------------------------------------
2019-09-15 14:44:04 GS-1 09-15 14:44:04 User = 0 / 0
2019-09-15 14:44:05 GS-1 载入商城热销商品列表，共7个。
2019-09-15 14:44:05 GS-1 ==> 加载商城热销榜:5
2019-09-15 14:46:32 GS-1 -----------------------------------------------------
---[Monster]: Max RunDelay: 266; Max RunCount 3162
---[Human]: Max RunDelay: 16; [Socket]: Max RunDelay: 0
---[App]: Min PerSecRun: 77; Max RunDelay 0
-----------------------------------------------------
2019-09-15 14:48:24 GS-1 [Error]: GameGate ServerSocketError, ErrorCode=10061
2019-09-15 14:48:24 GS-1 [Error]: GameGate ServerSocketError, ErrorCode=10061
2019-09-15 14:48:25 GS-1 [Error]: GameGate ServerSocketError, ErrorCode=10061
2019-09-15 14:48:26 GS-1 [Error]: GameGate ServerSocketError, ErrorCode=10061
2019-09-15 14:48:27 GS-1 [Error]: GameGate ServerSocketError, ErrorCode=10061
2019-09-15 14:48:27 GS-1 [Error]: GameGate ServerSocketError, ErrorCode=10061
2019-09-15 14:48:28 GS-1 [Error]: GameGate ServerSocketError, ErrorCode=10061
2019-09-15 14:48:28 GS-1 [Error]: GameGate ServerSocketError, ErrorCode=10061
2019-09-15 14:48:29 GS-1 [Error]: GameGate ServerSocketError, ErrorCode=10061
2019-09-15 14:48:29 GS-1 [Error]: GameGate ServerSocketError, ErrorCode=10061
2019-09-15 14:48:30 GS-1 [Error]: GameGate ServerSocketError, ErrorCode=10061
2019-09-15 14:48:30 GS-1 [Error]: GameGate ServerSocketError, ErrorCode=10061
2019-09-15 14:48:31 GS-1 [Error]: GameGate ServerSocketError, ErrorCode=10061
2019-09-15 14:48:31 GS-1 [Error]: GameGate ServerSocketError, ErrorCode=10061
2019-09-15 14:48:31 GS-1 [Error]: GameGate ServerSocketError, ErrorCode=10061
2019-09-15 14:48:32 GS-1 [Error]: GameGate ServerSocketError, ErrorCode=10061
2019-09-15 14:48:32 GS-1 [Error]: GameGate ServerSocketError, ErrorCode=10061
2019-09-15 14:48:33 GS-1 [Error]: GameGate ServerSocketError, ErrorCode=10061
2019-09-15 14:48:33 GS-1 [Error]: GameGate ServerSocketError, ErrorCode=10061
2019-09-15 14:48:34 GS-1 [Error]: GameGate ServerSocketError, ErrorCode=10061
2019-09-15 14:48:34 GS-1 [Error]: GameGate ServerSocketError, ErrorCode=10061
2019-09-15 14:48:35 GS-1 [Error]: GameGate ServerSocketError, ErrorCode=10061
2019-09-15 14:48:35 GS-1 [Error]: GameGate ServerSocketError, ErrorCode=10061
2019-09-15 14:48:35 GS-1 [Error]: GameGate ServerSocketError, ErrorCode=10061
2019-09-15 14:48:36 GS-1 [Error]: GameGate ServerSocketError, ErrorCode=10061
2019-09-15 14:48:36 GS-1 [Error]: GameGate ServerSocketError, ErrorCode=10061
2019-09-15 14:48:37 GS-1 [Error]: GameGate ServerSocketError, ErrorCode=10061
2019-09-15 14:48:37 GS-1 [Error]: GameGate ServerSocketError, ErrorCode=10061
2019-09-15 14:48:38 GS-1 [Error]: GameGate ServerSocketError, ErrorCode=10061
2019-09-15 14:48:38 GS-1 [Error]: GameGate ServerSocketError, ErrorCode=10061
2019-09-15 14:48:38 GS-1 [Error]: GameGate ServerSocketError, ErrorCode=10061
2019-09-15 14:48:39 GS-1 [Error]: GameGate ServerSocketError, ErrorCode=10061
2019-09-15 14:48:39 GS-1 [Error]: GameGate ServerSocketError, ErrorCode=10061
2019-09-15 14:48:40 GS-1 [Error]: GameGate ServerSocketError, ErrorCode=10061
2019-09-15 14:48:40 GS-1 [Error]: GameGate ServerSocketError, ErrorCode=10061
2019-09-15 14:48:41 GS-1 [Error]: GameGate ServerSocketError, ErrorCode=10061
2019-09-15 14:48:41 GS-1 [Error]: GameGate ServerSocketError, ErrorCode=10061
2019-09-15 14:48:42 GS-1 [Error]: GameGate ServerSocketError, ErrorCode=10061
2019-09-15 14:48:42 GS-1 [Error]: GameGate ServerSocketError, ErrorCode=10061
2019-09-15 14:51:33 GS-1 -----------------------------------------------------
---[Monster]: Max RunDelay: 282; Max RunCount 3162
---[Human]: Max RunDelay: 32; [Socket]: Max RunDelay: 16
---[App]: Min PerSecRun: 73; Max RunDelay 0
-----------------------------------------------------
2019-09-15 14:54:04 GS-1 09-15 14:54:04 User = 1 / 1
2019-09-15 14:56:34 GS-1 -----------------------------------------------------
---[Monster]: Max RunDelay: 281; Max RunCount 3162
---[Human]: Max RunDelay: 16; [Socket]: Max RunDelay: 16
---[App]: Min PerSecRun: 76; Max RunDelay 0
-----------------------------------------------------
2019-09-15 15:01:35 GS-1 -----------------------------------------------------
---[Monster]: Max RunDelay: 282; Max RunCount 3193
---[Human]: Max RunDelay: 16; [Socket]: Max RunDelay: 16
---[App]: Min PerSecRun: 74; Max RunDelay 0
-----------------------------------------------------
2019-09-15 15:04:04 GS-1 09-15 15:04:04 User = 1 / 1
2019-09-15 15:05:26 GS-1 [脚本(散财猪.pas)缺函数]: AfterScatterItems
2019-09-15 15:06:36 GS-1 -----------------------------------------------------
---[Monster]: Max RunDelay: 282; Max RunCount 3198
---[Human]: Max RunDelay: 16; [Socket]: Max RunDelay: 16
---[App]: Min PerSecRun: 70; Max RunDelay 0
-----------------------------------------------------
2019-09-15 15:11:37 GS-1 -----------------------------------------------------
---[Monster]: Max RunDelay: 297; Max RunCount 3204
---[Human]: Max RunDelay: 16; [Socket]: Max RunDelay: 16
---[App]: Min PerSecRun: 71; Max RunDelay 0
-----------------------------------------------------
2019-09-15 15:14:04 GS-1 09-15 15:14:04 User = 1 / 1
2019-09-15 15:16:38 GS-1 -----------------------------------------------------
---[Monster]: Max RunDelay: 282; Max RunCount 3206
---[Human]: Max RunDelay: 16; [Socket]: Max RunDelay: 16
---[App]: Min PerSecRun: 74; Max RunDelay 0
-----------------------------------------------------
2019-09-15 15:21:39 GS-1 -----------------------------------------------------
---[Monster]: Max RunDelay: 282; Max RunCount 3287
---[Human]: Max RunDelay: 16; [Socket]: Max RunDelay: 16
---[App]: Min PerSecRun: 70; Max RunDelay 0
-----------------------------------------------------
2019-09-15 15:24:04 GS-1 09-15 15:24:04 User = 1 / 1
2019-09-15 15:26:40 GS-1 -----------------------------------------------------
---[Monster]: Max RunDelay: 297; Max RunCount 3201
---[Human]: Max RunDelay: 31; [Socket]: Max RunDelay: 16
---[App]: Min PerSecRun: 68; Max RunDelay 0
-----------------------------------------------------
2019-09-15 15:31:41 GS-1 -----------------------------------------------------
---[Monster]: Max RunDelay: 282; Max RunCount 3216
---[Human]: Max RunDelay: 32; [Socket]: Max RunDelay: 16
---[App]: Min PerSecRun: 68; Max RunDelay 0
-----------------------------------------------------
2019-09-15 15:34:04 GS-1 09-15 15:34:04 User = 3 / 3
2019-09-15 15:36:42 GS-1 -----------------------------------------------------
---[Monster]: Max RunDelay: 297; Max RunCount 3178
---[Human]: Max RunDelay: 32; [Socket]: Max RunDelay: 16
---[App]: Min PerSecRun: 68; Max RunDelay 0
-----------------------------------------------------
2019-09-15 15:41:43 GS-1 -----------------------------------------------------
---[Monster]: Max RunDelay: 282; Max RunCount 3181
---[Human]: Max RunDelay: 47; [Socket]: Max RunDelay: 16
---[App]: Min PerSecRun: 69; Max RunDelay 0
-----------------------------------------------------
2019-09-15 15:44:04 GS-1 09-15 15:44:04 User = 2 / 2
2019-09-15 15:44:05 GS-1 载入商城热销商品列表，共7个。
2019-09-15 15:44:05 GS-1 ==> 加载商城热销榜:5
2019-09-15 15:46:44 GS-1 -----------------------------------------------------
---[Monster]: Max RunDelay: 281; Max RunCount 3267
---[Human]: Max RunDelay: 31; [Socket]: Max RunDelay: 16
---[App]: Min PerSecRun: 75; Max RunDelay 0
-----------------------------------------------------
2019-09-15 15:51:45 GS-1 -----------------------------------------------------
---[Monster]: Max RunDelay: 282; Max RunCount 3185
---[Human]: Max RunDelay: 31; [Socket]: Max RunDelay: 16
---[App]: Min PerSecRun: 70; Max RunDelay 0
-----------------------------------------------------
2019-09-15 15:54:04 GS-1 09-15 15:54:04 User = 3 / 3
2019-09-15 15:56:46 GS-1 -----------------------------------------------------
---[Monster]: Max RunDelay: 282; Max RunCount 3181
---[Human]: Max RunDelay: 31; [Socket]: Max RunDelay: 15
---[App]: Min PerSecRun: 68; Max RunDelay 0
-----------------------------------------------------
2019-09-15 16:01:47 GS-1 -----------------------------------------------------
---[Monster]: Max RunDelay: 297; Max RunCount 3181
---[Human]: Max RunDelay: 31; [Socket]: Max RunDelay: 15
---[App]: Min PerSecRun: 70; Max RunDelay 0
-----------------------------------------------------
2019-09-15 16:04:04 GS-1 09-15 16:04:04 User = 3 / 3
2019-09-15 16:06:48 GS-1 -----------------------------------------------------
---[Monster]: Max RunDelay: 297; Max RunCount 3223
---[Human]: Max RunDelay: 47; [Socket]: Max RunDelay: 16
---[App]: Min PerSecRun: 67; Max RunDelay 0
-----------------------------------------------------
2019-09-15 16:11:49 GS-1 -----------------------------------------------------
---[Monster]: Max RunDelay: 282; Max RunCount 3223
---[Human]: Max RunDelay: 32; [Socket]: Max RunDelay: 16
---[App]: Min PerSecRun: 70; Max RunDelay 0
-----------------------------------------------------
2019-09-15 16:14:04 GS-1 09-15 16:14:04 User = 3 / 3
2019-09-15 16:16:50 GS-1 -----------------------------------------------------
---[Monster]: Max RunDelay: 375; Max RunCount 3174
---[Human]: Max RunDelay: 32; [Socket]: Max RunDelay: 16
---[App]: Min PerSecRun: 68; Max RunDelay 0
-----------------------------------------------------
2019-09-15 16:21:51 GS-1 -----------------------------------------------------
---[Monster]: Max RunDelay: 359; Max RunCount 3230
---[Human]: Max RunDelay: 32; [Socket]: Max RunDelay: 16
---[App]: Min PerSecRun: 70; Max RunDelay 0
-----------------------------------------------------
2019-09-15 16:24:04 GS-1 09-15 16:24:04 User = 3 / 3
2019-09-15 16:26:52 GS-1 -----------------------------------------------------
---[Monster]: Max RunDelay: 296; Max RunCount 3232
---[Human]: Max RunDelay: 47; [Socket]: Max RunDelay: 16
---[App]: Min PerSecRun: 68; Max RunDelay 0
-----------------------------------------------------
2019-09-15 16:31:53 GS-1 -----------------------------------------------------
---[Monster]: Max RunDelay: 297; Max RunCount 3232
---[Human]: Max RunDelay: 31; [Socket]: Max RunDelay: 16
---[App]: Min PerSecRun: 68; Max RunDelay 0
-----------------------------------------------------
2019-09-15 16:34:04 GS-1 09-15 16:34:04 User = 3 / 3
2019-09-15 16:36:54 GS-1 -----------------------------------------------------
---[Monster]: Max RunDelay: 312; Max RunCount 3233
---[Human]: Max RunDelay: 47; [Socket]: Max RunDelay: 16
---[App]: Min PerSecRun: 67; Max RunDelay 0
-----------------------------------------------------
2019-09-15 16:41:55 GS-1 -----------------------------------------------------
---[Monster]: Max RunDelay: 312; Max RunCount 3227
---[Human]: Max RunDelay: 31; [Socket]: Max RunDelay: 16
---[App]: Min PerSecRun: 68; Max RunDelay 0
-----------------------------------------------------
2019-09-15 16:44:04 GS-1 09-15 16:44:04 User = 4 / 4
2019-09-15 16:44:05 GS-1 载入商城热销商品列表，共7个。
2019-09-15 16:44:05 GS-1 ==> 加载商城热销榜:5
2019-09-15 16:46:56 GS-1 -----------------------------------------------------
---[Monster]: Max RunDelay: 282; Max RunCount 3218
---[Human]: Max RunDelay: 31; [Socket]: Max RunDelay: 16
---[App]: Min PerSecRun: 72; Max RunDelay 0
-----------------------------------------------------
2019-09-15 16:51:57 GS-1 -----------------------------------------------------
---[Monster]: Max RunDelay: 282; Max RunCount 3236
---[Human]: Max RunDelay: 31; [Socket]: Max RunDelay: 16
---[App]: Min PerSecRun: 68; Max RunDelay 0
-----------------------------------------------------
2019-09-15 16:54:04 GS-1 09-15 16:54:04 User = 4 / 4
2019-09-15 16:56:58 GS-1 -----------------------------------------------------
---[Monster]: Max RunDelay: 296; Max RunCount 3322
---[Human]: Max RunDelay: 32; [Socket]: Max RunDelay: 16
---[App]: Min PerSecRun: 68; Max RunDelay 0
-----------------------------------------------------
2019-09-15 17:01:59 GS-1 -----------------------------------------------------
---[Monster]: Max RunDelay: 297; Max RunCount 3283
---[Human]: Max RunDelay: 47; [Socket]: Max RunDelay: 15
---[App]: Min PerSecRun: 68; Max RunDelay 0
-----------------------------------------------------
2019-09-15 17:04:04 GS-1 09-15 17:04:04 User = 4 / 4
2019-09-15 17:07:00 GS-1 -----------------------------------------------------
---[Monster]: Max RunDelay: 297; Max RunCount 3248
---[Human]: Max RunDelay: 47; [Socket]: Max RunDelay: 15
---[App]: Min PerSecRun: 69; Max RunDelay 0
-----------------------------------------------------
2019-09-15 17:12:01 GS-1 -----------------------------------------------------
---[Monster]: Max RunDelay: 282; Max RunCount 3239
---[Human]: Max RunDelay: 31; [Socket]: Max RunDelay: 15
---[App]: Min PerSecRun: 69; Max RunDelay 0
-----------------------------------------------------
2019-09-15 17:14:04 GS-1 09-15 17:14:04 User = 6 / 6
2019-09-15 17:17:02 GS-1 -----------------------------------------------------
---[Monster]: Max RunDelay: 297; Max RunCount 3207
---[Human]: Max RunDelay: 31; [Socket]: Max RunDelay: 15
---[App]: Min PerSecRun: 68; Max RunDelay 0
-----------------------------------------------------
2019-09-15 17:17:13 GS-1 [脚本(散财猪.pas)缺函数]: AfterScatterItems
2019-09-15 17:17:17 GS-1 [脚本(散财猪.pas)缺函数]: AfterScatterItems
2019-09-15 17:22:03 GS-1 -----------------------------------------------------
---[Monster]: Max RunDelay: 282; Max RunCount 3238
---[Human]: Max RunDelay: 31; [Socket]: Max RunDelay: 15
---[App]: Min PerSecRun: 69; Max RunDelay 0
-----------------------------------------------------
2019-09-15 17:24:04 GS-1 09-15 17:24:04 User = 6 / 6
2019-09-15 17:27:04 GS-1 -----------------------------------------------------
---[Monster]: Max RunDelay: 296; Max RunCount 3227
---[Human]: Max RunDelay: 46; [Socket]: Max RunDelay: 15
---[App]: Min PerSecRun: 69; Max RunDelay 0
-----------------------------------------------------
2019-09-15 17:32:05 GS-1 -----------------------------------------------------
---[Monster]: Max RunDelay: 297; Max RunCount 3238
---[Human]: Max RunDelay: 32; [Socket]: Max RunDelay: 15
---[App]: Min PerSecRun: 67; Max RunDelay 0
-----------------------------------------------------
2019-09-15 17:34:04 GS-1 09-15 17:34:04 User = 5 / 5
2019-09-15 17:37:06 GS-1 -----------------------------------------------------
---[Monster]: Max RunDelay: 297; Max RunCount 3210
---[Human]: Max RunDelay: 32; [Socket]: Max RunDelay: 15
---[App]: Min PerSecRun: 68; Max RunDelay 0
-----------------------------------------------------
2019-09-15 17:42:07 GS-1 -----------------------------------------------------
---[Monster]: Max RunDelay: 282; Max RunCount 3165
---[Human]: Max RunDelay: 32; [Socket]: Max RunDelay: 15
---[App]: Min PerSecRun: 68; Max RunDelay 0
-----------------------------------------------------
2019-09-15 17:44:04 GS-1 09-15 17:44:04 User = 5 / 5
2019-09-15 17:44:05 GS-1 载入商城热销商品列表，共7个。
2019-09-15 17:44:05 GS-1 ==> 加载商城热销榜:5
2019-09-15 17:47:08 GS-1 -----------------------------------------------------
---[Monster]: Max RunDelay: 313; Max RunCount 3223
---[Human]: Max RunDelay: 31; [Socket]: Max RunDelay: 15
---[App]: Min PerSecRun: 68; Max RunDelay 0
-----------------------------------------------------
2019-09-15 17:52:09 GS-1 -----------------------------------------------------
---[Monster]: Max RunDelay: 297; Max RunCount 3246
---[Human]: Max RunDelay: 47; [Socket]: Max RunDelay: 15
---[App]: Min PerSecRun: 68; Max RunDelay 0
-----------------------------------------------------
2019-09-15 17:54:04 GS-1 09-15 17:54:04 User = 7 / 7
2019-09-15 17:57:10 GS-1 -----------------------------------------------------
---[Monster]: Max RunDelay: 297; Max RunCount 3338
---[Human]: Max RunDelay: 31; [Socket]: Max RunDelay: 16
---[App]: Min PerSecRun: 68; Max RunDelay 0
-----------------------------------------------------
2019-09-15 18:02:11 GS-1 -----------------------------------------------------
---[Monster]: Max RunDelay: 297; Max RunCount 3337
---[Human]: Max RunDelay: 47; [Socket]: Max RunDelay: 16
---[App]: Min PerSecRun: 69; Max RunDelay 0
-----------------------------------------------------
2019-09-15 18:04:04 GS-1 09-15 18:04:04 User = 6 / 6
2019-09-15 18:07:12 GS-1 -----------------------------------------------------
---[Monster]: Max RunDelay: 282; Max RunCount 3318
---[Human]: Max RunDelay: 31; [Socket]: Max RunDelay: 16
---[App]: Min PerSecRun: 69; Max RunDelay 0
-----------------------------------------------------
2019-09-15 18:12:13 GS-1 -----------------------------------------------------
---[Monster]: Max RunDelay: 282; Max RunCount 3215
---[Human]: Max RunDelay: 31; [Socket]: Max RunDelay: 16
---[App]: Min PerSecRun: 69; Max RunDelay 0
-----------------------------------------------------
2019-09-15 18:14:04 GS-1 09-15 18:14:04 User = 6 / 6
2019-09-15 18:17:14 GS-1 -----------------------------------------------------
---[Monster]: Max RunDelay: 282; Max RunCount 3279
---[Human]: Max RunDelay: 31; [Socket]: Max RunDelay: 16
---[App]: Min PerSecRun: 71; Max RunDelay 0
-----------------------------------------------------
2019-09-15 18:22:15 GS-1 -----------------------------------------------------
---[Monster]: Max RunDelay: 282; Max RunCount 3226
---[Human]: Max RunDelay: 31; [Socket]: Max RunDelay: 16
---[App]: Min PerSecRun: 69; Max RunDelay 0
-----------------------------------------------------
2019-09-15 18:24:04 GS-1 09-15 18:24:04 User = 4 / 4
2019-09-15 18:27:16 GS-1 -----------------------------------------------------
---[Monster]: Max RunDelay: 297; Max RunCount 3225
---[Human]: Max RunDelay: 31; [Socket]: Max RunDelay: 16
---[App]: Min PerSecRun: 68; Max RunDelay 0
-----------------------------------------------------
2019-09-15 18:32:17 GS-1 -----------------------------------------------------
---[Monster]: Max RunDelay: 297; Max RunCount 3245
---[Human]: Max RunDelay: 32; [Socket]: Max RunDelay: 16
---[App]: Min PerSecRun: 70; Max RunDelay 0
-----------------------------------------------------
2019-09-15 18:34:04 GS-1 09-15 18:34:04 User = 5 / 5
2019-09-15 18:35:29 GS-1 [脚本(修炼圣地-3.pas)缺函数]: ForgeDiaYB
2019-09-15 18:35:29 GS-1 --ReInitializet-- 因为点击NPC失败，重新刷新NPC...
2019-09-15 18:37:18 GS-1 -----------------------------------------------------
---[Monster]: Max RunDelay: 282; Max RunCount 3338
---[Human]: Max RunDelay: 32; [Socket]: Max RunDelay: 16
---[App]: Min PerSecRun: 69; Max RunDelay 0
-----------------------------------------------------
2019-09-15 18:42:19 GS-1 -----------------------------------------------------
---[Monster]: Max RunDelay: 282; Max RunCount 3336
---[Human]: Max RunDelay: 47; [Socket]: Max RunDelay: 16
---[App]: Min PerSecRun: 68; Max RunDelay 0
-----------------------------------------------------
2019-09-15 18:44:04 GS-1 09-15 18:44:04 User = 4 / 4
2019-09-15 18:44:05 GS-1 载入商城热销商品列表，共9个。
2019-09-15 18:44:05 GS-1 ==> 加载商城热销榜:5
2019-09-15 18:47:20 GS-1 -----------------------------------------------------
---[Monster]: Max RunDelay: 406; Max RunCount 3296
---[Human]: Max RunDelay: 187; [Socket]: Max RunDelay: 16
---[App]: Min PerSecRun: 60; Max RunDelay 0
-----------------------------------------------------
2019-09-15 18:52:20 GS-1 -----------------------------------------------------
---[Monster]: Max RunDelay: 422; Max RunCount 3242
---[Human]: Max RunDelay: 109; [Socket]: Max RunDelay: 16
---[App]: Min PerSecRun: 59; Max RunDelay 0
-----------------------------------------------------
2019-09-15 18:54:04 GS-1 09-15 18:54:04 User = 4 / 4
2019-09-15 18:57:20 GS-1 -----------------------------------------------------
---[Monster]: Max RunDelay: 407; Max RunCount 3234
---[Human]: Max RunDelay: 63; [Socket]: Max RunDelay: 16
---[App]: Min PerSecRun: 58; Max RunDelay 0
-----------------------------------------------------
2019-09-15 19:02:20 GS-1 -----------------------------------------------------
---[Monster]: Max RunDelay: 282; Max RunCount 3346
---[Human]: Max RunDelay: 32; [Socket]: Max RunDelay: 16
---[App]: Min PerSecRun: 69; Max RunDelay 0
-----------------------------------------------------
2019-09-15 19:04:04 GS-1 09-15 19:04:04 User = 5 / 5
2019-09-15 19:07:21 GS-1 -----------------------------------------------------
---[Monster]: Max RunDelay: 282; Max RunCount 3261
---[Human]: Max RunDelay: 32; [Socket]: Max RunDelay: 16
---[App]: Min PerSecRun: 69; Max RunDelay 0
-----------------------------------------------------
2019-09-15 19:12:22 GS-1 -----------------------------------------------------
---[Monster]: Max RunDelay: 282; Max RunCount 3262
---[Human]: Max RunDelay: 47; [Socket]: Max RunDelay: 16
---[App]: Min PerSecRun: 68; Max RunDelay 0
-----------------------------------------------------
2019-09-15 19:14:04 GS-1 09-15 19:14:04 User = 6 / 6
2019-09-15 19:17:23 GS-1 -----------------------------------------------------
---[Monster]: Max RunDelay: 422; Max RunCount 3253
---[Human]: Max RunDelay: 32; [Socket]: Max RunDelay: 16
---[App]: Min PerSecRun: 59; Max RunDelay 0
-----------------------------------------------------
2019-09-15 19:22:23 GS-1 -----------------------------------------------------
---[Monster]: Max RunDelay: 453; Max RunCount 3263
---[Human]: Max RunDelay: 47; [Socket]: Max RunDelay: 15
---[App]: Min PerSecRun: 62; Max RunDelay 0
-----------------------------------------------------
2019-09-15 19:24:04 GS-1 09-15 19:24:04 User = 6 / 6
2019-09-15 19:27:24 GS-1 -----------------------------------------------------
---[Monster]: Max RunDelay: 406; Max RunCount 3248
---[Human]: Max RunDelay: 94; [Socket]: Max RunDelay: 16
---[App]: Min PerSecRun: 62; Max RunDelay 0
-----------------------------------------------------
2019-09-15 19:32:25 GS-1 -----------------------------------------------------
---[Monster]: Max RunDelay: 390; Max RunCount 3342
---[Human]: Max RunDelay: 188; [Socket]: Max RunDelay: 16
---[App]: Min PerSecRun: 61; Max RunDelay 0
-----------------------------------------------------
2019-09-15 19:34:04 GS-1 09-15 19:34:04 User = 5 / 5
2019-09-15 19:37:26 GS-1 -----------------------------------------------------
---[Monster]: Max RunDelay: 188; Max RunCount 3258
---[Human]: Max RunDelay: 32; [Socket]: Max RunDelay: 16
---[App]: Min PerSecRun: 72; Max RunDelay 0
-----------------------------------------------------
2019-09-15 19:42:27 GS-1 -----------------------------------------------------
---[Monster]: Max RunDelay: 172; Max RunCount 3263
---[Human]: Max RunDelay: 32; [Socket]: Max RunDelay: 15
---[App]: Min PerSecRun: 75; Max RunDelay 0
-----------------------------------------------------
2019-09-15 19:44:04 GS-1 09-15 19:44:04 User = 5 / 5
2019-09-15 19:44:05 GS-1 载入商城热销商品列表，共9个。
2019-09-15 19:44:05 GS-1 ==> 加载商城热销榜:5
2019-09-15 19:47:28 GS-1 -----------------------------------------------------
---[Monster]: Max RunDelay: 281; Max RunCount 3257
---[Human]: Max RunDelay: 32; [Socket]: Max RunDelay: 15
---[App]: Min PerSecRun: 69; Max RunDelay 0
-----------------------------------------------------
2019-09-15 19:52:29 GS-1 -----------------------------------------------------
---[Monster]: Max RunDelay: 282; Max RunCount 3225
---[Human]: Max RunDelay: 46; [Socket]: Max RunDelay: 16
---[App]: Min PerSecRun: 69; Max RunDelay 0
-----------------------------------------------------
2019-09-15 19:54:04 GS-1 09-15 19:54:04 User = 6 / 6
2019-09-15 19:54:17 GS-1 [脚本(修炼圣地-3.pas)缺函数]: ForgeDiaYB
2019-09-15 19:54:17 GS-1 --ReInitializet-- 因为点击NPC失败，重新刷新NPC...
2019-09-15 19:57:30 GS-1 -----------------------------------------------------
---[Monster]: Max RunDelay: 296; Max RunCount 3216
---[Human]: Max RunDelay: 31; [Socket]: Max RunDelay: 16
---[App]: Min PerSecRun: 69; Max RunDelay 0
-----------------------------------------------------
2019-09-15 20:02:31 GS-1 -----------------------------------------------------
---[Monster]: Max RunDelay: 282; Max RunCount 3309
---[Human]: Max RunDelay: 46; [Socket]: Max RunDelay: 15
---[App]: Min PerSecRun: 69; Max RunDelay 0
-----------------------------------------------------
2019-09-15 20:04:04 GS-1 09-15 20:04:04 User = 6 / 6
2019-09-15 20:07:32 GS-1 -----------------------------------------------------
---[Monster]: Max RunDelay: 281; Max RunCount 3312
---[Human]: Max RunDelay: 31; [Socket]: Max RunDelay: 15
---[App]: Min PerSecRun: 68; Max RunDelay 0
-----------------------------------------------------
2019-09-15 20:12:33 GS-1 -----------------------------------------------------
---[Monster]: Max RunDelay: 282; Max RunCount 3313
---[Human]: Max RunDelay: 31; [Socket]: Max RunDelay: 15
---[App]: Min PerSecRun: 68; Max RunDelay 0
-----------------------------------------------------
2019-09-15 20:14:04 GS-1 09-15 20:14:04 User = 5 / 5
2019-09-15 20:17:33 GS-1 -----------------------------------------------------
---[Monster]: Max RunDelay: 516; Max RunCount 3195
---[Human]: Max RunDelay: 63; [Socket]: Max RunDelay: 15
---[App]: Min PerSecRun: 56; Max RunDelay 0
-----------------------------------------------------
2019-09-15 20:20:38 GS-1 20:20:39 Gate 1 (106.54.52.209) 关闭
2019-09-15 20:20:44 GS-1 释放--魔龙冰晶升级对象--结束
2019-09-15 20:20:44 GS-1 释放--天赐宝箱1--结束
2019-09-15 20:20:44 GS-1 释放--天赐宝箱2--结束
2019-09-15 20:20:44 GS-1 释放--一点充--结束
2019-09-15 20:20:44 GS-1 释放--事件管理对象--结束
2019-09-15 20:20:44 GS-1 释放--任务管理对象--结束
2019-09-15 20:20:44 GS-1 释放--升级提醒管理对象--结束
2019-09-15 20:20:44 GS-1 释放--GDMsg管理对象--结束
2019-09-15 20:20:44 GS-1 释放--跨地图寻路管理对象--结束
2019-09-15 20:20:44 GS-1 释放--沙巴克管理对象--结束
2019-09-15 20:20:44 GS-1 释放--中央活动服务器客户端--结束
2019-09-15 20:20:44 GS-1 释放--乾坤包--结束
2019-09-15 20:20:44 GS-1 正在清除模块-卧龙英雄管理-的配置表d:\Mud2.0\Mir200\Share\EngineConfig\卧龙英雄管理\Fortress-HERO1.txt
2019-09-15 20:20:44 GS-1 正在清除模块-卧龙英雄管理-的配置表d:\Mud2.0\Mir200\Share\EngineConfig\卧龙英雄管理\Fortress.txt
2019-09-15 20:20:44 GS-1 正在清除模块-游戏元素点阵管理-的配置表d:\Mud2.0\Mir200\Share\EngineConfig\游戏元素点阵管理\GMActEvent.txt
2019-09-15 20:20:44 GS-1 正在清除模块-信用分管理-的配置表d:\Mud2.0\Mir200\Share\EngineConfig\信用分管理\PlayerActivePoint.xml
2019-09-15 20:20:44 GS-1 正在清除模块-信用分管理-的配置表d:\Mud2.0\Mir200\Share\EngineConfig\信用分管理\MapActivePoint.xml
2019-09-15 20:20:44 GS-1 正在清除模块-摆摊交易-的配置表d:\Mud2.0\Mir200\Share\EngineConfig\摆摊交易\摊位基础设置.ini
2019-09-15 20:20:44 GS-1 正在清除模块-元宝商城管理-的配置表d:\Mud2.0\Mir200\Share\EngineConfig\元宝商城管理\YBGoods.sql
2019-09-15 20:20:44 GS-1 正在清除模块-小助手管理-的配置表d:\Mud2.0\Mir200\Share\EngineConfig\小助手管理\小助手.txt
2019-09-15 20:20:44 GS-1 正在清除模块-静态地图管理-的配置表d:\Mud2.0\Mir200\Share\EngineConfig\静态地图管理\MapDropLimitBagItems.xml
2019-09-15 20:20:44 GS-1 正在清除模块-装备合成管理-的配置表d:\Mud2.0\Mir200\Share\EngineConfig\装备合成管理\StrengthenEquip.xml
2019-09-15 20:20:44 GS-1 正在清除模块-藏宝图管理-的配置表d:\Mud2.0\Mir200\Share\EngineConfig\藏宝图管理\修复藏宝图.txt
2019-09-15 20:20:44 GS-1 正在清除模块-藏宝图管理-的配置表d:\Mud2.0\Mir200\Share\EngineConfig\藏宝图管理\魔龙藏宝图合成装备.txt
2019-09-15 20:20:44 GS-1 正在清除模块-衣服升级管理-的配置表d:\Mud2.0\Mir200\Share\EngineConfig\衣服升级管理\UpdateClothes.xml
2019-09-15 20:20:44 GS-1 正在清除模块-道具管理-的配置表d:\Mud2.0\Mir200\Share\EngineConfig\道具管理\宝石配置.txt
2019-09-15 20:20:44 GS-1 正在清除模块-世界暴率管理-的配置表d:\Mud2.0\Mir200\Share\EngineConfig\世界暴率管理\世界爆率文件1.txt
2019-09-15 20:20:44 GS-1 释放--跨GS消息管理对象--结束
2019-09-15 20:20:44 GS-1 释放--gate管理对象--结束
2019-09-15 20:20:44 GS-1 释放--魔法管理对象--结束
2019-09-15 20:20:44 GS-1 释放--套装管理对象--结束
2019-09-15 20:20:44 GS-1 释放--新暴率管理对象--结束
2019-09-15 20:20:44 GS-1 释放--角色信息初始化管理对象--结束
2019-09-15 20:20:44 GS-1 释放--GS本地日志--结束
2019-09-15 20:20:44 GS-1 释放--DBEngn对象--结束
2019-09-15 20:20:44 GS-1 释放--任务列表--结束
2019-09-15 20:20:44 GS-1 释放--buffer管理类--结束
2019-09-15 20:20:44 GS-1 释放--排行榜--结束
2019-09-15 20:20:44 GS-1 释放--免费回收--结束
2019-09-15 20:20:44 GS-1 释放--mysql对象--结束
2019-09-15 20:20:44 GS-1 ================ 服务停止 ==============
