2019-07-03 09:37:46 GS-1 SetForm:hero_lv_exp.txt文件不存在
2019-07-03 09:37:46 GS-1 SetForm:hero_lv_nq.txt文件不存在
2019-07-03 09:37:46 GS-1 -----------------------------------------------------
---[Monster]: Max RunDelay: 0; Max RunCount 0
---[Human]: Max RunDelay: 0; [Socket]: Max RunDelay: 0
---[App]: Min PerSecRun: 100; Max RunDelay 0
-----------------------------------------------------
2019-07-03 09:37:46 GS-1 ================ 服务启动 ==============
2019-07-03 09:37:46 GS-1 TPlayerBody Size - 1616
2019-07-03 09:37:46 GS-1 TPlayerDB Size - 61608
2019-07-03 09:37:46 GS-1 ======== 连接MySQL成功 =======
2019-07-03 09:37:46 GS-1 *** ***Gamelog 的下次清理时间为 : 07月10日03时*** ***
2019-07-03 09:37:46 GS-1 ==加载GM指令定义完成==
2019-07-03 09:37:46 GS-1 与 DB 服务器连接成功
2019-07-03 09:37:46 GS-1 [Error]: 抽取概率错误:赤金天赐->宝箱1:概率7
2019-07-03 09:37:46 GS-1 [Error]: 抽取概率错误:白银天赐->宝箱1:概率7
2019-07-03 09:37:46 GS-1 [Error]: 抽取概率错误:紫铜天赐->宝箱1:概率7
2019-07-03 09:37:46 GS-1 [Error]: 抽取概率错误:神秘天赐->宝箱1:概率7
2019-07-03 09:37:46 GS-1 [Error]: 抽取概率错误:檀木天赐->宝箱1:概率7
2019-07-03 09:37:46 GS-1 [Error]: 抽取概率错误:宝藏天赐 ->宝箱1:概率7
2019-07-03 09:37:46 GS-1 [Error]: StdItems 不存在的天赐：新年天赐
2019-07-03 09:37:46 GS-1 [Error]: StdItems 不存在的钥匙：新年钥匙
2019-07-03 09:37:46 GS-1 [Error]: StdItems 不存在的钥匙：春节钥匙
2019-07-03 09:37:46 GS-1 [Error]: StdItems 不存在的钥匙：节日钥匙
2019-07-03 09:37:46 GS-1 [Error]: StdItems 不存在的天赐：感恩天赐
2019-07-03 09:37:46 GS-1 [Error]: StdItems 不存在的钥匙：感恩钥匙
2019-07-03 09:37:46 GS-1 系统参数初始化完毕
2019-07-03 09:37:46 GS-1 准备加载NPC，共498个
2019-07-03 09:37:46 GS-1 已加载d:\Mud2.0\Mir200\Share\EngineConfig\系统信息管理\RollMsg.txt！
2019-07-03 09:37:46 GS-1 已加载d:\Mud2.0\Mir200\Share\EngineConfig\系统信息管理\掉落物品提示.txt！
2019-07-03 09:37:46 GS-1 已加载d:\Mud2.0\Mir200\Share\EngineConfig\卧龙英雄管理\Fortress.txt！
2019-07-03 09:37:46 GS-1 已加载d:\Mud2.0\Mir200\Share\EngineConfig\游戏元素点阵管理\GMActEvent.txt！
2019-07-03 09:37:46 GS-1    加载邮件信息成功,加载0个玩家的邮件。
2019-07-03 09:37:46 GS-1    加载邮件信息成功,加载0个玩家的邮件。
2019-07-03 09:37:46 GS-1 已加载d:\Mud2.0\Mir200\Share\EngineConfig\摆摊交易\摊位基础设置.ini！
2019-07-03 09:37:46 GS-1 刷新摊位过期将在2:55执行！
2019-07-03 09:37:46 GS-1   加载Stall成功，共加载摊位0个
2019-07-03 09:37:46 GS-1 [Information]: 寄售表创建成功!
2019-07-03 09:37:46 GS-1 [Information]: 寄售历史表创建成功!
2019-07-03 09:37:46 GS-1 [Information]: 更新超时订单成功!
2019-07-03 09:37:46 GS-1 已加载刷新商城时间：00:00:00.
2019-07-03 09:37:46 GS-1 已加载刷新商城时间：06:00:00.
2019-07-03 09:37:46 GS-1 已加载刷新商城时间：12:00:00.
2019-07-03 09:37:46 GS-1 载入商城物品列表，共5个类别，30种商品
2019-07-03 09:37:46 GS-1 ==> 加载商城物品 装饰类：2/2
2019-07-03 09:37:46 GS-1 ==> 加载商城物品 补给类：8/8
2019-07-03 09:37:46 GS-1 ==> 加载商城物品 强化类：15/15
2019-07-03 09:37:46 GS-1 ==> 加载商城物品 好友类：2/2
2019-07-03 09:37:46 GS-1 ==> 加载商城物品 限量类：3/3
2019-07-03 09:37:46 GS-1 ==> 加载商城物品 类：0/0
2019-07-03 09:37:46 GS-1 ==> 加载商城物品 类：0/0
2019-07-03 09:37:46 GS-1 ==> 加载商城物品 类：0/0
2019-07-03 09:37:46 GS-1    [删除错误数据] 删除用户表中不存在的战队成员
2019-07-03 09:37:46 GS-1    [删除错误数据] 清除战队队长不存在的项
2019-07-03 09:37:46 GS-1    [删除错误数据] 不存在战队的成员
2019-07-03 09:37:46 GS-1    正在加载战队...
2019-07-03 09:37:46 GS-1    战队表数量 : 0
2019-07-03 09:37:46 GS-1    加载战队数量:0
2019-07-03 09:37:46 GS-1    正在加载战队成员...
2019-07-03 09:37:46 GS-1    战队成员总数:0 加载成员数:0
2019-07-03 09:37:46 GS-1    正在检测战队数据有效性...
2019-07-03 09:37:46 GS-1    战队数据有效性检测完毕
2019-07-03 09:37:46 GS-1    [删除错误数据] 清除会长战队不存在行会
2019-07-03 09:37:46 GS-1    [删除错误数据] 清除行会不存在的行会成员
2019-07-03 09:37:46 GS-1    [删除错误数据] 清除行会不存在的行会关系ID排列错误的项
2019-07-03 09:37:46 GS-1    [删除错误数据] 清除行会不存在行会关系
2019-07-03 09:37:46 GS-1    [删除错误数据] 清除行会不存在关注行会
2019-07-03 09:37:46 GS-1    加载行会数量 : 0
2019-07-03 09:37:46 GS-1    加载行会成员(战队)数量 : 0
2019-07-03 09:37:46 GS-1    加载行会关系数量 : 0
2019-07-03 09:37:46 GS-1    加载关注行会数量 : 0
2019-07-03 09:37:46 GS-1    加载请求数量:0
2019-07-03 09:37:46 GS-1 [Error]: 小助手 不存在！
2019-07-03 09:37:46 GS-1 D411地图配置在MapInfo.txt 中不是LIMITBAGITEMDROP属性
2019-07-03 09:37:46 GS-1 D415地图配置在MapInfo.txt 中不是LIMITBAGITEMDROP属性
2019-07-03 09:37:46 GS-1 D416地图配置在MapInfo.txt 中不是LIMITBAGITEMDROP属性
2019-07-03 09:37:46 GS-1 信用分验证功能：关
2019-07-03 09:37:46 GS-1 GS脚本版本号：10001
2019-07-03 09:37:46 GS-1 更新排行榜，共计：3 页
2019-07-03 09:38:11 GS-1 载入商城热销商品列表，共6个。
2019-07-03 09:38:11 GS-1 ==> 加载商城热销榜:5
2019-07-03 09:38:15 GS-1 Gate 1 开启
2019-07-03 09:42:48 GS-1 -----------------------------------------------------
---[Monster]: Max RunDelay: 282; Max RunCount 3130
---[Human]: Max RunDelay: 78; [Socket]: Max RunDelay: 63
---[App]: Min PerSecRun: 75; Max RunDelay 0
-----------------------------------------------------
2019-07-03 09:47:49 GS-1 -----------------------------------------------------
---[Monster]: Max RunDelay: 359; Max RunCount 3141
---[Human]: Max RunDelay: 31; [Socket]: Max RunDelay: 16
---[App]: Min PerSecRun: 61; Max RunDelay 0
-----------------------------------------------------
2019-07-03 09:48:10 GS-1 07-03 09:48:10 User = 0 / 0
2019-07-03 09:52:50 GS-1 -----------------------------------------------------
---[Monster]: Max RunDelay: 265; Max RunCount 3150
---[Human]: Max RunDelay: 15; [Socket]: Max RunDelay: 16
---[App]: Min PerSecRun: 75; Max RunDelay 0
-----------------------------------------------------
2019-07-03 09:57:51 GS-1 -----------------------------------------------------
---[Monster]: Max RunDelay: 375; Max RunCount 3151
---[Human]: Max RunDelay: 31; [Socket]: Max RunDelay: 16
---[App]: Min PerSecRun: 61; Max RunDelay 0
-----------------------------------------------------
2019-07-03 09:58:10 GS-1 07-03 09:58:10 User = 1 / 1
2019-07-03 10:02:52 GS-1 -----------------------------------------------------
---[Monster]: Max RunDelay: 312; Max RunCount 3108
---[Human]: Max RunDelay: 32; [Socket]: Max RunDelay: 16
---[App]: Min PerSecRun: 73; Max RunDelay 0
-----------------------------------------------------
2019-07-03 10:07:53 GS-1 -----------------------------------------------------
---[Monster]: Max RunDelay: 266; Max RunCount 3151
---[Human]: Max RunDelay: 31; [Socket]: Max RunDelay: 0
---[App]: Min PerSecRun: 75; Max RunDelay 0
-----------------------------------------------------
2019-07-03 10:08:10 GS-1 07-03 10:08:10 User = 1 / 1
2019-07-03 10:12:54 GS-1 -----------------------------------------------------
---[Monster]: Max RunDelay: 281; Max RunCount 3151
---[Human]: Max RunDelay: 32; [Socket]: Max RunDelay: 16
---[App]: Min PerSecRun: 74; Max RunDelay 0
-----------------------------------------------------
2019-07-03 10:17:55 GS-1 -----------------------------------------------------
---[Monster]: Max RunDelay: 297; Max RunCount 3151
---[Human]: Max RunDelay: 31; [Socket]: Max RunDelay: 15
---[App]: Min PerSecRun: 73; Max RunDelay 0
-----------------------------------------------------
2019-07-03 10:18:10 GS-1 07-03 10:18:10 User = 0 / 0
2019-07-03 10:22:56 GS-1 -----------------------------------------------------
---[Monster]: Max RunDelay: 281; Max RunCount 3151
---[Human]: Max RunDelay: 31; [Socket]: Max RunDelay: 15
---[App]: Min PerSecRun: 77; Max RunDelay 0
-----------------------------------------------------
2019-07-03 10:27:57 GS-1 -----------------------------------------------------
---[Monster]: Max RunDelay: 297; Max RunCount 3151
---[Human]: Max RunDelay: 94; [Socket]: Max RunDelay: 0
---[App]: Min PerSecRun: 66; Max RunDelay 0
-----------------------------------------------------
2019-07-03 10:28:10 GS-1 07-03 10:28:10 User = 0 / 0
2019-07-03 10:32:58 GS-1 -----------------------------------------------------
---[Monster]: Max RunDelay: 265; Max RunCount 3151
---[Human]: Max RunDelay: 31; [Socket]: Max RunDelay: 16
---[App]: Min PerSecRun: 75; Max RunDelay 0
-----------------------------------------------------
2019-07-03 10:37:58 GS-1 -----------------------------------------------------
---[Monster]: Max RunDelay: 328; Max RunCount 3134
---[Human]: Max RunDelay: 62; [Socket]: Max RunDelay: 16
---[App]: Min PerSecRun: 69; Max RunDelay 0
-----------------------------------------------------
2019-07-03 10:38:10 GS-1 07-03 10:38:10 User = 1 / 1
2019-07-03 10:38:11 GS-1 载入商城热销商品列表，共6个。
2019-07-03 10:38:11 GS-1 ==> 加载商城热销榜:5
2019-07-03 10:42:59 GS-1 -----------------------------------------------------
---[Monster]: Max RunDelay: 343; Max RunCount 3152
---[Human]: Max RunDelay: 16; [Socket]: Max RunDelay: 16
---[App]: Min PerSecRun: 73; Max RunDelay 0
-----------------------------------------------------
2019-07-03 10:48:00 GS-1 -----------------------------------------------------
---[Monster]: Max RunDelay: 266; Max RunCount 3152
---[Human]: Max RunDelay: 31; [Socket]: Max RunDelay: 16
---[App]: Min PerSecRun: 76; Max RunDelay 0
-----------------------------------------------------
2019-07-03 10:48:10 GS-1 07-03 10:48:10 User = 0 / 0
2019-07-03 10:53:01 GS-1 -----------------------------------------------------
---[Monster]: Max RunDelay: 313; Max RunCount 3152
---[Human]: Max RunDelay: 47; [Socket]: Max RunDelay: 16
---[App]: Min PerSecRun: 69; Max RunDelay 0
-----------------------------------------------------
2019-07-03 10:58:02 GS-1 -----------------------------------------------------
---[Monster]: Max RunDelay: 312; Max RunCount 3151
---[Human]: Max RunDelay: 47; [Socket]: Max RunDelay: 0
---[App]: Min PerSecRun: 74; Max RunDelay 0
-----------------------------------------------------
2019-07-03 10:58:10 GS-1 07-03 10:58:10 User = 0 / 0
2019-07-03 11:03:03 GS-1 -----------------------------------------------------
---[Monster]: Max RunDelay: 296; Max RunCount 3152
---[Human]: Max RunDelay: 47; [Socket]: Max RunDelay: 15
---[App]: Min PerSecRun: 74; Max RunDelay 0
-----------------------------------------------------
2019-07-03 11:08:04 GS-1 -----------------------------------------------------
---[Monster]: Max RunDelay: 328; Max RunCount 3152
---[Human]: Max RunDelay: 47; [Socket]: Max RunDelay: 16
---[App]: Min PerSecRun: 70; Max RunDelay 0
-----------------------------------------------------
2019-07-03 11:08:10 GS-1 07-03 11:08:10 User = 1 / 1
2019-07-03 11:13:05 GS-1 -----------------------------------------------------
---[Monster]: Max RunDelay: 282; Max RunCount 3152
---[Human]: Max RunDelay: 47; [Socket]: Max RunDelay: 0
---[App]: Min PerSecRun: 75; Max RunDelay 0
-----------------------------------------------------
2019-07-03 11:18:06 GS-1 -----------------------------------------------------
---[Monster]: Max RunDelay: 422; Max RunCount 3152
---[Human]: Max RunDelay: 47; [Socket]: Max RunDelay: 16
---[App]: Min PerSecRun: 54; Max RunDelay 0
-----------------------------------------------------
2019-07-03 11:18:10 GS-1 07-03 11:18:10 User = 0 / 0
2019-07-03 11:23:08 GS-1 -----------------------------------------------------
---[Monster]: Max RunDelay: 343; Max RunCount 3107
---[Human]: Max RunDelay: 63; [Socket]: Max RunDelay: 16
---[App]: Min PerSecRun: 59; Max RunDelay 0
-----------------------------------------------------
2019-07-03 11:28:09 GS-1 -----------------------------------------------------
---[Monster]: Max RunDelay: 375; Max RunCount 3152
---[Human]: Max RunDelay: 16; [Socket]: Max RunDelay: 31
---[App]: Min PerSecRun: 71; Max RunDelay 0
-----------------------------------------------------
2019-07-03 11:28:11 GS-1 07-03 11:28:11 User = 0 / 0
2019-07-03 11:30:03 GS-1 [Error]: GameGate ServerSocketError, ErrorCode=10061
2019-07-03 11:30:03 GS-1 [Error]: GameGate ServerSocketError, ErrorCode=10061
2019-07-03 11:30:03 GS-1 [Error]: GameGate ServerSocketError, ErrorCode=10061
2019-07-03 11:33:10 GS-1 -----------------------------------------------------
---[Monster]: Max RunDelay: 281; Max RunCount 3151
---[Human]: Max RunDelay: 32; [Socket]: Max RunDelay: 15
---[App]: Min PerSecRun: 71; Max RunDelay 0
-----------------------------------------------------
2019-07-03 11:37:39 GS-1 [Error]: GameGate ServerSocketError, ErrorCode=10061
2019-07-03 11:38:11 GS-1 07-03 11:38:11 User = 0 / 0
2019-07-03 11:38:11 GS-1 -----------------------------------------------------
---[Monster]: Max RunDelay: 266; Max RunCount 3152
---[Human]: Max RunDelay: 47; [Socket]: Max RunDelay: 15
---[App]: Min PerSecRun: 76; Max RunDelay 0
-----------------------------------------------------
2019-07-03 11:38:12 GS-1 载入商城热销商品列表，共6个。
2019-07-03 11:38:12 GS-1 ==> 加载商城热销榜:5
2019-07-03 11:43:12 GS-1 -----------------------------------------------------
---[Monster]: Max RunDelay: 219; Max RunCount 3152
---[Human]: Max RunDelay: 31; [Socket]: Max RunDelay: 15
---[App]: Min PerSecRun: 78; Max RunDelay 0
-----------------------------------------------------
2019-07-03 11:48:11 GS-1 07-03 11:48:11 User = 0 / 0
2019-07-03 11:48:13 GS-1 -----------------------------------------------------
---[Monster]: Max RunDelay: 234; Max RunCount 3152
---[Human]: Max RunDelay: 16; [Socket]: Max RunDelay: 0
---[App]: Min PerSecRun: 78; Max RunDelay 0
-----------------------------------------------------
2019-07-03 11:53:14 GS-1 -----------------------------------------------------
---[Monster]: Max RunDelay: 219; Max RunCount 3152
---[Human]: Max RunDelay: 16; [Socket]: Max RunDelay: 15
---[App]: Min PerSecRun: 77; Max RunDelay 0
-----------------------------------------------------
2019-07-03 11:58:11 GS-1 07-03 11:58:11 User = 0 / 0
2019-07-03 11:58:15 GS-1 -----------------------------------------------------
---[Monster]: Max RunDelay: 391; Max RunCount 3152
---[Human]: Max RunDelay: 32; [Socket]: Max RunDelay: 0
---[App]: Min PerSecRun: 68; Max RunDelay 0
-----------------------------------------------------
2019-07-03 12:00:00 GS-1 载入商城物品列表，共5个类别，30种商品
2019-07-03 12:00:00 GS-1 ==> 加载商城物品 装饰类：2/2
2019-07-03 12:00:00 GS-1 ==> 加载商城物品 补给类：8/8
2019-07-03 12:00:00 GS-1 ==> 加载商城物品 强化类：15/15
2019-07-03 12:00:00 GS-1 ==> 加载商城物品 好友类：2/2
2019-07-03 12:00:00 GS-1 ==> 加载商城物品 限量类：3/3
2019-07-03 12:00:00 GS-1 ==> 加载商城物品 类：0/0
2019-07-03 12:00:00 GS-1 ==> 加载商城物品 类：0/0
2019-07-03 12:00:00 GS-1 ==> 加载商城物品 类：0/0
2019-07-03 12:03:16 GS-1 -----------------------------------------------------
---[Monster]: Max RunDelay: 281; Max RunCount 3151
---[Human]: Max RunDelay: 15; [Socket]: Max RunDelay: 15
---[App]: Min PerSecRun: 78; Max RunDelay 0
-----------------------------------------------------
2019-07-03 12:08:11 GS-1 07-03 12:08:11 User = 0 / 0
2019-07-03 12:08:17 GS-1 -----------------------------------------------------
---[Monster]: Max RunDelay: 250; Max RunCount 3120
---[Human]: Max RunDelay: 32; [Socket]: Max RunDelay: 0
---[App]: Min PerSecRun: 79; Max RunDelay 0
-----------------------------------------------------
2019-07-03 12:13:18 GS-1 -----------------------------------------------------
---[Monster]: Max RunDelay: 407; Max RunCount 3152
---[Human]: Max RunDelay: 31; [Socket]: Max RunDelay: 15
---[App]: Min PerSecRun: 54; Max RunDelay 0
-----------------------------------------------------
2019-07-03 12:18:11 GS-1 07-03 12:18:11 User = 0 / 0
2019-07-03 12:18:19 GS-1 -----------------------------------------------------
---[Monster]: Max RunDelay: 406; Max RunCount 3152
---[Human]: Max RunDelay: 31; [Socket]: Max RunDelay: 15
---[App]: Min PerSecRun: 63; Max RunDelay 0
-----------------------------------------------------
2019-07-03 12:23:20 GS-1 -----------------------------------------------------
---[Monster]: Max RunDelay: 266; Max RunCount 3152
---[Human]: Max RunDelay: 31; [Socket]: Max RunDelay: 15
---[App]: Min PerSecRun: 68; Max RunDelay 0
-----------------------------------------------------
2019-07-03 12:28:11 GS-1 07-03 12:28:11 User = 0 / 0
2019-07-03 12:28:21 GS-1 -----------------------------------------------------
---[Monster]: Max RunDelay: 266; Max RunCount 3152
---[Human]: Max RunDelay: 16; [Socket]: Max RunDelay: 15
---[App]: Min PerSecRun: 74; Max RunDelay 0
-----------------------------------------------------
2019-07-03 12:33:22 GS-1 -----------------------------------------------------
---[Monster]: Max RunDelay: 266; Max RunCount 3141
---[Human]: Max RunDelay: 31; [Socket]: Max RunDelay: 0
---[App]: Min PerSecRun: 78; Max RunDelay 0
-----------------------------------------------------
2019-07-03 12:38:11 GS-1 07-03 12:38:11 User = 0 / 0
2019-07-03 12:38:12 GS-1 载入商城热销商品列表，共6个。
2019-07-03 12:38:12 GS-1 ==> 加载商城热销榜:5
2019-07-03 12:38:23 GS-1 -----------------------------------------------------
---[Monster]: Max RunDelay: 375; Max RunCount 3152
---[Human]: Max RunDelay: 31; [Socket]: Max RunDelay: 16
---[App]: Min PerSecRun: 58; Max RunDelay 0
-----------------------------------------------------
2019-07-03 12:43:24 GS-1 -----------------------------------------------------
---[Monster]: Max RunDelay: 234; Max RunCount 3152
---[Human]: Max RunDelay: 16; [Socket]: Max RunDelay: 16
---[App]: Min PerSecRun: 79; Max RunDelay 0
-----------------------------------------------------
2019-07-03 12:48:11 GS-1 07-03 12:48:11 User = 0 / 0
2019-07-03 12:48:25 GS-1 -----------------------------------------------------
---[Monster]: Max RunDelay: 235; Max RunCount 3152
---[Human]: Max RunDelay: 31; [Socket]: Max RunDelay: 0
---[App]: Min PerSecRun: 78; Max RunDelay 0
-----------------------------------------------------
2019-07-03 12:53:26 GS-1 -----------------------------------------------------
---[Monster]: Max RunDelay: 343; Max RunCount 3141
---[Human]: Max RunDelay: 31; [Socket]: Max RunDelay: 16
---[App]: Min PerSecRun: 70; Max RunDelay 0
-----------------------------------------------------
2019-07-03 12:58:11 GS-1 07-03 12:58:11 User = 0 / 0
2019-07-03 12:58:27 GS-1 -----------------------------------------------------
---[Monster]: Max RunDelay: 266; Max RunCount 3152
---[Human]: Max RunDelay: 16; [Socket]: Max RunDelay: 16
---[App]: Min PerSecRun: 79; Max RunDelay 0
-----------------------------------------------------
2019-07-03 13:03:28 GS-1 -----------------------------------------------------
---[Monster]: Max RunDelay: 250; Max RunCount 3152
---[Human]: Max RunDelay: 31; [Socket]: Max RunDelay: 16
---[App]: Min PerSecRun: 78; Max RunDelay 0
-----------------------------------------------------
2019-07-03 13:08:11 GS-1 07-03 13:08:11 User = 0 / 0
2019-07-03 13:08:29 GS-1 -----------------------------------------------------
---[Monster]: Max RunDelay: 250; Max RunCount 3152
---[Human]: Max RunDelay: 16; [Socket]: Max RunDelay: 16
---[App]: Min PerSecRun: 78; Max RunDelay 0
-----------------------------------------------------
2019-07-03 13:13:30 GS-1 -----------------------------------------------------
---[Monster]: Max RunDelay: 250; Max RunCount 3152
---[Human]: Max RunDelay: 16; [Socket]: Max RunDelay: 16
---[App]: Min PerSecRun: 78; Max RunDelay 0
-----------------------------------------------------
2019-07-03 13:18:11 GS-1 07-03 13:18:11 User = 0 / 0
2019-07-03 13:18:31 GS-1 -----------------------------------------------------
---[Monster]: Max RunDelay: 219; Max RunCount 3152
---[Human]: Max RunDelay: 16; [Socket]: Max RunDelay: 16
---[App]: Min PerSecRun: 79; Max RunDelay 0
-----------------------------------------------------
2019-07-03 13:23:32 GS-1 -----------------------------------------------------
---[Monster]: Max RunDelay: 265; Max RunCount 3152
---[Human]: Max RunDelay: 16; [Socket]: Max RunDelay: 0
---[App]: Min PerSecRun: 71; Max RunDelay 0
-----------------------------------------------------
2019-07-03 13:28:11 GS-1 07-03 13:28:11 User = 1 / 1
2019-07-03 13:28:33 GS-1 -----------------------------------------------------
---[Monster]: Max RunDelay: 282; Max RunCount 3152
---[Human]: Max RunDelay: 47; [Socket]: Max RunDelay: 16
---[App]: Min PerSecRun: 77; Max RunDelay 0
-----------------------------------------------------
2019-07-03 13:33:34 GS-1 -----------------------------------------------------
---[Monster]: Max RunDelay: 235; Max RunCount 3152
---[Human]: Max RunDelay: 15; [Socket]: Max RunDelay: 16
---[App]: Min PerSecRun: 79; Max RunDelay 0
-----------------------------------------------------
2019-07-03 13:38:11 GS-1 07-03 13:38:11 User = 0 / 0
2019-07-03 13:38:12 GS-1 载入商城热销商品列表，共6个。
2019-07-03 13:38:12 GS-1 ==> 加载商城热销榜:5
2019-07-03 13:38:35 GS-1 -----------------------------------------------------
---[Monster]: Max RunDelay: 219; Max RunCount 3152
---[Human]: Max RunDelay: 15; [Socket]: Max RunDelay: 0
---[App]: Min PerSecRun: 78; Max RunDelay 0
-----------------------------------------------------
2019-07-03 13:43:36 GS-1 -----------------------------------------------------
---[Monster]: Max RunDelay: 235; Max RunCount 3121
---[Human]: Max RunDelay: 15; [Socket]: Max RunDelay: 16
---[App]: Min PerSecRun: 78; Max RunDelay 0
-----------------------------------------------------
2019-07-03 13:48:11 GS-1 07-03 13:48:11 User = 0 / 0
2019-07-03 13:48:37 GS-1 -----------------------------------------------------
---[Monster]: Max RunDelay: 406; Max RunCount 3132
---[Human]: Max RunDelay: 62; [Socket]: Max RunDelay: 0
---[App]: Min PerSecRun: 59; Max RunDelay 0
-----------------------------------------------------
2019-07-03 13:53:38 GS-1 -----------------------------------------------------
---[Monster]: Max RunDelay: 390; Max RunCount 3132
---[Human]: Max RunDelay: 15; [Socket]: Max RunDelay: 15
---[App]: Min PerSecRun: 69; Max RunDelay 0
-----------------------------------------------------
2019-07-03 13:58:11 GS-1 07-03 13:58:11 User = 0 / 0
2019-07-03 13:58:39 GS-1 -----------------------------------------------------
---[Monster]: Max RunDelay: 219; Max RunCount 3121
---[Human]: Max RunDelay: 15; [Socket]: Max RunDelay: 15
---[App]: Min PerSecRun: 79; Max RunDelay 0
-----------------------------------------------------
2019-07-03 14:03:40 GS-1 -----------------------------------------------------
---[Monster]: Max RunDelay: 437; Max RunCount 3132
---[Human]: Max RunDelay: 62; [Socket]: Max RunDelay: 15
---[App]: Min PerSecRun: 52; Max RunDelay 0
-----------------------------------------------------
2019-07-03 14:08:11 GS-1 07-03 14:08:11 User = 0 / 0
2019-07-03 14:08:41 GS-1 -----------------------------------------------------
---[Monster]: Max RunDelay: 250; Max RunCount 3132
---[Human]: Max RunDelay: 16; [Socket]: Max RunDelay: 0
---[App]: Min PerSecRun: 77; Max RunDelay 0
-----------------------------------------------------
2019-07-03 14:13:42 GS-1 -----------------------------------------------------
---[Monster]: Max RunDelay: 266; Max RunCount 3105
---[Human]: Max RunDelay: 31; [Socket]: Max RunDelay: 0
---[App]: Min PerSecRun: 74; Max RunDelay 0
-----------------------------------------------------
2019-07-03 14:18:11 GS-1 07-03 14:18:11 User = 0 / 0
2019-07-03 14:18:43 GS-1 -----------------------------------------------------
---[Monster]: Max RunDelay: 250; Max RunCount 3114
---[Human]: Max RunDelay: 31; [Socket]: Max RunDelay: 15
---[App]: Min PerSecRun: 78; Max RunDelay 0
-----------------------------------------------------
2019-07-03 14:23:44 GS-1 -----------------------------------------------------
---[Monster]: Max RunDelay: 250; Max RunCount 3152
---[Human]: Max RunDelay: 32; [Socket]: Max RunDelay: 0
---[App]: Min PerSecRun: 78; Max RunDelay 0
-----------------------------------------------------
2019-07-03 14:28:11 GS-1 07-03 14:28:11 User = 0 / 0
2019-07-03 14:28:45 GS-1 -----------------------------------------------------
---[Monster]: Max RunDelay: 391; Max RunCount 3114
---[Human]: Max RunDelay: 47; [Socket]: Max RunDelay: 15
---[App]: Min PerSecRun: 59; Max RunDelay 0
-----------------------------------------------------
2019-07-03 14:33:46 GS-1 -----------------------------------------------------
---[Monster]: Max RunDelay: 265; Max RunCount 3141
---[Human]: Max RunDelay: 16; [Socket]: Max RunDelay: 15
---[App]: Min PerSecRun: 78; Max RunDelay 0
-----------------------------------------------------
2019-07-03 14:38:11 GS-1 07-03 14:38:11 User = 0 / 0
2019-07-03 14:38:12 GS-1 载入商城热销商品列表，共6个。
2019-07-03 14:38:12 GS-1 ==> 加载商城热销榜:5
2019-07-03 14:38:47 GS-1 -----------------------------------------------------
---[Monster]: Max RunDelay: 219; Max RunCount 3152
---[Human]: Max RunDelay: 31; [Socket]: Max RunDelay: 15
---[App]: Min PerSecRun: 79; Max RunDelay 0
-----------------------------------------------------
2019-07-03 14:43:48 GS-1 -----------------------------------------------------
---[Monster]: Max RunDelay: 250; Max RunCount 3152
---[Human]: Max RunDelay: 15; [Socket]: Max RunDelay: 0
---[App]: Min PerSecRun: 78; Max RunDelay 0
-----------------------------------------------------
2019-07-03 14:48:11 GS-1 07-03 14:48:11 User = 0 / 0
2019-07-03 14:48:49 GS-1 -----------------------------------------------------
---[Monster]: Max RunDelay: 219; Max RunCount 3141
---[Human]: Max RunDelay: 15; [Socket]: Max RunDelay: 0
---[App]: Min PerSecRun: 78; Max RunDelay 0
-----------------------------------------------------
2019-07-03 14:53:50 GS-1 -----------------------------------------------------
---[Monster]: Max RunDelay: 250; Max RunCount 3145
---[Human]: Max RunDelay: 31; [Socket]: Max RunDelay: 0
---[App]: Min PerSecRun: 77; Max RunDelay 0
-----------------------------------------------------
2019-07-03 14:58:11 GS-1 07-03 14:58:11 User = 0 / 0
2019-07-03 14:58:51 GS-1 -----------------------------------------------------
---[Monster]: Max RunDelay: 234; Max RunCount 3145
---[Human]: Max RunDelay: 47; [Socket]: Max RunDelay: 15
---[App]: Min PerSecRun: 78; Max RunDelay 0
-----------------------------------------------------
2019-07-03 15:03:52 GS-1 -----------------------------------------------------
---[Monster]: Max RunDelay: 219; Max RunCount 3134
---[Human]: Max RunDelay: 31; [Socket]: Max RunDelay: 0
---[App]: Min PerSecRun: 78; Max RunDelay 0
-----------------------------------------------------
2019-07-03 15:08:11 GS-1 07-03 15:08:11 User = 0 / 0
2019-07-03 15:08:53 GS-1 -----------------------------------------------------
---[Monster]: Max RunDelay: 313; Max RunCount 3145
---[Human]: Max RunDelay: 15; [Socket]: Max RunDelay: 15
---[App]: Min PerSecRun: 61; Max RunDelay 0
-----------------------------------------------------
2019-07-03 15:13:54 GS-1 -----------------------------------------------------
---[Monster]: Max RunDelay: 422; Max RunCount 3152
---[Human]: Max RunDelay: 47; [Socket]: Max RunDelay: 0
---[App]: Min PerSecRun: 63; Max RunDelay 0
-----------------------------------------------------
2019-07-03 15:17:23 GS-1 [Error]: GameGate ServerSocketError, ErrorCode=10061
2019-07-03 15:18:11 GS-1 07-03 15:18:11 User = 0 / 0
2019-07-03 15:18:55 GS-1 -----------------------------------------------------
---[Monster]: Max RunDelay: 235; Max RunCount 3152
---[Human]: Max RunDelay: 16; [Socket]: Max RunDelay: 16
---[App]: Min PerSecRun: 78; Max RunDelay 0
-----------------------------------------------------
2019-07-03 15:23:56 GS-1 -----------------------------------------------------
---[Monster]: Max RunDelay: 218; Max RunCount 3152
---[Human]: Max RunDelay: 16; [Socket]: Max RunDelay: 16
---[App]: Min PerSecRun: 78; Max RunDelay 0
-----------------------------------------------------
2019-07-03 15:28:11 GS-1 07-03 15:28:11 User = 0 / 0
2019-07-03 15:28:57 GS-1 -----------------------------------------------------
---[Monster]: Max RunDelay: 343; Max RunCount 3152
---[Human]: Max RunDelay: 47; [Socket]: Max RunDelay: 16
---[App]: Min PerSecRun: 60; Max RunDelay 0
-----------------------------------------------------
2019-07-03 15:33:58 GS-1 -----------------------------------------------------
---[Monster]: Max RunDelay: 234; Max RunCount 3141
---[Human]: Max RunDelay: 31; [Socket]: Max RunDelay: 16
---[App]: Min PerSecRun: 76; Max RunDelay 0
-----------------------------------------------------
2019-07-03 15:38:11 GS-1 07-03 15:38:11 User = 0 / 0
2019-07-03 15:38:12 GS-1 载入商城热销商品列表，共6个。
2019-07-03 15:38:12 GS-1 ==> 加载商城热销榜:5
2019-07-03 15:38:59 GS-1 -----------------------------------------------------
---[Monster]: Max RunDelay: 234; Max RunCount 3152
---[Human]: Max RunDelay: 15; [Socket]: Max RunDelay: 16
---[App]: Min PerSecRun: 78; Max RunDelay 0
-----------------------------------------------------
2019-07-03 15:44:00 GS-1 -----------------------------------------------------
---[Monster]: Max RunDelay: 453; Max RunCount 3152
---[Human]: Max RunDelay: 32; [Socket]: Max RunDelay: 0
---[App]: Min PerSecRun: 61; Max RunDelay 0
-----------------------------------------------------
2019-07-03 15:48:11 GS-1 07-03 15:48:11 User = 0 / 0
2019-07-03 15:49:01 GS-1 -----------------------------------------------------
---[Monster]: Max RunDelay: 312; Max RunCount 3152
---[Human]: Max RunDelay: 32; [Socket]: Max RunDelay: 16
---[App]: Min PerSecRun: 70; Max RunDelay 0
-----------------------------------------------------
2019-07-03 15:54:02 GS-1 -----------------------------------------------------
---[Monster]: Max RunDelay: 265; Max RunCount 3152
---[Human]: Max RunDelay: 32; [Socket]: Max RunDelay: 16
---[App]: Min PerSecRun: 78; Max RunDelay 0
-----------------------------------------------------
2019-07-03 15:58:11 GS-1 07-03 15:58:11 User = 0 / 0
2019-07-03 15:59:03 GS-1 -----------------------------------------------------
---[Monster]: Max RunDelay: 250; Max RunCount 3152
---[Human]: Max RunDelay: 31; [Socket]: Max RunDelay: 16
---[App]: Min PerSecRun: 79; Max RunDelay 0
-----------------------------------------------------
2019-07-03 16:04:04 GS-1 -----------------------------------------------------
---[Monster]: Max RunDelay: 204; Max RunCount 3152
---[Human]: Max RunDelay: 31; [Socket]: Max RunDelay: 16
---[App]: Min PerSecRun: 78; Max RunDelay 0
-----------------------------------------------------
2019-07-03 16:08:11 GS-1 07-03 16:08:11 User = 0 / 0
2019-07-03 16:09:05 GS-1 -----------------------------------------------------
---[Monster]: Max RunDelay: 407; Max RunCount 3152
---[Human]: Max RunDelay: 32; [Socket]: Max RunDelay: 16
---[App]: Min PerSecRun: 59; Max RunDelay 0
-----------------------------------------------------
2019-07-03 16:14:06 GS-1 -----------------------------------------------------
---[Monster]: Max RunDelay: 328; Max RunCount 3152
---[Human]: Max RunDelay: 32; [Socket]: Max RunDelay: 16
---[App]: Min PerSecRun: 70; Max RunDelay 0
-----------------------------------------------------
2019-07-03 16:18:11 GS-1 07-03 16:18:11 User = 0 / 0
2019-07-03 16:19:07 GS-1 -----------------------------------------------------
---[Monster]: Max RunDelay: 313; Max RunCount 3152
---[Human]: Max RunDelay: 31; [Socket]: Max RunDelay: 16
---[App]: Min PerSecRun: 61; Max RunDelay 0
-----------------------------------------------------
2019-07-03 16:24:08 GS-1 -----------------------------------------------------
---[Monster]: Max RunDelay: 406; Max RunCount 3152
---[Human]: Max RunDelay: 31; [Socket]: Max RunDelay: 16
---[App]: Min PerSecRun: 61; Max RunDelay 0
-----------------------------------------------------
2019-07-03 16:28:11 GS-1 07-03 16:28:11 User = 0 / 0
2019-07-03 16:29:09 GS-1 -----------------------------------------------------
---[Monster]: Max RunDelay: 375; Max RunCount 3152
---[Human]: Max RunDelay: 31; [Socket]: Max RunDelay: 15
---[App]: Min PerSecRun: 59; Max RunDelay 0
-----------------------------------------------------
2019-07-03 16:34:10 GS-1 -----------------------------------------------------
---[Monster]: Max RunDelay: 375; Max RunCount 3152
---[Human]: Max RunDelay: 16; [Socket]: Max RunDelay: 0
---[App]: Min PerSecRun: 69; Max RunDelay 0
-----------------------------------------------------
2019-07-03 16:38:11 GS-1 07-03 16:38:11 User = 0 / 0
2019-07-03 16:38:12 GS-1 载入商城热销商品列表，共6个。
2019-07-03 16:38:12 GS-1 ==> 加载商城热销榜:5
2019-07-03 16:39:11 GS-1 -----------------------------------------------------
---[Monster]: Max RunDelay: 250; Max RunCount 3152
---[Human]: Max RunDelay: 32; [Socket]: Max RunDelay: 15
---[App]: Min PerSecRun: 77; Max RunDelay 0
-----------------------------------------------------
2019-07-03 16:44:12 GS-1 -----------------------------------------------------
---[Monster]: Max RunDelay: 375; Max RunCount 3152
---[Human]: Max RunDelay: 62; [Socket]: Max RunDelay: 15
---[App]: Min PerSecRun: 59; Max RunDelay 0
-----------------------------------------------------
2019-07-03 16:48:11 GS-1 07-03 16:48:11 User = 0 / 0
2019-07-03 16:49:13 GS-1 -----------------------------------------------------
---[Monster]: Max RunDelay: 266; Max RunCount 3132
---[Human]: Max RunDelay: 15; [Socket]: Max RunDelay: 15
---[App]: Min PerSecRun: 73; Max RunDelay 0
-----------------------------------------------------
2019-07-03 16:54:14 GS-1 -----------------------------------------------------
---[Monster]: Max RunDelay: 265; Max RunCount 3121
---[Human]: Max RunDelay: 47; [Socket]: Max RunDelay: 15
---[App]: Min PerSecRun: 75; Max RunDelay 0
-----------------------------------------------------
2019-07-03 16:58:11 GS-1 07-03 16:58:11 User = 0 / 0
2019-07-03 16:59:15 GS-1 -----------------------------------------------------
---[Monster]: Max RunDelay: 282; Max RunCount 3132
---[Human]: Max RunDelay: 32; [Socket]: Max RunDelay: 15
---[App]: Min PerSecRun: 71; Max RunDelay 0
-----------------------------------------------------
2019-07-03 17:04:16 GS-1 -----------------------------------------------------
---[Monster]: Max RunDelay: 437; Max RunCount 3121
---[Human]: Max RunDelay: 32; [Socket]: Max RunDelay: 15
---[App]: Min PerSecRun: 61; Max RunDelay 0
-----------------------------------------------------
2019-07-03 17:08:11 GS-1 07-03 17:08:11 User = 0 / 0
2019-07-03 17:09:17 GS-1 -----------------------------------------------------
---[Monster]: Max RunDelay: 266; Max RunCount 3132
---[Human]: Max RunDelay: 16; [Socket]: Max RunDelay: 15
---[App]: Min PerSecRun: 76; Max RunDelay 0
-----------------------------------------------------
2019-07-03 17:11:55 GS-1 17:11:55 Gate 1 (106.52.201.110) 关闭
2019-07-03 17:11:55 GS-1 [Warning]: 与DB 服务器断开连接....
2019-07-03 17:12:00 GS-1 释放--魔龙冰晶升级对象--结束
2019-07-03 17:12:00 GS-1 释放--天赐宝箱1--结束
2019-07-03 17:12:00 GS-1 释放--天赐宝箱2--结束
2019-07-03 17:12:00 GS-1 释放--一点充--结束
2019-07-03 17:12:00 GS-1 释放--事件管理对象--结束
2019-07-03 17:12:00 GS-1 释放--任务管理对象--结束
2019-07-03 17:12:00 GS-1 释放--升级提醒管理对象--结束
2019-07-03 17:12:00 GS-1 释放--GDMsg管理对象--结束
2019-07-03 17:12:00 GS-1 释放--跨地图寻路管理对象--结束
2019-07-03 17:12:00 GS-1 释放--沙巴克管理对象--结束
2019-07-03 17:12:00 GS-1 释放--中央活动服务器客户端--结束
2019-07-03 17:12:00 GS-1 释放--乾坤包--结束
2019-07-03 17:12:00 GS-1 正在清除模块-卧龙英雄管理-的配置表d:\Mud2.0\Mir200\Share\EngineConfig\卧龙英雄管理\Fortress-HERO1.txt
2019-07-03 17:12:00 GS-1 正在清除模块-卧龙英雄管理-的配置表d:\Mud2.0\Mir200\Share\EngineConfig\卧龙英雄管理\Fortress.txt
2019-07-03 17:12:00 GS-1 正在清除模块-游戏元素点阵管理-的配置表d:\Mud2.0\Mir200\Share\EngineConfig\游戏元素点阵管理\GMActEvent.txt
2019-07-03 17:12:00 GS-1 正在清除模块-信用分管理-的配置表d:\Mud2.0\Mir200\Share\EngineConfig\信用分管理\PlayerActivePoint.xml
2019-07-03 17:12:00 GS-1 正在清除模块-信用分管理-的配置表d:\Mud2.0\Mir200\Share\EngineConfig\信用分管理\MapActivePoint.xml
2019-07-03 17:12:00 GS-1 正在清除模块-摆摊交易-的配置表d:\Mud2.0\Mir200\Share\EngineConfig\摆摊交易\摊位基础设置.ini
2019-07-03 17:12:00 GS-1 正在清除模块-元宝商城管理-的配置表d:\Mud2.0\Mir200\Share\EngineConfig\元宝商城管理\YBGoods.sql
2019-07-03 17:12:00 GS-1 正在清除模块-小助手管理-的配置表d:\Mud2.0\Mir200\Share\EngineConfig\小助手管理\小助手.txt
2019-07-03 17:12:00 GS-1 正在清除模块-静态地图管理-的配置表d:\Mud2.0\Mir200\Share\EngineConfig\静态地图管理\MapDropLimitBagItems.xml
2019-07-03 17:12:00 GS-1 正在清除模块-装备合成管理-的配置表d:\Mud2.0\Mir200\Share\EngineConfig\装备合成管理\StrengthenEquip.xml
2019-07-03 17:12:01 GS-1 正在清除模块-藏宝图管理-的配置表d:\Mud2.0\Mir200\Share\EngineConfig\藏宝图管理\修复藏宝图.txt
2019-07-03 17:12:01 GS-1 正在清除模块-藏宝图管理-的配置表d:\Mud2.0\Mir200\Share\EngineConfig\藏宝图管理\魔龙藏宝图合成装备.txt
2019-07-03 17:12:01 GS-1 正在清除模块-衣服升级管理-的配置表d:\Mud2.0\Mir200\Share\EngineConfig\衣服升级管理\UpdateClothes.xml
2019-07-03 17:12:01 GS-1 正在清除模块-道具管理-的配置表d:\Mud2.0\Mir200\Share\EngineConfig\道具管理\宝石配置.txt
2019-07-03 17:12:01 GS-1 正在清除模块-世界暴率管理-的配置表d:\Mud2.0\Mir200\Share\EngineConfig\世界暴率管理\世界爆率文件1.txt
2019-07-03 17:12:01 GS-1 释放--跨GS消息管理对象--结束
2019-07-03 17:12:01 GS-1 释放--gate管理对象--结束
2019-07-03 17:12:01 GS-1 释放--魔法管理对象--结束
2019-07-03 17:12:01 GS-1 释放--套装管理对象--结束
2019-07-03 17:12:01 GS-1 释放--新暴率管理对象--结束
2019-07-03 17:12:01 GS-1 释放--角色信息初始化管理对象--结束
2019-07-03 17:12:01 GS-1 释放--GS本地日志--结束
2019-07-03 17:12:01 GS-1 释放--DBEngn对象--结束
2019-07-03 17:12:01 GS-1 释放--任务列表--结束
2019-07-03 17:12:01 GS-1 释放--buffer管理类--结束
2019-07-03 17:12:01 GS-1 释放--排行榜--结束
2019-07-03 17:12:01 GS-1 释放--免费回收--结束
2019-07-03 17:12:01 GS-1 释放--mysql对象--结束
2019-07-03 17:12:01 GS-1 ================ 服务停止 ==============
